ARM GAS  C:\Users\n-is\AppData\Local\Temp\ccOiOjd1.s 			page 1


   1              		.cpu cortex-m4
   2              		.eabi_attribute 27, 1
   3              		.eabi_attribute 28, 1
   4              		.eabi_attribute 20, 1
   5              		.eabi_attribute 21, 1
   6              		.eabi_attribute 23, 3
   7              		.eabi_attribute 24, 1
   8              		.eabi_attribute 25, 1
   9              		.eabi_attribute 26, 1
  10              		.eabi_attribute 30, 1
  11              		.eabi_attribute 34, 1
  12              		.eabi_attribute 18, 4
  13              		.file	"gpio.c"
  14              		.text
  15              	.Ltext0:
  16              		.cfi_sections	.debug_frame
  17              		.section	.text.MX_GPIO_Init,"ax",%progbits
  18              		.align	1
  19              		.global	MX_GPIO_Init
  20              		.syntax unified
  21              		.thumb
  22              		.thumb_func
  23              		.fpu fpv4-sp-d16
  25              	MX_GPIO_Init:
  26              	.LFB126:
  27              		.file 1 "Core/Src/gpio.c"
   1:Core/Src/gpio.c **** /**
   2:Core/Src/gpio.c ****   ******************************************************************************
   3:Core/Src/gpio.c ****   * File Name          : gpio.c
   4:Core/Src/gpio.c ****   * Description        : This file provides code for the configuration
   5:Core/Src/gpio.c ****   *                      of all used GPIO pins.
   6:Core/Src/gpio.c ****   ******************************************************************************
   7:Core/Src/gpio.c ****   ** This notice applies to any and all portions of this file
   8:Core/Src/gpio.c ****   * that are not between comment pairs USER CODE BEGIN and
   9:Core/Src/gpio.c ****   * USER CODE END. Other portions of this file, whether 
  10:Core/Src/gpio.c ****   * inserted by the user or by software development tools
  11:Core/Src/gpio.c ****   * are owned by their respective copyright owners.
  12:Core/Src/gpio.c ****   *
  13:Core/Src/gpio.c ****   * COPYRIGHT(c) 2018 STMicroelectronics
  14:Core/Src/gpio.c ****   *
  15:Core/Src/gpio.c ****   * Redistribution and use in source and binary forms, with or without modification,
  16:Core/Src/gpio.c ****   * are permitted provided that the following conditions are met:
  17:Core/Src/gpio.c ****   *   1. Redistributions of source code must retain the above copyright notice,
  18:Core/Src/gpio.c ****   *      this list of conditions and the following disclaimer.
  19:Core/Src/gpio.c ****   *   2. Redistributions in binary form must reproduce the above copyright notice,
  20:Core/Src/gpio.c ****   *      this list of conditions and the following disclaimer in the documentation
  21:Core/Src/gpio.c ****   *      and/or other materials provided with the distribution.
  22:Core/Src/gpio.c ****   *   3. Neither the name of STMicroelectronics nor the names of its contributors
  23:Core/Src/gpio.c ****   *      may be used to endorse or promote products derived from this software
  24:Core/Src/gpio.c ****   *      without specific prior written permission.
  25:Core/Src/gpio.c ****   *
  26:Core/Src/gpio.c ****   * THIS SOFTWARE IS PROVIDED BY THE COPYRIGHT HOLDERS AND CONTRIBUTORS "AS IS"
  27:Core/Src/gpio.c ****   * AND ANY EXPRESS OR IMPLIED WARRANTIES, INCLUDING, BUT NOT LIMITED TO, THE
  28:Core/Src/gpio.c ****   * IMPLIED WARRANTIES OF MERCHANTABILITY AND FITNESS FOR A PARTICULAR PURPOSE ARE
  29:Core/Src/gpio.c ****   * DISCLAIMED. IN NO EVENT SHALL THE COPYRIGHT HOLDER OR CONTRIBUTORS BE LIABLE
  30:Core/Src/gpio.c ****   * FOR ANY DIRECT, INDIRECT, INCIDENTAL, SPECIAL, EXEMPLARY, OR CONSEQUENTIAL
  31:Core/Src/gpio.c ****   * DAMAGES (INCLUDING, BUT NOT LIMITED TO, PROCUREMENT OF SUBSTITUTE GOODS OR
ARM GAS  C:\Users\n-is\AppData\Local\Temp\ccOiOjd1.s 			page 2


  32:Core/Src/gpio.c ****   * SERVICES; LOSS OF USE, DATA, OR PROFITS; OR BUSINESS INTERRUPTION) HOWEVER
  33:Core/Src/gpio.c ****   * CAUSED AND ON ANY THEORY OF LIABILITY, WHETHER IN CONTRACT, STRICT LIABILITY,
  34:Core/Src/gpio.c ****   * OR TORT (INCLUDING NEGLIGENCE OR OTHERWISE) ARISING IN ANY WAY OUT OF THE USE
  35:Core/Src/gpio.c ****   * OF THIS SOFTWARE, EVEN IF ADVISED OF THE POSSIBILITY OF SUCH DAMAGE.
  36:Core/Src/gpio.c ****   *
  37:Core/Src/gpio.c ****   ******************************************************************************
  38:Core/Src/gpio.c ****   */
  39:Core/Src/gpio.c **** 
  40:Core/Src/gpio.c **** /* Includes ------------------------------------------------------------------*/
  41:Core/Src/gpio.c **** #include "gpio.h"
  42:Core/Src/gpio.c **** /* USER CODE BEGIN 0 */
  43:Core/Src/gpio.c **** 
  44:Core/Src/gpio.c **** /* USER CODE END 0 */
  45:Core/Src/gpio.c **** 
  46:Core/Src/gpio.c **** /*----------------------------------------------------------------------------*/
  47:Core/Src/gpio.c **** /* Configure GPIO                                                             */
  48:Core/Src/gpio.c **** /*----------------------------------------------------------------------------*/
  49:Core/Src/gpio.c **** /* USER CODE BEGIN 1 */
  50:Core/Src/gpio.c **** 
  51:Core/Src/gpio.c **** /* USER CODE END 1 */
  52:Core/Src/gpio.c **** 
  53:Core/Src/gpio.c **** /** Configure pins as 
  54:Core/Src/gpio.c ****         * Analog 
  55:Core/Src/gpio.c ****         * Input 
  56:Core/Src/gpio.c ****         * Output
  57:Core/Src/gpio.c ****         * EVENT_OUT
  58:Core/Src/gpio.c ****         * EXTI
  59:Core/Src/gpio.c ****         * Free pins are configured automatically as Analog (this feature is enabled through 
  60:Core/Src/gpio.c ****         * the Code Generation settings)
  61:Core/Src/gpio.c **** */
  62:Core/Src/gpio.c **** void MX_GPIO_Init(void)
  63:Core/Src/gpio.c **** {
  28              		.loc 1 63 0
  29              		.cfi_startproc
  30              		@ args = 0, pretend = 0, frame = 48
  31              		@ frame_needed = 0, uses_anonymous_args = 0
  32 0000 2DE9F041 		push	{r4, r5, r6, r7, r8, lr}
  33              	.LCFI0:
  34              		.cfi_def_cfa_offset 24
  35              		.cfi_offset 4, -24
  36              		.cfi_offset 5, -20
  37              		.cfi_offset 6, -16
  38              		.cfi_offset 7, -12
  39              		.cfi_offset 8, -8
  40              		.cfi_offset 14, -4
  41 0004 8CB0     		sub	sp, sp, #48
  42              	.LCFI1:
  43              		.cfi_def_cfa_offset 72
  44              	.LBB2:
  64:Core/Src/gpio.c **** 
  65:Core/Src/gpio.c ****   GPIO_InitTypeDef GPIO_InitStruct;
  66:Core/Src/gpio.c **** 
  67:Core/Src/gpio.c ****   /* GPIO Ports Clock Enable */
  68:Core/Src/gpio.c ****   __HAL_RCC_GPIOE_CLK_ENABLE();
  45              		.loc 1 68 0
  46 0006 0024     		movs	r4, #0
  47 0008 0194     		str	r4, [sp, #4]
ARM GAS  C:\Users\n-is\AppData\Local\Temp\ccOiOjd1.s 			page 3


  48 000a 5D4B     		ldr	r3, .L3
  49 000c 1A6B     		ldr	r2, [r3, #48]
  50 000e 42F01002 		orr	r2, r2, #16
  51 0012 1A63     		str	r2, [r3, #48]
  52 0014 1A6B     		ldr	r2, [r3, #48]
  53 0016 02F01002 		and	r2, r2, #16
  54 001a 0192     		str	r2, [sp, #4]
  55 001c 019A     		ldr	r2, [sp, #4]
  56              	.LBE2:
  57              	.LBB3:
  69:Core/Src/gpio.c ****   __HAL_RCC_GPIOC_CLK_ENABLE();
  58              		.loc 1 69 0
  59 001e 0294     		str	r4, [sp, #8]
  60 0020 1A6B     		ldr	r2, [r3, #48]
  61 0022 42F00402 		orr	r2, r2, #4
  62 0026 1A63     		str	r2, [r3, #48]
  63 0028 1A6B     		ldr	r2, [r3, #48]
  64 002a 02F00402 		and	r2, r2, #4
  65 002e 0292     		str	r2, [sp, #8]
  66 0030 029A     		ldr	r2, [sp, #8]
  67              	.LBE3:
  68              	.LBB4:
  70:Core/Src/gpio.c ****   __HAL_RCC_GPIOH_CLK_ENABLE();
  69              		.loc 1 70 0
  70 0032 0394     		str	r4, [sp, #12]
  71 0034 1A6B     		ldr	r2, [r3, #48]
  72 0036 42F08002 		orr	r2, r2, #128
  73 003a 1A63     		str	r2, [r3, #48]
  74 003c 1A6B     		ldr	r2, [r3, #48]
  75 003e 02F08002 		and	r2, r2, #128
  76 0042 0392     		str	r2, [sp, #12]
  77 0044 039A     		ldr	r2, [sp, #12]
  78              	.LBE4:
  79              	.LBB5:
  71:Core/Src/gpio.c ****   __HAL_RCC_GPIOA_CLK_ENABLE();
  80              		.loc 1 71 0
  81 0046 0494     		str	r4, [sp, #16]
  82 0048 1A6B     		ldr	r2, [r3, #48]
  83 004a 42F00102 		orr	r2, r2, #1
  84 004e 1A63     		str	r2, [r3, #48]
  85 0050 1A6B     		ldr	r2, [r3, #48]
  86 0052 02F00102 		and	r2, r2, #1
  87 0056 0492     		str	r2, [sp, #16]
  88 0058 049A     		ldr	r2, [sp, #16]
  89              	.LBE5:
  90              	.LBB6:
  72:Core/Src/gpio.c ****   __HAL_RCC_GPIOB_CLK_ENABLE();
  91              		.loc 1 72 0
  92 005a 0594     		str	r4, [sp, #20]
  93 005c 1A6B     		ldr	r2, [r3, #48]
  94 005e 42F00202 		orr	r2, r2, #2
  95 0062 1A63     		str	r2, [r3, #48]
  96 0064 1A6B     		ldr	r2, [r3, #48]
  97 0066 02F00202 		and	r2, r2, #2
  98 006a 0592     		str	r2, [sp, #20]
  99 006c 059A     		ldr	r2, [sp, #20]
 100              	.LBE6:
ARM GAS  C:\Users\n-is\AppData\Local\Temp\ccOiOjd1.s 			page 4


 101              	.LBB7:
  73:Core/Src/gpio.c ****   __HAL_RCC_GPIOD_CLK_ENABLE();
 102              		.loc 1 73 0
 103 006e 0694     		str	r4, [sp, #24]
 104 0070 1A6B     		ldr	r2, [r3, #48]
 105 0072 42F00802 		orr	r2, r2, #8
 106 0076 1A63     		str	r2, [r3, #48]
 107 0078 1B6B     		ldr	r3, [r3, #48]
 108 007a 03F00803 		and	r3, r3, #8
 109 007e 0693     		str	r3, [sp, #24]
 110 0080 069B     		ldr	r3, [sp, #24]
 111              	.LBE7:
  74:Core/Src/gpio.c **** 
  75:Core/Src/gpio.c ****   /*Configure GPIO pin Output Level */
  76:Core/Src/gpio.c ****   HAL_GPIO_WritePin(GPIOD, MOTOR2_IN2_Pin|MOTOR3_IN1_Pin|MOTOR1_IN1_Pin|MOTOR1_IN2_Pin 
 112              		.loc 1 76 0
 113 0082 DFF81481 		ldr	r8, .L3+24
 114 0086 2246     		mov	r2, r4
 115 0088 4CF2AA01 		movw	r1, #49322
 116 008c 4046     		mov	r0, r8
 117 008e FFF7FEFF 		bl	HAL_GPIO_WritePin
 118              	.LVL0:
  77:Core/Src/gpio.c ****                           |MOTOR2_IN1_Pin|MOTOR3_IN2_Pin, GPIO_PIN_RESET);
  78:Core/Src/gpio.c **** 
  79:Core/Src/gpio.c ****   /*Configure GPIO pin Output Level */
  80:Core/Src/gpio.c ****   HAL_GPIO_WritePin(GPIOC, MOTOR4_IN1_Pin|MOTOR4_IN2_Pin, GPIO_PIN_RESET);
 119              		.loc 1 80 0
 120 0092 3C4F     		ldr	r7, .L3+4
 121 0094 2246     		mov	r2, r4
 122 0096 4FF4A051 		mov	r1, #5120
 123 009a 3846     		mov	r0, r7
 124 009c FFF7FEFF 		bl	HAL_GPIO_WritePin
 125              	.LVL1:
  81:Core/Src/gpio.c **** 
  82:Core/Src/gpio.c ****   /*Configure GPIO pin Output Level */
  83:Core/Src/gpio.c ****   HAL_GPIO_WritePin(GPIOE, GPIO_PIN_0, GPIO_PIN_RESET);
 126              		.loc 1 83 0
 127 00a0 394D     		ldr	r5, .L3+8
 128 00a2 2246     		mov	r2, r4
 129 00a4 0121     		movs	r1, #1
 130 00a6 2846     		mov	r0, r5
 131 00a8 FFF7FEFF 		bl	HAL_GPIO_WritePin
 132              	.LVL2:
  84:Core/Src/gpio.c **** 
  85:Core/Src/gpio.c ****   /*Configure GPIO pins : PE2 PE3 PE4 PE5 
  86:Core/Src/gpio.c ****                            PE6 PE7 PE8 PE10 
  87:Core/Src/gpio.c ****                            PE12 PE13 PE14 PE15 
  88:Core/Src/gpio.c ****                            PE1 */
  89:Core/Src/gpio.c ****   GPIO_InitStruct.Pin = GPIO_PIN_2|GPIO_PIN_3|GPIO_PIN_4|GPIO_PIN_5 
 133              		.loc 1 89 0
 134 00ac 4FF2FE53 		movw	r3, #62974
 135 00b0 0793     		str	r3, [sp, #28]
  90:Core/Src/gpio.c ****                           |GPIO_PIN_6|GPIO_PIN_7|GPIO_PIN_8|GPIO_PIN_10 
  91:Core/Src/gpio.c ****                           |GPIO_PIN_12|GPIO_PIN_13|GPIO_PIN_14|GPIO_PIN_15 
  92:Core/Src/gpio.c ****                           |GPIO_PIN_1;
  93:Core/Src/gpio.c ****   GPIO_InitStruct.Mode = GPIO_MODE_ANALOG;
 136              		.loc 1 93 0
ARM GAS  C:\Users\n-is\AppData\Local\Temp\ccOiOjd1.s 			page 5


 137 00b2 0326     		movs	r6, #3
 138 00b4 0896     		str	r6, [sp, #32]
  94:Core/Src/gpio.c ****   GPIO_InitStruct.Pull = GPIO_NOPULL;
 139              		.loc 1 94 0
 140 00b6 0994     		str	r4, [sp, #36]
  95:Core/Src/gpio.c ****   HAL_GPIO_Init(GPIOE, &GPIO_InitStruct);
 141              		.loc 1 95 0
 142 00b8 07A9     		add	r1, sp, #28
 143 00ba 2846     		mov	r0, r5
 144 00bc FFF7FEFF 		bl	HAL_GPIO_Init
 145              	.LVL3:
  96:Core/Src/gpio.c **** 
  97:Core/Src/gpio.c ****   /*Configure GPIO pins : PC13 PC14 PC15 PC0 
  98:Core/Src/gpio.c ****                            PC1 PC2 PC3 PC5 
  99:Core/Src/gpio.c ****                            PC11 */
 100:Core/Src/gpio.c ****   GPIO_InitStruct.Pin = GPIO_PIN_13|GPIO_PIN_14|GPIO_PIN_15|GPIO_PIN_0 
 146              		.loc 1 100 0
 147 00c0 4EF62F03 		movw	r3, #59439
 148 00c4 0793     		str	r3, [sp, #28]
 101:Core/Src/gpio.c ****                           |GPIO_PIN_1|GPIO_PIN_2|GPIO_PIN_3|GPIO_PIN_5 
 102:Core/Src/gpio.c ****                           |GPIO_PIN_11;
 103:Core/Src/gpio.c ****   GPIO_InitStruct.Mode = GPIO_MODE_ANALOG;
 149              		.loc 1 103 0
 150 00c6 0896     		str	r6, [sp, #32]
 104:Core/Src/gpio.c ****   GPIO_InitStruct.Pull = GPIO_NOPULL;
 151              		.loc 1 104 0
 152 00c8 0994     		str	r4, [sp, #36]
 105:Core/Src/gpio.c ****   HAL_GPIO_Init(GPIOC, &GPIO_InitStruct);
 153              		.loc 1 105 0
 154 00ca 07A9     		add	r1, sp, #28
 155 00cc 3846     		mov	r0, r7
 156 00ce FFF7FEFF 		bl	HAL_GPIO_Init
 157              	.LVL4:
 106:Core/Src/gpio.c **** 
 107:Core/Src/gpio.c ****   /*Configure GPIO pins : PA2 PA3 PA4 PA5 
 108:Core/Src/gpio.c ****                            PA8 PA11 PA12 PA15 */
 109:Core/Src/gpio.c ****   GPIO_InitStruct.Pin = GPIO_PIN_2|GPIO_PIN_3|GPIO_PIN_4|GPIO_PIN_5 
 158              		.loc 1 109 0
 159 00d2 49F63C13 		movw	r3, #39228
 160 00d6 0793     		str	r3, [sp, #28]
 110:Core/Src/gpio.c ****                           |GPIO_PIN_8|GPIO_PIN_11|GPIO_PIN_12|GPIO_PIN_15;
 111:Core/Src/gpio.c ****   GPIO_InitStruct.Mode = GPIO_MODE_ANALOG;
 161              		.loc 1 111 0
 162 00d8 0896     		str	r6, [sp, #32]
 112:Core/Src/gpio.c ****   GPIO_InitStruct.Pull = GPIO_NOPULL;
 163              		.loc 1 112 0
 164 00da 0994     		str	r4, [sp, #36]
 113:Core/Src/gpio.c ****   HAL_GPIO_Init(GPIOA, &GPIO_InitStruct);
 165              		.loc 1 113 0
 166 00dc 07A9     		add	r1, sp, #28
 167 00de 2B48     		ldr	r0, .L3+12
 168 00e0 FFF7FEFF 		bl	HAL_GPIO_Init
 169              	.LVL5:
 114:Core/Src/gpio.c **** 
 115:Core/Src/gpio.c ****   /*Configure GPIO pins : PB0 PB1 PB2 PB12 
 116:Core/Src/gpio.c ****                            PB13 PB14 PB15 PB4 
 117:Core/Src/gpio.c ****                            PB5 PB6 PB7 PB8 
ARM GAS  C:\Users\n-is\AppData\Local\Temp\ccOiOjd1.s 			page 6


 118:Core/Src/gpio.c ****                            PB9 */
 119:Core/Src/gpio.c ****   GPIO_InitStruct.Pin = GPIO_PIN_0|GPIO_PIN_1|GPIO_PIN_2|GPIO_PIN_12 
 170              		.loc 1 119 0
 171 00e4 4FF2F733 		movw	r3, #62455
 172 00e8 0793     		str	r3, [sp, #28]
 120:Core/Src/gpio.c ****                           |GPIO_PIN_13|GPIO_PIN_14|GPIO_PIN_15|GPIO_PIN_4 
 121:Core/Src/gpio.c ****                           |GPIO_PIN_5|GPIO_PIN_6|GPIO_PIN_7|GPIO_PIN_8 
 122:Core/Src/gpio.c ****                           |GPIO_PIN_9;
 123:Core/Src/gpio.c ****   GPIO_InitStruct.Mode = GPIO_MODE_ANALOG;
 173              		.loc 1 123 0
 174 00ea 0896     		str	r6, [sp, #32]
 124:Core/Src/gpio.c ****   GPIO_InitStruct.Pull = GPIO_NOPULL;
 175              		.loc 1 124 0
 176 00ec 0994     		str	r4, [sp, #36]
 125:Core/Src/gpio.c ****   HAL_GPIO_Init(GPIOB, &GPIO_InitStruct);
 177              		.loc 1 125 0
 178 00ee 07A9     		add	r1, sp, #28
 179 00f0 2748     		ldr	r0, .L3+16
 180 00f2 FFF7FEFF 		bl	HAL_GPIO_Init
 181              	.LVL6:
 126:Core/Src/gpio.c **** 
 127:Core/Src/gpio.c ****   /*Configure GPIO pin : PE9 */
 128:Core/Src/gpio.c ****   GPIO_InitStruct.Pin = GPIO_PIN_9;
 182              		.loc 1 128 0
 183 00f6 4FF40073 		mov	r3, #512
 184 00fa 0793     		str	r3, [sp, #28]
 129:Core/Src/gpio.c ****   GPIO_InitStruct.Mode = GPIO_MODE_INPUT;
 185              		.loc 1 129 0
 186 00fc 0894     		str	r4, [sp, #32]
 130:Core/Src/gpio.c ****   GPIO_InitStruct.Pull = GPIO_NOPULL;
 187              		.loc 1 130 0
 188 00fe 0994     		str	r4, [sp, #36]
 131:Core/Src/gpio.c ****   HAL_GPIO_Init(GPIOE, &GPIO_InitStruct);
 189              		.loc 1 131 0
 190 0100 07A9     		add	r1, sp, #28
 191 0102 2846     		mov	r0, r5
 192 0104 FFF7FEFF 		bl	HAL_GPIO_Init
 193              	.LVL7:
 132:Core/Src/gpio.c **** 
 133:Core/Src/gpio.c ****   /*Configure GPIO pin : PE11 */
 134:Core/Src/gpio.c ****   GPIO_InitStruct.Pin = GPIO_PIN_11;
 194              		.loc 1 134 0
 195 0108 4FF40063 		mov	r3, #2048
 196 010c 0793     		str	r3, [sp, #28]
 135:Core/Src/gpio.c ****   GPIO_InitStruct.Mode = GPIO_MODE_IT_RISING;
 197              		.loc 1 135 0
 198 010e 214B     		ldr	r3, .L3+20
 199 0110 0893     		str	r3, [sp, #32]
 136:Core/Src/gpio.c ****   GPIO_InitStruct.Pull = GPIO_NOPULL;
 200              		.loc 1 136 0
 201 0112 0994     		str	r4, [sp, #36]
 137:Core/Src/gpio.c ****   HAL_GPIO_Init(GPIOE, &GPIO_InitStruct);
 202              		.loc 1 137 0
 203 0114 07A9     		add	r1, sp, #28
 204 0116 2846     		mov	r0, r5
 205 0118 FFF7FEFF 		bl	HAL_GPIO_Init
 206              	.LVL8:
ARM GAS  C:\Users\n-is\AppData\Local\Temp\ccOiOjd1.s 			page 7


 138:Core/Src/gpio.c **** 
 139:Core/Src/gpio.c ****   /*Configure GPIO pins : PD8 PD9 PD10 PD11 
 140:Core/Src/gpio.c ****                            PD0 PD2 PD4 PD6 */
 141:Core/Src/gpio.c ****   GPIO_InitStruct.Pin = GPIO_PIN_8|GPIO_PIN_9|GPIO_PIN_10|GPIO_PIN_11 
 207              		.loc 1 141 0
 208 011c 40F65573 		movw	r3, #3925
 209 0120 0793     		str	r3, [sp, #28]
 142:Core/Src/gpio.c ****                           |GPIO_PIN_0|GPIO_PIN_2|GPIO_PIN_4|GPIO_PIN_6;
 143:Core/Src/gpio.c ****   GPIO_InitStruct.Mode = GPIO_MODE_ANALOG;
 210              		.loc 1 143 0
 211 0122 0896     		str	r6, [sp, #32]
 144:Core/Src/gpio.c ****   GPIO_InitStruct.Pull = GPIO_NOPULL;
 212              		.loc 1 144 0
 213 0124 0994     		str	r4, [sp, #36]
 145:Core/Src/gpio.c ****   HAL_GPIO_Init(GPIOD, &GPIO_InitStruct);
 214              		.loc 1 145 0
 215 0126 07A9     		add	r1, sp, #28
 216 0128 4046     		mov	r0, r8
 217 012a FFF7FEFF 		bl	HAL_GPIO_Init
 218              	.LVL9:
 146:Core/Src/gpio.c **** 
 147:Core/Src/gpio.c ****   /*Configure GPIO pins : PDPin PDPin PDPin PDPin 
 148:Core/Src/gpio.c ****                            PDPin PDPin */
 149:Core/Src/gpio.c ****   GPIO_InitStruct.Pin = MOTOR2_IN2_Pin|MOTOR3_IN1_Pin|MOTOR1_IN1_Pin|MOTOR1_IN2_Pin 
 219              		.loc 1 149 0
 220 012e 4CF2AA03 		movw	r3, #49322
 221 0132 0793     		str	r3, [sp, #28]
 150:Core/Src/gpio.c ****                           |MOTOR2_IN1_Pin|MOTOR3_IN2_Pin;
 151:Core/Src/gpio.c ****   GPIO_InitStruct.Mode = GPIO_MODE_OUTPUT_PP;
 222              		.loc 1 151 0
 223 0134 0126     		movs	r6, #1
 224 0136 0896     		str	r6, [sp, #32]
 152:Core/Src/gpio.c ****   GPIO_InitStruct.Pull = GPIO_NOPULL;
 225              		.loc 1 152 0
 226 0138 0994     		str	r4, [sp, #36]
 153:Core/Src/gpio.c ****   GPIO_InitStruct.Speed = GPIO_SPEED_FREQ_LOW;
 227              		.loc 1 153 0
 228 013a 0A94     		str	r4, [sp, #40]
 154:Core/Src/gpio.c ****   HAL_GPIO_Init(GPIOD, &GPIO_InitStruct);
 229              		.loc 1 154 0
 230 013c 07A9     		add	r1, sp, #28
 231 013e 4046     		mov	r0, r8
 232 0140 FFF7FEFF 		bl	HAL_GPIO_Init
 233              	.LVL10:
 155:Core/Src/gpio.c **** 
 156:Core/Src/gpio.c ****   /*Configure GPIO pins : PCPin PCPin */
 157:Core/Src/gpio.c ****   GPIO_InitStruct.Pin = MOTOR4_IN1_Pin|MOTOR4_IN2_Pin;
 234              		.loc 1 157 0
 235 0144 4FF4A053 		mov	r3, #5120
 236 0148 0793     		str	r3, [sp, #28]
 158:Core/Src/gpio.c ****   GPIO_InitStruct.Mode = GPIO_MODE_OUTPUT_PP;
 237              		.loc 1 158 0
 238 014a 0896     		str	r6, [sp, #32]
 159:Core/Src/gpio.c ****   GPIO_InitStruct.Pull = GPIO_NOPULL;
 239              		.loc 1 159 0
 240 014c 0994     		str	r4, [sp, #36]
 160:Core/Src/gpio.c ****   GPIO_InitStruct.Speed = GPIO_SPEED_FREQ_LOW;
ARM GAS  C:\Users\n-is\AppData\Local\Temp\ccOiOjd1.s 			page 8


 241              		.loc 1 160 0
 242 014e 0A94     		str	r4, [sp, #40]
 161:Core/Src/gpio.c ****   HAL_GPIO_Init(GPIOC, &GPIO_InitStruct);
 243              		.loc 1 161 0
 244 0150 07A9     		add	r1, sp, #28
 245 0152 3846     		mov	r0, r7
 246 0154 FFF7FEFF 		bl	HAL_GPIO_Init
 247              	.LVL11:
 162:Core/Src/gpio.c **** 
 163:Core/Src/gpio.c ****   /*Configure GPIO pin : PE0 */
 164:Core/Src/gpio.c ****   GPIO_InitStruct.Pin = GPIO_PIN_0;
 248              		.loc 1 164 0
 249 0158 0796     		str	r6, [sp, #28]
 165:Core/Src/gpio.c ****   GPIO_InitStruct.Mode = GPIO_MODE_OUTPUT_PP;
 250              		.loc 1 165 0
 251 015a 0896     		str	r6, [sp, #32]
 166:Core/Src/gpio.c ****   GPIO_InitStruct.Pull = GPIO_NOPULL;
 252              		.loc 1 166 0
 253 015c 0994     		str	r4, [sp, #36]
 167:Core/Src/gpio.c ****   GPIO_InitStruct.Speed = GPIO_SPEED_FREQ_LOW;
 254              		.loc 1 167 0
 255 015e 0A94     		str	r4, [sp, #40]
 168:Core/Src/gpio.c ****   HAL_GPIO_Init(GPIOE, &GPIO_InitStruct);
 256              		.loc 1 168 0
 257 0160 07A9     		add	r1, sp, #28
 258 0162 2846     		mov	r0, r5
 259 0164 FFF7FEFF 		bl	HAL_GPIO_Init
 260              	.LVL12:
 169:Core/Src/gpio.c **** 
 170:Core/Src/gpio.c ****   /* EXTI interrupt init*/
 171:Core/Src/gpio.c ****   HAL_NVIC_SetPriority(EXTI15_10_IRQn, 0, 0);
 261              		.loc 1 171 0
 262 0168 2246     		mov	r2, r4
 263 016a 2146     		mov	r1, r4
 264 016c 2820     		movs	r0, #40
 265 016e FFF7FEFF 		bl	HAL_NVIC_SetPriority
 266              	.LVL13:
 172:Core/Src/gpio.c ****   HAL_NVIC_EnableIRQ(EXTI15_10_IRQn);
 267              		.loc 1 172 0
 268 0172 2820     		movs	r0, #40
 269 0174 FFF7FEFF 		bl	HAL_NVIC_EnableIRQ
 270              	.LVL14:
 173:Core/Src/gpio.c **** 
 174:Core/Src/gpio.c **** }
 271              		.loc 1 174 0
 272 0178 0CB0     		add	sp, sp, #48
 273              	.LCFI2:
 274              		.cfi_def_cfa_offset 24
 275              		@ sp needed
 276 017a BDE8F081 		pop	{r4, r5, r6, r7, r8, pc}
 277              	.L4:
 278 017e 00BF     		.align	2
 279              	.L3:
 280 0180 00380240 		.word	1073887232
 281 0184 00080240 		.word	1073874944
 282 0188 00100240 		.word	1073876992
 283 018c 00000240 		.word	1073872896
ARM GAS  C:\Users\n-is\AppData\Local\Temp\ccOiOjd1.s 			page 9


 284 0190 00040240 		.word	1073873920
 285 0194 00001110 		.word	269549568
 286 0198 000C0240 		.word	1073875968
 287              		.cfi_endproc
 288              	.LFE126:
 290              		.text
 291              	.Letext0:
 292              		.file 2 "c:\\program files (x86)\\gnu tools arm embedded\\7 2018-q2-update\\arm-none-eabi\\include
 293              		.file 3 "c:\\program files (x86)\\gnu tools arm embedded\\7 2018-q2-update\\arm-none-eabi\\include
 294              		.file 4 "Drivers/CMSIS/Include/core_cm4.h"
 295              		.file 5 "Drivers/CMSIS/Device/ST/STM32F4xx/Include/system_stm32f4xx.h"
 296              		.file 6 "Drivers/CMSIS/Device/ST/STM32F4xx/Include/stm32f407xx.h"
 297              		.file 7 "c:\\program files (x86)\\gnu tools arm embedded\\7 2018-q2-update\\arm-none-eabi\\include
 298              		.file 8 "c:\\program files (x86)\\gnu tools arm embedded\\7 2018-q2-update\\arm-none-eabi\\include
 299              		.file 9 "c:\\program files (x86)\\gnu tools arm embedded\\7 2018-q2-update\\lib\\gcc\\arm-none-eab
 300              		.file 10 "c:\\program files (x86)\\gnu tools arm embedded\\7 2018-q2-update\\arm-none-eabi\\includ
 301              		.file 11 "Drivers/STM32F4xx_HAL_Driver/Inc/stm32f4xx_hal_gpio.h"
 302              		.file 12 "Drivers/STM32F4xx_HAL_Driver/Inc/stm32f4xx_hal_cortex.h"
ARM GAS  C:\Users\n-is\AppData\Local\Temp\ccOiOjd1.s 			page 10


DEFINED SYMBOLS
                            *ABS*:00000000 gpio.c
C:\Users\n-is\AppData\Local\Temp\ccOiOjd1.s:18     .text.MX_GPIO_Init:00000000 $t
C:\Users\n-is\AppData\Local\Temp\ccOiOjd1.s:25     .text.MX_GPIO_Init:00000000 MX_GPIO_Init
C:\Users\n-is\AppData\Local\Temp\ccOiOjd1.s:280    .text.MX_GPIO_Init:00000180 $d

UNDEFINED SYMBOLS
HAL_GPIO_WritePin
HAL_GPIO_Init
HAL_NVIC_SetPriority
HAL_NVIC_EnableIRQ
