ARM GAS  C:\Users\Prashant\AppData\Local\Temp\ccLQPqpg.s 			page 1


   1              		.cpu cortex-m4
   2              		.eabi_attribute 27, 1
   3              		.eabi_attribute 28, 1
   4              		.eabi_attribute 20, 1
   5              		.eabi_attribute 21, 1
   6              		.eabi_attribute 23, 3
   7              		.eabi_attribute 24, 1
   8              		.eabi_attribute 25, 1
   9              		.eabi_attribute 26, 1
  10              		.eabi_attribute 30, 1
  11              		.eabi_attribute 34, 1
  12              		.eabi_attribute 18, 4
  13              		.file	"interrupt.cpp"
  14              		.text
  15              	.Ltext0:
  16              		.cfi_sections	.debug_frame
  17              		.section	.text.HAL_GPIO_EXTI_Callback,"ax",%progbits
  18              		.align	1
  19              		.global	HAL_GPIO_EXTI_Callback
  20              		.syntax unified
  21              		.thumb
  22              		.thumb_func
  23              		.fpu fpv4-sp-d16
  25              	HAL_GPIO_EXTI_Callback:
  26              	.LFB487:
  27              		.file 1 "Core/Src/devs/interrupt.cpp"
   1:Core/Src/devs/interrupt.cpp **** 
   2:Core/Src/devs/interrupt.cpp **** #include "robo_init.h"
   3:Core/Src/devs/interrupt.cpp **** 
   4:Core/Src/devs/interrupt.cpp **** extern leg leg[1];
   5:Core/Src/devs/interrupt.cpp **** extern bool sand_dune_crossed_flag;
   6:Core/Src/devs/interrupt.cpp **** 
   7:Core/Src/devs/interrupt.cpp **** void HAL_GPIO_EXTI_Callback(uint16_t GPIO_Pin)
   8:Core/Src/devs/interrupt.cpp **** {
  28              		.loc 1 8 0
  29              		.cfi_startproc
  30              		@ args = 0, pretend = 0, frame = 0
  31              		@ frame_needed = 0, uses_anonymous_args = 0
  32              	.LVL0:
  33 0000 08B5     		push	{r3, lr}
  34              	.LCFI0:
  35              		.cfi_def_cfa_offset 8
  36              		.cfi_offset 3, -8
  37              		.cfi_offset 14, -4
   9:Core/Src/devs/interrupt.cpp ****         switch (GPIO_Pin) {
  38              		.loc 1 9 0
  39 0002 B0F5807F 		cmp	r0, #256
  40 0006 0DD0     		beq	.L3
  41 0008 B0F5806F 		cmp	r0, #1024
  42 000c 10D0     		beq	.L4
  43 000e 0128     		cmp	r0, #1
  44 0010 14D1     		bne	.L1
  10:Core/Src/devs/interrupt.cpp ****                 case GPIO_PIN_0 : {		
  11:Core/Src/devs/interrupt.cpp ****                         leg[0].steps++;		//leg[0].limit_switch__[0].int_pin
  45              		.loc 1 11 0
  46 0012 0B48     		ldr	r0, .L7
  47              	.LVL1:
ARM GAS  C:\Users\Prashant\AppData\Local\Temp\ccLQPqpg.s 			page 2


  48 0014 0369     		ldr	r3, [r0, #16]
  49 0016 0133     		adds	r3, r3, #1
  50 0018 0361     		str	r3, [r0, #16]
  12:Core/Src/devs/interrupt.cpp ****                         leg[0].reset_angle(116*PI/180);
  51              		.loc 1 12 0
  52 001a 9FED0A0A 		vldr.32	s0, .L7+4
  53 001e FFF7FEFF 		bl	_ZN3leg11reset_angleEf
  54              	.LVL2:
  13:Core/Src/devs/interrupt.cpp **** 			// printf("\tRobot interrupt 0\t %d\n", leg[0].steps);
  14:Core/Src/devs/interrupt.cpp ****                 } break;
  55              		.loc 1 14 0
  56 0022 0BE0     		b	.L1
  57              	.LVL3:
  58              	.L3:
  15:Core/Src/devs/interrupt.cpp **** 
  16:Core/Src/devs/interrupt.cpp ****                 case GPIO_PIN_2: {	//leg[0].limit_switch__[1].int_pin
  17:Core/Src/devs/interrupt.cpp **** 			//printf("\tRobot interrupt 1 \t");
  18:Core/Src/devs/interrupt.cpp ****                 } break;
  19:Core/Src/devs/interrupt.cpp **** 		
  20:Core/Src/devs/interrupt.cpp **** 		case GPIO_PIN_8: {
  21:Core/Src/devs/interrupt.cpp **** 			sand_dune_crossed_flag = true;
  59              		.loc 1 21 0
  60 0024 084B     		ldr	r3, .L7+8
  61 0026 0122     		movs	r2, #1
  62 0028 1A70     		strb	r2, [r3]
  22:Core/Src/devs/interrupt.cpp **** 			printf("\nSand_Dune_Crossed \n");
  63              		.loc 1 22 0
  64 002a 0848     		ldr	r0, .L7+12
  65              	.LVL4:
  66 002c FFF7FEFF 		bl	puts
  67              	.LVL5:
  68              	.L4:
  23:Core/Src/devs/interrupt.cpp **** 		}
  24:Core/Src/devs/interrupt.cpp **** 
  25:Core/Src/devs/interrupt.cpp **** 		case GPIO_PIN_10: {
  26:Core/Src/devs/interrupt.cpp **** 			sand_dune_crossed_flag = true;
  69              		.loc 1 26 0
  70 0030 054B     		ldr	r3, .L7+8
  71 0032 0122     		movs	r2, #1
  72 0034 1A70     		strb	r2, [r3]
  27:Core/Src/devs/interrupt.cpp **** 			printf("\nSand_Dune_Crossed \n");
  73              		.loc 1 27 0
  74 0036 0548     		ldr	r0, .L7+12
  75 0038 FFF7FEFF 		bl	puts
  76              	.LVL6:
  77              	.L1:
  28:Core/Src/devs/interrupt.cpp **** 		}
  29:Core/Src/devs/interrupt.cpp ****         }
  30:Core/Src/devs/interrupt.cpp **** }...
  78              		.loc 1 30 0
  79 003c 08BD     		pop	{r3, pc}
  80              	.L8:
  81 003e 00BF     		.align	2
  82              	.L7:
  83 0040 00000000 		.word	leg
  84 0044 C0920140 		.word	1073844928
  85 0048 00000000 		.word	sand_dune_crossed_flag
ARM GAS  C:\Users\Prashant\AppData\Local\Temp\ccLQPqpg.s 			page 3


  86 004c 00000000 		.word	.LC0
  87              		.cfi_endproc
  88              	.LFE487:
  90              		.section	.rodata.HAL_GPIO_EXTI_Callback.str1.4,"aMS",%progbits,1
  91              		.align	2
  92              	.LC0:
  93 0000 0A53616E 		.ascii	"\012Sand_Dune_Crossed \000"
  93      645F4475 
  93      6E655F43 
  93      726F7373 
  93      65642000 
  94              		.text
  95              	.Letext0:
  96              		.file 2 "c:\\program files (x86)\\gnu tools arm embedded\\7 2017-q4-major\\arm-none-eabi\\include\
  97              		.file 3 "c:\\program files (x86)\\gnu tools arm embedded\\7 2017-q4-major\\arm-none-eabi\\include\
  98              		.file 4 "Drivers/CMSIS/Include/core_cm4.h"
  99              		.file 5 "Drivers/CMSIS/Device/ST/STM32F4xx/Include/system_stm32f4xx.h"
 100              		.file 6 "Drivers/CMSIS/Device/ST/STM32F4xx/Include/stm32f407xx.h"
 101              		.file 7 "c:\\program files (x86)\\gnu tools arm embedded\\7 2017-q4-major\\arm-none-eabi\\include\
 102              		.file 8 "c:\\program files (x86)\\gnu tools arm embedded\\7 2017-q4-major\\arm-none-eabi\\include\
 103              		.file 9 "c:\\program files (x86)\\gnu tools arm embedded\\7 2017-q4-major\\lib\\gcc\\arm-none-eabi
 104              		.file 10 "c:\\program files (x86)\\gnu tools arm embedded\\7 2017-q4-major\\arm-none-eabi\\include
 105              		.file 11 "Drivers/STM32F4xx_HAL_Driver/Inc/stm32f4xx_hal_def.h"
 106              		.file 12 "Drivers/STM32F4xx_HAL_Driver/Inc/stm32f4xx_hal_dma.h"
 107              		.file 13 "Drivers/STM32F4xx_HAL_Driver/Inc/stm32f4xx_hal_tim.h"
 108              		.file 14 "Drivers/STM32F4xx_HAL_Driver/Inc/stm32f4xx_hal_uart.h"
 109              		.file 15 "Core/Inc/periphs/tim.h"
 110              		.file 16 "c:\\program files (x86)\\gnu tools arm embedded\\7 2017-q4-major\\arm-none-eabi\\include
 111              		.file 17 "c:\\program files (x86)\\gnu tools arm embedded\\7 2017-q4-major\\arm-none-eabi\\include
 112              		.file 18 "c:\\program files (x86)\\gnu tools arm embedded\\7 2017-q4-major\\arm-none-eabi\\include
 113              		.file 19 "c:\\program files (x86)\\gnu tools arm embedded\\7 2017-q4-major\\arm-none-eabi\\include
 114              		.file 20 "c:\\program files (x86)\\gnu tools arm embedded\\7 2017-q4-major\\arm-none-eabi\\include
 115              		.file 21 "Core/Inc/devs/motor.h"
 116              		.file 22 "Core/Inc/devs/encoder.h"
 117              		.file 23 "Core/Inc/utils/pid_algorithms.h"
 118              		.file 24 "Core/Inc/devs/limit_switch.h"
 119              		.file 25 "Core/Inc/devs/leg.h"
 120              		.file 26 "Core/Inc/periphs/usart.h"
 121              		.file 27 "<built-in>"
ARM GAS  C:\Users\Prashant\AppData\Local\Temp\ccLQPqpg.s 			page 4


DEFINED SYMBOLS
                            *ABS*:00000000 interrupt.cpp
C:\Users\Prashant\AppData\Local\Temp\ccLQPqpg.s:18     .text.HAL_GPIO_EXTI_Callback:00000000 $t
C:\Users\Prashant\AppData\Local\Temp\ccLQPqpg.s:25     .text.HAL_GPIO_EXTI_Callback:00000000 HAL_GPIO_EXTI_Callback
C:\Users\Prashant\AppData\Local\Temp\ccLQPqpg.s:83     .text.HAL_GPIO_EXTI_Callback:00000040 $d
C:\Users\Prashant\AppData\Local\Temp\ccLQPqpg.s:91     .rodata.HAL_GPIO_EXTI_Callback.str1.4:00000000 $d

UNDEFINED SYMBOLS
_ZN3leg11reset_angleEf
puts
leg
sand_dune_crossed_flag
