ARM GAS  C:\Users\Prashant\AppData\Local\Temp\cc70ljCd.s 			page 1


   1              		.cpu cortex-m4
   2              		.eabi_attribute 27, 1
   3              		.eabi_attribute 28, 1
   4              		.eabi_attribute 20, 1
   5              		.eabi_attribute 21, 1
   6              		.eabi_attribute 23, 3
   7              		.eabi_attribute 24, 1
   8              		.eabi_attribute 25, 1
   9              		.eabi_attribute 26, 1
  10              		.eabi_attribute 30, 1
  11              		.eabi_attribute 34, 1
  12              		.eabi_attribute 18, 4
  13              		.file	"leg.cpp"
  14              		.text
  15              	.Ltext0:
  16              		.cfi_sections	.debug_frame
  17              		.section	.text._ZN3leg4rampEf,"ax",%progbits
  18              		.align	1
  19              		.global	_ZN3leg4rampEf
  20              		.syntax unified
  21              		.thumb
  22              		.thumb_func
  23              		.fpu fpv4-sp-d16
  25              	_ZN3leg4rampEf:
  26              	.LFB450:
  27              		.file 1 "Core/Src/devs/leg.cpp"
   1:Core/Src/devs/leg.cpp **** #include "leg.h"
   2:Core/Src/devs/leg.cpp **** static float ramped_value = 0;
   3:Core/Src/devs/leg.cpp **** 
   4:Core/Src/devs/leg.cpp **** void leg::set_omega(float omega){
   5:Core/Src/devs/leg.cpp **** 	float gravity_compensator_factor;
   6:Core/Src/devs/leg.cpp **** 	if(!is_raised()){
   7:Core/Src/devs/leg.cpp **** 		gravity_compensator_factor = cos(encoder__.get_angle())  * kb_ * omega ;
   8:Core/Src/devs/leg.cpp **** 	}
   9:Core/Src/devs/leg.cpp **** 	else{
  10:Core/Src/devs/leg.cpp **** 		gravity_compensator_factor = -cos(encoder__.get_angle())  * kl_ * omega ;
  11:Core/Src/devs/leg.cpp **** 	}
  12:Core/Src/devs/leg.cpp **** 	omega += gravity_compensator_factor;
  13:Core/Src/devs/leg.cpp **** 	
  14:Core/Src/devs/leg.cpp **** 	//omega = ramp(omega);
  15:Core/Src/devs/leg.cpp **** 	float computed_omega = dpid_.compute(omega - encoder__.get_omega(), SAMPLE_TIME);
  16:Core/Src/devs/leg.cpp **** 	// printf("omega = %d\t, computed_omega = %d\n", (int)(omega*100), (int)(computed_omega*100));
  17:Core/Src/devs/leg.cpp **** 	motor__[0].set_omega(computed_omega);
  18:Core/Src/devs/leg.cpp **** 	motor__[1].set_omega(computed_omega);
  19:Core/Src/devs/leg.cpp **** }
  20:Core/Src/devs/leg.cpp **** 
  21:Core/Src/devs/leg.cpp **** float leg::ramp(float omega){
  28              		.loc 1 21 0
  29              		.cfi_startproc
  30              		@ args = 0, pretend = 0, frame = 0
  31              		@ frame_needed = 0, uses_anonymous_args = 0
  32              		@ link register save eliminated.
  33              	.LVL0:
  34              	.LBB52:
  35              	.LBB53:
  36              		.file 2 "Core/Inc/devs/motor.h"
   1:Core/Inc/devs/motor.h **** #ifndef _MOTOR_H_
ARM GAS  C:\Users\Prashant\AppData\Local\Temp\cc70ljCd.s 			page 2


   2:Core/Inc/devs/motor.h **** #define _MOTOR_H_
   3:Core/Inc/devs/motor.h **** 
   4:Core/Inc/devs/motor.h **** #include "stm32f4xx_hal.h"
   5:Core/Inc/devs/motor.h **** #include "tim.h"
   6:Core/Inc/devs/motor.h **** #include <math.h>
   7:Core/Inc/devs/motor.h **** 
   8:Core/Inc/devs/motor.h **** enum Direction{
   9:Core/Inc/devs/motor.h **** 	CLOCKWISE,
  10:Core/Inc/devs/motor.h **** 	ANTICLOCKWISE,
  11:Core/Inc/devs/motor.h **** 	STOP
  12:Core/Inc/devs/motor.h **** };
  13:Core/Inc/devs/motor.h **** 
  14:Core/Inc/devs/motor.h **** struct motor_config{
  15:Core/Inc/devs/motor.h **** 	float max_omega;
  16:Core/Inc/devs/motor.h **** 	float tolerance;
  17:Core/Inc/devs/motor.h **** 
  18:Core/Inc/devs/motor.h **** 	GPIO_TypeDef *in1_port;	
  19:Core/Inc/devs/motor.h ****         uint16_t in1_pin;
  20:Core/Inc/devs/motor.h ****         GPIO_TypeDef *in2_port;
  21:Core/Inc/devs/motor.h ****         uint16_t in2_pin;
  22:Core/Inc/devs/motor.h ****         TIM_HandleTypeDef *htim;        // PWM Generating Timer
  23:Core/Inc/devs/motor.h ****         uint32_t channel;               // PWM Channel
  24:Core/Inc/devs/motor.h **** };
  25:Core/Inc/devs/motor.h **** 
  26:Core/Inc/devs/motor.h **** class motor
  27:Core/Inc/devs/motor.h **** {
  28:Core/Inc/devs/motor.h **** public:
  29:Core/Inc/devs/motor.h **** 	motor(){motor_ = 0;}
  30:Core/Inc/devs/motor.h ****         motor(motor_config *motor) { motor_ = motor; }
  31:Core/Inc/devs/motor.h **** 	motor(motor &&) = default;
  32:Core/Inc/devs/motor.h **** 	motor(const motor &) = default;
  33:Core/Inc/devs/motor.h **** 	motor &operator=(motor &&) = default;
  34:Core/Inc/devs/motor.h **** 	motor &operator=(const motor &) = default;
  35:Core/Inc/devs/motor.h **** 	~motor(){}
  36:Core/Inc/devs/motor.h ****         void set_config(motor_config *motor) { motor_ = motor;}
  37:Core/Inc/devs/motor.h **** 	float get_max_omega(){return motor_->max_omega;}
  37              		.loc 2 37 0
  38 0000 836B     		ldr	r3, [r0, #56]
  39 0002 D3ED007A 		vldr.32	s15, [r3]
  40              	.LVL1:
  41              	.LBE53:
  42              	.LBE52:
  22:Core/Src/devs/leg.cpp **** 	int factor = 1;
  23:Core/Src/devs/leg.cpp **** 
  24:Core/Src/devs/leg.cpp **** 	if (omega>motor__[0].get_max_omega())
  43              		.loc 1 24 0
  44 0006 B4EEE70A 		vcmpe.f32	s0, s15
  45 000a F1EE10FA 		vmrs	APSR_nzcv, FPSCR
  46 000e 08DC     		bgt	.L2
  25:Core/Src/devs/leg.cpp **** 	{
  26:Core/Src/devs/leg.cpp **** 		omega = motor__[0].get_max_omega();
  27:Core/Src/devs/leg.cpp **** 	}
  28:Core/Src/devs/leg.cpp **** 	else if(omega < -motor__[0].get_max_omega())
  47              		.loc 1 28 0
  48 0010 F1EE677A 		vneg.f32	s15, s15
  49 0014 F4EEC07A 		vcmpe.f32	s15, s0
  50 0018 F1EE10FA 		vmrs	APSR_nzcv, FPSCR
ARM GAS  C:\Users\Prashant\AppData\Local\Temp\cc70ljCd.s 			page 3


  51 001c 01DC     		bgt	.L2
  52 001e F0EE407A 		vmov.f32	s15, s0
  53              	.L2:
  54              	.LVL2:
  29:Core/Src/devs/leg.cpp **** 	{
  30:Core/Src/devs/leg.cpp **** 		omega = -motor__[0].get_max_omega();
  31:Core/Src/devs/leg.cpp **** 	}
  32:Core/Src/devs/leg.cpp **** 
  33:Core/Src/devs/leg.cpp **** 	if(ramped_value < (omega-factor)){
  55              		.loc 1 33 0
  56 0022 F7EE006A 		vmov.f32	s13, #1.0e+0
  57 0026 77EEE66A 		vsub.f32	s13, s15, s13
  58 002a 134B     		ldr	r3, .L14
  59 002c 93ED007A 		vldr.32	s14, [r3]
  60 0030 F4EEC76A 		vcmpe.f32	s13, s14
  61 0034 F1EE10FA 		vmrs	APSR_nzcv, FPSCR
  62 0038 0CDC     		bgt	.L12
  34:Core/Src/devs/leg.cpp **** 		ramped_value += factor;
  35:Core/Src/devs/leg.cpp **** 	}
  36:Core/Src/devs/leg.cpp **** 	else if(ramped_value > (omega+factor)){
  63              		.loc 1 36 0
  64 003a F7EE006A 		vmov.f32	s13, #1.0e+0
  65 003e 77EEA66A 		vadd.f32	s13, s15, s13
  66 0042 B4EEE67A 		vcmpe.f32	s14, s13
  67 0046 F1EE10FA 		vmrs	APSR_nzcv, FPSCR
  68 004a 0DDC     		bgt	.L13
  37:Core/Src/devs/leg.cpp **** 		ramped_value -= factor;
  38:Core/Src/devs/leg.cpp **** 	}
  39:Core/Src/devs/leg.cpp **** 	else{
  40:Core/Src/devs/leg.cpp **** 		ramped_value = omega;
  69              		.loc 1 40 0
  70 004c 0A4B     		ldr	r3, .L14
  71 004e C3ED007A 		vstr.32	s15, [r3]
  72 0052 05E0     		b	.L5
  73              	.L12:
  34:Core/Src/devs/leg.cpp **** 		ramped_value += factor;
  74              		.loc 1 34 0
  75 0054 F7EE007A 		vmov.f32	s15, #1.0e+0
  76              	.LVL3:
  77 0058 37EE277A 		vadd.f32	s14, s14, s15
  78 005c 83ED007A 		vstr.32	s14, [r3]
  79              	.L5:
  41:Core/Src/devs/leg.cpp **** 	}
  42:Core/Src/devs/leg.cpp **** 	return ramped_value;
  43:Core/Src/devs/leg.cpp **** }
  80              		.loc 1 43 0
  81 0060 054B     		ldr	r3, .L14
  82 0062 93ED000A 		vldr.32	s0, [r3]
  83 0066 7047     		bx	lr
  84              	.LVL4:
  85              	.L13:
  37:Core/Src/devs/leg.cpp **** 		ramped_value -= factor;
  86              		.loc 1 37 0
  87 0068 F7EE007A 		vmov.f32	s15, #1.0e+0
  88              	.LVL5:
  89 006c 37EE677A 		vsub.f32	s14, s14, s15
  90 0070 014B     		ldr	r3, .L14
ARM GAS  C:\Users\Prashant\AppData\Local\Temp\cc70ljCd.s 			page 4


  91 0072 83ED007A 		vstr.32	s14, [r3]
  92 0076 F3E7     		b	.L5
  93              	.L15:
  94              		.align	2
  95              	.L14:
  96 0078 00000000 		.word	.LANCHOR0
  97              		.cfi_endproc
  98              	.LFE450:
 100              		.global	__aeabi_f2d
 101              		.global	__aeabi_dcmple
 102              		.global	__aeabi_dcmpge
 103              		.section	.text._ZN3leg9is_raisedEv,"ax",%progbits
 104              		.align	1
 105              		.global	_ZN3leg9is_raisedEv
 106              		.syntax unified
 107              		.thumb
 108              		.thumb_func
 109              		.fpu fpv4-sp-d16
 111              	_ZN3leg9is_raisedEv:
 112              	.LFB451:
  44:Core/Src/devs/leg.cpp **** 
  45:Core/Src/devs/leg.cpp **** Leg_condition leg::is_raised(){
 113              		.loc 1 45 0
 114              		.cfi_startproc
 115              		@ args = 0, pretend = 0, frame = 0
 116              		@ frame_needed = 0, uses_anonymous_args = 0
 117              	.LVL6:
 118 0000 10B5     		push	{r4, lr}
 119              	.LCFI0:
 120              		.cfi_def_cfa_offset 8
 121              		.cfi_offset 4, -8
 122              		.cfi_offset 14, -4
 123              	.LVL7:
 124              	.LBB54:
 125              	.LBB55:
 126              		.file 3 "Core/Inc/devs/leg.h"
   1:Core/Inc/devs/leg.h **** #ifndef _LEG_H_
   2:Core/Inc/devs/leg.h **** #define _LEG_H_
   3:Core/Inc/devs/leg.h **** 
   4:Core/Inc/devs/leg.h **** #include "motor.h"
   5:Core/Inc/devs/leg.h **** #include "encoder.h"
   6:Core/Inc/devs/leg.h **** #include "pid.h"
   7:Core/Inc/devs/leg.h **** #include "limit_switch.h"
   8:Core/Inc/devs/leg.h **** #include "defines.h"
   9:Core/Inc/devs/leg.h **** #include "pid_algorithms.h"
  10:Core/Inc/devs/leg.h **** 
  11:Core/Inc/devs/leg.h **** enum Leg_condition{	RAISED, 
  12:Core/Inc/devs/leg.h **** 			FALLEN, 
  13:Core/Inc/devs/leg.h **** 			UNDEFINED};
  14:Core/Inc/devs/leg.h **** 
  15:Core/Inc/devs/leg.h **** class leg
  16:Core/Inc/devs/leg.h **** {
  17:Core/Inc/devs/leg.h **** public:
  18:Core/Inc/devs/leg.h **** 	leg() {}
  19:Core/Inc/devs/leg.h **** 	leg(leg &&) = default;
  20:Core/Inc/devs/leg.h **** 	leg(const leg &) = default;
  21:Core/Inc/devs/leg.h **** 	leg &operator=(leg &&) = default;
ARM GAS  C:\Users\Prashant\AppData\Local\Temp\cc70ljCd.s 			page 5


  22:Core/Inc/devs/leg.h **** 	leg &operator=(const leg &) = default;
  23:Core/Inc/devs/leg.h **** 	~leg(){}
  24:Core/Inc/devs/leg.h ****         void set_config(motor_config *motor0, motor_config *motor1, encoder_config *encoder) { 
  25:Core/Inc/devs/leg.h **** 		motor__[0].set_config(motor0);
  26:Core/Inc/devs/leg.h **** 		motor__[1].set_config(motor1);
  27:Core/Inc/devs/leg.h **** 		encoder__.set_config(encoder);
  28:Core/Inc/devs/leg.h **** 	}
  29:Core/Inc/devs/leg.h **** 	void set_PID_constants(float kp, float ki, float kd, float lower_limit, float upper_limit) {
  30:Core/Inc/devs/leg.h **** 		dpid_.set_P(kp);
  31:Core/Inc/devs/leg.h **** 		dpid_.set_I(ki);
  32:Core/Inc/devs/leg.h **** 		dpid_.set_D(kd);
  33:Core/Inc/devs/leg.h **** 		dpid_.set_Limits(upper_limit, lower_limit);
  34:Core/Inc/devs/leg.h **** 	}
  35:Core/Inc/devs/leg.h **** 
  36:Core/Inc/devs/leg.h **** 	
  37:Core/Inc/devs/leg.h **** 	void set_omega(float omega);
  38:Core/Inc/devs/leg.h **** 	float ramp(float omega);
  39:Core/Inc/devs/leg.h **** 	void set_gravity_compensator_constant(float kbody, float kleg){kb_ = kbody; kl_ = kleg;}
  40:Core/Inc/devs/leg.h **** 	void reset_angle(float angle_in_radians);
  41:Core/Inc/devs/leg.h **** 	void calculate_omega();
  42:Core/Inc/devs/leg.h **** 	Leg_condition is_raised();
  43:Core/Inc/devs/leg.h **** 	bool is_raised_without_deadzone();
  44:Core/Inc/devs/leg.h **** 
  45:Core/Inc/devs/leg.h **** 	int get_steps(){return steps;}
  46:Core/Inc/devs/leg.h **** 	float get_omega(void){return encoder__.get_omega();}
  47:Core/Inc/devs/leg.h **** 	float get_angle(void){return encoder__.get_angle();}
 127              		.loc 3 47 0
 128 0002 00F14004 		add	r4, r0, #64
 129 0006 2046     		mov	r0, r4
 130              	.LVL8:
 131 0008 FFF7FEFF 		bl	_ZN7encoder9get_angleEv
 132              	.LVL9:
 133              	.LBE55:
 134              	.LBE54:
  46:Core/Src/devs/leg.cpp **** 	float dead_angle = 15*PI/180;
  47:Core/Src/devs/leg.cpp **** 	if(((this->get_angle()>=(0+dead_angle)) && (this->get_angle()<=(PI-dead_angle)))  ||
 135              		.loc 1 47 0
 136 000c DFED427A 		vldr.32	s15, .L37+48
 137 0010 B4EEE70A 		vcmpe.f32	s0, s15
 138 0014 F1EE10FA 		vmrs	APSR_nzcv, FPSCR
 139 0018 0DDB     		blt	.L17
 140              	.LVL10:
 141              	.LBB56:
 142              	.LBB57:
 143              		.loc 3 47 0
 144 001a 2046     		mov	r0, r4
 145 001c FFF7FEFF 		bl	_ZN7encoder9get_angleEv
 146              	.LVL11:
 147              	.LBE57:
 148              	.LBE56:
 149              		.loc 1 47 0
 150 0020 10EE100A 		vmov	r0, s0
 151 0024 FFF7FEFF 		bl	__aeabi_f2d
 152              	.LVL12:
 153 0028 2FA3     		adr	r3, .L37
 154 002a D3E90023 		ldrd	r2, [r3]
 155 002e FFF7FEFF 		bl	__aeabi_dcmple
ARM GAS  C:\Users\Prashant\AppData\Local\Temp\cc70ljCd.s 			page 6


 156              	.LVL13:
 157 0032 0028     		cmp	r0, #0
 158 0034 4ED1     		bne	.L25
 159              	.L17:
 160              	.LVL14:
 161              	.LBB58:
 162              	.LBB59:
 163              		.loc 3 47 0 discriminator 4
 164 0036 2046     		mov	r0, r4
 165 0038 FFF7FEFF 		bl	_ZN7encoder9get_angleEv
 166              	.LVL15:
 167              	.LBE59:
 168              	.LBE58:
  48:Core/Src/devs/leg.cpp **** 	   ((this->get_angle()<=(-PI-dead_angle)) && (this->get_angle()>=(-2*PI+dead_angle)))){
 169              		.loc 1 48 0 discriminator 4
 170 003c 10EE100A 		vmov	r0, s0
 171 0040 FFF7FEFF 		bl	__aeabi_f2d
 172              	.LVL16:
  47:Core/Src/devs/leg.cpp **** 	   ((this->get_angle()<=(-PI-dead_angle)) && (this->get_angle()>=(-2*PI+dead_angle)))){
 173              		.loc 1 47 0 discriminator 4
 174 0044 2AA3     		adr	r3, .L37+8
 175 0046 D3E90023 		ldrd	r2, [r3]
 176 004a FFF7FEFF 		bl	__aeabi_dcmple
 177              	.LVL17:
 178 004e 60B1     		cbz	r0, .L20
 179              	.LVL18:
 180              	.LBB60:
 181              	.LBB61:
 182              		.loc 3 47 0
 183 0050 2046     		mov	r0, r4
 184 0052 FFF7FEFF 		bl	_ZN7encoder9get_angleEv
 185              	.LVL19:
 186              	.LBE61:
 187              	.LBE60:
 188              		.loc 1 48 0
 189 0056 10EE100A 		vmov	r0, s0
 190 005a FFF7FEFF 		bl	__aeabi_f2d
 191              	.LVL20:
 192 005e 26A3     		adr	r3, .L37+16
 193 0060 D3E90023 		ldrd	r2, [r3]
 194 0064 FFF7FEFF 		bl	__aeabi_dcmpge
 195              	.LVL21:
 196 0068 B0BB     		cbnz	r0, .L26
 197              	.L20:
 198              	.LVL22:
 199              	.LBB62:
 200              	.LBB63:
 201              		.loc 3 47 0 discriminator 5
 202 006a 2046     		mov	r0, r4
 203 006c FFF7FEFF 		bl	_ZN7encoder9get_angleEv
 204              	.LVL23:
 205              	.LBE63:
 206              	.LBE62:
  49:Core/Src/devs/leg.cpp **** 		return RAISED;
  50:Core/Src/devs/leg.cpp **** 	}
  51:Core/Src/devs/leg.cpp **** 	else if(((this->get_angle()>=(PI+dead_angle)) && (this->get_angle()<=(2*PI-dead_angle)))  ||
 207              		.loc 1 51 0 discriminator 5
ARM GAS  C:\Users\Prashant\AppData\Local\Temp\cc70ljCd.s 			page 7


 208 0070 10EE100A 		vmov	r0, s0
 209 0074 FFF7FEFF 		bl	__aeabi_f2d
 210              	.LVL24:
 211 0078 21A3     		adr	r3, .L37+24
 212 007a D3E90023 		ldrd	r2, [r3]
 213 007e FFF7FEFF 		bl	__aeabi_dcmpge
 214              	.LVL25:
 215 0082 60B1     		cbz	r0, .L22
 216              	.LVL26:
 217              	.LBB64:
 218              	.LBB65:
 219              		.loc 3 47 0
 220 0084 2046     		mov	r0, r4
 221 0086 FFF7FEFF 		bl	_ZN7encoder9get_angleEv
 222              	.LVL27:
 223              	.LBE65:
 224              	.LBE64:
 225              		.loc 1 51 0
 226 008a 10EE100A 		vmov	r0, s0
 227 008e FFF7FEFF 		bl	__aeabi_f2d
 228              	.LVL28:
 229 0092 1DA3     		adr	r3, .L37+32
 230 0094 D3E90023 		ldrd	r2, [r3]
 231 0098 FFF7FEFF 		bl	__aeabi_dcmple
 232              	.LVL29:
 233 009c F0B9     		cbnz	r0, .L27
 234              	.L22:
 235              	.LVL30:
 236              	.LBB66:
 237              	.LBB67:
 238              		.loc 3 47 0 discriminator 4
 239 009e 2046     		mov	r0, r4
 240 00a0 FFF7FEFF 		bl	_ZN7encoder9get_angleEv
 241              	.LVL31:
 242              	.LBE67:
 243              	.LBE66:
 244              		.loc 1 51 0 discriminator 4
 245 00a4 DFED1D7A 		vldr.32	s15, .L37+52
 246 00a8 B4EEE70A 		vcmpe.f32	s0, s15
 247 00ac F1EE10FA 		vmrs	APSR_nzcv, FPSCR
 248 00b0 16D8     		bhi	.L34
 249              	.LVL32:
 250              	.LBB68:
 251              	.LBB69:
 252              		.loc 3 47 0
 253 00b2 2046     		mov	r0, r4
 254 00b4 FFF7FEFF 		bl	_ZN7encoder9get_angleEv
 255              	.LVL33:
 256              	.LBE69:
 257              	.LBE68:
  52:Core/Src/devs/leg.cpp **** 		((this->get_angle()<=(-dead_angle)) && (this->get_angle()>=(-PI+dead_angle)))){
 258              		.loc 1 52 0
 259 00b8 10EE100A 		vmov	r0, s0
 260 00bc FFF7FEFF 		bl	__aeabi_f2d
 261              	.LVL34:
 262 00c0 13A3     		adr	r3, .L37+40
 263 00c2 D3E90023 		ldrd	r2, [r3]
ARM GAS  C:\Users\Prashant\AppData\Local\Temp\cc70ljCd.s 			page 8


 264 00c6 FFF7FEFF 		bl	__aeabi_dcmpge
 265              	.LVL35:
 266 00ca 08B1     		cbz	r0, .L36
  53:Core/Src/devs/leg.cpp **** 		return FALLEN;
 267              		.loc 1 53 0
 268 00cc 0120     		movs	r0, #1
 269 00ce 02E0     		b	.L19
 270              	.L36:
  54:Core/Src/devs/leg.cpp **** 	}
  55:Core/Src/devs/leg.cpp **** 	else{
  56:Core/Src/devs/leg.cpp **** 		return UNDEFINED;
 271              		.loc 1 56 0
 272 00d0 0220     		movs	r0, #2
 273 00d2 00E0     		b	.L19
 274              	.L25:
  49:Core/Src/devs/leg.cpp **** 	}
 275              		.loc 1 49 0
 276 00d4 0020     		movs	r0, #0
 277              	.L19:
  57:Core/Src/devs/leg.cpp **** 	}         
  58:Core/Src/devs/leg.cpp **** }
 278              		.loc 1 58 0
 279 00d6 10BD     		pop	{r4, pc}
 280              	.LVL36:
 281              	.L26:
  49:Core/Src/devs/leg.cpp **** 	}
 282              		.loc 1 49 0
 283 00d8 0020     		movs	r0, #0
 284 00da FCE7     		b	.L19
 285              	.L27:
  53:Core/Src/devs/leg.cpp **** 	}
 286              		.loc 1 53 0
 287 00dc 0120     		movs	r0, #1
 288 00de FAE7     		b	.L19
 289              	.L34:
  56:Core/Src/devs/leg.cpp **** 	}         
 290              		.loc 1 56 0
 291 00e0 0220     		movs	r0, #2
 292 00e2 F8E7     		b	.L19
 293              	.L38:
 294 00e4 AFF30080 		.align	3
 295              	.L37:
 296 00e8 182D440C 		.word	205794584
 297 00ec D1090740 		.word	1074203089
 298 00f0 182D449C 		.word	-1673253608
 299 00f4 253A0BC0 		.word	-1073006043
 300 00f8 182D4430 		.word	809774360
 301 00fc E61518C0 		.word	-1072163354
 302 0100 182D449C 		.word	-1673253608
 303 0104 253A0B40 		.word	1074477605
 304 0108 182D4430 		.word	809774360
 305 010c E6151840 		.word	1075320294
 306 0110 182D440C 		.word	205794584
 307 0114 D10907C0 		.word	-1073280559
 308 0118 920A863E 		.word	1048971922
 309 011c 920A86BE 		.word	-1098511726
 310              		.cfi_endproc
ARM GAS  C:\Users\Prashant\AppData\Local\Temp\cc70ljCd.s 			page 9


 311              	.LFE451:
 313              		.section	.text._ZN3leg9set_omegaEf,"ax",%progbits
 314              		.align	1
 315              		.global	_ZN3leg9set_omegaEf
 316              		.syntax unified
 317              		.thumb
 318              		.thumb_func
 319              		.fpu fpv4-sp-d16
 321              	_ZN3leg9set_omegaEf:
 322              	.LFB449:
   4:Core/Src/devs/leg.cpp **** 	float gravity_compensator_factor;
 323              		.loc 1 4 0
 324              		.cfi_startproc
 325              		@ args = 0, pretend = 0, frame = 0
 326              		@ frame_needed = 0, uses_anonymous_args = 0
 327              	.LVL37:
 328 0000 38B5     		push	{r3, r4, r5, lr}
 329              	.LCFI1:
 330              		.cfi_def_cfa_offset 16
 331              		.cfi_offset 3, -16
 332              		.cfi_offset 4, -12
 333              		.cfi_offset 5, -8
 334              		.cfi_offset 14, -4
 335 0002 2DED028B 		vpush.64	{d8}
 336              	.LCFI2:
 337              		.cfi_def_cfa_offset 24
 338              		.cfi_offset 80, -24
 339              		.cfi_offset 81, -20
 340 0006 0546     		mov	r5, r0
 341 0008 B0EE408A 		vmov.f32	s16, s0
   6:Core/Src/devs/leg.cpp **** 		gravity_compensator_factor = cos(encoder__.get_angle())  * kb_ * omega ;
 342              		.loc 1 6 0
 343 000c FFF7FEFF 		bl	_ZN3leg9is_raisedEv
 344              	.LVL38:
 345 0010 0028     		cmp	r0, #0
 346 0012 4ED0     		beq	.L50
  10:Core/Src/devs/leg.cpp **** 	}
 347              		.loc 1 10 0
 348 0014 05F14000 		add	r0, r5, #64
 349 0018 FFF7FEFF 		bl	_ZN7encoder9get_angleEv
 350              	.LVL39:
 351              	.LBB86:
 352              	.LBB87:
 353              		.file 4 "c:\\program files (x86)\\gnu tools arm embedded\\7 2017-q4-major\\arm-none-eabi\\include\
   1:c:\program files (x86)\gnu tools arm embedded\7 2017-q4-major\arm-none-eabi\include\c++\7.2.1\cmath **** // -*- C++ -*- C forwarding header.
   2:c:\program files (x86)\gnu tools arm embedded\7 2017-q4-major\arm-none-eabi\include\c++\7.2.1\cmath **** 
   3:c:\program files (x86)\gnu tools arm embedded\7 2017-q4-major\arm-none-eabi\include\c++\7.2.1\cmath **** // Copyright (C) 1997-2017 Free Software Foundation, Inc.
   4:c:\program files (x86)\gnu tools arm embedded\7 2017-q4-major\arm-none-eabi\include\c++\7.2.1\cmath **** //
   5:c:\program files (x86)\gnu tools arm embedded\7 2017-q4-major\arm-none-eabi\include\c++\7.2.1\cmath **** // This file is part of the GNU ISO C++ Library.  This library is free
   6:c:\program files (x86)\gnu tools arm embedded\7 2017-q4-major\arm-none-eabi\include\c++\7.2.1\cmath **** // software; you can redistribute it and/or modify it under the
   7:c:\program files (x86)\gnu tools arm embedded\7 2017-q4-major\arm-none-eabi\include\c++\7.2.1\cmath **** // terms of the GNU General Public License as published by the
   8:c:\program files (x86)\gnu tools arm embedded\7 2017-q4-major\arm-none-eabi\include\c++\7.2.1\cmath **** // Free Software Foundation; either version 3, or (at your option)
   9:c:\program files (x86)\gnu tools arm embedded\7 2017-q4-major\arm-none-eabi\include\c++\7.2.1\cmath **** // any later version.
  10:c:\program files (x86)\gnu tools arm embedded\7 2017-q4-major\arm-none-eabi\include\c++\7.2.1\cmath **** 
  11:c:\program files (x86)\gnu tools arm embedded\7 2017-q4-major\arm-none-eabi\include\c++\7.2.1\cmath **** // This library is distributed in the hope that it will be useful,
  12:c:\program files (x86)\gnu tools arm embedded\7 2017-q4-major\arm-none-eabi\include\c++\7.2.1\cmath **** // but WITHOUT ANY WARRANTY; without even the implied warranty of
  13:c:\program files (x86)\gnu tools arm embedded\7 2017-q4-major\arm-none-eabi\include\c++\7.2.1\cmath **** // MERCHANTABILITY or FITNESS FOR A PARTICULAR PURPOSE.  See the
ARM GAS  C:\Users\Prashant\AppData\Local\Temp\cc70ljCd.s 			page 10


  14:c:\program files (x86)\gnu tools arm embedded\7 2017-q4-major\arm-none-eabi\include\c++\7.2.1\cmath **** // GNU General Public License for more details.
  15:c:\program files (x86)\gnu tools arm embedded\7 2017-q4-major\arm-none-eabi\include\c++\7.2.1\cmath **** 
  16:c:\program files (x86)\gnu tools arm embedded\7 2017-q4-major\arm-none-eabi\include\c++\7.2.1\cmath **** // Under Section 7 of GPL version 3, you are granted additional
  17:c:\program files (x86)\gnu tools arm embedded\7 2017-q4-major\arm-none-eabi\include\c++\7.2.1\cmath **** // permissions described in the GCC Runtime Library Exception, version
  18:c:\program files (x86)\gnu tools arm embedded\7 2017-q4-major\arm-none-eabi\include\c++\7.2.1\cmath **** // 3.1, as published by the Free Software Foundation.
  19:c:\program files (x86)\gnu tools arm embedded\7 2017-q4-major\arm-none-eabi\include\c++\7.2.1\cmath **** 
  20:c:\program files (x86)\gnu tools arm embedded\7 2017-q4-major\arm-none-eabi\include\c++\7.2.1\cmath **** // You should have received a copy of the GNU General Public License and
  21:c:\program files (x86)\gnu tools arm embedded\7 2017-q4-major\arm-none-eabi\include\c++\7.2.1\cmath **** // a copy of the GCC Runtime Library Exception along with this program;
  22:c:\program files (x86)\gnu tools arm embedded\7 2017-q4-major\arm-none-eabi\include\c++\7.2.1\cmath **** // see the files COPYING3 and COPYING.RUNTIME respectively.  If not, see
  23:c:\program files (x86)\gnu tools arm embedded\7 2017-q4-major\arm-none-eabi\include\c++\7.2.1\cmath **** // <http://www.gnu.org/licenses/>.
  24:c:\program files (x86)\gnu tools arm embedded\7 2017-q4-major\arm-none-eabi\include\c++\7.2.1\cmath **** 
  25:c:\program files (x86)\gnu tools arm embedded\7 2017-q4-major\arm-none-eabi\include\c++\7.2.1\cmath **** /** @file include/cmath
  26:c:\program files (x86)\gnu tools arm embedded\7 2017-q4-major\arm-none-eabi\include\c++\7.2.1\cmath ****  *  This is a Standard C++ Library file.  You should @c \#include this file
  27:c:\program files (x86)\gnu tools arm embedded\7 2017-q4-major\arm-none-eabi\include\c++\7.2.1\cmath ****  *  in your programs, rather than any of the @a *.h implementation files.
  28:c:\program files (x86)\gnu tools arm embedded\7 2017-q4-major\arm-none-eabi\include\c++\7.2.1\cmath ****  *
  29:c:\program files (x86)\gnu tools arm embedded\7 2017-q4-major\arm-none-eabi\include\c++\7.2.1\cmath ****  *  This is the C++ version of the Standard C Library header @c math.h,
  30:c:\program files (x86)\gnu tools arm embedded\7 2017-q4-major\arm-none-eabi\include\c++\7.2.1\cmath ****  *  and its contents are (mostly) the same as that header, but are all
  31:c:\program files (x86)\gnu tools arm embedded\7 2017-q4-major\arm-none-eabi\include\c++\7.2.1\cmath ****  *  contained in the namespace @c std (except for names which are defined
  32:c:\program files (x86)\gnu tools arm embedded\7 2017-q4-major\arm-none-eabi\include\c++\7.2.1\cmath ****  *  as macros in C).
  33:c:\program files (x86)\gnu tools arm embedded\7 2017-q4-major\arm-none-eabi\include\c++\7.2.1\cmath ****  */
  34:c:\program files (x86)\gnu tools arm embedded\7 2017-q4-major\arm-none-eabi\include\c++\7.2.1\cmath **** 
  35:c:\program files (x86)\gnu tools arm embedded\7 2017-q4-major\arm-none-eabi\include\c++\7.2.1\cmath **** //
  36:c:\program files (x86)\gnu tools arm embedded\7 2017-q4-major\arm-none-eabi\include\c++\7.2.1\cmath **** // ISO C++ 14882: 26.5  C library
  37:c:\program files (x86)\gnu tools arm embedded\7 2017-q4-major\arm-none-eabi\include\c++\7.2.1\cmath **** //
  38:c:\program files (x86)\gnu tools arm embedded\7 2017-q4-major\arm-none-eabi\include\c++\7.2.1\cmath **** 
  39:c:\program files (x86)\gnu tools arm embedded\7 2017-q4-major\arm-none-eabi\include\c++\7.2.1\cmath **** #pragma GCC system_header
  40:c:\program files (x86)\gnu tools arm embedded\7 2017-q4-major\arm-none-eabi\include\c++\7.2.1\cmath **** 
  41:c:\program files (x86)\gnu tools arm embedded\7 2017-q4-major\arm-none-eabi\include\c++\7.2.1\cmath **** #include <bits/c++config.h>
  42:c:\program files (x86)\gnu tools arm embedded\7 2017-q4-major\arm-none-eabi\include\c++\7.2.1\cmath **** #include <bits/cpp_type_traits.h>
  43:c:\program files (x86)\gnu tools arm embedded\7 2017-q4-major\arm-none-eabi\include\c++\7.2.1\cmath **** #include <ext/type_traits.h>
  44:c:\program files (x86)\gnu tools arm embedded\7 2017-q4-major\arm-none-eabi\include\c++\7.2.1\cmath **** #define _GLIBCXX_INCLUDE_NEXT_C_HEADERS
  45:c:\program files (x86)\gnu tools arm embedded\7 2017-q4-major\arm-none-eabi\include\c++\7.2.1\cmath **** #include_next <math.h>
  46:c:\program files (x86)\gnu tools arm embedded\7 2017-q4-major\arm-none-eabi\include\c++\7.2.1\cmath **** #undef _GLIBCXX_INCLUDE_NEXT_C_HEADERS
  47:c:\program files (x86)\gnu tools arm embedded\7 2017-q4-major\arm-none-eabi\include\c++\7.2.1\cmath **** #include <bits/std_abs.h>
  48:c:\program files (x86)\gnu tools arm embedded\7 2017-q4-major\arm-none-eabi\include\c++\7.2.1\cmath **** 
  49:c:\program files (x86)\gnu tools arm embedded\7 2017-q4-major\arm-none-eabi\include\c++\7.2.1\cmath **** #ifndef _GLIBCXX_CMATH
  50:c:\program files (x86)\gnu tools arm embedded\7 2017-q4-major\arm-none-eabi\include\c++\7.2.1\cmath **** #define _GLIBCXX_CMATH 1
  51:c:\program files (x86)\gnu tools arm embedded\7 2017-q4-major\arm-none-eabi\include\c++\7.2.1\cmath **** 
  52:c:\program files (x86)\gnu tools arm embedded\7 2017-q4-major\arm-none-eabi\include\c++\7.2.1\cmath **** // Get rid of those macros defined in <math.h> in lieu of real functions.
  53:c:\program files (x86)\gnu tools arm embedded\7 2017-q4-major\arm-none-eabi\include\c++\7.2.1\cmath **** #undef div
  54:c:\program files (x86)\gnu tools arm embedded\7 2017-q4-major\arm-none-eabi\include\c++\7.2.1\cmath **** #undef acos
  55:c:\program files (x86)\gnu tools arm embedded\7 2017-q4-major\arm-none-eabi\include\c++\7.2.1\cmath **** #undef asin
  56:c:\program files (x86)\gnu tools arm embedded\7 2017-q4-major\arm-none-eabi\include\c++\7.2.1\cmath **** #undef atan
  57:c:\program files (x86)\gnu tools arm embedded\7 2017-q4-major\arm-none-eabi\include\c++\7.2.1\cmath **** #undef atan2
  58:c:\program files (x86)\gnu tools arm embedded\7 2017-q4-major\arm-none-eabi\include\c++\7.2.1\cmath **** #undef ceil
  59:c:\program files (x86)\gnu tools arm embedded\7 2017-q4-major\arm-none-eabi\include\c++\7.2.1\cmath **** #undef cos
  60:c:\program files (x86)\gnu tools arm embedded\7 2017-q4-major\arm-none-eabi\include\c++\7.2.1\cmath **** #undef cosh
  61:c:\program files (x86)\gnu tools arm embedded\7 2017-q4-major\arm-none-eabi\include\c++\7.2.1\cmath **** #undef exp
  62:c:\program files (x86)\gnu tools arm embedded\7 2017-q4-major\arm-none-eabi\include\c++\7.2.1\cmath **** #undef fabs
  63:c:\program files (x86)\gnu tools arm embedded\7 2017-q4-major\arm-none-eabi\include\c++\7.2.1\cmath **** #undef floor
  64:c:\program files (x86)\gnu tools arm embedded\7 2017-q4-major\arm-none-eabi\include\c++\7.2.1\cmath **** #undef fmod
  65:c:\program files (x86)\gnu tools arm embedded\7 2017-q4-major\arm-none-eabi\include\c++\7.2.1\cmath **** #undef frexp
  66:c:\program files (x86)\gnu tools arm embedded\7 2017-q4-major\arm-none-eabi\include\c++\7.2.1\cmath **** #undef ldexp
  67:c:\program files (x86)\gnu tools arm embedded\7 2017-q4-major\arm-none-eabi\include\c++\7.2.1\cmath **** #undef log
  68:c:\program files (x86)\gnu tools arm embedded\7 2017-q4-major\arm-none-eabi\include\c++\7.2.1\cmath **** #undef log10
  69:c:\program files (x86)\gnu tools arm embedded\7 2017-q4-major\arm-none-eabi\include\c++\7.2.1\cmath **** #undef modf
  70:c:\program files (x86)\gnu tools arm embedded\7 2017-q4-major\arm-none-eabi\include\c++\7.2.1\cmath **** #undef pow
ARM GAS  C:\Users\Prashant\AppData\Local\Temp\cc70ljCd.s 			page 11


  71:c:\program files (x86)\gnu tools arm embedded\7 2017-q4-major\arm-none-eabi\include\c++\7.2.1\cmath **** #undef sin
  72:c:\program files (x86)\gnu tools arm embedded\7 2017-q4-major\arm-none-eabi\include\c++\7.2.1\cmath **** #undef sinh
  73:c:\program files (x86)\gnu tools arm embedded\7 2017-q4-major\arm-none-eabi\include\c++\7.2.1\cmath **** #undef sqrt
  74:c:\program files (x86)\gnu tools arm embedded\7 2017-q4-major\arm-none-eabi\include\c++\7.2.1\cmath **** #undef tan
  75:c:\program files (x86)\gnu tools arm embedded\7 2017-q4-major\arm-none-eabi\include\c++\7.2.1\cmath **** #undef tanh
  76:c:\program files (x86)\gnu tools arm embedded\7 2017-q4-major\arm-none-eabi\include\c++\7.2.1\cmath **** 
  77:c:\program files (x86)\gnu tools arm embedded\7 2017-q4-major\arm-none-eabi\include\c++\7.2.1\cmath **** extern "C++"
  78:c:\program files (x86)\gnu tools arm embedded\7 2017-q4-major\arm-none-eabi\include\c++\7.2.1\cmath **** {
  79:c:\program files (x86)\gnu tools arm embedded\7 2017-q4-major\arm-none-eabi\include\c++\7.2.1\cmath **** namespace std _GLIBCXX_VISIBILITY(default)
  80:c:\program files (x86)\gnu tools arm embedded\7 2017-q4-major\arm-none-eabi\include\c++\7.2.1\cmath **** {
  81:c:\program files (x86)\gnu tools arm embedded\7 2017-q4-major\arm-none-eabi\include\c++\7.2.1\cmath **** _GLIBCXX_BEGIN_NAMESPACE_VERSION
  82:c:\program files (x86)\gnu tools arm embedded\7 2017-q4-major\arm-none-eabi\include\c++\7.2.1\cmath **** 
  83:c:\program files (x86)\gnu tools arm embedded\7 2017-q4-major\arm-none-eabi\include\c++\7.2.1\cmath ****   using ::acos;
  84:c:\program files (x86)\gnu tools arm embedded\7 2017-q4-major\arm-none-eabi\include\c++\7.2.1\cmath **** 
  85:c:\program files (x86)\gnu tools arm embedded\7 2017-q4-major\arm-none-eabi\include\c++\7.2.1\cmath **** #ifndef __CORRECT_ISO_CPP_MATH_H_PROTO
  86:c:\program files (x86)\gnu tools arm embedded\7 2017-q4-major\arm-none-eabi\include\c++\7.2.1\cmath ****   inline _GLIBCXX_CONSTEXPR float
  87:c:\program files (x86)\gnu tools arm embedded\7 2017-q4-major\arm-none-eabi\include\c++\7.2.1\cmath ****   acos(float __x)
  88:c:\program files (x86)\gnu tools arm embedded\7 2017-q4-major\arm-none-eabi\include\c++\7.2.1\cmath ****   { return __builtin_acosf(__x); }
  89:c:\program files (x86)\gnu tools arm embedded\7 2017-q4-major\arm-none-eabi\include\c++\7.2.1\cmath **** 
  90:c:\program files (x86)\gnu tools arm embedded\7 2017-q4-major\arm-none-eabi\include\c++\7.2.1\cmath ****   inline _GLIBCXX_CONSTEXPR long double
  91:c:\program files (x86)\gnu tools arm embedded\7 2017-q4-major\arm-none-eabi\include\c++\7.2.1\cmath ****   acos(long double __x)
  92:c:\program files (x86)\gnu tools arm embedded\7 2017-q4-major\arm-none-eabi\include\c++\7.2.1\cmath ****   { return __builtin_acosl(__x); }
  93:c:\program files (x86)\gnu tools arm embedded\7 2017-q4-major\arm-none-eabi\include\c++\7.2.1\cmath **** #endif
  94:c:\program files (x86)\gnu tools arm embedded\7 2017-q4-major\arm-none-eabi\include\c++\7.2.1\cmath **** 
  95:c:\program files (x86)\gnu tools arm embedded\7 2017-q4-major\arm-none-eabi\include\c++\7.2.1\cmath ****   template<typename _Tp>
  96:c:\program files (x86)\gnu tools arm embedded\7 2017-q4-major\arm-none-eabi\include\c++\7.2.1\cmath ****     inline _GLIBCXX_CONSTEXPR
  97:c:\program files (x86)\gnu tools arm embedded\7 2017-q4-major\arm-none-eabi\include\c++\7.2.1\cmath ****     typename __gnu_cxx::__enable_if<__is_integer<_Tp>::__value, 
  98:c:\program files (x86)\gnu tools arm embedded\7 2017-q4-major\arm-none-eabi\include\c++\7.2.1\cmath ****                                     double>::__type
  99:c:\program files (x86)\gnu tools arm embedded\7 2017-q4-major\arm-none-eabi\include\c++\7.2.1\cmath ****     acos(_Tp __x)
 100:c:\program files (x86)\gnu tools arm embedded\7 2017-q4-major\arm-none-eabi\include\c++\7.2.1\cmath ****     { return __builtin_acos(__x); }
 101:c:\program files (x86)\gnu tools arm embedded\7 2017-q4-major\arm-none-eabi\include\c++\7.2.1\cmath **** 
 102:c:\program files (x86)\gnu tools arm embedded\7 2017-q4-major\arm-none-eabi\include\c++\7.2.1\cmath ****   using ::asin;
 103:c:\program files (x86)\gnu tools arm embedded\7 2017-q4-major\arm-none-eabi\include\c++\7.2.1\cmath **** 
 104:c:\program files (x86)\gnu tools arm embedded\7 2017-q4-major\arm-none-eabi\include\c++\7.2.1\cmath **** #ifndef __CORRECT_ISO_CPP_MATH_H_PROTO
 105:c:\program files (x86)\gnu tools arm embedded\7 2017-q4-major\arm-none-eabi\include\c++\7.2.1\cmath ****   inline _GLIBCXX_CONSTEXPR float
 106:c:\program files (x86)\gnu tools arm embedded\7 2017-q4-major\arm-none-eabi\include\c++\7.2.1\cmath ****   asin(float __x)
 107:c:\program files (x86)\gnu tools arm embedded\7 2017-q4-major\arm-none-eabi\include\c++\7.2.1\cmath ****   { return __builtin_asinf(__x); }
 108:c:\program files (x86)\gnu tools arm embedded\7 2017-q4-major\arm-none-eabi\include\c++\7.2.1\cmath **** 
 109:c:\program files (x86)\gnu tools arm embedded\7 2017-q4-major\arm-none-eabi\include\c++\7.2.1\cmath ****   inline _GLIBCXX_CONSTEXPR long double
 110:c:\program files (x86)\gnu tools arm embedded\7 2017-q4-major\arm-none-eabi\include\c++\7.2.1\cmath ****   asin(long double __x)
 111:c:\program files (x86)\gnu tools arm embedded\7 2017-q4-major\arm-none-eabi\include\c++\7.2.1\cmath ****   { return __builtin_asinl(__x); }
 112:c:\program files (x86)\gnu tools arm embedded\7 2017-q4-major\arm-none-eabi\include\c++\7.2.1\cmath **** #endif
 113:c:\program files (x86)\gnu tools arm embedded\7 2017-q4-major\arm-none-eabi\include\c++\7.2.1\cmath **** 
 114:c:\program files (x86)\gnu tools arm embedded\7 2017-q4-major\arm-none-eabi\include\c++\7.2.1\cmath ****   template<typename _Tp>
 115:c:\program files (x86)\gnu tools arm embedded\7 2017-q4-major\arm-none-eabi\include\c++\7.2.1\cmath ****     inline _GLIBCXX_CONSTEXPR
 116:c:\program files (x86)\gnu tools arm embedded\7 2017-q4-major\arm-none-eabi\include\c++\7.2.1\cmath ****     typename __gnu_cxx::__enable_if<__is_integer<_Tp>::__value,
 117:c:\program files (x86)\gnu tools arm embedded\7 2017-q4-major\arm-none-eabi\include\c++\7.2.1\cmath ****                                     double>::__type
 118:c:\program files (x86)\gnu tools arm embedded\7 2017-q4-major\arm-none-eabi\include\c++\7.2.1\cmath ****     asin(_Tp __x)
 119:c:\program files (x86)\gnu tools arm embedded\7 2017-q4-major\arm-none-eabi\include\c++\7.2.1\cmath ****     { return __builtin_asin(__x); }
 120:c:\program files (x86)\gnu tools arm embedded\7 2017-q4-major\arm-none-eabi\include\c++\7.2.1\cmath **** 
 121:c:\program files (x86)\gnu tools arm embedded\7 2017-q4-major\arm-none-eabi\include\c++\7.2.1\cmath ****   using ::atan;
 122:c:\program files (x86)\gnu tools arm embedded\7 2017-q4-major\arm-none-eabi\include\c++\7.2.1\cmath **** 
 123:c:\program files (x86)\gnu tools arm embedded\7 2017-q4-major\arm-none-eabi\include\c++\7.2.1\cmath **** #ifndef __CORRECT_ISO_CPP_MATH_H_PROTO
 124:c:\program files (x86)\gnu tools arm embedded\7 2017-q4-major\arm-none-eabi\include\c++\7.2.1\cmath ****   inline _GLIBCXX_CONSTEXPR float
 125:c:\program files (x86)\gnu tools arm embedded\7 2017-q4-major\arm-none-eabi\include\c++\7.2.1\cmath ****   atan(float __x)
 126:c:\program files (x86)\gnu tools arm embedded\7 2017-q4-major\arm-none-eabi\include\c++\7.2.1\cmath ****   { return __builtin_atanf(__x); }
 127:c:\program files (x86)\gnu tools arm embedded\7 2017-q4-major\arm-none-eabi\include\c++\7.2.1\cmath **** 
ARM GAS  C:\Users\Prashant\AppData\Local\Temp\cc70ljCd.s 			page 12


 128:c:\program files (x86)\gnu tools arm embedded\7 2017-q4-major\arm-none-eabi\include\c++\7.2.1\cmath ****   inline _GLIBCXX_CONSTEXPR long double
 129:c:\program files (x86)\gnu tools arm embedded\7 2017-q4-major\arm-none-eabi\include\c++\7.2.1\cmath ****   atan(long double __x)
 130:c:\program files (x86)\gnu tools arm embedded\7 2017-q4-major\arm-none-eabi\include\c++\7.2.1\cmath ****   { return __builtin_atanl(__x); }
 131:c:\program files (x86)\gnu tools arm embedded\7 2017-q4-major\arm-none-eabi\include\c++\7.2.1\cmath **** #endif
 132:c:\program files (x86)\gnu tools arm embedded\7 2017-q4-major\arm-none-eabi\include\c++\7.2.1\cmath **** 
 133:c:\program files (x86)\gnu tools arm embedded\7 2017-q4-major\arm-none-eabi\include\c++\7.2.1\cmath ****   template<typename _Tp>
 134:c:\program files (x86)\gnu tools arm embedded\7 2017-q4-major\arm-none-eabi\include\c++\7.2.1\cmath ****     inline _GLIBCXX_CONSTEXPR
 135:c:\program files (x86)\gnu tools arm embedded\7 2017-q4-major\arm-none-eabi\include\c++\7.2.1\cmath ****     typename __gnu_cxx::__enable_if<__is_integer<_Tp>::__value,
 136:c:\program files (x86)\gnu tools arm embedded\7 2017-q4-major\arm-none-eabi\include\c++\7.2.1\cmath ****                                     double>::__type
 137:c:\program files (x86)\gnu tools arm embedded\7 2017-q4-major\arm-none-eabi\include\c++\7.2.1\cmath ****     atan(_Tp __x)
 138:c:\program files (x86)\gnu tools arm embedded\7 2017-q4-major\arm-none-eabi\include\c++\7.2.1\cmath ****     { return __builtin_atan(__x); }
 139:c:\program files (x86)\gnu tools arm embedded\7 2017-q4-major\arm-none-eabi\include\c++\7.2.1\cmath **** 
 140:c:\program files (x86)\gnu tools arm embedded\7 2017-q4-major\arm-none-eabi\include\c++\7.2.1\cmath ****   using ::atan2;
 141:c:\program files (x86)\gnu tools arm embedded\7 2017-q4-major\arm-none-eabi\include\c++\7.2.1\cmath **** 
 142:c:\program files (x86)\gnu tools arm embedded\7 2017-q4-major\arm-none-eabi\include\c++\7.2.1\cmath **** #ifndef __CORRECT_ISO_CPP_MATH_H_PROTO
 143:c:\program files (x86)\gnu tools arm embedded\7 2017-q4-major\arm-none-eabi\include\c++\7.2.1\cmath ****   inline _GLIBCXX_CONSTEXPR float
 144:c:\program files (x86)\gnu tools arm embedded\7 2017-q4-major\arm-none-eabi\include\c++\7.2.1\cmath ****   atan2(float __y, float __x)
 145:c:\program files (x86)\gnu tools arm embedded\7 2017-q4-major\arm-none-eabi\include\c++\7.2.1\cmath ****   { return __builtin_atan2f(__y, __x); }
 146:c:\program files (x86)\gnu tools arm embedded\7 2017-q4-major\arm-none-eabi\include\c++\7.2.1\cmath **** 
 147:c:\program files (x86)\gnu tools arm embedded\7 2017-q4-major\arm-none-eabi\include\c++\7.2.1\cmath ****   inline _GLIBCXX_CONSTEXPR long double
 148:c:\program files (x86)\gnu tools arm embedded\7 2017-q4-major\arm-none-eabi\include\c++\7.2.1\cmath ****   atan2(long double __y, long double __x)
 149:c:\program files (x86)\gnu tools arm embedded\7 2017-q4-major\arm-none-eabi\include\c++\7.2.1\cmath ****   { return __builtin_atan2l(__y, __x); }
 150:c:\program files (x86)\gnu tools arm embedded\7 2017-q4-major\arm-none-eabi\include\c++\7.2.1\cmath **** #endif
 151:c:\program files (x86)\gnu tools arm embedded\7 2017-q4-major\arm-none-eabi\include\c++\7.2.1\cmath **** 
 152:c:\program files (x86)\gnu tools arm embedded\7 2017-q4-major\arm-none-eabi\include\c++\7.2.1\cmath ****   template<typename _Tp, typename _Up>
 153:c:\program files (x86)\gnu tools arm embedded\7 2017-q4-major\arm-none-eabi\include\c++\7.2.1\cmath ****     inline _GLIBCXX_CONSTEXPR
 154:c:\program files (x86)\gnu tools arm embedded\7 2017-q4-major\arm-none-eabi\include\c++\7.2.1\cmath ****     typename __gnu_cxx::__promote_2<_Tp, _Up>::__type
 155:c:\program files (x86)\gnu tools arm embedded\7 2017-q4-major\arm-none-eabi\include\c++\7.2.1\cmath ****     atan2(_Tp __y, _Up __x)
 156:c:\program files (x86)\gnu tools arm embedded\7 2017-q4-major\arm-none-eabi\include\c++\7.2.1\cmath ****     {
 157:c:\program files (x86)\gnu tools arm embedded\7 2017-q4-major\arm-none-eabi\include\c++\7.2.1\cmath ****       typedef typename __gnu_cxx::__promote_2<_Tp, _Up>::__type __type;
 158:c:\program files (x86)\gnu tools arm embedded\7 2017-q4-major\arm-none-eabi\include\c++\7.2.1\cmath ****       return atan2(__type(__y), __type(__x));
 159:c:\program files (x86)\gnu tools arm embedded\7 2017-q4-major\arm-none-eabi\include\c++\7.2.1\cmath ****     }
 160:c:\program files (x86)\gnu tools arm embedded\7 2017-q4-major\arm-none-eabi\include\c++\7.2.1\cmath **** 
 161:c:\program files (x86)\gnu tools arm embedded\7 2017-q4-major\arm-none-eabi\include\c++\7.2.1\cmath ****   using ::ceil;
 162:c:\program files (x86)\gnu tools arm embedded\7 2017-q4-major\arm-none-eabi\include\c++\7.2.1\cmath **** 
 163:c:\program files (x86)\gnu tools arm embedded\7 2017-q4-major\arm-none-eabi\include\c++\7.2.1\cmath **** #ifndef __CORRECT_ISO_CPP_MATH_H_PROTO
 164:c:\program files (x86)\gnu tools arm embedded\7 2017-q4-major\arm-none-eabi\include\c++\7.2.1\cmath ****   inline _GLIBCXX_CONSTEXPR float
 165:c:\program files (x86)\gnu tools arm embedded\7 2017-q4-major\arm-none-eabi\include\c++\7.2.1\cmath ****   ceil(float __x)
 166:c:\program files (x86)\gnu tools arm embedded\7 2017-q4-major\arm-none-eabi\include\c++\7.2.1\cmath ****   { return __builtin_ceilf(__x); }
 167:c:\program files (x86)\gnu tools arm embedded\7 2017-q4-major\arm-none-eabi\include\c++\7.2.1\cmath **** 
 168:c:\program files (x86)\gnu tools arm embedded\7 2017-q4-major\arm-none-eabi\include\c++\7.2.1\cmath ****   inline _GLIBCXX_CONSTEXPR long double
 169:c:\program files (x86)\gnu tools arm embedded\7 2017-q4-major\arm-none-eabi\include\c++\7.2.1\cmath ****   ceil(long double __x)
 170:c:\program files (x86)\gnu tools arm embedded\7 2017-q4-major\arm-none-eabi\include\c++\7.2.1\cmath ****   { return __builtin_ceill(__x); }
 171:c:\program files (x86)\gnu tools arm embedded\7 2017-q4-major\arm-none-eabi\include\c++\7.2.1\cmath **** #endif
 172:c:\program files (x86)\gnu tools arm embedded\7 2017-q4-major\arm-none-eabi\include\c++\7.2.1\cmath **** 
 173:c:\program files (x86)\gnu tools arm embedded\7 2017-q4-major\arm-none-eabi\include\c++\7.2.1\cmath ****   template<typename _Tp>
 174:c:\program files (x86)\gnu tools arm embedded\7 2017-q4-major\arm-none-eabi\include\c++\7.2.1\cmath ****     inline _GLIBCXX_CONSTEXPR
 175:c:\program files (x86)\gnu tools arm embedded\7 2017-q4-major\arm-none-eabi\include\c++\7.2.1\cmath ****     typename __gnu_cxx::__enable_if<__is_integer<_Tp>::__value, 
 176:c:\program files (x86)\gnu tools arm embedded\7 2017-q4-major\arm-none-eabi\include\c++\7.2.1\cmath ****                                     double>::__type
 177:c:\program files (x86)\gnu tools arm embedded\7 2017-q4-major\arm-none-eabi\include\c++\7.2.1\cmath ****     ceil(_Tp __x)
 178:c:\program files (x86)\gnu tools arm embedded\7 2017-q4-major\arm-none-eabi\include\c++\7.2.1\cmath ****     { return __builtin_ceil(__x); }
 179:c:\program files (x86)\gnu tools arm embedded\7 2017-q4-major\arm-none-eabi\include\c++\7.2.1\cmath **** 
 180:c:\program files (x86)\gnu tools arm embedded\7 2017-q4-major\arm-none-eabi\include\c++\7.2.1\cmath ****   using ::cos;
 181:c:\program files (x86)\gnu tools arm embedded\7 2017-q4-major\arm-none-eabi\include\c++\7.2.1\cmath **** 
 182:c:\program files (x86)\gnu tools arm embedded\7 2017-q4-major\arm-none-eabi\include\c++\7.2.1\cmath **** #ifndef __CORRECT_ISO_CPP_MATH_H_PROTO
 183:c:\program files (x86)\gnu tools arm embedded\7 2017-q4-major\arm-none-eabi\include\c++\7.2.1\cmath ****   inline _GLIBCXX_CONSTEXPR float
 184:c:\program files (x86)\gnu tools arm embedded\7 2017-q4-major\arm-none-eabi\include\c++\7.2.1\cmath ****   cos(float __x)
ARM GAS  C:\Users\Prashant\AppData\Local\Temp\cc70ljCd.s 			page 13


 185:c:\program files (x86)\gnu tools arm embedded\7 2017-q4-major\arm-none-eabi\include\c++\7.2.1\cmath ****   { return __builtin_cosf(__x); }
 354              		.loc 4 185 0
 355 001c FFF7FEFF 		bl	cosf
 356              	.LVL40:
 357              	.LBE87:
 358              	.LBE86:
  10:Core/Src/devs/leg.cpp **** 	}
 359              		.loc 1 10 0
 360 0020 D5ED157A 		vldr.32	s15, [r5, #84]
 361 0024 20EE670A 		vnmul.f32	s0, s0, s15
 362 0028 20EE080A 		vmul.f32	s0, s0, s16
 363              	.LVL41:
 364              	.L41:
  12:Core/Src/devs/leg.cpp **** 	
 365              		.loc 1 12 0
 366 002c 30EE088A 		vadd.f32	s16, s0, s16
 367              	.LVL42:
  15:Core/Src/devs/leg.cpp **** 	// printf("omega = %d\t, computed_omega = %d\n", (int)(omega*100), (int)(computed_omega*100));
 368              		.loc 1 15 0
 369 0030 05F11404 		add	r4, r5, #20
 370 0034 05F14000 		add	r0, r5, #64
 371 0038 FFF7FEFF 		bl	_ZN7encoder9get_omegaEv
 372              	.LVL43:
 373 003c 38EE400A 		vsub.f32	s0, s16, s0
 374              	.LVL44:
 375              	.LBB88:
 376              	.LBB89:
 377              	.LBB90:
 378              	.LBB91:
 379              		.file 5 "Core/Inc/utils/pid_algorithms.h"
   1:Core/Inc/utils/pid_algorithms.h **** #ifndef _PID_ALGORITHMS_H_
   2:Core/Inc/utils/pid_algorithms.h **** #define _PID_ALGORITHMS_H_
   3:Core/Inc/utils/pid_algorithms.h **** 
   4:Core/Inc/utils/pid_algorithms.h **** class PID_Algorithm
   5:Core/Inc/utils/pid_algorithms.h **** {
   6:Core/Inc/utils/pid_algorithms.h ****       public:
   7:Core/Inc/utils/pid_algorithms.h ****         PID_Algorithm() { set_PID(0, 0, 0); }
   8:Core/Inc/utils/pid_algorithms.h ****         PID_Algorithm(float p, float i, float d) { set_PID(p, i, d); }
   9:Core/Inc/utils/pid_algorithms.h ****         virtual float compute(float error, uint32_t dt_millis) = 0;
  10:Core/Inc/utils/pid_algorithms.h **** 
  11:Core/Inc/utils/pid_algorithms.h ****         void set_P(float p) { p_ = p; }
  12:Core/Inc/utils/pid_algorithms.h ****         void set_I(float i) { i_ = i; }
  13:Core/Inc/utils/pid_algorithms.h ****         void set_D(float d) { d_ = d; }
  14:Core/Inc/utils/pid_algorithms.h ****         void set_PID(float p, float i, float d)
  15:Core/Inc/utils/pid_algorithms.h ****         {
  16:Core/Inc/utils/pid_algorithms.h ****                 set_P(p);
  17:Core/Inc/utils/pid_algorithms.h ****                 set_I(i);
  18:Core/Inc/utils/pid_algorithms.h ****                 set_D(d);
  19:Core/Inc/utils/pid_algorithms.h ****         }
  20:Core/Inc/utils/pid_algorithms.h ****         float get_P() { return p_; }
 380              		.loc 5 20 0
 381 0040 94ED016A 		vldr.32	s12, [r4, #4]
 382              	.LVL45:
 383              	.LBE91:
 384              	.LBE90:
 385              	.LBB92:
 386              	.LBB93:
ARM GAS  C:\Users\Prashant\AppData\Local\Temp\cc70ljCd.s 			page 14


  21:Core/Inc/utils/pid_algorithms.h ****         float get_I() { return i_; }
 387              		.loc 5 21 0
 388 0044 94ED027A 		vldr.32	s14, [r4, #8]
 389              	.LVL46:
 390              	.LBE93:
 391              	.LBE92:
 392              	.LBB94:
 393              	.LBB95:
  22:Core/Inc/utils/pid_algorithms.h ****         float get_D() { return d_; }
 394              		.loc 5 22 0
 395 0048 D4ED037A 		vldr.32	s15, [r4, #12]
 396              	.LVL47:
 397              	.LBE95:
 398              	.LBE94:
  23:Core/Inc/utils/pid_algorithms.h **** 
  24:Core/Inc/utils/pid_algorithms.h ****         void set_Limits(float max_out, float min_out)
  25:Core/Inc/utils/pid_algorithms.h ****         {
  26:Core/Inc/utils/pid_algorithms.h ****                 max_ = max_out;
  27:Core/Inc/utils/pid_algorithms.h ****                 min_ = min_out;
  28:Core/Inc/utils/pid_algorithms.h ****         }
  29:Core/Inc/utils/pid_algorithms.h **** 
  30:Core/Inc/utils/pid_algorithms.h ****         float get_Upper() { return max_; }
  31:Core/Inc/utils/pid_algorithms.h ****         float get_Lower() { return min_; }
  32:Core/Inc/utils/pid_algorithms.h **** 
  33:Core/Inc/utils/pid_algorithms.h ****         virtual ~PID_Algorithm() {}
  34:Core/Inc/utils/pid_algorithms.h **** 
  35:Core/Inc/utils/pid_algorithms.h ****       protected:
  36:Core/Inc/utils/pid_algorithms.h ****         float p_, i_, d_;
  37:Core/Inc/utils/pid_algorithms.h ****         float max_, min_;
  38:Core/Inc/utils/pid_algorithms.h **** };
  39:Core/Inc/utils/pid_algorithms.h **** 
  40:Core/Inc/utils/pid_algorithms.h **** class Discrete_PID : public PID_Algorithm
  41:Core/Inc/utils/pid_algorithms.h **** {
  42:Core/Inc/utils/pid_algorithms.h ****       public:
  43:Core/Inc/utils/pid_algorithms.h ****         Discrete_PID(float p, float i, float d) : PID_Algorithm(p, i, d)
  44:Core/Inc/utils/pid_algorithms.h ****         {
  45:Core/Inc/utils/pid_algorithms.h ****                 l_output_ = 0;
  46:Core/Inc/utils/pid_algorithms.h ****                 l_err_ = 0;
  47:Core/Inc/utils/pid_algorithms.h ****                 ll_err_ = 0;
  48:Core/Inc/utils/pid_algorithms.h ****         }
  49:Core/Inc/utils/pid_algorithms.h ****         Discrete_PID()
  50:Core/Inc/utils/pid_algorithms.h ****         {
  51:Core/Inc/utils/pid_algorithms.h ****                 l_output_ = 0;
  52:Core/Inc/utils/pid_algorithms.h ****                 l_err_ = 0;
  53:Core/Inc/utils/pid_algorithms.h ****                 ll_err_ = 0;
  54:Core/Inc/utils/pid_algorithms.h ****         }
  55:Core/Inc/utils/pid_algorithms.h ****         Discrete_PID(Discrete_PID &&) = default;
  56:Core/Inc/utils/pid_algorithms.h ****         Discrete_PID(const Discrete_PID &) = default;
  57:Core/Inc/utils/pid_algorithms.h ****         Discrete_PID &operator=(Discrete_PID &&) = default;
  58:Core/Inc/utils/pid_algorithms.h ****         Discrete_PID &operator=(const Discrete_PID &) = default;
  59:Core/Inc/utils/pid_algorithms.h ****         ~Discrete_PID() {}
  60:Core/Inc/utils/pid_algorithms.h **** 
  61:Core/Inc/utils/pid_algorithms.h ****         /* *** PID Algorithm Description ***
  62:Core/Inc/utils/pid_algorithms.h ****          * 1) Discrete PID control Algorithm
  63:Core/Inc/utils/pid_algorithms.h ****          * 2) Integrator Method : Forward Euler
  64:Core/Inc/utils/pid_algorithms.h ****          * 3) //! Filtered Derivative not used
  65:Core/Inc/utils/pid_algorithms.h ****          * 4) Output Limited
ARM GAS  C:\Users\Prashant\AppData\Local\Temp\cc70ljCd.s 			page 15


  66:Core/Inc/utils/pid_algorithms.h ****          * 5) Form : Parallel
  67:Core/Inc/utils/pid_algorithms.h ****          * 6) Compensator Formula : Dz = P + I*Ts/(z-1) + D*(z-1)/(Ts*z)
  68:Core/Inc/utils/pid_algorithms.h ****          * 7) In Time Domain :
  69:Core/Inc/utils/pid_algorithms.h ****          *      y(t) - y(t-1) = a*x(t) + b*x(t-1) + c*x(t-2)
  70:Core/Inc/utils/pid_algorithms.h ****          *      where,
  71:Core/Inc/utils/pid_algorithms.h ****          *              a = P + D/Ts
  72:Core/Inc/utils/pid_algorithms.h ****          *              b = -P + I*Ts - 2*D/Ts
  73:Core/Inc/utils/pid_algorithms.h ****          *              c = D/Ts
  74:Core/Inc/utils/pid_algorithms.h ****          */
  75:Core/Inc/utils/pid_algorithms.h ****         float compute(float error, uint32_t dt_millis)
  76:Core/Inc/utils/pid_algorithms.h ****         {
  77:Core/Inc/utils/pid_algorithms.h ****                 float Ts = (float)dt_millis / 1000.0;
  78:Core/Inc/utils/pid_algorithms.h **** 
  79:Core/Inc/utils/pid_algorithms.h ****                 float P = get_P();
  80:Core/Inc/utils/pid_algorithms.h ****                 float I = get_I();
  81:Core/Inc/utils/pid_algorithms.h ****                 float D_by_Ts = get_D() / Ts;
 399              		.loc 5 81 0
 400 004c DFED2B5A 		vldr.32	s11, .L52
 401 0050 C7EEA56A 		vdiv.f32	s13, s15, s11
 402              	.LVL48:
  82:Core/Inc/utils/pid_algorithms.h **** 
  83:Core/Inc/utils/pid_algorithms.h ****                 float a = P + D_by_Ts;
 403              		.loc 5 83 0
 404 0054 76EE267A 		vadd.f32	s15, s12, s13
 405              	.LVL49:
  84:Core/Inc/utils/pid_algorithms.h ****                 float b = -P + I * Ts - 2 * D_by_Ts;
 406              		.loc 5 84 0
 407 0058 27EE257A 		vmul.f32	s14, s14, s11
 408 005c 37EE467A 		vsub.f32	s14, s14, s12
 409 0060 36EEA66A 		vadd.f32	s12, s13, s13
 410 0064 37EE467A 		vsub.f32	s14, s14, s12
 411              	.LVL50:
  85:Core/Inc/utils/pid_algorithms.h ****                 float c = D_by_Ts;
  86:Core/Inc/utils/pid_algorithms.h **** 
  87:Core/Inc/utils/pid_algorithms.h ****                 l_output_ += a * error + b * l_err_ + c * ll_err_;
 412              		.loc 5 87 0
 413 0068 60EE277A 		vmul.f32	s15, s0, s15
 414              	.LVL51:
 415 006c 94ED076A 		vldr.32	s12, [r4, #28]
 416 0070 27EE067A 		vmul.f32	s14, s14, s12
 417              	.LVL52:
 418 0074 77EE877A 		vadd.f32	s15, s15, s14
 419 0078 94ED087A 		vldr.32	s14, [r4, #32]
 420 007c 66EE876A 		vmul.f32	s13, s13, s14
 421              	.LVL53:
 422 0080 77EEA67A 		vadd.f32	s15, s15, s13
 423 0084 94ED067A 		vldr.32	s14, [r4, #24]
 424 0088 77EE877A 		vadd.f32	s15, s15, s14
 425 008c C4ED067A 		vstr.32	s15, [r4, #24]
 426              	.LVL54:
 427              	.LBB96:
 428              	.LBB97:
  30:Core/Inc/utils/pid_algorithms.h ****         float get_Lower() { return min_; }
 429              		.loc 5 30 0
 430 0090 94ED047A 		vldr.32	s14, [r4, #16]
 431              	.LVL55:
 432              	.LBE97:
ARM GAS  C:\Users\Prashant\AppData\Local\Temp\cc70ljCd.s 			page 16


 433              	.LBE96:
  88:Core/Inc/utils/pid_algorithms.h **** 
  89:Core/Inc/utils/pid_algorithms.h ****                 if (l_output_ > get_Upper())
 434              		.loc 5 89 0
 435 0094 F4EEC77A 		vcmpe.f32	s15, s14
 436 0098 F1EE10FA 		vmrs	APSR_nzcv, FPSCR
 437 009c 16DC     		bgt	.L51
 438              	.LVL56:
 439              	.LBB98:
 440              	.LBB99:
  31:Core/Inc/utils/pid_algorithms.h **** 
 441              		.loc 5 31 0
 442 009e 94ED057A 		vldr.32	s14, [r4, #20]
 443              	.LVL57:
 444              	.LBE99:
 445              	.LBE98:
  90:Core/Inc/utils/pid_algorithms.h ****                 {
  91:Core/Inc/utils/pid_algorithms.h ****                         l_output_ = get_Upper();
  92:Core/Inc/utils/pid_algorithms.h ****                 }
  93:Core/Inc/utils/pid_algorithms.h ****                 else if (l_output_ < get_Lower())
 446              		.loc 5 93 0
 447 00a2 F4EEC77A 		vcmpe.f32	s15, s14
 448 00a6 F1EE10FA 		vmrs	APSR_nzcv, FPSCR
 449 00aa 11D5     		bpl	.L44
  94:Core/Inc/utils/pid_algorithms.h ****                 {
  95:Core/Inc/utils/pid_algorithms.h ****                         l_output_ = get_Lower();
 450              		.loc 5 95 0
 451 00ac 84ED067A 		vstr.32	s14, [r4, #24]
 452 00b0 0EE0     		b	.L44
 453              	.LVL58:
 454              	.L50:
 455              	.LBE89:
 456              	.LBE88:
   7:Core/Src/devs/leg.cpp **** 	}
 457              		.loc 1 7 0
 458 00b2 05F14000 		add	r0, r5, #64
 459 00b6 FFF7FEFF 		bl	_ZN7encoder9get_angleEv
 460              	.LVL59:
 461              	.LBB101:
 462              	.LBB102:
 463              		.loc 4 185 0
 464 00ba FFF7FEFF 		bl	cosf
 465              	.LVL60:
 466              	.LBE102:
 467              	.LBE101:
   7:Core/Src/devs/leg.cpp **** 	}
 468              		.loc 1 7 0
 469 00be D5ED147A 		vldr.32	s15, [r5, #80]
 470 00c2 27EE800A 		vmul.f32	s0, s15, s0
 471 00c6 20EE080A 		vmul.f32	s0, s0, s16
 472              	.LVL61:
 473 00ca AFE7     		b	.L41
 474              	.LVL62:
 475              	.L51:
 476              	.LBB103:
 477              	.LBB100:
  91:Core/Inc/utils/pid_algorithms.h ****                 }
ARM GAS  C:\Users\Prashant\AppData\Local\Temp\cc70ljCd.s 			page 17


 478              		.loc 5 91 0
 479 00cc 84ED067A 		vstr.32	s14, [r4, #24]
 480              	.L44:
  96:Core/Inc/utils/pid_algorithms.h ****                 }
  97:Core/Inc/utils/pid_algorithms.h **** 
  98:Core/Inc/utils/pid_algorithms.h ****                 ll_err_ = l_err_;
 481              		.loc 5 98 0
 482 00d0 84ED086A 		vstr.32	s12, [r4, #32]
  99:Core/Inc/utils/pid_algorithms.h ****                 l_err_ = error;
 483              		.loc 5 99 0
 484 00d4 84ED070A 		vstr.32	s0, [r4, #28]
 100:Core/Inc/utils/pid_algorithms.h **** 		
 101:Core/Inc/utils/pid_algorithms.h ****                 return l_output_;
 485              		.loc 5 101 0
 486 00d8 94ED068A 		vldr.32	s16, [r4, #24]
 487              	.LVL63:
 488              	.LBE100:
 489              	.LBE103:
  17:Core/Src/devs/leg.cpp **** 	motor__[1].set_omega(computed_omega);
 490              		.loc 1 17 0
 491 00dc B0EE480A 		vmov.f32	s0, s16
 492 00e0 05F13800 		add	r0, r5, #56
 493 00e4 FFF7FEFF 		bl	_ZN5motor9set_omegaEf
 494              	.LVL64:
  18:Core/Src/devs/leg.cpp **** }
 495              		.loc 1 18 0
 496 00e8 B0EE480A 		vmov.f32	s0, s16
 497 00ec 05F13C00 		add	r0, r5, #60
 498 00f0 FFF7FEFF 		bl	_ZN5motor9set_omegaEf
 499              	.LVL65:
  19:Core/Src/devs/leg.cpp **** 
 500              		.loc 1 19 0
 501 00f4 BDEC028B 		vldm	sp!, {d8}
 502              	.LCFI3:
 503              		.cfi_restore 80
 504              		.cfi_restore 81
 505              		.cfi_def_cfa_offset 16
 506 00f8 38BD     		pop	{r3, r4, r5, pc}
 507              	.LVL66:
 508              	.L53:
 509 00fa 00BF     		.align	2
 510              	.L52:
 511 00fc 0AD7233C 		.word	1008981770
 512              		.cfi_endproc
 513              	.LFE449:
 515              		.section	.text._ZN3leg26is_raised_without_deadzoneEv,"ax",%progbits
 516              		.align	1
 517              		.global	_ZN3leg26is_raised_without_deadzoneEv
 518              		.syntax unified
 519              		.thumb
 520              		.thumb_func
 521              		.fpu fpv4-sp-d16
 523              	_ZN3leg26is_raised_without_deadzoneEv:
 524              	.LFB452:
  59:Core/Src/devs/leg.cpp **** 
  60:Core/Src/devs/leg.cpp **** bool leg::is_raised_without_deadzone(){
 525              		.loc 1 60 0
ARM GAS  C:\Users\Prashant\AppData\Local\Temp\cc70ljCd.s 			page 18


 526              		.cfi_startproc
 527              		@ args = 0, pretend = 0, frame = 0
 528              		@ frame_needed = 0, uses_anonymous_args = 0
 529              	.LVL67:
 530 0000 10B5     		push	{r4, lr}
 531              	.LCFI4:
 532              		.cfi_def_cfa_offset 8
 533              		.cfi_offset 4, -8
 534              		.cfi_offset 14, -4
 535              	.LVL68:
 536              	.LBB104:
 537              	.LBB105:
 538              		.loc 3 47 0
 539 0002 00F14004 		add	r4, r0, #64
 540 0006 2046     		mov	r0, r4
 541              	.LVL69:
 542 0008 FFF7FEFF 		bl	_ZN7encoder9get_angleEv
 543              	.LVL70:
 544              	.LBE105:
 545              	.LBE104:
  61:Core/Src/devs/leg.cpp **** 	if(((this->get_angle()>=0) && (this->get_angle()<=(PI)))  ||  ((this->get_angle()<=(-PI)) && (this
 546              		.loc 1 61 0
 547 000c B5EEC00A 		vcmpe.f32	s0, #0
 548 0010 F1EE10FA 		vmrs	APSR_nzcv, FPSCR
 549 0014 0CDB     		blt	.L55
 550              	.LVL71:
 551              	.LBB106:
 552              	.LBB107:
 553              		.loc 3 47 0
 554 0016 2046     		mov	r0, r4
 555 0018 FFF7FEFF 		bl	_ZN7encoder9get_angleEv
 556              	.LVL72:
 557              	.LBE107:
 558              	.LBE106:
 559              		.loc 1 61 0
 560 001c 10EE100A 		vmov	r0, s0
 561 0020 FFF7FEFF 		bl	__aeabi_f2d
 562              	.LVL73:
 563 0024 14A3     		adr	r3, .L67
 564 0026 D3E90023 		ldrd	r2, [r3]
 565 002a FFF7FEFF 		bl	__aeabi_dcmple
 566              	.LVL74:
 567 002e F0B9     		cbnz	r0, .L59
 568              	.L55:
 569              	.LVL75:
 570              	.LBB108:
 571              	.LBB109:
 572              		.loc 3 47 0 discriminator 4
 573 0030 2046     		mov	r0, r4
 574 0032 FFF7FEFF 		bl	_ZN7encoder9get_angleEv
 575              	.LVL76:
 576              	.LBE109:
 577              	.LBE108:
 578              		.loc 1 61 0 discriminator 4
 579 0036 10EE100A 		vmov	r0, s0
 580 003a FFF7FEFF 		bl	__aeabi_f2d
 581              	.LVL77:
ARM GAS  C:\Users\Prashant\AppData\Local\Temp\cc70ljCd.s 			page 19


 582 003e 10A3     		adr	r3, .L67+8
 583 0040 D3E90023 		ldrd	r2, [r3]
 584 0044 FFF7FEFF 		bl	__aeabi_dcmple
 585              	.LVL78:
 586 0048 08B9     		cbnz	r0, .L66
  62:Core/Src/devs/leg.cpp **** 		return true;
  63:Core/Src/devs/leg.cpp **** 	}
  64:Core/Src/devs/leg.cpp **** 	else{
  65:Core/Src/devs/leg.cpp **** 		return false;
 587              		.loc 1 65 0
 588 004a 0020     		movs	r0, #0
 589              	.L57:
  66:Core/Src/devs/leg.cpp **** 	}
  67:Core/Src/devs/leg.cpp **** 
  68:Core/Src/devs/leg.cpp **** }
 590              		.loc 1 68 0
 591 004c 10BD     		pop	{r4, pc}
 592              	.LVL79:
 593              	.L66:
 594              	.LBB110:
 595              	.LBB111:
 596              		.loc 3 47 0
 597 004e 2046     		mov	r0, r4
 598 0050 FFF7FEFF 		bl	_ZN7encoder9get_angleEv
 599              	.LVL80:
 600              	.LBE111:
 601              	.LBE110:
  61:Core/Src/devs/leg.cpp **** 		return true;
 602              		.loc 1 61 0
 603 0054 10EE100A 		vmov	r0, s0
 604 0058 FFF7FEFF 		bl	__aeabi_f2d
 605              	.LVL81:
 606 005c 0AA3     		adr	r3, .L67+16
 607 005e D3E90023 		ldrd	r2, [r3]
 608 0062 FFF7FEFF 		bl	__aeabi_dcmpge
 609              	.LVL82:
 610 0066 0028     		cmp	r0, #0
 611 0068 F0D0     		beq	.L57
  62:Core/Src/devs/leg.cpp **** 		return true;
 612              		.loc 1 62 0
 613 006a 0120     		movs	r0, #1
 614 006c EEE7     		b	.L57
 615              	.L59:
 616 006e 0120     		movs	r0, #1
 617 0070 ECE7     		b	.L57
 618              	.L68:
 619 0072 00BFAFF3 		.align	3
 619      0080
 620              	.L67:
 621 0078 182D4454 		.word	1413754136
 622 007c FB210940 		.word	1074340347
 623 0080 182D4454 		.word	1413754136
 624 0084 FB2109C0 		.word	-1073143301
 625 0088 182D4454 		.word	1413754136
 626 008c FB2119C0 		.word	-1072094725
 627              		.cfi_endproc
 628              	.LFE452:
ARM GAS  C:\Users\Prashant\AppData\Local\Temp\cc70ljCd.s 			page 20


 630              		.section	.text._ZN3leg11reset_angleEf,"ax",%progbits
 631              		.align	1
 632              		.global	_ZN3leg11reset_angleEf
 633              		.syntax unified
 634              		.thumb
 635              		.thumb_func
 636              		.fpu fpv4-sp-d16
 638              	_ZN3leg11reset_angleEf:
 639              	.LFB453:
  69:Core/Src/devs/leg.cpp **** 
  70:Core/Src/devs/leg.cpp **** void leg::reset_angle(float angle_in_radians){
 640              		.loc 1 70 0
 641              		.cfi_startproc
 642              		@ args = 0, pretend = 0, frame = 0
 643              		@ frame_needed = 0, uses_anonymous_args = 0
 644              	.LVL83:
 645 0000 08B5     		push	{r3, lr}
 646              	.LCFI5:
 647              		.cfi_def_cfa_offset 8
 648              		.cfi_offset 3, -8
 649              		.cfi_offset 14, -4
  71:Core/Src/devs/leg.cpp **** 	encoder__.reset_angle(angle_in_radians);
 650              		.loc 1 71 0
 651 0002 4030     		adds	r0, r0, #64
 652              	.LVL84:
 653 0004 FFF7FEFF 		bl	_ZN7encoder11reset_angleEf
 654              	.LVL85:
  72:Core/Src/devs/leg.cpp **** }
 655              		.loc 1 72 0
 656 0008 08BD     		pop	{r3, pc}
 657              		.cfi_endproc
 658              	.LFE453:
 660              		.section	.text._ZN3leg15calculate_omegaEv,"ax",%progbits
 661              		.align	1
 662              		.global	_ZN3leg15calculate_omegaEv
 663              		.syntax unified
 664              		.thumb
 665              		.thumb_func
 666              		.fpu fpv4-sp-d16
 668              	_ZN3leg15calculate_omegaEv:
 669              	.LFB454:
  73:Core/Src/devs/leg.cpp **** 
  74:Core/Src/devs/leg.cpp **** void leg::calculate_omega(){
 670              		.loc 1 74 0
 671              		.cfi_startproc
 672              		@ args = 0, pretend = 0, frame = 0
 673              		@ frame_needed = 0, uses_anonymous_args = 0
 674              	.LVL86:
 675 0000 08B5     		push	{r3, lr}
 676              	.LCFI6:
 677              		.cfi_def_cfa_offset 8
 678              		.cfi_offset 3, -8
 679              		.cfi_offset 14, -4
  75:Core/Src/devs/leg.cpp **** 	encoder__.calculate_omega();
 680              		.loc 1 75 0
 681 0002 4030     		adds	r0, r0, #64
 682              	.LVL87:
ARM GAS  C:\Users\Prashant\AppData\Local\Temp\cc70ljCd.s 			page 21


 683 0004 FFF7FEFF 		bl	_ZN7encoder15calculate_omegaEv
 684              	.LVL88:
  76:Core/Src/devs/leg.cpp **** }
 685              		.loc 1 76 0
 686 0008 08BD     		pop	{r3, pc}
 687              		.cfi_endproc
 688              	.LFE454:
 690              		.section	.bss._ZL12ramped_value,"aw",%nobits
 691              		.align	2
 692              		.set	.LANCHOR0,. + 0
 695              	_ZL12ramped_value:
 696 0000 00000000 		.space	4
 697              		.text
 698              	.Letext0:
 699              		.file 6 "c:\\program files (x86)\\gnu tools arm embedded\\7 2017-q4-major\\arm-none-eabi\\include\
 700              		.file 7 "c:\\program files (x86)\\gnu tools arm embedded\\7 2017-q4-major\\arm-none-eabi\\include\
 701              		.file 8 "Drivers/CMSIS/Include/core_cm4.h"
 702              		.file 9 "Drivers/CMSIS/Device/ST/STM32F4xx/Include/system_stm32f4xx.h"
 703              		.file 10 "Drivers/CMSIS/Device/ST/STM32F4xx/Include/stm32f407xx.h"
 704              		.file 11 "c:\\program files (x86)\\gnu tools arm embedded\\7 2017-q4-major\\arm-none-eabi\\include
 705              		.file 12 "c:\\program files (x86)\\gnu tools arm embedded\\7 2017-q4-major\\arm-none-eabi\\include
 706              		.file 13 "c:\\program files (x86)\\gnu tools arm embedded\\7 2017-q4-major\\lib\\gcc\\arm-none-eab
 707              		.file 14 "c:\\program files (x86)\\gnu tools arm embedded\\7 2017-q4-major\\arm-none-eabi\\include
 708              		.file 15 "Drivers/STM32F4xx_HAL_Driver/Inc/stm32f4xx_hal_def.h"
 709              		.file 16 "Drivers/STM32F4xx_HAL_Driver/Inc/stm32f4xx_hal_dma.h"
 710              		.file 17 "Drivers/STM32F4xx_HAL_Driver/Inc/stm32f4xx_hal_tim.h"
 711              		.file 18 "Core/Inc/periphs/tim.h"
 712              		.file 19 "c:\\program files (x86)\\gnu tools arm embedded\\7 2017-q4-major\\arm-none-eabi\\include
 713              		.file 20 "c:\\program files (x86)\\gnu tools arm embedded\\7 2017-q4-major\\arm-none-eabi\\include
 714              		.file 21 "c:\\program files (x86)\\gnu tools arm embedded\\7 2017-q4-major\\arm-none-eabi\\include
 715              		.file 22 "c:\\program files (x86)\\gnu tools arm embedded\\7 2017-q4-major\\arm-none-eabi\\include
 716              		.file 23 "Core/Inc/devs/encoder.h"
 717              		.file 24 "Core/Inc/devs/limit_switch.h"
 718              		.file 25 "<built-in>"
ARM GAS  C:\Users\Prashant\AppData\Local\Temp\cc70ljCd.s 			page 22


DEFINED SYMBOLS
                            *ABS*:00000000 leg.cpp
C:\Users\Prashant\AppData\Local\Temp\cc70ljCd.s:18     .text._ZN3leg4rampEf:00000000 $t
C:\Users\Prashant\AppData\Local\Temp\cc70ljCd.s:25     .text._ZN3leg4rampEf:00000000 _ZN3leg4rampEf
C:\Users\Prashant\AppData\Local\Temp\cc70ljCd.s:96     .text._ZN3leg4rampEf:00000078 $d
C:\Users\Prashant\AppData\Local\Temp\cc70ljCd.s:104    .text._ZN3leg9is_raisedEv:00000000 $t
C:\Users\Prashant\AppData\Local\Temp\cc70ljCd.s:111    .text._ZN3leg9is_raisedEv:00000000 _ZN3leg9is_raisedEv
C:\Users\Prashant\AppData\Local\Temp\cc70ljCd.s:296    .text._ZN3leg9is_raisedEv:000000e8 $d
C:\Users\Prashant\AppData\Local\Temp\cc70ljCd.s:314    .text._ZN3leg9set_omegaEf:00000000 $t
C:\Users\Prashant\AppData\Local\Temp\cc70ljCd.s:321    .text._ZN3leg9set_omegaEf:00000000 _ZN3leg9set_omegaEf
C:\Users\Prashant\AppData\Local\Temp\cc70ljCd.s:511    .text._ZN3leg9set_omegaEf:000000fc $d
C:\Users\Prashant\AppData\Local\Temp\cc70ljCd.s:516    .text._ZN3leg26is_raised_without_deadzoneEv:00000000 $t
C:\Users\Prashant\AppData\Local\Temp\cc70ljCd.s:523    .text._ZN3leg26is_raised_without_deadzoneEv:00000000 _ZN3leg26is_raised_without_deadzoneEv
C:\Users\Prashant\AppData\Local\Temp\cc70ljCd.s:621    .text._ZN3leg26is_raised_without_deadzoneEv:00000078 $d
C:\Users\Prashant\AppData\Local\Temp\cc70ljCd.s:631    .text._ZN3leg11reset_angleEf:00000000 $t
C:\Users\Prashant\AppData\Local\Temp\cc70ljCd.s:638    .text._ZN3leg11reset_angleEf:00000000 _ZN3leg11reset_angleEf
C:\Users\Prashant\AppData\Local\Temp\cc70ljCd.s:661    .text._ZN3leg15calculate_omegaEv:00000000 $t
C:\Users\Prashant\AppData\Local\Temp\cc70ljCd.s:668    .text._ZN3leg15calculate_omegaEv:00000000 _ZN3leg15calculate_omegaEv
C:\Users\Prashant\AppData\Local\Temp\cc70ljCd.s:691    .bss._ZL12ramped_value:00000000 $d
C:\Users\Prashant\AppData\Local\Temp\cc70ljCd.s:695    .bss._ZL12ramped_value:00000000 _ZL12ramped_value

UNDEFINED SYMBOLS
__aeabi_f2d
__aeabi_dcmple
__aeabi_dcmpge
_ZN7encoder9get_angleEv
cosf
_ZN7encoder9get_omegaEv
_ZN5motor9set_omegaEf
_ZN7encoder11reset_angleEf
_ZN7encoder15calculate_omegaEv
