ARM GAS  C:\Users\Prashant\AppData\Local\Temp\ccno21a8.s 			page 1


   1              		.cpu cortex-m4
   2              		.eabi_attribute 27, 1
   3              		.eabi_attribute 28, 1
   4              		.eabi_attribute 20, 1
   5              		.eabi_attribute 21, 1
   6              		.eabi_attribute 23, 3
   7              		.eabi_attribute 24, 1
   8              		.eabi_attribute 25, 1
   9              		.eabi_attribute 26, 1
  10              		.eabi_attribute 30, 1
  11              		.eabi_attribute 34, 1
  12              		.eabi_attribute 18, 4
  13              		.file	"encoder.c"
  14              		.text
  15              	.Ltext0:
  16              		.cfi_sections	.debug_frame
  17              		.section	.text.getCounts,"ax",%progbits
  18              		.align	1
  19              		.global	getCounts
  20              		.syntax unified
  21              		.thumb
  22              		.thumb_func
  23              		.fpu fpv4-sp-d16
  25              	getCounts:
  26              	.LFB126:
  27              		.file 1 "Core/Src/encoder.c"
   1:Core/Src/encoder.c **** /* 22-1-2019 */
   2:Core/Src/encoder.c **** 
   3:Core/Src/encoder.c **** #include <stdlib.h>
   4:Core/Src/encoder.c **** #include <math.h>
   5:Core/Src/encoder.c **** #include "tim.h"
   6:Core/Src/encoder.c **** #include "encoder.h"
   7:Core/Src/encoder.c **** #include "defines.h"
   8:Core/Src/encoder.c **** 
   9:Core/Src/encoder.c **** int16_t getCounts(struct encoderStr *encoder)
  10:Core/Src/encoder.c **** {
  28              		.loc 1 10 0
  29              		.cfi_startproc
  30              		@ args = 0, pretend = 0, frame = 0
  31              		@ frame_needed = 0, uses_anonymous_args = 0
  32              		@ link register save eliminated.
  33              	.LVL0:
  11:Core/Src/encoder.c ****         return encoder->htim->Instance->CNT;
  34              		.loc 1 11 0
  35 0000 8368     		ldr	r3, [r0, #8]
  36 0002 1B68     		ldr	r3, [r3]
  37 0004 586A     		ldr	r0, [r3, #36]
  38              	.LVL1:
  12:Core/Src/encoder.c **** }
  39              		.loc 1 12 0
  40 0006 00B2     		sxth	r0, r0
  41 0008 7047     		bx	lr
  42              		.cfi_endproc
  43              	.LFE126:
  45              		.global	__aeabi_f2d
  46              		.global	__aeabi_i2d
  47              		.global	__aeabi_dmul
ARM GAS  C:\Users\Prashant\AppData\Local\Temp\ccno21a8.s 			page 2


  48              		.global	__aeabi_ddiv
  49              		.global	__aeabi_d2f
  50              		.section	.text.calculateOmega,"ax",%progbits
  51              		.align	1
  52              		.global	calculateOmega
  53              		.syntax unified
  54              		.thumb
  55              		.thumb_func
  56              		.fpu fpv4-sp-d16
  58              	calculateOmega:
  59              	.LFB127:
  13:Core/Src/encoder.c **** 
  14:Core/Src/encoder.c **** float calculateOmega(struct encoderStr *encoder)
  15:Core/Src/encoder.c **** {
  60              		.loc 1 15 0
  61              		.cfi_startproc
  62              		@ args = 0, pretend = 0, frame = 0
  63              		@ frame_needed = 0, uses_anonymous_args = 0
  64              	.LVL2:
  65 0000 D0B5     		push	{r4, r6, r7, lr}
  66              	.LCFI0:
  67              		.cfi_def_cfa_offset 16
  68              		.cfi_offset 4, -16
  69              		.cfi_offset 6, -12
  70              		.cfi_offset 7, -8
  71              		.cfi_offset 14, -4
  72 0002 0446     		mov	r4, r0
  16:Core/Src/encoder.c ****         /* w = 2 * pi * f
  17:Core/Src/encoder.c ****          = 2 * pi * counts_per_st / ( PPR * dt ) */
  18:Core/Src/encoder.c ****         int16_t counts_per_st = encoder->htim->Instance->CNT - encoder->last_count;
  73              		.loc 1 18 0
  74 0004 8368     		ldr	r3, [r0, #8]
  75 0006 1A68     		ldr	r2, [r3]
  76 0008 536A     		ldr	r3, [r2, #36]
  77 000a 8188     		ldrh	r1, [r0, #4]
  78 000c 5B1A     		subs	r3, r3, r1
  79 000e 1BB2     		sxth	r3, r3
  80              	.LVL3:
  19:Core/Src/encoder.c ****         encoder->last_count = encoder->htim->Instance->CNT;
  81              		.loc 1 19 0
  82 0010 526A     		ldr	r2, [r2, #36]
  83 0012 8280     		strh	r2, [r0, #4]	@ movhi
  20:Core/Src/encoder.c ****         return 2 * PI * counts_per_st / (encoder->ppr * dt_secs);
  84              		.loc 1 20 0
  85 0014 07EE903A 		vmov	s15, r3	@ int
  86 0018 F8EEE77A 		vcvt.f32.s32	s15, s15
  87 001c 9FED107A 		vldr.32	s14, .L4+8
  88 0020 67EE877A 		vmul.f32	s15, s15, s14
  89 0024 17EE900A 		vmov	r0, s15
  90              	.LVL4:
  91 0028 FFF7FEFF 		bl	__aeabi_f2d
  92              	.LVL5:
  93 002c 0646     		mov	r6, r0
  94 002e 0F46     		mov	r7, r1
  95 0030 2088     		ldrh	r0, [r4]
  96 0032 FFF7FEFF 		bl	__aeabi_i2d
  97              	.LVL6:
ARM GAS  C:\Users\Prashant\AppData\Local\Temp\ccno21a8.s 			page 3


  98 0036 08A3     		adr	r3, .L4
  99 0038 D3E90023 		ldrd	r2, [r3]
 100 003c FFF7FEFF 		bl	__aeabi_dmul
 101              	.LVL7:
 102 0040 0246     		mov	r2, r0
 103 0042 0B46     		mov	r3, r1
 104 0044 3046     		mov	r0, r6
 105 0046 3946     		mov	r1, r7
 106 0048 FFF7FEFF 		bl	__aeabi_ddiv
 107              	.LVL8:
 108 004c FFF7FEFF 		bl	__aeabi_d2f
 109              	.LVL9:
  21:Core/Src/encoder.c **** }
 110              		.loc 1 21 0
 111 0050 00EE100A 		vmov	s0, r0
 112 0054 D0BD     		pop	{r4, r6, r7, pc}
 113              	.LVL10:
 114              	.L5:
 115 0056 00BF     		.align	3
 116              	.L4:
 117 0058 7B14AE47 		.word	1202590843
 118 005c E17A843F 		.word	1065646817
 119 0060 560EC940 		.word	1086918230
 120              		.cfi_endproc
 121              	.LFE127:
 123              		.section	.text.calculateBOmega,"ax",%progbits
 124              		.align	1
 125              		.global	calculateBOmega
 126              		.syntax unified
 127              		.thumb
 128              		.thumb_func
 129              		.fpu fpv4-sp-d16
 131              	calculateBOmega:
 132              	.LFB128:
  22:Core/Src/encoder.c **** 
  23:Core/Src/encoder.c **** float calculateBOmega(struct encoderStr *encoder)
  24:Core/Src/encoder.c **** {
 133              		.loc 1 24 0
 134              		.cfi_startproc
 135              		@ args = 0, pretend = 0, frame = 0
 136              		@ frame_needed = 0, uses_anonymous_args = 0
 137              	.LVL11:
 138 0000 D0B5     		push	{r4, r6, r7, lr}
 139              	.LCFI1:
 140              		.cfi_def_cfa_offset 16
 141              		.cfi_offset 4, -16
 142              		.cfi_offset 6, -12
 143              		.cfi_offset 7, -8
 144              		.cfi_offset 14, -4
 145 0002 0446     		mov	r4, r0
  25:Core/Src/encoder.c **** 	int16_t counts_per_st = encoder->count - encoder->last_count;
 146              		.loc 1 25 0
 147 0004 B0F90620 		ldrsh	r2, [r0, #6]
 148 0008 93B2     		uxth	r3, r2
 149 000a 8188     		ldrh	r1, [r0, #4]
 150 000c 5B1A     		subs	r3, r3, r1
 151 000e 1BB2     		sxth	r3, r3
ARM GAS  C:\Users\Prashant\AppData\Local\Temp\ccno21a8.s 			page 4


 152              	.LVL12:
  26:Core/Src/encoder.c ****         encoder->last_count = encoder->count;
 153              		.loc 1 26 0
 154 0010 8280     		strh	r2, [r0, #4]	@ movhi
  27:Core/Src/encoder.c ****         return 2 * PI * counts_per_st / (encoder->ppr * dt_secs);	
 155              		.loc 1 27 0
 156 0012 07EE903A 		vmov	s15, r3	@ int
 157 0016 F8EEE77A 		vcvt.f32.s32	s15, s15
 158 001a 9FED117A 		vldr.32	s14, .L8+8
 159 001e 67EE877A 		vmul.f32	s15, s15, s14
 160 0022 17EE900A 		vmov	r0, s15
 161              	.LVL13:
 162 0026 FFF7FEFF 		bl	__aeabi_f2d
 163              	.LVL14:
 164 002a 0646     		mov	r6, r0
 165 002c 0F46     		mov	r7, r1
 166 002e 2088     		ldrh	r0, [r4]
 167 0030 FFF7FEFF 		bl	__aeabi_i2d
 168              	.LVL15:
 169 0034 08A3     		adr	r3, .L8
 170 0036 D3E90023 		ldrd	r2, [r3]
 171 003a FFF7FEFF 		bl	__aeabi_dmul
 172              	.LVL16:
 173 003e 0246     		mov	r2, r0
 174 0040 0B46     		mov	r3, r1
 175 0042 3046     		mov	r0, r6
 176 0044 3946     		mov	r1, r7
 177 0046 FFF7FEFF 		bl	__aeabi_ddiv
 178              	.LVL17:
 179 004a FFF7FEFF 		bl	__aeabi_d2f
 180              	.LVL18:
  28:Core/Src/encoder.c **** }
 181              		.loc 1 28 0
 182 004e 00EE100A 		vmov	s0, r0
 183 0052 D0BD     		pop	{r4, r6, r7, pc}
 184              	.LVL19:
 185              	.L9:
 186 0054 AFF30080 		.align	3
 187              	.L8:
 188 0058 7B14AE47 		.word	1202590843
 189 005c E17A843F 		.word	1065646817
 190 0060 560EC940 		.word	1086918230
 191              		.cfi_endproc
 192              	.LFE128:
 194              		.global	__aeabi_dadd
 195              		.global	__aeabi_dcmplt
 196              		.section	.text.calculateAngle,"ax",%progbits
 197              		.align	1
 198              		.global	calculateAngle
 199              		.syntax unified
 200              		.thumb
 201              		.thumb_func
 202              		.fpu fpv4-sp-d16
 204              	calculateAngle:
 205              	.LFB129:
  29:Core/Src/encoder.c **** 
  30:Core/Src/encoder.c **** 
ARM GAS  C:\Users\Prashant\AppData\Local\Temp\ccno21a8.s 			page 5


  31:Core/Src/encoder.c **** float calculateAngle(struct encoderStr *encoder)
  32:Core/Src/encoder.c **** {
 206              		.loc 1 32 0
 207              		.cfi_startproc
 208              		@ args = 0, pretend = 0, frame = 0
 209              		@ frame_needed = 0, uses_anonymous_args = 0
 210              	.LVL20:
 211 0000 38B5     		push	{r3, r4, r5, lr}
 212              	.LCFI2:
 213              		.cfi_def_cfa_offset 16
 214              		.cfi_offset 3, -16
 215              		.cfi_offset 4, -12
 216              		.cfi_offset 5, -8
 217              		.cfi_offset 14, -4
 218 0002 2DED028B 		vpush.64	{d8}
 219              	.LCFI3:
 220              		.cfi_def_cfa_offset 24
 221              		.cfi_offset 80, -24
 222              		.cfi_offset 81, -20
 223 0006 0446     		mov	r4, r0
  33:Core/Src/encoder.c ****         float angle;
  34:Core/Src/encoder.c ****         // angle = (360 / PPR) * no_of_counts
  35:Core/Src/encoder.c ****         float mult_factor = 360.0 / encoder->ppr;
 224              		.loc 1 35 0
 225 0008 0088     		ldrh	r0, [r0]
 226              	.LVL21:
 227 000a FFF7FEFF 		bl	__aeabi_i2d
 228              	.LVL22:
 229 000e 0246     		mov	r2, r0
 230 0010 0B46     		mov	r3, r1
 231 0012 0020     		movs	r0, #0
 232 0014 2249     		ldr	r1, .L20+8
 233 0016 FFF7FEFF 		bl	__aeabi_ddiv
 234              	.LVL23:
 235 001a FFF7FEFF 		bl	__aeabi_d2f
 236              	.LVL24:
  36:Core/Src/encoder.c ****         int16_t inst_count = encoder->htim->Instance->CNT;
 237              		.loc 1 36 0
 238 001e A368     		ldr	r3, [r4, #8]
 239 0020 1B68     		ldr	r3, [r3]
 240 0022 5B6A     		ldr	r3, [r3, #36]
 241              	.LVL25:
  37:Core/Src/encoder.c ****         int16_t counts = inst_count - encoder->ref_count;
 242              		.loc 1 37 0
 243 0024 6288     		ldrh	r2, [r4, #2]
 244 0026 9B1A     		subs	r3, r3, r2
 245              	.LVL26:
 246 0028 1BB2     		sxth	r3, r3
 247 002a 08EE103A 		vmov	s16, r3	@ int
 248              	.LVL27:
  38:Core/Src/encoder.c ****         angle = mult_factor * counts;
 249              		.loc 1 38 0
 250 002e B8EEC88A 		vcvt.f32.s32	s16, s16
 251              	.LVL28:
 252 0032 07EE900A 		vmov	s15, r0
 253 0036 28EE278A 		vmul.f32	s16, s16, s15
 254              	.LVL29:
ARM GAS  C:\Users\Prashant\AppData\Local\Temp\ccno21a8.s 			page 6


  39:Core/Src/encoder.c **** 
  40:Core/Src/encoder.c ****         // Normalize: 360 - (-360)
  41:Core/Src/encoder.c ****         while (fabs(angle) > 360)
 255              		.loc 1 41 0
 256 003a 03E0     		b	.L11
 257              	.LVL30:
 258              	.L17:
  42:Core/Src/encoder.c ****         {
  43:Core/Src/encoder.c ****                 if ((fabs(angle) - (angle * (-1))) < 0.00001)
  44:Core/Src/encoder.c ****                         angle += 360;
  45:Core/Src/encoder.c ****                 else
  46:Core/Src/encoder.c ****                 {
  47:Core/Src/encoder.c ****                         angle -= 360;
 259              		.loc 1 47 0
 260 003c DFED197A 		vldr.32	s15, .L20+12
 261 0040 38EE678A 		vsub.f32	s16, s16, s15
 262              	.LVL31:
 263              	.L11:
  41:Core/Src/encoder.c ****         {
 264              		.loc 1 41 0
 265 0044 F0EEC87A 		vabs.f32	s15, s16
 266 0048 9FED167A 		vldr.32	s14, .L20+12
 267 004c F4EEC77A 		vcmpe.f32	s15, s14
 268 0050 F1EE10FA 		vmrs	APSR_nzcv, FPSCR
 269 0054 1BDD     		ble	.L19
  43:Core/Src/encoder.c ****                         angle += 360;
 270              		.loc 1 43 0
 271 0056 17EE900A 		vmov	r0, s15
 272 005a FFF7FEFF 		bl	__aeabi_f2d
 273              	.LVL32:
 274 005e 0446     		mov	r4, r0
 275 0060 0D46     		mov	r5, r1
 276 0062 18EE100A 		vmov	r0, s16
 277 0066 FFF7FEFF 		bl	__aeabi_f2d
 278              	.LVL33:
 279 006a 0246     		mov	r2, r0
 280 006c 0B46     		mov	r3, r1
 281 006e 2046     		mov	r0, r4
 282 0070 2946     		mov	r1, r5
 283 0072 FFF7FEFF 		bl	__aeabi_dadd
 284              	.LVL34:
 285 0076 08A3     		adr	r3, .L20
 286 0078 D3E90023 		ldrd	r2, [r3]
 287 007c FFF7FEFF 		bl	__aeabi_dcmplt
 288              	.LVL35:
 289 0080 0028     		cmp	r0, #0
 290 0082 DBD0     		beq	.L17
  44:Core/Src/encoder.c ****                 else
 291              		.loc 1 44 0
 292 0084 DFED077A 		vldr.32	s15, .L20+12
 293 0088 38EE278A 		vadd.f32	s16, s16, s15
 294              	.LVL36:
 295 008c DAE7     		b	.L11
 296              	.L19:
  48:Core/Src/encoder.c ****                 }
  49:Core/Src/encoder.c ****         }
  50:Core/Src/encoder.c ****         return angle;
ARM GAS  C:\Users\Prashant\AppData\Local\Temp\ccno21a8.s 			page 7


  51:Core/Src/encoder.c **** }
 297              		.loc 1 51 0
 298 008e B0EE480A 		vmov.f32	s0, s16
 299 0092 BDEC028B 		vldm	sp!, {d8}
 300              	.LCFI4:
 301              		.cfi_restore 80
 302              		.cfi_restore 81
 303              		.cfi_def_cfa_offset 16
 304              	.LVL37:
 305 0096 38BD     		pop	{r3, r4, r5, pc}
 306              	.L21:
 307              		.align	3
 308              	.L20:
 309 0098 F168E388 		.word	-1998362383
 310 009c B5F8E43E 		.word	1055193269
 311 00a0 00807640 		.word	1081507840
 312 00a4 0000B443 		.word	1135869952
 313              		.cfi_endproc
 314              	.LFE129:
 316              		.section	.text.calculateBAngle,"ax",%progbits
 317              		.align	1
 318              		.global	calculateBAngle
 319              		.syntax unified
 320              		.thumb
 321              		.thumb_func
 322              		.fpu fpv4-sp-d16
 324              	calculateBAngle:
 325              	.LFB130:
  52:Core/Src/encoder.c **** float calculateBAngle(struct encoderStr *encoder)
  53:Core/Src/encoder.c **** {
 326              		.loc 1 53 0
 327              		.cfi_startproc
 328              		@ args = 0, pretend = 0, frame = 0
 329              		@ frame_needed = 0, uses_anonymous_args = 0
 330              	.LVL38:
 331 0000 38B5     		push	{r3, r4, r5, lr}
 332              	.LCFI5:
 333              		.cfi_def_cfa_offset 16
 334              		.cfi_offset 3, -16
 335              		.cfi_offset 4, -12
 336              		.cfi_offset 5, -8
 337              		.cfi_offset 14, -4
 338 0002 2DED028B 		vpush.64	{d8}
 339              	.LCFI6:
 340              		.cfi_def_cfa_offset 24
 341              		.cfi_offset 80, -24
 342              		.cfi_offset 81, -20
 343 0006 0446     		mov	r4, r0
  54:Core/Src/encoder.c **** 	float angle;
  55:Core/Src/encoder.c ****         // angle = (360 / PPR) * no_of_counts
  56:Core/Src/encoder.c ****         float mult_factor = 360.0 / encoder->ppr;
 344              		.loc 1 56 0
 345 0008 0088     		ldrh	r0, [r0]
 346              	.LVL39:
 347 000a FFF7FEFF 		bl	__aeabi_i2d
 348              	.LVL40:
 349 000e 0246     		mov	r2, r0
ARM GAS  C:\Users\Prashant\AppData\Local\Temp\ccno21a8.s 			page 8


 350 0010 0B46     		mov	r3, r1
 351 0012 0020     		movs	r0, #0
 352 0014 2249     		ldr	r1, .L32+8
 353 0016 FFF7FEFF 		bl	__aeabi_ddiv
 354              	.LVL41:
 355 001a FFF7FEFF 		bl	__aeabi_d2f
 356              	.LVL42:
  57:Core/Src/encoder.c ****         int16_t inst_count = encoder->count;
 357              		.loc 1 57 0
 358 001e B4F90630 		ldrsh	r3, [r4, #6]
 359              	.LVL43:
  58:Core/Src/encoder.c ****         int16_t counts = inst_count - encoder->ref_count;
 360              		.loc 1 58 0
 361 0022 6288     		ldrh	r2, [r4, #2]
 362 0024 9B1A     		subs	r3, r3, r2
 363              	.LVL44:
 364 0026 1BB2     		sxth	r3, r3
 365 0028 08EE103A 		vmov	s16, r3	@ int
 366              	.LVL45:
  59:Core/Src/encoder.c ****         angle = mult_factor * counts;
 367              		.loc 1 59 0
 368 002c B8EEC88A 		vcvt.f32.s32	s16, s16
 369              	.LVL46:
 370 0030 07EE900A 		vmov	s15, r0
 371 0034 28EE278A 		vmul.f32	s16, s16, s15
 372              	.LVL47:
  60:Core/Src/encoder.c ****         // Normalize: 360 - (-360)
  61:Core/Src/encoder.c ****         while (fabs(angle) > 360)
 373              		.loc 1 61 0
 374 0038 03E0     		b	.L23
 375              	.LVL48:
 376              	.L29:
  62:Core/Src/encoder.c ****         {
  63:Core/Src/encoder.c ****                 if ((fabs(angle) - (angle * (-1))) < 0.00001)
  64:Core/Src/encoder.c ****                         angle += 360;
  65:Core/Src/encoder.c ****                 else
  66:Core/Src/encoder.c ****                 {
  67:Core/Src/encoder.c ****                         angle -= 360;
 377              		.loc 1 67 0
 378 003a DFED1A7A 		vldr.32	s15, .L32+12
 379 003e 38EE678A 		vsub.f32	s16, s16, s15
 380              	.LVL49:
 381              	.L23:
  61:Core/Src/encoder.c ****         {
 382              		.loc 1 61 0
 383 0042 F0EEC87A 		vabs.f32	s15, s16
 384 0046 9FED177A 		vldr.32	s14, .L32+12
 385 004a F4EEC77A 		vcmpe.f32	s15, s14
 386 004e F1EE10FA 		vmrs	APSR_nzcv, FPSCR
 387 0052 1BDD     		ble	.L31
  63:Core/Src/encoder.c ****                         angle += 360;
 388              		.loc 1 63 0
 389 0054 17EE900A 		vmov	r0, s15
 390 0058 FFF7FEFF 		bl	__aeabi_f2d
 391              	.LVL50:
 392 005c 0446     		mov	r4, r0
 393 005e 0D46     		mov	r5, r1
ARM GAS  C:\Users\Prashant\AppData\Local\Temp\ccno21a8.s 			page 9


 394 0060 18EE100A 		vmov	r0, s16
 395 0064 FFF7FEFF 		bl	__aeabi_f2d
 396              	.LVL51:
 397 0068 0246     		mov	r2, r0
 398 006a 0B46     		mov	r3, r1
 399 006c 2046     		mov	r0, r4
 400 006e 2946     		mov	r1, r5
 401 0070 FFF7FEFF 		bl	__aeabi_dadd
 402              	.LVL52:
 403 0074 08A3     		adr	r3, .L32
 404 0076 D3E90023 		ldrd	r2, [r3]
 405 007a FFF7FEFF 		bl	__aeabi_dcmplt
 406              	.LVL53:
 407 007e 0028     		cmp	r0, #0
 408 0080 DBD0     		beq	.L29
  64:Core/Src/encoder.c ****                 else
 409              		.loc 1 64 0
 410 0082 DFED087A 		vldr.32	s15, .L32+12
 411 0086 38EE278A 		vadd.f32	s16, s16, s15
 412              	.LVL54:
 413 008a DAE7     		b	.L23
 414              	.L31:
  68:Core/Src/encoder.c ****                 }
  69:Core/Src/encoder.c ****         }
  70:Core/Src/encoder.c ****         return angle;
  71:Core/Src/encoder.c **** }
 415              		.loc 1 71 0
 416 008c B0EE480A 		vmov.f32	s0, s16
 417 0090 BDEC028B 		vldm	sp!, {d8}
 418              	.LCFI7:
 419              		.cfi_restore 80
 420              		.cfi_restore 81
 421              		.cfi_def_cfa_offset 16
 422              	.LVL55:
 423 0094 38BD     		pop	{r3, r4, r5, pc}
 424              	.L33:
 425 0096 00BF     		.align	3
 426              	.L32:
 427 0098 F168E388 		.word	-1998362383
 428 009c B5F8E43E 		.word	1055193269
 429 00a0 00807640 		.word	1081507840
 430 00a4 0000B443 		.word	1135869952
 431              		.cfi_endproc
 432              	.LFE130:
 434              		.section	.text.resetEncoderAngle,"ax",%progbits
 435              		.align	1
 436              		.global	resetEncoderAngle
 437              		.syntax unified
 438              		.thumb
 439              		.thumb_func
 440              		.fpu fpv4-sp-d16
 442              	resetEncoderAngle:
 443              	.LFB131:
  72:Core/Src/encoder.c **** 
  73:Core/Src/encoder.c **** void resetEncoderAngle(struct encoderStr *encoder)
  74:Core/Src/encoder.c **** {
 444              		.loc 1 74 0
ARM GAS  C:\Users\Prashant\AppData\Local\Temp\ccno21a8.s 			page 10


 445              		.cfi_startproc
 446              		@ args = 0, pretend = 0, frame = 0
 447              		@ frame_needed = 0, uses_anonymous_args = 0
 448              		@ link register save eliminated.
 449              	.LVL56:
  75:Core/Src/encoder.c ****         encoder->ref_count = encoder->htim->Instance->CNT;
 450              		.loc 1 75 0
 451 0000 8368     		ldr	r3, [r0, #8]
 452 0002 1B68     		ldr	r3, [r3]
 453 0004 5B6A     		ldr	r3, [r3, #36]
 454 0006 4380     		strh	r3, [r0, #2]	@ movhi
  76:Core/Src/encoder.c **** }
 455              		.loc 1 76 0
 456 0008 7047     		bx	lr
 457              		.cfi_endproc
 458              	.LFE131:
 460              		.section	.text.resetBEncoderAngle,"ax",%progbits
 461              		.align	1
 462              		.global	resetBEncoderAngle
 463              		.syntax unified
 464              		.thumb
 465              		.thumb_func
 466              		.fpu fpv4-sp-d16
 468              	resetBEncoderAngle:
 469              	.LFB132:
  77:Core/Src/encoder.c **** 
  78:Core/Src/encoder.c **** void resetBEncoderAngle(struct encoderStr *encoder)
  79:Core/Src/encoder.c **** {
 470              		.loc 1 79 0
 471              		.cfi_startproc
 472              		@ args = 0, pretend = 0, frame = 0
 473              		@ frame_needed = 0, uses_anonymous_args = 0
 474              		@ link register save eliminated.
 475              	.LVL57:
  80:Core/Src/encoder.c ****         encoder->ref_count = encoder->count;
 476              		.loc 1 80 0
 477 0000 B0F90630 		ldrsh	r3, [r0, #6]
 478 0004 4380     		strh	r3, [r0, #2]	@ movhi
  81:Core/Src/encoder.c **** }
 479              		.loc 1 81 0
 480 0006 7047     		bx	lr
 481              		.cfi_endproc
 482              	.LFE132:
 484              		.text
 485              	.Letext0:
 486              		.file 2 "c:\\program files (x86)\\gnu tools arm embedded\\7 2017-q4-major\\arm-none-eabi\\include\
 487              		.file 3 "c:\\program files (x86)\\gnu tools arm embedded\\7 2017-q4-major\\arm-none-eabi\\include\
 488              		.file 4 "c:\\program files (x86)\\gnu tools arm embedded\\7 2017-q4-major\\arm-none-eabi\\include\
 489              		.file 5 "c:\\program files (x86)\\gnu tools arm embedded\\7 2017-q4-major\\lib\\gcc\\arm-none-eabi
 490              		.file 6 "c:\\program files (x86)\\gnu tools arm embedded\\7 2017-q4-major\\arm-none-eabi\\include\
 491              		.file 7 "c:\\program files (x86)\\gnu tools arm embedded\\7 2017-q4-major\\arm-none-eabi\\include\
 492              		.file 8 "c:\\program files (x86)\\gnu tools arm embedded\\7 2017-q4-major\\arm-none-eabi\\include\
 493              		.file 9 "c:\\program files (x86)\\gnu tools arm embedded\\7 2017-q4-major\\arm-none-eabi\\include\
 494              		.file 10 "C:/Users/Prashant/STM32Cube/Repository/STM32Cube_FW_F4_V1.21.0/Drivers/CMSIS/Include/cor
 495              		.file 11 "C:/Users/Prashant/STM32Cube/Repository/STM32Cube_FW_F4_V1.21.0/Drivers/CMSIS/Device/ST/S
 496              		.file 12 "C:/Users/Prashant/STM32Cube/Repository/STM32Cube_FW_F4_V1.21.0/Drivers/CMSIS/Device/ST/S
 497              		.file 13 "C:/Users/Prashant/STM32Cube/Repository/STM32Cube_FW_F4_V1.21.0/Drivers/STM32F4xx_HAL_Dri
ARM GAS  C:\Users\Prashant\AppData\Local\Temp\ccno21a8.s 			page 11


 498              		.file 14 "C:/Users/Prashant/STM32Cube/Repository/STM32Cube_FW_F4_V1.21.0/Drivers/STM32F4xx_HAL_Dri
 499              		.file 15 "C:/Users/Prashant/STM32Cube/Repository/STM32Cube_FW_F4_V1.21.0/Drivers/STM32F4xx_HAL_Dri
 500              		.file 16 "Core/Inc/periphs/tim.h"
 501              		.file 17 "Core/Inc/encoder.h"
ARM GAS  C:\Users\Prashant\AppData\Local\Temp\ccno21a8.s 			page 12


DEFINED SYMBOLS
                            *ABS*:00000000 encoder.c
C:\Users\Prashant\AppData\Local\Temp\ccno21a8.s:18     .text.getCounts:00000000 $t
C:\Users\Prashant\AppData\Local\Temp\ccno21a8.s:25     .text.getCounts:00000000 getCounts
C:\Users\Prashant\AppData\Local\Temp\ccno21a8.s:51     .text.calculateOmega:00000000 $t
C:\Users\Prashant\AppData\Local\Temp\ccno21a8.s:58     .text.calculateOmega:00000000 calculateOmega
C:\Users\Prashant\AppData\Local\Temp\ccno21a8.s:117    .text.calculateOmega:00000058 $d
C:\Users\Prashant\AppData\Local\Temp\ccno21a8.s:124    .text.calculateBOmega:00000000 $t
C:\Users\Prashant\AppData\Local\Temp\ccno21a8.s:131    .text.calculateBOmega:00000000 calculateBOmega
C:\Users\Prashant\AppData\Local\Temp\ccno21a8.s:188    .text.calculateBOmega:00000058 $d
C:\Users\Prashant\AppData\Local\Temp\ccno21a8.s:197    .text.calculateAngle:00000000 $t
C:\Users\Prashant\AppData\Local\Temp\ccno21a8.s:204    .text.calculateAngle:00000000 calculateAngle
C:\Users\Prashant\AppData\Local\Temp\ccno21a8.s:309    .text.calculateAngle:00000098 $d
C:\Users\Prashant\AppData\Local\Temp\ccno21a8.s:317    .text.calculateBAngle:00000000 $t
C:\Users\Prashant\AppData\Local\Temp\ccno21a8.s:324    .text.calculateBAngle:00000000 calculateBAngle
C:\Users\Prashant\AppData\Local\Temp\ccno21a8.s:427    .text.calculateBAngle:00000098 $d
C:\Users\Prashant\AppData\Local\Temp\ccno21a8.s:435    .text.resetEncoderAngle:00000000 $t
C:\Users\Prashant\AppData\Local\Temp\ccno21a8.s:442    .text.resetEncoderAngle:00000000 resetEncoderAngle
C:\Users\Prashant\AppData\Local\Temp\ccno21a8.s:461    .text.resetBEncoderAngle:00000000 $t
C:\Users\Prashant\AppData\Local\Temp\ccno21a8.s:468    .text.resetBEncoderAngle:00000000 resetBEncoderAngle

UNDEFINED SYMBOLS
__aeabi_f2d
__aeabi_i2d
__aeabi_dmul
__aeabi_ddiv
__aeabi_d2f
__aeabi_dadd
__aeabi_dcmplt
