ARM GAS  C:\Users\Prashant\AppData\Local\Temp\ccQWbjG5.s 			page 1


   1              		.cpu cortex-m4
   2              		.eabi_attribute 27, 1
   3              		.eabi_attribute 28, 1
   4              		.eabi_attribute 20, 1
   5              		.eabi_attribute 21, 1
   6              		.eabi_attribute 23, 3
   7              		.eabi_attribute 24, 1
   8              		.eabi_attribute 25, 1
   9              		.eabi_attribute 26, 1
  10              		.eabi_attribute 30, 1
  11              		.eabi_attribute 34, 1
  12              		.eabi_attribute 18, 4
  13              		.file	"freertos.c"
  14              		.text
  15              	.Ltext0:
  16              		.cfi_sections	.debug_frame
  17              		.section	.text.vApplicationGetIdleTaskMemory,"ax",%progbits
  18              		.align	1
  19              		.global	vApplicationGetIdleTaskMemory
  20              		.syntax unified
  21              		.thumb
  22              		.thumb_func
  23              		.fpu fpv4-sp-d16
  25              	vApplicationGetIdleTaskMemory:
  26              	.LFB131:
  27              		.file 1 "Core/Src/freertos.c"
   1:Core/Src/freertos.c **** /* USER CODE BEGIN Header */
   2:Core/Src/freertos.c **** /**
   3:Core/Src/freertos.c ****   ******************************************************************************
   4:Core/Src/freertos.c ****   * File Name          : freertos.c
   5:Core/Src/freertos.c ****   * Description        : Code for freertos applications
   6:Core/Src/freertos.c ****   ******************************************************************************
   7:Core/Src/freertos.c ****   * This notice applies to any and all portions of this file
   8:Core/Src/freertos.c ****   * that are not between comment pairs USER CODE BEGIN and
   9:Core/Src/freertos.c ****   * USER CODE END. Other portions of this file, whether 
  10:Core/Src/freertos.c ****   * inserted by the user or by software development tools
  11:Core/Src/freertos.c ****   * are owned by their respective copyright owners.
  12:Core/Src/freertos.c ****   *
  13:Core/Src/freertos.c ****   * Copyright (c) 2019 STMicroelectronics International N.V. 
  14:Core/Src/freertos.c ****   * All rights reserved.
  15:Core/Src/freertos.c ****   *
  16:Core/Src/freertos.c ****   * Redistribution and use in source and binary forms, with or without 
  17:Core/Src/freertos.c ****   * modification, are permitted, provided that the following conditions are met:
  18:Core/Src/freertos.c ****   *
  19:Core/Src/freertos.c ****   * 1. Redistribution of source code must retain the above copyright notice, 
  20:Core/Src/freertos.c ****   *    this list of conditions and the following disclaimer.
  21:Core/Src/freertos.c ****   * 2. Redistributions in binary form must reproduce the above copyright notice,
  22:Core/Src/freertos.c ****   *    this list of conditions and the following disclaimer in the documentation
  23:Core/Src/freertos.c ****   *    and/or other materials provided with the distribution.
  24:Core/Src/freertos.c ****   * 3. Neither the name of STMicroelectronics nor the names of other 
  25:Core/Src/freertos.c ****   *    contributors to this software may be used to endorse or promote products 
  26:Core/Src/freertos.c ****   *    derived from this software without specific written permission.
  27:Core/Src/freertos.c ****   * 4. This software, including modifications and/or derivative works of this 
  28:Core/Src/freertos.c ****   *    software, must execute solely and exclusively on microcontroller or
  29:Core/Src/freertos.c ****   *    microprocessor devices manufactured by or for STMicroelectronics.
  30:Core/Src/freertos.c ****   * 5. Redistribution and use of this software other than as permitted under 
  31:Core/Src/freertos.c ****   *    this license is void and will automatically terminate your rights under 
ARM GAS  C:\Users\Prashant\AppData\Local\Temp\ccQWbjG5.s 			page 2


  32:Core/Src/freertos.c ****   *    this license. 
  33:Core/Src/freertos.c ****   *
  34:Core/Src/freertos.c ****   * THIS SOFTWARE IS PROVIDED BY STMICROELECTRONICS AND CONTRIBUTORS "AS IS" 
  35:Core/Src/freertos.c ****   * AND ANY EXPRESS, IMPLIED OR STATUTORY WARRANTIES, INCLUDING, BUT NOT 
  36:Core/Src/freertos.c ****   * LIMITED TO, THE IMPLIED WARRANTIES OF MERCHANTABILITY, FITNESS FOR A 
  37:Core/Src/freertos.c ****   * PARTICULAR PURPOSE AND NON-INFRINGEMENT OF THIRD PARTY INTELLECTUAL PROPERTY
  38:Core/Src/freertos.c ****   * RIGHTS ARE DISCLAIMED TO THE FULLEST EXTENT PERMITTED BY LAW. IN NO EVENT 
  39:Core/Src/freertos.c ****   * SHALL STMICROELECTRONICS OR CONTRIBUTORS BE LIABLE FOR ANY DIRECT, INDIRECT,
  40:Core/Src/freertos.c ****   * INCIDENTAL, SPECIAL, EXEMPLARY, OR CONSEQUENTIAL DAMAGES (INCLUDING, BUT NOT
  41:Core/Src/freertos.c ****   * LIMITED TO, PROCUREMENT OF SUBSTITUTE GOODS OR SERVICES; LOSS OF USE, DATA, 
  42:Core/Src/freertos.c ****   * OR PROFITS; OR BUSINESS INTERRUPTION) HOWEVER CAUSED AND ON ANY THEORY OF 
  43:Core/Src/freertos.c ****   * LIABILITY, WHETHER IN CONTRACT, STRICT LIABILITY, OR TORT (INCLUDING 
  44:Core/Src/freertos.c ****   * NEGLIGENCE OR OTHERWISE) ARISING IN ANY WAY OUT OF THE USE OF THIS SOFTWARE,
  45:Core/Src/freertos.c ****   * EVEN IF ADVISED OF THE POSSIBILITY OF SUCH DAMAGE.
  46:Core/Src/freertos.c ****   *
  47:Core/Src/freertos.c ****   ******************************************************************************
  48:Core/Src/freertos.c ****   */
  49:Core/Src/freertos.c **** /* USER CODE END Header */
  50:Core/Src/freertos.c **** 
  51:Core/Src/freertos.c **** /* Includes ------------------------------------------------------------------*/
  52:Core/Src/freertos.c **** #include "FreeRTOS.h"
  53:Core/Src/freertos.c **** #include "task.h"
  54:Core/Src/freertos.c **** #include "main.h"
  55:Core/Src/freertos.c **** #include "cmsis_os.h"
  56:Core/Src/freertos.c **** 
  57:Core/Src/freertos.c **** /* Private includes ----------------------------------------------------------*/
  58:Core/Src/freertos.c **** /* USER CODE BEGIN Includes */
  59:Core/Src/freertos.c **** 
  60:Core/Src/freertos.c **** /* USER CODE END Includes */
  61:Core/Src/freertos.c **** 
  62:Core/Src/freertos.c **** /* Private typedef -----------------------------------------------------------*/
  63:Core/Src/freertos.c **** /* USER CODE BEGIN PTD */
  64:Core/Src/freertos.c **** 
  65:Core/Src/freertos.c **** /* USER CODE END PTD */
  66:Core/Src/freertos.c **** 
  67:Core/Src/freertos.c **** /* Private define ------------------------------------------------------------*/
  68:Core/Src/freertos.c **** /* USER CODE BEGIN PD */
  69:Core/Src/freertos.c **** 
  70:Core/Src/freertos.c **** /* USER CODE END PD */
  71:Core/Src/freertos.c **** 
  72:Core/Src/freertos.c **** /* Private macro -------------------------------------------------------------*/
  73:Core/Src/freertos.c **** /* USER CODE BEGIN PM */
  74:Core/Src/freertos.c **** 
  75:Core/Src/freertos.c **** /* USER CODE END PM */
  76:Core/Src/freertos.c **** 
  77:Core/Src/freertos.c **** /* Private variables ---------------------------------------------------------*/
  78:Core/Src/freertos.c **** /* USER CODE BEGIN Variables */
  79:Core/Src/freertos.c **** 
  80:Core/Src/freertos.c **** /* USER CODE END Variables */
  81:Core/Src/freertos.c **** osThreadId defaultTaskHandle;
  82:Core/Src/freertos.c **** uint32_t defaultTaskBuffer[128];
  83:Core/Src/freertos.c **** osStaticThreadDef_t defaultTaskControlBlock;
  84:Core/Src/freertos.c **** osThreadId MotorHandle;
  85:Core/Src/freertos.c **** uint32_t MotorThreadBuffer[2048];
  86:Core/Src/freertos.c **** osStaticThreadDef_t MotorThreadControlBlock;
  87:Core/Src/freertos.c **** osThreadId PnematicHandle;
  88:Core/Src/freertos.c **** uint32_t PneumaticThreadBuffer[2048];
ARM GAS  C:\Users\Prashant\AppData\Local\Temp\ccQWbjG5.s 			page 3


  89:Core/Src/freertos.c **** osStaticThreadDef_t PneumaticThreadControlBlock;
  90:Core/Src/freertos.c **** osThreadId MovingMassHandle;
  91:Core/Src/freertos.c **** uint32_t MovingMassThreadBuffer[2048];
  92:Core/Src/freertos.c **** osStaticThreadDef_t MovingMassThreadControlBlock;
  93:Core/Src/freertos.c **** 
  94:Core/Src/freertos.c **** /* Private function prototypes -----------------------------------------------*/
  95:Core/Src/freertos.c **** /* USER CODE BEGIN FunctionPrototypes */
  96:Core/Src/freertos.c **** 
  97:Core/Src/freertos.c **** /* USER CODE END FunctionPrototypes */
  98:Core/Src/freertos.c **** 
  99:Core/Src/freertos.c **** void StartDefaultTask(void const *argument);
 100:Core/Src/freertos.c **** void MotorThread(void const *argument);
 101:Core/Src/freertos.c **** void PneumaticThread(void const *argument);
 102:Core/Src/freertos.c **** void MovingMassThread(void const *argument);
 103:Core/Src/freertos.c **** 
 104:Core/Src/freertos.c **** void MX_FREERTOS_Init(void); /* (MISRA C 2004 rule 8.1) */
 105:Core/Src/freertos.c **** 
 106:Core/Src/freertos.c **** /* GetIdleTaskMemory prototype (linked to static allocation support) */
 107:Core/Src/freertos.c **** void vApplicationGetIdleTaskMemory(StaticTask_t **ppxIdleTaskTCBBuffer, StackType_t **ppxIdleTaskSt
 108:Core/Src/freertos.c **** 
 109:Core/Src/freertos.c **** /* USER CODE BEGIN GET_IDLE_TASK_MEMORY */
 110:Core/Src/freertos.c **** static StaticTask_t xIdleTaskTCBBuffer;
 111:Core/Src/freertos.c **** static StackType_t xIdleStack[configMINIMAL_STACK_SIZE];
 112:Core/Src/freertos.c **** 
 113:Core/Src/freertos.c **** void vApplicationGetIdleTaskMemory(StaticTask_t **ppxIdleTaskTCBBuffer, StackType_t **ppxIdleTaskSt
 114:Core/Src/freertos.c **** {
  28              		.loc 1 114 0
  29              		.cfi_startproc
  30              		@ args = 0, pretend = 0, frame = 0
  31              		@ frame_needed = 0, uses_anonymous_args = 0
  32              		@ link register save eliminated.
  33              	.LVL0:
 115:Core/Src/freertos.c ****         *ppxIdleTaskTCBBuffer = &xIdleTaskTCBBuffer;
  34              		.loc 1 115 0
  35 0000 034B     		ldr	r3, .L2
  36 0002 0360     		str	r3, [r0]
 116:Core/Src/freertos.c ****         *ppxIdleTaskStackBuffer = &xIdleStack[0];
  37              		.loc 1 116 0
  38 0004 034B     		ldr	r3, .L2+4
  39 0006 0B60     		str	r3, [r1]
 117:Core/Src/freertos.c ****         *pulIdleTaskStackSize = configMINIMAL_STACK_SIZE;
  40              		.loc 1 117 0
  41 0008 8023     		movs	r3, #128
  42 000a 1360     		str	r3, [r2]
 118:Core/Src/freertos.c ****         /* place for user code */
 119:Core/Src/freertos.c **** }
  43              		.loc 1 119 0
  44 000c 7047     		bx	lr
  45              	.L3:
  46 000e 00BF     		.align	2
  47              	.L2:
  48 0010 00000000 		.word	.LANCHOR0
  49 0014 00000000 		.word	.LANCHOR1
  50              		.cfi_endproc
  51              	.LFE131:
  53              		.section	.text.MX_FREERTOS_Init,"ax",%progbits
  54              		.align	1
ARM GAS  C:\Users\Prashant\AppData\Local\Temp\ccQWbjG5.s 			page 4


  55              		.global	MX_FREERTOS_Init
  56              		.syntax unified
  57              		.thumb
  58              		.thumb_func
  59              		.fpu fpv4-sp-d16
  61              	MX_FREERTOS_Init:
  62              	.LFB132:
 120:Core/Src/freertos.c **** /* USER CODE END GET_IDLE_TASK_MEMORY */
 121:Core/Src/freertos.c **** 
 122:Core/Src/freertos.c **** /**
 123:Core/Src/freertos.c ****   * @brief  FreeRTOS initialization
 124:Core/Src/freertos.c ****   * @param  None
 125:Core/Src/freertos.c ****   * @retval None
 126:Core/Src/freertos.c ****   */
 127:Core/Src/freertos.c **** void MX_FREERTOS_Init(void)
 128:Core/Src/freertos.c **** {
  63              		.loc 1 128 0
  64              		.cfi_startproc
  65              		@ args = 0, pretend = 0, frame = 112
  66              		@ frame_needed = 0, uses_anonymous_args = 0
  67 0000 70B5     		push	{r4, r5, r6, lr}
  68              	.LCFI0:
  69              		.cfi_def_cfa_offset 16
  70              		.cfi_offset 4, -16
  71              		.cfi_offset 5, -12
  72              		.cfi_offset 6, -8
  73              		.cfi_offset 14, -4
  74 0002 9CB0     		sub	sp, sp, #112
  75              	.LCFI1:
  76              		.cfi_def_cfa_offset 128
 129:Core/Src/freertos.c ****         /* USER CODE BEGIN Init */
 130:Core/Src/freertos.c **** 
 131:Core/Src/freertos.c ****         /* USER CODE END Init */
 132:Core/Src/freertos.c **** 
 133:Core/Src/freertos.c ****         /* USER CODE BEGIN RTOS_MUTEX */
 134:Core/Src/freertos.c ****         /* add mutexes, ... */
 135:Core/Src/freertos.c ****         /* USER CODE END RTOS_MUTEX */
 136:Core/Src/freertos.c **** 
 137:Core/Src/freertos.c ****         /* USER CODE BEGIN RTOS_SEMAPHORES */
 138:Core/Src/freertos.c ****         /* add semaphores, ... */
 139:Core/Src/freertos.c ****         /* USER CODE END RTOS_SEMAPHORES */
 140:Core/Src/freertos.c **** 
 141:Core/Src/freertos.c ****         /* USER CODE BEGIN RTOS_TIMERS */
 142:Core/Src/freertos.c ****         /* start timers, add new ones, ... */
 143:Core/Src/freertos.c ****         /* USER CODE END RTOS_TIMERS */
 144:Core/Src/freertos.c **** 
 145:Core/Src/freertos.c ****         /* Create the thread(s) */
 146:Core/Src/freertos.c ****         /* definition and creation of defaultTask */
 147:Core/Src/freertos.c ****         osThreadStaticDef(defaultTask, StartDefaultTask, osPriorityNormal, 0, 128, defaultTaskBuffe
  77              		.loc 1 147 0
  78 0004 1E4C     		ldr	r4, .L6
  79 0006 15AD     		add	r5, sp, #84
  80 0008 2646     		mov	r6, r4
  81 000a 0FCE     		ldmia	r6!, {r0, r1, r2, r3}
  82 000c 0FC5     		stmia	r5!, {r0, r1, r2, r3}
  83 000e 96E80700 		ldm	r6, {r0, r1, r2}
  84 0012 85E80700 		stm	r5, {r0, r1, r2}
ARM GAS  C:\Users\Prashant\AppData\Local\Temp\ccQWbjG5.s 			page 5


 148:Core/Src/freertos.c ****         defaultTaskHandle = osThreadCreate(osThread(defaultTask), NULL);
  85              		.loc 1 148 0
  86 0016 0021     		movs	r1, #0
  87 0018 15A8     		add	r0, sp, #84
  88 001a FFF7FEFF 		bl	osThreadCreate
  89              	.LVL1:
  90 001e 194B     		ldr	r3, .L6+4
  91 0020 1860     		str	r0, [r3]
 149:Core/Src/freertos.c **** 
 150:Core/Src/freertos.c ****         /* definition and creation of Motor */
 151:Core/Src/freertos.c ****         osThreadStaticDef(Motor, MotorThread, osPriorityRealtime, 0, 2048, MotorThreadBuffer, &Moto
  92              		.loc 1 151 0
  93 0022 0EAD     		add	r5, sp, #56
  94 0024 04F11C06 		add	r6, r4, #28
  95 0028 0FCE     		ldmia	r6!, {r0, r1, r2, r3}
  96 002a 0FC5     		stmia	r5!, {r0, r1, r2, r3}
  97 002c 96E80700 		ldm	r6, {r0, r1, r2}
  98 0030 85E80700 		stm	r5, {r0, r1, r2}
 152:Core/Src/freertos.c ****         MotorHandle = osThreadCreate(osThread(Motor), NULL);
  99              		.loc 1 152 0
 100 0034 0021     		movs	r1, #0
 101 0036 0EA8     		add	r0, sp, #56
 102 0038 FFF7FEFF 		bl	osThreadCreate
 103              	.LVL2:
 104 003c 124B     		ldr	r3, .L6+8
 105 003e 1860     		str	r0, [r3]
 153:Core/Src/freertos.c **** 
 154:Core/Src/freertos.c ****         /* definition and creation of Pnematic */
 155:Core/Src/freertos.c ****         osThreadStaticDef(Pnematic, PneumaticThread, osPriorityRealtime, 0, 2048, PneumaticThreadBu
 106              		.loc 1 155 0
 107 0040 07AD     		add	r5, sp, #28
 108 0042 04F13806 		add	r6, r4, #56
 109 0046 0FCE     		ldmia	r6!, {r0, r1, r2, r3}
 110 0048 0FC5     		stmia	r5!, {r0, r1, r2, r3}
 111 004a 96E80700 		ldm	r6, {r0, r1, r2}
 112 004e 85E80700 		stm	r5, {r0, r1, r2}
 156:Core/Src/freertos.c ****         PnematicHandle = osThreadCreate(osThread(Pnematic), NULL);
 113              		.loc 1 156 0
 114 0052 0021     		movs	r1, #0
 115 0054 07A8     		add	r0, sp, #28
 116 0056 FFF7FEFF 		bl	osThreadCreate
 117              	.LVL3:
 118 005a 0C4B     		ldr	r3, .L6+12
 119 005c 1860     		str	r0, [r3]
 157:Core/Src/freertos.c **** 
 158:Core/Src/freertos.c ****         /* definition and creation of MovingMass */
 159:Core/Src/freertos.c ****         osThreadStaticDef(MovingMass, MovingMassThread, osPriorityRealtime, 0, 2048, MovingMassThre
 120              		.loc 1 159 0
 121 005e 6D46     		mov	r5, sp
 122 0060 5434     		adds	r4, r4, #84
 123 0062 0FCC     		ldmia	r4!, {r0, r1, r2, r3}
 124 0064 0FC5     		stmia	r5!, {r0, r1, r2, r3}
 125 0066 94E80700 		ldm	r4, {r0, r1, r2}
 126 006a 85E80700 		stm	r5, {r0, r1, r2}
 160:Core/Src/freertos.c ****         MovingMassHandle = osThreadCreate(osThread(MovingMass), NULL);
 127              		.loc 1 160 0
 128 006e 0021     		movs	r1, #0
ARM GAS  C:\Users\Prashant\AppData\Local\Temp\ccQWbjG5.s 			page 6


 129 0070 6846     		mov	r0, sp
 130 0072 FFF7FEFF 		bl	osThreadCreate
 131              	.LVL4:
 132 0076 064B     		ldr	r3, .L6+16
 133 0078 1860     		str	r0, [r3]
 161:Core/Src/freertos.c **** 
 162:Core/Src/freertos.c ****         /* USER CODE BEGIN RTOS_THREADS */
 163:Core/Src/freertos.c ****         /* add threads, ... */
 164:Core/Src/freertos.c ****         /* USER CODE END RTOS_THREADS */
 165:Core/Src/freertos.c **** 
 166:Core/Src/freertos.c ****         /* USER CODE BEGIN RTOS_QUEUES */
 167:Core/Src/freertos.c ****         /* add queues, ... */
 168:Core/Src/freertos.c ****         /* USER CODE END RTOS_QUEUES */
 169:Core/Src/freertos.c **** }
 134              		.loc 1 169 0
 135 007a 1CB0     		add	sp, sp, #112
 136              	.LCFI2:
 137              		.cfi_def_cfa_offset 16
 138              		@ sp needed
 139 007c 70BD     		pop	{r4, r5, r6, pc}
 140              	.L7:
 141 007e 00BF     		.align	2
 142              	.L6:
 143 0080 00000000 		.word	.LANCHOR2
 144 0084 00000000 		.word	defaultTaskHandle
 145 0088 00000000 		.word	MotorHandle
 146 008c 00000000 		.word	PnematicHandle
 147 0090 00000000 		.word	MovingMassHandle
 148              		.cfi_endproc
 149              	.LFE132:
 151              		.comm	MovingMassThreadControlBlock,84,4
 152              		.comm	MovingMassThreadBuffer,8192,4
 153              		.comm	MovingMassHandle,4,4
 154              		.comm	PneumaticThreadControlBlock,84,4
 155              		.comm	PneumaticThreadBuffer,8192,4
 156              		.comm	PnematicHandle,4,4
 157              		.comm	MotorThreadControlBlock,84,4
 158              		.comm	MotorThreadBuffer,8192,4
 159              		.comm	MotorHandle,4,4
 160              		.comm	defaultTaskControlBlock,84,4
 161              		.comm	defaultTaskBuffer,512,4
 162              		.comm	defaultTaskHandle,4,4
 163              		.section	.rodata
 164              		.align	2
 165              		.set	.LANCHOR2,. + 0
 166              	.LC8:
 167 0000 20000000 		.word	.LC0
 168 0004 00000000 		.word	StartDefaultTask
 169 0008 0000     		.short	0
 170 000a 0000     		.space	2
 171 000c 00000000 		.word	0
 172 0010 80000000 		.word	128
 173 0014 00000000 		.word	defaultTaskBuffer
 174 0018 00000000 		.word	defaultTaskControlBlock
 175              	.LC9:
 176 001c 18000000 		.word	.LC2
 177 0020 00000000 		.word	MotorThread
ARM GAS  C:\Users\Prashant\AppData\Local\Temp\ccQWbjG5.s 			page 7


 178 0024 0300     		.short	3
 179 0026 0000     		.space	2
 180 0028 00000000 		.word	0
 181 002c 00080000 		.word	2048
 182 0030 00000000 		.word	MotorThreadBuffer
 183 0034 00000000 		.word	MotorThreadControlBlock
 184              	.LC10:
 185 0038 0C000000 		.word	.LC4
 186 003c 00000000 		.word	PneumaticThread
 187 0040 0300     		.short	3
 188 0042 0000     		.space	2
 189 0044 00000000 		.word	0
 190 0048 00080000 		.word	2048
 191 004c 00000000 		.word	PneumaticThreadBuffer
 192 0050 00000000 		.word	PneumaticThreadControlBlock
 193              	.LC11:
 194 0054 00000000 		.word	.LC6
 195 0058 00000000 		.word	MovingMassThread
 196 005c 0300     		.short	3
 197 005e 0000     		.space	2
 198 0060 00000000 		.word	0
 199 0064 00080000 		.word	2048
 200 0068 00000000 		.word	MovingMassThreadBuffer
 201 006c 00000000 		.word	MovingMassThreadControlBlock
 202              		.section	.bss.xIdleStack,"aw",%nobits
 203              		.align	2
 204              		.set	.LANCHOR1,. + 0
 207              	xIdleStack:
 208 0000 00000000 		.space	512
 208      00000000 
 208      00000000 
 208      00000000 
 208      00000000 
 209              		.section	.bss.xIdleTaskTCBBuffer,"aw",%nobits
 210              		.align	2
 211              		.set	.LANCHOR0,. + 0
 214              	xIdleTaskTCBBuffer:
 215 0000 00000000 		.space	84
 215      00000000 
 215      00000000 
 215      00000000 
 215      00000000 
 216              		.section	.rodata.str1.4,"aMS",%progbits,1
 217              		.align	2
 218              	.LC6:
 219 0000 4D6F7669 		.ascii	"MovingMass\000"
 219      6E674D61 
 219      737300
 220 000b 00       		.space	1
 221              	.LC4:
 222 000c 506E656D 		.ascii	"Pnematic\000"
 222      61746963 
 222      00
 223 0015 000000   		.space	3
 224              	.LC2:
 225 0018 4D6F746F 		.ascii	"Motor\000"
 225      7200
ARM GAS  C:\Users\Prashant\AppData\Local\Temp\ccQWbjG5.s 			page 8


 226 001e 0000     		.space	2
 227              	.LC0:
 228 0020 64656661 		.ascii	"defaultTask\000"
 228      756C7454 
 228      61736B00 
 229              		.text
 230              	.Letext0:
 231              		.file 2 "c:\\program files (x86)\\gnu tools arm embedded\\7 2017-q4-major\\arm-none-eabi\\include\
 232              		.file 3 "c:\\program files (x86)\\gnu tools arm embedded\\7 2017-q4-major\\arm-none-eabi\\include\
 233              		.file 4 "C:/Users/Prashant/STM32Cube/Repository/STM32Cube_FW_F4_V1.23.0/Middlewares/Third_Party/Fr
 234              		.file 5 "C:/Users/Prashant/STM32Cube/Repository/STM32Cube_FW_F4_V1.23.0/Middlewares/Third_Party/Fr
 235              		.file 6 "C:/Users/Prashant/STM32Cube/Repository/STM32Cube_FW_F4_V1.23.0/Middlewares/Third_Party/Fr
 236              		.file 7 "Core/Inc/sys/FreeRTOSConfig.h"
 237              		.file 8 "C:/Users/Prashant/STM32Cube/Repository/STM32Cube_FW_F4_V1.23.0/Drivers/CMSIS/Include/core
 238              		.file 9 "C:/Users/Prashant/STM32Cube/Repository/STM32Cube_FW_F4_V1.23.0/Drivers/CMSIS/Device/ST/ST
 239              		.file 10 "c:\\program files (x86)\\gnu tools arm embedded\\7 2017-q4-major\\arm-none-eabi\\include
 240              		.file 11 "c:\\program files (x86)\\gnu tools arm embedded\\7 2017-q4-major\\arm-none-eabi\\include
 241              		.file 12 "c:\\program files (x86)\\gnu tools arm embedded\\7 2017-q4-major\\lib\\gcc\\arm-none-eab
 242              		.file 13 "c:\\program files (x86)\\gnu tools arm embedded\\7 2017-q4-major\\arm-none-eabi\\include
 243              		.file 14 "C:/Users/Prashant/STM32Cube/Repository/STM32Cube_FW_F4_V1.23.0/Middlewares/Third_Party/F
ARM GAS  C:\Users\Prashant\AppData\Local\Temp\ccQWbjG5.s 			page 9


DEFINED SYMBOLS
                            *ABS*:00000000 freertos.c
C:\Users\Prashant\AppData\Local\Temp\ccQWbjG5.s:18     .text.vApplicationGetIdleTaskMemory:00000000 $t
C:\Users\Prashant\AppData\Local\Temp\ccQWbjG5.s:25     .text.vApplicationGetIdleTaskMemory:00000000 vApplicationGetIdleTaskMemory
C:\Users\Prashant\AppData\Local\Temp\ccQWbjG5.s:48     .text.vApplicationGetIdleTaskMemory:00000010 $d
C:\Users\Prashant\AppData\Local\Temp\ccQWbjG5.s:54     .text.MX_FREERTOS_Init:00000000 $t
C:\Users\Prashant\AppData\Local\Temp\ccQWbjG5.s:61     .text.MX_FREERTOS_Init:00000000 MX_FREERTOS_Init
C:\Users\Prashant\AppData\Local\Temp\ccQWbjG5.s:143    .text.MX_FREERTOS_Init:00000080 $d
                            *COM*:00000004 defaultTaskHandle
                            *COM*:00000004 MotorHandle
                            *COM*:00000004 PnematicHandle
                            *COM*:00000004 MovingMassHandle
                            *COM*:00000054 MovingMassThreadControlBlock
                            *COM*:00002000 MovingMassThreadBuffer
                            *COM*:00000054 PneumaticThreadControlBlock
                            *COM*:00002000 PneumaticThreadBuffer
                            *COM*:00000054 MotorThreadControlBlock
                            *COM*:00002000 MotorThreadBuffer
                            *COM*:00000054 defaultTaskControlBlock
                            *COM*:00000200 defaultTaskBuffer
C:\Users\Prashant\AppData\Local\Temp\ccQWbjG5.s:164    .rodata:00000000 $d
C:\Users\Prashant\AppData\Local\Temp\ccQWbjG5.s:203    .bss.xIdleStack:00000000 $d
C:\Users\Prashant\AppData\Local\Temp\ccQWbjG5.s:207    .bss.xIdleStack:00000000 xIdleStack
C:\Users\Prashant\AppData\Local\Temp\ccQWbjG5.s:210    .bss.xIdleTaskTCBBuffer:00000000 $d
C:\Users\Prashant\AppData\Local\Temp\ccQWbjG5.s:214    .bss.xIdleTaskTCBBuffer:00000000 xIdleTaskTCBBuffer
C:\Users\Prashant\AppData\Local\Temp\ccQWbjG5.s:217    .rodata.str1.4:00000000 $d

UNDEFINED SYMBOLS
osThreadCreate
StartDefaultTask
MotorThread
PneumaticThread
MovingMassThread
