ARM GAS  C:\Users\Prashant\AppData\Local\Temp\cc2BA5Oy.s 			page 1


   1              		.cpu cortex-m4
   2              		.eabi_attribute 27, 1
   3              		.eabi_attribute 28, 1
   4              		.eabi_attribute 20, 1
   5              		.eabi_attribute 21, 1
   6              		.eabi_attribute 23, 3
   7              		.eabi_attribute 24, 1
   8              		.eabi_attribute 25, 1
   9              		.eabi_attribute 26, 1
  10              		.eabi_attribute 30, 1
  11              		.eabi_attribute 34, 1
  12              		.eabi_attribute 18, 4
  13              		.file	"gpio.c"
  14              		.text
  15              	.Ltext0:
  16              		.cfi_sections	.debug_frame
  17              		.section	.text.MX_GPIO_Init,"ax",%progbits
  18              		.align	1
  19              		.global	MX_GPIO_Init
  20              		.syntax unified
  21              		.thumb
  22              		.thumb_func
  23              		.fpu fpv4-sp-d16
  25              	MX_GPIO_Init:
  26              	.LFB126:
  27              		.file 1 "Core/Src/periphs/gpio.c"
   1:Core/Src/periphs/gpio.c **** /**
   2:Core/Src/periphs/gpio.c ****   ******************************************************************************
   3:Core/Src/periphs/gpio.c ****   * File Name          : gpio.c
   4:Core/Src/periphs/gpio.c ****   * Description        : This file provides code for the configuration
   5:Core/Src/periphs/gpio.c ****   *                      of all used GPIO pins.
   6:Core/Src/periphs/gpio.c ****   ******************************************************************************
   7:Core/Src/periphs/gpio.c ****   * This notice applies to any and all portions of this file
   8:Core/Src/periphs/gpio.c ****   * that are not between comment pairs USER CODE BEGIN and
   9:Core/Src/periphs/gpio.c ****   * USER CODE END. Other portions of this file, whether 
  10:Core/Src/periphs/gpio.c ****   * inserted by the user or by software development tools
  11:Core/Src/periphs/gpio.c ****   * are owned by their respective copyright owners.
  12:Core/Src/periphs/gpio.c ****   *
  13:Core/Src/periphs/gpio.c ****   * Copyright (c) 2019 STMicroelectronics International N.V. 
  14:Core/Src/periphs/gpio.c ****   * All rights reserved.
  15:Core/Src/periphs/gpio.c ****   *
  16:Core/Src/periphs/gpio.c ****   * Redistribution and use in source and binary forms, with or without 
  17:Core/Src/periphs/gpio.c ****   * modification, are permitted, provided that the following conditions are met:
  18:Core/Src/periphs/gpio.c ****   *
  19:Core/Src/periphs/gpio.c ****   * 1. Redistribution of source code must retain the above copyright notice, 
  20:Core/Src/periphs/gpio.c ****   *    this list of conditions and the following disclaimer.
  21:Core/Src/periphs/gpio.c ****   * 2. Redistributions in binary form must reproduce the above copyright notice,
  22:Core/Src/periphs/gpio.c ****   *    this list of conditions and the following disclaimer in the documentation
  23:Core/Src/periphs/gpio.c ****   *    and/or other materials provided with the distribution.
  24:Core/Src/periphs/gpio.c ****   * 3. Neither the name of STMicroelectronics nor the names of other 
  25:Core/Src/periphs/gpio.c ****   *    contributors to this software may be used to endorse or promote products 
  26:Core/Src/periphs/gpio.c ****   *    derived from this software without specific written permission.
  27:Core/Src/periphs/gpio.c ****   * 4. This software, including modifications and/or derivative works of this 
  28:Core/Src/periphs/gpio.c ****   *    software, must execute solely and exclusively on microcontroller or
  29:Core/Src/periphs/gpio.c ****   *    microprocessor devices manufactured by or for STMicroelectronics.
  30:Core/Src/periphs/gpio.c ****   * 5. Redistribution and use of this software other than as permitted under 
  31:Core/Src/periphs/gpio.c ****   *    this license is void and will automatically terminate your rights under 
ARM GAS  C:\Users\Prashant\AppData\Local\Temp\cc2BA5Oy.s 			page 2


  32:Core/Src/periphs/gpio.c ****   *    this license. 
  33:Core/Src/periphs/gpio.c ****   *
  34:Core/Src/periphs/gpio.c ****   * THIS SOFTWARE IS PROVIDED BY STMICROELECTRONICS AND CONTRIBUTORS "AS IS" 
  35:Core/Src/periphs/gpio.c ****   * AND ANY EXPRESS, IMPLIED OR STATUTORY WARRANTIES, INCLUDING, BUT NOT 
  36:Core/Src/periphs/gpio.c ****   * LIMITED TO, THE IMPLIED WARRANTIES OF MERCHANTABILITY, FITNESS FOR A 
  37:Core/Src/periphs/gpio.c ****   * PARTICULAR PURPOSE AND NON-INFRINGEMENT OF THIRD PARTY INTELLECTUAL PROPERTY
  38:Core/Src/periphs/gpio.c ****   * RIGHTS ARE DISCLAIMED TO THE FULLEST EXTENT PERMITTED BY LAW. IN NO EVENT 
  39:Core/Src/periphs/gpio.c ****   * SHALL STMICROELECTRONICS OR CONTRIBUTORS BE LIABLE FOR ANY DIRECT, INDIRECT,
  40:Core/Src/periphs/gpio.c ****   * INCIDENTAL, SPECIAL, EXEMPLARY, OR CONSEQUENTIAL DAMAGES (INCLUDING, BUT NOT
  41:Core/Src/periphs/gpio.c ****   * LIMITED TO, PROCUREMENT OF SUBSTITUTE GOODS OR SERVICES; LOSS OF USE, DATA, 
  42:Core/Src/periphs/gpio.c ****   * OR PROFITS; OR BUSINESS INTERRUPTION) HOWEVER CAUSED AND ON ANY THEORY OF 
  43:Core/Src/periphs/gpio.c ****   * LIABILITY, WHETHER IN CONTRACT, STRICT LIABILITY, OR TORT (INCLUDING 
  44:Core/Src/periphs/gpio.c ****   * NEGLIGENCE OR OTHERWISE) ARISING IN ANY WAY OUT OF THE USE OF THIS SOFTWARE,
  45:Core/Src/periphs/gpio.c ****   * EVEN IF ADVISED OF THE POSSIBILITY OF SUCH DAMAGE.
  46:Core/Src/periphs/gpio.c ****   *
  47:Core/Src/periphs/gpio.c ****   ******************************************************************************
  48:Core/Src/periphs/gpio.c ****   */
  49:Core/Src/periphs/gpio.c **** 
  50:Core/Src/periphs/gpio.c **** /* Includes ------------------------------------------------------------------*/
  51:Core/Src/periphs/gpio.c **** #include "gpio.h"
  52:Core/Src/periphs/gpio.c **** /* USER CODE BEGIN 0 */
  53:Core/Src/periphs/gpio.c **** 
  54:Core/Src/periphs/gpio.c **** /* USER CODE END 0 */
  55:Core/Src/periphs/gpio.c **** 
  56:Core/Src/periphs/gpio.c **** /*----------------------------------------------------------------------------*/
  57:Core/Src/periphs/gpio.c **** /* Configure GPIO                                                             */
  58:Core/Src/periphs/gpio.c **** /*----------------------------------------------------------------------------*/
  59:Core/Src/periphs/gpio.c **** /* USER CODE BEGIN 1 */
  60:Core/Src/periphs/gpio.c **** 
  61:Core/Src/periphs/gpio.c **** /* USER CODE END 1 */
  62:Core/Src/periphs/gpio.c **** 
  63:Core/Src/periphs/gpio.c **** /** Configure pins as 
  64:Core/Src/periphs/gpio.c ****         * Analog 
  65:Core/Src/periphs/gpio.c ****         * Input 
  66:Core/Src/periphs/gpio.c ****         * Output
  67:Core/Src/periphs/gpio.c ****         * EVENT_OUT
  68:Core/Src/periphs/gpio.c ****         * EXTI
  69:Core/Src/periphs/gpio.c ****         * Free pins are configured automatically as Analog (this feature is enabled through 
  70:Core/Src/periphs/gpio.c ****         * the Code Generation settings)
  71:Core/Src/periphs/gpio.c **** */
  72:Core/Src/periphs/gpio.c **** void MX_GPIO_Init(void)
  73:Core/Src/periphs/gpio.c **** {
  28              		.loc 1 73 0
  29              		.cfi_startproc
  30              		@ args = 0, pretend = 0, frame = 48
  31              		@ frame_needed = 0, uses_anonymous_args = 0
  32 0000 2DE9F04F 		push	{r4, r5, r6, r7, r8, r9, r10, fp, lr}
  33              	.LCFI0:
  34              		.cfi_def_cfa_offset 36
  35              		.cfi_offset 4, -36
  36              		.cfi_offset 5, -32
  37              		.cfi_offset 6, -28
  38              		.cfi_offset 7, -24
  39              		.cfi_offset 8, -20
  40              		.cfi_offset 9, -16
  41              		.cfi_offset 10, -12
  42              		.cfi_offset 11, -8
ARM GAS  C:\Users\Prashant\AppData\Local\Temp\cc2BA5Oy.s 			page 3


  43              		.cfi_offset 14, -4
  44 0004 8DB0     		sub	sp, sp, #52
  45              	.LCFI1:
  46              		.cfi_def_cfa_offset 88
  74:Core/Src/periphs/gpio.c **** 
  75:Core/Src/periphs/gpio.c ****   GPIO_InitTypeDef GPIO_InitStruct = {0};
  47              		.loc 1 75 0
  48 0006 0024     		movs	r4, #0
  49 0008 0794     		str	r4, [sp, #28]
  50 000a 0894     		str	r4, [sp, #32]
  51 000c 0994     		str	r4, [sp, #36]
  52 000e 0A94     		str	r4, [sp, #40]
  53 0010 0B94     		str	r4, [sp, #44]
  54              	.LBB2:
  76:Core/Src/periphs/gpio.c **** 
  77:Core/Src/periphs/gpio.c ****   /* GPIO Ports Clock Enable */
  78:Core/Src/periphs/gpio.c ****   __HAL_RCC_GPIOE_CLK_ENABLE();
  55              		.loc 1 78 0
  56 0012 0194     		str	r4, [sp, #4]
  57 0014 8C4B     		ldr	r3, .L3
  58 0016 1A6B     		ldr	r2, [r3, #48]
  59 0018 42F01002 		orr	r2, r2, #16
  60 001c 1A63     		str	r2, [r3, #48]
  61 001e 1A6B     		ldr	r2, [r3, #48]
  62 0020 02F01002 		and	r2, r2, #16
  63 0024 0192     		str	r2, [sp, #4]
  64 0026 019A     		ldr	r2, [sp, #4]
  65              	.LBE2:
  66              	.LBB3:
  79:Core/Src/periphs/gpio.c ****   __HAL_RCC_GPIOC_CLK_ENABLE();
  67              		.loc 1 79 0
  68 0028 0294     		str	r4, [sp, #8]
  69 002a 1A6B     		ldr	r2, [r3, #48]
  70 002c 42F00402 		orr	r2, r2, #4
  71 0030 1A63     		str	r2, [r3, #48]
  72 0032 1A6B     		ldr	r2, [r3, #48]
  73 0034 02F00402 		and	r2, r2, #4
  74 0038 0292     		str	r2, [sp, #8]
  75 003a 029A     		ldr	r2, [sp, #8]
  76              	.LBE3:
  77              	.LBB4:
  80:Core/Src/periphs/gpio.c ****   __HAL_RCC_GPIOH_CLK_ENABLE();
  78              		.loc 1 80 0
  79 003c 0394     		str	r4, [sp, #12]
  80 003e 1A6B     		ldr	r2, [r3, #48]
  81 0040 42F08002 		orr	r2, r2, #128
  82 0044 1A63     		str	r2, [r3, #48]
  83 0046 1A6B     		ldr	r2, [r3, #48]
  84 0048 02F08002 		and	r2, r2, #128
  85 004c 0392     		str	r2, [sp, #12]
  86 004e 039A     		ldr	r2, [sp, #12]
  87              	.LBE4:
  88              	.LBB5:
  81:Core/Src/periphs/gpio.c ****   __HAL_RCC_GPIOA_CLK_ENABLE();
  89              		.loc 1 81 0
  90 0050 0494     		str	r4, [sp, #16]
  91 0052 1A6B     		ldr	r2, [r3, #48]
ARM GAS  C:\Users\Prashant\AppData\Local\Temp\cc2BA5Oy.s 			page 4


  92 0054 42F00102 		orr	r2, r2, #1
  93 0058 1A63     		str	r2, [r3, #48]
  94 005a 1A6B     		ldr	r2, [r3, #48]
  95 005c 02F00102 		and	r2, r2, #1
  96 0060 0492     		str	r2, [sp, #16]
  97 0062 049A     		ldr	r2, [sp, #16]
  98              	.LBE5:
  99              	.LBB6:
  82:Core/Src/periphs/gpio.c ****   __HAL_RCC_GPIOB_CLK_ENABLE();
 100              		.loc 1 82 0
 101 0064 0594     		str	r4, [sp, #20]
 102 0066 1A6B     		ldr	r2, [r3, #48]
 103 0068 42F00202 		orr	r2, r2, #2
 104 006c 1A63     		str	r2, [r3, #48]
 105 006e 1A6B     		ldr	r2, [r3, #48]
 106 0070 02F00202 		and	r2, r2, #2
 107 0074 0592     		str	r2, [sp, #20]
 108 0076 059A     		ldr	r2, [sp, #20]
 109              	.LBE6:
 110              	.LBB7:
  83:Core/Src/periphs/gpio.c ****   __HAL_RCC_GPIOD_CLK_ENABLE();
 111              		.loc 1 83 0
 112 0078 0694     		str	r4, [sp, #24]
 113 007a 1A6B     		ldr	r2, [r3, #48]
 114 007c 42F00802 		orr	r2, r2, #8
 115 0080 1A63     		str	r2, [r3, #48]
 116 0082 1B6B     		ldr	r3, [r3, #48]
 117 0084 03F00803 		and	r3, r3, #8
 118 0088 0693     		str	r3, [sp, #24]
 119 008a 069B     		ldr	r3, [sp, #24]
 120              	.LBE7:
  84:Core/Src/periphs/gpio.c **** 
  85:Core/Src/periphs/gpio.c ****   /*Configure GPIO pin Output Level */
  86:Core/Src/periphs/gpio.c ****   HAL_GPIO_WritePin(GPIOC, GPIO_PIN_1|GPIO_PIN_2|GPIO_PIN_3|GPIO_PIN_11, GPIO_PIN_RESET);
 121              		.loc 1 86 0
 122 008c DFF8C891 		ldr	r9, .L3+16
 123 0090 2246     		mov	r2, r4
 124 0092 40F60E01 		movw	r1, #2062
 125 0096 4846     		mov	r0, r9
 126 0098 FFF7FEFF 		bl	HAL_GPIO_WritePin
 127              	.LVL0:
  87:Core/Src/periphs/gpio.c **** 
  88:Core/Src/periphs/gpio.c ****   /*Configure GPIO pin Output Level */
  89:Core/Src/periphs/gpio.c ****   HAL_GPIO_WritePin(GPIOA, GPIO_PIN_3|GPIO_PIN_4|GPIO_PIN_8|GPIO_PIN_15, GPIO_PIN_RESET);
 128              		.loc 1 89 0
 129 009c DFF8BCA1 		ldr	r10, .L3+20
 130 00a0 2246     		mov	r2, r4
 131 00a2 48F21811 		movw	r1, #33048
 132 00a6 5046     		mov	r0, r10
 133 00a8 FFF7FEFF 		bl	HAL_GPIO_WritePin
 134              	.LVL1:
  90:Core/Src/periphs/gpio.c **** 
  91:Core/Src/periphs/gpio.c ****   /*Configure GPIO pin Output Level */
  92:Core/Src/periphs/gpio.c ****   HAL_GPIO_WritePin(GPIOB, GPIO_PIN_2|GPIO_PIN_5, GPIO_PIN_RESET);
 135              		.loc 1 92 0
 136 00ac 674E     		ldr	r6, .L3+4
 137 00ae 2246     		mov	r2, r4
ARM GAS  C:\Users\Prashant\AppData\Local\Temp\cc2BA5Oy.s 			page 5


 138 00b0 2421     		movs	r1, #36
 139 00b2 3046     		mov	r0, r6
 140 00b4 FFF7FEFF 		bl	HAL_GPIO_WritePin
 141              	.LVL2:
  93:Core/Src/periphs/gpio.c **** 
  94:Core/Src/periphs/gpio.c ****   /*Configure GPIO pin Output Level */
  95:Core/Src/periphs/gpio.c ****   HAL_GPIO_WritePin(GPIOE, GPIO_PIN_8, GPIO_PIN_RESET);
 142              		.loc 1 95 0
 143 00b8 DFF8A481 		ldr	r8, .L3+24
 144 00bc 2246     		mov	r2, r4
 145 00be 4FF48071 		mov	r1, #256
 146 00c2 4046     		mov	r0, r8
 147 00c4 FFF7FEFF 		bl	HAL_GPIO_WritePin
 148              	.LVL3:
  96:Core/Src/periphs/gpio.c **** 
  97:Core/Src/periphs/gpio.c ****   /*Configure GPIO pin Output Level */
  98:Core/Src/periphs/gpio.c ****   HAL_GPIO_WritePin(GPIOD, GPIO_PIN_3|GPIO_PIN_4|GPIO_PIN_5|GPIO_PIN_7, GPIO_PIN_RESET);
 149              		.loc 1 98 0
 150 00c8 2246     		mov	r2, r4
 151 00ca B821     		movs	r1, #184
 152 00cc 6048     		ldr	r0, .L3+8
 153 00ce FFF7FEFF 		bl	HAL_GPIO_WritePin
 154              	.LVL4:
  99:Core/Src/periphs/gpio.c **** 
 100:Core/Src/periphs/gpio.c ****   /*Configure GPIO pins : PE2 PE4 PE6 PE7 
 101:Core/Src/periphs/gpio.c ****                            PE10 PE12 PE13 PE14 
 102:Core/Src/periphs/gpio.c ****                            PE15 PE0 */
 103:Core/Src/periphs/gpio.c ****   GPIO_InitStruct.Pin = GPIO_PIN_2|GPIO_PIN_4|GPIO_PIN_6|GPIO_PIN_7 
 155              		.loc 1 103 0
 156 00d2 4FF2D543 		movw	r3, #62677
 157 00d6 0793     		str	r3, [sp, #28]
 104:Core/Src/periphs/gpio.c ****                           |GPIO_PIN_10|GPIO_PIN_12|GPIO_PIN_13|GPIO_PIN_14 
 105:Core/Src/periphs/gpio.c ****                           |GPIO_PIN_15|GPIO_PIN_0;
 106:Core/Src/periphs/gpio.c ****   GPIO_InitStruct.Mode = GPIO_MODE_ANALOG;
 158              		.loc 1 106 0
 159 00d8 0327     		movs	r7, #3
 160 00da 0897     		str	r7, [sp, #32]
 107:Core/Src/periphs/gpio.c ****   GPIO_InitStruct.Pull = GPIO_NOPULL;
 161              		.loc 1 107 0
 162 00dc 0994     		str	r4, [sp, #36]
 108:Core/Src/periphs/gpio.c ****   HAL_GPIO_Init(GPIOE, &GPIO_InitStruct);
 163              		.loc 1 108 0
 164 00de 07A9     		add	r1, sp, #28
 165 00e0 4046     		mov	r0, r8
 166 00e2 FFF7FEFF 		bl	HAL_GPIO_Init
 167              	.LVL5:
 109:Core/Src/periphs/gpio.c **** 
 110:Core/Src/periphs/gpio.c ****   /*Configure GPIO pins : PE3 PE5 PE1 */
 111:Core/Src/periphs/gpio.c ****   GPIO_InitStruct.Pin = GPIO_PIN_3|GPIO_PIN_5|GPIO_PIN_1;
 168              		.loc 1 111 0
 169 00e6 2A23     		movs	r3, #42
 170 00e8 0793     		str	r3, [sp, #28]
 112:Core/Src/periphs/gpio.c ****   GPIO_InitStruct.Mode = GPIO_MODE_IT_FALLING;
 171              		.loc 1 112 0
 172 00ea DFF878B1 		ldr	fp, .L3+28
 173 00ee CDF820B0 		str	fp, [sp, #32]
 113:Core/Src/periphs/gpio.c ****   GPIO_InitStruct.Pull = GPIO_PULLUP;
ARM GAS  C:\Users\Prashant\AppData\Local\Temp\cc2BA5Oy.s 			page 6


 174              		.loc 1 113 0
 175 00f2 0125     		movs	r5, #1
 176 00f4 0995     		str	r5, [sp, #36]
 114:Core/Src/periphs/gpio.c ****   HAL_GPIO_Init(GPIOE, &GPIO_InitStruct);
 177              		.loc 1 114 0
 178 00f6 07A9     		add	r1, sp, #28
 179 00f8 4046     		mov	r0, r8
 180 00fa FFF7FEFF 		bl	HAL_GPIO_Init
 181              	.LVL6:
 115:Core/Src/periphs/gpio.c **** 
 116:Core/Src/periphs/gpio.c ****   /*Configure GPIO pins : PC13 PC14 PC15 PC0 */
 117:Core/Src/periphs/gpio.c ****   GPIO_InitStruct.Pin = GPIO_PIN_13|GPIO_PIN_14|GPIO_PIN_15|GPIO_PIN_0;
 182              		.loc 1 117 0
 183 00fe 4EF20103 		movw	r3, #57345
 184 0102 0793     		str	r3, [sp, #28]
 118:Core/Src/periphs/gpio.c ****   GPIO_InitStruct.Mode = GPIO_MODE_IT_FALLING;
 185              		.loc 1 118 0
 186 0104 CDF820B0 		str	fp, [sp, #32]
 119:Core/Src/periphs/gpio.c ****   GPIO_InitStruct.Pull = GPIO_PULLUP;
 187              		.loc 1 119 0
 188 0108 0995     		str	r5, [sp, #36]
 120:Core/Src/periphs/gpio.c ****   HAL_GPIO_Init(GPIOC, &GPIO_InitStruct);
 189              		.loc 1 120 0
 190 010a 07A9     		add	r1, sp, #28
 191 010c 4846     		mov	r0, r9
 192 010e FFF7FEFF 		bl	HAL_GPIO_Init
 193              	.LVL7:
 121:Core/Src/periphs/gpio.c **** 
 122:Core/Src/periphs/gpio.c ****   /*Configure GPIO pins : PC1 PC2 PC3 PC11 */
 123:Core/Src/periphs/gpio.c ****   GPIO_InitStruct.Pin = GPIO_PIN_1|GPIO_PIN_2|GPIO_PIN_3|GPIO_PIN_11;
 194              		.loc 1 123 0
 195 0112 40F60E03 		movw	r3, #2062
 196 0116 0793     		str	r3, [sp, #28]
 124:Core/Src/periphs/gpio.c ****   GPIO_InitStruct.Mode = GPIO_MODE_OUTPUT_PP;
 197              		.loc 1 124 0
 198 0118 0895     		str	r5, [sp, #32]
 125:Core/Src/periphs/gpio.c ****   GPIO_InitStruct.Pull = GPIO_NOPULL;
 199              		.loc 1 125 0
 200 011a 0994     		str	r4, [sp, #36]
 126:Core/Src/periphs/gpio.c ****   GPIO_InitStruct.Speed = GPIO_SPEED_FREQ_LOW;
 201              		.loc 1 126 0
 202 011c 0A94     		str	r4, [sp, #40]
 127:Core/Src/periphs/gpio.c ****   HAL_GPIO_Init(GPIOC, &GPIO_InitStruct);
 203              		.loc 1 127 0
 204 011e 07A9     		add	r1, sp, #28
 205 0120 4846     		mov	r0, r9
 206 0122 FFF7FEFF 		bl	HAL_GPIO_Init
 207              	.LVL8:
 128:Core/Src/periphs/gpio.c **** 
 129:Core/Src/periphs/gpio.c ****   /*Configure GPIO pin : PA0 */
 130:Core/Src/periphs/gpio.c ****   GPIO_InitStruct.Pin = GPIO_PIN_0;
 208              		.loc 1 130 0
 209 0126 0795     		str	r5, [sp, #28]
 131:Core/Src/periphs/gpio.c ****   GPIO_InitStruct.Mode = GPIO_MODE_INPUT;
 210              		.loc 1 131 0
 211 0128 0894     		str	r4, [sp, #32]
 132:Core/Src/periphs/gpio.c ****   GPIO_InitStruct.Pull = GPIO_NOPULL;
ARM GAS  C:\Users\Prashant\AppData\Local\Temp\cc2BA5Oy.s 			page 7


 212              		.loc 1 132 0
 213 012a 0994     		str	r4, [sp, #36]
 133:Core/Src/periphs/gpio.c ****   HAL_GPIO_Init(GPIOA, &GPIO_InitStruct);
 214              		.loc 1 133 0
 215 012c 07A9     		add	r1, sp, #28
 216 012e 5046     		mov	r0, r10
 217 0130 FFF7FEFF 		bl	HAL_GPIO_Init
 218              	.LVL9:
 134:Core/Src/periphs/gpio.c **** 
 135:Core/Src/periphs/gpio.c ****   /*Configure GPIO pins : PA3 PA4 PA8 PA15 */
 136:Core/Src/periphs/gpio.c ****   GPIO_InitStruct.Pin = GPIO_PIN_3|GPIO_PIN_4|GPIO_PIN_8|GPIO_PIN_15;
 219              		.loc 1 136 0
 220 0134 48F21813 		movw	r3, #33048
 221 0138 0793     		str	r3, [sp, #28]
 137:Core/Src/periphs/gpio.c ****   GPIO_InitStruct.Mode = GPIO_MODE_OUTPUT_PP;
 222              		.loc 1 137 0
 223 013a 0895     		str	r5, [sp, #32]
 138:Core/Src/periphs/gpio.c ****   GPIO_InitStruct.Pull = GPIO_NOPULL;
 224              		.loc 1 138 0
 225 013c 0994     		str	r4, [sp, #36]
 139:Core/Src/periphs/gpio.c ****   GPIO_InitStruct.Speed = GPIO_SPEED_FREQ_LOW;
 226              		.loc 1 139 0
 227 013e 0A94     		str	r4, [sp, #40]
 140:Core/Src/periphs/gpio.c ****   HAL_GPIO_Init(GPIOA, &GPIO_InitStruct);
 228              		.loc 1 140 0
 229 0140 07A9     		add	r1, sp, #28
 230 0142 5046     		mov	r0, r10
 231 0144 FFF7FEFF 		bl	HAL_GPIO_Init
 232              	.LVL10:
 141:Core/Src/periphs/gpio.c **** 
 142:Core/Src/periphs/gpio.c ****   /*Configure GPIO pins : PA6 PA9 PA10 PA11 
 143:Core/Src/periphs/gpio.c ****                            PA12 */
 144:Core/Src/periphs/gpio.c ****   GPIO_InitStruct.Pin = GPIO_PIN_6|GPIO_PIN_9|GPIO_PIN_10|GPIO_PIN_11 
 233              		.loc 1 144 0
 234 0148 4FF4F253 		mov	r3, #7744
 235 014c 0793     		str	r3, [sp, #28]
 145:Core/Src/periphs/gpio.c ****                           |GPIO_PIN_12;
 146:Core/Src/periphs/gpio.c ****   GPIO_InitStruct.Mode = GPIO_MODE_ANALOG;
 236              		.loc 1 146 0
 237 014e 0897     		str	r7, [sp, #32]
 147:Core/Src/periphs/gpio.c ****   GPIO_InitStruct.Pull = GPIO_NOPULL;
 238              		.loc 1 147 0
 239 0150 0994     		str	r4, [sp, #36]
 148:Core/Src/periphs/gpio.c ****   HAL_GPIO_Init(GPIOA, &GPIO_InitStruct);
 240              		.loc 1 148 0
 241 0152 07A9     		add	r1, sp, #28
 242 0154 5046     		mov	r0, r10
 243 0156 FFF7FEFF 		bl	HAL_GPIO_Init
 244              	.LVL11:
 149:Core/Src/periphs/gpio.c **** 
 150:Core/Src/periphs/gpio.c ****   /*Configure GPIO pins : PC4 PC5 PC10 PC12 */
 151:Core/Src/periphs/gpio.c ****   GPIO_InitStruct.Pin = GPIO_PIN_4|GPIO_PIN_5|GPIO_PIN_10|GPIO_PIN_12;
 245              		.loc 1 151 0
 246 015a 41F23043 		movw	r3, #5168
 247 015e 0793     		str	r3, [sp, #28]
 152:Core/Src/periphs/gpio.c ****   GPIO_InitStruct.Mode = GPIO_MODE_ANALOG;
 248              		.loc 1 152 0
ARM GAS  C:\Users\Prashant\AppData\Local\Temp\cc2BA5Oy.s 			page 8


 249 0160 0897     		str	r7, [sp, #32]
 153:Core/Src/periphs/gpio.c ****   GPIO_InitStruct.Pull = GPIO_NOPULL;
 250              		.loc 1 153 0
 251 0162 0994     		str	r4, [sp, #36]
 154:Core/Src/periphs/gpio.c ****   HAL_GPIO_Init(GPIOC, &GPIO_InitStruct);
 252              		.loc 1 154 0
 253 0164 07A9     		add	r1, sp, #28
 254 0166 4846     		mov	r0, r9
 255 0168 FFF7FEFF 		bl	HAL_GPIO_Init
 256              	.LVL12:
 155:Core/Src/periphs/gpio.c **** 
 156:Core/Src/periphs/gpio.c ****   /*Configure GPIO pins : PB0 PB1 PB13 PB14 
 157:Core/Src/periphs/gpio.c ****                            PB15 PB6 PB8 */
 158:Core/Src/periphs/gpio.c ****   GPIO_InitStruct.Pin = GPIO_PIN_0|GPIO_PIN_1|GPIO_PIN_13|GPIO_PIN_14 
 257              		.loc 1 158 0
 258 016c 4EF24313 		movw	r3, #57667
 259 0170 0793     		str	r3, [sp, #28]
 159:Core/Src/periphs/gpio.c ****                           |GPIO_PIN_15|GPIO_PIN_6|GPIO_PIN_8;
 160:Core/Src/periphs/gpio.c ****   GPIO_InitStruct.Mode = GPIO_MODE_ANALOG;
 260              		.loc 1 160 0
 261 0172 0897     		str	r7, [sp, #32]
 161:Core/Src/periphs/gpio.c ****   GPIO_InitStruct.Pull = GPIO_NOPULL;
 262              		.loc 1 161 0
 263 0174 0994     		str	r4, [sp, #36]
 162:Core/Src/periphs/gpio.c ****   HAL_GPIO_Init(GPIOB, &GPIO_InitStruct);
 264              		.loc 1 162 0
 265 0176 07A9     		add	r1, sp, #28
 266 0178 3046     		mov	r0, r6
 267 017a FFF7FEFF 		bl	HAL_GPIO_Init
 268              	.LVL13:
 163:Core/Src/periphs/gpio.c **** 
 164:Core/Src/periphs/gpio.c ****   /*Configure GPIO pins : PB2 PB5 */
 165:Core/Src/periphs/gpio.c ****   GPIO_InitStruct.Pin = GPIO_PIN_2|GPIO_PIN_5;
 269              		.loc 1 165 0
 270 017e 2423     		movs	r3, #36
 271 0180 0793     		str	r3, [sp, #28]
 166:Core/Src/periphs/gpio.c ****   GPIO_InitStruct.Mode = GPIO_MODE_OUTPUT_PP;
 272              		.loc 1 166 0
 273 0182 0895     		str	r5, [sp, #32]
 167:Core/Src/periphs/gpio.c ****   GPIO_InitStruct.Pull = GPIO_NOPULL;
 274              		.loc 1 167 0
 275 0184 0994     		str	r4, [sp, #36]
 168:Core/Src/periphs/gpio.c ****   GPIO_InitStruct.Speed = GPIO_SPEED_FREQ_LOW;
 276              		.loc 1 168 0
 277 0186 0A94     		str	r4, [sp, #40]
 169:Core/Src/periphs/gpio.c ****   HAL_GPIO_Init(GPIOB, &GPIO_InitStruct);
 278              		.loc 1 169 0
 279 0188 07A9     		add	r1, sp, #28
 280 018a 3046     		mov	r0, r6
 281 018c FFF7FEFF 		bl	HAL_GPIO_Init
 282              	.LVL14:
 170:Core/Src/periphs/gpio.c **** 
 171:Core/Src/periphs/gpio.c ****   /*Configure GPIO pin : PE8 */
 172:Core/Src/periphs/gpio.c ****   GPIO_InitStruct.Pin = GPIO_PIN_8;
 283              		.loc 1 172 0
 284 0190 4FF48073 		mov	r3, #256
 285 0194 0793     		str	r3, [sp, #28]
ARM GAS  C:\Users\Prashant\AppData\Local\Temp\cc2BA5Oy.s 			page 9


 173:Core/Src/periphs/gpio.c ****   GPIO_InitStruct.Mode = GPIO_MODE_OUTPUT_PP;
 286              		.loc 1 173 0
 287 0196 0895     		str	r5, [sp, #32]
 174:Core/Src/periphs/gpio.c ****   GPIO_InitStruct.Pull = GPIO_NOPULL;
 288              		.loc 1 174 0
 289 0198 0994     		str	r4, [sp, #36]
 175:Core/Src/periphs/gpio.c ****   GPIO_InitStruct.Speed = GPIO_SPEED_FREQ_LOW;
 290              		.loc 1 175 0
 291 019a 0A94     		str	r4, [sp, #40]
 176:Core/Src/periphs/gpio.c ****   HAL_GPIO_Init(GPIOE, &GPIO_InitStruct);
 292              		.loc 1 176 0
 293 019c 07A9     		add	r1, sp, #28
 294 019e 4046     		mov	r0, r8
 295 01a0 FFF7FEFF 		bl	HAL_GPIO_Init
 296              	.LVL15:
 177:Core/Src/periphs/gpio.c **** 
 178:Core/Src/periphs/gpio.c ****   /*Configure GPIO pin : PB12 */
 179:Core/Src/periphs/gpio.c ****   GPIO_InitStruct.Pin = GPIO_PIN_12;
 297              		.loc 1 179 0
 298 01a4 4FF48053 		mov	r3, #4096
 299 01a8 0793     		str	r3, [sp, #28]
 180:Core/Src/periphs/gpio.c ****   GPIO_InitStruct.Mode = GPIO_MODE_IT_RISING;
 300              		.loc 1 180 0
 301 01aa 2A4B     		ldr	r3, .L3+12
 302 01ac 0893     		str	r3, [sp, #32]
 181:Core/Src/periphs/gpio.c ****   GPIO_InitStruct.Pull = GPIO_PULLUP;
 303              		.loc 1 181 0
 304 01ae 0995     		str	r5, [sp, #36]
 182:Core/Src/periphs/gpio.c ****   HAL_GPIO_Init(GPIOB, &GPIO_InitStruct);
 305              		.loc 1 182 0
 306 01b0 07A9     		add	r1, sp, #28
 307 01b2 3046     		mov	r0, r6
 308 01b4 FFF7FEFF 		bl	HAL_GPIO_Init
 309              	.LVL16:
 183:Core/Src/periphs/gpio.c **** 
 184:Core/Src/periphs/gpio.c ****   /*Configure GPIO pins : PD8 PD9 PD10 PD11 
 185:Core/Src/periphs/gpio.c ****                            PD14 PD15 PD0 PD1 
 186:Core/Src/periphs/gpio.c ****                            PD2 PD6 */
 187:Core/Src/periphs/gpio.c ****   GPIO_InitStruct.Pin = GPIO_PIN_8|GPIO_PIN_9|GPIO_PIN_10|GPIO_PIN_11 
 310              		.loc 1 187 0
 311 01b8 4CF64773 		movw	r3, #53063
 312 01bc 0793     		str	r3, [sp, #28]
 188:Core/Src/periphs/gpio.c ****                           |GPIO_PIN_14|GPIO_PIN_15|GPIO_PIN_0|GPIO_PIN_1 
 189:Core/Src/periphs/gpio.c ****                           |GPIO_PIN_2|GPIO_PIN_6;
 190:Core/Src/periphs/gpio.c ****   GPIO_InitStruct.Mode = GPIO_MODE_ANALOG;
 313              		.loc 1 190 0
 314 01be 0897     		str	r7, [sp, #32]
 191:Core/Src/periphs/gpio.c ****   GPIO_InitStruct.Pull = GPIO_NOPULL;
 315              		.loc 1 191 0
 316 01c0 0994     		str	r4, [sp, #36]
 192:Core/Src/periphs/gpio.c ****   HAL_GPIO_Init(GPIOD, &GPIO_InitStruct);
 317              		.loc 1 192 0
 318 01c2 07A9     		add	r1, sp, #28
 319 01c4 2248     		ldr	r0, .L3+8
 320 01c6 FFF7FEFF 		bl	HAL_GPIO_Init
 321              	.LVL17:
 193:Core/Src/periphs/gpio.c **** 
ARM GAS  C:\Users\Prashant\AppData\Local\Temp\cc2BA5Oy.s 			page 10


 194:Core/Src/periphs/gpio.c ****   /*Configure GPIO pins : PD3 PD4 PD5 PD7 */
 195:Core/Src/periphs/gpio.c ****   GPIO_InitStruct.Pin = GPIO_PIN_3|GPIO_PIN_4|GPIO_PIN_5|GPIO_PIN_7;
 322              		.loc 1 195 0
 323 01ca B823     		movs	r3, #184
 324 01cc 0793     		str	r3, [sp, #28]
 196:Core/Src/periphs/gpio.c ****   GPIO_InitStruct.Mode = GPIO_MODE_OUTPUT_PP;
 325              		.loc 1 196 0
 326 01ce 0895     		str	r5, [sp, #32]
 197:Core/Src/periphs/gpio.c ****   GPIO_InitStruct.Pull = GPIO_NOPULL;
 327              		.loc 1 197 0
 328 01d0 0994     		str	r4, [sp, #36]
 198:Core/Src/periphs/gpio.c ****   GPIO_InitStruct.Speed = GPIO_SPEED_FREQ_LOW;
 329              		.loc 1 198 0
 330 01d2 0A94     		str	r4, [sp, #40]
 199:Core/Src/periphs/gpio.c ****   HAL_GPIO_Init(GPIOD, &GPIO_InitStruct);
 331              		.loc 1 199 0
 332 01d4 07A9     		add	r1, sp, #28
 333 01d6 1E48     		ldr	r0, .L3+8
 334 01d8 FFF7FEFF 		bl	HAL_GPIO_Init
 335              	.LVL18:
 200:Core/Src/periphs/gpio.c **** 
 201:Core/Src/periphs/gpio.c ****   /*Configure GPIO pins : PB7 PB9 */
 202:Core/Src/periphs/gpio.c ****   GPIO_InitStruct.Pin = GPIO_PIN_7|GPIO_PIN_9;
 336              		.loc 1 202 0
 337 01dc 4FF42073 		mov	r3, #640
 338 01e0 0793     		str	r3, [sp, #28]
 203:Core/Src/periphs/gpio.c ****   GPIO_InitStruct.Mode = GPIO_MODE_IT_FALLING;
 339              		.loc 1 203 0
 340 01e2 CDF820B0 		str	fp, [sp, #32]
 204:Core/Src/periphs/gpio.c ****   GPIO_InitStruct.Pull = GPIO_PULLUP;
 341              		.loc 1 204 0
 342 01e6 0995     		str	r5, [sp, #36]
 205:Core/Src/periphs/gpio.c ****   HAL_GPIO_Init(GPIOB, &GPIO_InitStruct);
 343              		.loc 1 205 0
 344 01e8 07A9     		add	r1, sp, #28
 345 01ea 3046     		mov	r0, r6
 346 01ec FFF7FEFF 		bl	HAL_GPIO_Init
 347              	.LVL19:
 206:Core/Src/periphs/gpio.c **** 
 207:Core/Src/periphs/gpio.c ****   /* EXTI interrupt init*/
 208:Core/Src/periphs/gpio.c ****   HAL_NVIC_SetPriority(EXTI0_IRQn, 5, 0);
 348              		.loc 1 208 0
 349 01f0 2246     		mov	r2, r4
 350 01f2 0521     		movs	r1, #5
 351 01f4 0620     		movs	r0, #6
 352 01f6 FFF7FEFF 		bl	HAL_NVIC_SetPriority
 353              	.LVL20:
 209:Core/Src/periphs/gpio.c ****   HAL_NVIC_EnableIRQ(EXTI0_IRQn);
 354              		.loc 1 209 0
 355 01fa 0620     		movs	r0, #6
 356 01fc FFF7FEFF 		bl	HAL_NVIC_EnableIRQ
 357              	.LVL21:
 210:Core/Src/periphs/gpio.c **** 
 211:Core/Src/periphs/gpio.c ****   HAL_NVIC_SetPriority(EXTI1_IRQn, 5, 0);
 358              		.loc 1 211 0
 359 0200 2246     		mov	r2, r4
 360 0202 0521     		movs	r1, #5
ARM GAS  C:\Users\Prashant\AppData\Local\Temp\cc2BA5Oy.s 			page 11


 361 0204 0720     		movs	r0, #7
 362 0206 FFF7FEFF 		bl	HAL_NVIC_SetPriority
 363              	.LVL22:
 212:Core/Src/periphs/gpio.c ****   HAL_NVIC_EnableIRQ(EXTI1_IRQn);
 364              		.loc 1 212 0
 365 020a 0720     		movs	r0, #7
 366 020c FFF7FEFF 		bl	HAL_NVIC_EnableIRQ
 367              	.LVL23:
 213:Core/Src/periphs/gpio.c **** 
 214:Core/Src/periphs/gpio.c ****   HAL_NVIC_SetPriority(EXTI3_IRQn, 5, 0);
 368              		.loc 1 214 0
 369 0210 2246     		mov	r2, r4
 370 0212 0521     		movs	r1, #5
 371 0214 0920     		movs	r0, #9
 372 0216 FFF7FEFF 		bl	HAL_NVIC_SetPriority
 373              	.LVL24:
 215:Core/Src/periphs/gpio.c ****   HAL_NVIC_EnableIRQ(EXTI3_IRQn);
 374              		.loc 1 215 0
 375 021a 0920     		movs	r0, #9
 376 021c FFF7FEFF 		bl	HAL_NVIC_EnableIRQ
 377              	.LVL25:
 216:Core/Src/periphs/gpio.c **** 
 217:Core/Src/periphs/gpio.c ****   HAL_NVIC_SetPriority(EXTI9_5_IRQn, 5, 0);
 378              		.loc 1 217 0
 379 0220 2246     		mov	r2, r4
 380 0222 0521     		movs	r1, #5
 381 0224 1720     		movs	r0, #23
 382 0226 FFF7FEFF 		bl	HAL_NVIC_SetPriority
 383              	.LVL26:
 218:Core/Src/periphs/gpio.c ****   HAL_NVIC_EnableIRQ(EXTI9_5_IRQn);
 384              		.loc 1 218 0
 385 022a 1720     		movs	r0, #23
 386 022c FFF7FEFF 		bl	HAL_NVIC_EnableIRQ
 387              	.LVL27:
 219:Core/Src/periphs/gpio.c **** 
 220:Core/Src/periphs/gpio.c ****   HAL_NVIC_SetPriority(EXTI15_10_IRQn, 5, 0);
 388              		.loc 1 220 0
 389 0230 2246     		mov	r2, r4
 390 0232 0521     		movs	r1, #5
 391 0234 2820     		movs	r0, #40
 392 0236 FFF7FEFF 		bl	HAL_NVIC_SetPriority
 393              	.LVL28:
 221:Core/Src/periphs/gpio.c ****   HAL_NVIC_EnableIRQ(EXTI15_10_IRQn);
 394              		.loc 1 221 0
 395 023a 2820     		movs	r0, #40
 396 023c FFF7FEFF 		bl	HAL_NVIC_EnableIRQ
 397              	.LVL29:
 222:Core/Src/periphs/gpio.c **** 
 223:Core/Src/periphs/gpio.c **** }
 398              		.loc 1 223 0
 399 0240 0DB0     		add	sp, sp, #52
 400              	.LCFI2:
 401              		.cfi_def_cfa_offset 36
 402              		@ sp needed
 403 0242 BDE8F08F 		pop	{r4, r5, r6, r7, r8, r9, r10, fp, pc}
 404              	.L4:
 405 0246 00BF     		.align	2
ARM GAS  C:\Users\Prashant\AppData\Local\Temp\cc2BA5Oy.s 			page 12


 406              	.L3:
 407 0248 00380240 		.word	1073887232
 408 024c 00040240 		.word	1073873920
 409 0250 000C0240 		.word	1073875968
 410 0254 00001110 		.word	269549568
 411 0258 00080240 		.word	1073874944
 412 025c 00000240 		.word	1073872896
 413 0260 00100240 		.word	1073876992
 414 0264 00002110 		.word	270598144
 415              		.cfi_endproc
 416              	.LFE126:
 418              		.text
 419              	.Letext0:
 420              		.file 2 "c:\\program files (x86)\\gnu tools arm embedded\\7 2017-q4-major\\arm-none-eabi\\include\
 421              		.file 3 "c:\\program files (x86)\\gnu tools arm embedded\\7 2017-q4-major\\arm-none-eabi\\include\
 422              		.file 4 "C:/Users/Prashant/STM32Cube/Repository/STM32Cube_FW_F4_V1.23.0/Drivers/CMSIS/Include/core
 423              		.file 5 "C:/Users/Prashant/STM32Cube/Repository/STM32Cube_FW_F4_V1.23.0/Drivers/CMSIS/Device/ST/ST
 424              		.file 6 "C:/Users/Prashant/STM32Cube/Repository/STM32Cube_FW_F4_V1.23.0/Drivers/CMSIS/Device/ST/ST
 425              		.file 7 "c:\\program files (x86)\\gnu tools arm embedded\\7 2017-q4-major\\arm-none-eabi\\include\
 426              		.file 8 "c:\\program files (x86)\\gnu tools arm embedded\\7 2017-q4-major\\arm-none-eabi\\include\
 427              		.file 9 "c:\\program files (x86)\\gnu tools arm embedded\\7 2017-q4-major\\lib\\gcc\\arm-none-eabi
 428              		.file 10 "c:\\program files (x86)\\gnu tools arm embedded\\7 2017-q4-major\\arm-none-eabi\\include
 429              		.file 11 "C:/Users/Prashant/STM32Cube/Repository/STM32Cube_FW_F4_V1.23.0/Drivers/STM32F4xx_HAL_Dri
 430              		.file 12 "C:/Users/Prashant/STM32Cube/Repository/STM32Cube_FW_F4_V1.23.0/Drivers/STM32F4xx_HAL_Dri
ARM GAS  C:\Users\Prashant\AppData\Local\Temp\cc2BA5Oy.s 			page 13


DEFINED SYMBOLS
                            *ABS*:00000000 gpio.c
C:\Users\Prashant\AppData\Local\Temp\cc2BA5Oy.s:18     .text.MX_GPIO_Init:00000000 $t
C:\Users\Prashant\AppData\Local\Temp\cc2BA5Oy.s:25     .text.MX_GPIO_Init:00000000 MX_GPIO_Init
C:\Users\Prashant\AppData\Local\Temp\cc2BA5Oy.s:407    .text.MX_GPIO_Init:00000248 $d

UNDEFINED SYMBOLS
HAL_GPIO_WritePin
HAL_GPIO_Init
HAL_NVIC_SetPriority
HAL_NVIC_EnableIRQ
