ARM GAS  C:\Users\Prashant\AppData\Local\Temp\ccdSdp8Q.s 			page 1


   1              		.cpu cortex-m4
   2              		.eabi_attribute 27, 1
   3              		.eabi_attribute 28, 1
   4              		.eabi_attribute 20, 1
   5              		.eabi_attribute 21, 1
   6              		.eabi_attribute 23, 3
   7              		.eabi_attribute 24, 1
   8              		.eabi_attribute 25, 1
   9              		.eabi_attribute 26, 1
  10              		.eabi_attribute 30, 1
  11              		.eabi_attribute 34, 1
  12              		.eabi_attribute 18, 4
  13              		.file	"usart.c"
  14              		.text
  15              	.Ltext0:
  16              		.cfi_sections	.debug_frame
  17              		.section	.text.MX_USART3_UART_Init,"ax",%progbits
  18              		.align	1
  19              		.global	MX_USART3_UART_Init
  20              		.syntax unified
  21              		.thumb
  22              		.thumb_func
  23              		.fpu fpv4-sp-d16
  25              	MX_USART3_UART_Init:
  26              	.LFB126:
  27              		.file 1 "Core/Src/periphs/usart.c"
   1:Core/Src/periphs/usart.c **** /**
   2:Core/Src/periphs/usart.c ****   ******************************************************************************
   3:Core/Src/periphs/usart.c ****   * File Name          : USART.c
   4:Core/Src/periphs/usart.c ****   * Description        : This file provides code for the configuration
   5:Core/Src/periphs/usart.c ****   *                      of the USART instances.
   6:Core/Src/periphs/usart.c ****   ******************************************************************************
   7:Core/Src/periphs/usart.c ****   * This notice applies to any and all portions of this file
   8:Core/Src/periphs/usart.c ****   * that are not between comment pairs USER CODE BEGIN and
   9:Core/Src/periphs/usart.c ****   * USER CODE END. Other portions of this file, whether 
  10:Core/Src/periphs/usart.c ****   * inserted by the user or by software development tools
  11:Core/Src/periphs/usart.c ****   * are owned by their respective copyright owners.
  12:Core/Src/periphs/usart.c ****   *
  13:Core/Src/periphs/usart.c ****   * Copyright (c) 2019 STMicroelectronics International N.V. 
  14:Core/Src/periphs/usart.c ****   * All rights reserved.
  15:Core/Src/periphs/usart.c ****   *
  16:Core/Src/periphs/usart.c ****   * Redistribution and use in source and binary forms, with or without 
  17:Core/Src/periphs/usart.c ****   * modification, are permitted, provided that the following conditions are met:
  18:Core/Src/periphs/usart.c ****   *
  19:Core/Src/periphs/usart.c ****   * 1. Redistribution of source code must retain the above copyright notice, 
  20:Core/Src/periphs/usart.c ****   *    this list of conditions and the following disclaimer.
  21:Core/Src/periphs/usart.c ****   * 2. Redistributions in binary form must reproduce the above copyright notice,
  22:Core/Src/periphs/usart.c ****   *    this list of conditions and the following disclaimer in the documentation
  23:Core/Src/periphs/usart.c ****   *    and/or other materials provided with the distribution.
  24:Core/Src/periphs/usart.c ****   * 3. Neither the name of STMicroelectronics nor the names of other 
  25:Core/Src/periphs/usart.c ****   *    contributors to this software may be used to endorse or promote products 
  26:Core/Src/periphs/usart.c ****   *    derived from this software without specific written permission.
  27:Core/Src/periphs/usart.c ****   * 4. This software, including modifications and/or derivative works of this 
  28:Core/Src/periphs/usart.c ****   *    software, must execute solely and exclusively on microcontroller or
  29:Core/Src/periphs/usart.c ****   *    microprocessor devices manufactured by or for STMicroelectronics.
  30:Core/Src/periphs/usart.c ****   * 5. Redistribution and use of this software other than as permitted under 
  31:Core/Src/periphs/usart.c ****   *    this license is void and will automatically terminate your rights under 
ARM GAS  C:\Users\Prashant\AppData\Local\Temp\ccdSdp8Q.s 			page 2


  32:Core/Src/periphs/usart.c ****   *    this license. 
  33:Core/Src/periphs/usart.c ****   *
  34:Core/Src/periphs/usart.c ****   * THIS SOFTWARE IS PROVIDED BY STMICROELECTRONICS AND CONTRIBUTORS "AS IS" 
  35:Core/Src/periphs/usart.c ****   * AND ANY EXPRESS, IMPLIED OR STATUTORY WARRANTIES, INCLUDING, BUT NOT 
  36:Core/Src/periphs/usart.c ****   * LIMITED TO, THE IMPLIED WARRANTIES OF MERCHANTABILITY, FITNESS FOR A 
  37:Core/Src/periphs/usart.c ****   * PARTICULAR PURPOSE AND NON-INFRINGEMENT OF THIRD PARTY INTELLECTUAL PROPERTY
  38:Core/Src/periphs/usart.c ****   * RIGHTS ARE DISCLAIMED TO THE FULLEST EXTENT PERMITTED BY LAW. IN NO EVENT 
  39:Core/Src/periphs/usart.c ****   * SHALL STMICROELECTRONICS OR CONTRIBUTORS BE LIABLE FOR ANY DIRECT, INDIRECT,
  40:Core/Src/periphs/usart.c ****   * INCIDENTAL, SPECIAL, EXEMPLARY, OR CONSEQUENTIAL DAMAGES (INCLUDING, BUT NOT
  41:Core/Src/periphs/usart.c ****   * LIMITED TO, PROCUREMENT OF SUBSTITUTE GOODS OR SERVICES; LOSS OF USE, DATA, 
  42:Core/Src/periphs/usart.c ****   * OR PROFITS; OR BUSINESS INTERRUPTION) HOWEVER CAUSED AND ON ANY THEORY OF 
  43:Core/Src/periphs/usart.c ****   * LIABILITY, WHETHER IN CONTRACT, STRICT LIABILITY, OR TORT (INCLUDING 
  44:Core/Src/periphs/usart.c ****   * NEGLIGENCE OR OTHERWISE) ARISING IN ANY WAY OUT OF THE USE OF THIS SOFTWARE,
  45:Core/Src/periphs/usart.c ****   * EVEN IF ADVISED OF THE POSSIBILITY OF SUCH DAMAGE.
  46:Core/Src/periphs/usart.c ****   *
  47:Core/Src/periphs/usart.c ****   ******************************************************************************
  48:Core/Src/periphs/usart.c ****   */
  49:Core/Src/periphs/usart.c **** 
  50:Core/Src/periphs/usart.c **** /* Includes ------------------------------------------------------------------*/
  51:Core/Src/periphs/usart.c **** #include "usart.h"
  52:Core/Src/periphs/usart.c **** 
  53:Core/Src/periphs/usart.c **** /* USER CODE BEGIN 0 */
  54:Core/Src/periphs/usart.c **** 
  55:Core/Src/periphs/usart.c **** /* USER CODE END 0 */
  56:Core/Src/periphs/usart.c **** 
  57:Core/Src/periphs/usart.c **** UART_HandleTypeDef huart3;
  58:Core/Src/periphs/usart.c **** 
  59:Core/Src/periphs/usart.c **** /* USART3 init function */
  60:Core/Src/periphs/usart.c **** 
  61:Core/Src/periphs/usart.c **** void MX_USART3_UART_Init(void)
  62:Core/Src/periphs/usart.c **** {
  28              		.loc 1 62 0
  29              		.cfi_startproc
  30              		@ args = 0, pretend = 0, frame = 0
  31              		@ frame_needed = 0, uses_anonymous_args = 0
  32 0000 08B5     		push	{r3, lr}
  33              	.LCFI0:
  34              		.cfi_def_cfa_offset 8
  35              		.cfi_offset 3, -8
  36              		.cfi_offset 14, -4
  63:Core/Src/periphs/usart.c **** 
  64:Core/Src/periphs/usart.c ****   huart3.Instance = USART3;
  37              		.loc 1 64 0
  38 0002 0A48     		ldr	r0, .L5
  39 0004 0A4B     		ldr	r3, .L5+4
  40 0006 0360     		str	r3, [r0]
  65:Core/Src/periphs/usart.c ****   huart3.Init.BaudRate = 115200;
  41              		.loc 1 65 0
  42 0008 4FF4E133 		mov	r3, #115200
  43 000c 4360     		str	r3, [r0, #4]
  66:Core/Src/periphs/usart.c ****   huart3.Init.WordLength = UART_WORDLENGTH_8B;
  44              		.loc 1 66 0
  45 000e 0023     		movs	r3, #0
  46 0010 8360     		str	r3, [r0, #8]
  67:Core/Src/periphs/usart.c ****   huart3.Init.StopBits = UART_STOPBITS_1;
  47              		.loc 1 67 0
  48 0012 C360     		str	r3, [r0, #12]
ARM GAS  C:\Users\Prashant\AppData\Local\Temp\ccdSdp8Q.s 			page 3


  68:Core/Src/periphs/usart.c ****   huart3.Init.Parity = UART_PARITY_NONE;
  49              		.loc 1 68 0
  50 0014 0361     		str	r3, [r0, #16]
  69:Core/Src/periphs/usart.c ****   huart3.Init.Mode = UART_MODE_TX_RX;
  51              		.loc 1 69 0
  52 0016 0C22     		movs	r2, #12
  53 0018 4261     		str	r2, [r0, #20]
  70:Core/Src/periphs/usart.c ****   huart3.Init.HwFlowCtl = UART_HWCONTROL_NONE;
  54              		.loc 1 70 0
  55 001a 8361     		str	r3, [r0, #24]
  71:Core/Src/periphs/usart.c ****   huart3.Init.OverSampling = UART_OVERSAMPLING_16;
  56              		.loc 1 71 0
  57 001c C361     		str	r3, [r0, #28]
  72:Core/Src/periphs/usart.c ****   if (HAL_UART_Init(&huart3) != HAL_OK)
  58              		.loc 1 72 0
  59 001e FFF7FEFF 		bl	HAL_UART_Init
  60              	.LVL0:
  61 0022 00B9     		cbnz	r0, .L4
  62              	.L1:
  73:Core/Src/periphs/usart.c ****   {
  74:Core/Src/periphs/usart.c ****     Error_Handler();
  75:Core/Src/periphs/usart.c ****   }
  76:Core/Src/periphs/usart.c **** 
  77:Core/Src/periphs/usart.c **** }
  63              		.loc 1 77 0
  64 0024 08BD     		pop	{r3, pc}
  65              	.L4:
  74:Core/Src/periphs/usart.c ****   }
  66              		.loc 1 74 0
  67 0026 FFF7FEFF 		bl	Error_Handler
  68              	.LVL1:
  69              		.loc 1 77 0
  70 002a FBE7     		b	.L1
  71              	.L6:
  72              		.align	2
  73              	.L5:
  74 002c 00000000 		.word	huart3
  75 0030 00480040 		.word	1073760256
  76              		.cfi_endproc
  77              	.LFE126:
  79              		.section	.text.HAL_UART_MspInit,"ax",%progbits
  80              		.align	1
  81              		.global	HAL_UART_MspInit
  82              		.syntax unified
  83              		.thumb
  84              		.thumb_func
  85              		.fpu fpv4-sp-d16
  87              	HAL_UART_MspInit:
  88              	.LFB127:
  78:Core/Src/periphs/usart.c **** 
  79:Core/Src/periphs/usart.c **** void HAL_UART_MspInit(UART_HandleTypeDef* uartHandle)
  80:Core/Src/periphs/usart.c **** {
  89              		.loc 1 80 0
  90              		.cfi_startproc
  91              		@ args = 0, pretend = 0, frame = 32
  92              		@ frame_needed = 0, uses_anonymous_args = 0
  93              	.LVL2:
ARM GAS  C:\Users\Prashant\AppData\Local\Temp\ccdSdp8Q.s 			page 4


  94 0000 00B5     		push	{lr}
  95              	.LCFI1:
  96              		.cfi_def_cfa_offset 4
  97              		.cfi_offset 14, -4
  98 0002 89B0     		sub	sp, sp, #36
  99              	.LCFI2:
 100              		.cfi_def_cfa_offset 40
  81:Core/Src/periphs/usart.c **** 
  82:Core/Src/periphs/usart.c ****   GPIO_InitTypeDef GPIO_InitStruct = {0};
 101              		.loc 1 82 0
 102 0004 0023     		movs	r3, #0
 103 0006 0393     		str	r3, [sp, #12]
 104 0008 0493     		str	r3, [sp, #16]
 105 000a 0593     		str	r3, [sp, #20]
 106 000c 0693     		str	r3, [sp, #24]
 107 000e 0793     		str	r3, [sp, #28]
  83:Core/Src/periphs/usart.c ****   if(uartHandle->Instance==USART3)
 108              		.loc 1 83 0
 109 0010 0268     		ldr	r2, [r0]
 110 0012 164B     		ldr	r3, .L11
 111 0014 9A42     		cmp	r2, r3
 112 0016 02D0     		beq	.L10
 113              	.LVL3:
 114              	.L7:
  84:Core/Src/periphs/usart.c ****   {
  85:Core/Src/periphs/usart.c ****   /* USER CODE BEGIN USART3_MspInit 0 */
  86:Core/Src/periphs/usart.c **** 
  87:Core/Src/periphs/usart.c ****   /* USER CODE END USART3_MspInit 0 */
  88:Core/Src/periphs/usart.c ****     /* USART3 clock enable */
  89:Core/Src/periphs/usart.c ****     __HAL_RCC_USART3_CLK_ENABLE();
  90:Core/Src/periphs/usart.c ****   
  91:Core/Src/periphs/usart.c ****     __HAL_RCC_GPIOB_CLK_ENABLE();
  92:Core/Src/periphs/usart.c ****     /**USART3 GPIO Configuration    
  93:Core/Src/periphs/usart.c ****     PB10     ------> USART3_TX
  94:Core/Src/periphs/usart.c ****     PB11     ------> USART3_RX 
  95:Core/Src/periphs/usart.c ****     */
  96:Core/Src/periphs/usart.c ****     GPIO_InitStruct.Pin = GPIO_PIN_10|GPIO_PIN_11;
  97:Core/Src/periphs/usart.c ****     GPIO_InitStruct.Mode = GPIO_MODE_AF_PP;
  98:Core/Src/periphs/usart.c ****     GPIO_InitStruct.Pull = GPIO_PULLUP;
  99:Core/Src/periphs/usart.c ****     GPIO_InitStruct.Speed = GPIO_SPEED_FREQ_VERY_HIGH;
 100:Core/Src/periphs/usart.c ****     GPIO_InitStruct.Alternate = GPIO_AF7_USART3;
 101:Core/Src/periphs/usart.c ****     HAL_GPIO_Init(GPIOB, &GPIO_InitStruct);
 102:Core/Src/periphs/usart.c **** 
 103:Core/Src/periphs/usart.c ****   /* USER CODE BEGIN USART3_MspInit 1 */
 104:Core/Src/periphs/usart.c **** 
 105:Core/Src/periphs/usart.c ****   /* USER CODE END USART3_MspInit 1 */
 106:Core/Src/periphs/usart.c ****   }
 107:Core/Src/periphs/usart.c **** }
 115              		.loc 1 107 0
 116 0018 09B0     		add	sp, sp, #36
 117              	.LCFI3:
 118              		.cfi_remember_state
 119              		.cfi_def_cfa_offset 4
 120              		@ sp needed
 121 001a 5DF804FB 		ldr	pc, [sp], #4
 122              	.LVL4:
 123              	.L10:
ARM GAS  C:\Users\Prashant\AppData\Local\Temp\ccdSdp8Q.s 			page 5


 124              	.LCFI4:
 125              		.cfi_restore_state
 126              	.LBB2:
  89:Core/Src/periphs/usart.c ****   
 127              		.loc 1 89 0
 128 001e 0021     		movs	r1, #0
 129 0020 0191     		str	r1, [sp, #4]
 130 0022 03F5F833 		add	r3, r3, #126976
 131 0026 1A6C     		ldr	r2, [r3, #64]
 132 0028 42F48022 		orr	r2, r2, #262144
 133 002c 1A64     		str	r2, [r3, #64]
 134 002e 1A6C     		ldr	r2, [r3, #64]
 135 0030 02F48022 		and	r2, r2, #262144
 136 0034 0192     		str	r2, [sp, #4]
 137 0036 019A     		ldr	r2, [sp, #4]
 138              	.LBE2:
 139              	.LBB3:
  91:Core/Src/periphs/usart.c ****     /**USART3 GPIO Configuration    
 140              		.loc 1 91 0
 141 0038 0291     		str	r1, [sp, #8]
 142 003a 1A6B     		ldr	r2, [r3, #48]
 143 003c 42F00202 		orr	r2, r2, #2
 144 0040 1A63     		str	r2, [r3, #48]
 145 0042 1B6B     		ldr	r3, [r3, #48]
 146 0044 03F00203 		and	r3, r3, #2
 147 0048 0293     		str	r3, [sp, #8]
 148 004a 029B     		ldr	r3, [sp, #8]
 149              	.LBE3:
  96:Core/Src/periphs/usart.c ****     GPIO_InitStruct.Mode = GPIO_MODE_AF_PP;
 150              		.loc 1 96 0
 151 004c 4FF44063 		mov	r3, #3072
 152 0050 0393     		str	r3, [sp, #12]
  97:Core/Src/periphs/usart.c ****     GPIO_InitStruct.Pull = GPIO_PULLUP;
 153              		.loc 1 97 0
 154 0052 0223     		movs	r3, #2
 155 0054 0493     		str	r3, [sp, #16]
  98:Core/Src/periphs/usart.c ****     GPIO_InitStruct.Speed = GPIO_SPEED_FREQ_VERY_HIGH;
 156              		.loc 1 98 0
 157 0056 0123     		movs	r3, #1
 158 0058 0593     		str	r3, [sp, #20]
  99:Core/Src/periphs/usart.c ****     GPIO_InitStruct.Alternate = GPIO_AF7_USART3;
 159              		.loc 1 99 0
 160 005a 0323     		movs	r3, #3
 161 005c 0693     		str	r3, [sp, #24]
 100:Core/Src/periphs/usart.c ****     HAL_GPIO_Init(GPIOB, &GPIO_InitStruct);
 162              		.loc 1 100 0
 163 005e 0723     		movs	r3, #7
 164 0060 0793     		str	r3, [sp, #28]
 101:Core/Src/periphs/usart.c **** 
 165              		.loc 1 101 0
 166 0062 03A9     		add	r1, sp, #12
 167 0064 0248     		ldr	r0, .L11+4
 168              	.LVL5:
 169 0066 FFF7FEFF 		bl	HAL_GPIO_Init
 170              	.LVL6:
 171              		.loc 1 107 0
 172 006a D5E7     		b	.L7
ARM GAS  C:\Users\Prashant\AppData\Local\Temp\ccdSdp8Q.s 			page 6


 173              	.L12:
 174              		.align	2
 175              	.L11:
 176 006c 00480040 		.word	1073760256
 177 0070 00040240 		.word	1073873920
 178              		.cfi_endproc
 179              	.LFE127:
 181              		.section	.text.HAL_UART_MspDeInit,"ax",%progbits
 182              		.align	1
 183              		.global	HAL_UART_MspDeInit
 184              		.syntax unified
 185              		.thumb
 186              		.thumb_func
 187              		.fpu fpv4-sp-d16
 189              	HAL_UART_MspDeInit:
 190              	.LFB128:
 108:Core/Src/periphs/usart.c **** 
 109:Core/Src/periphs/usart.c **** void HAL_UART_MspDeInit(UART_HandleTypeDef* uartHandle)
 110:Core/Src/periphs/usart.c **** {
 191              		.loc 1 110 0
 192              		.cfi_startproc
 193              		@ args = 0, pretend = 0, frame = 0
 194              		@ frame_needed = 0, uses_anonymous_args = 0
 195              	.LVL7:
 196 0000 08B5     		push	{r3, lr}
 197              	.LCFI5:
 198              		.cfi_def_cfa_offset 8
 199              		.cfi_offset 3, -8
 200              		.cfi_offset 14, -4
 111:Core/Src/periphs/usart.c **** 
 112:Core/Src/periphs/usart.c ****   if(uartHandle->Instance==USART3)
 201              		.loc 1 112 0
 202 0002 0268     		ldr	r2, [r0]
 203 0004 074B     		ldr	r3, .L17
 204 0006 9A42     		cmp	r2, r3
 205 0008 00D0     		beq	.L16
 206              	.LVL8:
 207              	.L13:
 113:Core/Src/periphs/usart.c ****   {
 114:Core/Src/periphs/usart.c ****   /* USER CODE BEGIN USART3_MspDeInit 0 */
 115:Core/Src/periphs/usart.c **** 
 116:Core/Src/periphs/usart.c ****   /* USER CODE END USART3_MspDeInit 0 */
 117:Core/Src/periphs/usart.c ****     /* Peripheral clock disable */
 118:Core/Src/periphs/usart.c ****     __HAL_RCC_USART3_CLK_DISABLE();
 119:Core/Src/periphs/usart.c ****   
 120:Core/Src/periphs/usart.c ****     /**USART3 GPIO Configuration    
 121:Core/Src/periphs/usart.c ****     PB10     ------> USART3_TX
 122:Core/Src/periphs/usart.c ****     PB11     ------> USART3_RX 
 123:Core/Src/periphs/usart.c ****     */
 124:Core/Src/periphs/usart.c ****     HAL_GPIO_DeInit(GPIOB, GPIO_PIN_10|GPIO_PIN_11);
 125:Core/Src/periphs/usart.c **** 
 126:Core/Src/periphs/usart.c ****   /* USER CODE BEGIN USART3_MspDeInit 1 */
 127:Core/Src/periphs/usart.c **** 
 128:Core/Src/periphs/usart.c ****   /* USER CODE END USART3_MspDeInit 1 */
 129:Core/Src/periphs/usart.c ****   }
 130:Core/Src/periphs/usart.c **** } 
 208              		.loc 1 130 0
ARM GAS  C:\Users\Prashant\AppData\Local\Temp\ccdSdp8Q.s 			page 7


 209 000a 08BD     		pop	{r3, pc}
 210              	.LVL9:
 211              	.L16:
 118:Core/Src/periphs/usart.c ****   
 212              		.loc 1 118 0
 213 000c 064A     		ldr	r2, .L17+4
 214 000e 136C     		ldr	r3, [r2, #64]
 215 0010 23F48023 		bic	r3, r3, #262144
 216 0014 1364     		str	r3, [r2, #64]
 124:Core/Src/periphs/usart.c **** 
 217              		.loc 1 124 0
 218 0016 4FF44061 		mov	r1, #3072
 219 001a 0448     		ldr	r0, .L17+8
 220              	.LVL10:
 221 001c FFF7FEFF 		bl	HAL_GPIO_DeInit
 222              	.LVL11:
 223              		.loc 1 130 0
 224 0020 F3E7     		b	.L13
 225              	.L18:
 226 0022 00BF     		.align	2
 227              	.L17:
 228 0024 00480040 		.word	1073760256
 229 0028 00380240 		.word	1073887232
 230 002c 00040240 		.word	1073873920
 231              		.cfi_endproc
 232              	.LFE128:
 234              		.comm	huart3,64,4
 235              		.text
 236              	.Letext0:
 237              		.file 2 "c:\\program files (x86)\\gnu tools arm embedded\\7 2017-q4-major\\arm-none-eabi\\include\
 238              		.file 3 "c:\\program files (x86)\\gnu tools arm embedded\\7 2017-q4-major\\arm-none-eabi\\include\
 239              		.file 4 "C:/Users/Prashant/STM32Cube/Repository/STM32Cube_FW_F4_V1.23.0/Drivers/CMSIS/Include/core
 240              		.file 5 "C:/Users/Prashant/STM32Cube/Repository/STM32Cube_FW_F4_V1.23.0/Drivers/CMSIS/Device/ST/ST
 241              		.file 6 "C:/Users/Prashant/STM32Cube/Repository/STM32Cube_FW_F4_V1.23.0/Drivers/CMSIS/Device/ST/ST
 242              		.file 7 "c:\\program files (x86)\\gnu tools arm embedded\\7 2017-q4-major\\arm-none-eabi\\include\
 243              		.file 8 "c:\\program files (x86)\\gnu tools arm embedded\\7 2017-q4-major\\arm-none-eabi\\include\
 244              		.file 9 "c:\\program files (x86)\\gnu tools arm embedded\\7 2017-q4-major\\lib\\gcc\\arm-none-eabi
 245              		.file 10 "c:\\program files (x86)\\gnu tools arm embedded\\7 2017-q4-major\\arm-none-eabi\\include
 246              		.file 11 "C:/Users/Prashant/STM32Cube/Repository/STM32Cube_FW_F4_V1.23.0/Drivers/STM32F4xx_HAL_Dri
 247              		.file 12 "C:/Users/Prashant/STM32Cube/Repository/STM32Cube_FW_F4_V1.23.0/Drivers/STM32F4xx_HAL_Dri
 248              		.file 13 "C:/Users/Prashant/STM32Cube/Repository/STM32Cube_FW_F4_V1.23.0/Drivers/STM32F4xx_HAL_Dri
 249              		.file 14 "C:/Users/Prashant/STM32Cube/Repository/STM32Cube_FW_F4_V1.23.0/Drivers/STM32F4xx_HAL_Dri
 250              		.file 15 "Core/Inc/periphs/usart.h"
 251              		.file 16 "Core/Inc/main.h"
ARM GAS  C:\Users\Prashant\AppData\Local\Temp\ccdSdp8Q.s 			page 8


DEFINED SYMBOLS
                            *ABS*:00000000 usart.c
C:\Users\Prashant\AppData\Local\Temp\ccdSdp8Q.s:18     .text.MX_USART3_UART_Init:00000000 $t
C:\Users\Prashant\AppData\Local\Temp\ccdSdp8Q.s:25     .text.MX_USART3_UART_Init:00000000 MX_USART3_UART_Init
C:\Users\Prashant\AppData\Local\Temp\ccdSdp8Q.s:74     .text.MX_USART3_UART_Init:0000002c $d
                            *COM*:00000040 huart3
C:\Users\Prashant\AppData\Local\Temp\ccdSdp8Q.s:80     .text.HAL_UART_MspInit:00000000 $t
C:\Users\Prashant\AppData\Local\Temp\ccdSdp8Q.s:87     .text.HAL_UART_MspInit:00000000 HAL_UART_MspInit
C:\Users\Prashant\AppData\Local\Temp\ccdSdp8Q.s:176    .text.HAL_UART_MspInit:0000006c $d
C:\Users\Prashant\AppData\Local\Temp\ccdSdp8Q.s:182    .text.HAL_UART_MspDeInit:00000000 $t
C:\Users\Prashant\AppData\Local\Temp\ccdSdp8Q.s:189    .text.HAL_UART_MspDeInit:00000000 HAL_UART_MspDeInit
C:\Users\Prashant\AppData\Local\Temp\ccdSdp8Q.s:228    .text.HAL_UART_MspDeInit:00000024 $d

UNDEFINED SYMBOLS
HAL_UART_Init
Error_Handler
HAL_GPIO_Init
HAL_GPIO_DeInit
