ARM GAS  C:\Users\DELL\AppData\Local\Temp\ccYGnx2D.s 			page 1


   1              		.cpu cortex-m4
   2              		.eabi_attribute 27, 1
   3              		.eabi_attribute 28, 1
   4              		.eabi_attribute 20, 1
   5              		.eabi_attribute 21, 1
   6              		.eabi_attribute 23, 3
   7              		.eabi_attribute 24, 1
   8              		.eabi_attribute 25, 1
   9              		.eabi_attribute 26, 1
  10              		.eabi_attribute 30, 1
  11              		.eabi_attribute 34, 1
  12              		.eabi_attribute 18, 4
  13              		.file	"position_sensor.cpp"
  14              		.text
  15              	.Ltext0:
  16              		.cfi_sections	.debug_frame
  17              		.section	.text._ZN10Exp_SmoothD2Ev,"axG",%progbits,_ZN10Exp_SmoothD5Ev,comdat
  18              		.align	1
  19              		.weak	_ZN10Exp_SmoothD2Ev
  20              		.syntax unified
  21              		.thumb
  22              		.thumb_func
  23              		.fpu fpv4-sp-d16
  25              	_ZN10Exp_SmoothD2Ev:
  26              	.LFB495:
  27              		.file 1 "Core/Inc/utils/smoothing_algorithm.h"
   1:Core/Inc/utils/smoothing_algorithm.h **** 
   2:Core/Inc/utils/smoothing_algorithm.h **** #ifndef _SMOOTHING_ALGORITHM_H_
   3:Core/Inc/utils/smoothing_algorithm.h **** #define _SMOOTHING_ALGORITHM_H_
   4:Core/Inc/utils/smoothing_algorithm.h **** 
   5:Core/Inc/utils/smoothing_algorithm.h **** #include "vec3.h"
   6:Core/Inc/utils/smoothing_algorithm.h **** 
   7:Core/Inc/utils/smoothing_algorithm.h **** class Smoothing_Algorithm
   8:Core/Inc/utils/smoothing_algorithm.h **** {
   9:Core/Inc/utils/smoothing_algorithm.h **** public:
  10:Core/Inc/utils/smoothing_algorithm.h ****         virtual float smooth(const float &input) = 0;
  11:Core/Inc/utils/smoothing_algorithm.h ****         virtual ~Smoothing_Algorithm() { }
  12:Core/Inc/utils/smoothing_algorithm.h **** };
  13:Core/Inc/utils/smoothing_algorithm.h **** 
  14:Core/Inc/utils/smoothing_algorithm.h **** class Exp_Smooth : public Smoothing_Algorithm
  15:Core/Inc/utils/smoothing_algorithm.h **** {
  16:Core/Inc/utils/smoothing_algorithm.h **** public:
  17:Core/Inc/utils/smoothing_algorithm.h ****         Exp_Smooth();
  18:Core/Inc/utils/smoothing_algorithm.h ****         Exp_Smooth(float alpha);
  19:Core/Inc/utils/smoothing_algorithm.h ****         Exp_Smooth(Exp_Smooth &&) = default;
  20:Core/Inc/utils/smoothing_algorithm.h ****         Exp_Smooth(const Exp_Smooth &) = default;
  21:Core/Inc/utils/smoothing_algorithm.h ****         Exp_Smooth &operator=(Exp_Smooth &&) = default;
  22:Core/Inc/utils/smoothing_algorithm.h ****         Exp_Smooth &operator=(const Exp_Smooth &) = default;
  23:Core/Inc/utils/smoothing_algorithm.h ****         ~Exp_Smooth() { }
  28              		.loc 1 23 0
  29              		.cfi_startproc
  30              		@ args = 0, pretend = 0, frame = 0
  31              		@ frame_needed = 0, uses_anonymous_args = 0
  32              		@ link register save eliminated.
  33              	.LVL0:
  34              		.loc 1 23 0
  35 0000 7047     		bx	lr
ARM GAS  C:\Users\DELL\AppData\Local\Temp\ccYGnx2D.s 			page 2


  36              		.cfi_endproc
  37              	.LFE495:
  39              		.weak	_ZN10Exp_SmoothD1Ev
  40              		.thumb_set _ZN10Exp_SmoothD1Ev,_ZN10Exp_SmoothD2Ev
  41              		.section	.text._ZN4Vec3IfED2Ev,"axG",%progbits,_ZN4Vec3IfED5Ev,comdat
  42              		.align	1
  43              		.weak	_ZN4Vec3IfED2Ev
  44              		.syntax unified
  45              		.thumb
  46              		.thumb_func
  47              		.fpu fpv4-sp-d16
  49              	_ZN4Vec3IfED2Ev:
  50              	.LFB632:
  51              		.file 2 "Core/Inc/utils/vec3.h"
   1:Core/Inc/utils/vec3.h **** /*
   2:Core/Inc/utils/vec3.h ****  * vec3.h
   3:Core/Inc/utils/vec3.h ****  * 
   4:Core/Inc/utils/vec3.h ****  * Created : 11/9/2018
   5:Core/Inc/utils/vec3.h ****  *  Author : n-is
   6:Core/Inc/utils/vec3.h ****  *   email : 073bex422.nischal@pcampus.edu.np
   7:Core/Inc/utils/vec3.h ****  */
   8:Core/Inc/utils/vec3.h **** 
   9:Core/Inc/utils/vec3.h **** #ifndef _VEC3_H_
  10:Core/Inc/utils/vec3.h **** #define _VEC3_H_
  11:Core/Inc/utils/vec3.h **** 
  12:Core/Inc/utils/vec3.h **** #include "stm32f4xx_hal.h"
  13:Core/Inc/utils/vec3.h **** 
  14:Core/Inc/utils/vec3.h **** template <typename T>
  15:Core/Inc/utils/vec3.h **** void swap_Element(T &first, T &second)
  16:Core/Inc/utils/vec3.h **** {
  17:Core/Inc/utils/vec3.h ****         T temp = first;
  18:Core/Inc/utils/vec3.h ****         first = second;
  19:Core/Inc/utils/vec3.h ****         second = temp;
  20:Core/Inc/utils/vec3.h **** }
  21:Core/Inc/utils/vec3.h **** 
  22:Core/Inc/utils/vec3.h **** template <class T>
  23:Core/Inc/utils/vec3.h **** class Vec3
  24:Core/Inc/utils/vec3.h **** {
  25:Core/Inc/utils/vec3.h **** public:
  26:Core/Inc/utils/vec3.h ****         Vec3() { set_Values(0,0,0); }
  27:Core/Inc/utils/vec3.h ****         Vec3(T x, T y, T z) { set_Values(x,y,z); }
  28:Core/Inc/utils/vec3.h ****         Vec3(Vec3 &&) = default;
  29:Core/Inc/utils/vec3.h ****         Vec3 &operator=(Vec3 &&) = default;
  30:Core/Inc/utils/vec3.h ****         ~Vec3();
  31:Core/Inc/utils/vec3.h **** 
  32:Core/Inc/utils/vec3.h ****         void set_Values(T x, T y, T z);
  33:Core/Inc/utils/vec3.h ****         T getX() const;
  34:Core/Inc/utils/vec3.h ****         T getY() const;
  35:Core/Inc/utils/vec3.h ****         T getZ() const;
  36:Core/Inc/utils/vec3.h ****         void setX(T x) { x_ = x; }
  37:Core/Inc/utils/vec3.h ****         void setY(T y) { y_ = y; }
  38:Core/Inc/utils/vec3.h ****         void setZ(T z) { z_ = z; }
  39:Core/Inc/utils/vec3.h **** 
  40:Core/Inc/utils/vec3.h ****         template <typename T1, typename T2>
  41:Core/Inc/utils/vec3.h ****         void divide(const Vec3<T1> &v, T2 num) {
  42:Core/Inc/utils/vec3.h ****                 x_ = v.getX() / num;
  43:Core/Inc/utils/vec3.h ****                 y_ = v.getY() / num;
ARM GAS  C:\Users\DELL\AppData\Local\Temp\ccYGnx2D.s 			page 3


  44:Core/Inc/utils/vec3.h ****                 z_ = v.getZ() / num;
  45:Core/Inc/utils/vec3.h ****         }
  46:Core/Inc/utils/vec3.h **** 
  47:Core/Inc/utils/vec3.h ****         Vec3 mult_EW(float num) {
  48:Core/Inc/utils/vec3.h ****                 Vec3 temp(*this);
  49:Core/Inc/utils/vec3.h ****                 temp.x_ *= num;
  50:Core/Inc/utils/vec3.h ****                 temp.y_ *= num;
  51:Core/Inc/utils/vec3.h ****                 temp.z_ *= num;
  52:Core/Inc/utils/vec3.h **** 
  53:Core/Inc/utils/vec3.h ****                 return temp;
  54:Core/Inc/utils/vec3.h ****         }
  55:Core/Inc/utils/vec3.h **** 
  56:Core/Inc/utils/vec3.h ****         Vec3 add_EW(float num) {
  57:Core/Inc/utils/vec3.h ****                 Vec3 temp(*this);
  58:Core/Inc/utils/vec3.h ****                 temp.x_ += num;
  59:Core/Inc/utils/vec3.h ****                 temp.y_ += num;
  60:Core/Inc/utils/vec3.h ****                 temp.z_ += num;
  61:Core/Inc/utils/vec3.h **** 
  62:Core/Inc/utils/vec3.h ****                 return temp;
  63:Core/Inc/utils/vec3.h ****         }
  64:Core/Inc/utils/vec3.h **** 
  65:Core/Inc/utils/vec3.h ****         Vec3 sub_EW(float num) {
  66:Core/Inc/utils/vec3.h ****                 Vec3 temp(*this);
  67:Core/Inc/utils/vec3.h ****                 temp.x_ -= num;
  68:Core/Inc/utils/vec3.h ****                 temp.y_ -= num;
  69:Core/Inc/utils/vec3.h ****                 temp.z_ -= num;
  70:Core/Inc/utils/vec3.h **** 
  71:Core/Inc/utils/vec3.h ****                 return temp;
  72:Core/Inc/utils/vec3.h ****         }
  73:Core/Inc/utils/vec3.h **** 
  74:Core/Inc/utils/vec3.h ****         template <typename T1>
  75:Core/Inc/utils/vec3.h ****         Vec3 div_EW(Vec3<T1> v) {
  76:Core/Inc/utils/vec3.h ****                 Vec3 temp(*this);
  77:Core/Inc/utils/vec3.h ****                 temp.x_ /= (float)v.x_;
  78:Core/Inc/utils/vec3.h ****                 temp.y_ /= (float)v.y_;
  79:Core/Inc/utils/vec3.h ****                 temp.z_ /= (float)v.z_;
  80:Core/Inc/utils/vec3.h **** 
  81:Core/Inc/utils/vec3.h ****                 return temp;
  82:Core/Inc/utils/vec3.h ****         }
  83:Core/Inc/utils/vec3.h **** 
  84:Core/Inc/utils/vec3.h ****         template <typename T1>
  85:Core/Inc/utils/vec3.h ****         Vec3 mult_EW(Vec3<T1> v) {
  86:Core/Inc/utils/vec3.h ****                 Vec3 temp(v);
  87:Core/Inc/utils/vec3.h ****                 temp.x_ *= x_;
  88:Core/Inc/utils/vec3.h ****                 temp.y_ *= y_;
  89:Core/Inc/utils/vec3.h ****                 temp.z_ *= z_;
  90:Core/Inc/utils/vec3.h **** 
  91:Core/Inc/utils/vec3.h ****                 return temp;
  92:Core/Inc/utils/vec3.h ****         }
  93:Core/Inc/utils/vec3.h **** 
  94:Core/Inc/utils/vec3.h ****         friend void swap(Vec3 &first, Vec3 &second) {
  95:Core/Inc/utils/vec3.h ****                 swap_Element(first.x_, second.x_);
  96:Core/Inc/utils/vec3.h ****                 swap_Element(first.y_, second.y_);
  97:Core/Inc/utils/vec3.h ****                 swap_Element(first.z_, second.z_);
  98:Core/Inc/utils/vec3.h ****         }
  99:Core/Inc/utils/vec3.h ****         
 100:Core/Inc/utils/vec3.h ****         Vec3(const Vec3 &v) {
ARM GAS  C:\Users\DELL\AppData\Local\Temp\ccYGnx2D.s 			page 4


 101:Core/Inc/utils/vec3.h ****                 x_ = v.x_;
 102:Core/Inc/utils/vec3.h ****                 y_ = v.y_;
 103:Core/Inc/utils/vec3.h ****                 z_ = v.z_;
 104:Core/Inc/utils/vec3.h ****         }
 105:Core/Inc/utils/vec3.h ****         
 106:Core/Inc/utils/vec3.h ****         Vec3 &operator=(const Vec3 &v) {
 107:Core/Inc/utils/vec3.h ****                 Vec3 temp(v);
 108:Core/Inc/utils/vec3.h ****                 swap(*this, temp);
 109:Core/Inc/utils/vec3.h **** 
 110:Core/Inc/utils/vec3.h ****                 return *this;
 111:Core/Inc/utils/vec3.h ****         }
 112:Core/Inc/utils/vec3.h **** 
 113:Core/Inc/utils/vec3.h ****         Vec3 &operator+=(const Vec3 &rhs) {
 114:Core/Inc/utils/vec3.h ****                 x_ += rhs.x_;
 115:Core/Inc/utils/vec3.h ****                 y_ += rhs.y_;
 116:Core/Inc/utils/vec3.h ****                 z_ += rhs.z_;
 117:Core/Inc/utils/vec3.h **** 
 118:Core/Inc/utils/vec3.h ****                 return *this;
 119:Core/Inc/utils/vec3.h ****         }
 120:Core/Inc/utils/vec3.h ****         
 121:Core/Inc/utils/vec3.h ****         Vec3 &operator-=(const Vec3 &rhs) {
 122:Core/Inc/utils/vec3.h ****                 x_ -= rhs.x_;
 123:Core/Inc/utils/vec3.h ****                 y_ -= rhs.y_;
 124:Core/Inc/utils/vec3.h ****                 z_ -= rhs.z_;
 125:Core/Inc/utils/vec3.h **** 
 126:Core/Inc/utils/vec3.h ****                 return *this;
 127:Core/Inc/utils/vec3.h ****         }
 128:Core/Inc/utils/vec3.h **** 
 129:Core/Inc/utils/vec3.h ****         friend Vec3 operator+(Vec3 lhs, const Vec3 &rhs) {
 130:Core/Inc/utils/vec3.h ****                 lhs += rhs;
 131:Core/Inc/utils/vec3.h ****                 return lhs;
 132:Core/Inc/utils/vec3.h ****         }
 133:Core/Inc/utils/vec3.h **** 
 134:Core/Inc/utils/vec3.h ****         friend Vec3 operator-(Vec3 lhs, const Vec3 &rhs) {
 135:Core/Inc/utils/vec3.h ****                 lhs -= rhs;
 136:Core/Inc/utils/vec3.h ****                 return lhs;
 137:Core/Inc/utils/vec3.h ****         }
 138:Core/Inc/utils/vec3.h **** 
 139:Core/Inc/utils/vec3.h ****         void print() const {
 140:Core/Inc/utils/vec3.h ****                 printf("%ld, %ld, %ld", (int32_t)x_, (int32_t)y_, (int32_t)z_);
 141:Core/Inc/utils/vec3.h ****         }
 142:Core/Inc/utils/vec3.h **** 
 143:Core/Inc/utils/vec3.h **** private:
 144:Core/Inc/utils/vec3.h ****         T x_,y_,z_;
 145:Core/Inc/utils/vec3.h **** };
 146:Core/Inc/utils/vec3.h **** 
 147:Core/Inc/utils/vec3.h **** template <class T>
 148:Core/Inc/utils/vec3.h **** Vec3<T>::~Vec3()
  52              		.loc 2 148 0
  53              		.cfi_startproc
  54              		@ args = 0, pretend = 0, frame = 0
  55              		@ frame_needed = 0, uses_anonymous_args = 0
  56              		@ link register save eliminated.
  57              	.LVL1:
 149:Core/Inc/utils/vec3.h **** {
 150:Core/Inc/utils/vec3.h **** }
  58              		.loc 2 150 0
ARM GAS  C:\Users\DELL\AppData\Local\Temp\ccYGnx2D.s 			page 5


  59 0000 7047     		bx	lr
  60              		.cfi_endproc
  61              	.LFE632:
  63              		.weak	_ZN4Vec3IfED1Ev
  64              		.thumb_set _ZN4Vec3IfED1Ev,_ZN4Vec3IfED2Ev
  65              		.section	.text._ZN10Exp_SmoothD0Ev,"axG",%progbits,_ZN10Exp_SmoothD5Ev,comdat
  66              		.align	1
  67              		.weak	_ZN10Exp_SmoothD0Ev
  68              		.syntax unified
  69              		.thumb
  70              		.thumb_func
  71              		.fpu fpv4-sp-d16
  73              	_ZN10Exp_SmoothD0Ev:
  74              	.LFB497:
  75              		.loc 1 23 0
  76              		.cfi_startproc
  77              		@ args = 0, pretend = 0, frame = 0
  78              		@ frame_needed = 0, uses_anonymous_args = 0
  79              	.LVL2:
  80 0000 10B5     		push	{r4, lr}
  81              	.LCFI0:
  82              		.cfi_def_cfa_offset 8
  83              		.cfi_offset 4, -8
  84              		.cfi_offset 14, -4
  85 0002 0446     		mov	r4, r0
  86              		.loc 1 23 0
  87 0004 1021     		movs	r1, #16
  88 0006 FFF7FEFF 		bl	_ZdlPvj
  89              	.LVL3:
  90 000a 2046     		mov	r0, r4
  91 000c 10BD     		pop	{r4, pc}
  92              		.cfi_endproc
  93              	.LFE497:
  95              		.section	.text._ZNK4Vec3IfE4getXEv,"axG",%progbits,_ZNK4Vec3IfE4getXEv,comdat
  96              		.align	1
  97              		.weak	_ZNK4Vec3IfE4getXEv
  98              		.syntax unified
  99              		.thumb
 100              		.thumb_func
 101              		.fpu fpv4-sp-d16
 103              	_ZNK4Vec3IfE4getXEv:
 104              	.LFB623:
 151:Core/Inc/utils/vec3.h **** 
 152:Core/Inc/utils/vec3.h **** template <class T>
 153:Core/Inc/utils/vec3.h **** void Vec3<T>::set_Values(T x, T y, T z)
 154:Core/Inc/utils/vec3.h **** {
 155:Core/Inc/utils/vec3.h ****         x_ = x;
 156:Core/Inc/utils/vec3.h ****         y_ = y;
 157:Core/Inc/utils/vec3.h ****         z_ = z;
 158:Core/Inc/utils/vec3.h **** }
 159:Core/Inc/utils/vec3.h **** 
 160:Core/Inc/utils/vec3.h **** template <class T>
 161:Core/Inc/utils/vec3.h **** T Vec3<T>::getX() const { return x_;}
 105              		.loc 2 161 0
 106              		.cfi_startproc
 107              		@ args = 0, pretend = 0, frame = 0
 108              		@ frame_needed = 0, uses_anonymous_args = 0
ARM GAS  C:\Users\DELL\AppData\Local\Temp\ccYGnx2D.s 			page 6


 109              		@ link register save eliminated.
 110              	.LVL4:
 111              		.loc 2 161 0
 112 0000 90ED000A 		vldr.32	s0, [r0]
 113 0004 7047     		bx	lr
 114              		.cfi_endproc
 115              	.LFE623:
 117              		.section	.text._ZNK4Vec3IfE4getYEv,"axG",%progbits,_ZNK4Vec3IfE4getYEv,comdat
 118              		.align	1
 119              		.weak	_ZNK4Vec3IfE4getYEv
 120              		.syntax unified
 121              		.thumb
 122              		.thumb_func
 123              		.fpu fpv4-sp-d16
 125              	_ZNK4Vec3IfE4getYEv:
 126              	.LFB624:
 162:Core/Inc/utils/vec3.h **** 
 163:Core/Inc/utils/vec3.h **** template <class T>
 164:Core/Inc/utils/vec3.h **** T Vec3<T>::getY() const { return y_;}
 127              		.loc 2 164 0
 128              		.cfi_startproc
 129              		@ args = 0, pretend = 0, frame = 0
 130              		@ frame_needed = 0, uses_anonymous_args = 0
 131              		@ link register save eliminated.
 132              	.LVL5:
 133              		.loc 2 164 0
 134 0000 90ED010A 		vldr.32	s0, [r0, #4]
 135 0004 7047     		bx	lr
 136              		.cfi_endproc
 137              	.LFE624:
 139              		.section	.text._ZN4Vec3IfE10set_ValuesEfff,"axG",%progbits,_ZN4Vec3IfE10set_ValuesEfff,comdat
 140              		.align	1
 141              		.weak	_ZN4Vec3IfE10set_ValuesEfff
 142              		.syntax unified
 143              		.thumb
 144              		.thumb_func
 145              		.fpu fpv4-sp-d16
 147              	_ZN4Vec3IfE10set_ValuesEfff:
 148              	.LFB636:
 153:Core/Inc/utils/vec3.h **** {
 149              		.loc 2 153 0
 150              		.cfi_startproc
 151              		@ args = 0, pretend = 0, frame = 0
 152              		@ frame_needed = 0, uses_anonymous_args = 0
 153              		@ link register save eliminated.
 154              	.LVL6:
 155:Core/Inc/utils/vec3.h ****         y_ = y;
 155              		.loc 2 155 0
 156 0000 80ED000A 		vstr.32	s0, [r0]
 156:Core/Inc/utils/vec3.h ****         z_ = z;
 157              		.loc 2 156 0
 158 0004 C0ED010A 		vstr.32	s1, [r0, #4]
 157:Core/Inc/utils/vec3.h **** }
 159              		.loc 2 157 0
 160 0008 80ED021A 		vstr.32	s2, [r0, #8]
 158:Core/Inc/utils/vec3.h **** 
 161              		.loc 2 158 0
ARM GAS  C:\Users\DELL\AppData\Local\Temp\ccYGnx2D.s 			page 7


 162 000c 7047     		bx	lr
 163              		.cfi_endproc
 164              	.LFE636:
 166              		.section	.text._Z41__static_initialization_and_destruction_0ii,"ax",%progbits
 167              		.align	1
 168              		.syntax unified
 169              		.thumb
 170              		.thumb_func
 171              		.fpu fpv4-sp-d16
 173              	_Z41__static_initialization_and_destruction_0ii:
 174              	.LFB640:
 175              		.file 3 "Core/Src/devs/position_sensor.cpp"
   1:Core/Src/devs/position_sensor.cpp **** /*
   2:Core/Src/devs/position_sensor.cpp ****  * position_sensor.h
   3:Core/Src/devs/position_sensor.cpp ****  * 
   4:Core/Src/devs/position_sensor.cpp ****  * Created : 11/29/2018
   5:Core/Src/devs/position_sensor.cpp ****  *  Author : n-is
   6:Core/Src/devs/position_sensor.cpp ****  *   email : 073bex422.nischal@pcampus.edu.np
   7:Core/Src/devs/position_sensor.cpp ****  */
   8:Core/Src/devs/position_sensor.cpp **** 
   9:Core/Src/devs/position_sensor.cpp **** #include "devs/position_sensor.h"
  10:Core/Src/devs/position_sensor.cpp **** #include "robot/robo_init.h"
  11:Core/Src/devs/position_sensor.cpp **** #include "utils/smoothie.h"
  12:Core/Src/devs/position_sensor.cpp **** #include "robot/robot.h"
  13:Core/Src/devs/position_sensor.cpp **** 
  14:Core/Src/devs/position_sensor.cpp **** // static Vec3<float> calc_Position(Vec3<float> lidar, Vec3<float> enc, uint32_t dt_millis);
  15:Core/Src/devs/position_sensor.cpp **** 
  16:Core/Src/devs/position_sensor.cpp **** static Exp_Smooth gXLidarAlpha35(0.35);
  17:Core/Src/devs/position_sensor.cpp **** static Exp_Smooth gYLidarAlpha35(0.35);
  18:Core/Src/devs/position_sensor.cpp **** static Exp_Smooth gXEncoderAlpha35(0.35);
  19:Core/Src/devs/position_sensor.cpp **** static Exp_Smooth gYEncoderAlpha35(0.35);
  20:Core/Src/devs/position_sensor.cpp **** 
  21:Core/Src/devs/position_sensor.cpp **** extern Robot gKhangaiRobot;
  22:Core/Src/devs/position_sensor.cpp **** // Starting Y-Position
  23:Core/Src/devs/position_sensor.cpp **** float gLast_YEncoderValue = 390;
  24:Core/Src/devs/position_sensor.cpp **** float gLast_XEncoderValue = 186;
  25:Core/Src/devs/position_sensor.cpp **** 
  26:Core/Src/devs/position_sensor.cpp **** // float gLast_lx = 0;
  27:Core/Src/devs/position_sensor.cpp **** 
  28:Core/Src/devs/position_sensor.cpp **** Vec3<float> gLastPosition(gLast_XEncoderValue, gLast_YEncoderValue, 0);
  29:Core/Src/devs/position_sensor.cpp **** 
  30:Core/Src/devs/position_sensor.cpp **** Vec3<float> PositionSensor::read_Position(uint32_t dt_millis)
  31:Core/Src/devs/position_sensor.cpp **** {
  32:Core/Src/devs/position_sensor.cpp ****         Vec3<float> lidar, enc;
  33:Core/Src/devs/position_sensor.cpp ****         float lx(0), ly(0), ex(0), ey(0);
  34:Core/Src/devs/position_sensor.cpp ****         bool x_lidar_used = false;
  35:Core/Src/devs/position_sensor.cpp ****         bool y_lidar_used = false;
  36:Core/Src/devs/position_sensor.cpp ****         bool x_enc_used = false;
  37:Core/Src/devs/position_sensor.cpp ****         bool y_enc_used = false;
  38:Core/Src/devs/position_sensor.cpp ****         // Read Data from available sensors and smooth them
  39:Core/Src/devs/position_sensor.cpp ****         for (uint8_t i = 0; i < sensor_count; ++i) {
  40:Core/Src/devs/position_sensor.cpp ****                 if (p_sensors_[i]->get_Name() == SensorName::XLidar) {
  41:Core/Src/devs/position_sensor.cpp ****                         lx = p_sensors_[i]->read();
  42:Core/Src/devs/position_sensor.cpp ****                         lx = gXLidarAlpha35.smooth(lx);
  43:Core/Src/devs/position_sensor.cpp ****                         lidar.setX(lx);
  44:Core/Src/devs/position_sensor.cpp ****                         x_lidar_used = true;
  45:Core/Src/devs/position_sensor.cpp ****                 }
ARM GAS  C:\Users\DELL\AppData\Local\Temp\ccYGnx2D.s 			page 8


  46:Core/Src/devs/position_sensor.cpp ****                 else if (p_sensors_[i]->get_Name() == SensorName::YLidar) {
  47:Core/Src/devs/position_sensor.cpp ****                         ly = p_sensors_[i]->read();
  48:Core/Src/devs/position_sensor.cpp ****                         ly = gYLidarAlpha35.smooth(ly);
  49:Core/Src/devs/position_sensor.cpp ****                         lidar.setY(ly);
  50:Core/Src/devs/position_sensor.cpp ****                         y_lidar_used = true;
  51:Core/Src/devs/position_sensor.cpp ****                 }
  52:Core/Src/devs/position_sensor.cpp ****                 else if (p_sensors_[i]->get_Name() == SensorName::XEncoder) {
  53:Core/Src/devs/position_sensor.cpp ****                         ex = (-1)*p_sensors_[i]->read();    // -ve count is observed in considered 
  54:Core/Src/devs/position_sensor.cpp ****                         enc.setX(ex);
  55:Core/Src/devs/position_sensor.cpp ****                         x_enc_used = true;
  56:Core/Src/devs/position_sensor.cpp ****                 }
  57:Core/Src/devs/position_sensor.cpp ****                 else if (p_sensors_[i]->get_Name() == SensorName::YEncoder) {
  58:Core/Src/devs/position_sensor.cpp ****                         ey = p_sensors_[i]->read();
  59:Core/Src/devs/position_sensor.cpp ****                         enc.setX(ey);
  60:Core/Src/devs/position_sensor.cpp ****                         y_enc_used = true;
  61:Core/Src/devs/position_sensor.cpp ****                 }
  62:Core/Src/devs/position_sensor.cpp ****         }
  63:Core/Src/devs/position_sensor.cpp ****         if (!(x_lidar_used || x_enc_used)) {
  64:Core/Src/devs/position_sensor.cpp ****                 printf("No Data Available on x-direction!!\n");
  65:Core/Src/devs/position_sensor.cpp ****         }
  66:Core/Src/devs/position_sensor.cpp ****         if (!(y_lidar_used || y_enc_used)) {
  67:Core/Src/devs/position_sensor.cpp ****                 printf("No Data Available on y-direction!!\n");
  68:Core/Src/devs/position_sensor.cpp ****         }
  69:Core/Src/devs/position_sensor.cpp **** 
  70:Core/Src/devs/position_sensor.cpp ****         float x(0), y(0);
  71:Core/Src/devs/position_sensor.cpp ****         if (!x_lidar_used) {
  72:Core/Src/devs/position_sensor.cpp ****                 x = gLastPosition.getX() + ex;
  73:Core/Src/devs/position_sensor.cpp ****                 lx = gXLidarAlpha35.smooth(x);
  74:Core/Src/devs/position_sensor.cpp ****         }
  75:Core/Src/devs/position_sensor.cpp ****         else {
  76:Core/Src/devs/position_sensor.cpp ****                 Second_Pass.set_Algorithm(&gXDist_Filter);
  77:Core/Src/devs/position_sensor.cpp ****                 x = Second_Pass.filter(lx, ex, dt_millis);
  78:Core/Src/devs/position_sensor.cpp ****         }
  79:Core/Src/devs/position_sensor.cpp ****         if (!y_lidar_used) {
  80:Core/Src/devs/position_sensor.cpp ****                 y = gLastPosition.getY() + ey;
  81:Core/Src/devs/position_sensor.cpp ****                 ly = gYLidarAlpha35.smooth(y);
  82:Core/Src/devs/position_sensor.cpp ****         }
  83:Core/Src/devs/position_sensor.cpp ****         else {
  84:Core/Src/devs/position_sensor.cpp ****                 Second_Pass.set_Algorithm(&gYDist_Filter);
  85:Core/Src/devs/position_sensor.cpp ****                 y = Second_Pass.filter(ly, ey, dt_millis);
  86:Core/Src/devs/position_sensor.cpp ****         }
  87:Core/Src/devs/position_sensor.cpp ****         // gLast_lx = lx;
  88:Core/Src/devs/position_sensor.cpp ****         gLastPosition.set_Values(x,y,0);
  89:Core/Src/devs/position_sensor.cpp ****         return gLastPosition;
  90:Core/Src/devs/position_sensor.cpp **** }
 176              		.loc 3 90 0
 177              		.cfi_startproc
 178              		@ args = 0, pretend = 0, frame = 0
 179              		@ frame_needed = 0, uses_anonymous_args = 0
 180              	.LVL7:
 181 0000 0128     		cmp	r0, #1
 182 0002 00D0     		beq	.L14
 183              	.L11:
 184 0004 7047     		bx	lr
 185              	.L14:
 186              		.loc 3 90 0 is_stmt 0 discriminator 1
 187 0006 4FF6FF73 		movw	r3, #65535
ARM GAS  C:\Users\DELL\AppData\Local\Temp\ccYGnx2D.s 			page 9


 188 000a 9942     		cmp	r1, r3
 189 000c FAD1     		bne	.L11
 190              		.loc 3 90 0
 191 000e 70B5     		push	{r4, r5, r6, lr}
 192              	.LCFI1:
 193              		.cfi_def_cfa_offset 16
 194              		.cfi_offset 4, -16
 195              		.cfi_offset 5, -12
 196              		.cfi_offset 6, -8
 197              		.cfi_offset 14, -4
 198 0010 2DED028B 		vpush.64	{d8}
 199              	.LCFI2:
 200              		.cfi_def_cfa_offset 24
 201              		.cfi_offset 80, -24
 202              		.cfi_offset 81, -20
  16:Core/Src/devs/position_sensor.cpp **** static Exp_Smooth gYLidarAlpha35(0.35);
 203              		.loc 3 16 0 is_stmt 1
 204 0014 9FED218A 		vldr.32	s16, .L15
 205 0018 214E     		ldr	r6, .L15+4
 206 001a B0EE480A 		vmov.f32	s0, s16
 207 001e 3046     		mov	r0, r6
 208              	.LVL8:
 209 0020 FFF7FEFF 		bl	_ZN10Exp_SmoothC1Ef
 210              	.LVL9:
 211 0024 1F4C     		ldr	r4, .L15+8
 212 0026 204D     		ldr	r5, .L15+12
 213 0028 2246     		mov	r2, r4
 214 002a 2946     		mov	r1, r5
 215 002c 3046     		mov	r0, r6
 216 002e FFF7FEFF 		bl	__aeabi_atexit
 217              	.LVL10:
  17:Core/Src/devs/position_sensor.cpp **** static Exp_Smooth gXEncoderAlpha35(0.35);
 218              		.loc 3 17 0
 219 0032 1E4E     		ldr	r6, .L15+16
 220 0034 B0EE480A 		vmov.f32	s0, s16
 221 0038 3046     		mov	r0, r6
 222 003a FFF7FEFF 		bl	_ZN10Exp_SmoothC1Ef
 223              	.LVL11:
 224 003e 2246     		mov	r2, r4
 225 0040 2946     		mov	r1, r5
 226 0042 3046     		mov	r0, r6
 227 0044 FFF7FEFF 		bl	__aeabi_atexit
 228              	.LVL12:
  18:Core/Src/devs/position_sensor.cpp **** static Exp_Smooth gYEncoderAlpha35(0.35);
 229              		.loc 3 18 0
 230 0048 194E     		ldr	r6, .L15+20
 231 004a B0EE480A 		vmov.f32	s0, s16
 232 004e 3046     		mov	r0, r6
 233 0050 FFF7FEFF 		bl	_ZN10Exp_SmoothC1Ef
 234              	.LVL13:
 235 0054 2246     		mov	r2, r4
 236 0056 2946     		mov	r1, r5
 237 0058 3046     		mov	r0, r6
 238 005a FFF7FEFF 		bl	__aeabi_atexit
 239              	.LVL14:
  19:Core/Src/devs/position_sensor.cpp **** 
 240              		.loc 3 19 0
ARM GAS  C:\Users\DELL\AppData\Local\Temp\ccYGnx2D.s 			page 10


 241 005e 154E     		ldr	r6, .L15+24
 242 0060 B0EE480A 		vmov.f32	s0, s16
 243 0064 3046     		mov	r0, r6
 244 0066 FFF7FEFF 		bl	_ZN10Exp_SmoothC1Ef
 245              	.LVL15:
 246 006a 2246     		mov	r2, r4
 247 006c 2946     		mov	r1, r5
 248 006e 3046     		mov	r0, r6
 249 0070 FFF7FEFF 		bl	__aeabi_atexit
 250              	.LVL16:
 251              	.LBB50:
 252              	.LBB51:
 253              	.LBB52:
  27:Core/Inc/utils/vec3.h ****         Vec3(Vec3 &&) = default;
 254              		.loc 2 27 0
 255 0074 104D     		ldr	r5, .L15+28
 256 0076 9FED111A 		vldr.32	s2, .L15+32
 257 007a 114B     		ldr	r3, .L15+36
 258 007c D3ED000A 		vldr.32	s1, [r3]
 259 0080 104B     		ldr	r3, .L15+40
 260 0082 93ED000A 		vldr.32	s0, [r3]
 261 0086 2846     		mov	r0, r5
 262 0088 FFF7FEFF 		bl	_ZN4Vec3IfE10set_ValuesEfff
 263              	.LVL17:
 264              	.LBE52:
 265              	.LBE51:
 266              	.LBE50:
  28:Core/Src/devs/position_sensor.cpp **** 
 267              		.loc 3 28 0
 268 008c 2246     		mov	r2, r4
 269 008e 0E49     		ldr	r1, .L15+44
 270 0090 2846     		mov	r0, r5
 271 0092 FFF7FEFF 		bl	__aeabi_atexit
 272              	.LVL18:
 273              		.loc 3 90 0
 274 0096 BDEC028B 		vldm	sp!, {d8}
 275              	.LCFI3:
 276              		.cfi_restore 80
 277              		.cfi_restore 81
 278              		.cfi_def_cfa_offset 16
 279 009a 70BD     		pop	{r4, r5, r6, pc}
 280              	.L16:
 281              		.align	2
 282              	.L15:
 283 009c 3333B33E 		.word	1051931443
 284 00a0 00000000 		.word	.LANCHOR0
 285 00a4 00000000 		.word	__dso_handle
 286 00a8 00000000 		.word	_ZN10Exp_SmoothD1Ev
 287 00ac 00000000 		.word	.LANCHOR1
 288 00b0 00000000 		.word	.LANCHOR2
 289 00b4 00000000 		.word	.LANCHOR3
 290 00b8 00000000 		.word	.LANCHOR6
 291 00bc 00000000 		.word	0
 292 00c0 00000000 		.word	.LANCHOR5
 293 00c4 00000000 		.word	.LANCHOR4
 294 00c8 00000000 		.word	_ZN4Vec3IfED1Ev
 295              		.cfi_endproc
ARM GAS  C:\Users\DELL\AppData\Local\Temp\ccYGnx2D.s 			page 11


 296              	.LFE640:
 298              		.section	.text._ZN14PositionSensor13read_PositionEm,"ax",%progbits
 299              		.align	1
 300              		.global	_ZN14PositionSensor13read_PositionEm
 301              		.syntax unified
 302              		.thumb
 303              		.thumb_func
 304              		.fpu fpv4-sp-d16
 306              	_ZN14PositionSensor13read_PositionEm:
 307              	.LFB620:
  31:Core/Src/devs/position_sensor.cpp ****         Vec3<float> lidar, enc;
 308              		.loc 3 31 0
 309              		.cfi_startproc
 310              		@ args = 0, pretend = 0, frame = 40
 311              		@ frame_needed = 0, uses_anonymous_args = 0
 312              	.LVL19:
 313 0000 2DE9F04F 		push	{r4, r5, r6, r7, r8, r9, r10, fp, lr}
 314              	.LCFI4:
 315              		.cfi_def_cfa_offset 36
 316              		.cfi_offset 4, -36
 317              		.cfi_offset 5, -32
 318              		.cfi_offset 6, -28
 319              		.cfi_offset 7, -24
 320              		.cfi_offset 8, -20
 321              		.cfi_offset 9, -16
 322              		.cfi_offset 10, -12
 323              		.cfi_offset 11, -8
 324              		.cfi_offset 14, -4
 325 0004 2DED028B 		vpush.64	{d8}
 326              	.LCFI5:
 327              		.cfi_def_cfa_offset 44
 328              		.cfi_offset 80, -44
 329              		.cfi_offset 81, -40
 330 0008 8BB0     		sub	sp, sp, #44
 331              	.LCFI6:
 332              		.cfi_def_cfa_offset 88
 333 000a 0646     		mov	r6, r0
 334 000c 0D46     		mov	r5, r1
 335 000e 9246     		mov	r10, r2
 336              	.LVL20:
 337              	.LBB53:
 338              	.LBB54:
 339              	.LBB55:
  26:Core/Inc/utils/vec3.h ****         Vec3(T x, T y, T z) { set_Values(x,y,z); }
 340              		.loc 2 26 0
 341 0010 9FED658A 		vldr.32	s16, .L38
 342 0014 B0EE481A 		vmov.f32	s2, s16
 343 0018 F0EE480A 		vmov.f32	s1, s16
 344 001c B0EE480A 		vmov.f32	s0, s16
 345 0020 07A8     		add	r0, sp, #28
 346              	.LVL21:
 347 0022 FFF7FEFF 		bl	_ZN4Vec3IfE10set_ValuesEfff
 348              	.LVL22:
 349              	.LBE55:
 350              	.LBE54:
 351              	.LBE53:
 352              	.LBB56:
ARM GAS  C:\Users\DELL\AppData\Local\Temp\ccYGnx2D.s 			page 12


 353              	.LBB57:
 354              	.LBB58:
 355 0026 B0EE481A 		vmov.f32	s2, s16
 356 002a F0EE480A 		vmov.f32	s1, s16
 357 002e B0EE480A 		vmov.f32	s0, s16
 358 0032 04A8     		add	r0, sp, #16
 359              	.LVL23:
 360 0034 FFF7FEFF 		bl	_ZN4Vec3IfE10set_ValuesEfff
 361              	.LVL24:
 362              	.LBE58:
 363              	.LBE57:
 364              	.LBE56:
  33:Core/Src/devs/position_sensor.cpp ****         bool x_lidar_used = false;
 365              		.loc 3 33 0
 366 0038 8DED038A 		vstr.32	s16, [sp, #12]
 367 003c 8DED028A 		vstr.32	s16, [sp, #8]
 368              	.LVL25:
 369              	.LBB59:
  39:Core/Src/devs/position_sensor.cpp ****                 if (p_sensors_[i]->get_Name() == SensorName::XLidar) {
 370              		.loc 3 39 0
 371 0040 0024     		movs	r4, #0
 372              	.LBE59:
  37:Core/Src/devs/position_sensor.cpp ****         // Read Data from available sensors and smooth them
 373              		.loc 3 37 0
 374 0042 A346     		mov	fp, r4
  36:Core/Src/devs/position_sensor.cpp ****         bool y_enc_used = false;
 375              		.loc 3 36 0
 376 0044 A146     		mov	r9, r4
  35:Core/Src/devs/position_sensor.cpp ****         bool x_enc_used = false;
 377              		.loc 3 35 0
 378 0046 A046     		mov	r8, r4
  34:Core/Src/devs/position_sensor.cpp ****         bool y_lidar_used = false;
 379              		.loc 3 34 0
 380 0048 2746     		mov	r7, r4
  33:Core/Src/devs/position_sensor.cpp ****         bool x_lidar_used = false;
 381              		.loc 3 33 0
 382 004a F0EE488A 		vmov.f32	s17, s16
 383 004e 0FE0     		b	.L23
 384              	.LVL26:
 385              	.L31:
 386              	.LBB70:
  41:Core/Src/devs/position_sensor.cpp ****                         lx = gXLidarAlpha35.smooth(lx);
 387              		.loc 3 41 0
 388 0050 0368     		ldr	r3, [r0]
 389 0052 DB68     		ldr	r3, [r3, #12]
 390 0054 9847     		blx	r3
 391              	.LVL27:
 392 0056 03A9     		add	r1, sp, #12
 393 0058 81ED000A 		vstr.32	s0, [r1]
  42:Core/Src/devs/position_sensor.cpp ****                         lidar.setX(lx);
 394              		.loc 3 42 0
 395 005c 5348     		ldr	r0, .L38+4
 396 005e FFF7FEFF 		bl	_ZN10Exp_Smooth6smoothERKf
 397              	.LVL28:
 398 0062 8DED030A 		vstr.32	s0, [sp, #12]
 399              	.LVL29:
 400              	.LBB60:
ARM GAS  C:\Users\DELL\AppData\Local\Temp\ccYGnx2D.s 			page 13


 401              	.LBB61:
  36:Core/Inc/utils/vec3.h ****         void setY(T y) { y_ = y; }
 402              		.loc 2 36 0
 403 0066 8DED070A 		vstr.32	s0, [sp, #28]
 404              	.LVL30:
 405              	.LBE61:
 406              	.LBE60:
  44:Core/Src/devs/position_sensor.cpp ****                 }
 407              		.loc 3 44 0
 408 006a 0127     		movs	r7, #1
 409              	.LVL31:
 410              	.L20:
  39:Core/Src/devs/position_sensor.cpp ****                 if (p_sensors_[i]->get_Name() == SensorName::XLidar) {
 411              		.loc 3 39 0 discriminator 2
 412 006c 0134     		adds	r4, r4, #1
 413              	.LVL32:
 414 006e E4B2     		uxtb	r4, r4
 415              	.LVL33:
 416              	.L23:
  39:Core/Src/devs/position_sensor.cpp ****                 if (p_sensors_[i]->get_Name() == SensorName::XLidar) {
 417              		.loc 3 39 0 is_stmt 0 discriminator 1
 418 0070 2B7C     		ldrb	r3, [r5, #16]	@ zero_extendqisi2
 419 0072 A342     		cmp	r3, r4
 420 0074 2ED9     		bls	.L18
  40:Core/Src/devs/position_sensor.cpp ****                         lx = p_sensors_[i]->read();
 421              		.loc 3 40 0 is_stmt 1
 422 0076 55F82400 		ldr	r0, [r5, r4, lsl #2]
 423              	.LVL34:
 424              	.LBB62:
 425              	.LBB63:
 426              		.file 4 "Core/Inc/devs/sensor.h"
   1:Core/Inc/devs/sensor.h **** /*
   2:Core/Inc/devs/sensor.h ****  * sensor.h
   3:Core/Inc/devs/sensor.h ****  * 
   4:Core/Inc/devs/sensor.h ****  * Created : 11/29/2018
   5:Core/Inc/devs/sensor.h ****  *  Author : n-is
   6:Core/Inc/devs/sensor.h ****  *   email : 073bex422.nischal@pcampus.edu.np
   7:Core/Inc/devs/sensor.h ****  */
   8:Core/Inc/devs/sensor.h **** 
   9:Core/Inc/devs/sensor.h **** #ifndef _SENSOR_H_
  10:Core/Inc/devs/sensor.h **** #define _SENSOR_H_
  11:Core/Inc/devs/sensor.h **** 
  12:Core/Inc/devs/sensor.h **** enum class SensorName
  13:Core/Inc/devs/sensor.h **** {
  14:Core/Inc/devs/sensor.h ****         Gyro,
  15:Core/Inc/devs/sensor.h ****         Compass,
  16:Core/Inc/devs/sensor.h ****         XEncoder,
  17:Core/Inc/devs/sensor.h ****         YEncoder,
  18:Core/Inc/devs/sensor.h ****         XLidar,
  19:Core/Inc/devs/sensor.h ****         YLidar
  20:Core/Inc/devs/sensor.h **** };
  21:Core/Inc/devs/sensor.h **** 
  22:Core/Inc/devs/sensor.h **** class Sensor
  23:Core/Inc/devs/sensor.h **** {
  24:Core/Inc/devs/sensor.h **** public:
  25:Core/Inc/devs/sensor.h ****         Sensor() = default;
  26:Core/Inc/devs/sensor.h ****         Sensor(Sensor &&) = default;
ARM GAS  C:\Users\DELL\AppData\Local\Temp\ccYGnx2D.s 			page 14


  27:Core/Inc/devs/sensor.h ****         Sensor(const Sensor &) = default;
  28:Core/Inc/devs/sensor.h ****         Sensor &operator=(Sensor &&) = default;
  29:Core/Inc/devs/sensor.h ****         Sensor &operator=(const Sensor &) = default;
  30:Core/Inc/devs/sensor.h ****         virtual ~Sensor() { }
  31:Core/Inc/devs/sensor.h **** 
  32:Core/Inc/devs/sensor.h ****         virtual int init() = 0;
  33:Core/Inc/devs/sensor.h ****         SensorName get_Name() { return name_; }
 427              		.loc 4 33 0
 428 007a 4368     		ldr	r3, [r0, #4]
 429              	.LVL35:
 430              	.LBE63:
 431              	.LBE62:
  40:Core/Src/devs/position_sensor.cpp ****                         lx = p_sensors_[i]->read();
 432              		.loc 3 40 0
 433 007c 042B     		cmp	r3, #4
 434 007e E7D0     		beq	.L31
  46:Core/Src/devs/position_sensor.cpp ****                         ly = p_sensors_[i]->read();
 435              		.loc 3 46 0
 436 0080 052B     		cmp	r3, #5
 437 0082 0DD0     		beq	.L32
  52:Core/Src/devs/position_sensor.cpp ****                         ex = (-1)*p_sensors_[i]->read();    // -ve count is observed in considered 
 438              		.loc 3 52 0
 439 0084 022B     		cmp	r3, #2
 440 0086 1BD0     		beq	.L33
  57:Core/Src/devs/position_sensor.cpp ****                         ey = p_sensors_[i]->read();
 441              		.loc 3 57 0
 442 0088 032B     		cmp	r3, #3
 443 008a EFD1     		bne	.L20
  58:Core/Src/devs/position_sensor.cpp ****                         enc.setX(ey);
 444              		.loc 3 58 0
 445 008c 0368     		ldr	r3, [r0]
 446 008e DB68     		ldr	r3, [r3, #12]
 447 0090 9847     		blx	r3
 448              	.LVL36:
 449 0092 F0EE408A 		vmov.f32	s17, s0
 450              	.LVL37:
 451              	.LBB64:
 452              	.LBB65:
  36:Core/Inc/utils/vec3.h ****         void setY(T y) { y_ = y; }
 453              		.loc 2 36 0
 454 0096 8DED040A 		vstr.32	s0, [sp, #16]
 455              	.LVL38:
 456              	.LBE65:
 457              	.LBE64:
  60:Core/Src/devs/position_sensor.cpp ****                 }
 458              		.loc 3 60 0
 459 009a 4FF0010B 		mov	fp, #1
 460 009e E5E7     		b	.L20
 461              	.LVL39:
 462              	.L32:
  47:Core/Src/devs/position_sensor.cpp ****                         ly = gYLidarAlpha35.smooth(ly);
 463              		.loc 3 47 0
 464 00a0 0368     		ldr	r3, [r0]
 465 00a2 DB68     		ldr	r3, [r3, #12]
 466 00a4 9847     		blx	r3
 467              	.LVL40:
 468 00a6 02A9     		add	r1, sp, #8
ARM GAS  C:\Users\DELL\AppData\Local\Temp\ccYGnx2D.s 			page 15


 469 00a8 81ED000A 		vstr.32	s0, [r1]
  48:Core/Src/devs/position_sensor.cpp ****                         lidar.setY(ly);
 470              		.loc 3 48 0
 471 00ac 4048     		ldr	r0, .L38+8
 472 00ae FFF7FEFF 		bl	_ZN10Exp_Smooth6smoothERKf
 473              	.LVL41:
 474 00b2 8DED020A 		vstr.32	s0, [sp, #8]
 475              	.LVL42:
 476              	.LBB66:
 477              	.LBB67:
  37:Core/Inc/utils/vec3.h ****         void setZ(T z) { z_ = z; }
 478              		.loc 2 37 0
 479 00b6 8DED080A 		vstr.32	s0, [sp, #32]
 480              	.LVL43:
 481              	.LBE67:
 482              	.LBE66:
  50:Core/Src/devs/position_sensor.cpp ****                 }
 483              		.loc 3 50 0
 484 00ba 4FF00108 		mov	r8, #1
 485 00be D5E7     		b	.L20
 486              	.LVL44:
 487              	.L33:
  53:Core/Src/devs/position_sensor.cpp ****                         enc.setX(ex);
 488              		.loc 3 53 0
 489 00c0 0368     		ldr	r3, [r0]
 490 00c2 DB68     		ldr	r3, [r3, #12]
 491 00c4 9847     		blx	r3
 492              	.LVL45:
 493 00c6 B1EE408A 		vneg.f32	s16, s0
 494              	.LVL46:
 495              	.LBB68:
 496              	.LBB69:
  36:Core/Inc/utils/vec3.h ****         void setY(T y) { y_ = y; }
 497              		.loc 2 36 0
 498 00ca 8DED048A 		vstr.32	s16, [sp, #16]
 499              	.LVL47:
 500              	.LBE69:
 501              	.LBE68:
  55:Core/Src/devs/position_sensor.cpp ****                 }
 502              		.loc 3 55 0
 503 00ce 4FF00109 		mov	r9, #1
 504 00d2 CBE7     		b	.L20
 505              	.LVL48:
 506              	.L18:
 507              	.LBE70:
  63:Core/Src/devs/position_sensor.cpp ****                 printf("No Data Available on x-direction!!\n");
 508              		.loc 3 63 0
 509 00d4 17B9     		cbnz	r7, .L24
  63:Core/Src/devs/position_sensor.cpp ****                 printf("No Data Available on x-direction!!\n");
 510              		.loc 3 63 0 is_stmt 0 discriminator 1
 511 00d6 B9F1000F 		cmp	r9, #0
 512 00da 3DD0     		beq	.L34
 513              	.L24:
  66:Core/Src/devs/position_sensor.cpp ****                 printf("No Data Available on y-direction!!\n");
 514              		.loc 3 66 0 is_stmt 1
 515 00dc B8F1000F 		cmp	r8, #0
 516 00e0 02D1     		bne	.L25
ARM GAS  C:\Users\DELL\AppData\Local\Temp\ccYGnx2D.s 			page 16


  66:Core/Src/devs/position_sensor.cpp ****                 printf("No Data Available on y-direction!!\n");
 517              		.loc 3 66 0 is_stmt 0 discriminator 1
 518 00e2 BBF1000F 		cmp	fp, #0
 519 00e6 3BD0     		beq	.L35
 520              	.L25:
  70:Core/Src/devs/position_sensor.cpp ****         if (!x_lidar_used) {
 521              		.loc 3 70 0 is_stmt 1
 522 00e8 0023     		movs	r3, #0
 523 00ea 0193     		str	r3, [sp, #4]	@ float
 524 00ec 0093     		str	r3, [sp]	@ float
  71:Core/Src/devs/position_sensor.cpp ****                 x = gLastPosition.getX() + ex;
 525              		.loc 3 71 0
 526 00ee 002F     		cmp	r7, #0
 527 00f0 3AD0     		beq	.L36
 528              	.LVL49:
 529              	.LBB71:
 530              	.LBB72:
 531              		.file 5 "Core/Inc/utils/filter.h"
   1:Core/Inc/utils/filter.h **** /*
   2:Core/Inc/utils/filter.h ****  * filter.h
   3:Core/Inc/utils/filter.h ****  * 
   4:Core/Inc/utils/filter.h ****  * Created : 11/9/2018
   5:Core/Inc/utils/filter.h ****  *  Author : n-is
   6:Core/Inc/utils/filter.h ****  *   email : 073bex422.nischal@pcampus.edu.np
   7:Core/Inc/utils/filter.h ****  */
   8:Core/Inc/utils/filter.h **** 
   9:Core/Inc/utils/filter.h **** #ifndef _FILTER_H_
  10:Core/Inc/utils/filter.h **** #define _FILTER_H_
  11:Core/Inc/utils/filter.h **** 
  12:Core/Inc/utils/filter.h **** #include "filter_algorithm.h"
  13:Core/Inc/utils/filter.h **** 
  14:Core/Inc/utils/filter.h **** class Filter
  15:Core/Inc/utils/filter.h **** {
  16:Core/Inc/utils/filter.h **** public:
  17:Core/Inc/utils/filter.h ****         Filter() { algo_ = 0; }
  18:Core/Inc/utils/filter.h **** 
  19:Core/Inc/utils/filter.h ****         Filter(Filter_Algorithm *filt_algo) { set_Algorithm(filt_algo); }
  20:Core/Inc/utils/filter.h **** 
  21:Core/Inc/utils/filter.h ****         Filter(Filter &&) = default;
  22:Core/Inc/utils/filter.h ****         Filter(const Filter &) = default;
  23:Core/Inc/utils/filter.h ****         Filter &operator=(Filter &&) = default;
  24:Core/Inc/utils/filter.h ****         Filter &operator=(const Filter &) = default;
  25:Core/Inc/utils/filter.h ****         ~Filter() { }
  26:Core/Inc/utils/filter.h **** 
  27:Core/Inc/utils/filter.h ****         void set_Algorithm(Filter_Algorithm *filt_algo) { algo_ = filt_algo; }
 532              		.loc 5 27 0
 533 00f2 3048     		ldr	r0, .L38+12
 534 00f4 304B     		ldr	r3, .L38+16
 535 00f6 1860     		str	r0, [r3]
 536              	.LVL50:
 537              	.LBE72:
 538              	.LBE71:
 539              	.LBB73:
 540              	.LBB74:
  28:Core/Inc/utils/filter.h ****         float filter(float low_pass, float rate, uint32_t dt_millis) {
  29:Core/Inc/utils/filter.h ****                 return algo_->filter(low_pass, rate, dt_millis);
 541              		.loc 5 29 0
ARM GAS  C:\Users\DELL\AppData\Local\Temp\ccYGnx2D.s 			page 17


 542 00f8 0368     		ldr	r3, [r0]
 543 00fa 1B68     		ldr	r3, [r3]
 544 00fc 5146     		mov	r1, r10
 545 00fe F0EE480A 		vmov.f32	s1, s16
 546 0102 9DED030A 		vldr.32	s0, [sp, #12]
 547 0106 9847     		blx	r3
 548              	.LVL51:
 549              	.LBE74:
 550              	.LBE73:
  77:Core/Src/devs/position_sensor.cpp ****         }
 551              		.loc 3 77 0
 552 0108 8DED010A 		vstr.32	s0, [sp, #4]
 553              	.LVL52:
 554              	.L27:
  79:Core/Src/devs/position_sensor.cpp ****                 y = gLastPosition.getY() + ey;
 555              		.loc 3 79 0
 556 010c B8F1000F 		cmp	r8, #0
 557 0110 3AD0     		beq	.L37
 558              	.LVL53:
 559              	.LBB75:
 560              	.LBB76:
  27:Core/Inc/utils/filter.h ****         float filter(float low_pass, float rate, uint32_t dt_millis) {
 561              		.loc 5 27 0
 562 0112 2A48     		ldr	r0, .L38+20
 563 0114 284B     		ldr	r3, .L38+16
 564 0116 1860     		str	r0, [r3]
 565              	.LVL54:
 566              	.LBE76:
 567              	.LBE75:
 568              	.LBB77:
 569              	.LBB78:
 570              		.loc 5 29 0
 571 0118 0368     		ldr	r3, [r0]
 572 011a 1B68     		ldr	r3, [r3]
 573 011c 5146     		mov	r1, r10
 574 011e F0EE680A 		vmov.f32	s1, s17
 575 0122 9DED020A 		vldr.32	s0, [sp, #8]
 576 0126 9847     		blx	r3
 577              	.LVL55:
 578              	.LBE78:
 579              	.LBE77:
  85:Core/Src/devs/position_sensor.cpp ****         }
 580              		.loc 3 85 0
 581 0128 8DED000A 		vstr.32	s0, [sp]
 582              	.L29:
  88:Core/Src/devs/position_sensor.cpp ****         return gLastPosition;
 583              		.loc 3 88 0
 584 012c 244C     		ldr	r4, .L38+24
 585              	.LVL56:
 586 012e 9FED1E1A 		vldr.32	s2, .L38
 587 0132 DDED000A 		vldr.32	s1, [sp]
 588 0136 9DED010A 		vldr.32	s0, [sp, #4]
 589 013a 2046     		mov	r0, r4
 590 013c FFF7FEFF 		bl	_ZN4Vec3IfE10set_ValuesEfff
 591              	.LVL57:
 592              	.LBB79:
 593              	.LBB80:
ARM GAS  C:\Users\DELL\AppData\Local\Temp\ccYGnx2D.s 			page 18


 101:Core/Inc/utils/vec3.h ****                 y_ = v.y_;
 594              		.loc 2 101 0
 595 0140 2368     		ldr	r3, [r4]	@ float
 596 0142 3360     		str	r3, [r6]	@ float
 102:Core/Inc/utils/vec3.h ****                 z_ = v.z_;
 597              		.loc 2 102 0
 598 0144 6368     		ldr	r3, [r4, #4]	@ float
 599 0146 7360     		str	r3, [r6, #4]	@ float
 103:Core/Inc/utils/vec3.h ****         }
 600              		.loc 2 103 0
 601 0148 A368     		ldr	r3, [r4, #8]	@ float
 602 014a B360     		str	r3, [r6, #8]	@ float
 603              	.LVL58:
 604              	.LBE80:
 605              	.LBE79:
 606              		.loc 3 90 0
 607 014c 3046     		mov	r0, r6
 608 014e 0BB0     		add	sp, sp, #44
 609              	.LCFI7:
 610              		.cfi_remember_state
 611              		.cfi_def_cfa_offset 44
 612              		@ sp needed
 613 0150 BDEC028B 		vldm	sp!, {d8}
 614              	.LCFI8:
 615              		.cfi_restore 80
 616              		.cfi_restore 81
 617              		.cfi_def_cfa_offset 36
 618 0154 BDE8F08F 		pop	{r4, r5, r6, r7, r8, r9, r10, fp, pc}
 619              	.LVL59:
 620              	.L34:
 621              	.LCFI9:
 622              		.cfi_restore_state
  64:Core/Src/devs/position_sensor.cpp ****         }
 623              		.loc 3 64 0
 624 0158 1A48     		ldr	r0, .L38+28
 625 015a FFF7FEFF 		bl	puts
 626              	.LVL60:
 627 015e BDE7     		b	.L24
 628              	.L35:
  67:Core/Src/devs/position_sensor.cpp ****         }
 629              		.loc 3 67 0
 630 0160 1948     		ldr	r0, .L38+32
 631 0162 FFF7FEFF 		bl	puts
 632              	.LVL61:
 633 0166 BFE7     		b	.L25
 634              	.L36:
  72:Core/Src/devs/position_sensor.cpp ****                 lx = gXLidarAlpha35.smooth(x);
 635              		.loc 3 72 0
 636 0168 1548     		ldr	r0, .L38+24
 637 016a FFF7FEFF 		bl	_ZNK4Vec3IfE4getXEv
 638              	.LVL62:
 639 016e 30EE088A 		vadd.f32	s16, s0, s16
 640              	.LVL63:
 641 0172 0AA9     		add	r1, sp, #40
 642 0174 18EE103A 		vmov	r3, s16
 643 0178 41F8243D 		str	r3, [r1, #-36]!	@ float
  73:Core/Src/devs/position_sensor.cpp ****         }
ARM GAS  C:\Users\DELL\AppData\Local\Temp\ccYGnx2D.s 			page 19


 644              		.loc 3 73 0
 645 017c 0B48     		ldr	r0, .L38+4
 646 017e FFF7FEFF 		bl	_ZN10Exp_Smooth6smoothERKf
 647              	.LVL64:
 648 0182 8DED030A 		vstr.32	s0, [sp, #12]
 649 0186 C1E7     		b	.L27
 650              	.L37:
  80:Core/Src/devs/position_sensor.cpp ****                 ly = gYLidarAlpha35.smooth(y);
 651              		.loc 3 80 0
 652 0188 0D48     		ldr	r0, .L38+24
 653 018a FFF7FEFF 		bl	_ZNK4Vec3IfE4getYEv
 654              	.LVL65:
 655 018e 30EE280A 		vadd.f32	s0, s0, s17
 656 0192 0AA9     		add	r1, sp, #40
 657 0194 10EE103A 		vmov	r3, s0
 658 0198 41F8283D 		str	r3, [r1, #-40]!	@ float
  81:Core/Src/devs/position_sensor.cpp ****         }
 659              		.loc 3 81 0
 660 019c 0448     		ldr	r0, .L38+8
 661 019e FFF7FEFF 		bl	_ZN10Exp_Smooth6smoothERKf
 662              	.LVL66:
 663 01a2 8DED020A 		vstr.32	s0, [sp, #8]
 664 01a6 C1E7     		b	.L29
 665              	.L39:
 666              		.align	2
 667              	.L38:
 668 01a8 00000000 		.word	0
 669 01ac 00000000 		.word	.LANCHOR0
 670 01b0 00000000 		.word	.LANCHOR1
 671 01b4 00000000 		.word	gXDist_Filter
 672 01b8 00000000 		.word	Second_Pass
 673 01bc 00000000 		.word	gYDist_Filter
 674 01c0 00000000 		.word	.LANCHOR6
 675 01c4 00000000 		.word	.LC0
 676 01c8 24000000 		.word	.LC1
 677              		.cfi_endproc
 678              	.LFE620:
 680              		.section	.text._GLOBAL__sub_I_gLast_YEncoderValue,"ax",%progbits
 681              		.align	1
 682              		.syntax unified
 683              		.thumb
 684              		.thumb_func
 685              		.fpu fpv4-sp-d16
 687              	_GLOBAL__sub_I_gLast_YEncoderValue:
 688              	.LFB641:
 689              		.loc 3 90 0
 690              		.cfi_startproc
 691              		@ args = 0, pretend = 0, frame = 0
 692              		@ frame_needed = 0, uses_anonymous_args = 0
 693 0000 08B5     		push	{r3, lr}
 694              	.LCFI10:
 695              		.cfi_def_cfa_offset 8
 696              		.cfi_offset 3, -8
 697              		.cfi_offset 14, -4
 698              		.loc 3 90 0
 699 0002 4FF6FF71 		movw	r1, #65535
 700 0006 0120     		movs	r0, #1
ARM GAS  C:\Users\DELL\AppData\Local\Temp\ccYGnx2D.s 			page 20


 701 0008 FFF7FEFF 		bl	_Z41__static_initialization_and_destruction_0ii
 702              	.LVL67:
 703 000c 08BD     		pop	{r3, pc}
 704              		.cfi_endproc
 705              	.LFE641:
 707              		.section	.init_array,"aw",%init_array
 708              		.align	2
 709 0000 00000000 		.word	_GLOBAL__sub_I_gLast_YEncoderValue(target1)
 710              		.global	gLastPosition
 711              		.global	gLast_XEncoderValue
 712              		.global	gLast_YEncoderValue
 713              		.section	.bss._ZL14gXLidarAlpha35,"aw",%nobits
 714              		.align	2
 715              		.set	.LANCHOR0,. + 0
 718              	_ZL14gXLidarAlpha35:
 719 0000 00000000 		.space	16
 719      00000000 
 719      00000000 
 719      00000000 
 720              		.section	.bss._ZL14gYLidarAlpha35,"aw",%nobits
 721              		.align	2
 722              		.set	.LANCHOR1,. + 0
 725              	_ZL14gYLidarAlpha35:
 726 0000 00000000 		.space	16
 726      00000000 
 726      00000000 
 726      00000000 
 727              		.section	.bss._ZL16gXEncoderAlpha35,"aw",%nobits
 728              		.align	2
 729              		.set	.LANCHOR2,. + 0
 732              	_ZL16gXEncoderAlpha35:
 733 0000 00000000 		.space	16
 733      00000000 
 733      00000000 
 733      00000000 
 734              		.section	.bss._ZL16gYEncoderAlpha35,"aw",%nobits
 735              		.align	2
 736              		.set	.LANCHOR3,. + 0
 739              	_ZL16gYEncoderAlpha35:
 740 0000 00000000 		.space	16
 740      00000000 
 740      00000000 
 740      00000000 
 741              		.section	.bss.gLastPosition,"aw",%nobits
 742              		.align	2
 743              		.set	.LANCHOR6,. + 0
 746              	gLastPosition:
 747 0000 00000000 		.space	12
 747      00000000 
 747      00000000 
 748              		.section	.data.gLast_XEncoderValue,"aw",%progbits
 749              		.align	2
 750              		.set	.LANCHOR4,. + 0
 753              	gLast_XEncoderValue:
 754 0000 00003A43 		.word	1127874560
 755              		.section	.data.gLast_YEncoderValue,"aw",%progbits
 756              		.align	2
ARM GAS  C:\Users\DELL\AppData\Local\Temp\ccYGnx2D.s 			page 21


 757              		.set	.LANCHOR5,. + 0
 760              	gLast_YEncoderValue:
 761 0000 0000C343 		.word	1136852992
 762              		.section	.rodata._ZN14PositionSensor13read_PositionEm.str1.4,"aMS",%progbits,1
 763              		.align	2
 764              	.LC0:
 765 0000 4E6F2044 		.ascii	"No Data Available on x-direction!!\000"
 765      61746120 
 765      41766169 
 765      6C61626C 
 765      65206F6E 
 766 0023 00       		.space	1
 767              	.LC1:
 768 0024 4E6F2044 		.ascii	"No Data Available on y-direction!!\000"
 768      61746120 
 768      41766169 
 768      6C61626C 
 768      65206F6E 
 769              		.text
 770              	.Letext0:
 771              		.file 6 "c:\\program files (x86)\\gnu tools arm embedded\\7 2017-q4-major\\arm-none-eabi\\include\
 772              		.file 7 "c:\\program files (x86)\\gnu tools arm embedded\\7 2017-q4-major\\arm-none-eabi\\include\
 773              		.file 8 "C:/Users/DELL/STM32Cube/Repository/STM32Cube_FW_F4_V1.21.0/Drivers/CMSIS/Include/core_cm4
 774              		.file 9 "C:/Users/DELL/STM32Cube/Repository/STM32Cube_FW_F4_V1.21.0/Drivers/CMSIS/Device/ST/STM32F
 775              		.file 10 "C:/Users/DELL/STM32Cube/Repository/STM32Cube_FW_F4_V1.21.0/Drivers/CMSIS/Device/ST/STM32
 776              		.file 11 "c:\\program files (x86)\\gnu tools arm embedded\\7 2017-q4-major\\arm-none-eabi\\include
 777              		.file 12 "c:\\program files (x86)\\gnu tools arm embedded\\7 2017-q4-major\\arm-none-eabi\\include
 778              		.file 13 "c:\\program files (x86)\\gnu tools arm embedded\\7 2017-q4-major\\lib\\gcc\\arm-none-eab
 779              		.file 14 "c:\\program files (x86)\\gnu tools arm embedded\\7 2017-q4-major\\arm-none-eabi\\include
 780              		.file 15 "C:/Users/DELL/STM32Cube/Repository/STM32Cube_FW_F4_V1.21.0/Drivers/STM32F4xx_HAL_Driver/
 781              		.file 16 "C:/Users/DELL/STM32Cube/Repository/STM32Cube_FW_F4_V1.21.0/Drivers/STM32F4xx_HAL_Driver/
 782              		.file 17 "C:/Users/DELL/STM32Cube/Repository/STM32Cube_FW_F4_V1.21.0/Drivers/STM32F4xx_HAL_Driver/
 783              		.file 18 "C:/Users/DELL/STM32Cube/Repository/STM32Cube_FW_F4_V1.21.0/Drivers/STM32F4xx_HAL_Driver/
 784              		.file 19 "C:/Users/DELL/STM32Cube/Repository/STM32Cube_FW_F4_V1.21.0/Drivers/STM32F4xx_HAL_Driver/
 785              		.file 20 "Core/Inc/devs/position_sensor.h"
 786              		.file 21 "Core/Inc\\periphs/i2c.h"
 787              		.file 22 "Core/Inc/devs/mpu6050.h"
 788              		.file 23 "c:\\program files (x86)\\gnu tools arm embedded\\7 2017-q4-major\\arm-none-eabi\\include
 789              		.file 24 "c:\\program files (x86)\\gnu tools arm embedded\\7 2017-q4-major\\arm-none-eabi\\include
 790              		.file 25 "c:\\program files (x86)\\gnu tools arm embedded\\7 2017-q4-major\\arm-none-eabi\\include
 791              		.file 26 "c:\\program files (x86)\\gnu tools arm embedded\\7 2017-q4-major\\arm-none-eabi\\include
 792              		.file 27 "c:\\program files (x86)\\gnu tools arm embedded\\7 2017-q4-major\\arm-none-eabi\\include
 793              		.file 28 "Core/Inc/utils/mat.h"
 794              		.file 29 "Core/Inc/utils/kalman.h"
 795              		.file 30 "Core/Inc/utils/filter_algorithm.h"
 796              		.file 31 "Core/Inc/periphs/tim.h"
 797              		.file 32 "Core/Inc/devs/a4988.h"
 798              		.file 33 "Core/Inc/devs/hmc5883.h"
 799              		.file 34 "Core/Inc/devs/encoder.h"
 800              		.file 35 "Core/Inc/periphs/usart.h"
 801              		.file 36 "Core/Inc\\devs/wheeler.h"
 802              		.file 37 "Core/Inc/robot/devs_config.h"
 803              		.file 38 "Core/Inc/robot/robo_init.h"
 804              		.file 39 "Core/Inc/robot/robo_states.h"
 805              		.file 40 "Core/Inc/robot/robot.h"
 806              		.file 41 "<built-in>"
ARM GAS  C:\Users\DELL\AppData\Local\Temp\ccYGnx2D.s 			page 22


DEFINED SYMBOLS
                            *ABS*:00000000 position_sensor.cpp
C:\Users\DELL\AppData\Local\Temp\ccYGnx2D.s:18     .text._ZN10Exp_SmoothD2Ev:00000000 $t
C:\Users\DELL\AppData\Local\Temp\ccYGnx2D.s:25     .text._ZN10Exp_SmoothD2Ev:00000000 _ZN10Exp_SmoothD2Ev
C:\Users\DELL\AppData\Local\Temp\ccYGnx2D.s:25     .text._ZN10Exp_SmoothD2Ev:00000000 _ZN10Exp_SmoothD1Ev
C:\Users\DELL\AppData\Local\Temp\ccYGnx2D.s:42     .text._ZN4Vec3IfED2Ev:00000000 $t
C:\Users\DELL\AppData\Local\Temp\ccYGnx2D.s:49     .text._ZN4Vec3IfED2Ev:00000000 _ZN4Vec3IfED2Ev
C:\Users\DELL\AppData\Local\Temp\ccYGnx2D.s:49     .text._ZN4Vec3IfED2Ev:00000000 _ZN4Vec3IfED1Ev
C:\Users\DELL\AppData\Local\Temp\ccYGnx2D.s:66     .text._ZN10Exp_SmoothD0Ev:00000000 $t
C:\Users\DELL\AppData\Local\Temp\ccYGnx2D.s:73     .text._ZN10Exp_SmoothD0Ev:00000000 _ZN10Exp_SmoothD0Ev
C:\Users\DELL\AppData\Local\Temp\ccYGnx2D.s:96     .text._ZNK4Vec3IfE4getXEv:00000000 $t
C:\Users\DELL\AppData\Local\Temp\ccYGnx2D.s:103    .text._ZNK4Vec3IfE4getXEv:00000000 _ZNK4Vec3IfE4getXEv
C:\Users\DELL\AppData\Local\Temp\ccYGnx2D.s:118    .text._ZNK4Vec3IfE4getYEv:00000000 $t
C:\Users\DELL\AppData\Local\Temp\ccYGnx2D.s:125    .text._ZNK4Vec3IfE4getYEv:00000000 _ZNK4Vec3IfE4getYEv
C:\Users\DELL\AppData\Local\Temp\ccYGnx2D.s:140    .text._ZN4Vec3IfE10set_ValuesEfff:00000000 $t
C:\Users\DELL\AppData\Local\Temp\ccYGnx2D.s:147    .text._ZN4Vec3IfE10set_ValuesEfff:00000000 _ZN4Vec3IfE10set_ValuesEfff
C:\Users\DELL\AppData\Local\Temp\ccYGnx2D.s:167    .text._Z41__static_initialization_and_destruction_0ii:00000000 $t
C:\Users\DELL\AppData\Local\Temp\ccYGnx2D.s:173    .text._Z41__static_initialization_and_destruction_0ii:00000000 _Z41__static_initialization_and_destruction_0ii
C:\Users\DELL\AppData\Local\Temp\ccYGnx2D.s:283    .text._Z41__static_initialization_and_destruction_0ii:0000009c $d
C:\Users\DELL\AppData\Local\Temp\ccYGnx2D.s:299    .text._ZN14PositionSensor13read_PositionEm:00000000 $t
C:\Users\DELL\AppData\Local\Temp\ccYGnx2D.s:306    .text._ZN14PositionSensor13read_PositionEm:00000000 _ZN14PositionSensor13read_PositionEm
C:\Users\DELL\AppData\Local\Temp\ccYGnx2D.s:668    .text._ZN14PositionSensor13read_PositionEm:000001a8 $d
C:\Users\DELL\AppData\Local\Temp\ccYGnx2D.s:681    .text._GLOBAL__sub_I_gLast_YEncoderValue:00000000 $t
C:\Users\DELL\AppData\Local\Temp\ccYGnx2D.s:687    .text._GLOBAL__sub_I_gLast_YEncoderValue:00000000 _GLOBAL__sub_I_gLast_YEncoderValue
C:\Users\DELL\AppData\Local\Temp\ccYGnx2D.s:708    .init_array:00000000 $d
C:\Users\DELL\AppData\Local\Temp\ccYGnx2D.s:746    .bss.gLastPosition:00000000 gLastPosition
C:\Users\DELL\AppData\Local\Temp\ccYGnx2D.s:753    .data.gLast_XEncoderValue:00000000 gLast_XEncoderValue
C:\Users\DELL\AppData\Local\Temp\ccYGnx2D.s:760    .data.gLast_YEncoderValue:00000000 gLast_YEncoderValue
C:\Users\DELL\AppData\Local\Temp\ccYGnx2D.s:714    .bss._ZL14gXLidarAlpha35:00000000 $d
C:\Users\DELL\AppData\Local\Temp\ccYGnx2D.s:718    .bss._ZL14gXLidarAlpha35:00000000 _ZL14gXLidarAlpha35
C:\Users\DELL\AppData\Local\Temp\ccYGnx2D.s:721    .bss._ZL14gYLidarAlpha35:00000000 $d
C:\Users\DELL\AppData\Local\Temp\ccYGnx2D.s:725    .bss._ZL14gYLidarAlpha35:00000000 _ZL14gYLidarAlpha35
C:\Users\DELL\AppData\Local\Temp\ccYGnx2D.s:728    .bss._ZL16gXEncoderAlpha35:00000000 $d
C:\Users\DELL\AppData\Local\Temp\ccYGnx2D.s:732    .bss._ZL16gXEncoderAlpha35:00000000 _ZL16gXEncoderAlpha35
C:\Users\DELL\AppData\Local\Temp\ccYGnx2D.s:735    .bss._ZL16gYEncoderAlpha35:00000000 $d
C:\Users\DELL\AppData\Local\Temp\ccYGnx2D.s:739    .bss._ZL16gYEncoderAlpha35:00000000 _ZL16gYEncoderAlpha35
C:\Users\DELL\AppData\Local\Temp\ccYGnx2D.s:742    .bss.gLastPosition:00000000 $d
C:\Users\DELL\AppData\Local\Temp\ccYGnx2D.s:749    .data.gLast_XEncoderValue:00000000 $d
C:\Users\DELL\AppData\Local\Temp\ccYGnx2D.s:756    .data.gLast_YEncoderValue:00000000 $d
C:\Users\DELL\AppData\Local\Temp\ccYGnx2D.s:763    .rodata._ZN14PositionSensor13read_PositionEm.str1.4:00000000 $d
                           .group:00000000 _ZN10Exp_SmoothD5Ev
                           .group:00000000 _ZN4Vec3IfED5Ev

UNDEFINED SYMBOLS
_ZdlPvj
_ZN10Exp_SmoothC1Ef
__aeabi_atexit
__dso_handle
_ZN10Exp_Smooth6smoothERKf
puts
gXDist_Filter
Second_Pass
gYDist_Filter
