ARM GAS  C:\Users\n-is\AppData\Local\Temp\ccklcWZY.s 			page 1


   1              		.cpu cortex-m4
   2              		.eabi_attribute 27, 1
   3              		.eabi_attribute 28, 1
   4              		.eabi_attribute 20, 1
   5              		.eabi_attribute 21, 1
   6              		.eabi_attribute 23, 3
   7              		.eabi_attribute 24, 1
   8              		.eabi_attribute 25, 1
   9              		.eabi_attribute 26, 1
  10              		.eabi_attribute 30, 1
  11              		.eabi_attribute 34, 1
  12              		.eabi_attribute 18, 4
  13              		.file	"gpio.c"
  14              		.text
  15              	.Ltext0:
  16              		.cfi_sections	.debug_frame
  17              		.section	.text.MX_GPIO_Init,"ax",%progbits
  18              		.align	1
  19              		.global	MX_GPIO_Init
  20              		.syntax unified
  21              		.thumb
  22              		.thumb_func
  23              		.fpu fpv4-sp-d16
  25              	MX_GPIO_Init:
  26              	.LFB126:
  27              		.file 1 "Core/Src/gpio.c"
   1:Core/Src/gpio.c **** /**
   2:Core/Src/gpio.c ****   ******************************************************************************
   3:Core/Src/gpio.c ****   * File Name          : gpio.c
   4:Core/Src/gpio.c ****   * Description        : This file provides code for the configuration
   5:Core/Src/gpio.c ****   *                      of all used GPIO pins.
   6:Core/Src/gpio.c ****   ******************************************************************************
   7:Core/Src/gpio.c ****   ** This notice applies to any and all portions of this file
   8:Core/Src/gpio.c ****   * that are not between comment pairs USER CODE BEGIN and
   9:Core/Src/gpio.c ****   * USER CODE END. Other portions of this file, whether 
  10:Core/Src/gpio.c ****   * inserted by the user or by software development tools
  11:Core/Src/gpio.c ****   * are owned by their respective copyright owners.
  12:Core/Src/gpio.c ****   *
  13:Core/Src/gpio.c ****   * COPYRIGHT(c) 2018 STMicroelectronics
  14:Core/Src/gpio.c ****   *
  15:Core/Src/gpio.c ****   * Redistribution and use in source and binary forms, with or without modification,
  16:Core/Src/gpio.c ****   * are permitted provided that the following conditions are met:
  17:Core/Src/gpio.c ****   *   1. Redistributions of source code must retain the above copyright notice,
  18:Core/Src/gpio.c ****   *      this list of conditions and the following disclaimer.
  19:Core/Src/gpio.c ****   *   2. Redistributions in binary form must reproduce the above copyright notice,
  20:Core/Src/gpio.c ****   *      this list of conditions and the following disclaimer in the documentation
  21:Core/Src/gpio.c ****   *      and/or other materials provided with the distribution.
  22:Core/Src/gpio.c ****   *   3. Neither the name of STMicroelectronics nor the names of its contributors
  23:Core/Src/gpio.c ****   *      may be used to endorse or promote products derived from this software
  24:Core/Src/gpio.c ****   *      without specific prior written permission.
  25:Core/Src/gpio.c ****   *
  26:Core/Src/gpio.c ****   * THIS SOFTWARE IS PROVIDED BY THE COPYRIGHT HOLDERS AND CONTRIBUTORS "AS IS"
  27:Core/Src/gpio.c ****   * AND ANY EXPRESS OR IMPLIED WARRANTIES, INCLUDING, BUT NOT LIMITED TO, THE
  28:Core/Src/gpio.c ****   * IMPLIED WARRANTIES OF MERCHANTABILITY AND FITNESS FOR A PARTICULAR PURPOSE ARE
  29:Core/Src/gpio.c ****   * DISCLAIMED. IN NO EVENT SHALL THE COPYRIGHT HOLDER OR CONTRIBUTORS BE LIABLE
  30:Core/Src/gpio.c ****   * FOR ANY DIRECT, INDIRECT, INCIDENTAL, SPECIAL, EXEMPLARY, OR CONSEQUENTIAL
  31:Core/Src/gpio.c ****   * DAMAGES (INCLUDING, BUT NOT LIMITED TO, PROCUREMENT OF SUBSTITUTE GOODS OR
ARM GAS  C:\Users\n-is\AppData\Local\Temp\ccklcWZY.s 			page 2


  32:Core/Src/gpio.c ****   * SERVICES; LOSS OF USE, DATA, OR PROFITS; OR BUSINESS INTERRUPTION) HOWEVER
  33:Core/Src/gpio.c ****   * CAUSED AND ON ANY THEORY OF LIABILITY, WHETHER IN CONTRACT, STRICT LIABILITY,
  34:Core/Src/gpio.c ****   * OR TORT (INCLUDING NEGLIGENCE OR OTHERWISE) ARISING IN ANY WAY OUT OF THE USE
  35:Core/Src/gpio.c ****   * OF THIS SOFTWARE, EVEN IF ADVISED OF THE POSSIBILITY OF SUCH DAMAGE.
  36:Core/Src/gpio.c ****   *
  37:Core/Src/gpio.c ****   ******************************************************************************
  38:Core/Src/gpio.c ****   */
  39:Core/Src/gpio.c **** 
  40:Core/Src/gpio.c **** /* Includes ------------------------------------------------------------------*/
  41:Core/Src/gpio.c **** #include "gpio.h"
  42:Core/Src/gpio.c **** /* USER CODE BEGIN 0 */
  43:Core/Src/gpio.c **** 
  44:Core/Src/gpio.c **** /* USER CODE END 0 */
  45:Core/Src/gpio.c **** 
  46:Core/Src/gpio.c **** /*----------------------------------------------------------------------------*/
  47:Core/Src/gpio.c **** /* Configure GPIO                                                             */
  48:Core/Src/gpio.c **** /*----------------------------------------------------------------------------*/
  49:Core/Src/gpio.c **** /* USER CODE BEGIN 1 */
  50:Core/Src/gpio.c **** 
  51:Core/Src/gpio.c **** /* USER CODE END 1 */
  52:Core/Src/gpio.c **** 
  53:Core/Src/gpio.c **** /** Configure pins as 
  54:Core/Src/gpio.c ****         * Analog 
  55:Core/Src/gpio.c ****         * Input 
  56:Core/Src/gpio.c ****         * Output
  57:Core/Src/gpio.c ****         * EVENT_OUT
  58:Core/Src/gpio.c ****         * EXTI
  59:Core/Src/gpio.c ****         * Free pins are configured automatically as Analog (this feature is enabled through 
  60:Core/Src/gpio.c ****         * the Code Generation settings)
  61:Core/Src/gpio.c **** */
  62:Core/Src/gpio.c **** void MX_GPIO_Init(void)
  63:Core/Src/gpio.c **** {
  28              		.loc 1 63 0
  29              		.cfi_startproc
  30              		@ args = 0, pretend = 0, frame = 48
  31              		@ frame_needed = 0, uses_anonymous_args = 0
  32 0000 2DE9F04F 		push	{r4, r5, r6, r7, r8, r9, r10, fp, lr}
  33              	.LCFI0:
  34              		.cfi_def_cfa_offset 36
  35              		.cfi_offset 4, -36
  36              		.cfi_offset 5, -32
  37              		.cfi_offset 6, -28
  38              		.cfi_offset 7, -24
  39              		.cfi_offset 8, -20
  40              		.cfi_offset 9, -16
  41              		.cfi_offset 10, -12
  42              		.cfi_offset 11, -8
  43              		.cfi_offset 14, -4
  44 0004 8DB0     		sub	sp, sp, #52
  45              	.LCFI1:
  46              		.cfi_def_cfa_offset 88
  47              	.LBB2:
  64:Core/Src/gpio.c **** 
  65:Core/Src/gpio.c ****   GPIO_InitTypeDef GPIO_InitStruct;
  66:Core/Src/gpio.c **** 
  67:Core/Src/gpio.c ****   /* GPIO Ports Clock Enable */
  68:Core/Src/gpio.c ****   __HAL_RCC_GPIOE_CLK_ENABLE();
ARM GAS  C:\Users\n-is\AppData\Local\Temp\ccklcWZY.s 			page 3


  48              		.loc 1 68 0
  49 0006 0024     		movs	r4, #0
  50 0008 0194     		str	r4, [sp, #4]
  51 000a 784B     		ldr	r3, .L3
  52 000c 1A6B     		ldr	r2, [r3, #48]
  53 000e 42F01002 		orr	r2, r2, #16
  54 0012 1A63     		str	r2, [r3, #48]
  55 0014 1A6B     		ldr	r2, [r3, #48]
  56 0016 02F01002 		and	r2, r2, #16
  57 001a 0192     		str	r2, [sp, #4]
  58 001c 019A     		ldr	r2, [sp, #4]
  59              	.LBE2:
  60              	.LBB3:
  69:Core/Src/gpio.c ****   __HAL_RCC_GPIOC_CLK_ENABLE();
  61              		.loc 1 69 0
  62 001e 0294     		str	r4, [sp, #8]
  63 0020 1A6B     		ldr	r2, [r3, #48]
  64 0022 42F00402 		orr	r2, r2, #4
  65 0026 1A63     		str	r2, [r3, #48]
  66 0028 1A6B     		ldr	r2, [r3, #48]
  67 002a 02F00402 		and	r2, r2, #4
  68 002e 0292     		str	r2, [sp, #8]
  69 0030 029A     		ldr	r2, [sp, #8]
  70              	.LBE3:
  71              	.LBB4:
  70:Core/Src/gpio.c ****   __HAL_RCC_GPIOH_CLK_ENABLE();
  72              		.loc 1 70 0
  73 0032 0394     		str	r4, [sp, #12]
  74 0034 1A6B     		ldr	r2, [r3, #48]
  75 0036 42F08002 		orr	r2, r2, #128
  76 003a 1A63     		str	r2, [r3, #48]
  77 003c 1A6B     		ldr	r2, [r3, #48]
  78 003e 02F08002 		and	r2, r2, #128
  79 0042 0392     		str	r2, [sp, #12]
  80 0044 039A     		ldr	r2, [sp, #12]
  81              	.LBE4:
  82              	.LBB5:
  71:Core/Src/gpio.c ****   __HAL_RCC_GPIOA_CLK_ENABLE();
  83              		.loc 1 71 0
  84 0046 0494     		str	r4, [sp, #16]
  85 0048 1A6B     		ldr	r2, [r3, #48]
  86 004a 42F00102 		orr	r2, r2, #1
  87 004e 1A63     		str	r2, [r3, #48]
  88 0050 1A6B     		ldr	r2, [r3, #48]
  89 0052 02F00102 		and	r2, r2, #1
  90 0056 0492     		str	r2, [sp, #16]
  91 0058 049A     		ldr	r2, [sp, #16]
  92              	.LBE5:
  93              	.LBB6:
  72:Core/Src/gpio.c ****   __HAL_RCC_GPIOB_CLK_ENABLE();
  94              		.loc 1 72 0
  95 005a 0594     		str	r4, [sp, #20]
  96 005c 1A6B     		ldr	r2, [r3, #48]
  97 005e 42F00202 		orr	r2, r2, #2
  98 0062 1A63     		str	r2, [r3, #48]
  99 0064 1A6B     		ldr	r2, [r3, #48]
 100 0066 02F00202 		and	r2, r2, #2
ARM GAS  C:\Users\n-is\AppData\Local\Temp\ccklcWZY.s 			page 4


 101 006a 0592     		str	r2, [sp, #20]
 102 006c 059A     		ldr	r2, [sp, #20]
 103              	.LBE6:
 104              	.LBB7:
  73:Core/Src/gpio.c ****   __HAL_RCC_GPIOD_CLK_ENABLE();
 105              		.loc 1 73 0
 106 006e 0694     		str	r4, [sp, #24]
 107 0070 1A6B     		ldr	r2, [r3, #48]
 108 0072 42F00802 		orr	r2, r2, #8
 109 0076 1A63     		str	r2, [r3, #48]
 110 0078 1B6B     		ldr	r3, [r3, #48]
 111 007a 03F00803 		and	r3, r3, #8
 112 007e 0693     		str	r3, [sp, #24]
 113 0080 069B     		ldr	r3, [sp, #24]
 114              	.LBE7:
  74:Core/Src/gpio.c **** 
  75:Core/Src/gpio.c ****   /*Configure GPIO pin Output Level */
  76:Core/Src/gpio.c ****   HAL_GPIO_WritePin(GPIOA, GPIO_PIN_0|GPIO_PIN_6, GPIO_PIN_RESET);
 115              		.loc 1 76 0
 116 0082 DFF87491 		ldr	r9, .L3+12
 117 0086 2246     		mov	r2, r4
 118 0088 4121     		movs	r1, #65
 119 008a 4846     		mov	r0, r9
 120 008c FFF7FEFF 		bl	HAL_GPIO_WritePin
 121              	.LVL0:
  77:Core/Src/gpio.c **** 
  78:Core/Src/gpio.c ****   /*Configure GPIO pin Output Level */
  79:Core/Src/gpio.c ****   HAL_GPIO_WritePin(GPIOD, GPIO_PIN_12|MOTOR2_IN2_Pin|MOTOR3_IN1_Pin|MOTOR1_IN1_Pin 
 122              		.loc 1 79 0
 123 0090 DFF86881 		ldr	r8, .L3+16
 124 0094 2246     		mov	r2, r4
 125 0096 4DF2AA01 		movw	r1, #53418
 126 009a 4046     		mov	r0, r8
 127 009c FFF7FEFF 		bl	HAL_GPIO_WritePin
 128              	.LVL1:
  80:Core/Src/gpio.c ****                           |MOTOR1_IN2_Pin|MOTOR2_IN1_Pin|MOTOR3_IN2_Pin, GPIO_PIN_RESET);
  81:Core/Src/gpio.c **** 
  82:Core/Src/gpio.c ****   /*Configure GPIO pin Output Level */
  83:Core/Src/gpio.c ****   HAL_GPIO_WritePin(GPIOC, MOTOR4_IN1_Pin|MOTOR4_IN2_Pin, GPIO_PIN_RESET);
 129              		.loc 1 83 0
 130 00a0 DFF85CA1 		ldr	r10, .L3+20
 131 00a4 2246     		mov	r2, r4
 132 00a6 4FF4A051 		mov	r1, #5120
 133 00aa 5046     		mov	r0, r10
 134 00ac FFF7FEFF 		bl	HAL_GPIO_WritePin
 135              	.LVL2:
  84:Core/Src/gpio.c **** 
  85:Core/Src/gpio.c ****   /*Configure GPIO pin Output Level */
  86:Core/Src/gpio.c ****   HAL_GPIO_WritePin(GPIOE, GPIO_PIN_0, GPIO_PIN_RESET);
 136              		.loc 1 86 0
 137 00b0 4F4D     		ldr	r5, .L3+4
 138 00b2 2246     		mov	r2, r4
 139 00b4 0121     		movs	r1, #1
 140 00b6 2846     		mov	r0, r5
 141 00b8 FFF7FEFF 		bl	HAL_GPIO_WritePin
 142              	.LVL3:
  87:Core/Src/gpio.c **** 
ARM GAS  C:\Users\n-is\AppData\Local\Temp\ccklcWZY.s 			page 5


  88:Core/Src/gpio.c ****   /*Configure GPIO pins : PE2 PE3 PE4 PE5 
  89:Core/Src/gpio.c ****                            PE6 PE7 PE8 PE10 
  90:Core/Src/gpio.c ****                            PE12 PE13 PE14 PE15 
  91:Core/Src/gpio.c ****                            PE1 */
  92:Core/Src/gpio.c ****   GPIO_InitStruct.Pin = GPIO_PIN_2|GPIO_PIN_3|GPIO_PIN_4|GPIO_PIN_5 
 143              		.loc 1 92 0
 144 00bc 4FF2FE53 		movw	r3, #62974
 145 00c0 0793     		str	r3, [sp, #28]
  93:Core/Src/gpio.c ****                           |GPIO_PIN_6|GPIO_PIN_7|GPIO_PIN_8|GPIO_PIN_10 
  94:Core/Src/gpio.c ****                           |GPIO_PIN_12|GPIO_PIN_13|GPIO_PIN_14|GPIO_PIN_15 
  95:Core/Src/gpio.c ****                           |GPIO_PIN_1;
  96:Core/Src/gpio.c ****   GPIO_InitStruct.Mode = GPIO_MODE_ANALOG;
 146              		.loc 1 96 0
 147 00c2 0327     		movs	r7, #3
 148 00c4 0897     		str	r7, [sp, #32]
  97:Core/Src/gpio.c ****   GPIO_InitStruct.Pull = GPIO_NOPULL;
 149              		.loc 1 97 0
 150 00c6 0994     		str	r4, [sp, #36]
  98:Core/Src/gpio.c ****   HAL_GPIO_Init(GPIOE, &GPIO_InitStruct);
 151              		.loc 1 98 0
 152 00c8 07A9     		add	r1, sp, #28
 153 00ca 2846     		mov	r0, r5
 154 00cc FFF7FEFF 		bl	HAL_GPIO_Init
 155              	.LVL4:
  99:Core/Src/gpio.c **** 
 100:Core/Src/gpio.c ****   /*Configure GPIO pins : PC13 PC14 PC15 PC0 
 101:Core/Src/gpio.c ****                            PC1 PC2 PC3 PC5 
 102:Core/Src/gpio.c ****                            PC11 */
 103:Core/Src/gpio.c ****   GPIO_InitStruct.Pin = GPIO_PIN_13|GPIO_PIN_14|GPIO_PIN_15|GPIO_PIN_0 
 156              		.loc 1 103 0
 157 00d0 4EF62F03 		movw	r3, #59439
 158 00d4 0793     		str	r3, [sp, #28]
 104:Core/Src/gpio.c ****                           |GPIO_PIN_1|GPIO_PIN_2|GPIO_PIN_3|GPIO_PIN_5 
 105:Core/Src/gpio.c ****                           |GPIO_PIN_11;
 106:Core/Src/gpio.c ****   GPIO_InitStruct.Mode = GPIO_MODE_ANALOG;
 159              		.loc 1 106 0
 160 00d6 0897     		str	r7, [sp, #32]
 107:Core/Src/gpio.c ****   GPIO_InitStruct.Pull = GPIO_NOPULL;
 161              		.loc 1 107 0
 162 00d8 0994     		str	r4, [sp, #36]
 108:Core/Src/gpio.c ****   HAL_GPIO_Init(GPIOC, &GPIO_InitStruct);
 163              		.loc 1 108 0
 164 00da 07A9     		add	r1, sp, #28
 165 00dc 5046     		mov	r0, r10
 166 00de FFF7FEFF 		bl	HAL_GPIO_Init
 167              	.LVL5:
 109:Core/Src/gpio.c **** 
 110:Core/Src/gpio.c ****   /*Configure GPIO pins : PA0 PA6 */
 111:Core/Src/gpio.c ****   GPIO_InitStruct.Pin = GPIO_PIN_0|GPIO_PIN_6;
 168              		.loc 1 111 0
 169 00e2 4123     		movs	r3, #65
 170 00e4 0793     		str	r3, [sp, #28]
 112:Core/Src/gpio.c ****   GPIO_InitStruct.Mode = GPIO_MODE_OUTPUT_PP;
 171              		.loc 1 112 0
 172 00e6 0126     		movs	r6, #1
 173 00e8 0896     		str	r6, [sp, #32]
 113:Core/Src/gpio.c ****   GPIO_InitStruct.Pull = GPIO_NOPULL;
ARM GAS  C:\Users\n-is\AppData\Local\Temp\ccklcWZY.s 			page 6


 174              		.loc 1 113 0
 175 00ea 0994     		str	r4, [sp, #36]
 114:Core/Src/gpio.c ****   GPIO_InitStruct.Speed = GPIO_SPEED_FREQ_LOW;
 176              		.loc 1 114 0
 177 00ec 0A94     		str	r4, [sp, #40]
 115:Core/Src/gpio.c ****   HAL_GPIO_Init(GPIOA, &GPIO_InitStruct);
 178              		.loc 1 115 0
 179 00ee 07A9     		add	r1, sp, #28
 180 00f0 4846     		mov	r0, r9
 181 00f2 FFF7FEFF 		bl	HAL_GPIO_Init
 182              	.LVL6:
 116:Core/Src/gpio.c **** 
 117:Core/Src/gpio.c ****   /*Configure GPIO pins : PA1 PA7 */
 118:Core/Src/gpio.c ****   GPIO_InitStruct.Pin = GPIO_PIN_1|GPIO_PIN_7;
 183              		.loc 1 118 0
 184 00f6 8223     		movs	r3, #130
 185 00f8 0793     		str	r3, [sp, #28]
 119:Core/Src/gpio.c ****   GPIO_InitStruct.Mode = GPIO_MODE_IT_RISING;
 186              		.loc 1 119 0
 187 00fa DFF808B1 		ldr	fp, .L3+24
 188 00fe CDF820B0 		str	fp, [sp, #32]
 120:Core/Src/gpio.c ****   GPIO_InitStruct.Pull = GPIO_NOPULL;
 189              		.loc 1 120 0
 190 0102 0994     		str	r4, [sp, #36]
 121:Core/Src/gpio.c ****   HAL_GPIO_Init(GPIOA, &GPIO_InitStruct);
 191              		.loc 1 121 0
 192 0104 07A9     		add	r1, sp, #28
 193 0106 4846     		mov	r0, r9
 194 0108 FFF7FEFF 		bl	HAL_GPIO_Init
 195              	.LVL7:
 122:Core/Src/gpio.c **** 
 123:Core/Src/gpio.c ****   /*Configure GPIO pins : PA2 PA3 PA4 PA5 
 124:Core/Src/gpio.c ****                            PA8 PA11 PA12 PA15 */
 125:Core/Src/gpio.c ****   GPIO_InitStruct.Pin = GPIO_PIN_2|GPIO_PIN_3|GPIO_PIN_4|GPIO_PIN_5 
 196              		.loc 1 125 0
 197 010c 49F63C13 		movw	r3, #39228
 198 0110 0793     		str	r3, [sp, #28]
 126:Core/Src/gpio.c ****                           |GPIO_PIN_8|GPIO_PIN_11|GPIO_PIN_12|GPIO_PIN_15;
 127:Core/Src/gpio.c ****   GPIO_InitStruct.Mode = GPIO_MODE_ANALOG;
 199              		.loc 1 127 0
 200 0112 0897     		str	r7, [sp, #32]
 128:Core/Src/gpio.c ****   GPIO_InitStruct.Pull = GPIO_NOPULL;
 201              		.loc 1 128 0
 202 0114 0994     		str	r4, [sp, #36]
 129:Core/Src/gpio.c ****   HAL_GPIO_Init(GPIOA, &GPIO_InitStruct);
 203              		.loc 1 129 0
 204 0116 07A9     		add	r1, sp, #28
 205 0118 4846     		mov	r0, r9
 206 011a FFF7FEFF 		bl	HAL_GPIO_Init
 207              	.LVL8:
 130:Core/Src/gpio.c **** 
 131:Core/Src/gpio.c ****   /*Configure GPIO pins : PB0 PB1 PB2 PB12 
 132:Core/Src/gpio.c ****                            PB13 PB14 PB15 PB4 
 133:Core/Src/gpio.c ****                            PB5 PB6 PB7 PB8 
 134:Core/Src/gpio.c ****                            PB9 */
 135:Core/Src/gpio.c ****   GPIO_InitStruct.Pin = GPIO_PIN_0|GPIO_PIN_1|GPIO_PIN_2|GPIO_PIN_12 
 208              		.loc 1 135 0
ARM GAS  C:\Users\n-is\AppData\Local\Temp\ccklcWZY.s 			page 7


 209 011e 4FF2F733 		movw	r3, #62455
 210 0122 0793     		str	r3, [sp, #28]
 136:Core/Src/gpio.c ****                           |GPIO_PIN_13|GPIO_PIN_14|GPIO_PIN_15|GPIO_PIN_4 
 137:Core/Src/gpio.c ****                           |GPIO_PIN_5|GPIO_PIN_6|GPIO_PIN_7|GPIO_PIN_8 
 138:Core/Src/gpio.c ****                           |GPIO_PIN_9;
 139:Core/Src/gpio.c ****   GPIO_InitStruct.Mode = GPIO_MODE_ANALOG;
 211              		.loc 1 139 0
 212 0124 0897     		str	r7, [sp, #32]
 140:Core/Src/gpio.c ****   GPIO_InitStruct.Pull = GPIO_NOPULL;
 213              		.loc 1 140 0
 214 0126 0994     		str	r4, [sp, #36]
 141:Core/Src/gpio.c ****   HAL_GPIO_Init(GPIOB, &GPIO_InitStruct);
 215              		.loc 1 141 0
 216 0128 07A9     		add	r1, sp, #28
 217 012a 3248     		ldr	r0, .L3+8
 218 012c FFF7FEFF 		bl	HAL_GPIO_Init
 219              	.LVL9:
 142:Core/Src/gpio.c **** 
 143:Core/Src/gpio.c ****   /*Configure GPIO pin : PE9 */
 144:Core/Src/gpio.c ****   GPIO_InitStruct.Pin = GPIO_PIN_9;
 220              		.loc 1 144 0
 221 0130 4FF40073 		mov	r3, #512
 222 0134 0793     		str	r3, [sp, #28]
 145:Core/Src/gpio.c ****   GPIO_InitStruct.Mode = GPIO_MODE_INPUT;
 223              		.loc 1 145 0
 224 0136 0894     		str	r4, [sp, #32]
 146:Core/Src/gpio.c ****   GPIO_InitStruct.Pull = GPIO_NOPULL;
 225              		.loc 1 146 0
 226 0138 0994     		str	r4, [sp, #36]
 147:Core/Src/gpio.c ****   HAL_GPIO_Init(GPIOE, &GPIO_InitStruct);
 227              		.loc 1 147 0
 228 013a 07A9     		add	r1, sp, #28
 229 013c 2846     		mov	r0, r5
 230 013e FFF7FEFF 		bl	HAL_GPIO_Init
 231              	.LVL10:
 148:Core/Src/gpio.c **** 
 149:Core/Src/gpio.c ****   /*Configure GPIO pin : PE11 */
 150:Core/Src/gpio.c ****   GPIO_InitStruct.Pin = GPIO_PIN_11;
 232              		.loc 1 150 0
 233 0142 4FF40063 		mov	r3, #2048
 234 0146 0793     		str	r3, [sp, #28]
 151:Core/Src/gpio.c ****   GPIO_InitStruct.Mode = GPIO_MODE_IT_RISING;
 235              		.loc 1 151 0
 236 0148 CDF820B0 		str	fp, [sp, #32]
 152:Core/Src/gpio.c ****   GPIO_InitStruct.Pull = GPIO_NOPULL;
 237              		.loc 1 152 0
 238 014c 0994     		str	r4, [sp, #36]
 153:Core/Src/gpio.c ****   HAL_GPIO_Init(GPIOE, &GPIO_InitStruct);
 239              		.loc 1 153 0
 240 014e 07A9     		add	r1, sp, #28
 241 0150 2846     		mov	r0, r5
 242 0152 FFF7FEFF 		bl	HAL_GPIO_Init
 243              	.LVL11:
 154:Core/Src/gpio.c **** 
 155:Core/Src/gpio.c ****   /*Configure GPIO pins : PD8 PD9 PD10 PD11 
 156:Core/Src/gpio.c ****                            PD0 PD2 PD4 PD6 */
 157:Core/Src/gpio.c ****   GPIO_InitStruct.Pin = GPIO_PIN_8|GPIO_PIN_9|GPIO_PIN_10|GPIO_PIN_11 
ARM GAS  C:\Users\n-is\AppData\Local\Temp\ccklcWZY.s 			page 8


 244              		.loc 1 157 0
 245 0156 40F65573 		movw	r3, #3925
 246 015a 0793     		str	r3, [sp, #28]
 158:Core/Src/gpio.c ****                           |GPIO_PIN_0|GPIO_PIN_2|GPIO_PIN_4|GPIO_PIN_6;
 159:Core/Src/gpio.c ****   GPIO_InitStruct.Mode = GPIO_MODE_ANALOG;
 247              		.loc 1 159 0
 248 015c 0897     		str	r7, [sp, #32]
 160:Core/Src/gpio.c ****   GPIO_InitStruct.Pull = GPIO_NOPULL;
 249              		.loc 1 160 0
 250 015e 0994     		str	r4, [sp, #36]
 161:Core/Src/gpio.c ****   HAL_GPIO_Init(GPIOD, &GPIO_InitStruct);
 251              		.loc 1 161 0
 252 0160 07A9     		add	r1, sp, #28
 253 0162 4046     		mov	r0, r8
 254 0164 FFF7FEFF 		bl	HAL_GPIO_Init
 255              	.LVL12:
 162:Core/Src/gpio.c **** 
 163:Core/Src/gpio.c ****   /*Configure GPIO pins : PD12 PDPin PDPin PDPin 
 164:Core/Src/gpio.c ****                            PDPin PDPin PDPin */
 165:Core/Src/gpio.c ****   GPIO_InitStruct.Pin = GPIO_PIN_12|MOTOR2_IN2_Pin|MOTOR3_IN1_Pin|MOTOR1_IN1_Pin 
 256              		.loc 1 165 0
 257 0168 4DF2AA03 		movw	r3, #53418
 258 016c 0793     		str	r3, [sp, #28]
 166:Core/Src/gpio.c ****                           |MOTOR1_IN2_Pin|MOTOR2_IN1_Pin|MOTOR3_IN2_Pin;
 167:Core/Src/gpio.c ****   GPIO_InitStruct.Mode = GPIO_MODE_OUTPUT_PP;
 259              		.loc 1 167 0
 260 016e 0896     		str	r6, [sp, #32]
 168:Core/Src/gpio.c ****   GPIO_InitStruct.Pull = GPIO_NOPULL;
 261              		.loc 1 168 0
 262 0170 0994     		str	r4, [sp, #36]
 169:Core/Src/gpio.c ****   GPIO_InitStruct.Speed = GPIO_SPEED_FREQ_LOW;
 263              		.loc 1 169 0
 264 0172 0A94     		str	r4, [sp, #40]
 170:Core/Src/gpio.c ****   HAL_GPIO_Init(GPIOD, &GPIO_InitStruct);
 265              		.loc 1 170 0
 266 0174 07A9     		add	r1, sp, #28
 267 0176 4046     		mov	r0, r8
 268 0178 FFF7FEFF 		bl	HAL_GPIO_Init
 269              	.LVL13:
 171:Core/Src/gpio.c **** 
 172:Core/Src/gpio.c ****   /*Configure GPIO pin : PD13 */
 173:Core/Src/gpio.c ****   GPIO_InitStruct.Pin = GPIO_PIN_13;
 270              		.loc 1 173 0
 271 017c 4FF40053 		mov	r3, #8192
 272 0180 0793     		str	r3, [sp, #28]
 174:Core/Src/gpio.c ****   GPIO_InitStruct.Mode = GPIO_MODE_IT_RISING;
 273              		.loc 1 174 0
 274 0182 CDF820B0 		str	fp, [sp, #32]
 175:Core/Src/gpio.c ****   GPIO_InitStruct.Pull = GPIO_NOPULL;
 275              		.loc 1 175 0
 276 0186 0994     		str	r4, [sp, #36]
 176:Core/Src/gpio.c ****   HAL_GPIO_Init(GPIOD, &GPIO_InitStruct);
 277              		.loc 1 176 0
 278 0188 07A9     		add	r1, sp, #28
 279 018a 4046     		mov	r0, r8
 280 018c FFF7FEFF 		bl	HAL_GPIO_Init
 281              	.LVL14:
ARM GAS  C:\Users\n-is\AppData\Local\Temp\ccklcWZY.s 			page 9


 177:Core/Src/gpio.c **** 
 178:Core/Src/gpio.c ****   /*Configure GPIO pins : PCPin PCPin */
 179:Core/Src/gpio.c ****   GPIO_InitStruct.Pin = MOTOR4_IN1_Pin|MOTOR4_IN2_Pin;
 282              		.loc 1 179 0
 283 0190 4FF4A053 		mov	r3, #5120
 284 0194 0793     		str	r3, [sp, #28]
 180:Core/Src/gpio.c ****   GPIO_InitStruct.Mode = GPIO_MODE_OUTPUT_PP;
 285              		.loc 1 180 0
 286 0196 0896     		str	r6, [sp, #32]
 181:Core/Src/gpio.c ****   GPIO_InitStruct.Pull = GPIO_NOPULL;
 287              		.loc 1 181 0
 288 0198 0994     		str	r4, [sp, #36]
 182:Core/Src/gpio.c ****   GPIO_InitStruct.Speed = GPIO_SPEED_FREQ_LOW;
 289              		.loc 1 182 0
 290 019a 0A94     		str	r4, [sp, #40]
 183:Core/Src/gpio.c ****   HAL_GPIO_Init(GPIOC, &GPIO_InitStruct);
 291              		.loc 1 183 0
 292 019c 07A9     		add	r1, sp, #28
 293 019e 5046     		mov	r0, r10
 294 01a0 FFF7FEFF 		bl	HAL_GPIO_Init
 295              	.LVL15:
 184:Core/Src/gpio.c **** 
 185:Core/Src/gpio.c ****   /*Configure GPIO pin : PE0 */
 186:Core/Src/gpio.c ****   GPIO_InitStruct.Pin = GPIO_PIN_0;
 296              		.loc 1 186 0
 297 01a4 0796     		str	r6, [sp, #28]
 187:Core/Src/gpio.c ****   GPIO_InitStruct.Mode = GPIO_MODE_OUTPUT_PP;
 298              		.loc 1 187 0
 299 01a6 0896     		str	r6, [sp, #32]
 188:Core/Src/gpio.c ****   GPIO_InitStruct.Pull = GPIO_NOPULL;
 300              		.loc 1 188 0
 301 01a8 0994     		str	r4, [sp, #36]
 189:Core/Src/gpio.c ****   GPIO_InitStruct.Speed = GPIO_SPEED_FREQ_LOW;
 302              		.loc 1 189 0
 303 01aa 0A94     		str	r4, [sp, #40]
 190:Core/Src/gpio.c ****   HAL_GPIO_Init(GPIOE, &GPIO_InitStruct);
 304              		.loc 1 190 0
 305 01ac 07A9     		add	r1, sp, #28
 306 01ae 2846     		mov	r0, r5
 307 01b0 FFF7FEFF 		bl	HAL_GPIO_Init
 308              	.LVL16:
 191:Core/Src/gpio.c **** 
 192:Core/Src/gpio.c ****   /* EXTI interrupt init*/
 193:Core/Src/gpio.c ****   HAL_NVIC_SetPriority(EXTI1_IRQn, 0, 0);
 309              		.loc 1 193 0
 310 01b4 2246     		mov	r2, r4
 311 01b6 2146     		mov	r1, r4
 312 01b8 0720     		movs	r0, #7
 313 01ba FFF7FEFF 		bl	HAL_NVIC_SetPriority
 314              	.LVL17:
 194:Core/Src/gpio.c ****   HAL_NVIC_EnableIRQ(EXTI1_IRQn);
 315              		.loc 1 194 0
 316 01be 0720     		movs	r0, #7
 317 01c0 FFF7FEFF 		bl	HAL_NVIC_EnableIRQ
 318              	.LVL18:
 195:Core/Src/gpio.c **** 
 196:Core/Src/gpio.c ****   HAL_NVIC_SetPriority(EXTI9_5_IRQn, 0, 0);
ARM GAS  C:\Users\n-is\AppData\Local\Temp\ccklcWZY.s 			page 10


 319              		.loc 1 196 0
 320 01c4 2246     		mov	r2, r4
 321 01c6 2146     		mov	r1, r4
 322 01c8 1720     		movs	r0, #23
 323 01ca FFF7FEFF 		bl	HAL_NVIC_SetPriority
 324              	.LVL19:
 197:Core/Src/gpio.c ****   HAL_NVIC_EnableIRQ(EXTI9_5_IRQn);
 325              		.loc 1 197 0
 326 01ce 1720     		movs	r0, #23
 327 01d0 FFF7FEFF 		bl	HAL_NVIC_EnableIRQ
 328              	.LVL20:
 198:Core/Src/gpio.c **** 
 199:Core/Src/gpio.c ****   HAL_NVIC_SetPriority(EXTI15_10_IRQn, 0, 0);
 329              		.loc 1 199 0
 330 01d4 2246     		mov	r2, r4
 331 01d6 2146     		mov	r1, r4
 332 01d8 2820     		movs	r0, #40
 333 01da FFF7FEFF 		bl	HAL_NVIC_SetPriority
 334              	.LVL21:
 200:Core/Src/gpio.c ****   HAL_NVIC_EnableIRQ(EXTI15_10_IRQn);
 335              		.loc 1 200 0
 336 01de 2820     		movs	r0, #40
 337 01e0 FFF7FEFF 		bl	HAL_NVIC_EnableIRQ
 338              	.LVL22:
 201:Core/Src/gpio.c **** 
 202:Core/Src/gpio.c **** }
 339              		.loc 1 202 0
 340 01e4 0DB0     		add	sp, sp, #52
 341              	.LCFI2:
 342              		.cfi_def_cfa_offset 36
 343              		@ sp needed
 344 01e6 BDE8F08F 		pop	{r4, r5, r6, r7, r8, r9, r10, fp, pc}
 345              	.L4:
 346 01ea 00BF     		.align	2
 347              	.L3:
 348 01ec 00380240 		.word	1073887232
 349 01f0 00100240 		.word	1073876992
 350 01f4 00040240 		.word	1073873920
 351 01f8 00000240 		.word	1073872896
 352 01fc 000C0240 		.word	1073875968
 353 0200 00080240 		.word	1073874944
 354 0204 00001110 		.word	269549568
 355              		.cfi_endproc
 356              	.LFE126:
 358              		.text
 359              	.Letext0:
 360              		.file 2 "c:\\program files (x86)\\gnu tools arm embedded\\7 2018-q2-update\\arm-none-eabi\\include
 361              		.file 3 "c:\\program files (x86)\\gnu tools arm embedded\\7 2018-q2-update\\arm-none-eabi\\include
 362              		.file 4 "Drivers/CMSIS/Include/core_cm4.h"
 363              		.file 5 "Drivers/CMSIS/Device/ST/STM32F4xx/Include/system_stm32f4xx.h"
 364              		.file 6 "Drivers/CMSIS/Device/ST/STM32F4xx/Include/stm32f407xx.h"
 365              		.file 7 "c:\\program files (x86)\\gnu tools arm embedded\\7 2018-q2-update\\arm-none-eabi\\include
 366              		.file 8 "c:\\program files (x86)\\gnu tools arm embedded\\7 2018-q2-update\\arm-none-eabi\\include
 367              		.file 9 "c:\\program files (x86)\\gnu tools arm embedded\\7 2018-q2-update\\lib\\gcc\\arm-none-eab
 368              		.file 10 "c:\\program files (x86)\\gnu tools arm embedded\\7 2018-q2-update\\arm-none-eabi\\includ
 369              		.file 11 "Drivers/STM32F4xx_HAL_Driver/Inc/stm32f4xx_hal_gpio.h"
 370              		.file 12 "Drivers/STM32F4xx_HAL_Driver/Inc/stm32f4xx_hal_cortex.h"
ARM GAS  C:\Users\n-is\AppData\Local\Temp\ccklcWZY.s 			page 11


ARM GAS  C:\Users\n-is\AppData\Local\Temp\ccklcWZY.s 			page 12


DEFINED SYMBOLS
                            *ABS*:00000000 gpio.c
C:\Users\n-is\AppData\Local\Temp\ccklcWZY.s:18     .text.MX_GPIO_Init:00000000 $t
C:\Users\n-is\AppData\Local\Temp\ccklcWZY.s:25     .text.MX_GPIO_Init:00000000 MX_GPIO_Init
C:\Users\n-is\AppData\Local\Temp\ccklcWZY.s:348    .text.MX_GPIO_Init:000001ec $d

UNDEFINED SYMBOLS
HAL_GPIO_WritePin
HAL_GPIO_Init
HAL_NVIC_SetPriority
HAL_NVIC_EnableIRQ
