ARM GAS  C:\Users\Prashant\AppData\Local\Temp\cc1fw463.s 			page 1


   1              		.cpu cortex-m4
   2              		.eabi_attribute 27, 1
   3              		.eabi_attribute 28, 1
   4              		.eabi_attribute 20, 1
   5              		.eabi_attribute 21, 1
   6              		.eabi_attribute 23, 3
   7              		.eabi_attribute 24, 1
   8              		.eabi_attribute 25, 1
   9              		.eabi_attribute 26, 1
  10              		.eabi_attribute 30, 1
  11              		.eabi_attribute 34, 1
  12              		.eabi_attribute 18, 4
  13              		.file	"gpio.c"
  14              		.text
  15              	.Ltext0:
  16              		.cfi_sections	.debug_frame
  17              		.section	.text.MX_GPIO_Init,"ax",%progbits
  18              		.align	1
  19              		.global	MX_GPIO_Init
  20              		.syntax unified
  21              		.thumb
  22              		.thumb_func
  23              		.fpu fpv4-sp-d16
  25              	MX_GPIO_Init:
  26              	.LFB126:
  27              		.file 1 "Core/Src/periphs/gpio.c"
   1:Core/Src/periphs/gpio.c **** /**
   2:Core/Src/periphs/gpio.c ****   ******************************************************************************
   3:Core/Src/periphs/gpio.c ****   * File Name          : gpio.c
   4:Core/Src/periphs/gpio.c ****   * Description        : This file provides code for the configuration
   5:Core/Src/periphs/gpio.c ****   *                      of all used GPIO pins.
   6:Core/Src/periphs/gpio.c ****   ******************************************************************************
   7:Core/Src/periphs/gpio.c ****   ** This notice applies to any and all portions of this file
   8:Core/Src/periphs/gpio.c ****   * that are not between comment pairs USER CODE BEGIN and
   9:Core/Src/periphs/gpio.c ****   * USER CODE END. Other portions of this file, whether 
  10:Core/Src/periphs/gpio.c ****   * inserted by the user or by software development tools
  11:Core/Src/periphs/gpio.c ****   * are owned by their respective copyright owners.
  12:Core/Src/periphs/gpio.c ****   *
  13:Core/Src/periphs/gpio.c ****   * COPYRIGHT(c) 2019 STMicroelectronics
  14:Core/Src/periphs/gpio.c ****   *
  15:Core/Src/periphs/gpio.c ****   * Redistribution and use in source and binary forms, with or without modification,
  16:Core/Src/periphs/gpio.c ****   * are permitted provided that the following conditions are met:
  17:Core/Src/periphs/gpio.c ****   *   1. Redistributions of source code must retain the above copyright notice,
  18:Core/Src/periphs/gpio.c ****   *      this list of conditions and the following disclaimer.
  19:Core/Src/periphs/gpio.c ****   *   2. Redistributions in binary form must reproduce the above copyright notice,
  20:Core/Src/periphs/gpio.c ****   *      this list of conditions and the following disclaimer in the documentation
  21:Core/Src/periphs/gpio.c ****   *      and/or other materials provided with the distribution.
  22:Core/Src/periphs/gpio.c ****   *   3. Neither the name of STMicroelectronics nor the names of its contributors
  23:Core/Src/periphs/gpio.c ****   *      may be used to endorse or promote products derived from this software
  24:Core/Src/periphs/gpio.c ****   *      without specific prior written permission.
  25:Core/Src/periphs/gpio.c ****   *
  26:Core/Src/periphs/gpio.c ****   * THIS SOFTWARE IS PROVIDED BY THE COPYRIGHT HOLDERS AND CONTRIBUTORS "AS IS"
  27:Core/Src/periphs/gpio.c ****   * AND ANY EXPRESS OR IMPLIED WARRANTIES, INCLUDING, BUT NOT LIMITED TO, THE
  28:Core/Src/periphs/gpio.c ****   * IMPLIED WARRANTIES OF MERCHANTABILITY AND FITNESS FOR A PARTICULAR PURPOSE ARE
  29:Core/Src/periphs/gpio.c ****   * DISCLAIMED. IN NO EVENT SHALL THE COPYRIGHT HOLDER OR CONTRIBUTORS BE LIABLE
  30:Core/Src/periphs/gpio.c ****   * FOR ANY DIRECT, INDIRECT, INCIDENTAL, SPECIAL, EXEMPLARY, OR CONSEQUENTIAL
  31:Core/Src/periphs/gpio.c ****   * DAMAGES (INCLUDING, BUT NOT LIMITED TO, PROCUREMENT OF SUBSTITUTE GOODS OR
ARM GAS  C:\Users\Prashant\AppData\Local\Temp\cc1fw463.s 			page 2


  32:Core/Src/periphs/gpio.c ****   * SERVICES; LOSS OF USE, DATA, OR PROFITS; OR BUSINESS INTERRUPTION) HOWEVER
  33:Core/Src/periphs/gpio.c ****   * CAUSED AND ON ANY THEORY OF LIABILITY, WHETHER IN CONTRACT, STRICT LIABILITY,
  34:Core/Src/periphs/gpio.c ****   * OR TORT (INCLUDING NEGLIGENCE OR OTHERWISE) ARISING IN ANY WAY OUT OF THE USE
  35:Core/Src/periphs/gpio.c ****   * OF THIS SOFTWARE, EVEN IF ADVISED OF THE POSSIBILITY OF SUCH DAMAGE.
  36:Core/Src/periphs/gpio.c ****   *
  37:Core/Src/periphs/gpio.c ****   ******************************************************************************
  38:Core/Src/periphs/gpio.c ****   */
  39:Core/Src/periphs/gpio.c **** 
  40:Core/Src/periphs/gpio.c **** /* Includes ------------------------------------------------------------------*/
  41:Core/Src/periphs/gpio.c **** #include "gpio.h"
  42:Core/Src/periphs/gpio.c **** /* USER CODE BEGIN 0 */
  43:Core/Src/periphs/gpio.c **** 
  44:Core/Src/periphs/gpio.c **** /* USER CODE END 0 */
  45:Core/Src/periphs/gpio.c **** 
  46:Core/Src/periphs/gpio.c **** /*----------------------------------------------------------------------------*/
  47:Core/Src/periphs/gpio.c **** /* Configure GPIO                                                             */
  48:Core/Src/periphs/gpio.c **** /*----------------------------------------------------------------------------*/
  49:Core/Src/periphs/gpio.c **** /* USER CODE BEGIN 1 */
  50:Core/Src/periphs/gpio.c **** 
  51:Core/Src/periphs/gpio.c **** /* USER CODE END 1 */
  52:Core/Src/periphs/gpio.c **** 
  53:Core/Src/periphs/gpio.c **** /** Configure pins as 
  54:Core/Src/periphs/gpio.c ****         * Analog 
  55:Core/Src/periphs/gpio.c ****         * Input 
  56:Core/Src/periphs/gpio.c ****         * Output
  57:Core/Src/periphs/gpio.c ****         * EVENT_OUT
  58:Core/Src/periphs/gpio.c ****         * EXTI
  59:Core/Src/periphs/gpio.c **** */
  60:Core/Src/periphs/gpio.c **** void MX_GPIO_Init(void)
  61:Core/Src/periphs/gpio.c **** {
  28              		.loc 1 61 0
  29              		.cfi_startproc
  30              		@ args = 0, pretend = 0, frame = 48
  31              		@ frame_needed = 0, uses_anonymous_args = 0
  32 0000 2DE9F04F 		push	{r4, r5, r6, r7, r8, r9, r10, fp, lr}
  33              	.LCFI0:
  34              		.cfi_def_cfa_offset 36
  35              		.cfi_offset 4, -36
  36              		.cfi_offset 5, -32
  37              		.cfi_offset 6, -28
  38              		.cfi_offset 7, -24
  39              		.cfi_offset 8, -20
  40              		.cfi_offset 9, -16
  41              		.cfi_offset 10, -12
  42              		.cfi_offset 11, -8
  43              		.cfi_offset 14, -4
  44 0004 8DB0     		sub	sp, sp, #52
  45              	.LCFI1:
  46              		.cfi_def_cfa_offset 88
  62:Core/Src/periphs/gpio.c **** 
  63:Core/Src/periphs/gpio.c ****   GPIO_InitTypeDef GPIO_InitStruct = {0};
  47              		.loc 1 63 0
  48 0006 0024     		movs	r4, #0
  49 0008 0794     		str	r4, [sp, #28]
  50 000a 0894     		str	r4, [sp, #32]
  51 000c 0994     		str	r4, [sp, #36]
  52 000e 0A94     		str	r4, [sp, #40]
ARM GAS  C:\Users\Prashant\AppData\Local\Temp\cc1fw463.s 			page 3


  53 0010 0B94     		str	r4, [sp, #44]
  54              	.LBB2:
  64:Core/Src/periphs/gpio.c **** 
  65:Core/Src/periphs/gpio.c ****   /* GPIO Ports Clock Enable */
  66:Core/Src/periphs/gpio.c ****   __HAL_RCC_GPIOE_CLK_ENABLE();
  55              		.loc 1 66 0
  56 0012 0194     		str	r4, [sp, #4]
  57 0014 614B     		ldr	r3, .L3
  58 0016 1A6B     		ldr	r2, [r3, #48]
  59 0018 42F01002 		orr	r2, r2, #16
  60 001c 1A63     		str	r2, [r3, #48]
  61 001e 1A6B     		ldr	r2, [r3, #48]
  62 0020 02F01002 		and	r2, r2, #16
  63 0024 0192     		str	r2, [sp, #4]
  64 0026 019A     		ldr	r2, [sp, #4]
  65              	.LBE2:
  66              	.LBB3:
  67:Core/Src/periphs/gpio.c ****   __HAL_RCC_GPIOH_CLK_ENABLE();
  67              		.loc 1 67 0
  68 0028 0294     		str	r4, [sp, #8]
  69 002a 1A6B     		ldr	r2, [r3, #48]
  70 002c 42F08002 		orr	r2, r2, #128
  71 0030 1A63     		str	r2, [r3, #48]
  72 0032 1A6B     		ldr	r2, [r3, #48]
  73 0034 02F08002 		and	r2, r2, #128
  74 0038 0292     		str	r2, [sp, #8]
  75 003a 029A     		ldr	r2, [sp, #8]
  76              	.LBE3:
  77              	.LBB4:
  68:Core/Src/periphs/gpio.c ****   __HAL_RCC_GPIOC_CLK_ENABLE();
  78              		.loc 1 68 0
  79 003c 0394     		str	r4, [sp, #12]
  80 003e 1A6B     		ldr	r2, [r3, #48]
  81 0040 42F00402 		orr	r2, r2, #4
  82 0044 1A63     		str	r2, [r3, #48]
  83 0046 1A6B     		ldr	r2, [r3, #48]
  84 0048 02F00402 		and	r2, r2, #4
  85 004c 0392     		str	r2, [sp, #12]
  86 004e 039A     		ldr	r2, [sp, #12]
  87              	.LBE4:
  88              	.LBB5:
  69:Core/Src/periphs/gpio.c ****   __HAL_RCC_GPIOA_CLK_ENABLE();
  89              		.loc 1 69 0
  90 0050 0494     		str	r4, [sp, #16]
  91 0052 1A6B     		ldr	r2, [r3, #48]
  92 0054 42F00102 		orr	r2, r2, #1
  93 0058 1A63     		str	r2, [r3, #48]
  94 005a 1A6B     		ldr	r2, [r3, #48]
  95 005c 02F00102 		and	r2, r2, #1
  96 0060 0492     		str	r2, [sp, #16]
  97 0062 049A     		ldr	r2, [sp, #16]
  98              	.LBE5:
  99              	.LBB6:
  70:Core/Src/periphs/gpio.c ****   __HAL_RCC_GPIOB_CLK_ENABLE();
 100              		.loc 1 70 0
 101 0064 0594     		str	r4, [sp, #20]
 102 0066 1A6B     		ldr	r2, [r3, #48]
ARM GAS  C:\Users\Prashant\AppData\Local\Temp\cc1fw463.s 			page 4


 103 0068 42F00202 		orr	r2, r2, #2
 104 006c 1A63     		str	r2, [r3, #48]
 105 006e 1A6B     		ldr	r2, [r3, #48]
 106 0070 02F00202 		and	r2, r2, #2
 107 0074 0592     		str	r2, [sp, #20]
 108 0076 059A     		ldr	r2, [sp, #20]
 109              	.LBE6:
 110              	.LBB7:
  71:Core/Src/periphs/gpio.c ****   __HAL_RCC_GPIOD_CLK_ENABLE();
 111              		.loc 1 71 0
 112 0078 0694     		str	r4, [sp, #24]
 113 007a 1A6B     		ldr	r2, [r3, #48]
 114 007c 42F00802 		orr	r2, r2, #8
 115 0080 1A63     		str	r2, [r3, #48]
 116 0082 1B6B     		ldr	r3, [r3, #48]
 117 0084 03F00803 		and	r3, r3, #8
 118 0088 0693     		str	r3, [sp, #24]
 119 008a 069B     		ldr	r3, [sp, #24]
 120              	.LBE7:
  72:Core/Src/periphs/gpio.c **** 
  73:Core/Src/periphs/gpio.c ****   /*Configure GPIO pin Output Level */
  74:Core/Src/periphs/gpio.c ****   HAL_GPIO_WritePin(MOTOR3_OUT_GPIO_Port, MOTOR3_OUT_Pin, GPIO_PIN_RESET);
 121              		.loc 1 74 0
 122 008c DFF814A1 		ldr	r10, .L3+8
 123 0090 2246     		mov	r2, r4
 124 0092 0821     		movs	r1, #8
 125 0094 5046     		mov	r0, r10
 126 0096 FFF7FEFF 		bl	HAL_GPIO_WritePin
 127              	.LVL0:
  75:Core/Src/periphs/gpio.c **** 
  76:Core/Src/periphs/gpio.c ****   /*Configure GPIO pin Output Level */
  77:Core/Src/periphs/gpio.c ****   HAL_GPIO_WritePin(GPIOA, Test_LED_OUT_Pin|MOTOR3_OUTA10_Pin|MOTOR1_OUT_Pin, GPIO_PIN_RESET);
 128              		.loc 1 77 0
 129 009a DFF80CB1 		ldr	fp, .L3+12
 130 009e 2246     		mov	r2, r4
 131 00a0 48F21041 		movw	r1, #33808
 132 00a4 5846     		mov	r0, fp
 133 00a6 FFF7FEFF 		bl	HAL_GPIO_WritePin
 134              	.LVL1:
  78:Core/Src/periphs/gpio.c **** 
  79:Core/Src/periphs/gpio.c ****   /*Configure GPIO pin Output Level */
  80:Core/Src/periphs/gpio.c ****   HAL_GPIO_WritePin(GPIOB, GPIO_PIN_14|GPIO_PIN_15, GPIO_PIN_RESET);
 135              		.loc 1 80 0
 136 00aa 2246     		mov	r2, r4
 137 00ac 4FF44041 		mov	r1, #49152
 138 00b0 3B48     		ldr	r0, .L3+4
 139 00b2 FFF7FEFF 		bl	HAL_GPIO_WritePin
 140              	.LVL2:
  81:Core/Src/periphs/gpio.c **** 
  82:Core/Src/periphs/gpio.c ****   /*Configure GPIO pin Output Level */
  83:Core/Src/periphs/gpio.c ****   HAL_GPIO_WritePin(GPIOD, GPIO_PIN_9|GPIO_PIN_11|MOTOR2_OUT_Pin|MOTOR2_OUTD4_Pin, GPIO_PIN_RESET);
 141              		.loc 1 83 0
 142 00b6 DFF8F490 		ldr	r9, .L3+16
 143 00ba 2246     		mov	r2, r4
 144 00bc 40F61421 		movw	r1, #2580
 145 00c0 4846     		mov	r0, r9
 146 00c2 FFF7FEFF 		bl	HAL_GPIO_WritePin
ARM GAS  C:\Users\Prashant\AppData\Local\Temp\cc1fw463.s 			page 5


 147              	.LVL3:
  84:Core/Src/periphs/gpio.c **** 
  85:Core/Src/periphs/gpio.c ****   /*Configure GPIO pin Output Level */
  86:Core/Src/periphs/gpio.c ****   HAL_GPIO_WritePin(MOTOR1_OUTC11_GPIO_Port, MOTOR1_OUTC11_Pin, GPIO_PIN_RESET);
 148              		.loc 1 86 0
 149 00c6 DFF8E880 		ldr	r8, .L3+20
 150 00ca 2246     		mov	r2, r4
 151 00cc 4FF40061 		mov	r1, #2048
 152 00d0 4046     		mov	r0, r8
 153 00d2 FFF7FEFF 		bl	HAL_GPIO_WritePin
 154              	.LVL4:
  87:Core/Src/periphs/gpio.c **** 
  88:Core/Src/periphs/gpio.c ****   /*Configure GPIO pin : PtPin */
  89:Core/Src/periphs/gpio.c ****   GPIO_InitStruct.Pin = MOTOR3_OUT_Pin;
 155              		.loc 1 89 0
 156 00d6 0827     		movs	r7, #8
 157 00d8 0797     		str	r7, [sp, #28]
  90:Core/Src/periphs/gpio.c ****   GPIO_InitStruct.Mode = GPIO_MODE_OUTPUT_PP;
 158              		.loc 1 90 0
 159 00da 0125     		movs	r5, #1
 160 00dc 0895     		str	r5, [sp, #32]
  91:Core/Src/periphs/gpio.c ****   GPIO_InitStruct.Pull = GPIO_NOPULL;
 161              		.loc 1 91 0
 162 00de 0994     		str	r4, [sp, #36]
  92:Core/Src/periphs/gpio.c ****   GPIO_InitStruct.Speed = GPIO_SPEED_FREQ_VERY_HIGH;
 163              		.loc 1 92 0
 164 00e0 0326     		movs	r6, #3
 165 00e2 0A96     		str	r6, [sp, #40]
  93:Core/Src/periphs/gpio.c ****   HAL_GPIO_Init(MOTOR3_OUT_GPIO_Port, &GPIO_InitStruct);
 166              		.loc 1 93 0
 167 00e4 07A9     		add	r1, sp, #28
 168 00e6 5046     		mov	r0, r10
 169 00e8 FFF7FEFF 		bl	HAL_GPIO_Init
 170              	.LVL5:
  94:Core/Src/periphs/gpio.c **** 
  95:Core/Src/periphs/gpio.c ****   /*Configure GPIO pin : PtPin */
  96:Core/Src/periphs/gpio.c ****   GPIO_InitStruct.Pin = EXT_INT_Pin;
 171              		.loc 1 96 0
 172 00ec 0795     		str	r5, [sp, #28]
  97:Core/Src/periphs/gpio.c ****   GPIO_InitStruct.Mode = GPIO_MODE_IT_RISING;
 173              		.loc 1 97 0
 174 00ee DFF8C4A0 		ldr	r10, .L3+24
 175 00f2 CDF820A0 		str	r10, [sp, #32]
  98:Core/Src/periphs/gpio.c ****   GPIO_InitStruct.Pull = GPIO_PULLUP;
 176              		.loc 1 98 0
 177 00f6 0995     		str	r5, [sp, #36]
  99:Core/Src/periphs/gpio.c ****   HAL_GPIO_Init(EXT_INT_GPIO_Port, &GPIO_InitStruct);
 178              		.loc 1 99 0
 179 00f8 07A9     		add	r1, sp, #28
 180 00fa 4046     		mov	r0, r8
 181 00fc FFF7FEFF 		bl	HAL_GPIO_Init
 182              	.LVL6:
 100:Core/Src/periphs/gpio.c **** 
 101:Core/Src/periphs/gpio.c ****   /*Configure GPIO pin : PA2 */
 102:Core/Src/periphs/gpio.c ****   GPIO_InitStruct.Pin = GPIO_PIN_2;
 183              		.loc 1 102 0
 184 0100 0423     		movs	r3, #4
ARM GAS  C:\Users\Prashant\AppData\Local\Temp\cc1fw463.s 			page 6


 185 0102 0793     		str	r3, [sp, #28]
 103:Core/Src/periphs/gpio.c ****   GPIO_InitStruct.Mode = GPIO_MODE_IT_RISING;
 186              		.loc 1 103 0
 187 0104 CDF820A0 		str	r10, [sp, #32]
 104:Core/Src/periphs/gpio.c ****   GPIO_InitStruct.Pull = GPIO_PULLUP;
 188              		.loc 1 104 0
 189 0108 0995     		str	r5, [sp, #36]
 105:Core/Src/periphs/gpio.c ****   HAL_GPIO_Init(GPIOA, &GPIO_InitStruct);
 190              		.loc 1 105 0
 191 010a 07A9     		add	r1, sp, #28
 192 010c 5846     		mov	r0, fp
 193 010e FFF7FEFF 		bl	HAL_GPIO_Init
 194              	.LVL7:
 106:Core/Src/periphs/gpio.c **** 
 107:Core/Src/periphs/gpio.c ****   /*Configure GPIO pins : PAPin PAPin PAPin */
 108:Core/Src/periphs/gpio.c ****   GPIO_InitStruct.Pin = Test_LED_OUT_Pin|MOTOR3_OUTA10_Pin|MOTOR1_OUT_Pin;
 195              		.loc 1 108 0
 196 0112 48F21043 		movw	r3, #33808
 197 0116 0793     		str	r3, [sp, #28]
 109:Core/Src/periphs/gpio.c ****   GPIO_InitStruct.Mode = GPIO_MODE_OUTPUT_PP;
 198              		.loc 1 109 0
 199 0118 0895     		str	r5, [sp, #32]
 110:Core/Src/periphs/gpio.c ****   GPIO_InitStruct.Pull = GPIO_NOPULL;
 200              		.loc 1 110 0
 201 011a 0994     		str	r4, [sp, #36]
 111:Core/Src/periphs/gpio.c ****   GPIO_InitStruct.Speed = GPIO_SPEED_FREQ_VERY_HIGH;
 202              		.loc 1 111 0
 203 011c 0A96     		str	r6, [sp, #40]
 112:Core/Src/periphs/gpio.c ****   HAL_GPIO_Init(GPIOA, &GPIO_InitStruct);
 204              		.loc 1 112 0
 205 011e 07A9     		add	r1, sp, #28
 206 0120 5846     		mov	r0, fp
 207 0122 FFF7FEFF 		bl	HAL_GPIO_Init
 208              	.LVL8:
 113:Core/Src/periphs/gpio.c **** 
 114:Core/Src/periphs/gpio.c ****   /*Configure GPIO pins : PB14 PB15 */
 115:Core/Src/periphs/gpio.c ****   GPIO_InitStruct.Pin = GPIO_PIN_14|GPIO_PIN_15;
 209              		.loc 1 115 0
 210 0126 4FF44043 		mov	r3, #49152
 211 012a 0793     		str	r3, [sp, #28]
 116:Core/Src/periphs/gpio.c ****   GPIO_InitStruct.Mode = GPIO_MODE_OUTPUT_PP;
 212              		.loc 1 116 0
 213 012c 0895     		str	r5, [sp, #32]
 117:Core/Src/periphs/gpio.c ****   GPIO_InitStruct.Pull = GPIO_NOPULL;
 214              		.loc 1 117 0
 215 012e 0994     		str	r4, [sp, #36]
 118:Core/Src/periphs/gpio.c ****   GPIO_InitStruct.Speed = GPIO_SPEED_FREQ_VERY_HIGH;
 216              		.loc 1 118 0
 217 0130 0A96     		str	r6, [sp, #40]
 119:Core/Src/periphs/gpio.c ****   HAL_GPIO_Init(GPIOB, &GPIO_InitStruct);
 218              		.loc 1 119 0
 219 0132 07A9     		add	r1, sp, #28
 220 0134 1A48     		ldr	r0, .L3+4
 221 0136 FFF7FEFF 		bl	HAL_GPIO_Init
 222              	.LVL9:
 120:Core/Src/periphs/gpio.c **** 
 121:Core/Src/periphs/gpio.c ****   /*Configure GPIO pins : PD8 PD10 PD14 PD15 */
ARM GAS  C:\Users\Prashant\AppData\Local\Temp\cc1fw463.s 			page 7


 122:Core/Src/periphs/gpio.c ****   GPIO_InitStruct.Pin = GPIO_PIN_8|GPIO_PIN_10|GPIO_PIN_14|GPIO_PIN_15;
 223              		.loc 1 122 0
 224 013a 4FF44543 		mov	r3, #50432
 225 013e 0793     		str	r3, [sp, #28]
 123:Core/Src/periphs/gpio.c ****   GPIO_InitStruct.Mode = GPIO_MODE_IT_RISING;
 226              		.loc 1 123 0
 227 0140 CDF820A0 		str	r10, [sp, #32]
 124:Core/Src/periphs/gpio.c ****   GPIO_InitStruct.Pull = GPIO_PULLUP;
 228              		.loc 1 124 0
 229 0144 0995     		str	r5, [sp, #36]
 125:Core/Src/periphs/gpio.c ****   HAL_GPIO_Init(GPIOD, &GPIO_InitStruct);
 230              		.loc 1 125 0
 231 0146 07A9     		add	r1, sp, #28
 232 0148 4846     		mov	r0, r9
 233 014a FFF7FEFF 		bl	HAL_GPIO_Init
 234              	.LVL10:
 126:Core/Src/periphs/gpio.c **** 
 127:Core/Src/periphs/gpio.c ****   /*Configure GPIO pins : PD9 PD11 PDPin PDPin */
 128:Core/Src/periphs/gpio.c ****   GPIO_InitStruct.Pin = GPIO_PIN_9|GPIO_PIN_11|MOTOR2_OUT_Pin|MOTOR2_OUTD4_Pin;
 235              		.loc 1 128 0
 236 014e 40F61423 		movw	r3, #2580
 237 0152 0793     		str	r3, [sp, #28]
 129:Core/Src/periphs/gpio.c ****   GPIO_InitStruct.Mode = GPIO_MODE_OUTPUT_PP;
 238              		.loc 1 129 0
 239 0154 0895     		str	r5, [sp, #32]
 130:Core/Src/periphs/gpio.c ****   GPIO_InitStruct.Pull = GPIO_NOPULL;
 240              		.loc 1 130 0
 241 0156 0994     		str	r4, [sp, #36]
 131:Core/Src/periphs/gpio.c ****   GPIO_InitStruct.Speed = GPIO_SPEED_FREQ_VERY_HIGH;
 242              		.loc 1 131 0
 243 0158 0A96     		str	r6, [sp, #40]
 132:Core/Src/periphs/gpio.c ****   HAL_GPIO_Init(GPIOD, &GPIO_InitStruct);
 244              		.loc 1 132 0
 245 015a 07A9     		add	r1, sp, #28
 246 015c 4846     		mov	r0, r9
 247 015e FFF7FEFF 		bl	HAL_GPIO_Init
 248              	.LVL11:
 133:Core/Src/periphs/gpio.c **** 
 134:Core/Src/periphs/gpio.c ****   /*Configure GPIO pin : PtPin */
 135:Core/Src/periphs/gpio.c ****   GPIO_InitStruct.Pin = MOTOR1_OUTC11_Pin;
 249              		.loc 1 135 0
 250 0162 4FF40063 		mov	r3, #2048
 251 0166 0793     		str	r3, [sp, #28]
 136:Core/Src/periphs/gpio.c ****   GPIO_InitStruct.Mode = GPIO_MODE_OUTPUT_PP;
 252              		.loc 1 136 0
 253 0168 0895     		str	r5, [sp, #32]
 137:Core/Src/periphs/gpio.c ****   GPIO_InitStruct.Pull = GPIO_NOPULL;
 254              		.loc 1 137 0
 255 016a 0994     		str	r4, [sp, #36]
 138:Core/Src/periphs/gpio.c ****   GPIO_InitStruct.Speed = GPIO_SPEED_FREQ_VERY_HIGH;
 256              		.loc 1 138 0
 257 016c 0A96     		str	r6, [sp, #40]
 139:Core/Src/periphs/gpio.c ****   HAL_GPIO_Init(MOTOR1_OUTC11_GPIO_Port, &GPIO_InitStruct);
 258              		.loc 1 139 0
 259 016e 07A9     		add	r1, sp, #28
 260 0170 4046     		mov	r0, r8
 261 0172 FFF7FEFF 		bl	HAL_GPIO_Init
ARM GAS  C:\Users\Prashant\AppData\Local\Temp\cc1fw463.s 			page 8


 262              	.LVL12:
 140:Core/Src/periphs/gpio.c **** 
 141:Core/Src/periphs/gpio.c ****   /* EXTI interrupt init*/
 142:Core/Src/periphs/gpio.c ****   HAL_NVIC_SetPriority(EXTI0_IRQn, 0, 0);
 263              		.loc 1 142 0
 264 0176 2246     		mov	r2, r4
 265 0178 2146     		mov	r1, r4
 266 017a 0620     		movs	r0, #6
 267 017c FFF7FEFF 		bl	HAL_NVIC_SetPriority
 268              	.LVL13:
 143:Core/Src/periphs/gpio.c ****   HAL_NVIC_EnableIRQ(EXTI0_IRQn);
 269              		.loc 1 143 0
 270 0180 0620     		movs	r0, #6
 271 0182 FFF7FEFF 		bl	HAL_NVIC_EnableIRQ
 272              	.LVL14:
 144:Core/Src/periphs/gpio.c **** 
 145:Core/Src/periphs/gpio.c ****   HAL_NVIC_SetPriority(EXTI2_IRQn, 0, 0);
 273              		.loc 1 145 0
 274 0186 2246     		mov	r2, r4
 275 0188 2146     		mov	r1, r4
 276 018a 3846     		mov	r0, r7
 277 018c FFF7FEFF 		bl	HAL_NVIC_SetPriority
 278              	.LVL15:
 146:Core/Src/periphs/gpio.c ****   HAL_NVIC_EnableIRQ(EXTI2_IRQn);
 279              		.loc 1 146 0
 280 0190 3846     		mov	r0, r7
 281 0192 FFF7FEFF 		bl	HAL_NVIC_EnableIRQ
 282              	.LVL16:
 147:Core/Src/periphs/gpio.c **** 
 148:Core/Src/periphs/gpio.c **** }
 283              		.loc 1 148 0
 284 0196 0DB0     		add	sp, sp, #52
 285              	.LCFI2:
 286              		.cfi_def_cfa_offset 36
 287              		@ sp needed
 288 0198 BDE8F08F 		pop	{r4, r5, r6, r7, r8, r9, r10, fp, pc}
 289              	.L4:
 290              		.align	2
 291              	.L3:
 292 019c 00380240 		.word	1073887232
 293 01a0 00040240 		.word	1073873920
 294 01a4 00100240 		.word	1073876992
 295 01a8 00000240 		.word	1073872896
 296 01ac 000C0240 		.word	1073875968
 297 01b0 00080240 		.word	1073874944
 298 01b4 00001110 		.word	269549568
 299              		.cfi_endproc
 300              	.LFE126:
 302              		.text
 303              	.Letext0:
 304              		.file 2 "c:\\program files (x86)\\gnu tools arm embedded\\7 2017-q4-major\\arm-none-eabi\\include\
 305              		.file 3 "c:\\program files (x86)\\gnu tools arm embedded\\7 2017-q4-major\\arm-none-eabi\\include\
 306              		.file 4 "Drivers/CMSIS/Include/core_cm4.h"
 307              		.file 5 "Drivers/CMSIS/Device/ST/STM32F4xx/Include/system_stm32f4xx.h"
 308              		.file 6 "Drivers/CMSIS/Device/ST/STM32F4xx/Include/stm32f407xx.h"
 309              		.file 7 "c:\\program files (x86)\\gnu tools arm embedded\\7 2017-q4-major\\arm-none-eabi\\include\
 310              		.file 8 "c:\\program files (x86)\\gnu tools arm embedded\\7 2017-q4-major\\arm-none-eabi\\include\
ARM GAS  C:\Users\Prashant\AppData\Local\Temp\cc1fw463.s 			page 9


 311              		.file 9 "c:\\program files (x86)\\gnu tools arm embedded\\7 2017-q4-major\\lib\\gcc\\arm-none-eabi
 312              		.file 10 "c:\\program files (x86)\\gnu tools arm embedded\\7 2017-q4-major\\arm-none-eabi\\include
 313              		.file 11 "Drivers/STM32F4xx_HAL_Driver/Inc/stm32f4xx_hal_gpio.h"
 314              		.file 12 "Drivers/STM32F4xx_HAL_Driver/Inc/stm32f4xx_hal_cortex.h"
ARM GAS  C:\Users\Prashant\AppData\Local\Temp\cc1fw463.s 			page 10


DEFINED SYMBOLS
                            *ABS*:00000000 gpio.c
C:\Users\Prashant\AppData\Local\Temp\cc1fw463.s:18     .text.MX_GPIO_Init:00000000 $t
C:\Users\Prashant\AppData\Local\Temp\cc1fw463.s:25     .text.MX_GPIO_Init:00000000 MX_GPIO_Init
C:\Users\Prashant\AppData\Local\Temp\cc1fw463.s:292    .text.MX_GPIO_Init:0000019c $d

UNDEFINED SYMBOLS
HAL_GPIO_WritePin
HAL_GPIO_Init
HAL_NVIC_SetPriority
HAL_NVIC_EnableIRQ
