ARM GAS  C:\Users\Prashant\AppData\Local\Temp\cc545vfd.s 			page 1


   1              		.cpu cortex-m4
   2              		.eabi_attribute 27, 1
   3              		.eabi_attribute 28, 1
   4              		.eabi_attribute 20, 1
   5              		.eabi_attribute 21, 1
   6              		.eabi_attribute 23, 3
   7              		.eabi_attribute 24, 1
   8              		.eabi_attribute 25, 1
   9              		.eabi_attribute 26, 1
  10              		.eabi_attribute 30, 1
  11              		.eabi_attribute 34, 1
  12              		.eabi_attribute 18, 4
  13              		.file	"interrupt.cpp"
  14              		.text
  15              	.Ltext0:
  16              		.cfi_sections	.debug_frame
  17              		.section	.text.HAL_GPIO_EXTI_Callback,"ax",%progbits
  18              		.align	1
  19              		.global	HAL_GPIO_EXTI_Callback
  20              		.syntax unified
  21              		.thumb
  22              		.thumb_func
  23              		.fpu fpv4-sp-d16
  25              	HAL_GPIO_EXTI_Callback:
  26              	.LFB487:
  27              		.file 1 "Core/Src/devs/interrupt.cpp"
   1:Core/Src/devs/interrupt.cpp **** 
   2:Core/Src/devs/interrupt.cpp **** #include "robo_init.h"
   3:Core/Src/devs/interrupt.cpp **** 
   4:Core/Src/devs/interrupt.cpp **** extern leg leg[1];
   5:Core/Src/devs/interrupt.cpp **** void HAL_GPIO_EXTI_Callback(uint16_t GPIO_Pin)
   6:Core/Src/devs/interrupt.cpp **** {
  28              		.loc 1 6 0
  29              		.cfi_startproc
  30              		@ args = 0, pretend = 0, frame = 0
  31              		@ frame_needed = 0, uses_anonymous_args = 0
  32              	.LVL0:
   7:Core/Src/devs/interrupt.cpp ****         switch (GPIO_Pin) {
  33              		.loc 1 7 0
  34 0000 0128     		cmp	r0, #1
  35 0002 00D0     		beq	.L8
  36 0004 7047     		bx	lr
  37              	.L8:
   6:Core/Src/devs/interrupt.cpp ****         switch (GPIO_Pin) {
  38              		.loc 1 6 0
  39 0006 10B5     		push	{r4, lr}
  40              	.LCFI0:
  41              		.cfi_def_cfa_offset 8
  42              		.cfi_offset 4, -8
  43              		.cfi_offset 14, -4
   8:Core/Src/devs/interrupt.cpp ****                 case GPIO_PIN_0 : {		
   9:Core/Src/devs/interrupt.cpp ****                         leg[0].steps++;		//leg[0].limit_switch__[0].int_pin
  44              		.loc 1 9 0
  45 0008 064C     		ldr	r4, .L9
  46 000a 2369     		ldr	r3, [r4, #16]
  47 000c 0133     		adds	r3, r3, #1
  48 000e 2361     		str	r3, [r4, #16]
ARM GAS  C:\Users\Prashant\AppData\Local\Temp\cc545vfd.s 			page 2


  10:Core/Src/devs/interrupt.cpp ****                         leg[0].reset_angle(120*PI/180);
  49              		.loc 1 10 0
  50 0010 9FED050A 		vldr.32	s0, .L9+4
  51 0014 2046     		mov	r0, r4
  52              	.LVL1:
  53 0016 FFF7FEFF 		bl	_ZN3leg11reset_angleEf
  54              	.LVL2:
  11:Core/Src/devs/interrupt.cpp **** 			printf("\tRobot interrupt 0\t %d", leg[0].steps);
  55              		.loc 1 11 0
  56 001a 2169     		ldr	r1, [r4, #16]
  57 001c 0348     		ldr	r0, .L9+8
  58 001e FFF7FEFF 		bl	printf
  59              	.LVL3:
  12:Core/Src/devs/interrupt.cpp ****                 } break;
  13:Core/Src/devs/interrupt.cpp **** 
  14:Core/Src/devs/interrupt.cpp ****                 case GPIO_PIN_2: {	//leg[0].limit_switch__[1].int_pin
  15:Core/Src/devs/interrupt.cpp **** 			//printf("\tRobot interrupt 1 \t");
  16:Core/Src/devs/interrupt.cpp ****                 } break;
  17:Core/Src/devs/interrupt.cpp ****         }
  18:Core/Src/devs/interrupt.cpp **** }...
  60              		.loc 1 18 0
  61 0022 10BD     		pop	{r4, pc}
  62              	.L10:
  63              		.align	2
  64              	.L9:
  65 0024 00000000 		.word	leg
  66 0028 920A0640 		.word	1074137746
  67 002c 00000000 		.word	.LC0
  68              		.cfi_endproc
  69              	.LFE487:
  71              		.section	.rodata.HAL_GPIO_EXTI_Callback.str1.4,"aMS",%progbits,1
  72              		.align	2
  73              	.LC0:
  74 0000 09526F62 		.ascii	"\011Robot interrupt 0\011 %d\000"
  74      6F742069 
  74      6E746572 
  74      72757074 
  74      20300920 
  75              		.text
  76              	.Letext0:
  77              		.file 2 "c:\\program files (x86)\\gnu tools arm embedded\\7 2017-q4-major\\arm-none-eabi\\include\
  78              		.file 3 "c:\\program files (x86)\\gnu tools arm embedded\\7 2017-q4-major\\arm-none-eabi\\include\
  79              		.file 4 "Drivers/CMSIS/Include/core_cm4.h"
  80              		.file 5 "Drivers/CMSIS/Device/ST/STM32F4xx/Include/system_stm32f4xx.h"
  81              		.file 6 "Drivers/CMSIS/Device/ST/STM32F4xx/Include/stm32f407xx.h"
  82              		.file 7 "c:\\program files (x86)\\gnu tools arm embedded\\7 2017-q4-major\\arm-none-eabi\\include\
  83              		.file 8 "c:\\program files (x86)\\gnu tools arm embedded\\7 2017-q4-major\\arm-none-eabi\\include\
  84              		.file 9 "c:\\program files (x86)\\gnu tools arm embedded\\7 2017-q4-major\\lib\\gcc\\arm-none-eabi
  85              		.file 10 "c:\\program files (x86)\\gnu tools arm embedded\\7 2017-q4-major\\arm-none-eabi\\include
  86              		.file 11 "Drivers/STM32F4xx_HAL_Driver/Inc/stm32f4xx_hal_def.h"
  87              		.file 12 "Drivers/STM32F4xx_HAL_Driver/Inc/stm32f4xx_hal_dma.h"
  88              		.file 13 "Drivers/STM32F4xx_HAL_Driver/Inc/stm32f4xx_hal_tim.h"
  89              		.file 14 "Drivers/STM32F4xx_HAL_Driver/Inc/stm32f4xx_hal_uart.h"
  90              		.file 15 "Core/Inc/periphs/tim.h"
  91              		.file 16 "c:\\program files (x86)\\gnu tools arm embedded\\7 2017-q4-major\\arm-none-eabi\\include
  92              		.file 17 "c:\\program files (x86)\\gnu tools arm embedded\\7 2017-q4-major\\arm-none-eabi\\include
  93              		.file 18 "c:\\program files (x86)\\gnu tools arm embedded\\7 2017-q4-major\\arm-none-eabi\\include
ARM GAS  C:\Users\Prashant\AppData\Local\Temp\cc545vfd.s 			page 3


  94              		.file 19 "c:\\program files (x86)\\gnu tools arm embedded\\7 2017-q4-major\\arm-none-eabi\\include
  95              		.file 20 "c:\\program files (x86)\\gnu tools arm embedded\\7 2017-q4-major\\arm-none-eabi\\include
  96              		.file 21 "Core/Inc/devs/motor.h"
  97              		.file 22 "Core/Inc/devs/encoder.h"
  98              		.file 23 "Core/Inc/utils/pid_algorithms.h"
  99              		.file 24 "Core/Inc/devs/limit_switch.h"
 100              		.file 25 "Core/Inc/devs/leg.h"
 101              		.file 26 "Core/Inc/periphs/usart.h"
 102              		.file 27 "<built-in>"
 103              		.file 28 "c:\\program files (x86)\\gnu tools arm embedded\\7 2017-q4-major\\arm-none-eabi\\include
ARM GAS  C:\Users\Prashant\AppData\Local\Temp\cc545vfd.s 			page 4


DEFINED SYMBOLS
                            *ABS*:00000000 interrupt.cpp
C:\Users\Prashant\AppData\Local\Temp\cc545vfd.s:18     .text.HAL_GPIO_EXTI_Callback:00000000 $t
C:\Users\Prashant\AppData\Local\Temp\cc545vfd.s:25     .text.HAL_GPIO_EXTI_Callback:00000000 HAL_GPIO_EXTI_Callback
C:\Users\Prashant\AppData\Local\Temp\cc545vfd.s:65     .text.HAL_GPIO_EXTI_Callback:00000024 $d
C:\Users\Prashant\AppData\Local\Temp\cc545vfd.s:72     .rodata.HAL_GPIO_EXTI_Callback.str1.4:00000000 $d

UNDEFINED SYMBOLS
_ZN3leg11reset_angleEf
printf
leg
