ARM GAS  C:\Users\Prashant\AppData\Local\Temp\cc8g9qs7.s 			page 1


   1              		.cpu cortex-m4
   2              		.eabi_attribute 27, 1
   3              		.eabi_attribute 28, 1
   4              		.eabi_attribute 20, 1
   5              		.eabi_attribute 21, 1
   6              		.eabi_attribute 23, 3
   7              		.eabi_attribute 24, 1
   8              		.eabi_attribute 25, 1
   9              		.eabi_attribute 26, 1
  10              		.eabi_attribute 30, 1
  11              		.eabi_attribute 34, 1
  12              		.eabi_attribute 18, 4
  13              		.file	"printf_config.c"
  14              		.text
  15              	.Ltext0:
  16              		.cfi_sections	.debug_frame
  17              		.section	.text._write,"ax",%progbits
  18              		.align	1
  19              		.global	_write
  20              		.syntax unified
  21              		.thumb
  22              		.thumb_func
  23              		.fpu fpv4-sp-d16
  25              	_write:
  26              	.LFB126:
  27              		.file 1 "Core/Src/utils/printf_config.c"
   1:Core/Src/utils/printf_config.c **** /*
   2:Core/Src/utils/printf_config.c ****  * printf_config.cpp
   3:Core/Src/utils/printf_config.c ****  * 
   4:Core/Src/utils/printf_config.c ****  * Created : 11/10/2018
   5:Core/Src/utils/printf_config.c ****  *  Author : n-is
   6:Core/Src/utils/printf_config.c ****  *   email : 073bex422.nischal@pcampus.edu.np
   7:Core/Src/utils/printf_config.c ****  */
   8:Core/Src/utils/printf_config.c **** 
   9:Core/Src/utils/printf_config.c **** #include "stm32f4xx_hal.h"
  10:Core/Src/utils/printf_config.c **** 
  11:Core/Src/utils/printf_config.c **** int ITM_SendString(char *data, int len);
  12:Core/Src/utils/printf_config.c **** 
  13:Core/Src/utils/printf_config.c **** int _write(int file, char *data, int len)
  14:Core/Src/utils/printf_config.c **** {
  28              		.loc 1 14 0
  29              		.cfi_startproc
  30              		@ args = 0, pretend = 0, frame = 0
  31              		@ frame_needed = 0, uses_anonymous_args = 0
  32              	.LVL0:
  33 0000 08B5     		push	{r3, lr}
  34              	.LCFI0:
  35              		.cfi_def_cfa_offset 8
  36              		.cfi_offset 3, -8
  37              		.cfi_offset 14, -4
  38 0002 0846     		mov	r0, r1
  39              	.LVL1:
  15:Core/Src/utils/printf_config.c ****         int sent = ITM_SendString(data, len);
  40              		.loc 1 15 0
  41 0004 1146     		mov	r1, r2
  42              	.LVL2:
  43 0006 FFF7FEFF 		bl	ITM_SendString
ARM GAS  C:\Users\Prashant\AppData\Local\Temp\cc8g9qs7.s 			page 2


  44              	.LVL3:
  16:Core/Src/utils/printf_config.c ****         return sent;
  17:Core/Src/utils/printf_config.c **** }
  45              		.loc 1 17 0
  46 000a 08BD     		pop	{r3, pc}
  47              		.cfi_endproc
  48              	.LFE126:
  50              		.text
  51              	.Letext0:
  52              		.file 2 "c:\\program files (x86)\\gnu tools arm embedded\\7 2017-q4-major\\arm-none-eabi\\include\
  53              		.file 3 "c:\\program files (x86)\\gnu tools arm embedded\\7 2017-q4-major\\arm-none-eabi\\include\
  54              		.file 4 "C:/Users/Prashant/STM32Cube/Repository/STM32Cube_FW_F4_V1.23.0/Drivers/CMSIS/Include/core
  55              		.file 5 "C:/Users/Prashant/STM32Cube/Repository/STM32Cube_FW_F4_V1.23.0/Drivers/CMSIS/Device/ST/ST
  56              		.file 6 "c:\\program files (x86)\\gnu tools arm embedded\\7 2017-q4-major\\arm-none-eabi\\include\
  57              		.file 7 "c:\\program files (x86)\\gnu tools arm embedded\\7 2017-q4-major\\arm-none-eabi\\include\
  58              		.file 8 "c:\\program files (x86)\\gnu tools arm embedded\\7 2017-q4-major\\lib\\gcc\\arm-none-eabi
  59              		.file 9 "c:\\program files (x86)\\gnu tools arm embedded\\7 2017-q4-major\\arm-none-eabi\\include\
ARM GAS  C:\Users\Prashant\AppData\Local\Temp\cc8g9qs7.s 			page 3


DEFINED SYMBOLS
                            *ABS*:00000000 printf_config.c
C:\Users\Prashant\AppData\Local\Temp\cc8g9qs7.s:18     .text._write:00000000 $t
C:\Users\Prashant\AppData\Local\Temp\cc8g9qs7.s:25     .text._write:00000000 _write

UNDEFINED SYMBOLS
ITM_SendString
