ARM GAS  C:\Users\n-is\AppData\Local\Temp\ccaUlOmh.s 			page 1


   1              		.cpu cortex-m4
   2              		.eabi_attribute 27, 1
   3              		.eabi_attribute 28, 1
   4              		.eabi_attribute 20, 1
   5              		.eabi_attribute 21, 1
   6              		.eabi_attribute 23, 3
   7              		.eabi_attribute 24, 1
   8              		.eabi_attribute 25, 1
   9              		.eabi_attribute 26, 1
  10              		.eabi_attribute 30, 1
  11              		.eabi_attribute 34, 1
  12              		.eabi_attribute 18, 4
  13              		.file	"main.c"
  14              		.text
  15              	.Ltext0:
  16              		.cfi_sections	.debug_frame
  17              		.section	.text._Error_Handler,"ax",%progbits
  18              		.align	1
  19              		.global	_Error_Handler
  20              		.syntax unified
  21              		.thumb
  22              		.thumb_func
  23              		.fpu fpv4-sp-d16
  25              	_Error_Handler:
  26              	.LFB128:
  27              		.file 1 "Core/Src/main.c"
   1:Core/Src/main.c **** 
   2:Core/Src/main.c **** /**
   3:Core/Src/main.c ****   ******************************************************************************
   4:Core/Src/main.c ****   * @file           : main.c
   5:Core/Src/main.c ****   * @brief          : Main program body
   6:Core/Src/main.c ****   ******************************************************************************
   7:Core/Src/main.c ****   ** This notice applies to any and all portions of this file
   8:Core/Src/main.c ****   * that are not between comment pairs USER CODE BEGIN and
   9:Core/Src/main.c ****   * USER CODE END. Other portions of this file, whether 
  10:Core/Src/main.c ****   * inserted by the user or by software development tools
  11:Core/Src/main.c ****   * are owned by their respective copyright owners.
  12:Core/Src/main.c ****   *
  13:Core/Src/main.c ****   * COPYRIGHT(c) 2018 STMicroelectronics
  14:Core/Src/main.c ****   *
  15:Core/Src/main.c ****   * Redistribution and use in source and binary forms, with or without modification,
  16:Core/Src/main.c ****   * are permitted provided that the following conditions are met:
  17:Core/Src/main.c ****   *   1. Redistributions of source code must retain the above copyright notice,
  18:Core/Src/main.c ****   *      this list of conditions and the following disclaimer.
  19:Core/Src/main.c ****   *   2. Redistributions in binary form must reproduce the above copyright notice,
  20:Core/Src/main.c ****   *      this list of conditions and the following disclaimer in the documentation
  21:Core/Src/main.c ****   *      and/or other materials provided with the distribution.
  22:Core/Src/main.c ****   *   3. Neither the name of STMicroelectronics nor the names of its contributors
  23:Core/Src/main.c ****   *      may be used to endorse or promote products derived from this software
  24:Core/Src/main.c ****   *      without specific prior written permission.
  25:Core/Src/main.c ****   *
  26:Core/Src/main.c ****   * THIS SOFTWARE IS PROVIDED BY THE COPYRIGHT HOLDERS AND CONTRIBUTORS "AS IS"
  27:Core/Src/main.c ****   * AND ANY EXPRESS OR IMPLIED WARRANTIES, INCLUDING, BUT NOT LIMITED TO, THE
  28:Core/Src/main.c ****   * IMPLIED WARRANTIES OF MERCHANTABILITY AND FITNESS FOR A PARTICULAR PURPOSE ARE
  29:Core/Src/main.c ****   * DISCLAIMED. IN NO EVENT SHALL THE COPYRIGHT HOLDER OR CONTRIBUTORS BE LIABLE
  30:Core/Src/main.c ****   * FOR ANY DIRECT, INDIRECT, INCIDENTAL, SPECIAL, EXEMPLARY, OR CONSEQUENTIAL
  31:Core/Src/main.c ****   * DAMAGES (INCLUDING, BUT NOT LIMITED TO, PROCUREMENT OF SUBSTITUTE GOODS OR
ARM GAS  C:\Users\n-is\AppData\Local\Temp\ccaUlOmh.s 			page 2


  32:Core/Src/main.c ****   * SERVICES; LOSS OF USE, DATA, OR PROFITS; OR BUSINESS INTERRUPTION) HOWEVER
  33:Core/Src/main.c ****   * CAUSED AND ON ANY THEORY OF LIABILITY, WHETHER IN CONTRACT, STRICT LIABILITY,
  34:Core/Src/main.c ****   * OR TORT (INCLUDING NEGLIGENCE OR OTHERWISE) ARISING IN ANY WAY OUT OF THE USE
  35:Core/Src/main.c ****   * OF THIS SOFTWARE, EVEN IF ADVISED OF THE POSSIBILITY OF SUCH DAMAGE.
  36:Core/Src/main.c ****   *
  37:Core/Src/main.c ****   ******************************************************************************
  38:Core/Src/main.c ****   */
  39:Core/Src/main.c **** /* Includes ------------------------------------------------------------------*/
  40:Core/Src/main.c **** #include "main.h"
  41:Core/Src/main.c **** #include "stm32f4xx_hal.h"
  42:Core/Src/main.c **** #include "adc.h"
  43:Core/Src/main.c **** #include "tim.h"
  44:Core/Src/main.c **** #include "usart.h"
  45:Core/Src/main.c **** #include "gpio.h"
  46:Core/Src/main.c **** 
  47:Core/Src/main.c **** /* USER CODE BEGIN Includes */
  48:Core/Src/main.c **** #include "defines.h"
  49:Core/Src/main.c **** #include "robo_init.h"
  50:Core/Src/main.c **** /* USER CODE END Includes */
  51:Core/Src/main.c **** 
  52:Core/Src/main.c **** /* Private variables ---------------------------------------------------------*/
  53:Core/Src/main.c **** 
  54:Core/Src/main.c **** /* USER CODE BEGIN PV */
  55:Core/Src/main.c **** /* Private variables ---------------------------------------------------------*/
  56:Core/Src/main.c **** 
  57:Core/Src/main.c **** /* USER CODE END PV */
  58:Core/Src/main.c **** 
  59:Core/Src/main.c **** /* Private function prototypes -----------------------------------------------*/
  60:Core/Src/main.c **** void SystemClock_Config(void);
  61:Core/Src/main.c **** 
  62:Core/Src/main.c **** /* USER CODE BEGIN PFP */
  63:Core/Src/main.c **** /* Private function prototypes -----------------------------------------------*/
  64:Core/Src/main.c **** void play(void);
  65:Core/Src/main.c **** /* USER CODE END PFP */
  66:Core/Src/main.c **** 
  67:Core/Src/main.c **** /* USER CODE BEGIN 0 */
  68:Core/Src/main.c **** 
  69:Core/Src/main.c **** /* USER CODE END 0 */
  70:Core/Src/main.c **** 
  71:Core/Src/main.c **** /**
  72:Core/Src/main.c ****   * @brief  The application entry point.
  73:Core/Src/main.c ****   *
  74:Core/Src/main.c ****   * @retval None
  75:Core/Src/main.c ****   */
  76:Core/Src/main.c **** int main(void)
  77:Core/Src/main.c **** {
  78:Core/Src/main.c ****         /* USER CODE BEGIN 1 */
  79:Core/Src/main.c **** 
  80:Core/Src/main.c ****         /* USER CODE END 1 */
  81:Core/Src/main.c **** 
  82:Core/Src/main.c ****         /* MCU Configuration----------------------------------------------------------*/
  83:Core/Src/main.c **** 
  84:Core/Src/main.c ****         /* Reset of all peripherals, Initializes the Flash interface and the Systick. */
  85:Core/Src/main.c ****         HAL_Init();
  86:Core/Src/main.c **** 
  87:Core/Src/main.c ****         /* USER CODE BEGIN Init */
  88:Core/Src/main.c **** 
ARM GAS  C:\Users\n-is\AppData\Local\Temp\ccaUlOmh.s 			page 3


  89:Core/Src/main.c ****         /* USER CODE END Init */
  90:Core/Src/main.c **** 
  91:Core/Src/main.c ****         /* Configure the system clock */
  92:Core/Src/main.c ****         SystemClock_Config();
  93:Core/Src/main.c **** 
  94:Core/Src/main.c ****         /* USER CODE BEGIN SysInit */
  95:Core/Src/main.c **** 
  96:Core/Src/main.c ****         /* USER CODE END SysInit */
  97:Core/Src/main.c **** 
  98:Core/Src/main.c ****         /* Initialize all configured peripherals */
  99:Core/Src/main.c ****         MX_GPIO_Init();
 100:Core/Src/main.c ****         MX_ADC1_Init();
 101:Core/Src/main.c ****         MX_TIM3_Init();
 102:Core/Src/main.c ****         MX_TIM4_Init();
 103:Core/Src/main.c ****         MX_TIM5_Init();
 104:Core/Src/main.c ****         MX_TIM8_Init();
 105:Core/Src/main.c ****         MX_USART1_UART_Init();
 106:Core/Src/main.c ****         MX_USART3_UART_Init();
 107:Core/Src/main.c ****         MX_TIM14_Init();
 108:Core/Src/main.c ****         /* USER CODE BEGIN 2 */
 109:Core/Src/main.c ****         // sHAL_Delay(1000);
 110:Core/Src/main.c ****         HAL_TIM_Base_Start(&htim8);
 111:Core/Src/main.c ****         wheel_init();
 112:Core/Src/main.c **** 
 113:Core/Src/main.c ****         HAL_TIM_PWM_Start(&htim8, TIM_CHANNEL_1);
 114:Core/Src/main.c ****         HAL_TIM_PWM_Start(&htim8, TIM_CHANNEL_2);
 115:Core/Src/main.c ****         HAL_TIM_PWM_Start(&htim8, TIM_CHANNEL_3);
 116:Core/Src/main.c ****         HAL_TIM_PWM_Start(&htim8, TIM_CHANNEL_4);
 117:Core/Src/main.c **** 
 118:Core/Src/main.c ****         HAL_TIM_Base_Start_IT(&htim14);
 119:Core/Src/main.c ****         
 120:Core/Src/main.c ****         play();
 121:Core/Src/main.c **** 
 122:Core/Src/main.c ****         /* USER CODE END 2 */
 123:Core/Src/main.c **** 
 124:Core/Src/main.c ****         /* Infinite loop */
 125:Core/Src/main.c ****         /* USER CODE BEGIN WHILE */
 126:Core/Src/main.c ****         while (1)
 127:Core/Src/main.c ****         {
 128:Core/Src/main.c **** 
 129:Core/Src/main.c ****                 /* USER CODE END WHILE */
 130:Core/Src/main.c **** 
 131:Core/Src/main.c ****                 /* USER CODE BEGIN 3 */
 132:Core/Src/main.c ****                 
 133:Core/Src/main.c ****         }
 134:Core/Src/main.c ****         
 135:Core/Src/main.c ****         /* USER CODE END 3 */
 136:Core/Src/main.c **** }
 137:Core/Src/main.c **** 
 138:Core/Src/main.c **** /**
 139:Core/Src/main.c ****   * @brief System Clock Configuration
 140:Core/Src/main.c ****   * @retval None
 141:Core/Src/main.c ****   */
 142:Core/Src/main.c **** void SystemClock_Config(void)
 143:Core/Src/main.c **** {
 144:Core/Src/main.c **** 
 145:Core/Src/main.c ****         RCC_OscInitTypeDef RCC_OscInitStruct;
ARM GAS  C:\Users\n-is\AppData\Local\Temp\ccaUlOmh.s 			page 4


 146:Core/Src/main.c ****         RCC_ClkInitTypeDef RCC_ClkInitStruct;
 147:Core/Src/main.c **** 
 148:Core/Src/main.c ****         /**Configure the main internal regulator output voltage 
 149:Core/Src/main.c ****     */
 150:Core/Src/main.c ****         __HAL_RCC_PWR_CLK_ENABLE();
 151:Core/Src/main.c **** 
 152:Core/Src/main.c ****         __HAL_PWR_VOLTAGESCALING_CONFIG(PWR_REGULATOR_VOLTAGE_SCALE1);
 153:Core/Src/main.c **** 
 154:Core/Src/main.c ****         /**Initializes the CPU, AHB and APB busses clocks 
 155:Core/Src/main.c ****     */
 156:Core/Src/main.c ****         RCC_OscInitStruct.OscillatorType = RCC_OSCILLATORTYPE_HSE;
 157:Core/Src/main.c ****         RCC_OscInitStruct.HSEState = RCC_HSE_ON;
 158:Core/Src/main.c ****         RCC_OscInitStruct.PLL.PLLState = RCC_PLL_ON;
 159:Core/Src/main.c ****         RCC_OscInitStruct.PLL.PLLSource = RCC_PLLSOURCE_HSE;
 160:Core/Src/main.c ****         RCC_OscInitStruct.PLL.PLLM = 8;
 161:Core/Src/main.c ****         RCC_OscInitStruct.PLL.PLLN = 336;
 162:Core/Src/main.c ****         RCC_OscInitStruct.PLL.PLLP = RCC_PLLP_DIV2;
 163:Core/Src/main.c ****         RCC_OscInitStruct.PLL.PLLQ = 4;
 164:Core/Src/main.c ****         if (HAL_RCC_OscConfig(&RCC_OscInitStruct) != HAL_OK)
 165:Core/Src/main.c ****         {
 166:Core/Src/main.c ****                 _Error_Handler(__FILE__, __LINE__);
 167:Core/Src/main.c ****         }
 168:Core/Src/main.c **** 
 169:Core/Src/main.c ****         /**Initializes the CPU, AHB and APB busses clocks 
 170:Core/Src/main.c ****     */
 171:Core/Src/main.c ****         RCC_ClkInitStruct.ClockType = RCC_CLOCKTYPE_HCLK | RCC_CLOCKTYPE_SYSCLK | RCC_CLOCKTYPE_PCL
 172:Core/Src/main.c ****         RCC_ClkInitStruct.SYSCLKSource = RCC_SYSCLKSOURCE_PLLCLK;
 173:Core/Src/main.c ****         RCC_ClkInitStruct.AHBCLKDivider = RCC_SYSCLK_DIV1;
 174:Core/Src/main.c ****         RCC_ClkInitStruct.APB1CLKDivider = RCC_HCLK_DIV4;
 175:Core/Src/main.c ****         RCC_ClkInitStruct.APB2CLKDivider = RCC_HCLK_DIV2;
 176:Core/Src/main.c **** 
 177:Core/Src/main.c ****         if (HAL_RCC_ClockConfig(&RCC_ClkInitStruct, FLASH_LATENCY_5) != HAL_OK)
 178:Core/Src/main.c ****         {
 179:Core/Src/main.c ****                 _Error_Handler(__FILE__, __LINE__);
 180:Core/Src/main.c ****         }
 181:Core/Src/main.c **** 
 182:Core/Src/main.c ****         /**Configure the Systick interrupt time 
 183:Core/Src/main.c ****     */
 184:Core/Src/main.c ****         HAL_SYSTICK_Config(HAL_RCC_GetHCLKFreq() / 1000);
 185:Core/Src/main.c **** 
 186:Core/Src/main.c ****         /**Configure the Systick 
 187:Core/Src/main.c ****     */
 188:Core/Src/main.c ****         HAL_SYSTICK_CLKSourceConfig(SYSTICK_CLKSOURCE_HCLK);
 189:Core/Src/main.c **** 
 190:Core/Src/main.c ****         /* SysTick_IRQn interrupt configuration */
 191:Core/Src/main.c ****         HAL_NVIC_SetPriority(SysTick_IRQn, 0, 0);
 192:Core/Src/main.c **** }
 193:Core/Src/main.c **** 
 194:Core/Src/main.c **** /* USER CODE BEGIN 4 */
 195:Core/Src/main.c **** 
 196:Core/Src/main.c **** /* USER CODE END 4 */
 197:Core/Src/main.c **** 
 198:Core/Src/main.c **** /**
 199:Core/Src/main.c ****   * @brief  This function is executed in case of error occurrence.
 200:Core/Src/main.c ****   * @param  file: The file name as string.
 201:Core/Src/main.c ****   * @param  line: The line in file as a number.
 202:Core/Src/main.c ****   * @retval None
ARM GAS  C:\Users\n-is\AppData\Local\Temp\ccaUlOmh.s 			page 5


 203:Core/Src/main.c ****   */
 204:Core/Src/main.c **** void _Error_Handler(char *file, int line)
 205:Core/Src/main.c **** {
  28              		.loc 1 205 0
  29              		.cfi_startproc
  30              		@ Volatile: function does not return.
  31              		@ args = 0, pretend = 0, frame = 0
  32              		@ frame_needed = 0, uses_anonymous_args = 0
  33              		@ link register save eliminated.
  34              	.LVL0:
  35              	.L2:
  36 0000 FEE7     		b	.L2
  37              		.cfi_endproc
  38              	.LFE128:
  40              		.section	.text.SystemClock_Config,"ax",%progbits
  41              		.align	1
  42              		.global	SystemClock_Config
  43              		.syntax unified
  44              		.thumb
  45              		.thumb_func
  46              		.fpu fpv4-sp-d16
  48              	SystemClock_Config:
  49              	.LFB127:
 143:Core/Src/main.c **** 
  50              		.loc 1 143 0
  51              		.cfi_startproc
  52              		@ args = 0, pretend = 0, frame = 80
  53              		@ frame_needed = 0, uses_anonymous_args = 0
 143:Core/Src/main.c **** 
  54              		.loc 1 143 0
  55 0000 00B5     		push	{lr}
  56              	.LCFI0:
  57              		.cfi_def_cfa_offset 4
  58              		.cfi_offset 14, -4
  59 0002 95B0     		sub	sp, sp, #84
  60              	.LCFI1:
  61              		.cfi_def_cfa_offset 88
  62              	.LBB2:
 150:Core/Src/main.c **** 
  63              		.loc 1 150 0
  64 0004 0021     		movs	r1, #0
  65 0006 0191     		str	r1, [sp, #4]
  66 0008 2B4B     		ldr	r3, .L9
  67 000a 1A6C     		ldr	r2, [r3, #64]
  68 000c 42F08052 		orr	r2, r2, #268435456
  69 0010 1A64     		str	r2, [r3, #64]
  70 0012 1B6C     		ldr	r3, [r3, #64]
  71 0014 03F08053 		and	r3, r3, #268435456
  72 0018 0193     		str	r3, [sp, #4]
  73 001a 019B     		ldr	r3, [sp, #4]
  74              	.LBE2:
  75              	.LBB3:
 152:Core/Src/main.c **** 
  76              		.loc 1 152 0
  77 001c 0291     		str	r1, [sp, #8]
  78 001e 274B     		ldr	r3, .L9+4
  79 0020 1A68     		ldr	r2, [r3]
ARM GAS  C:\Users\n-is\AppData\Local\Temp\ccaUlOmh.s 			page 6


  80 0022 42F48042 		orr	r2, r2, #16384
  81 0026 1A60     		str	r2, [r3]
  82 0028 1B68     		ldr	r3, [r3]
  83 002a 03F48043 		and	r3, r3, #16384
  84 002e 0293     		str	r3, [sp, #8]
  85 0030 029B     		ldr	r3, [sp, #8]
  86              	.LBE3:
 156:Core/Src/main.c ****         RCC_OscInitStruct.HSEState = RCC_HSE_ON;
  87              		.loc 1 156 0
  88 0032 0123     		movs	r3, #1
  89 0034 0893     		str	r3, [sp, #32]
 157:Core/Src/main.c ****         RCC_OscInitStruct.PLL.PLLState = RCC_PLL_ON;
  90              		.loc 1 157 0
  91 0036 4FF48033 		mov	r3, #65536
  92 003a 0993     		str	r3, [sp, #36]
 158:Core/Src/main.c ****         RCC_OscInitStruct.PLL.PLLSource = RCC_PLLSOURCE_HSE;
  93              		.loc 1 158 0
  94 003c 0223     		movs	r3, #2
  95 003e 0E93     		str	r3, [sp, #56]
 159:Core/Src/main.c ****         RCC_OscInitStruct.PLL.PLLM = 8;
  96              		.loc 1 159 0
  97 0040 4FF48002 		mov	r2, #4194304
  98 0044 0F92     		str	r2, [sp, #60]
 160:Core/Src/main.c ****         RCC_OscInitStruct.PLL.PLLN = 336;
  99              		.loc 1 160 0
 100 0046 0822     		movs	r2, #8
 101 0048 1092     		str	r2, [sp, #64]
 161:Core/Src/main.c ****         RCC_OscInitStruct.PLL.PLLP = RCC_PLLP_DIV2;
 102              		.loc 1 161 0
 103 004a 4FF4A872 		mov	r2, #336
 104 004e 1192     		str	r2, [sp, #68]
 162:Core/Src/main.c ****         RCC_OscInitStruct.PLL.PLLQ = 4;
 105              		.loc 1 162 0
 106 0050 1293     		str	r3, [sp, #72]
 163:Core/Src/main.c ****         if (HAL_RCC_OscConfig(&RCC_OscInitStruct) != HAL_OK)
 107              		.loc 1 163 0
 108 0052 0423     		movs	r3, #4
 109 0054 1393     		str	r3, [sp, #76]
 164:Core/Src/main.c ****         {
 110              		.loc 1 164 0
 111 0056 08A8     		add	r0, sp, #32
 112 0058 FFF7FEFF 		bl	HAL_RCC_OscConfig
 113              	.LVL1:
 114 005c 20BB     		cbnz	r0, .L7
 171:Core/Src/main.c ****         RCC_ClkInitStruct.SYSCLKSource = RCC_SYSCLKSOURCE_PLLCLK;
 115              		.loc 1 171 0
 116 005e 0F23     		movs	r3, #15
 117 0060 0393     		str	r3, [sp, #12]
 172:Core/Src/main.c ****         RCC_ClkInitStruct.AHBCLKDivider = RCC_SYSCLK_DIV1;
 118              		.loc 1 172 0
 119 0062 0223     		movs	r3, #2
 120 0064 0493     		str	r3, [sp, #16]
 173:Core/Src/main.c ****         RCC_ClkInitStruct.APB1CLKDivider = RCC_HCLK_DIV4;
 121              		.loc 1 173 0
 122 0066 0023     		movs	r3, #0
 123 0068 0593     		str	r3, [sp, #20]
 174:Core/Src/main.c ****         RCC_ClkInitStruct.APB2CLKDivider = RCC_HCLK_DIV2;
ARM GAS  C:\Users\n-is\AppData\Local\Temp\ccaUlOmh.s 			page 7


 124              		.loc 1 174 0
 125 006a 4FF4A053 		mov	r3, #5120
 126 006e 0693     		str	r3, [sp, #24]
 175:Core/Src/main.c **** 
 127              		.loc 1 175 0
 128 0070 4FF48053 		mov	r3, #4096
 129 0074 0793     		str	r3, [sp, #28]
 177:Core/Src/main.c ****         {
 130              		.loc 1 177 0
 131 0076 0521     		movs	r1, #5
 132 0078 03A8     		add	r0, sp, #12
 133 007a FFF7FEFF 		bl	HAL_RCC_ClockConfig
 134              	.LVL2:
 135 007e B8B9     		cbnz	r0, .L8
 184:Core/Src/main.c **** 
 136              		.loc 1 184 0
 137 0080 FFF7FEFF 		bl	HAL_RCC_GetHCLKFreq
 138              	.LVL3:
 139 0084 0E4B     		ldr	r3, .L9+8
 140 0086 A3FB0030 		umull	r3, r0, r3, r0
 141 008a 8009     		lsrs	r0, r0, #6
 142 008c FFF7FEFF 		bl	HAL_SYSTICK_Config
 143              	.LVL4:
 188:Core/Src/main.c **** 
 144              		.loc 1 188 0
 145 0090 0420     		movs	r0, #4
 146 0092 FFF7FEFF 		bl	HAL_SYSTICK_CLKSourceConfig
 147              	.LVL5:
 191:Core/Src/main.c **** }
 148              		.loc 1 191 0
 149 0096 0022     		movs	r2, #0
 150 0098 1146     		mov	r1, r2
 151 009a 4FF0FF30 		mov	r0, #-1
 152 009e FFF7FEFF 		bl	HAL_NVIC_SetPriority
 153              	.LVL6:
 192:Core/Src/main.c **** 
 154              		.loc 1 192 0
 155 00a2 15B0     		add	sp, sp, #84
 156              	.LCFI2:
 157              		.cfi_remember_state
 158              		.cfi_def_cfa_offset 4
 159              		@ sp needed
 160 00a4 5DF804FB 		ldr	pc, [sp], #4
 161              	.L7:
 162              	.LCFI3:
 163              		.cfi_restore_state
 166:Core/Src/main.c ****         }
 164              		.loc 1 166 0
 165 00a8 A621     		movs	r1, #166
 166 00aa 0648     		ldr	r0, .L9+12
 167 00ac FFF7FEFF 		bl	_Error_Handler
 168              	.LVL7:
 169              	.L8:
 179:Core/Src/main.c ****         }
 170              		.loc 1 179 0
 171 00b0 B321     		movs	r1, #179
 172 00b2 0448     		ldr	r0, .L9+12
ARM GAS  C:\Users\n-is\AppData\Local\Temp\ccaUlOmh.s 			page 8


 173 00b4 FFF7FEFF 		bl	_Error_Handler
 174              	.LVL8:
 175              	.L10:
 176              		.align	2
 177              	.L9:
 178 00b8 00380240 		.word	1073887232
 179 00bc 00700040 		.word	1073770496
 180 00c0 D34D6210 		.word	274877907
 181 00c4 00000000 		.word	.LC0
 182              		.cfi_endproc
 183              	.LFE127:
 185              		.section	.text.main,"ax",%progbits
 186              		.align	1
 187              		.global	main
 188              		.syntax unified
 189              		.thumb
 190              		.thumb_func
 191              		.fpu fpv4-sp-d16
 193              	main:
 194              	.LFB126:
  77:Core/Src/main.c ****         /* USER CODE BEGIN 1 */
 195              		.loc 1 77 0
 196              		.cfi_startproc
 197              		@ Volatile: function does not return.
 198              		@ args = 0, pretend = 0, frame = 0
 199              		@ frame_needed = 0, uses_anonymous_args = 0
 200 0000 08B5     		push	{r3, lr}
 201              	.LCFI4:
 202              		.cfi_def_cfa_offset 8
 203              		.cfi_offset 3, -8
 204              		.cfi_offset 14, -4
  85:Core/Src/main.c **** 
 205              		.loc 1 85 0
 206 0002 FFF7FEFF 		bl	HAL_Init
 207              	.LVL9:
  92:Core/Src/main.c **** 
 208              		.loc 1 92 0
 209 0006 FFF7FEFF 		bl	SystemClock_Config
 210              	.LVL10:
  99:Core/Src/main.c ****         MX_ADC1_Init();
 211              		.loc 1 99 0
 212 000a FFF7FEFF 		bl	MX_GPIO_Init
 213              	.LVL11:
 100:Core/Src/main.c ****         MX_TIM3_Init();
 214              		.loc 1 100 0
 215 000e FFF7FEFF 		bl	MX_ADC1_Init
 216              	.LVL12:
 101:Core/Src/main.c ****         MX_TIM4_Init();
 217              		.loc 1 101 0
 218 0012 FFF7FEFF 		bl	MX_TIM3_Init
 219              	.LVL13:
 102:Core/Src/main.c ****         MX_TIM5_Init();
 220              		.loc 1 102 0
 221 0016 FFF7FEFF 		bl	MX_TIM4_Init
 222              	.LVL14:
 103:Core/Src/main.c ****         MX_TIM8_Init();
 223              		.loc 1 103 0
ARM GAS  C:\Users\n-is\AppData\Local\Temp\ccaUlOmh.s 			page 9


 224 001a FFF7FEFF 		bl	MX_TIM5_Init
 225              	.LVL15:
 104:Core/Src/main.c ****         MX_USART1_UART_Init();
 226              		.loc 1 104 0
 227 001e FFF7FEFF 		bl	MX_TIM8_Init
 228              	.LVL16:
 105:Core/Src/main.c ****         MX_USART3_UART_Init();
 229              		.loc 1 105 0
 230 0022 FFF7FEFF 		bl	MX_USART1_UART_Init
 231              	.LVL17:
 106:Core/Src/main.c ****         MX_TIM14_Init();
 232              		.loc 1 106 0
 233 0026 FFF7FEFF 		bl	MX_USART3_UART_Init
 234              	.LVL18:
 107:Core/Src/main.c ****         /* USER CODE BEGIN 2 */
 235              		.loc 1 107 0
 236 002a FFF7FEFF 		bl	MX_TIM14_Init
 237              	.LVL19:
 110:Core/Src/main.c ****         wheel_init();
 238              		.loc 1 110 0
 239 002e 0E4C     		ldr	r4, .L14
 240 0030 2046     		mov	r0, r4
 241 0032 FFF7FEFF 		bl	HAL_TIM_Base_Start
 242              	.LVL20:
 111:Core/Src/main.c **** 
 243              		.loc 1 111 0
 244 0036 FFF7FEFF 		bl	wheel_init
 245              	.LVL21:
 113:Core/Src/main.c ****         HAL_TIM_PWM_Start(&htim8, TIM_CHANNEL_2);
 246              		.loc 1 113 0
 247 003a 0021     		movs	r1, #0
 248 003c 2046     		mov	r0, r4
 249 003e FFF7FEFF 		bl	HAL_TIM_PWM_Start
 250              	.LVL22:
 114:Core/Src/main.c ****         HAL_TIM_PWM_Start(&htim8, TIM_CHANNEL_3);
 251              		.loc 1 114 0
 252 0042 0421     		movs	r1, #4
 253 0044 2046     		mov	r0, r4
 254 0046 FFF7FEFF 		bl	HAL_TIM_PWM_Start
 255              	.LVL23:
 115:Core/Src/main.c ****         HAL_TIM_PWM_Start(&htim8, TIM_CHANNEL_4);
 256              		.loc 1 115 0
 257 004a 0821     		movs	r1, #8
 258 004c 2046     		mov	r0, r4
 259 004e FFF7FEFF 		bl	HAL_TIM_PWM_Start
 260              	.LVL24:
 116:Core/Src/main.c **** 
 261              		.loc 1 116 0
 262 0052 0C21     		movs	r1, #12
 263 0054 2046     		mov	r0, r4
 264 0056 FFF7FEFF 		bl	HAL_TIM_PWM_Start
 265              	.LVL25:
 118:Core/Src/main.c ****         
 266              		.loc 1 118 0
 267 005a 0448     		ldr	r0, .L14+4
 268 005c FFF7FEFF 		bl	HAL_TIM_Base_Start_IT
 269              	.LVL26:
ARM GAS  C:\Users\n-is\AppData\Local\Temp\ccaUlOmh.s 			page 10


 120:Core/Src/main.c **** 
 270              		.loc 1 120 0
 271 0060 FFF7FEFF 		bl	play
 272              	.LVL27:
 273              	.L12:
 274 0064 FEE7     		b	.L12
 275              	.L15:
 276 0066 00BF     		.align	2
 277              	.L14:
 278 0068 00000000 		.word	htim8
 279 006c 00000000 		.word	htim14
 280              		.cfi_endproc
 281              	.LFE126:
 283              		.section	.text.assert_failed,"ax",%progbits
 284              		.align	1
 285              		.global	assert_failed
 286              		.syntax unified
 287              		.thumb
 288              		.thumb_func
 289              		.fpu fpv4-sp-d16
 291              	assert_failed:
 292              	.LFB129:
 206:Core/Src/main.c ****         /* USER CODE BEGIN Error_Handler_Debug */
 207:Core/Src/main.c ****         /* User can add his own implementation to report the HAL error return state */
 208:Core/Src/main.c ****         while (1)
 209:Core/Src/main.c ****         {
 210:Core/Src/main.c ****         }
 211:Core/Src/main.c ****         /* USER CODE END Error_Handler_Debug */
 212:Core/Src/main.c **** }
 213:Core/Src/main.c **** 
 214:Core/Src/main.c **** #ifdef USE_FULL_ASSERT
 215:Core/Src/main.c **** /**
 216:Core/Src/main.c ****   * @brief  Reports the name of the source file and the source line number
 217:Core/Src/main.c ****   *         where the assert_param error has occurred.
 218:Core/Src/main.c ****   * @param  file: pointer to the source file name
 219:Core/Src/main.c ****   * @param  line: assert_param error line source number
 220:Core/Src/main.c ****   * @retval None
 221:Core/Src/main.c ****   */
 222:Core/Src/main.c **** void assert_failed(uint8_t *file, uint32_t line)
 223:Core/Src/main.c **** {
 293              		.loc 1 223 0
 294              		.cfi_startproc
 295              		@ args = 0, pretend = 0, frame = 0
 296              		@ frame_needed = 0, uses_anonymous_args = 0
 297              		@ link register save eliminated.
 298              	.LVL28:
 224:Core/Src/main.c ****         /* USER CODE BEGIN 6 */
 225:Core/Src/main.c ****         /* User can add his own implementation to report the file name and line number,
 226:Core/Src/main.c ****      tex: printf("Wrong parameters value: file %s on line %d\r\n", file, line) */
 227:Core/Src/main.c ****         /* USER CODE END 6 */
 228:Core/Src/main.c **** }
 299              		.loc 1 228 0
 300 0000 7047     		bx	lr
 301              		.cfi_endproc
 302              	.LFE129:
 304              		.section	.rodata.SystemClock_Config.str1.4,"aMS",%progbits,1
 305              		.align	2
ARM GAS  C:\Users\n-is\AppData\Local\Temp\ccaUlOmh.s 			page 11


 306              	.LC0:
 307 0000 436F7265 		.ascii	"Core/Src/main.c\000"
 307      2F537263 
 307      2F6D6169 
 307      6E2E6300 
 308              		.text
 309              	.Letext0:
 310              		.file 2 "c:\\program files (x86)\\gnu tools arm embedded\\7 2018-q2-update\\arm-none-eabi\\include
 311              		.file 3 "c:\\program files (x86)\\gnu tools arm embedded\\7 2018-q2-update\\arm-none-eabi\\include
 312              		.file 4 "Drivers/CMSIS/Include/core_cm4.h"
 313              		.file 5 "Drivers/CMSIS/Device/ST/STM32F4xx/Include/system_stm32f4xx.h"
 314              		.file 6 "Drivers/CMSIS/Device/ST/STM32F4xx/Include/stm32f407xx.h"
 315              		.file 7 "c:\\program files (x86)\\gnu tools arm embedded\\7 2018-q2-update\\arm-none-eabi\\include
 316              		.file 8 "c:\\program files (x86)\\gnu tools arm embedded\\7 2018-q2-update\\arm-none-eabi\\include
 317              		.file 9 "c:\\program files (x86)\\gnu tools arm embedded\\7 2018-q2-update\\lib\\gcc\\arm-none-eab
 318              		.file 10 "c:\\program files (x86)\\gnu tools arm embedded\\7 2018-q2-update\\arm-none-eabi\\includ
 319              		.file 11 "Drivers/STM32F4xx_HAL_Driver/Inc/stm32f4xx_hal_def.h"
 320              		.file 12 "Drivers/STM32F4xx_HAL_Driver/Inc/stm32f4xx_hal_rcc_ex.h"
 321              		.file 13 "Drivers/STM32F4xx_HAL_Driver/Inc/stm32f4xx_hal_rcc.h"
 322              		.file 14 "Drivers/STM32F4xx_HAL_Driver/Inc/stm32f4xx_hal_dma.h"
 323              		.file 15 "Drivers/STM32F4xx_HAL_Driver/Inc/stm32f4xx_hal_adc.h"
 324              		.file 16 "Drivers/STM32F4xx_HAL_Driver/Inc/stm32f4xx_hal_tim.h"
 325              		.file 17 "Drivers/STM32F4xx_HAL_Driver/Inc/stm32f4xx_hal_uart.h"
 326              		.file 18 "Core/Inc/adc.h"
 327              		.file 19 "Core/Inc/tim.h"
 328              		.file 20 "Core/Inc/usart.h"
 329              		.file 21 "Core/Inc/wheel.h"
 330              		.file 22 "Core/Inc/robo_init.h"
 331              		.file 23 "Drivers/STM32F4xx_HAL_Driver/Inc/stm32f4xx_hal_cortex.h"
 332              		.file 24 "Drivers/STM32F4xx_HAL_Driver/Inc/stm32f4xx_hal.h"
 333              		.file 25 "Core/Inc/gpio.h"
ARM GAS  C:\Users\n-is\AppData\Local\Temp\ccaUlOmh.s 			page 12


DEFINED SYMBOLS
                            *ABS*:00000000 main.c
C:\Users\n-is\AppData\Local\Temp\ccaUlOmh.s:18     .text._Error_Handler:00000000 $t
C:\Users\n-is\AppData\Local\Temp\ccaUlOmh.s:25     .text._Error_Handler:00000000 _Error_Handler
C:\Users\n-is\AppData\Local\Temp\ccaUlOmh.s:41     .text.SystemClock_Config:00000000 $t
C:\Users\n-is\AppData\Local\Temp\ccaUlOmh.s:48     .text.SystemClock_Config:00000000 SystemClock_Config
C:\Users\n-is\AppData\Local\Temp\ccaUlOmh.s:178    .text.SystemClock_Config:000000b8 $d
C:\Users\n-is\AppData\Local\Temp\ccaUlOmh.s:186    .text.main:00000000 $t
C:\Users\n-is\AppData\Local\Temp\ccaUlOmh.s:193    .text.main:00000000 main
C:\Users\n-is\AppData\Local\Temp\ccaUlOmh.s:278    .text.main:00000068 $d
C:\Users\n-is\AppData\Local\Temp\ccaUlOmh.s:284    .text.assert_failed:00000000 $t
C:\Users\n-is\AppData\Local\Temp\ccaUlOmh.s:291    .text.assert_failed:00000000 assert_failed
C:\Users\n-is\AppData\Local\Temp\ccaUlOmh.s:305    .rodata.SystemClock_Config.str1.4:00000000 $d

UNDEFINED SYMBOLS
HAL_RCC_OscConfig
HAL_RCC_ClockConfig
HAL_RCC_GetHCLKFreq
HAL_SYSTICK_Config
HAL_SYSTICK_CLKSourceConfig
HAL_NVIC_SetPriority
HAL_Init
MX_GPIO_Init
MX_ADC1_Init
MX_TIM3_Init
MX_TIM4_Init
MX_TIM5_Init
MX_TIM8_Init
MX_USART1_UART_Init
MX_USART3_UART_Init
MX_TIM14_Init
HAL_TIM_Base_Start
wheel_init
HAL_TIM_PWM_Start
HAL_TIM_Base_Start_IT
play
htim8
htim14
