ARM GAS  C:\Users\n-is\AppData\Local\Temp\cchAYS8G.s 			page 1


   1              		.cpu cortex-m4
   2              		.eabi_attribute 27, 1
   3              		.eabi_attribute 28, 1
   4              		.eabi_attribute 20, 1
   5              		.eabi_attribute 21, 1
   6              		.eabi_attribute 23, 3
   7              		.eabi_attribute 24, 1
   8              		.eabi_attribute 25, 1
   9              		.eabi_attribute 26, 1
  10              		.eabi_attribute 30, 1
  11              		.eabi_attribute 34, 1
  12              		.eabi_attribute 18, 4
  13              		.file	"tim.c"
  14              		.text
  15              	.Ltext0:
  16              		.cfi_sections	.debug_frame
  17              		.section	.text.time_period,"ax",%progbits
  18              		.align	1
  19              		.global	time_period
  20              		.syntax unified
  21              		.thumb
  22              		.thumb_func
  23              		.fpu fpv4-sp-d16
  25              	time_period:
  26              	.LFB126:
  27              		.file 1 "Core/Src/tim.c"
   1:Core/Src/tim.c **** /**
   2:Core/Src/tim.c ****   ******************************************************************************
   3:Core/Src/tim.c ****   * File Name          : TIM.c
   4:Core/Src/tim.c ****   * Description        : This file provides code for the configuration
   5:Core/Src/tim.c ****   *                      of the TIM instances.
   6:Core/Src/tim.c ****   ******************************************************************************
   7:Core/Src/tim.c ****   ** This notice applies to any and all portions of this file
   8:Core/Src/tim.c ****   * that are not between comment pairs USER CODE BEGIN and
   9:Core/Src/tim.c ****   * USER CODE END. Other portions of this file, whether 
  10:Core/Src/tim.c ****   * inserted by the user or by software development tools
  11:Core/Src/tim.c ****   * are owned by their respective copyright owners.
  12:Core/Src/tim.c ****   *
  13:Core/Src/tim.c ****   * COPYRIGHT(c) 2018 STMicroelectronics
  14:Core/Src/tim.c ****   *
  15:Core/Src/tim.c ****   * Redistribution and use in source and binary forms, with or without modification,
  16:Core/Src/tim.c ****   * are permitted provided that the following conditions are met:
  17:Core/Src/tim.c ****   *   1. Redistributions of source code must retain the above copyright notice,
  18:Core/Src/tim.c ****   *      this list of conditions and the following disclaimer.
  19:Core/Src/tim.c ****   *   2. Redistributions in binary form must reproduce the above copyright notice,
  20:Core/Src/tim.c ****   *      this list of conditions and the following disclaimer in the documentation
  21:Core/Src/tim.c ****   *      and/or other materials provided with the distribution.
  22:Core/Src/tim.c ****   *   3. Neither the name of STMicroelectronics nor the names of its contributors
  23:Core/Src/tim.c ****   *      may be used to endorse or promote products derived from this software
  24:Core/Src/tim.c ****   *      without specific prior written permission.
  25:Core/Src/tim.c ****   *
  26:Core/Src/tim.c ****   * THIS SOFTWARE IS PROVIDED BY THE COPYRIGHT HOLDERS AND CONTRIBUTORS "AS IS"
  27:Core/Src/tim.c ****   * AND ANY EXPRESS OR IMPLIED WARRANTIES, INCLUDING, BUT NOT LIMITED TO, THE
  28:Core/Src/tim.c ****   * IMPLIED WARRANTIES OF MERCHANTABILITY AND FITNESS FOR A PARTICULAR PURPOSE ARE
  29:Core/Src/tim.c ****   * DISCLAIMED. IN NO EVENT SHALL THE COPYRIGHT HOLDER OR CONTRIBUTORS BE LIABLE
  30:Core/Src/tim.c ****   * FOR ANY DIRECT, INDIRECT, INCIDENTAL, SPECIAL, EXEMPLARY, OR CONSEQUENTIAL
  31:Core/Src/tim.c ****   * DAMAGES (INCLUDING, BUT NOT LIMITED TO, PROCUREMENT OF SUBSTITUTE GOODS OR
ARM GAS  C:\Users\n-is\AppData\Local\Temp\cchAYS8G.s 			page 2


  32:Core/Src/tim.c ****   * SERVICES; LOSS OF USE, DATA, OR PROFITS; OR BUSINESS INTERRUPTION) HOWEVER
  33:Core/Src/tim.c ****   * CAUSED AND ON ANY THEORY OF LIABILITY, WHETHER IN CONTRACT, STRICT LIABILITY,
  34:Core/Src/tim.c ****   * OR TORT (INCLUDING NEGLIGENCE OR OTHERWISE) ARISING IN ANY WAY OUT OF THE USE
  35:Core/Src/tim.c ****   * OF THIS SOFTWARE, EVEN IF ADVISED OF THE POSSIBILITY OF SUCH DAMAGE.
  36:Core/Src/tim.c ****   *
  37:Core/Src/tim.c ****   ******************************************************************************
  38:Core/Src/tim.c ****   */
  39:Core/Src/tim.c **** 
  40:Core/Src/tim.c **** /* Includes ------------------------------------------------------------------*/
  41:Core/Src/tim.c **** #include "tim.h"
  42:Core/Src/tim.c **** 
  43:Core/Src/tim.c **** #include "gpio.h"
  44:Core/Src/tim.c **** 
  45:Core/Src/tim.c **** /* USER CODE BEGIN 0 */
  46:Core/Src/tim.c **** 
  47:Core/Src/tim.c **** #include "defines.h"
  48:Core/Src/tim.c **** 
  49:Core/Src/tim.c **** uint16_t time_period(uint16_t PWM_frequency)
  50:Core/Src/tim.c **** {
  28              		.loc 1 50 0
  29              		.cfi_startproc
  30              		@ args = 0, pretend = 0, frame = 0
  31              		@ frame_needed = 0, uses_anonymous_args = 0
  32              	.LVL0:
  33 0000 10B5     		push	{r4, lr}
  34              	.LCFI0:
  35              		.cfi_def_cfa_offset 8
  36              		.cfi_offset 4, -8
  37              		.cfi_offset 14, -4
  38 0002 0446     		mov	r4, r0
  51:Core/Src/tim.c ****         if (PWM_frequency < 2000) { //MIN PWM_FREQUENCY = 1281.738 for time period to be 16 bit
  39              		.loc 1 51 0
  40 0004 B0F5FA6F 		cmp	r0, #2000
  41 0008 05D3     		bcc	.L4
  42              	.LVL1:
  43              	.L2:
  52:Core/Src/tim.c ****                 _Error_Handler(__FILE__, __LINE__);
  53:Core/Src/tim.c ****         }
  54:Core/Src/tim.c ****         return ((PWM_TIMER_FREQUENCY / 2) / PWM_frequency) - 1; // In Center aligned mode period do
  44              		.loc 1 54 0
  45 000a 0548     		ldr	r0, .L5
  46 000c 90FBF4F0 		sdiv	r0, r0, r4
  47 0010 0138     		subs	r0, r0, #1
  55:Core/Src/tim.c **** }
  48              		.loc 1 55 0
  49 0012 80B2     		uxth	r0, r0
  50 0014 10BD     		pop	{r4, pc}
  51              	.LVL2:
  52              	.L4:
  52:Core/Src/tim.c ****                 _Error_Handler(__FILE__, __LINE__);
  53              		.loc 1 52 0
  54 0016 3421     		movs	r1, #52
  55 0018 0248     		ldr	r0, .L5+4
  56              	.LVL3:
  57 001a FFF7FEFF 		bl	_Error_Handler
  58              	.LVL4:
  59 001e F4E7     		b	.L2
ARM GAS  C:\Users\n-is\AppData\Local\Temp\cchAYS8G.s 			page 3


  60              	.L6:
  61              		.align	2
  62              	.L5:
  63 0020 00BD0105 		.word	84000000
  64 0024 00000000 		.word	.LC0
  65              		.cfi_endproc
  66              	.LFE126:
  68              		.section	.text.MX_TIM3_Init,"ax",%progbits
  69              		.align	1
  70              		.global	MX_TIM3_Init
  71              		.syntax unified
  72              		.thumb
  73              		.thumb_func
  74              		.fpu fpv4-sp-d16
  76              	MX_TIM3_Init:
  77              	.LFB127:
  56:Core/Src/tim.c **** 
  57:Core/Src/tim.c **** /* USER CODE END 0 */
  58:Core/Src/tim.c **** 
  59:Core/Src/tim.c **** TIM_HandleTypeDef htim3;
  60:Core/Src/tim.c **** TIM_HandleTypeDef htim4;
  61:Core/Src/tim.c **** TIM_HandleTypeDef htim5;
  62:Core/Src/tim.c **** TIM_HandleTypeDef htim8;
  63:Core/Src/tim.c **** TIM_HandleTypeDef htim14;
  64:Core/Src/tim.c **** 
  65:Core/Src/tim.c **** /* TIM3 init function */
  66:Core/Src/tim.c **** void MX_TIM3_Init(void)
  67:Core/Src/tim.c **** {
  78              		.loc 1 67 0
  79              		.cfi_startproc
  80              		@ args = 0, pretend = 0, frame = 48
  81              		@ frame_needed = 0, uses_anonymous_args = 0
  82 0000 00B5     		push	{lr}
  83              	.LCFI1:
  84              		.cfi_def_cfa_offset 4
  85              		.cfi_offset 14, -4
  86 0002 8DB0     		sub	sp, sp, #52
  87              	.LCFI2:
  88              		.cfi_def_cfa_offset 56
  68:Core/Src/tim.c ****   TIM_Encoder_InitTypeDef sConfig;
  69:Core/Src/tim.c ****   TIM_MasterConfigTypeDef sMasterConfig;
  70:Core/Src/tim.c **** 
  71:Core/Src/tim.c ****   htim3.Instance = TIM3;
  89              		.loc 1 71 0
  90 0004 1548     		ldr	r0, .L13
  91 0006 164B     		ldr	r3, .L13+4
  92 0008 0360     		str	r3, [r0]
  72:Core/Src/tim.c ****   htim3.Init.Prescaler = 0;
  93              		.loc 1 72 0
  94 000a 0023     		movs	r3, #0
  95 000c 4360     		str	r3, [r0, #4]
  73:Core/Src/tim.c ****   htim3.Init.CounterMode = TIM_COUNTERMODE_UP;
  96              		.loc 1 73 0
  97 000e 8360     		str	r3, [r0, #8]
  74:Core/Src/tim.c ****   htim3.Init.Period = 0;
  98              		.loc 1 74 0
  99 0010 C360     		str	r3, [r0, #12]
ARM GAS  C:\Users\n-is\AppData\Local\Temp\cchAYS8G.s 			page 4


  75:Core/Src/tim.c ****   htim3.Init.ClockDivision = TIM_CLOCKDIVISION_DIV1;
 100              		.loc 1 75 0
 101 0012 0361     		str	r3, [r0, #16]
  76:Core/Src/tim.c ****   sConfig.EncoderMode = TIM_ENCODERMODE_TI1;
 102              		.loc 1 76 0
 103 0014 0122     		movs	r2, #1
 104 0016 0392     		str	r2, [sp, #12]
  77:Core/Src/tim.c ****   sConfig.IC1Polarity = TIM_ICPOLARITY_RISING;
 105              		.loc 1 77 0
 106 0018 0493     		str	r3, [sp, #16]
  78:Core/Src/tim.c ****   sConfig.IC1Selection = TIM_ICSELECTION_DIRECTTI;
 107              		.loc 1 78 0
 108 001a 0592     		str	r2, [sp, #20]
  79:Core/Src/tim.c ****   sConfig.IC1Prescaler = TIM_ICPSC_DIV1;
 109              		.loc 1 79 0
 110 001c 0693     		str	r3, [sp, #24]
  80:Core/Src/tim.c ****   sConfig.IC1Filter = 0;
 111              		.loc 1 80 0
 112 001e 0793     		str	r3, [sp, #28]
  81:Core/Src/tim.c ****   sConfig.IC2Polarity = TIM_ICPOLARITY_RISING;
 113              		.loc 1 81 0
 114 0020 0893     		str	r3, [sp, #32]
  82:Core/Src/tim.c ****   sConfig.IC2Selection = TIM_ICSELECTION_DIRECTTI;
 115              		.loc 1 82 0
 116 0022 0992     		str	r2, [sp, #36]
  83:Core/Src/tim.c ****   sConfig.IC2Prescaler = TIM_ICPSC_DIV1;
 117              		.loc 1 83 0
 118 0024 0A93     		str	r3, [sp, #40]
  84:Core/Src/tim.c ****   sConfig.IC2Filter = 0;
 119              		.loc 1 84 0
 120 0026 0B93     		str	r3, [sp, #44]
  85:Core/Src/tim.c ****   if (HAL_TIM_Encoder_Init(&htim3, &sConfig) != HAL_OK)
 121              		.loc 1 85 0
 122 0028 03A9     		add	r1, sp, #12
 123 002a FFF7FEFF 		bl	HAL_TIM_Encoder_Init
 124              	.LVL5:
 125 002e 50B9     		cbnz	r0, .L11
 126              	.L8:
  86:Core/Src/tim.c ****   {
  87:Core/Src/tim.c ****     _Error_Handler(__FILE__, __LINE__);
  88:Core/Src/tim.c ****   }
  89:Core/Src/tim.c **** 
  90:Core/Src/tim.c ****   sMasterConfig.MasterOutputTrigger = TIM_TRGO_RESET;
 127              		.loc 1 90 0
 128 0030 0023     		movs	r3, #0
 129 0032 0193     		str	r3, [sp, #4]
  91:Core/Src/tim.c ****   sMasterConfig.MasterSlaveMode = TIM_MASTERSLAVEMODE_DISABLE;
 130              		.loc 1 91 0
 131 0034 0293     		str	r3, [sp, #8]
  92:Core/Src/tim.c ****   if (HAL_TIMEx_MasterConfigSynchronization(&htim3, &sMasterConfig) != HAL_OK)
 132              		.loc 1 92 0
 133 0036 01A9     		add	r1, sp, #4
 134 0038 0848     		ldr	r0, .L13
 135 003a FFF7FEFF 		bl	HAL_TIMEx_MasterConfigSynchronization
 136              	.LVL6:
 137 003e 38B9     		cbnz	r0, .L12
 138              	.L7:
ARM GAS  C:\Users\n-is\AppData\Local\Temp\cchAYS8G.s 			page 5


  93:Core/Src/tim.c ****   {
  94:Core/Src/tim.c ****     _Error_Handler(__FILE__, __LINE__);
  95:Core/Src/tim.c ****   }
  96:Core/Src/tim.c **** 
  97:Core/Src/tim.c **** }
 139              		.loc 1 97 0
 140 0040 0DB0     		add	sp, sp, #52
 141              	.LCFI3:
 142              		.cfi_remember_state
 143              		.cfi_def_cfa_offset 4
 144              		@ sp needed
 145 0042 5DF804FB 		ldr	pc, [sp], #4
 146              	.L11:
 147              	.LCFI4:
 148              		.cfi_restore_state
  87:Core/Src/tim.c ****   }
 149              		.loc 1 87 0
 150 0046 5721     		movs	r1, #87
 151 0048 0648     		ldr	r0, .L13+8
 152 004a FFF7FEFF 		bl	_Error_Handler
 153              	.LVL7:
 154 004e EFE7     		b	.L8
 155              	.L12:
  94:Core/Src/tim.c ****   }
 156              		.loc 1 94 0
 157 0050 5E21     		movs	r1, #94
 158 0052 0448     		ldr	r0, .L13+8
 159 0054 FFF7FEFF 		bl	_Error_Handler
 160              	.LVL8:
 161              		.loc 1 97 0
 162 0058 F2E7     		b	.L7
 163              	.L14:
 164 005a 00BF     		.align	2
 165              	.L13:
 166 005c 00000000 		.word	htim3
 167 0060 00040040 		.word	1073742848
 168 0064 00000000 		.word	.LC0
 169              		.cfi_endproc
 170              	.LFE127:
 172              		.section	.text.MX_TIM4_Init,"ax",%progbits
 173              		.align	1
 174              		.global	MX_TIM4_Init
 175              		.syntax unified
 176              		.thumb
 177              		.thumb_func
 178              		.fpu fpv4-sp-d16
 180              	MX_TIM4_Init:
 181              	.LFB128:
  98:Core/Src/tim.c **** /* TIM4 init function */
  99:Core/Src/tim.c **** void MX_TIM4_Init(void)
 100:Core/Src/tim.c **** {
 182              		.loc 1 100 0
 183              		.cfi_startproc
 184              		@ args = 0, pretend = 0, frame = 48
 185              		@ frame_needed = 0, uses_anonymous_args = 0
 186 0000 00B5     		push	{lr}
 187              	.LCFI5:
ARM GAS  C:\Users\n-is\AppData\Local\Temp\cchAYS8G.s 			page 6


 188              		.cfi_def_cfa_offset 4
 189              		.cfi_offset 14, -4
 190 0002 8DB0     		sub	sp, sp, #52
 191              	.LCFI6:
 192              		.cfi_def_cfa_offset 56
 101:Core/Src/tim.c ****   TIM_Encoder_InitTypeDef sConfig;
 102:Core/Src/tim.c ****   TIM_MasterConfigTypeDef sMasterConfig;
 103:Core/Src/tim.c **** 
 104:Core/Src/tim.c ****   htim4.Instance = TIM4;
 193              		.loc 1 104 0
 194 0004 1548     		ldr	r0, .L21
 195 0006 164B     		ldr	r3, .L21+4
 196 0008 0360     		str	r3, [r0]
 105:Core/Src/tim.c ****   htim4.Init.Prescaler = 0;
 197              		.loc 1 105 0
 198 000a 0023     		movs	r3, #0
 199 000c 4360     		str	r3, [r0, #4]
 106:Core/Src/tim.c ****   htim4.Init.CounterMode = TIM_COUNTERMODE_UP;
 200              		.loc 1 106 0
 201 000e 8360     		str	r3, [r0, #8]
 107:Core/Src/tim.c ****   htim4.Init.Period = 0;
 202              		.loc 1 107 0
 203 0010 C360     		str	r3, [r0, #12]
 108:Core/Src/tim.c ****   htim4.Init.ClockDivision = TIM_CLOCKDIVISION_DIV1;
 204              		.loc 1 108 0
 205 0012 0361     		str	r3, [r0, #16]
 109:Core/Src/tim.c ****   sConfig.EncoderMode = TIM_ENCODERMODE_TI1;
 206              		.loc 1 109 0
 207 0014 0122     		movs	r2, #1
 208 0016 0392     		str	r2, [sp, #12]
 110:Core/Src/tim.c ****   sConfig.IC1Polarity = TIM_ICPOLARITY_RISING;
 209              		.loc 1 110 0
 210 0018 0493     		str	r3, [sp, #16]
 111:Core/Src/tim.c ****   sConfig.IC1Selection = TIM_ICSELECTION_DIRECTTI;
 211              		.loc 1 111 0
 212 001a 0592     		str	r2, [sp, #20]
 112:Core/Src/tim.c ****   sConfig.IC1Prescaler = TIM_ICPSC_DIV1;
 213              		.loc 1 112 0
 214 001c 0693     		str	r3, [sp, #24]
 113:Core/Src/tim.c ****   sConfig.IC1Filter = 0;
 215              		.loc 1 113 0
 216 001e 0793     		str	r3, [sp, #28]
 114:Core/Src/tim.c ****   sConfig.IC2Polarity = TIM_ICPOLARITY_RISING;
 217              		.loc 1 114 0
 218 0020 0893     		str	r3, [sp, #32]
 115:Core/Src/tim.c ****   sConfig.IC2Selection = TIM_ICSELECTION_DIRECTTI;
 219              		.loc 1 115 0
 220 0022 0992     		str	r2, [sp, #36]
 116:Core/Src/tim.c ****   sConfig.IC2Prescaler = TIM_ICPSC_DIV1;
 221              		.loc 1 116 0
 222 0024 0A93     		str	r3, [sp, #40]
 117:Core/Src/tim.c ****   sConfig.IC2Filter = 0;
 223              		.loc 1 117 0
 224 0026 0B93     		str	r3, [sp, #44]
 118:Core/Src/tim.c ****   if (HAL_TIM_Encoder_Init(&htim4, &sConfig) != HAL_OK)
 225              		.loc 1 118 0
 226 0028 03A9     		add	r1, sp, #12
ARM GAS  C:\Users\n-is\AppData\Local\Temp\cchAYS8G.s 			page 7


 227 002a FFF7FEFF 		bl	HAL_TIM_Encoder_Init
 228              	.LVL9:
 229 002e 50B9     		cbnz	r0, .L19
 230              	.L16:
 119:Core/Src/tim.c ****   {
 120:Core/Src/tim.c ****     _Error_Handler(__FILE__, __LINE__);
 121:Core/Src/tim.c ****   }
 122:Core/Src/tim.c **** 
 123:Core/Src/tim.c ****   sMasterConfig.MasterOutputTrigger = TIM_TRGO_RESET;
 231              		.loc 1 123 0
 232 0030 0023     		movs	r3, #0
 233 0032 0193     		str	r3, [sp, #4]
 124:Core/Src/tim.c ****   sMasterConfig.MasterSlaveMode = TIM_MASTERSLAVEMODE_DISABLE;
 234              		.loc 1 124 0
 235 0034 0293     		str	r3, [sp, #8]
 125:Core/Src/tim.c ****   if (HAL_TIMEx_MasterConfigSynchronization(&htim4, &sMasterConfig) != HAL_OK)
 236              		.loc 1 125 0
 237 0036 01A9     		add	r1, sp, #4
 238 0038 0848     		ldr	r0, .L21
 239 003a FFF7FEFF 		bl	HAL_TIMEx_MasterConfigSynchronization
 240              	.LVL10:
 241 003e 38B9     		cbnz	r0, .L20
 242              	.L15:
 126:Core/Src/tim.c ****   {
 127:Core/Src/tim.c ****     _Error_Handler(__FILE__, __LINE__);
 128:Core/Src/tim.c ****   }
 129:Core/Src/tim.c **** 
 130:Core/Src/tim.c **** }
 243              		.loc 1 130 0
 244 0040 0DB0     		add	sp, sp, #52
 245              	.LCFI7:
 246              		.cfi_remember_state
 247              		.cfi_def_cfa_offset 4
 248              		@ sp needed
 249 0042 5DF804FB 		ldr	pc, [sp], #4
 250              	.L19:
 251              	.LCFI8:
 252              		.cfi_restore_state
 120:Core/Src/tim.c ****   }
 253              		.loc 1 120 0
 254 0046 7821     		movs	r1, #120
 255 0048 0648     		ldr	r0, .L21+8
 256 004a FFF7FEFF 		bl	_Error_Handler
 257              	.LVL11:
 258 004e EFE7     		b	.L16
 259              	.L20:
 127:Core/Src/tim.c ****   }
 260              		.loc 1 127 0
 261 0050 7F21     		movs	r1, #127
 262 0052 0448     		ldr	r0, .L21+8
 263 0054 FFF7FEFF 		bl	_Error_Handler
 264              	.LVL12:
 265              		.loc 1 130 0
 266 0058 F2E7     		b	.L15
 267              	.L22:
 268 005a 00BF     		.align	2
 269              	.L21:
ARM GAS  C:\Users\n-is\AppData\Local\Temp\cchAYS8G.s 			page 8


 270 005c 00000000 		.word	htim4
 271 0060 00080040 		.word	1073743872
 272 0064 00000000 		.word	.LC0
 273              		.cfi_endproc
 274              	.LFE128:
 276              		.section	.text.MX_TIM5_Init,"ax",%progbits
 277              		.align	1
 278              		.global	MX_TIM5_Init
 279              		.syntax unified
 280              		.thumb
 281              		.thumb_func
 282              		.fpu fpv4-sp-d16
 284              	MX_TIM5_Init:
 285              	.LFB129:
 131:Core/Src/tim.c **** /* TIM5 init function */
 132:Core/Src/tim.c **** void MX_TIM5_Init(void)
 133:Core/Src/tim.c **** {
 286              		.loc 1 133 0
 287              		.cfi_startproc
 288              		@ args = 0, pretend = 0, frame = 48
 289              		@ frame_needed = 0, uses_anonymous_args = 0
 290 0000 00B5     		push	{lr}
 291              	.LCFI9:
 292              		.cfi_def_cfa_offset 4
 293              		.cfi_offset 14, -4
 294 0002 8DB0     		sub	sp, sp, #52
 295              	.LCFI10:
 296              		.cfi_def_cfa_offset 56
 134:Core/Src/tim.c ****   TIM_Encoder_InitTypeDef sConfig;
 135:Core/Src/tim.c ****   TIM_MasterConfigTypeDef sMasterConfig;
 136:Core/Src/tim.c **** 
 137:Core/Src/tim.c ****   htim5.Instance = TIM5;
 297              		.loc 1 137 0
 298 0004 1548     		ldr	r0, .L29
 299 0006 164B     		ldr	r3, .L29+4
 300 0008 0360     		str	r3, [r0]
 138:Core/Src/tim.c ****   htim5.Init.Prescaler = 0;
 301              		.loc 1 138 0
 302 000a 0023     		movs	r3, #0
 303 000c 4360     		str	r3, [r0, #4]
 139:Core/Src/tim.c ****   htim5.Init.CounterMode = TIM_COUNTERMODE_UP;
 304              		.loc 1 139 0
 305 000e 8360     		str	r3, [r0, #8]
 140:Core/Src/tim.c ****   htim5.Init.Period = 0;
 306              		.loc 1 140 0
 307 0010 C360     		str	r3, [r0, #12]
 141:Core/Src/tim.c ****   htim5.Init.ClockDivision = TIM_CLOCKDIVISION_DIV1;
 308              		.loc 1 141 0
 309 0012 0361     		str	r3, [r0, #16]
 142:Core/Src/tim.c ****   sConfig.EncoderMode = TIM_ENCODERMODE_TI1;
 310              		.loc 1 142 0
 311 0014 0122     		movs	r2, #1
 312 0016 0392     		str	r2, [sp, #12]
 143:Core/Src/tim.c ****   sConfig.IC1Polarity = TIM_ICPOLARITY_RISING;
 313              		.loc 1 143 0
 314 0018 0493     		str	r3, [sp, #16]
 144:Core/Src/tim.c ****   sConfig.IC1Selection = TIM_ICSELECTION_DIRECTTI;
ARM GAS  C:\Users\n-is\AppData\Local\Temp\cchAYS8G.s 			page 9


 315              		.loc 1 144 0
 316 001a 0592     		str	r2, [sp, #20]
 145:Core/Src/tim.c ****   sConfig.IC1Prescaler = TIM_ICPSC_DIV1;
 317              		.loc 1 145 0
 318 001c 0693     		str	r3, [sp, #24]
 146:Core/Src/tim.c ****   sConfig.IC1Filter = 0;
 319              		.loc 1 146 0
 320 001e 0793     		str	r3, [sp, #28]
 147:Core/Src/tim.c ****   sConfig.IC2Polarity = TIM_ICPOLARITY_RISING;
 321              		.loc 1 147 0
 322 0020 0893     		str	r3, [sp, #32]
 148:Core/Src/tim.c ****   sConfig.IC2Selection = TIM_ICSELECTION_DIRECTTI;
 323              		.loc 1 148 0
 324 0022 0992     		str	r2, [sp, #36]
 149:Core/Src/tim.c ****   sConfig.IC2Prescaler = TIM_ICPSC_DIV1;
 325              		.loc 1 149 0
 326 0024 0A93     		str	r3, [sp, #40]
 150:Core/Src/tim.c ****   sConfig.IC2Filter = 0;
 327              		.loc 1 150 0
 328 0026 0B93     		str	r3, [sp, #44]
 151:Core/Src/tim.c ****   if (HAL_TIM_Encoder_Init(&htim5, &sConfig) != HAL_OK)
 329              		.loc 1 151 0
 330 0028 03A9     		add	r1, sp, #12
 331 002a FFF7FEFF 		bl	HAL_TIM_Encoder_Init
 332              	.LVL13:
 333 002e 50B9     		cbnz	r0, .L27
 334              	.L24:
 152:Core/Src/tim.c ****   {
 153:Core/Src/tim.c ****     _Error_Handler(__FILE__, __LINE__);
 154:Core/Src/tim.c ****   }
 155:Core/Src/tim.c **** 
 156:Core/Src/tim.c ****   sMasterConfig.MasterOutputTrigger = TIM_TRGO_RESET;
 335              		.loc 1 156 0
 336 0030 0023     		movs	r3, #0
 337 0032 0193     		str	r3, [sp, #4]
 157:Core/Src/tim.c ****   sMasterConfig.MasterSlaveMode = TIM_MASTERSLAVEMODE_DISABLE;
 338              		.loc 1 157 0
 339 0034 0293     		str	r3, [sp, #8]
 158:Core/Src/tim.c ****   if (HAL_TIMEx_MasterConfigSynchronization(&htim5, &sMasterConfig) != HAL_OK)
 340              		.loc 1 158 0
 341 0036 01A9     		add	r1, sp, #4
 342 0038 0848     		ldr	r0, .L29
 343 003a FFF7FEFF 		bl	HAL_TIMEx_MasterConfigSynchronization
 344              	.LVL14:
 345 003e 38B9     		cbnz	r0, .L28
 346              	.L23:
 159:Core/Src/tim.c ****   {
 160:Core/Src/tim.c ****     _Error_Handler(__FILE__, __LINE__);
 161:Core/Src/tim.c ****   }
 162:Core/Src/tim.c **** 
 163:Core/Src/tim.c **** }
 347              		.loc 1 163 0
 348 0040 0DB0     		add	sp, sp, #52
 349              	.LCFI11:
 350              		.cfi_remember_state
 351              		.cfi_def_cfa_offset 4
 352              		@ sp needed
ARM GAS  C:\Users\n-is\AppData\Local\Temp\cchAYS8G.s 			page 10


 353 0042 5DF804FB 		ldr	pc, [sp], #4
 354              	.L27:
 355              	.LCFI12:
 356              		.cfi_restore_state
 153:Core/Src/tim.c ****   }
 357              		.loc 1 153 0
 358 0046 9921     		movs	r1, #153
 359 0048 0648     		ldr	r0, .L29+8
 360 004a FFF7FEFF 		bl	_Error_Handler
 361              	.LVL15:
 362 004e EFE7     		b	.L24
 363              	.L28:
 160:Core/Src/tim.c ****   }
 364              		.loc 1 160 0
 365 0050 A021     		movs	r1, #160
 366 0052 0448     		ldr	r0, .L29+8
 367 0054 FFF7FEFF 		bl	_Error_Handler
 368              	.LVL16:
 369              		.loc 1 163 0
 370 0058 F2E7     		b	.L23
 371              	.L30:
 372 005a 00BF     		.align	2
 373              	.L29:
 374 005c 00000000 		.word	htim5
 375 0060 000C0040 		.word	1073744896
 376 0064 00000000 		.word	.LC0
 377              		.cfi_endproc
 378              	.LFE129:
 380              		.section	.text.MX_TIM14_Init,"ax",%progbits
 381              		.align	1
 382              		.global	MX_TIM14_Init
 383              		.syntax unified
 384              		.thumb
 385              		.thumb_func
 386              		.fpu fpv4-sp-d16
 388              	MX_TIM14_Init:
 389              	.LFB131:
 164:Core/Src/tim.c **** /* TIM8 init function */
 165:Core/Src/tim.c **** void MX_TIM8_Init(void)
 166:Core/Src/tim.c **** {
 167:Core/Src/tim.c ****   TIM_MasterConfigTypeDef sMasterConfig;
 168:Core/Src/tim.c ****   TIM_OC_InitTypeDef sConfigOC;
 169:Core/Src/tim.c ****   TIM_BreakDeadTimeConfigTypeDef sBreakDeadTimeConfig;
 170:Core/Src/tim.c **** 
 171:Core/Src/tim.c ****   htim8.Instance = TIM8;
 172:Core/Src/tim.c ****   htim8.Init.Prescaler = 0;
 173:Core/Src/tim.c ****   htim8.Init.CounterMode = TIM_COUNTERMODE_CENTERALIGNED1;
 174:Core/Src/tim.c ****   htim8.Init.Period = 10000;
 175:Core/Src/tim.c ****   htim8.Init.ClockDivision = TIM_CLOCKDIVISION_DIV1;
 176:Core/Src/tim.c ****   htim8.Init.RepetitionCounter = 0;
 177:Core/Src/tim.c ****   if (HAL_TIM_PWM_Init(&htim8) != HAL_OK)
 178:Core/Src/tim.c ****   {
 179:Core/Src/tim.c ****     _Error_Handler(__FILE__, __LINE__);
 180:Core/Src/tim.c ****   }
 181:Core/Src/tim.c **** 
 182:Core/Src/tim.c ****   sMasterConfig.MasterOutputTrigger = TIM_TRGO_RESET;
 183:Core/Src/tim.c ****   sMasterConfig.MasterSlaveMode = TIM_MASTERSLAVEMODE_DISABLE;
ARM GAS  C:\Users\n-is\AppData\Local\Temp\cchAYS8G.s 			page 11


 184:Core/Src/tim.c ****   if (HAL_TIMEx_MasterConfigSynchronization(&htim8, &sMasterConfig) != HAL_OK)
 185:Core/Src/tim.c ****   {
 186:Core/Src/tim.c ****     _Error_Handler(__FILE__, __LINE__);
 187:Core/Src/tim.c ****   }
 188:Core/Src/tim.c **** 
 189:Core/Src/tim.c ****   sConfigOC.OCMode = TIM_OCMODE_PWM1;
 190:Core/Src/tim.c ****   sConfigOC.Pulse = 0;
 191:Core/Src/tim.c ****   sConfigOC.OCPolarity = TIM_OCPOLARITY_HIGH;
 192:Core/Src/tim.c ****   sConfigOC.OCNPolarity = TIM_OCNPOLARITY_HIGH;
 193:Core/Src/tim.c ****   sConfigOC.OCFastMode = TIM_OCFAST_DISABLE;
 194:Core/Src/tim.c ****   sConfigOC.OCIdleState = TIM_OCIDLESTATE_RESET;
 195:Core/Src/tim.c ****   sConfigOC.OCNIdleState = TIM_OCNIDLESTATE_RESET;
 196:Core/Src/tim.c ****   if (HAL_TIM_PWM_ConfigChannel(&htim8, &sConfigOC, TIM_CHANNEL_1) != HAL_OK)
 197:Core/Src/tim.c ****   {
 198:Core/Src/tim.c ****     _Error_Handler(__FILE__, __LINE__);
 199:Core/Src/tim.c ****   }
 200:Core/Src/tim.c **** 
 201:Core/Src/tim.c ****   if (HAL_TIM_PWM_ConfigChannel(&htim8, &sConfigOC, TIM_CHANNEL_2) != HAL_OK)
 202:Core/Src/tim.c ****   {
 203:Core/Src/tim.c ****     _Error_Handler(__FILE__, __LINE__);
 204:Core/Src/tim.c ****   }
 205:Core/Src/tim.c **** 
 206:Core/Src/tim.c ****   if (HAL_TIM_PWM_ConfigChannel(&htim8, &sConfigOC, TIM_CHANNEL_3) != HAL_OK)
 207:Core/Src/tim.c ****   {
 208:Core/Src/tim.c ****     _Error_Handler(__FILE__, __LINE__);
 209:Core/Src/tim.c ****   }
 210:Core/Src/tim.c **** 
 211:Core/Src/tim.c ****   if (HAL_TIM_PWM_ConfigChannel(&htim8, &sConfigOC, TIM_CHANNEL_4) != HAL_OK)
 212:Core/Src/tim.c ****   {
 213:Core/Src/tim.c ****     _Error_Handler(__FILE__, __LINE__);
 214:Core/Src/tim.c ****   }
 215:Core/Src/tim.c **** 
 216:Core/Src/tim.c ****   sBreakDeadTimeConfig.OffStateRunMode = TIM_OSSR_DISABLE;
 217:Core/Src/tim.c ****   sBreakDeadTimeConfig.OffStateIDLEMode = TIM_OSSI_DISABLE;
 218:Core/Src/tim.c ****   sBreakDeadTimeConfig.LockLevel = TIM_LOCKLEVEL_OFF;
 219:Core/Src/tim.c ****   sBreakDeadTimeConfig.DeadTime = 0;
 220:Core/Src/tim.c ****   sBreakDeadTimeConfig.BreakState = TIM_BREAK_DISABLE;
 221:Core/Src/tim.c ****   sBreakDeadTimeConfig.BreakPolarity = TIM_BREAKPOLARITY_HIGH;
 222:Core/Src/tim.c ****   sBreakDeadTimeConfig.AutomaticOutput = TIM_AUTOMATICOUTPUT_DISABLE;
 223:Core/Src/tim.c ****   if (HAL_TIMEx_ConfigBreakDeadTime(&htim8, &sBreakDeadTimeConfig) != HAL_OK)
 224:Core/Src/tim.c ****   {
 225:Core/Src/tim.c ****     _Error_Handler(__FILE__, __LINE__);
 226:Core/Src/tim.c ****   }
 227:Core/Src/tim.c **** 
 228:Core/Src/tim.c ****   HAL_TIM_MspPostInit(&htim8);
 229:Core/Src/tim.c **** 
 230:Core/Src/tim.c **** }
 231:Core/Src/tim.c **** /* TIM14 init function */
 232:Core/Src/tim.c **** void MX_TIM14_Init(void)
 233:Core/Src/tim.c **** {
 390              		.loc 1 233 0
 391              		.cfi_startproc
 392              		@ args = 0, pretend = 0, frame = 0
 393              		@ frame_needed = 0, uses_anonymous_args = 0
 394 0000 08B5     		push	{r3, lr}
 395              	.LCFI13:
 396              		.cfi_def_cfa_offset 8
ARM GAS  C:\Users\n-is\AppData\Local\Temp\cchAYS8G.s 			page 12


 397              		.cfi_offset 3, -8
 398              		.cfi_offset 14, -4
 234:Core/Src/tim.c **** 
 235:Core/Src/tim.c ****   htim14.Instance = TIM14;
 399              		.loc 1 235 0
 400 0002 0A48     		ldr	r0, .L35
 401 0004 0A4B     		ldr	r3, .L35+4
 402 0006 0360     		str	r3, [r0]
 236:Core/Src/tim.c ****   htim14.Init.Prescaler = 41999;
 403              		.loc 1 236 0
 404 0008 4AF20F43 		movw	r3, #41999
 405 000c 4360     		str	r3, [r0, #4]
 237:Core/Src/tim.c ****   htim14.Init.CounterMode = TIM_COUNTERMODE_UP;
 406              		.loc 1 237 0
 407 000e 0023     		movs	r3, #0
 408 0010 8360     		str	r3, [r0, #8]
 238:Core/Src/tim.c ****   htim14.Init.Period = 9999;
 409              		.loc 1 238 0
 410 0012 42F20F72 		movw	r2, #9999
 411 0016 C260     		str	r2, [r0, #12]
 239:Core/Src/tim.c ****   htim14.Init.ClockDivision = TIM_CLOCKDIVISION_DIV1;
 412              		.loc 1 239 0
 413 0018 0361     		str	r3, [r0, #16]
 240:Core/Src/tim.c ****   if (HAL_TIM_Base_Init(&htim14) != HAL_OK)
 414              		.loc 1 240 0
 415 001a FFF7FEFF 		bl	HAL_TIM_Base_Init
 416              	.LVL17:
 417 001e 00B9     		cbnz	r0, .L34
 418              	.L31:
 241:Core/Src/tim.c ****   {
 242:Core/Src/tim.c ****     _Error_Handler(__FILE__, __LINE__);
 243:Core/Src/tim.c ****   }
 244:Core/Src/tim.c **** 
 245:Core/Src/tim.c **** }
 419              		.loc 1 245 0
 420 0020 08BD     		pop	{r3, pc}
 421              	.L34:
 242:Core/Src/tim.c ****   }
 422              		.loc 1 242 0
 423 0022 F221     		movs	r1, #242
 424 0024 0348     		ldr	r0, .L35+8
 425 0026 FFF7FEFF 		bl	_Error_Handler
 426              	.LVL18:
 427              		.loc 1 245 0
 428 002a F9E7     		b	.L31
 429              	.L36:
 430              		.align	2
 431              	.L35:
 432 002c 00000000 		.word	htim14
 433 0030 00200040 		.word	1073750016
 434 0034 00000000 		.word	.LC0
 435              		.cfi_endproc
 436              	.LFE131:
 438              		.section	.text.HAL_TIM_Encoder_MspInit,"ax",%progbits
 439              		.align	1
 440              		.global	HAL_TIM_Encoder_MspInit
 441              		.syntax unified
ARM GAS  C:\Users\n-is\AppData\Local\Temp\cchAYS8G.s 			page 13


 442              		.thumb
 443              		.thumb_func
 444              		.fpu fpv4-sp-d16
 446              	HAL_TIM_Encoder_MspInit:
 447              	.LFB132:
 246:Core/Src/tim.c **** 
 247:Core/Src/tim.c **** void HAL_TIM_Encoder_MspInit(TIM_HandleTypeDef* tim_encoderHandle)
 248:Core/Src/tim.c **** {
 448              		.loc 1 248 0
 449              		.cfi_startproc
 450              		@ args = 0, pretend = 0, frame = 32
 451              		@ frame_needed = 0, uses_anonymous_args = 0
 452              	.LVL19:
 453 0000 00B5     		push	{lr}
 454              	.LCFI14:
 455              		.cfi_def_cfa_offset 4
 456              		.cfi_offset 14, -4
 457 0002 89B0     		sub	sp, sp, #36
 458              	.LCFI15:
 459              		.cfi_def_cfa_offset 40
 249:Core/Src/tim.c **** 
 250:Core/Src/tim.c ****   GPIO_InitTypeDef GPIO_InitStruct;
 251:Core/Src/tim.c ****   if(tim_encoderHandle->Instance==TIM3)
 460              		.loc 1 251 0
 461 0004 0368     		ldr	r3, [r0]
 462 0006 2C4A     		ldr	r2, .L45
 463 0008 9342     		cmp	r3, r2
 464 000a 08D0     		beq	.L42
 252:Core/Src/tim.c ****   {
 253:Core/Src/tim.c ****   /* USER CODE BEGIN TIM3_MspInit 0 */
 254:Core/Src/tim.c **** 
 255:Core/Src/tim.c ****   /* USER CODE END TIM3_MspInit 0 */
 256:Core/Src/tim.c ****     /* TIM3 clock enable */
 257:Core/Src/tim.c ****     __HAL_RCC_TIM3_CLK_ENABLE();
 258:Core/Src/tim.c ****   
 259:Core/Src/tim.c ****     /**TIM3 GPIO Configuration    
 260:Core/Src/tim.c ****     PA6     ------> TIM3_CH1
 261:Core/Src/tim.c ****     PA7     ------> TIM3_CH2 
 262:Core/Src/tim.c ****     */
 263:Core/Src/tim.c ****     GPIO_InitStruct.Pin = GPIO_PIN_6|GPIO_PIN_7;
 264:Core/Src/tim.c ****     GPIO_InitStruct.Mode = GPIO_MODE_AF_PP;
 265:Core/Src/tim.c ****     GPIO_InitStruct.Pull = GPIO_NOPULL;
 266:Core/Src/tim.c ****     GPIO_InitStruct.Speed = GPIO_SPEED_FREQ_LOW;
 267:Core/Src/tim.c ****     GPIO_InitStruct.Alternate = GPIO_AF2_TIM3;
 268:Core/Src/tim.c ****     HAL_GPIO_Init(GPIOA, &GPIO_InitStruct);
 269:Core/Src/tim.c **** 
 270:Core/Src/tim.c ****   /* USER CODE BEGIN TIM3_MspInit 1 */
 271:Core/Src/tim.c **** 
 272:Core/Src/tim.c ****   /* USER CODE END TIM3_MspInit 1 */
 273:Core/Src/tim.c ****   }
 274:Core/Src/tim.c ****   else if(tim_encoderHandle->Instance==TIM4)
 465              		.loc 1 274 0
 466 000c 2B4A     		ldr	r2, .L45+4
 467 000e 9342     		cmp	r3, r2
 468 0010 1ED0     		beq	.L43
 275:Core/Src/tim.c ****   {
 276:Core/Src/tim.c ****   /* USER CODE BEGIN TIM4_MspInit 0 */
ARM GAS  C:\Users\n-is\AppData\Local\Temp\cchAYS8G.s 			page 14


 277:Core/Src/tim.c **** 
 278:Core/Src/tim.c ****   /* USER CODE END TIM4_MspInit 0 */
 279:Core/Src/tim.c ****     /* TIM4 clock enable */
 280:Core/Src/tim.c ****     __HAL_RCC_TIM4_CLK_ENABLE();
 281:Core/Src/tim.c ****   
 282:Core/Src/tim.c ****     /**TIM4 GPIO Configuration    
 283:Core/Src/tim.c ****     PD12     ------> TIM4_CH1
 284:Core/Src/tim.c ****     PD13     ------> TIM4_CH2 
 285:Core/Src/tim.c ****     */
 286:Core/Src/tim.c ****     GPIO_InitStruct.Pin = GPIO_PIN_12|GPIO_PIN_13;
 287:Core/Src/tim.c ****     GPIO_InitStruct.Mode = GPIO_MODE_AF_PP;
 288:Core/Src/tim.c ****     GPIO_InitStruct.Pull = GPIO_NOPULL;
 289:Core/Src/tim.c ****     GPIO_InitStruct.Speed = GPIO_SPEED_FREQ_LOW;
 290:Core/Src/tim.c ****     GPIO_InitStruct.Alternate = GPIO_AF2_TIM4;
 291:Core/Src/tim.c ****     HAL_GPIO_Init(GPIOD, &GPIO_InitStruct);
 292:Core/Src/tim.c **** 
 293:Core/Src/tim.c ****   /* USER CODE BEGIN TIM4_MspInit 1 */
 294:Core/Src/tim.c **** 
 295:Core/Src/tim.c ****   /* USER CODE END TIM4_MspInit 1 */
 296:Core/Src/tim.c ****   }
 297:Core/Src/tim.c ****   else if(tim_encoderHandle->Instance==TIM5)
 469              		.loc 1 297 0
 470 0012 2B4A     		ldr	r2, .L45+8
 471 0014 9342     		cmp	r3, r2
 472 0016 35D0     		beq	.L44
 473              	.LVL20:
 474              	.L37:
 298:Core/Src/tim.c ****   {
 299:Core/Src/tim.c ****   /* USER CODE BEGIN TIM5_MspInit 0 */
 300:Core/Src/tim.c **** 
 301:Core/Src/tim.c ****   /* USER CODE END TIM5_MspInit 0 */
 302:Core/Src/tim.c ****     /* TIM5 clock enable */
 303:Core/Src/tim.c ****     __HAL_RCC_TIM5_CLK_ENABLE();
 304:Core/Src/tim.c ****   
 305:Core/Src/tim.c ****     /**TIM5 GPIO Configuration    
 306:Core/Src/tim.c ****     PA0-WKUP     ------> TIM5_CH1
 307:Core/Src/tim.c ****     PA1     ------> TIM5_CH2 
 308:Core/Src/tim.c ****     */
 309:Core/Src/tim.c ****     GPIO_InitStruct.Pin = GPIO_PIN_0|GPIO_PIN_1;
 310:Core/Src/tim.c ****     GPIO_InitStruct.Mode = GPIO_MODE_AF_PP;
 311:Core/Src/tim.c ****     GPIO_InitStruct.Pull = GPIO_NOPULL;
 312:Core/Src/tim.c ****     GPIO_InitStruct.Speed = GPIO_SPEED_FREQ_LOW;
 313:Core/Src/tim.c ****     GPIO_InitStruct.Alternate = GPIO_AF2_TIM5;
 314:Core/Src/tim.c ****     HAL_GPIO_Init(GPIOA, &GPIO_InitStruct);
 315:Core/Src/tim.c **** 
 316:Core/Src/tim.c ****   /* USER CODE BEGIN TIM5_MspInit 1 */
 317:Core/Src/tim.c **** 
 318:Core/Src/tim.c ****   /* USER CODE END TIM5_MspInit 1 */
 319:Core/Src/tim.c ****   }
 320:Core/Src/tim.c **** }
 475              		.loc 1 320 0
 476 0018 09B0     		add	sp, sp, #36
 477              	.LCFI16:
 478              		.cfi_remember_state
 479              		.cfi_def_cfa_offset 4
 480              		@ sp needed
 481 001a 5DF804FB 		ldr	pc, [sp], #4
ARM GAS  C:\Users\n-is\AppData\Local\Temp\cchAYS8G.s 			page 15


 482              	.LVL21:
 483              	.L42:
 484              	.LCFI17:
 485              		.cfi_restore_state
 486              	.LBB2:
 257:Core/Src/tim.c ****   
 487              		.loc 1 257 0
 488 001e 0023     		movs	r3, #0
 489 0020 0093     		str	r3, [sp]
 490 0022 02F50D32 		add	r2, r2, #144384
 491 0026 116C     		ldr	r1, [r2, #64]
 492 0028 41F00201 		orr	r1, r1, #2
 493 002c 1164     		str	r1, [r2, #64]
 494 002e 126C     		ldr	r2, [r2, #64]
 495 0030 02F00202 		and	r2, r2, #2
 496 0034 0092     		str	r2, [sp]
 497 0036 009A     		ldr	r2, [sp]
 498              	.LBE2:
 263:Core/Src/tim.c ****     GPIO_InitStruct.Mode = GPIO_MODE_AF_PP;
 499              		.loc 1 263 0
 500 0038 C022     		movs	r2, #192
 501 003a 0392     		str	r2, [sp, #12]
 264:Core/Src/tim.c ****     GPIO_InitStruct.Pull = GPIO_NOPULL;
 502              		.loc 1 264 0
 503 003c 0222     		movs	r2, #2
 504 003e 0492     		str	r2, [sp, #16]
 265:Core/Src/tim.c ****     GPIO_InitStruct.Speed = GPIO_SPEED_FREQ_LOW;
 505              		.loc 1 265 0
 506 0040 0593     		str	r3, [sp, #20]
 266:Core/Src/tim.c ****     GPIO_InitStruct.Alternate = GPIO_AF2_TIM3;
 507              		.loc 1 266 0
 508 0042 0693     		str	r3, [sp, #24]
 267:Core/Src/tim.c ****     HAL_GPIO_Init(GPIOA, &GPIO_InitStruct);
 509              		.loc 1 267 0
 510 0044 0792     		str	r2, [sp, #28]
 268:Core/Src/tim.c **** 
 511              		.loc 1 268 0
 512 0046 03A9     		add	r1, sp, #12
 513 0048 1E48     		ldr	r0, .L45+12
 514              	.LVL22:
 515 004a FFF7FEFF 		bl	HAL_GPIO_Init
 516              	.LVL23:
 517 004e E3E7     		b	.L37
 518              	.LVL24:
 519              	.L43:
 520              	.LBB3:
 280:Core/Src/tim.c ****   
 521              		.loc 1 280 0
 522 0050 0023     		movs	r3, #0
 523 0052 0193     		str	r3, [sp, #4]
 524 0054 02F50C32 		add	r2, r2, #143360
 525 0058 116C     		ldr	r1, [r2, #64]
 526 005a 41F00401 		orr	r1, r1, #4
 527 005e 1164     		str	r1, [r2, #64]
 528 0060 126C     		ldr	r2, [r2, #64]
 529 0062 02F00402 		and	r2, r2, #4
 530 0066 0192     		str	r2, [sp, #4]
ARM GAS  C:\Users\n-is\AppData\Local\Temp\cchAYS8G.s 			page 16


 531 0068 019A     		ldr	r2, [sp, #4]
 532              	.LBE3:
 286:Core/Src/tim.c ****     GPIO_InitStruct.Mode = GPIO_MODE_AF_PP;
 533              		.loc 1 286 0
 534 006a 4FF44052 		mov	r2, #12288
 535 006e 0392     		str	r2, [sp, #12]
 287:Core/Src/tim.c ****     GPIO_InitStruct.Pull = GPIO_NOPULL;
 536              		.loc 1 287 0
 537 0070 0222     		movs	r2, #2
 538 0072 0492     		str	r2, [sp, #16]
 288:Core/Src/tim.c ****     GPIO_InitStruct.Speed = GPIO_SPEED_FREQ_LOW;
 539              		.loc 1 288 0
 540 0074 0593     		str	r3, [sp, #20]
 289:Core/Src/tim.c ****     GPIO_InitStruct.Alternate = GPIO_AF2_TIM4;
 541              		.loc 1 289 0
 542 0076 0693     		str	r3, [sp, #24]
 290:Core/Src/tim.c ****     HAL_GPIO_Init(GPIOD, &GPIO_InitStruct);
 543              		.loc 1 290 0
 544 0078 0792     		str	r2, [sp, #28]
 291:Core/Src/tim.c **** 
 545              		.loc 1 291 0
 546 007a 03A9     		add	r1, sp, #12
 547 007c 1248     		ldr	r0, .L45+16
 548              	.LVL25:
 549 007e FFF7FEFF 		bl	HAL_GPIO_Init
 550              	.LVL26:
 551 0082 C9E7     		b	.L37
 552              	.LVL27:
 553              	.L44:
 554              	.LBB4:
 303:Core/Src/tim.c ****   
 555              		.loc 1 303 0
 556 0084 0023     		movs	r3, #0
 557 0086 0293     		str	r3, [sp, #8]
 558 0088 02F50B32 		add	r2, r2, #142336
 559 008c 116C     		ldr	r1, [r2, #64]
 560 008e 41F00801 		orr	r1, r1, #8
 561 0092 1164     		str	r1, [r2, #64]
 562 0094 126C     		ldr	r2, [r2, #64]
 563 0096 02F00802 		and	r2, r2, #8
 564 009a 0292     		str	r2, [sp, #8]
 565 009c 029A     		ldr	r2, [sp, #8]
 566              	.LBE4:
 309:Core/Src/tim.c ****     GPIO_InitStruct.Mode = GPIO_MODE_AF_PP;
 567              		.loc 1 309 0
 568 009e 0322     		movs	r2, #3
 569 00a0 0392     		str	r2, [sp, #12]
 310:Core/Src/tim.c ****     GPIO_InitStruct.Pull = GPIO_NOPULL;
 570              		.loc 1 310 0
 571 00a2 0222     		movs	r2, #2
 572 00a4 0492     		str	r2, [sp, #16]
 311:Core/Src/tim.c ****     GPIO_InitStruct.Speed = GPIO_SPEED_FREQ_LOW;
 573              		.loc 1 311 0
 574 00a6 0593     		str	r3, [sp, #20]
 312:Core/Src/tim.c ****     GPIO_InitStruct.Alternate = GPIO_AF2_TIM5;
 575              		.loc 1 312 0
 576 00a8 0693     		str	r3, [sp, #24]
ARM GAS  C:\Users\n-is\AppData\Local\Temp\cchAYS8G.s 			page 17


 313:Core/Src/tim.c ****     HAL_GPIO_Init(GPIOA, &GPIO_InitStruct);
 577              		.loc 1 313 0
 578 00aa 0792     		str	r2, [sp, #28]
 314:Core/Src/tim.c **** 
 579              		.loc 1 314 0
 580 00ac 03A9     		add	r1, sp, #12
 581 00ae 0548     		ldr	r0, .L45+12
 582              	.LVL28:
 583 00b0 FFF7FEFF 		bl	HAL_GPIO_Init
 584              	.LVL29:
 585              		.loc 1 320 0
 586 00b4 B0E7     		b	.L37
 587              	.L46:
 588 00b6 00BF     		.align	2
 589              	.L45:
 590 00b8 00040040 		.word	1073742848
 591 00bc 00080040 		.word	1073743872
 592 00c0 000C0040 		.word	1073744896
 593 00c4 00000240 		.word	1073872896
 594 00c8 000C0240 		.word	1073875968
 595              		.cfi_endproc
 596              	.LFE132:
 598              		.section	.text.HAL_TIM_PWM_MspInit,"ax",%progbits
 599              		.align	1
 600              		.global	HAL_TIM_PWM_MspInit
 601              		.syntax unified
 602              		.thumb
 603              		.thumb_func
 604              		.fpu fpv4-sp-d16
 606              	HAL_TIM_PWM_MspInit:
 607              	.LFB133:
 321:Core/Src/tim.c **** 
 322:Core/Src/tim.c **** void HAL_TIM_PWM_MspInit(TIM_HandleTypeDef* tim_pwmHandle)
 323:Core/Src/tim.c **** {
 608              		.loc 1 323 0
 609              		.cfi_startproc
 610              		@ args = 0, pretend = 0, frame = 8
 611              		@ frame_needed = 0, uses_anonymous_args = 0
 612              	.LVL30:
 324:Core/Src/tim.c **** 
 325:Core/Src/tim.c ****   if(tim_pwmHandle->Instance==TIM8)
 613              		.loc 1 325 0
 614 0000 0268     		ldr	r2, [r0]
 615 0002 0E4B     		ldr	r3, .L54
 616 0004 9A42     		cmp	r2, r3
 617 0006 00D0     		beq	.L53
 618 0008 7047     		bx	lr
 619              	.L53:
 323:Core/Src/tim.c **** 
 620              		.loc 1 323 0
 621 000a 00B5     		push	{lr}
 622              	.LCFI18:
 623              		.cfi_def_cfa_offset 4
 624              		.cfi_offset 14, -4
 625 000c 83B0     		sub	sp, sp, #12
 626              	.LCFI19:
 627              		.cfi_def_cfa_offset 16
ARM GAS  C:\Users\n-is\AppData\Local\Temp\cchAYS8G.s 			page 18


 628              	.LBB5:
 326:Core/Src/tim.c ****   {
 327:Core/Src/tim.c ****   /* USER CODE BEGIN TIM8_MspInit 0 */
 328:Core/Src/tim.c **** 
 329:Core/Src/tim.c ****   /* USER CODE END TIM8_MspInit 0 */
 330:Core/Src/tim.c ****     /* TIM8 clock enable */
 331:Core/Src/tim.c ****     __HAL_RCC_TIM8_CLK_ENABLE();
 629              		.loc 1 331 0
 630 000e 0021     		movs	r1, #0
 631 0010 0191     		str	r1, [sp, #4]
 632 0012 03F59A33 		add	r3, r3, #78848
 633 0016 5A6C     		ldr	r2, [r3, #68]
 634 0018 42F00202 		orr	r2, r2, #2
 635 001c 5A64     		str	r2, [r3, #68]
 636 001e 5B6C     		ldr	r3, [r3, #68]
 637 0020 03F00203 		and	r3, r3, #2
 638 0024 0193     		str	r3, [sp, #4]
 639 0026 019B     		ldr	r3, [sp, #4]
 640              	.LBE5:
 332:Core/Src/tim.c **** 
 333:Core/Src/tim.c ****     /* TIM8 interrupt Init */
 334:Core/Src/tim.c ****     HAL_NVIC_SetPriority(TIM8_TRG_COM_TIM14_IRQn, 0, 0);
 641              		.loc 1 334 0
 642 0028 0A46     		mov	r2, r1
 643 002a 2D20     		movs	r0, #45
 644              	.LVL31:
 645 002c FFF7FEFF 		bl	HAL_NVIC_SetPriority
 646              	.LVL32:
 335:Core/Src/tim.c ****     HAL_NVIC_EnableIRQ(TIM8_TRG_COM_TIM14_IRQn);
 647              		.loc 1 335 0
 648 0030 2D20     		movs	r0, #45
 649 0032 FFF7FEFF 		bl	HAL_NVIC_EnableIRQ
 650              	.LVL33:
 336:Core/Src/tim.c ****   /* USER CODE BEGIN TIM8_MspInit 1 */
 337:Core/Src/tim.c **** 
 338:Core/Src/tim.c ****   /* USER CODE END TIM8_MspInit 1 */
 339:Core/Src/tim.c ****   }
 340:Core/Src/tim.c **** }
 651              		.loc 1 340 0
 652 0036 03B0     		add	sp, sp, #12
 653              	.LCFI20:
 654              		.cfi_def_cfa_offset 4
 655              		@ sp needed
 656 0038 5DF804FB 		ldr	pc, [sp], #4
 657              	.L55:
 658              		.align	2
 659              	.L54:
 660 003c 00040140 		.word	1073808384
 661              		.cfi_endproc
 662              	.LFE133:
 664              		.section	.text.HAL_TIM_Base_MspInit,"ax",%progbits
 665              		.align	1
 666              		.global	HAL_TIM_Base_MspInit
 667              		.syntax unified
 668              		.thumb
 669              		.thumb_func
 670              		.fpu fpv4-sp-d16
ARM GAS  C:\Users\n-is\AppData\Local\Temp\cchAYS8G.s 			page 19


 672              	HAL_TIM_Base_MspInit:
 673              	.LFB134:
 341:Core/Src/tim.c **** 
 342:Core/Src/tim.c **** void HAL_TIM_Base_MspInit(TIM_HandleTypeDef* tim_baseHandle)
 343:Core/Src/tim.c **** {
 674              		.loc 1 343 0
 675              		.cfi_startproc
 676              		@ args = 0, pretend = 0, frame = 8
 677              		@ frame_needed = 0, uses_anonymous_args = 0
 678              	.LVL34:
 344:Core/Src/tim.c **** 
 345:Core/Src/tim.c ****   if(tim_baseHandle->Instance==TIM14)
 679              		.loc 1 345 0
 680 0000 0268     		ldr	r2, [r0]
 681 0002 0E4B     		ldr	r3, .L63
 682 0004 9A42     		cmp	r2, r3
 683 0006 00D0     		beq	.L62
 684 0008 7047     		bx	lr
 685              	.L62:
 343:Core/Src/tim.c **** 
 686              		.loc 1 343 0
 687 000a 00B5     		push	{lr}
 688              	.LCFI21:
 689              		.cfi_def_cfa_offset 4
 690              		.cfi_offset 14, -4
 691 000c 83B0     		sub	sp, sp, #12
 692              	.LCFI22:
 693              		.cfi_def_cfa_offset 16
 694              	.LBB6:
 346:Core/Src/tim.c ****   {
 347:Core/Src/tim.c ****   /* USER CODE BEGIN TIM14_MspInit 0 */
 348:Core/Src/tim.c **** 
 349:Core/Src/tim.c ****   /* USER CODE END TIM14_MspInit 0 */
 350:Core/Src/tim.c ****     /* TIM14 clock enable */
 351:Core/Src/tim.c ****     __HAL_RCC_TIM14_CLK_ENABLE();
 695              		.loc 1 351 0
 696 000e 0021     		movs	r1, #0
 697 0010 0191     		str	r1, [sp, #4]
 698 0012 03F50633 		add	r3, r3, #137216
 699 0016 1A6C     		ldr	r2, [r3, #64]
 700 0018 42F48072 		orr	r2, r2, #256
 701 001c 1A64     		str	r2, [r3, #64]
 702 001e 1B6C     		ldr	r3, [r3, #64]
 703 0020 03F48073 		and	r3, r3, #256
 704 0024 0193     		str	r3, [sp, #4]
 705 0026 019B     		ldr	r3, [sp, #4]
 706              	.LBE6:
 352:Core/Src/tim.c **** 
 353:Core/Src/tim.c ****     /* TIM14 interrupt Init */
 354:Core/Src/tim.c ****     HAL_NVIC_SetPriority(TIM8_TRG_COM_TIM14_IRQn, 0, 0);
 707              		.loc 1 354 0
 708 0028 0A46     		mov	r2, r1
 709 002a 2D20     		movs	r0, #45
 710              	.LVL35:
 711 002c FFF7FEFF 		bl	HAL_NVIC_SetPriority
 712              	.LVL36:
 355:Core/Src/tim.c ****     HAL_NVIC_EnableIRQ(TIM8_TRG_COM_TIM14_IRQn);
ARM GAS  C:\Users\n-is\AppData\Local\Temp\cchAYS8G.s 			page 20


 713              		.loc 1 355 0
 714 0030 2D20     		movs	r0, #45
 715 0032 FFF7FEFF 		bl	HAL_NVIC_EnableIRQ
 716              	.LVL37:
 356:Core/Src/tim.c ****   /* USER CODE BEGIN TIM14_MspInit 1 */
 357:Core/Src/tim.c **** 
 358:Core/Src/tim.c ****   /* USER CODE END TIM14_MspInit 1 */
 359:Core/Src/tim.c ****   }
 360:Core/Src/tim.c **** }
 717              		.loc 1 360 0
 718 0036 03B0     		add	sp, sp, #12
 719              	.LCFI23:
 720              		.cfi_def_cfa_offset 4
 721              		@ sp needed
 722 0038 5DF804FB 		ldr	pc, [sp], #4
 723              	.L64:
 724              		.align	2
 725              	.L63:
 726 003c 00200040 		.word	1073750016
 727              		.cfi_endproc
 728              	.LFE134:
 730              		.section	.text.HAL_TIM_MspPostInit,"ax",%progbits
 731              		.align	1
 732              		.global	HAL_TIM_MspPostInit
 733              		.syntax unified
 734              		.thumb
 735              		.thumb_func
 736              		.fpu fpv4-sp-d16
 738              	HAL_TIM_MspPostInit:
 739              	.LFB135:
 361:Core/Src/tim.c **** void HAL_TIM_MspPostInit(TIM_HandleTypeDef* timHandle)
 362:Core/Src/tim.c **** {
 740              		.loc 1 362 0
 741              		.cfi_startproc
 742              		@ args = 0, pretend = 0, frame = 24
 743              		@ frame_needed = 0, uses_anonymous_args = 0
 744              	.LVL38:
 363:Core/Src/tim.c **** 
 364:Core/Src/tim.c ****   GPIO_InitTypeDef GPIO_InitStruct;
 365:Core/Src/tim.c ****   if(timHandle->Instance==TIM8)
 745              		.loc 1 365 0
 746 0000 0268     		ldr	r2, [r0]
 747 0002 0B4B     		ldr	r3, .L72
 748 0004 9A42     		cmp	r2, r3
 749 0006 00D0     		beq	.L71
 750 0008 7047     		bx	lr
 751              	.L71:
 362:Core/Src/tim.c **** 
 752              		.loc 1 362 0
 753 000a 00B5     		push	{lr}
 754              	.LCFI24:
 755              		.cfi_def_cfa_offset 4
 756              		.cfi_offset 14, -4
 757 000c 87B0     		sub	sp, sp, #28
 758              	.LCFI25:
 759              		.cfi_def_cfa_offset 32
 366:Core/Src/tim.c ****   {
ARM GAS  C:\Users\n-is\AppData\Local\Temp\cchAYS8G.s 			page 21


 367:Core/Src/tim.c ****   /* USER CODE BEGIN TIM8_MspPostInit 0 */
 368:Core/Src/tim.c **** 
 369:Core/Src/tim.c ****   /* USER CODE END TIM8_MspPostInit 0 */
 370:Core/Src/tim.c ****   
 371:Core/Src/tim.c ****     /**TIM8 GPIO Configuration    
 372:Core/Src/tim.c ****     PC6     ------> TIM8_CH1
 373:Core/Src/tim.c ****     PC7     ------> TIM8_CH2
 374:Core/Src/tim.c ****     PC8     ------> TIM8_CH3
 375:Core/Src/tim.c ****     PC9     ------> TIM8_CH4 
 376:Core/Src/tim.c ****     */
 377:Core/Src/tim.c ****     GPIO_InitStruct.Pin = GPIO_PIN_6|GPIO_PIN_7|GPIO_PIN_8|GPIO_PIN_9;
 760              		.loc 1 377 0
 761 000e 4FF47073 		mov	r3, #960
 762 0012 0193     		str	r3, [sp, #4]
 378:Core/Src/tim.c ****     GPIO_InitStruct.Mode = GPIO_MODE_AF_PP;
 763              		.loc 1 378 0
 764 0014 0223     		movs	r3, #2
 765 0016 0293     		str	r3, [sp, #8]
 379:Core/Src/tim.c ****     GPIO_InitStruct.Pull = GPIO_NOPULL;
 766              		.loc 1 379 0
 767 0018 0023     		movs	r3, #0
 768 001a 0393     		str	r3, [sp, #12]
 380:Core/Src/tim.c ****     GPIO_InitStruct.Speed = GPIO_SPEED_FREQ_LOW;
 769              		.loc 1 380 0
 770 001c 0493     		str	r3, [sp, #16]
 381:Core/Src/tim.c ****     GPIO_InitStruct.Alternate = GPIO_AF3_TIM8;
 771              		.loc 1 381 0
 772 001e 0323     		movs	r3, #3
 773 0020 0593     		str	r3, [sp, #20]
 382:Core/Src/tim.c ****     HAL_GPIO_Init(GPIOC, &GPIO_InitStruct);
 774              		.loc 1 382 0
 775 0022 01A9     		add	r1, sp, #4
 776 0024 0348     		ldr	r0, .L72+4
 777              	.LVL39:
 778 0026 FFF7FEFF 		bl	HAL_GPIO_Init
 779              	.LVL40:
 383:Core/Src/tim.c **** 
 384:Core/Src/tim.c ****   /* USER CODE BEGIN TIM8_MspPostInit 1 */
 385:Core/Src/tim.c **** 
 386:Core/Src/tim.c ****   /* USER CODE END TIM8_MspPostInit 1 */
 387:Core/Src/tim.c ****   }
 388:Core/Src/tim.c **** 
 389:Core/Src/tim.c **** }
 780              		.loc 1 389 0
 781 002a 07B0     		add	sp, sp, #28
 782              	.LCFI26:
 783              		.cfi_def_cfa_offset 4
 784              		@ sp needed
 785 002c 5DF804FB 		ldr	pc, [sp], #4
 786              	.L73:
 787              		.align	2
 788              	.L72:
 789 0030 00040140 		.word	1073808384
 790 0034 00080240 		.word	1073874944
 791              		.cfi_endproc
 792              	.LFE135:
 794              		.section	.text.MX_TIM8_Init,"ax",%progbits
ARM GAS  C:\Users\n-is\AppData\Local\Temp\cchAYS8G.s 			page 22


 795              		.align	1
 796              		.global	MX_TIM8_Init
 797              		.syntax unified
 798              		.thumb
 799              		.thumb_func
 800              		.fpu fpv4-sp-d16
 802              	MX_TIM8_Init:
 803              	.LFB130:
 166:Core/Src/tim.c ****   TIM_MasterConfigTypeDef sMasterConfig;
 804              		.loc 1 166 0
 805              		.cfi_startproc
 806              		@ args = 0, pretend = 0, frame = 64
 807              		@ frame_needed = 0, uses_anonymous_args = 0
 808 0000 00B5     		push	{lr}
 809              	.LCFI27:
 810              		.cfi_def_cfa_offset 4
 811              		.cfi_offset 14, -4
 812 0002 91B0     		sub	sp, sp, #68
 813              	.LCFI28:
 814              		.cfi_def_cfa_offset 72
 171:Core/Src/tim.c ****   htim8.Init.Prescaler = 0;
 815              		.loc 1 171 0
 816 0004 3948     		ldr	r0, .L90
 817 0006 3A4B     		ldr	r3, .L90+4
 818 0008 0360     		str	r3, [r0]
 172:Core/Src/tim.c ****   htim8.Init.CounterMode = TIM_COUNTERMODE_CENTERALIGNED1;
 819              		.loc 1 172 0
 820 000a 0023     		movs	r3, #0
 821 000c 4360     		str	r3, [r0, #4]
 173:Core/Src/tim.c ****   htim8.Init.Period = 10000;
 822              		.loc 1 173 0
 823 000e 2022     		movs	r2, #32
 824 0010 8260     		str	r2, [r0, #8]
 174:Core/Src/tim.c ****   htim8.Init.ClockDivision = TIM_CLOCKDIVISION_DIV1;
 825              		.loc 1 174 0
 826 0012 42F21072 		movw	r2, #10000
 827 0016 C260     		str	r2, [r0, #12]
 175:Core/Src/tim.c ****   htim8.Init.RepetitionCounter = 0;
 828              		.loc 1 175 0
 829 0018 0361     		str	r3, [r0, #16]
 176:Core/Src/tim.c ****   if (HAL_TIM_PWM_Init(&htim8) != HAL_OK)
 830              		.loc 1 176 0
 831 001a 4361     		str	r3, [r0, #20]
 177:Core/Src/tim.c ****   {
 832              		.loc 1 177 0
 833 001c FFF7FEFF 		bl	HAL_TIM_PWM_Init
 834              	.LVL41:
 835 0020 0028     		cmp	r0, #0
 836 0022 3FD1     		bne	.L83
 837              	.L75:
 182:Core/Src/tim.c ****   sMasterConfig.MasterSlaveMode = TIM_MASTERSLAVEMODE_DISABLE;
 838              		.loc 1 182 0
 839 0024 0023     		movs	r3, #0
 840 0026 0E93     		str	r3, [sp, #56]
 183:Core/Src/tim.c ****   if (HAL_TIMEx_MasterConfigSynchronization(&htim8, &sMasterConfig) != HAL_OK)
 841              		.loc 1 183 0
 842 0028 0F93     		str	r3, [sp, #60]
ARM GAS  C:\Users\n-is\AppData\Local\Temp\cchAYS8G.s 			page 23


 184:Core/Src/tim.c ****   {
 843              		.loc 1 184 0
 844 002a 0EA9     		add	r1, sp, #56
 845 002c 2F48     		ldr	r0, .L90
 846 002e FFF7FEFF 		bl	HAL_TIMEx_MasterConfigSynchronization
 847              	.LVL42:
 848 0032 0028     		cmp	r0, #0
 849 0034 3BD1     		bne	.L84
 850              	.L76:
 189:Core/Src/tim.c ****   sConfigOC.Pulse = 0;
 851              		.loc 1 189 0
 852 0036 6023     		movs	r3, #96
 853 0038 0793     		str	r3, [sp, #28]
 190:Core/Src/tim.c ****   sConfigOC.OCPolarity = TIM_OCPOLARITY_HIGH;
 854              		.loc 1 190 0
 855 003a 0022     		movs	r2, #0
 856 003c 0892     		str	r2, [sp, #32]
 191:Core/Src/tim.c ****   sConfigOC.OCNPolarity = TIM_OCNPOLARITY_HIGH;
 857              		.loc 1 191 0
 858 003e 0992     		str	r2, [sp, #36]
 192:Core/Src/tim.c ****   sConfigOC.OCFastMode = TIM_OCFAST_DISABLE;
 859              		.loc 1 192 0
 860 0040 0A92     		str	r2, [sp, #40]
 193:Core/Src/tim.c ****   sConfigOC.OCIdleState = TIM_OCIDLESTATE_RESET;
 861              		.loc 1 193 0
 862 0042 0B92     		str	r2, [sp, #44]
 194:Core/Src/tim.c ****   sConfigOC.OCNIdleState = TIM_OCNIDLESTATE_RESET;
 863              		.loc 1 194 0
 864 0044 0C92     		str	r2, [sp, #48]
 195:Core/Src/tim.c ****   if (HAL_TIM_PWM_ConfigChannel(&htim8, &sConfigOC, TIM_CHANNEL_1) != HAL_OK)
 865              		.loc 1 195 0
 866 0046 0D92     		str	r2, [sp, #52]
 196:Core/Src/tim.c ****   {
 867              		.loc 1 196 0
 868 0048 07A9     		add	r1, sp, #28
 869 004a 2848     		ldr	r0, .L90
 870 004c FFF7FEFF 		bl	HAL_TIM_PWM_ConfigChannel
 871              	.LVL43:
 872 0050 0028     		cmp	r0, #0
 873 0052 31D1     		bne	.L85
 874              	.L77:
 201:Core/Src/tim.c ****   {
 875              		.loc 1 201 0
 876 0054 0422     		movs	r2, #4
 877 0056 07A9     		add	r1, sp, #28
 878 0058 2448     		ldr	r0, .L90
 879 005a FFF7FEFF 		bl	HAL_TIM_PWM_ConfigChannel
 880              	.LVL44:
 881 005e 0028     		cmp	r0, #0
 882 0060 2FD1     		bne	.L86
 883              	.L78:
 206:Core/Src/tim.c ****   {
 884              		.loc 1 206 0
 885 0062 0822     		movs	r2, #8
 886 0064 07A9     		add	r1, sp, #28
 887 0066 2148     		ldr	r0, .L90
 888 0068 FFF7FEFF 		bl	HAL_TIM_PWM_ConfigChannel
ARM GAS  C:\Users\n-is\AppData\Local\Temp\cchAYS8G.s 			page 24


 889              	.LVL45:
 890 006c 70BB     		cbnz	r0, .L87
 891              	.L79:
 211:Core/Src/tim.c ****   {
 892              		.loc 1 211 0
 893 006e 0C22     		movs	r2, #12
 894 0070 07A9     		add	r1, sp, #28
 895 0072 1E48     		ldr	r0, .L90
 896 0074 FFF7FEFF 		bl	HAL_TIM_PWM_ConfigChannel
 897              	.LVL46:
 898 0078 68BB     		cbnz	r0, .L88
 899              	.L80:
 216:Core/Src/tim.c ****   sBreakDeadTimeConfig.OffStateIDLEMode = TIM_OSSI_DISABLE;
 900              		.loc 1 216 0
 901 007a 0023     		movs	r3, #0
 902 007c 0093     		str	r3, [sp]
 217:Core/Src/tim.c ****   sBreakDeadTimeConfig.LockLevel = TIM_LOCKLEVEL_OFF;
 903              		.loc 1 217 0
 904 007e 0193     		str	r3, [sp, #4]
 218:Core/Src/tim.c ****   sBreakDeadTimeConfig.DeadTime = 0;
 905              		.loc 1 218 0
 906 0080 0293     		str	r3, [sp, #8]
 219:Core/Src/tim.c ****   sBreakDeadTimeConfig.BreakState = TIM_BREAK_DISABLE;
 907              		.loc 1 219 0
 908 0082 0393     		str	r3, [sp, #12]
 220:Core/Src/tim.c ****   sBreakDeadTimeConfig.BreakPolarity = TIM_BREAKPOLARITY_HIGH;
 909              		.loc 1 220 0
 910 0084 0493     		str	r3, [sp, #16]
 221:Core/Src/tim.c ****   sBreakDeadTimeConfig.AutomaticOutput = TIM_AUTOMATICOUTPUT_DISABLE;
 911              		.loc 1 221 0
 912 0086 4FF40052 		mov	r2, #8192
 913 008a 0592     		str	r2, [sp, #20]
 222:Core/Src/tim.c ****   if (HAL_TIMEx_ConfigBreakDeadTime(&htim8, &sBreakDeadTimeConfig) != HAL_OK)
 914              		.loc 1 222 0
 915 008c 0693     		str	r3, [sp, #24]
 223:Core/Src/tim.c ****   {
 916              		.loc 1 223 0
 917 008e 6946     		mov	r1, sp
 918 0090 1648     		ldr	r0, .L90
 919 0092 FFF7FEFF 		bl	HAL_TIMEx_ConfigBreakDeadTime
 920              	.LVL47:
 921 0096 18BB     		cbnz	r0, .L89
 922              	.L81:
 228:Core/Src/tim.c **** 
 923              		.loc 1 228 0
 924 0098 1448     		ldr	r0, .L90
 925 009a FFF7FEFF 		bl	HAL_TIM_MspPostInit
 926              	.LVL48:
 230:Core/Src/tim.c **** /* TIM14 init function */
 927              		.loc 1 230 0
 928 009e 11B0     		add	sp, sp, #68
 929              	.LCFI29:
 930              		.cfi_remember_state
 931              		.cfi_def_cfa_offset 4
 932              		@ sp needed
 933 00a0 5DF804FB 		ldr	pc, [sp], #4
 934              	.L83:
ARM GAS  C:\Users\n-is\AppData\Local\Temp\cchAYS8G.s 			page 25


 935              	.LCFI30:
 936              		.cfi_restore_state
 179:Core/Src/tim.c ****   }
 937              		.loc 1 179 0
 938 00a4 B321     		movs	r1, #179
 939 00a6 1348     		ldr	r0, .L90+8
 940 00a8 FFF7FEFF 		bl	_Error_Handler
 941              	.LVL49:
 942 00ac BAE7     		b	.L75
 943              	.L84:
 186:Core/Src/tim.c ****   }
 944              		.loc 1 186 0
 945 00ae BA21     		movs	r1, #186
 946 00b0 1048     		ldr	r0, .L90+8
 947 00b2 FFF7FEFF 		bl	_Error_Handler
 948              	.LVL50:
 949 00b6 BEE7     		b	.L76
 950              	.L85:
 198:Core/Src/tim.c ****   }
 951              		.loc 1 198 0
 952 00b8 C621     		movs	r1, #198
 953 00ba 0E48     		ldr	r0, .L90+8
 954 00bc FFF7FEFF 		bl	_Error_Handler
 955              	.LVL51:
 956 00c0 C8E7     		b	.L77
 957              	.L86:
 203:Core/Src/tim.c ****   }
 958              		.loc 1 203 0
 959 00c2 CB21     		movs	r1, #203
 960 00c4 0B48     		ldr	r0, .L90+8
 961 00c6 FFF7FEFF 		bl	_Error_Handler
 962              	.LVL52:
 963 00ca CAE7     		b	.L78
 964              	.L87:
 208:Core/Src/tim.c ****   }
 965              		.loc 1 208 0
 966 00cc D021     		movs	r1, #208
 967 00ce 0948     		ldr	r0, .L90+8
 968 00d0 FFF7FEFF 		bl	_Error_Handler
 969              	.LVL53:
 970 00d4 CBE7     		b	.L79
 971              	.L88:
 213:Core/Src/tim.c ****   }
 972              		.loc 1 213 0
 973 00d6 D521     		movs	r1, #213
 974 00d8 0648     		ldr	r0, .L90+8
 975 00da FFF7FEFF 		bl	_Error_Handler
 976              	.LVL54:
 977 00de CCE7     		b	.L80
 978              	.L89:
 225:Core/Src/tim.c ****   }
 979              		.loc 1 225 0
 980 00e0 E121     		movs	r1, #225
 981 00e2 0448     		ldr	r0, .L90+8
 982 00e4 FFF7FEFF 		bl	_Error_Handler
 983              	.LVL55:
 984 00e8 D6E7     		b	.L81
ARM GAS  C:\Users\n-is\AppData\Local\Temp\cchAYS8G.s 			page 26


 985              	.L91:
 986 00ea 00BF     		.align	2
 987              	.L90:
 988 00ec 00000000 		.word	htim8
 989 00f0 00040140 		.word	1073808384
 990 00f4 00000000 		.word	.LC0
 991              		.cfi_endproc
 992              	.LFE130:
 994              		.section	.text.HAL_TIM_Encoder_MspDeInit,"ax",%progbits
 995              		.align	1
 996              		.global	HAL_TIM_Encoder_MspDeInit
 997              		.syntax unified
 998              		.thumb
 999              		.thumb_func
 1000              		.fpu fpv4-sp-d16
 1002              	HAL_TIM_Encoder_MspDeInit:
 1003              	.LFB136:
 390:Core/Src/tim.c **** 
 391:Core/Src/tim.c **** void HAL_TIM_Encoder_MspDeInit(TIM_HandleTypeDef* tim_encoderHandle)
 392:Core/Src/tim.c **** {
 1004              		.loc 1 392 0
 1005              		.cfi_startproc
 1006              		@ args = 0, pretend = 0, frame = 0
 1007              		@ frame_needed = 0, uses_anonymous_args = 0
 1008              	.LVL56:
 1009 0000 08B5     		push	{r3, lr}
 1010              	.LCFI31:
 1011              		.cfi_def_cfa_offset 8
 1012              		.cfi_offset 3, -8
 1013              		.cfi_offset 14, -4
 393:Core/Src/tim.c **** 
 394:Core/Src/tim.c ****   if(tim_encoderHandle->Instance==TIM3)
 1014              		.loc 1 394 0
 1015 0002 0368     		ldr	r3, [r0]
 1016 0004 154A     		ldr	r2, .L100
 1017 0006 9342     		cmp	r3, r2
 1018 0008 06D0     		beq	.L97
 395:Core/Src/tim.c ****   {
 396:Core/Src/tim.c ****   /* USER CODE BEGIN TIM3_MspDeInit 0 */
 397:Core/Src/tim.c **** 
 398:Core/Src/tim.c ****   /* USER CODE END TIM3_MspDeInit 0 */
 399:Core/Src/tim.c ****     /* Peripheral clock disable */
 400:Core/Src/tim.c ****     __HAL_RCC_TIM3_CLK_DISABLE();
 401:Core/Src/tim.c ****   
 402:Core/Src/tim.c ****     /**TIM3 GPIO Configuration    
 403:Core/Src/tim.c ****     PA6     ------> TIM3_CH1
 404:Core/Src/tim.c ****     PA7     ------> TIM3_CH2 
 405:Core/Src/tim.c ****     */
 406:Core/Src/tim.c ****     HAL_GPIO_DeInit(GPIOA, GPIO_PIN_6|GPIO_PIN_7);
 407:Core/Src/tim.c **** 
 408:Core/Src/tim.c ****   /* USER CODE BEGIN TIM3_MspDeInit 1 */
 409:Core/Src/tim.c **** 
 410:Core/Src/tim.c ****   /* USER CODE END TIM3_MspDeInit 1 */
 411:Core/Src/tim.c ****   }
 412:Core/Src/tim.c ****   else if(tim_encoderHandle->Instance==TIM4)
 1019              		.loc 1 412 0
 1020 000a 154A     		ldr	r2, .L100+4
ARM GAS  C:\Users\n-is\AppData\Local\Temp\cchAYS8G.s 			page 27


 1021 000c 9342     		cmp	r3, r2
 1022 000e 0ED0     		beq	.L98
 413:Core/Src/tim.c ****   {
 414:Core/Src/tim.c ****   /* USER CODE BEGIN TIM4_MspDeInit 0 */
 415:Core/Src/tim.c **** 
 416:Core/Src/tim.c ****   /* USER CODE END TIM4_MspDeInit 0 */
 417:Core/Src/tim.c ****     /* Peripheral clock disable */
 418:Core/Src/tim.c ****     __HAL_RCC_TIM4_CLK_DISABLE();
 419:Core/Src/tim.c ****   
 420:Core/Src/tim.c ****     /**TIM4 GPIO Configuration    
 421:Core/Src/tim.c ****     PD12     ------> TIM4_CH1
 422:Core/Src/tim.c ****     PD13     ------> TIM4_CH2 
 423:Core/Src/tim.c ****     */
 424:Core/Src/tim.c ****     HAL_GPIO_DeInit(GPIOD, GPIO_PIN_12|GPIO_PIN_13);
 425:Core/Src/tim.c **** 
 426:Core/Src/tim.c ****   /* USER CODE BEGIN TIM4_MspDeInit 1 */
 427:Core/Src/tim.c **** 
 428:Core/Src/tim.c ****   /* USER CODE END TIM4_MspDeInit 1 */
 429:Core/Src/tim.c ****   }
 430:Core/Src/tim.c ****   else if(tim_encoderHandle->Instance==TIM5)
 1023              		.loc 1 430 0
 1024 0010 144A     		ldr	r2, .L100+8
 1025 0012 9342     		cmp	r3, r2
 1026 0014 17D0     		beq	.L99
 1027              	.LVL57:
 1028              	.L92:
 431:Core/Src/tim.c ****   {
 432:Core/Src/tim.c ****   /* USER CODE BEGIN TIM5_MspDeInit 0 */
 433:Core/Src/tim.c **** 
 434:Core/Src/tim.c ****   /* USER CODE END TIM5_MspDeInit 0 */
 435:Core/Src/tim.c ****     /* Peripheral clock disable */
 436:Core/Src/tim.c ****     __HAL_RCC_TIM5_CLK_DISABLE();
 437:Core/Src/tim.c ****   
 438:Core/Src/tim.c ****     /**TIM5 GPIO Configuration    
 439:Core/Src/tim.c ****     PA0-WKUP     ------> TIM5_CH1
 440:Core/Src/tim.c ****     PA1     ------> TIM5_CH2 
 441:Core/Src/tim.c ****     */
 442:Core/Src/tim.c ****     HAL_GPIO_DeInit(GPIOA, GPIO_PIN_0|GPIO_PIN_1);
 443:Core/Src/tim.c **** 
 444:Core/Src/tim.c ****   /* USER CODE BEGIN TIM5_MspDeInit 1 */
 445:Core/Src/tim.c **** 
 446:Core/Src/tim.c ****   /* USER CODE END TIM5_MspDeInit 1 */
 447:Core/Src/tim.c ****   }
 448:Core/Src/tim.c **** }
 1029              		.loc 1 448 0
 1030 0016 08BD     		pop	{r3, pc}
 1031              	.LVL58:
 1032              	.L97:
 400:Core/Src/tim.c ****   
 1033              		.loc 1 400 0
 1034 0018 02F50D32 		add	r2, r2, #144384
 1035 001c 136C     		ldr	r3, [r2, #64]
 1036 001e 23F00203 		bic	r3, r3, #2
 1037 0022 1364     		str	r3, [r2, #64]
 406:Core/Src/tim.c **** 
 1038              		.loc 1 406 0
 1039 0024 C021     		movs	r1, #192
ARM GAS  C:\Users\n-is\AppData\Local\Temp\cchAYS8G.s 			page 28


 1040 0026 1048     		ldr	r0, .L100+12
 1041              	.LVL59:
 1042 0028 FFF7FEFF 		bl	HAL_GPIO_DeInit
 1043              	.LVL60:
 1044 002c F3E7     		b	.L92
 1045              	.LVL61:
 1046              	.L98:
 418:Core/Src/tim.c ****   
 1047              		.loc 1 418 0
 1048 002e 02F50C32 		add	r2, r2, #143360
 1049 0032 136C     		ldr	r3, [r2, #64]
 1050 0034 23F00403 		bic	r3, r3, #4
 1051 0038 1364     		str	r3, [r2, #64]
 424:Core/Src/tim.c **** 
 1052              		.loc 1 424 0
 1053 003a 4FF44051 		mov	r1, #12288
 1054 003e 0B48     		ldr	r0, .L100+16
 1055              	.LVL62:
 1056 0040 FFF7FEFF 		bl	HAL_GPIO_DeInit
 1057              	.LVL63:
 1058 0044 E7E7     		b	.L92
 1059              	.LVL64:
 1060              	.L99:
 436:Core/Src/tim.c ****   
 1061              		.loc 1 436 0
 1062 0046 02F50B32 		add	r2, r2, #142336
 1063 004a 136C     		ldr	r3, [r2, #64]
 1064 004c 23F00803 		bic	r3, r3, #8
 1065 0050 1364     		str	r3, [r2, #64]
 442:Core/Src/tim.c **** 
 1066              		.loc 1 442 0
 1067 0052 0321     		movs	r1, #3
 1068 0054 0448     		ldr	r0, .L100+12
 1069              	.LVL65:
 1070 0056 FFF7FEFF 		bl	HAL_GPIO_DeInit
 1071              	.LVL66:
 1072              		.loc 1 448 0
 1073 005a DCE7     		b	.L92
 1074              	.L101:
 1075              		.align	2
 1076              	.L100:
 1077 005c 00040040 		.word	1073742848
 1078 0060 00080040 		.word	1073743872
 1079 0064 000C0040 		.word	1073744896
 1080 0068 00000240 		.word	1073872896
 1081 006c 000C0240 		.word	1073875968
 1082              		.cfi_endproc
 1083              	.LFE136:
 1085              		.section	.text.HAL_TIM_PWM_MspDeInit,"ax",%progbits
 1086              		.align	1
 1087              		.global	HAL_TIM_PWM_MspDeInit
 1088              		.syntax unified
 1089              		.thumb
 1090              		.thumb_func
 1091              		.fpu fpv4-sp-d16
 1093              	HAL_TIM_PWM_MspDeInit:
 1094              	.LFB137:
ARM GAS  C:\Users\n-is\AppData\Local\Temp\cchAYS8G.s 			page 29


 449:Core/Src/tim.c **** 
 450:Core/Src/tim.c **** void HAL_TIM_PWM_MspDeInit(TIM_HandleTypeDef* tim_pwmHandle)
 451:Core/Src/tim.c **** {
 1095              		.loc 1 451 0
 1096              		.cfi_startproc
 1097              		@ args = 0, pretend = 0, frame = 0
 1098              		@ frame_needed = 0, uses_anonymous_args = 0
 1099              		@ link register save eliminated.
 1100              	.LVL67:
 452:Core/Src/tim.c **** 
 453:Core/Src/tim.c ****   if(tim_pwmHandle->Instance==TIM8)
 1101              		.loc 1 453 0
 1102 0000 0268     		ldr	r2, [r0]
 1103 0002 054B     		ldr	r3, .L105
 1104 0004 9A42     		cmp	r2, r3
 1105 0006 00D0     		beq	.L104
 1106              	.L102:
 454:Core/Src/tim.c ****   {
 455:Core/Src/tim.c ****   /* USER CODE BEGIN TIM8_MspDeInit 0 */
 456:Core/Src/tim.c **** 
 457:Core/Src/tim.c ****   /* USER CODE END TIM8_MspDeInit 0 */
 458:Core/Src/tim.c ****     /* Peripheral clock disable */
 459:Core/Src/tim.c ****     __HAL_RCC_TIM8_CLK_DISABLE();
 460:Core/Src/tim.c **** 
 461:Core/Src/tim.c ****     /* TIM8 interrupt Deinit */
 462:Core/Src/tim.c ****   /* USER CODE BEGIN TIM8:TIM8_TRG_COM_TIM14_IRQn disable */
 463:Core/Src/tim.c ****     /**
 464:Core/Src/tim.c ****     * Uncomment the line below to disable the "TIM8_TRG_COM_TIM14_IRQn" interrupt
 465:Core/Src/tim.c ****     * Be aware, disabling shared interrupt may affect other IPs
 466:Core/Src/tim.c ****     */
 467:Core/Src/tim.c ****     /* HAL_NVIC_DisableIRQ(TIM8_TRG_COM_TIM14_IRQn); */
 468:Core/Src/tim.c ****   /* USER CODE END TIM8:TIM8_TRG_COM_TIM14_IRQn disable */
 469:Core/Src/tim.c **** 
 470:Core/Src/tim.c ****   /* USER CODE BEGIN TIM8_MspDeInit 1 */
 471:Core/Src/tim.c **** 
 472:Core/Src/tim.c ****   /* USER CODE END TIM8_MspDeInit 1 */
 473:Core/Src/tim.c ****   }
 474:Core/Src/tim.c **** }
 1107              		.loc 1 474 0
 1108 0008 7047     		bx	lr
 1109              	.L104:
 459:Core/Src/tim.c **** 
 1110              		.loc 1 459 0
 1111 000a 044A     		ldr	r2, .L105+4
 1112 000c 536C     		ldr	r3, [r2, #68]
 1113 000e 23F00203 		bic	r3, r3, #2
 1114 0012 5364     		str	r3, [r2, #68]
 1115              		.loc 1 474 0
 1116 0014 F8E7     		b	.L102
 1117              	.L106:
 1118 0016 00BF     		.align	2
 1119              	.L105:
 1120 0018 00040140 		.word	1073808384
 1121 001c 00380240 		.word	1073887232
 1122              		.cfi_endproc
 1123              	.LFE137:
 1125              		.section	.text.HAL_TIM_Base_MspDeInit,"ax",%progbits
ARM GAS  C:\Users\n-is\AppData\Local\Temp\cchAYS8G.s 			page 30


 1126              		.align	1
 1127              		.global	HAL_TIM_Base_MspDeInit
 1128              		.syntax unified
 1129              		.thumb
 1130              		.thumb_func
 1131              		.fpu fpv4-sp-d16
 1133              	HAL_TIM_Base_MspDeInit:
 1134              	.LFB138:
 475:Core/Src/tim.c **** 
 476:Core/Src/tim.c **** void HAL_TIM_Base_MspDeInit(TIM_HandleTypeDef* tim_baseHandle)
 477:Core/Src/tim.c **** {
 1135              		.loc 1 477 0
 1136              		.cfi_startproc
 1137              		@ args = 0, pretend = 0, frame = 0
 1138              		@ frame_needed = 0, uses_anonymous_args = 0
 1139              		@ link register save eliminated.
 1140              	.LVL68:
 478:Core/Src/tim.c **** 
 479:Core/Src/tim.c ****   if(tim_baseHandle->Instance==TIM14)
 1141              		.loc 1 479 0
 1142 0000 0268     		ldr	r2, [r0]
 1143 0002 054B     		ldr	r3, .L110
 1144 0004 9A42     		cmp	r2, r3
 1145 0006 00D0     		beq	.L109
 1146              	.L107:
 480:Core/Src/tim.c ****   {
 481:Core/Src/tim.c ****   /* USER CODE BEGIN TIM14_MspDeInit 0 */
 482:Core/Src/tim.c **** 
 483:Core/Src/tim.c ****   /* USER CODE END TIM14_MspDeInit 0 */
 484:Core/Src/tim.c ****     /* Peripheral clock disable */
 485:Core/Src/tim.c ****     __HAL_RCC_TIM14_CLK_DISABLE();
 486:Core/Src/tim.c **** 
 487:Core/Src/tim.c ****     /* TIM14 interrupt Deinit */
 488:Core/Src/tim.c ****   /* USER CODE BEGIN TIM14:TIM8_TRG_COM_TIM14_IRQn disable */
 489:Core/Src/tim.c ****     /**
 490:Core/Src/tim.c ****     * Uncomment the line below to disable the "TIM8_TRG_COM_TIM14_IRQn" interrupt
 491:Core/Src/tim.c ****     * Be aware, disabling shared interrupt may affect other IPs
 492:Core/Src/tim.c ****     */
 493:Core/Src/tim.c ****     /* HAL_NVIC_DisableIRQ(TIM8_TRG_COM_TIM14_IRQn); */
 494:Core/Src/tim.c ****   /* USER CODE END TIM14:TIM8_TRG_COM_TIM14_IRQn disable */
 495:Core/Src/tim.c **** 
 496:Core/Src/tim.c ****   /* USER CODE BEGIN TIM14_MspDeInit 1 */
 497:Core/Src/tim.c **** 
 498:Core/Src/tim.c ****   /* USER CODE END TIM14_MspDeInit 1 */
 499:Core/Src/tim.c ****   }
 500:Core/Src/tim.c **** } 
 1147              		.loc 1 500 0
 1148 0008 7047     		bx	lr
 1149              	.L109:
 485:Core/Src/tim.c **** 
 1150              		.loc 1 485 0
 1151 000a 044A     		ldr	r2, .L110+4
 1152 000c 136C     		ldr	r3, [r2, #64]
 1153 000e 23F48073 		bic	r3, r3, #256
 1154 0012 1364     		str	r3, [r2, #64]
 1155              		.loc 1 500 0
 1156 0014 F8E7     		b	.L107
ARM GAS  C:\Users\n-is\AppData\Local\Temp\cchAYS8G.s 			page 31


 1157              	.L111:
 1158 0016 00BF     		.align	2
 1159              	.L110:
 1160 0018 00200040 		.word	1073750016
 1161 001c 00380240 		.word	1073887232
 1162              		.cfi_endproc
 1163              	.LFE138:
 1165              		.comm	htim14,60,4
 1166              		.comm	htim8,60,4
 1167              		.comm	htim5,60,4
 1168              		.comm	htim4,60,4
 1169              		.comm	htim3,60,4
 1170              		.section	.rodata.time_period.str1.4,"aMS",%progbits,1
 1171              		.align	2
 1172              	.LC0:
 1173 0000 436F7265 		.ascii	"Core/Src/tim.c\000"
 1173      2F537263 
 1173      2F74696D 
 1173      2E6300
 1174              		.text
 1175              	.Letext0:
 1176              		.file 2 "c:\\program files (x86)\\gnu tools arm embedded\\7 2018-q2-update\\arm-none-eabi\\include
 1177              		.file 3 "c:\\program files (x86)\\gnu tools arm embedded\\7 2018-q2-update\\arm-none-eabi\\include
 1178              		.file 4 "Drivers/CMSIS/Include/core_cm4.h"
 1179              		.file 5 "Drivers/CMSIS/Device/ST/STM32F4xx/Include/system_stm32f4xx.h"
 1180              		.file 6 "Drivers/CMSIS/Device/ST/STM32F4xx/Include/stm32f407xx.h"
 1181              		.file 7 "c:\\program files (x86)\\gnu tools arm embedded\\7 2018-q2-update\\arm-none-eabi\\include
 1182              		.file 8 "c:\\program files (x86)\\gnu tools arm embedded\\7 2018-q2-update\\arm-none-eabi\\include
 1183              		.file 9 "c:\\program files (x86)\\gnu tools arm embedded\\7 2018-q2-update\\lib\\gcc\\arm-none-eab
 1184              		.file 10 "c:\\program files (x86)\\gnu tools arm embedded\\7 2018-q2-update\\arm-none-eabi\\includ
 1185              		.file 11 "Drivers/STM32F4xx_HAL_Driver/Inc/stm32f4xx_hal_def.h"
 1186              		.file 12 "Drivers/STM32F4xx_HAL_Driver/Inc/stm32f4xx_hal_gpio.h"
 1187              		.file 13 "Drivers/STM32F4xx_HAL_Driver/Inc/stm32f4xx_hal_dma.h"
 1188              		.file 14 "Drivers/STM32F4xx_HAL_Driver/Inc/stm32f4xx_hal_tim.h"
 1189              		.file 15 "Drivers/STM32F4xx_HAL_Driver/Inc/stm32f4xx_hal_tim_ex.h"
 1190              		.file 16 "Core/Inc/tim.h"
 1191              		.file 17 "Drivers/STM32F4xx_HAL_Driver/Inc/stm32f4xx_hal_cortex.h"
ARM GAS  C:\Users\n-is\AppData\Local\Temp\cchAYS8G.s 			page 32


DEFINED SYMBOLS
                            *ABS*:00000000 tim.c
C:\Users\n-is\AppData\Local\Temp\cchAYS8G.s:18     .text.time_period:00000000 $t
C:\Users\n-is\AppData\Local\Temp\cchAYS8G.s:25     .text.time_period:00000000 time_period
C:\Users\n-is\AppData\Local\Temp\cchAYS8G.s:63     .text.time_period:00000020 $d
C:\Users\n-is\AppData\Local\Temp\cchAYS8G.s:69     .text.MX_TIM3_Init:00000000 $t
C:\Users\n-is\AppData\Local\Temp\cchAYS8G.s:76     .text.MX_TIM3_Init:00000000 MX_TIM3_Init
C:\Users\n-is\AppData\Local\Temp\cchAYS8G.s:166    .text.MX_TIM3_Init:0000005c $d
                            *COM*:0000003c htim3
C:\Users\n-is\AppData\Local\Temp\cchAYS8G.s:173    .text.MX_TIM4_Init:00000000 $t
C:\Users\n-is\AppData\Local\Temp\cchAYS8G.s:180    .text.MX_TIM4_Init:00000000 MX_TIM4_Init
C:\Users\n-is\AppData\Local\Temp\cchAYS8G.s:270    .text.MX_TIM4_Init:0000005c $d
                            *COM*:0000003c htim4
C:\Users\n-is\AppData\Local\Temp\cchAYS8G.s:277    .text.MX_TIM5_Init:00000000 $t
C:\Users\n-is\AppData\Local\Temp\cchAYS8G.s:284    .text.MX_TIM5_Init:00000000 MX_TIM5_Init
C:\Users\n-is\AppData\Local\Temp\cchAYS8G.s:374    .text.MX_TIM5_Init:0000005c $d
                            *COM*:0000003c htim5
C:\Users\n-is\AppData\Local\Temp\cchAYS8G.s:381    .text.MX_TIM14_Init:00000000 $t
C:\Users\n-is\AppData\Local\Temp\cchAYS8G.s:388    .text.MX_TIM14_Init:00000000 MX_TIM14_Init
C:\Users\n-is\AppData\Local\Temp\cchAYS8G.s:432    .text.MX_TIM14_Init:0000002c $d
                            *COM*:0000003c htim14
C:\Users\n-is\AppData\Local\Temp\cchAYS8G.s:439    .text.HAL_TIM_Encoder_MspInit:00000000 $t
C:\Users\n-is\AppData\Local\Temp\cchAYS8G.s:446    .text.HAL_TIM_Encoder_MspInit:00000000 HAL_TIM_Encoder_MspInit
C:\Users\n-is\AppData\Local\Temp\cchAYS8G.s:590    .text.HAL_TIM_Encoder_MspInit:000000b8 $d
C:\Users\n-is\AppData\Local\Temp\cchAYS8G.s:599    .text.HAL_TIM_PWM_MspInit:00000000 $t
C:\Users\n-is\AppData\Local\Temp\cchAYS8G.s:606    .text.HAL_TIM_PWM_MspInit:00000000 HAL_TIM_PWM_MspInit
C:\Users\n-is\AppData\Local\Temp\cchAYS8G.s:660    .text.HAL_TIM_PWM_MspInit:0000003c $d
C:\Users\n-is\AppData\Local\Temp\cchAYS8G.s:665    .text.HAL_TIM_Base_MspInit:00000000 $t
C:\Users\n-is\AppData\Local\Temp\cchAYS8G.s:672    .text.HAL_TIM_Base_MspInit:00000000 HAL_TIM_Base_MspInit
C:\Users\n-is\AppData\Local\Temp\cchAYS8G.s:726    .text.HAL_TIM_Base_MspInit:0000003c $d
C:\Users\n-is\AppData\Local\Temp\cchAYS8G.s:731    .text.HAL_TIM_MspPostInit:00000000 $t
C:\Users\n-is\AppData\Local\Temp\cchAYS8G.s:738    .text.HAL_TIM_MspPostInit:00000000 HAL_TIM_MspPostInit
C:\Users\n-is\AppData\Local\Temp\cchAYS8G.s:789    .text.HAL_TIM_MspPostInit:00000030 $d
C:\Users\n-is\AppData\Local\Temp\cchAYS8G.s:795    .text.MX_TIM8_Init:00000000 $t
C:\Users\n-is\AppData\Local\Temp\cchAYS8G.s:802    .text.MX_TIM8_Init:00000000 MX_TIM8_Init
C:\Users\n-is\AppData\Local\Temp\cchAYS8G.s:988    .text.MX_TIM8_Init:000000ec $d
                            *COM*:0000003c htim8
C:\Users\n-is\AppData\Local\Temp\cchAYS8G.s:995    .text.HAL_TIM_Encoder_MspDeInit:00000000 $t
C:\Users\n-is\AppData\Local\Temp\cchAYS8G.s:1002   .text.HAL_TIM_Encoder_MspDeInit:00000000 HAL_TIM_Encoder_MspDeInit
C:\Users\n-is\AppData\Local\Temp\cchAYS8G.s:1077   .text.HAL_TIM_Encoder_MspDeInit:0000005c $d
C:\Users\n-is\AppData\Local\Temp\cchAYS8G.s:1086   .text.HAL_TIM_PWM_MspDeInit:00000000 $t
C:\Users\n-is\AppData\Local\Temp\cchAYS8G.s:1093   .text.HAL_TIM_PWM_MspDeInit:00000000 HAL_TIM_PWM_MspDeInit
C:\Users\n-is\AppData\Local\Temp\cchAYS8G.s:1120   .text.HAL_TIM_PWM_MspDeInit:00000018 $d
C:\Users\n-is\AppData\Local\Temp\cchAYS8G.s:1126   .text.HAL_TIM_Base_MspDeInit:00000000 $t
C:\Users\n-is\AppData\Local\Temp\cchAYS8G.s:1133   .text.HAL_TIM_Base_MspDeInit:00000000 HAL_TIM_Base_MspDeInit
C:\Users\n-is\AppData\Local\Temp\cchAYS8G.s:1160   .text.HAL_TIM_Base_MspDeInit:00000018 $d
C:\Users\n-is\AppData\Local\Temp\cchAYS8G.s:1171   .rodata.time_period.str1.4:00000000 $d

UNDEFINED SYMBOLS
_Error_Handler
HAL_TIM_Encoder_Init
HAL_TIMEx_MasterConfigSynchronization
HAL_TIM_Base_Init
HAL_GPIO_Init
HAL_NVIC_SetPriority
HAL_NVIC_EnableIRQ
HAL_TIM_PWM_Init
ARM GAS  C:\Users\n-is\AppData\Local\Temp\cchAYS8G.s 			page 33


HAL_TIM_PWM_ConfigChannel
HAL_TIMEx_ConfigBreakDeadTime
HAL_GPIO_DeInit
