ARM GAS  C:\Users\Prashant\AppData\Local\Temp\ccGUJhRs.s 			page 1


   1              		.cpu cortex-m4
   2              		.eabi_attribute 27, 1
   3              		.eabi_attribute 28, 1
   4              		.eabi_attribute 20, 1
   5              		.eabi_attribute 21, 1
   6              		.eabi_attribute 23, 3
   7              		.eabi_attribute 24, 1
   8              		.eabi_attribute 25, 1
   9              		.eabi_attribute 26, 1
  10              		.eabi_attribute 30, 1
  11              		.eabi_attribute 34, 1
  12              		.eabi_attribute 18, 4
  13              		.file	"interrupt.c"
  14              		.text
  15              	.Ltext0:
  16              		.cfi_sections	.debug_frame
  17              		.section	.text.HAL_GPIO_EXTI_Callback,"ax",%progbits
  18              		.align	1
  19              		.global	HAL_GPIO_EXTI_Callback
  20              		.syntax unified
  21              		.thumb
  22              		.thumb_func
  23              		.fpu fpv4-sp-d16
  25              	HAL_GPIO_EXTI_Callback:
  26              	.LFB126:
  27              		.file 1 "Core/Src/interrupt.c"
   1:Core/Src/interrupt.c **** /*1-27-2019*/
   2:Core/Src/interrupt.c **** 
   3:Core/Src/interrupt.c **** #include "interrupt.h"
   4:Core/Src/interrupt.c **** #include "robo_init.h"
   5:Core/Src/interrupt.c **** 
   6:Core/Src/interrupt.c **** void HAL_GPIO_EXTI_Callback(uint16_t GPIO_PIN)
   7:Core/Src/interrupt.c **** {
  28              		.loc 1 7 0
  29              		.cfi_startproc
  30              		@ args = 0, pretend = 0, frame = 0
  31              		@ frame_needed = 0, uses_anonymous_args = 0
  32              	.LVL0:
  33 0000 10B5     		push	{r4, lr}
  34              	.LCFI0:
  35              		.cfi_def_cfa_offset 8
  36              		.cfi_offset 4, -8
  37              		.cfi_offset 14, -4
  38 0002 0446     		mov	r4, r0
   8:Core/Src/interrupt.c ****         if (GPIO_PIN == int_arr[0].int_pin)
  39              		.loc 1 8 0
  40 0004 4C4B     		ldr	r3, .L31
  41 0006 1B89     		ldrh	r3, [r3, #8]
  42 0008 8342     		cmp	r3, r0
  43 000a 1CD0     		beq	.L17
  44              	.LVL1:
  45              	.L2:
   9:Core/Src/interrupt.c ****         {
  10:Core/Src/interrupt.c ****                 printf("Motor_1 \n");
  11:Core/Src/interrupt.c ****                 if (int_arr[0].intState == STATE_B)
  12:Core/Src/interrupt.c ****                 {
  13:Core/Src/interrupt.c ****                         int_arr[0].intState = STATE_A;
ARM GAS  C:\Users\Prashant\AppData\Local\Temp\ccGUJhRs.s 			page 2


  14:Core/Src/interrupt.c ****                 }
  15:Core/Src/interrupt.c ****                 else if (int_arr[0].intState == STATE_HOME) {
  16:Core/Src/interrupt.c ****                         int_arr[0].fhome_pos = 1;
  17:Core/Src/interrupt.c ****                 }
  18:Core/Src/interrupt.c ****         }
  19:Core/Src/interrupt.c **** 
  20:Core/Src/interrupt.c ****         if (GPIO_PIN == int_arr[1].int_pin)
  46              		.loc 1 20 0
  47 000c 4A4B     		ldr	r3, .L31
  48 000e 9B8A     		ldrh	r3, [r3, #20]
  49 0010 A342     		cmp	r3, r4
  50 0012 29D0     		beq	.L18
  51              	.L4:
  21:Core/Src/interrupt.c ****         {
  22:Core/Src/interrupt.c ****                 printf("Motor_2 \n");
  23:Core/Src/interrupt.c ****                 if (int_arr[1].intState == STATE_B)
  24:Core/Src/interrupt.c ****                 {
  25:Core/Src/interrupt.c ****                         int_arr[1].intState = STATE_A;
  26:Core/Src/interrupt.c ****                 }
  27:Core/Src/interrupt.c ****                 else if (int_arr[1].intState == STATE_HOME) {
  28:Core/Src/interrupt.c ****                         int_arr[1].fhome_pos = 1;
  29:Core/Src/interrupt.c ****                 }
  30:Core/Src/interrupt.c ****         }
  31:Core/Src/interrupt.c **** 
  32:Core/Src/interrupt.c ****         if (GPIO_PIN == int_arr[2].int_pin)
  52              		.loc 1 32 0
  53 0014 484B     		ldr	r3, .L31
  54 0016 1B8C     		ldrh	r3, [r3, #32]
  55 0018 A342     		cmp	r3, r4
  56 001a 36D0     		beq	.L19
  57              	.L6:
  33:Core/Src/interrupt.c ****         {
  34:Core/Src/interrupt.c ****                 printf("Motor_3 \n");
  35:Core/Src/interrupt.c ****                 if (int_arr[2].intState == STATE_B)
  36:Core/Src/interrupt.c ****                 {
  37:Core/Src/interrupt.c ****                         int_arr[2].intState = STATE_A;
  38:Core/Src/interrupt.c ****                 }
  39:Core/Src/interrupt.c ****                 else if (int_arr[2].intState == STATE_HOME) {
  40:Core/Src/interrupt.c ****                         int_arr[2].fhome_pos = 1;
  41:Core/Src/interrupt.c ****                 }
  42:Core/Src/interrupt.c ****         }
  43:Core/Src/interrupt.c **** 
  44:Core/Src/interrupt.c ****         if (GPIO_PIN == int_arr[3].int_pin)
  58              		.loc 1 44 0
  59 001c 464B     		ldr	r3, .L31
  60 001e 9B8D     		ldrh	r3, [r3, #44]
  61 0020 A342     		cmp	r3, r4
  62 0022 45D0     		beq	.L20
  63              	.L8:
  45:Core/Src/interrupt.c ****         {
  46:Core/Src/interrupt.c ****                 printf("Motor_4 \n");
  47:Core/Src/interrupt.c ****                 if (int_arr[3].intState == STATE_B)
  48:Core/Src/interrupt.c ****                 {
  49:Core/Src/interrupt.c ****                         int_arr[3].intState = STATE_A;
  50:Core/Src/interrupt.c ****                 }
  51:Core/Src/interrupt.c ****                 else if (int_arr[3].intState == STATE_HOME) {
  52:Core/Src/interrupt.c ****                         int_arr[3].fhome_pos = 1;
ARM GAS  C:\Users\Prashant\AppData\Local\Temp\ccGUJhRs.s 			page 3


  53:Core/Src/interrupt.c ****                 }
  54:Core/Src/interrupt.c ****         }
  55:Core/Src/interrupt.c ****         
  56:Core/Src/interrupt.c ****     if (GPIO_PIN == blnc_int_arr[0].int_pin)
  64              		.loc 1 56 0
  65 0024 454B     		ldr	r3, .L31+4
  66 0026 1B89     		ldrh	r3, [r3, #8]
  67 0028 A342     		cmp	r3, r4
  68 002a 55D0     		beq	.L21
  69              	.L10:
  57:Core/Src/interrupt.c ****     {
  58:Core/Src/interrupt.c **** 	if(blnc_int_arr[2].fhome_pos)
  59:Core/Src/interrupt.c **** 	{
  60:Core/Src/interrupt.c **** 		setDutyCycle(&balance_motor, 0);
  61:Core/Src/interrupt.c **** 	}    
  62:Core/Src/interrupt.c ****         printf("A\n");
  63:Core/Src/interrupt.c ****     }
  64:Core/Src/interrupt.c ****     
  65:Core/Src/interrupt.c ****     if (GPIO_PIN == blnc_int_arr[1].int_pin)
  70              		.loc 1 65 0
  71 002c 434B     		ldr	r3, .L31+4
  72 002e 9B8A     		ldrh	r3, [r3, #20]
  73 0030 A342     		cmp	r3, r4
  74 0032 5DD0     		beq	.L22
  75              	.L12:
  66:Core/Src/interrupt.c ****     {
  67:Core/Src/interrupt.c ****         if(blnc_int_arr[2].fhome_pos)
  68:Core/Src/interrupt.c **** 	{
  69:Core/Src/interrupt.c **** 		setDutyCycle(&balance_motor, 0);
  70:Core/Src/interrupt.c **** 	}
  71:Core/Src/interrupt.c **** 	printf("B\n");
  72:Core/Src/interrupt.c ****     }
  73:Core/Src/interrupt.c ****     
  74:Core/Src/interrupt.c ****     if (GPIO_PIN == blnc_int_arr[2].int_pin)
  76              		.loc 1 74 0
  77 0034 414B     		ldr	r3, .L31+4
  78 0036 1B8C     		ldrh	r3, [r3, #32]
  79 0038 A342     		cmp	r3, r4
  80 003a 65D0     		beq	.L23
  81              	.L14:
  75:Core/Src/interrupt.c ****     {
  76:Core/Src/interrupt.c ****         blnc_int_arr[2].fhome_pos = 1;
  77:Core/Src/interrupt.c ****         if(blnc_int_arr[2].fhome_pos)
  78:Core/Src/interrupt.c **** 	{
  79:Core/Src/interrupt.c **** 		setDutyCycle(&balance_motor, 0);
  80:Core/Src/interrupt.c **** 	}
  81:Core/Src/interrupt.c **** 	printf("C\n");
  82:Core/Src/interrupt.c ****     }
  83:Core/Src/interrupt.c ****     
  84:Core/Src/interrupt.c ****    if (GPIO_PIN == blnc_int_arr[3].int_pin)
  82              		.loc 1 84 0
  83 003c 3F4B     		ldr	r3, .L31+4
  84 003e 9B8D     		ldrh	r3, [r3, #44]
  85 0040 A342     		cmp	r3, r4
  86 0042 6CD0     		beq	.L24
  87              	.L1:
  85:Core/Src/interrupt.c ****     {
ARM GAS  C:\Users\Prashant\AppData\Local\Temp\ccGUJhRs.s 			page 4


  86:Core/Src/interrupt.c **** 	
  87:Core/Src/interrupt.c ****         printf("D\n");
  88:Core/Src/interrupt.c **** 	
  89:Core/Src/interrupt.c **** 	if(blnc_int_arr[2].fhome_pos)
  90:Core/Src/interrupt.c **** 	{
  91:Core/Src/interrupt.c **** 		setDutyCycle(&balance_motor, 0);
  92:Core/Src/interrupt.c **** 	}
  93:Core/Src/interrupt.c ****     }
  94:Core/Src/interrupt.c ****      
  95:Core/Src/interrupt.c **** }
  88              		.loc 1 95 0
  89 0044 10BD     		pop	{r4, pc}
  90              	.LVL2:
  91              	.L17:
  10:Core/Src/interrupt.c ****                 if (int_arr[0].intState == STATE_B)
  92              		.loc 1 10 0
  93 0046 3E48     		ldr	r0, .L31+8
  94              	.LVL3:
  95 0048 FFF7FEFF 		bl	puts
  96              	.LVL4:
  11:Core/Src/interrupt.c ****                 {
  97              		.loc 1 11 0
  98 004c 3A4B     		ldr	r3, .L31
  99 004e 9B7A     		ldrb	r3, [r3, #10]	@ zero_extendqisi2
 100 0050 012B     		cmp	r3, #1
 101 0052 05D0     		beq	.L25
  15:Core/Src/interrupt.c ****                         int_arr[0].fhome_pos = 1;
 102              		.loc 1 15 0
 103 0054 022B     		cmp	r3, #2
 104 0056 D9D1     		bne	.L2
  16:Core/Src/interrupt.c ****                 }
 105              		.loc 1 16 0
 106 0058 374B     		ldr	r3, .L31
 107 005a 0122     		movs	r2, #1
 108 005c 5A70     		strb	r2, [r3, #1]
 109 005e D5E7     		b	.L2
 110              	.L25:
  13:Core/Src/interrupt.c ****                 }
 111              		.loc 1 13 0
 112 0060 354B     		ldr	r3, .L31
 113 0062 0022     		movs	r2, #0
 114 0064 9A72     		strb	r2, [r3, #10]
 115 0066 D1E7     		b	.L2
 116              	.L18:
  22:Core/Src/interrupt.c ****                 if (int_arr[1].intState == STATE_B)
 117              		.loc 1 22 0
 118 0068 3648     		ldr	r0, .L31+12
 119 006a FFF7FEFF 		bl	puts
 120              	.LVL5:
  23:Core/Src/interrupt.c ****                 {
 121              		.loc 1 23 0
 122 006e 324B     		ldr	r3, .L31
 123 0070 9B7D     		ldrb	r3, [r3, #22]	@ zero_extendqisi2
 124 0072 012B     		cmp	r3, #1
 125 0074 05D0     		beq	.L26
  27:Core/Src/interrupt.c ****                         int_arr[1].fhome_pos = 1;
 126              		.loc 1 27 0
ARM GAS  C:\Users\Prashant\AppData\Local\Temp\ccGUJhRs.s 			page 5


 127 0076 022B     		cmp	r3, #2
 128 0078 CCD1     		bne	.L4
  28:Core/Src/interrupt.c ****                 }
 129              		.loc 1 28 0
 130 007a 2F4B     		ldr	r3, .L31
 131 007c 0122     		movs	r2, #1
 132 007e 5A73     		strb	r2, [r3, #13]
 133 0080 C8E7     		b	.L4
 134              	.L26:
  25:Core/Src/interrupt.c ****                 }
 135              		.loc 1 25 0
 136 0082 2D4B     		ldr	r3, .L31
 137 0084 0022     		movs	r2, #0
 138 0086 9A75     		strb	r2, [r3, #22]
 139 0088 C4E7     		b	.L4
 140              	.L19:
  34:Core/Src/interrupt.c ****                 if (int_arr[2].intState == STATE_B)
 141              		.loc 1 34 0
 142 008a 2F48     		ldr	r0, .L31+16
 143 008c FFF7FEFF 		bl	puts
 144              	.LVL6:
  35:Core/Src/interrupt.c ****                 {
 145              		.loc 1 35 0
 146 0090 294B     		ldr	r3, .L31
 147 0092 93F82230 		ldrb	r3, [r3, #34]	@ zero_extendqisi2
 148 0096 012B     		cmp	r3, #1
 149 0098 05D0     		beq	.L27
  39:Core/Src/interrupt.c ****                         int_arr[2].fhome_pos = 1;
 150              		.loc 1 39 0
 151 009a 022B     		cmp	r3, #2
 152 009c BED1     		bne	.L6
  40:Core/Src/interrupt.c ****                 }
 153              		.loc 1 40 0
 154 009e 264B     		ldr	r3, .L31
 155 00a0 0122     		movs	r2, #1
 156 00a2 5A76     		strb	r2, [r3, #25]
 157 00a4 BAE7     		b	.L6
 158              	.L27:
  37:Core/Src/interrupt.c ****                 }
 159              		.loc 1 37 0
 160 00a6 244B     		ldr	r3, .L31
 161 00a8 0022     		movs	r2, #0
 162 00aa 83F82220 		strb	r2, [r3, #34]
 163 00ae B5E7     		b	.L6
 164              	.L20:
  46:Core/Src/interrupt.c ****                 if (int_arr[3].intState == STATE_B)
 165              		.loc 1 46 0
 166 00b0 2648     		ldr	r0, .L31+20
 167 00b2 FFF7FEFF 		bl	puts
 168              	.LVL7:
  47:Core/Src/interrupt.c ****                 {
 169              		.loc 1 47 0
 170 00b6 204B     		ldr	r3, .L31
 171 00b8 93F82E30 		ldrb	r3, [r3, #46]	@ zero_extendqisi2
 172 00bc 012B     		cmp	r3, #1
 173 00be 06D0     		beq	.L28
  51:Core/Src/interrupt.c ****                         int_arr[3].fhome_pos = 1;
ARM GAS  C:\Users\Prashant\AppData\Local\Temp\ccGUJhRs.s 			page 6


 174              		.loc 1 51 0
 175 00c0 022B     		cmp	r3, #2
 176 00c2 AFD1     		bne	.L8
  52:Core/Src/interrupt.c ****                 }
 177              		.loc 1 52 0
 178 00c4 1C4B     		ldr	r3, .L31
 179 00c6 0122     		movs	r2, #1
 180 00c8 83F82520 		strb	r2, [r3, #37]
 181 00cc AAE7     		b	.L8
 182              	.L28:
  49:Core/Src/interrupt.c ****                 }
 183              		.loc 1 49 0
 184 00ce 1A4B     		ldr	r3, .L31
 185 00d0 0022     		movs	r2, #0
 186 00d2 83F82E20 		strb	r2, [r3, #46]
 187 00d6 A5E7     		b	.L8
 188              	.L21:
  58:Core/Src/interrupt.c **** 	{
 189              		.loc 1 58 0
 190 00d8 184B     		ldr	r3, .L31+4
 191 00da 5B7E     		ldrb	r3, [r3, #25]	@ zero_extendqisi2
 192 00dc 1BB9     		cbnz	r3, .L29
 193              	.L11:
  62:Core/Src/interrupt.c ****     }
 194              		.loc 1 62 0
 195 00de 1C48     		ldr	r0, .L31+24
 196 00e0 FFF7FEFF 		bl	puts
 197              	.LVL8:
 198 00e4 A2E7     		b	.L10
 199              	.L29:
  60:Core/Src/interrupt.c **** 	}    
 200              		.loc 1 60 0
 201 00e6 0021     		movs	r1, #0
 202 00e8 1A48     		ldr	r0, .L31+28
 203 00ea FFF7FEFF 		bl	setDutyCycle
 204              	.LVL9:
 205 00ee F6E7     		b	.L11
 206              	.L22:
  67:Core/Src/interrupt.c **** 	{
 207              		.loc 1 67 0
 208 00f0 124B     		ldr	r3, .L31+4
 209 00f2 5B7E     		ldrb	r3, [r3, #25]	@ zero_extendqisi2
 210 00f4 1BB9     		cbnz	r3, .L30
 211              	.L13:
  71:Core/Src/interrupt.c ****     }
 212              		.loc 1 71 0
 213 00f6 1848     		ldr	r0, .L31+32
 214 00f8 FFF7FEFF 		bl	puts
 215              	.LVL10:
 216 00fc 9AE7     		b	.L12
 217              	.L30:
  69:Core/Src/interrupt.c **** 	}
 218              		.loc 1 69 0
 219 00fe 0021     		movs	r1, #0
 220 0100 1448     		ldr	r0, .L31+28
 221 0102 FFF7FEFF 		bl	setDutyCycle
 222              	.LVL11:
ARM GAS  C:\Users\Prashant\AppData\Local\Temp\ccGUJhRs.s 			page 7


 223 0106 F6E7     		b	.L13
 224              	.L23:
  76:Core/Src/interrupt.c ****         if(blnc_int_arr[2].fhome_pos)
 225              		.loc 1 76 0
 226 0108 0C4B     		ldr	r3, .L31+4
 227 010a 0122     		movs	r2, #1
 228 010c 5A76     		strb	r2, [r3, #25]
  79:Core/Src/interrupt.c **** 	}
 229              		.loc 1 79 0
 230 010e 0021     		movs	r1, #0
 231 0110 1048     		ldr	r0, .L31+28
 232 0112 FFF7FEFF 		bl	setDutyCycle
 233              	.LVL12:
  81:Core/Src/interrupt.c ****     }
 234              		.loc 1 81 0
 235 0116 1148     		ldr	r0, .L31+36
 236 0118 FFF7FEFF 		bl	puts
 237              	.LVL13:
 238 011c 8EE7     		b	.L14
 239              	.L24:
  87:Core/Src/interrupt.c **** 	
 240              		.loc 1 87 0
 241 011e 1048     		ldr	r0, .L31+40
 242 0120 FFF7FEFF 		bl	puts
 243              	.LVL14:
  89:Core/Src/interrupt.c **** 	{
 244              		.loc 1 89 0
 245 0124 054B     		ldr	r3, .L31+4
 246 0126 5B7E     		ldrb	r3, [r3, #25]	@ zero_extendqisi2
 247 0128 002B     		cmp	r3, #0
 248 012a 8BD0     		beq	.L1
  91:Core/Src/interrupt.c **** 	}
 249              		.loc 1 91 0
 250 012c 0021     		movs	r1, #0
 251 012e 0948     		ldr	r0, .L31+28
 252 0130 FFF7FEFF 		bl	setDutyCycle
 253              	.LVL15:
 254              		.loc 1 95 0
 255 0134 86E7     		b	.L1
 256              	.L32:
 257 0136 00BF     		.align	2
 258              	.L31:
 259 0138 00000000 		.word	int_arr
 260 013c 00000000 		.word	blnc_int_arr
 261 0140 00000000 		.word	.LC0
 262 0144 0C000000 		.word	.LC1
 263 0148 18000000 		.word	.LC2
 264 014c 24000000 		.word	.LC3
 265 0150 30000000 		.word	.LC4
 266 0154 00000000 		.word	balance_motor
 267 0158 34000000 		.word	.LC5
 268 015c 38000000 		.word	.LC6
 269 0160 3C000000 		.word	.LC7
 270              		.cfi_endproc
 271              	.LFE126:
 273              		.section	.rodata.HAL_GPIO_EXTI_Callback.str1.4,"aMS",%progbits,1
 274              		.align	2
ARM GAS  C:\Users\Prashant\AppData\Local\Temp\ccGUJhRs.s 			page 8


 275              	.LC0:
 276 0000 4D6F746F 		.ascii	"Motor_1 \000"
 276      725F3120 
 276      00
 277 0009 000000   		.space	3
 278              	.LC1:
 279 000c 4D6F746F 		.ascii	"Motor_2 \000"
 279      725F3220 
 279      00
 280 0015 000000   		.space	3
 281              	.LC2:
 282 0018 4D6F746F 		.ascii	"Motor_3 \000"
 282      725F3320 
 282      00
 283 0021 000000   		.space	3
 284              	.LC3:
 285 0024 4D6F746F 		.ascii	"Motor_4 \000"
 285      725F3420 
 285      00
 286 002d 000000   		.space	3
 287              	.LC4:
 288 0030 4100     		.ascii	"A\000"
 289 0032 0000     		.space	2
 290              	.LC5:
 291 0034 4200     		.ascii	"B\000"
 292 0036 0000     		.space	2
 293              	.LC6:
 294 0038 4300     		.ascii	"C\000"
 295 003a 0000     		.space	2
 296              	.LC7:
 297 003c 4400     		.ascii	"D\000"
 298              		.text
 299              	.Letext0:
 300              		.file 2 "c:\\program files (x86)\\gnu tools arm embedded\\7 2017-q4-major\\arm-none-eabi\\include\
 301              		.file 3 "c:\\program files (x86)\\gnu tools arm embedded\\7 2017-q4-major\\arm-none-eabi\\include\
 302              		.file 4 "C:/Users/Prashant/STM32Cube/Repository/STM32Cube_FW_F4_V1.21.0/Drivers/CMSIS/Include/core
 303              		.file 5 "C:/Users/Prashant/STM32Cube/Repository/STM32Cube_FW_F4_V1.21.0/Drivers/CMSIS/Device/ST/ST
 304              		.file 6 "C:/Users/Prashant/STM32Cube/Repository/STM32Cube_FW_F4_V1.21.0/Drivers/CMSIS/Device/ST/ST
 305              		.file 7 "c:\\program files (x86)\\gnu tools arm embedded\\7 2017-q4-major\\arm-none-eabi\\include\
 306              		.file 8 "c:\\program files (x86)\\gnu tools arm embedded\\7 2017-q4-major\\arm-none-eabi\\include\
 307              		.file 9 "c:\\program files (x86)\\gnu tools arm embedded\\7 2017-q4-major\\lib\\gcc\\arm-none-eabi
 308              		.file 10 "c:\\program files (x86)\\gnu tools arm embedded\\7 2017-q4-major\\arm-none-eabi\\include
 309              		.file 11 "C:/Users/Prashant/STM32Cube/Repository/STM32Cube_FW_F4_V1.21.0/Drivers/STM32F4xx_HAL_Dri
 310              		.file 12 "C:/Users/Prashant/STM32Cube/Repository/STM32Cube_FW_F4_V1.21.0/Drivers/STM32F4xx_HAL_Dri
 311              		.file 13 "C:/Users/Prashant/STM32Cube/Repository/STM32Cube_FW_F4_V1.21.0/Drivers/STM32F4xx_HAL_Dri
 312              		.file 14 "Core/Inc/interrupt.h"
 313              		.file 15 "Core/Inc\\periphs/tim.h"
 314              		.file 16 "Core/Inc/feed_forward.h"
 315              		.file 17 "Core/Inc/pneumatic.h"
 316              		.file 18 "Core/Inc/encoder.h"
 317              		.file 19 "Core/Inc/motor.h"
 318              		.file 20 "Core/Inc/pid.h"
 319              		.file 21 "Core/Inc/fsm.h"
 320              		.file 22 "Core/Inc/robo_init.h"
 321              		.file 23 "<built-in>"
ARM GAS  C:\Users\Prashant\AppData\Local\Temp\ccGUJhRs.s 			page 9


DEFINED SYMBOLS
                            *ABS*:00000000 interrupt.c
C:\Users\Prashant\AppData\Local\Temp\ccGUJhRs.s:18     .text.HAL_GPIO_EXTI_Callback:00000000 $t
C:\Users\Prashant\AppData\Local\Temp\ccGUJhRs.s:25     .text.HAL_GPIO_EXTI_Callback:00000000 HAL_GPIO_EXTI_Callback
C:\Users\Prashant\AppData\Local\Temp\ccGUJhRs.s:259    .text.HAL_GPIO_EXTI_Callback:00000138 $d
C:\Users\Prashant\AppData\Local\Temp\ccGUJhRs.s:274    .rodata.HAL_GPIO_EXTI_Callback.str1.4:00000000 $d

UNDEFINED SYMBOLS
puts
setDutyCycle
int_arr
blnc_int_arr
balance_motor
