ARM GAS  C:\Users\Prashant\AppData\Local\Temp\ccjWQq9a.s 			page 1


   1              		.cpu cortex-m4
   2              		.eabi_attribute 27, 1
   3              		.eabi_attribute 28, 1
   4              		.eabi_attribute 20, 1
   5              		.eabi_attribute 21, 1
   6              		.eabi_attribute 23, 3
   7              		.eabi_attribute 24, 1
   8              		.eabi_attribute 25, 1
   9              		.eabi_attribute 26, 1
  10              		.eabi_attribute 30, 1
  11              		.eabi_attribute 34, 1
  12              		.eabi_attribute 18, 4
  13              		.file	"pneumatic.c"
  14              		.text
  15              	.Ltext0:
  16              		.cfi_sections	.debug_frame
  17              		.section	.text.setPneumatic,"ax",%progbits
  18              		.align	1
  19              		.global	setPneumatic
  20              		.syntax unified
  21              		.thumb
  22              		.thumb_func
  23              		.fpu fpv4-sp-d16
  25              	setPneumatic:
  26              	.LFB126:
  27              		.file 1 "Core/Src/pneumatic.c"
   1:Core/Src/pneumatic.c **** /*1-23-2019*/
   2:Core/Src/pneumatic.c **** 
   3:Core/Src/pneumatic.c **** #include"pneumatic.h"
   4:Core/Src/pneumatic.c **** 
   5:Core/Src/pneumatic.c **** void setPneumatic(struct pneumaticStr *pneu,enum pneumaticState pneu_state )
   6:Core/Src/pneumatic.c **** {
  28              		.loc 1 6 0
  29              		.cfi_startproc
  30              		@ args = 0, pretend = 0, frame = 0
  31              		@ frame_needed = 0, uses_anonymous_args = 0
  32              	.LVL0:
  33 0000 08B5     		push	{r3, lr}
  34              	.LCFI0:
  35              		.cfi_def_cfa_offset 8
  36              		.cfi_offset 3, -8
  37              		.cfi_offset 14, -4
   7:Core/Src/pneumatic.c ****     if(pneu_state == SET_PNEU)
  38              		.loc 1 7 0
  39 0002 11B1     		cbz	r1, .L5
   8:Core/Src/pneumatic.c ****     {
   9:Core/Src/pneumatic.c ****         HAL_GPIO_WritePin(pneu->pneu_port, pneu->pneu_pin, GPIO_PIN_SET);    
  10:Core/Src/pneumatic.c ****     }
  11:Core/Src/pneumatic.c ****     
  12:Core/Src/pneumatic.c ****     else if(pneu_state == RESET_PNEU)
  40              		.loc 1 12 0
  41 0004 0129     		cmp	r1, #1
  42 0006 06D0     		beq	.L6
  43              	.LVL1:
  44              	.L1:
  13:Core/Src/pneumatic.c ****     {
  14:Core/Src/pneumatic.c ****         HAL_GPIO_WritePin(pneu->pneu_port, pneu->pneu_pin, GPIO_PIN_RESET);    
ARM GAS  C:\Users\Prashant\AppData\Local\Temp\ccjWQq9a.s 			page 2


  15:Core/Src/pneumatic.c ****     }
  16:Core/Src/pneumatic.c ****     
  17:Core/Src/pneumatic.c ****     else
  18:Core/Src/pneumatic.c ****     {
  19:Core/Src/pneumatic.c ****         // error
  20:Core/Src/pneumatic.c ****     }
  21:Core/Src/pneumatic.c **** }
  45              		.loc 1 21 0
  46 0008 08BD     		pop	{r3, pc}
  47              	.LVL2:
  48              	.L5:
   9:Core/Src/pneumatic.c ****     }
  49              		.loc 1 9 0
  50 000a 0122     		movs	r2, #1
  51 000c 8188     		ldrh	r1, [r0, #4]
  52              	.LVL3:
  53 000e 0068     		ldr	r0, [r0]
  54              	.LVL4:
  55 0010 FFF7FEFF 		bl	HAL_GPIO_WritePin
  56              	.LVL5:
  57 0014 F8E7     		b	.L1
  58              	.LVL6:
  59              	.L6:
  14:Core/Src/pneumatic.c ****     }
  60              		.loc 1 14 0
  61 0016 0022     		movs	r2, #0
  62 0018 8188     		ldrh	r1, [r0, #4]
  63              	.LVL7:
  64 001a 0068     		ldr	r0, [r0]
  65              	.LVL8:
  66 001c FFF7FEFF 		bl	HAL_GPIO_WritePin
  67              	.LVL9:
  68              		.loc 1 21 0
  69 0020 F2E7     		b	.L1
  70              		.cfi_endproc
  71              	.LFE126:
  73              		.text
  74              	.Letext0:
  75              		.file 2 "c:\\program files (x86)\\gnu tools arm embedded\\7 2017-q4-major\\arm-none-eabi\\include\
  76              		.file 3 "c:\\program files (x86)\\gnu tools arm embedded\\7 2017-q4-major\\arm-none-eabi\\include\
  77              		.file 4 "C:/Users/Prashant/STM32Cube/Repository/STM32Cube_FW_F4_V1.21.0/Drivers/CMSIS/Include/core
  78              		.file 5 "C:/Users/Prashant/STM32Cube/Repository/STM32Cube_FW_F4_V1.21.0/Drivers/CMSIS/Device/ST/ST
  79              		.file 6 "C:/Users/Prashant/STM32Cube/Repository/STM32Cube_FW_F4_V1.21.0/Drivers/CMSIS/Device/ST/ST
  80              		.file 7 "c:\\program files (x86)\\gnu tools arm embedded\\7 2017-q4-major\\arm-none-eabi\\include\
  81              		.file 8 "c:\\program files (x86)\\gnu tools arm embedded\\7 2017-q4-major\\arm-none-eabi\\include\
  82              		.file 9 "c:\\program files (x86)\\gnu tools arm embedded\\7 2017-q4-major\\lib\\gcc\\arm-none-eabi
  83              		.file 10 "c:\\program files (x86)\\gnu tools arm embedded\\7 2017-q4-major\\arm-none-eabi\\include
  84              		.file 11 "Core/Inc/pneumatic.h"
  85              		.file 12 "C:/Users/Prashant/STM32Cube/Repository/STM32Cube_FW_F4_V1.21.0/Drivers/STM32F4xx_HAL_Dri
ARM GAS  C:\Users\Prashant\AppData\Local\Temp\ccjWQq9a.s 			page 3


DEFINED SYMBOLS
                            *ABS*:00000000 pneumatic.c
C:\Users\Prashant\AppData\Local\Temp\ccjWQq9a.s:18     .text.setPneumatic:00000000 $t
C:\Users\Prashant\AppData\Local\Temp\ccjWQq9a.s:25     .text.setPneumatic:00000000 setPneumatic

UNDEFINED SYMBOLS
HAL_GPIO_WritePin
