ARM GAS  C:\Users\Prashant\AppData\Local\Temp\ccs16mly.s 			page 1


   1              		.cpu cortex-m4
   2              		.eabi_attribute 27, 1
   3              		.eabi_attribute 28, 1
   4              		.eabi_attribute 20, 1
   5              		.eabi_attribute 21, 1
   6              		.eabi_attribute 23, 3
   7              		.eabi_attribute 24, 1
   8              		.eabi_attribute 25, 1
   9              		.eabi_attribute 26, 1
  10              		.eabi_attribute 30, 1
  11              		.eabi_attribute 34, 1
  12              		.eabi_attribute 18, 4
  13              		.file	"robo_init.c"
  14              		.text
  15              	.Ltext0:
  16              		.cfi_sections	.debug_frame
  17              		.section	.text.feedForwardInit,"ax",%progbits
  18              		.align	1
  19              		.global	feedForwardInit
  20              		.syntax unified
  21              		.thumb
  22              		.thumb_func
  23              		.fpu fpv4-sp-d16
  25              	feedForwardInit:
  26              	.LFB127:
  27              		.file 1 "Core/Src/robo_init.c"
   1:Core/Src/robo_init.c **** /*22-1-2019*/
   2:Core/Src/robo_init.c **** 
   3:Core/Src/robo_init.c **** #include "robo_init.h"
   4:Core/Src/robo_init.c **** 
   5:Core/Src/robo_init.c **** struct interruptStr blnc_int_arr[4];
   6:Core/Src/robo_init.c **** struct encoderStr encoder_arr[4];
   7:Core/Src/robo_init.c **** struct motorStr motor_arr[4];
   8:Core/Src/robo_init.c **** struct pneumaticStr pneu_arr[4];
   9:Core/Src/robo_init.c **** struct interruptStr int_arr[4];
  10:Core/Src/robo_init.c **** struct pidStr pid_arr[4];
  11:Core/Src/robo_init.c **** struct feedStr ff_arr[4];
  12:Core/Src/robo_init.c **** struct fsmStr fsm;
  13:Core/Src/robo_init.c **** 
  14:Core/Src/robo_init.c **** struct motorStr balance_motor;
  15:Core/Src/robo_init.c **** 
  16:Core/Src/robo_init.c **** // Motor 1 started working after changing interrupt pin from PE3 to PB9
  17:Core/Src/robo_init.c **** 
  18:Core/Src/robo_init.c **** void roboInit(void)
  19:Core/Src/robo_init.c **** {
  20:Core/Src/robo_init.c ****         pidInit();
  21:Core/Src/robo_init.c ****         motorInit();
  22:Core/Src/robo_init.c ****         encoderInit(); // Initialized after HOME_POSITION
  23:Core/Src/robo_init.c ****         interruptInit();
  24:Core/Src/robo_init.c ****         pneumaticInit();
  25:Core/Src/robo_init.c ****         feedForwardInit();
  26:Core/Src/robo_init.c **** }
  27:Core/Src/robo_init.c **** 
  28:Core/Src/robo_init.c **** void feedForwardInit(void)
  29:Core/Src/robo_init.c **** {
  28              		.loc 1 29 0
  29              		.cfi_startproc
ARM GAS  C:\Users\Prashant\AppData\Local\Temp\ccs16mly.s 			page 2


  30              		@ args = 0, pretend = 0, frame = 0
  31              		@ frame_needed = 0, uses_anonymous_args = 0
  32 0000 10B5     		push	{r4, lr}
  33              	.LCFI0:
  34              		.cfi_def_cfa_offset 8
  35              		.cfi_offset 4, -8
  36              		.cfi_offset 14, -4
  37              	.LVL0:
  38              	.LBB2:
  30:Core/Src/robo_init.c ****         for (uint8_t i = 0; i < 4; i++)
  39              		.loc 1 30 0
  40 0002 0024     		movs	r4, #0
  41 0004 0EE0     		b	.L2
  42              	.LVL1:
  43              	.L3:
  31:Core/Src/robo_init.c ****         {
  32:Core/Src/robo_init.c ****                 ffInit(&ff_arr[i], 5, 20, dt_secs);
  44              		.loc 1 32 0 discriminator 3
  45 0006 C4EB0412 		rsb	r2, r4, r4, lsl #4
  46 000a 9300     		lsls	r3, r2, #2
  47 000c 9FED071A 		vldr.32	s2, .L5
  48 0010 F3EE040A 		vmov.f32	s1, #2.0e+1
  49 0014 B1EE040A 		vmov.f32	s0, #5.0e+0
  50 0018 0548     		ldr	r0, .L5+4
  51 001a 1844     		add	r0, r0, r3
  52 001c FFF7FEFF 		bl	ffInit
  53              	.LVL2:
  30:Core/Src/robo_init.c ****         for (uint8_t i = 0; i < 4; i++)
  54              		.loc 1 30 0 discriminator 3
  55 0020 0134     		adds	r4, r4, #1
  56              	.LVL3:
  57 0022 E4B2     		uxtb	r4, r4
  58              	.LVL4:
  59              	.L2:
  30:Core/Src/robo_init.c ****         for (uint8_t i = 0; i < 4; i++)
  60              		.loc 1 30 0 is_stmt 0 discriminator 1
  61 0024 032C     		cmp	r4, #3
  62 0026 EED9     		bls	.L3
  63              	.LBE2:
  33:Core/Src/robo_init.c ****         }
  34:Core/Src/robo_init.c **** }
  64              		.loc 1 34 0 is_stmt 1
  65 0028 10BD     		pop	{r4, pc}
  66              	.LVL5:
  67              	.L6:
  68 002a 00BF     		.align	2
  69              	.L5:
  70 002c 0AD7233C 		.word	1008981770
  71 0030 00000000 		.word	ff_arr
  72              		.cfi_endproc
  73              	.LFE127:
  75              		.section	.text.interruptInit,"ax",%progbits
  76              		.align	1
  77              		.global	interruptInit
  78              		.syntax unified
  79              		.thumb
  80              		.thumb_func
ARM GAS  C:\Users\Prashant\AppData\Local\Temp\ccs16mly.s 			page 3


  81              		.fpu fpv4-sp-d16
  83              	interruptInit:
  84              	.LFB128:
  35:Core/Src/robo_init.c **** 
  36:Core/Src/robo_init.c **** void interruptInit(void)
  37:Core/Src/robo_init.c **** {
  85              		.loc 1 37 0
  86              		.cfi_startproc
  87              		@ args = 0, pretend = 0, frame = 0
  88              		@ frame_needed = 0, uses_anonymous_args = 0
  89              		@ link register save eliminated.
  38:Core/Src/robo_init.c ****         // Motor interrupts
  39:Core/Src/robo_init.c ****         int_arr[0].int_pin = GPIO_PIN_9;
  90              		.loc 1 39 0
  91 0000 184B     		ldr	r3, .L14
  92 0002 4FF40072 		mov	r2, #512
  93 0006 1A81     		strh	r2, [r3, #8]	@ movhi
  40:Core/Src/robo_init.c ****         int_arr[1].int_pin = GPIO_PIN_13;
  94              		.loc 1 40 0
  95 0008 4FF40052 		mov	r2, #8192
  96 000c 9A82     		strh	r2, [r3, #20]	@ movhi
  41:Core/Src/robo_init.c ****         int_arr[2].int_pin = GPIO_PIN_1;
  97              		.loc 1 41 0
  98 000e 0222     		movs	r2, #2
  99 0010 1A84     		strh	r2, [r3, #32]	@ movhi
  42:Core/Src/robo_init.c ****         int_arr[3].int_pin = GPIO_PIN_5;
 100              		.loc 1 42 0
 101 0012 2022     		movs	r2, #32
 102 0014 9A85     		strh	r2, [r3, #44]	@ movhi
  43:Core/Src/robo_init.c **** 
  44:Core/Src/robo_init.c ****         // Balance interrupts
  45:Core/Src/robo_init.c ****         blnc_int_arr[0].int_pin = GPIO_PIN_14;
 103              		.loc 1 45 0
 104 0016 144B     		ldr	r3, .L14+4
 105 0018 4FF48042 		mov	r2, #16384
 106 001c 1A81     		strh	r2, [r3, #8]	@ movhi
  46:Core/Src/robo_init.c ****         blnc_int_arr[1].int_pin = GPIO_PIN_15;
 107              		.loc 1 46 0
 108 001e 4FF40042 		mov	r2, #32768
 109 0022 9A82     		strh	r2, [r3, #20]	@ movhi
  47:Core/Src/robo_init.c ****         blnc_int_arr[2].int_pin = GPIO_PIN_7;
 110              		.loc 1 47 0
 111 0024 8022     		movs	r2, #128
 112 0026 1A84     		strh	r2, [r3, #32]	@ movhi
  48:Core/Src/robo_init.c ****         blnc_int_arr[3].int_pin = GPIO_PIN_3;
 113              		.loc 1 48 0
 114 0028 0822     		movs	r2, #8
 115 002a 9A85     		strh	r2, [r3, #44]	@ movhi
 116              	.LVL6:
 117              	.LBB3:
  49:Core/Src/robo_init.c **** 
  50:Core/Src/robo_init.c ****         for (uint8_t i = 0; i < 4; i++)
 118              		.loc 1 50 0
 119 002c 0023     		movs	r3, #0
 120              	.LVL7:
 121 002e 032B     		cmp	r3, #3
 122 0030 16D8     		bhi	.L13
ARM GAS  C:\Users\Prashant\AppData\Local\Temp\ccs16mly.s 			page 4


 123              	.LBE3:
  37:Core/Src/robo_init.c ****         // Motor interrupts
 124              		.loc 1 37 0
 125 0032 30B4     		push	{r4, r5}
 126              	.LCFI1:
 127              		.cfi_def_cfa_offset 8
 128              		.cfi_offset 4, -8
 129              		.cfi_offset 5, -4
 130              	.L9:
 131              	.LBB4:
  51:Core/Src/robo_init.c ****         {
  52:Core/Src/robo_init.c ****                 int_arr[i].fhome_pos = 0;
 132              		.loc 1 52 0 discriminator 3
 133 0034 0B4C     		ldr	r4, .L14
 134 0036 5A00     		lsls	r2, r3, #1
 135 0038 D018     		adds	r0, r2, r3
 136 003a 8100     		lsls	r1, r0, #2
 137 003c 6018     		adds	r0, r4, r1
 138 003e 0025     		movs	r5, #0
 139 0040 4570     		strb	r5, [r0, #1]
  53:Core/Src/robo_init.c ****                 int_arr[i].fangle_reset = 0;
 140              		.loc 1 53 0 discriminator 3
 141 0042 6554     		strb	r5, [r4, r1]
  54:Core/Src/robo_init.c ****                 int_arr[i].intState = STATE_HOME;
 142              		.loc 1 54 0 discriminator 3
 143 0044 0221     		movs	r1, #2
 144 0046 8172     		strb	r1, [r0, #10]
  55:Core/Src/robo_init.c **** 		blnc_int_arr[i].intState = STATE_HOME;
 145              		.loc 1 55 0 discriminator 3
 146 0048 1A44     		add	r2, r2, r3
 147 004a 02FA01F0 		lsl	r0, r2, r1
 148 004e 064A     		ldr	r2, .L14+4
 149 0050 0244     		add	r2, r2, r0
 150 0052 9172     		strb	r1, [r2, #10]
  50:Core/Src/robo_init.c ****         {
 151              		.loc 1 50 0 discriminator 3
 152 0054 0133     		adds	r3, r3, #1
 153              	.LVL8:
 154 0056 DBB2     		uxtb	r3, r3
 155              	.LVL9:
 156 0058 032B     		cmp	r3, #3
 157 005a EBD9     		bls	.L9
 158              	.LBE4:
  56:Core/Src/robo_init.c ****         }
  57:Core/Src/robo_init.c **** }
 159              		.loc 1 57 0
 160 005c 30BC     		pop	{r4, r5}
 161              	.LCFI2:
 162              		.cfi_restore 5
 163              		.cfi_restore 4
 164              		.cfi_def_cfa_offset 0
 165 005e 7047     		bx	lr
 166              	.L13:
 167 0060 7047     		bx	lr
 168              	.L15:
 169 0062 00BF     		.align	2
 170              	.L14:
ARM GAS  C:\Users\Prashant\AppData\Local\Temp\ccs16mly.s 			page 5


 171 0064 00000000 		.word	int_arr
 172 0068 00000000 		.word	blnc_int_arr
 173              		.cfi_endproc
 174              	.LFE128:
 176              		.section	.text.pidInit,"ax",%progbits
 177              		.align	1
 178              		.global	pidInit
 179              		.syntax unified
 180              		.thumb
 181              		.thumb_func
 182              		.fpu fpv4-sp-d16
 184              	pidInit:
 185              	.LFB129:
  58:Core/Src/robo_init.c **** 
  59:Core/Src/robo_init.c **** void pidInit(void)
  60:Core/Src/robo_init.c **** {
 186              		.loc 1 60 0
 187              		.cfi_startproc
 188              		@ args = 0, pretend = 0, frame = 0
 189              		@ frame_needed = 0, uses_anonymous_args = 0
 190 0000 F8B5     		push	{r3, r4, r5, r6, r7, lr}
 191              	.LCFI3:
 192              		.cfi_def_cfa_offset 24
 193              		.cfi_offset 3, -24
 194              		.cfi_offset 4, -20
 195              		.cfi_offset 5, -16
 196              		.cfi_offset 6, -12
 197              		.cfi_offset 7, -8
 198              		.cfi_offset 14, -4
 199              	.LVL10:
 200              	.LBB5:
  61:Core/Src/robo_init.c ****         for (uint8_t i = 0; i < 4; i++)
 201              		.loc 1 61 0
 202 0002 0025     		movs	r5, #0
 203 0004 1CE0     		b	.L17
 204              	.LVL11:
 205              	.L18:
  62:Core/Src/robo_init.c ****         {
  63:Core/Src/robo_init.c ****                 PID_Init(&pid_arr[i]);
 206              		.loc 1 63 0 discriminator 3
 207 0006 EE00     		lsls	r6, r5, #3
 208 0008 731B     		subs	r3, r6, r5
 209 000a DC00     		lsls	r4, r3, #3
 210 000c 124F     		ldr	r7, .L20+16
 211 000e 3C44     		add	r4, r4, r7
 212 0010 2046     		mov	r0, r4
 213 0012 FFF7FEFF 		bl	PID_Init
 214              	.LVL12:
  64:Core/Src/robo_init.c **** 
  65:Core/Src/robo_init.c ****                 pid_arr[i].max_output = 17;
 215              		.loc 1 65 0 discriminator 3
 216 0016 114B     		ldr	r3, .L20+20
 217 0018 2362     		str	r3, [r4, #32]	@ float
  66:Core/Src/robo_init.c ****                 pid_arr[i].min_output = -17;
 218              		.loc 1 66 0 discriminator 3
 219 001a 114B     		ldr	r3, .L20+24
 220 001c 6362     		str	r3, [r4, #36]	@ float
ARM GAS  C:\Users\Prashant\AppData\Local\Temp\ccs16mly.s 			page 6


  67:Core/Src/robo_init.c **** 
  68:Core/Src/robo_init.c ****                 pid_arr[i].kp = 0.3;
 221              		.loc 1 68 0 discriminator 3
 222 001e 0AA3     		adr	r3, .L20
 223 0020 D3E90023 		ldrd	r2, [r3]
 224 0024 C4E90023 		strd	r2, [r4]
  69:Core/Src/robo_init.c ****                 pid_arr[i].ki = 0.02;
 225              		.loc 1 69 0 discriminator 3
 226 0028 09A3     		adr	r3, .L20+8
 227 002a D3E90023 		ldrd	r2, [r3]
 228 002e C4E90223 		strd	r2, [r4, #8]
  70:Core/Src/robo_init.c **** 
  71:Core/Src/robo_init.c ****                 pid_arr[i].last_error = 0;
 229              		.loc 1 71 0 discriminator 3
 230 0032 0022     		movs	r2, #0
 231 0034 E262     		str	r2, [r4, #44]	@ float
  72:Core/Src/robo_init.c ****                 pid_arr[i].output = 0;
 232              		.loc 1 72 0 discriminator 3
 233 0036 E261     		str	r2, [r4, #28]	@ float
  73:Core/Src/robo_init.c ****                 pid_arr[i].previous_error = 0;
 234              		.loc 1 73 0 discriminator 3
 235 0038 2263     		str	r2, [r4, #48]	@ float
  74:Core/Src/robo_init.c ****                 pid_arr[i].last_output = 0;
 236              		.loc 1 74 0 discriminator 3
 237 003a A262     		str	r2, [r4, #40]	@ float
  61:Core/Src/robo_init.c ****         {
 238              		.loc 1 61 0 discriminator 3
 239 003c 0135     		adds	r5, r5, #1
 240              	.LVL13:
 241 003e EDB2     		uxtb	r5, r5
 242              	.LVL14:
 243              	.L17:
  61:Core/Src/robo_init.c ****         {
 244              		.loc 1 61 0 is_stmt 0 discriminator 1
 245 0040 032D     		cmp	r5, #3
 246 0042 E0D9     		bls	.L18
 247              	.LBE5:
  75:Core/Src/robo_init.c ****         }
  76:Core/Src/robo_init.c **** }
 248              		.loc 1 76 0 is_stmt 1
 249 0044 F8BD     		pop	{r3, r4, r5, r6, r7, pc}
 250              	.LVL15:
 251              	.L21:
 252 0046 00BF     		.align	3
 253              	.L20:
 254 0048 33333333 		.word	858993459
 255 004c 3333D33F 		.word	1070805811
 256 0050 7B14AE47 		.word	1202590843
 257 0054 E17A943F 		.word	1066695393
 258 0058 00000000 		.word	pid_arr
 259 005c 00008841 		.word	1099431936
 260 0060 000088C1 		.word	-1048051712
 261              		.cfi_endproc
 262              	.LFE129:
 264              		.section	.text.encoderInit,"ax",%progbits
 265              		.align	1
 266              		.global	encoderInit
ARM GAS  C:\Users\Prashant\AppData\Local\Temp\ccs16mly.s 			page 7


 267              		.syntax unified
 268              		.thumb
 269              		.thumb_func
 270              		.fpu fpv4-sp-d16
 272              	encoderInit:
 273              	.LFB130:
  77:Core/Src/robo_init.c **** 
  78:Core/Src/robo_init.c **** void encoderInit(void)
  79:Core/Src/robo_init.c **** {
 274              		.loc 1 79 0
 275              		.cfi_startproc
 276              		@ args = 0, pretend = 0, frame = 0
 277              		@ frame_needed = 0, uses_anonymous_args = 0
 278 0000 38B5     		push	{r3, r4, r5, lr}
 279              	.LCFI4:
 280              		.cfi_def_cfa_offset 16
 281              		.cfi_offset 3, -16
 282              		.cfi_offset 4, -12
 283              		.cfi_offset 5, -8
 284              		.cfi_offset 14, -4
  80:Core/Src/robo_init.c ****         encoder_arr[0].htim = &htim3;
 285              		.loc 1 80 0
 286 0002 0F4B     		ldr	r3, .L26
 287 0004 0F4A     		ldr	r2, .L26+4
 288 0006 9A60     		str	r2, [r3, #8]
  81:Core/Src/robo_init.c ****         encoder_arr[1].htim = &htim4;
 289              		.loc 1 81 0
 290 0008 0F4A     		ldr	r2, .L26+8
 291 000a 5A61     		str	r2, [r3, #20]
  82:Core/Src/robo_init.c ****         encoder_arr[2].htim = &htim1;
 292              		.loc 1 82 0
 293 000c 0F4A     		ldr	r2, .L26+12
 294 000e 1A62     		str	r2, [r3, #32]
  83:Core/Src/robo_init.c ****         encoder_arr[3].htim = &htim2;
 295              		.loc 1 83 0
 296 0010 0F4A     		ldr	r2, .L26+16
 297 0012 DA62     		str	r2, [r3, #44]
 298              	.LVL16:
 299              	.LBB6:
  84:Core/Src/robo_init.c **** 
  85:Core/Src/robo_init.c ****         for (uint8_t i = 0; i < 4; i++)
 300              		.loc 1 85 0
 301 0014 0024     		movs	r4, #0
 302 0016 10E0     		b	.L23
 303              	.LVL17:
 304              	.L24:
  86:Core/Src/robo_init.c ****         {
  87:Core/Src/robo_init.c ****                 // Gear reduction ratio = 4 and X4_MODE
  88:Core/Src/robo_init.c ****                 encoder_arr[i].ppr = PPR_VIET_MOTOR * 4 * 4;
 305              		.loc 1 88 0 discriminator 3
 306 0018 094B     		ldr	r3, .L26
 307 001a 6200     		lsls	r2, r4, #1
 308 001c 1019     		adds	r0, r2, r4
 309 001e 8100     		lsls	r1, r0, #2
 310 0020 5818     		adds	r0, r3, r1
 311 0022 4FF47A65 		mov	r5, #4000
 312 0026 5D52     		strh	r5, [r3, r1]	@ movhi
ARM GAS  C:\Users\Prashant\AppData\Local\Temp\ccs16mly.s 			page 8


  89:Core/Src/robo_init.c **** 
  90:Core/Src/robo_init.c ****                 encoder_arr[i].ref_count = 0;
 313              		.loc 1 90 0 discriminator 3
 314 0028 0021     		movs	r1, #0
 315 002a 4180     		strh	r1, [r0, #2]	@ movhi
  91:Core/Src/robo_init.c ****                 encoder_arr[i].last_count = 0;
 316              		.loc 1 91 0 discriminator 3
 317 002c 8180     		strh	r1, [r0, #4]	@ movhi
  92:Core/Src/robo_init.c **** 
  93:Core/Src/robo_init.c ****                 // Start encoder-mode
  94:Core/Src/robo_init.c ****                 HAL_TIM_Encoder_Start(encoder_arr[i].htim, TIM_CHANNEL_ALL);
 318              		.loc 1 94 0 discriminator 3
 319 002e 1821     		movs	r1, #24
 320 0030 8068     		ldr	r0, [r0, #8]
 321 0032 FFF7FEFF 		bl	HAL_TIM_Encoder_Start
 322              	.LVL18:
  85:Core/Src/robo_init.c ****         {
 323              		.loc 1 85 0 discriminator 3
 324 0036 0134     		adds	r4, r4, #1
 325              	.LVL19:
 326 0038 E4B2     		uxtb	r4, r4
 327              	.LVL20:
 328              	.L23:
  85:Core/Src/robo_init.c ****         {
 329              		.loc 1 85 0 is_stmt 0 discriminator 1
 330 003a 032C     		cmp	r4, #3
 331 003c ECD9     		bls	.L24
 332              	.LBE6:
  95:Core/Src/robo_init.c ****         }
  96:Core/Src/robo_init.c **** }
 333              		.loc 1 96 0 is_stmt 1
 334 003e 38BD     		pop	{r3, r4, r5, pc}
 335              	.LVL21:
 336              	.L27:
 337              		.align	2
 338              	.L26:
 339 0040 00000000 		.word	encoder_arr
 340 0044 00000000 		.word	htim3
 341 0048 00000000 		.word	htim4
 342 004c 00000000 		.word	htim1
 343 0050 00000000 		.word	htim2
 344              		.cfi_endproc
 345              	.LFE130:
 347              		.section	.text.pneumaticInit,"ax",%progbits
 348              		.align	1
 349              		.global	pneumaticInit
 350              		.syntax unified
 351              		.thumb
 352              		.thumb_func
 353              		.fpu fpv4-sp-d16
 355              	pneumaticInit:
 356              	.LFB131:
  97:Core/Src/robo_init.c **** 
  98:Core/Src/robo_init.c **** void pneumaticInit(void)
  99:Core/Src/robo_init.c **** {
 357              		.loc 1 99 0
 358              		.cfi_startproc
ARM GAS  C:\Users\Prashant\AppData\Local\Temp\ccs16mly.s 			page 9


 359              		@ args = 0, pretend = 0, frame = 0
 360              		@ frame_needed = 0, uses_anonymous_args = 0
 361              		@ link register save eliminated.
 100:Core/Src/robo_init.c ****         pneu_arr[0].pneu_port = GPIOC;
 362              		.loc 1 100 0
 363 0000 084B     		ldr	r3, .L29
 364 0002 094A     		ldr	r2, .L29+4
 365 0004 1A60     		str	r2, [r3]
 101:Core/Src/robo_init.c ****         pneu_arr[0].pneu_pin = GPIO_PIN_1;
 366              		.loc 1 101 0
 367 0006 0221     		movs	r1, #2
 368 0008 9980     		strh	r1, [r3, #4]	@ movhi
 102:Core/Src/robo_init.c **** 
 103:Core/Src/robo_init.c ****         pneu_arr[1].pneu_port = GPIOE;
 369              		.loc 1 103 0
 370 000a 0849     		ldr	r1, .L29+8
 371 000c 9960     		str	r1, [r3, #8]
 104:Core/Src/robo_init.c ****         pneu_arr[1].pneu_pin = GPIO_PIN_8;
 372              		.loc 1 104 0
 373 000e 4FF48071 		mov	r1, #256
 374 0012 9981     		strh	r1, [r3, #12]	@ movhi
 105:Core/Src/robo_init.c **** 
 106:Core/Src/robo_init.c ****         pneu_arr[2].pneu_port = GPIOB;
 375              		.loc 1 106 0
 376 0014 0649     		ldr	r1, .L29+12
 377 0016 1961     		str	r1, [r3, #16]
 107:Core/Src/robo_init.c ****         pneu_arr[2].pneu_pin = GPIO_PIN_2;
 378              		.loc 1 107 0
 379 0018 0421     		movs	r1, #4
 380 001a 9982     		strh	r1, [r3, #20]	@ movhi
 108:Core/Src/robo_init.c **** 
 109:Core/Src/robo_init.c ****         pneu_arr[3].pneu_port = GPIOC;
 381              		.loc 1 109 0
 382 001c 9A61     		str	r2, [r3, #24]
 110:Core/Src/robo_init.c ****         pneu_arr[3].pneu_pin = GPIO_PIN_3;
 383              		.loc 1 110 0
 384 001e 0822     		movs	r2, #8
 385 0020 9A83     		strh	r2, [r3, #28]	@ movhi
 111:Core/Src/robo_init.c **** }
 386              		.loc 1 111 0
 387 0022 7047     		bx	lr
 388              	.L30:
 389              		.align	2
 390              	.L29:
 391 0024 00000000 		.word	pneu_arr
 392 0028 00080240 		.word	1073874944
 393 002c 00100240 		.word	1073876992
 394 0030 00040240 		.word	1073873920
 395              		.cfi_endproc
 396              	.LFE131:
 398              		.section	.text.motorInit,"ax",%progbits
 399              		.align	1
 400              		.global	motorInit
 401              		.syntax unified
 402              		.thumb
 403              		.thumb_func
 404              		.fpu fpv4-sp-d16
ARM GAS  C:\Users\Prashant\AppData\Local\Temp\ccs16mly.s 			page 10


 406              	motorInit:
 407              	.LFB132:
 112:Core/Src/robo_init.c **** void motorInit(void)
 113:Core/Src/robo_init.c **** {
 408              		.loc 1 113 0
 409              		.cfi_startproc
 410              		@ args = 0, pretend = 0, frame = 0
 411              		@ frame_needed = 0, uses_anonymous_args = 0
 412 0000 70B5     		push	{r4, r5, r6, lr}
 413              	.LCFI5:
 414              		.cfi_def_cfa_offset 16
 415              		.cfi_offset 4, -16
 416              		.cfi_offset 5, -12
 417              		.cfi_offset 6, -8
 418              		.cfi_offset 14, -4
 114:Core/Src/robo_init.c ****         // Mass balancing motor
 115:Core/Src/robo_init.c ****         balance_motor.dir1_port = GPIOA;
 419              		.loc 1 115 0
 420 0002 2D4C     		ldr	r4, .L35
 421 0004 2D4E     		ldr	r6, .L35+4
 422 0006 A661     		str	r6, [r4, #24]
 116:Core/Src/robo_init.c ****         balance_motor.dir2_port = GPIOA;
 423              		.loc 1 116 0
 424 0008 2662     		str	r6, [r4, #32]
 117:Core/Src/robo_init.c ****         balance_motor.dir1_pin = GPIO_PIN_3;
 425              		.loc 1 117 0
 426 000a 0825     		movs	r5, #8
 427 000c A583     		strh	r5, [r4, #28]	@ movhi
 118:Core/Src/robo_init.c ****         balance_motor.dir2_pin = GPIO_PIN_3;
 428              		.loc 1 118 0
 429 000e A584     		strh	r5, [r4, #36]	@ movhi
 119:Core/Src/robo_init.c **** 
 120:Core/Src/robo_init.c ****         balance_motor.htim = &htim5;
 430              		.loc 1 120 0
 431 0010 2B48     		ldr	r0, .L35+8
 432 0012 A062     		str	r0, [r4, #40]
 121:Core/Src/robo_init.c ****         balance_motor.channel = TIM_CHANNEL_3;
 433              		.loc 1 121 0
 434 0014 E562     		str	r5, [r4, #44]
 122:Core/Src/robo_init.c ****         HAL_TIM_Base_Start(balance_motor.htim);
 435              		.loc 1 122 0
 436 0016 FFF7FEFF 		bl	HAL_TIM_Base_Start
 437              	.LVL22:
 123:Core/Src/robo_init.c ****         HAL_TIM_PWM_Start(balance_motor.htim, balance_motor.channel);
 438              		.loc 1 123 0
 439 001a E16A     		ldr	r1, [r4, #44]
 440 001c A06A     		ldr	r0, [r4, #40]
 441 001e FFF7FEFF 		bl	HAL_TIM_PWM_Start
 442              	.LVL23:
 124:Core/Src/robo_init.c **** 
 125:Core/Src/robo_init.c ****         // Motors for gait
 126:Core/Src/robo_init.c ****         // motor1
 127:Core/Src/robo_init.c ****         motor_arr[0].dir1_port = GPIOA;
 443              		.loc 1 127 0
 444 0022 284B     		ldr	r3, .L35+12
 445 0024 9E61     		str	r6, [r3, #24]
 128:Core/Src/robo_init.c ****         motor_arr[0].dir1_pin = GPIO_PIN_15;
ARM GAS  C:\Users\Prashant\AppData\Local\Temp\ccs16mly.s 			page 11


 446              		.loc 1 128 0
 447 0026 4FF40042 		mov	r2, #32768
 448 002a 9A83     		strh	r2, [r3, #28]	@ movhi
 129:Core/Src/robo_init.c ****         motor_arr[0].dir2_port = GPIOA;
 449              		.loc 1 129 0
 450 002c 1E62     		str	r6, [r3, #32]
 130:Core/Src/robo_init.c ****         motor_arr[0].dir2_pin = GPIO_PIN_8;
 451              		.loc 1 130 0
 452 002e 4FF48072 		mov	r2, #256
 453 0032 9A84     		strh	r2, [r3, #36]	@ movhi
 131:Core/Src/robo_init.c ****         motor_arr[0].channel = TIM_CHANNEL_1;
 454              		.loc 1 131 0
 455 0034 0024     		movs	r4, #0
 456 0036 DC62     		str	r4, [r3, #44]
 132:Core/Src/robo_init.c **** 
 133:Core/Src/robo_init.c ****         // motor2
 134:Core/Src/robo_init.c ****         motor_arr[1].dir1_port = GPIOC;
 457              		.loc 1 134 0
 458 0038 234A     		ldr	r2, .L35+16
 459 003a DA64     		str	r2, [r3, #76]
 135:Core/Src/robo_init.c ****         motor_arr[1].dir1_pin = GPIO_PIN_11;
 460              		.loc 1 135 0
 461 003c 4FF40062 		mov	r2, #2048
 462 0040 A3F85020 		strh	r2, [r3, #80]	@ movhi
 136:Core/Src/robo_init.c ****         motor_arr[1].dir2_port = GPIOD;
 463              		.loc 1 136 0
 464 0044 214A     		ldr	r2, .L35+20
 465 0046 5A65     		str	r2, [r3, #84]
 137:Core/Src/robo_init.c ****         motor_arr[1].dir2_pin = GPIO_PIN_3;
 466              		.loc 1 137 0
 467 0048 A3F85850 		strh	r5, [r3, #88]	@ movhi
 138:Core/Src/robo_init.c ****         motor_arr[1].channel = TIM_CHANNEL_2;
 468              		.loc 1 138 0
 469 004c 0421     		movs	r1, #4
 470 004e 1966     		str	r1, [r3, #96]
 139:Core/Src/robo_init.c **** 
 140:Core/Src/robo_init.c ****         // motor3
 141:Core/Src/robo_init.c ****         motor_arr[2].dir1_port = GPIOD;
 471              		.loc 1 141 0
 472 0050 C3F88020 		str	r2, [r3, #128]
 142:Core/Src/robo_init.c ****         motor_arr[2].dir1_pin = GPIO_PIN_5;
 473              		.loc 1 142 0
 474 0054 2021     		movs	r1, #32
 475 0056 A3F88410 		strh	r1, [r3, #132]	@ movhi
 143:Core/Src/robo_init.c ****         motor_arr[2].dir2_port = GPIOD;
 476              		.loc 1 143 0
 477 005a C3F88820 		str	r2, [r3, #136]
 144:Core/Src/robo_init.c ****         motor_arr[2].dir2_pin = GPIO_PIN_4;
 478              		.loc 1 144 0
 479 005e 1020     		movs	r0, #16
 480 0060 A3F88C00 		strh	r0, [r3, #140]	@ movhi
 145:Core/Src/robo_init.c ****         motor_arr[2].channel = TIM_CHANNEL_3;
 481              		.loc 1 145 0
 482 0064 C3F89450 		str	r5, [r3, #148]
 146:Core/Src/robo_init.c **** 
 147:Core/Src/robo_init.c ****         // motor4
 148:Core/Src/robo_init.c ****         motor_arr[3].dir1_port = GPIOD;
ARM GAS  C:\Users\Prashant\AppData\Local\Temp\ccs16mly.s 			page 12


 483              		.loc 1 148 0
 484 0068 C3F8B420 		str	r2, [r3, #180]
 149:Core/Src/robo_init.c ****         motor_arr[3].dir1_pin = GPIO_PIN_7;
 485              		.loc 1 149 0
 486 006c 8022     		movs	r2, #128
 487 006e A3F8B820 		strh	r2, [r3, #184]	@ movhi
 150:Core/Src/robo_init.c ****         motor_arr[3].dir2_port = GPIOB;
 488              		.loc 1 150 0
 489 0072 174A     		ldr	r2, .L35+24
 490 0074 C3F8BC20 		str	r2, [r3, #188]
 151:Core/Src/robo_init.c ****         motor_arr[3].dir2_pin = GPIO_PIN_5;
 491              		.loc 1 151 0
 492 0078 A3F8C010 		strh	r1, [r3, #192]	@ movhi
 152:Core/Src/robo_init.c ****         motor_arr[3].channel = TIM_CHANNEL_4;
 493              		.loc 1 152 0
 494 007c 0C22     		movs	r2, #12
 495 007e C3F8C820 		str	r2, [r3, #200]
 496              	.LVL24:
 497              	.LBB7:
 153:Core/Src/robo_init.c **** 
 154:Core/Src/robo_init.c ****         for (uint8_t i = 0; i < 4; i++)
 498              		.loc 1 154 0
 499 0082 15E0     		b	.L32
 500              	.LVL25:
 501              	.L33:
 155:Core/Src/robo_init.c ****         {
 156:Core/Src/robo_init.c ****                 motor_arr[i].update_omega = 0;
 502              		.loc 1 156 0 discriminator 3
 503 0084 0F4B     		ldr	r3, .L35+12
 504 0086 3425     		movs	r5, #52
 505 0088 05FB0435 		mla	r5, r5, r4, r3
 506 008c 0023     		movs	r3, #0
 507 008e 2B61     		str	r3, [r5, #16]	@ float
 157:Core/Src/robo_init.c ****                 motor_arr[i].htim = &htim8;
 508              		.loc 1 157 0 discriminator 3
 509 0090 1048     		ldr	r0, .L35+28
 510 0092 A862     		str	r0, [r5, #40]
 158:Core/Src/robo_init.c ****                 motor_arr[i].encoder = &encoder_arr[i];
 511              		.loc 1 158 0 discriminator 3
 512 0094 04EB4402 		add	r2, r4, r4, lsl #1
 513 0098 9300     		lsls	r3, r2, #2
 514 009a 0F4A     		ldr	r2, .L35+32
 515 009c 1344     		add	r3, r3, r2
 516 009e 2B63     		str	r3, [r5, #48]
 159:Core/Src/robo_init.c **** 
 160:Core/Src/robo_init.c ****                 HAL_TIM_Base_Start(motor_arr[i].htim);
 517              		.loc 1 160 0 discriminator 3
 518 00a0 FFF7FEFF 		bl	HAL_TIM_Base_Start
 519              	.LVL26:
 161:Core/Src/robo_init.c ****                 HAL_TIM_PWM_Start(motor_arr[i].htim, motor_arr[i].channel);
 520              		.loc 1 161 0 discriminator 3
 521 00a4 E96A     		ldr	r1, [r5, #44]
 522 00a6 A86A     		ldr	r0, [r5, #40]
 523 00a8 FFF7FEFF 		bl	HAL_TIM_PWM_Start
 524              	.LVL27:
 154:Core/Src/robo_init.c ****         {
 525              		.loc 1 154 0 discriminator 3
ARM GAS  C:\Users\Prashant\AppData\Local\Temp\ccs16mly.s 			page 13


 526 00ac 0134     		adds	r4, r4, #1
 527              	.LVL28:
 528 00ae E4B2     		uxtb	r4, r4
 529              	.LVL29:
 530              	.L32:
 154:Core/Src/robo_init.c ****         {
 531              		.loc 1 154 0 is_stmt 0 discriminator 1
 532 00b0 032C     		cmp	r4, #3
 533 00b2 E7D9     		bls	.L33
 534              	.LBE7:
 162:Core/Src/robo_init.c ****         }
 163:Core/Src/robo_init.c **** }
 535              		.loc 1 163 0 is_stmt 1
 536 00b4 70BD     		pop	{r4, r5, r6, pc}
 537              	.LVL30:
 538              	.L36:
 539 00b6 00BF     		.align	2
 540              	.L35:
 541 00b8 00000000 		.word	balance_motor
 542 00bc 00000240 		.word	1073872896
 543 00c0 00000000 		.word	htim5
 544 00c4 00000000 		.word	motor_arr
 545 00c8 00080240 		.word	1073874944
 546 00cc 000C0240 		.word	1073875968
 547 00d0 00040240 		.word	1073873920
 548 00d4 00000000 		.word	htim8
 549 00d8 00000000 		.word	encoder_arr
 550              		.cfi_endproc
 551              	.LFE132:
 553              		.section	.text.roboInit,"ax",%progbits
 554              		.align	1
 555              		.global	roboInit
 556              		.syntax unified
 557              		.thumb
 558              		.thumb_func
 559              		.fpu fpv4-sp-d16
 561              	roboInit:
 562              	.LFB126:
  19:Core/Src/robo_init.c ****         pidInit();
 563              		.loc 1 19 0
 564              		.cfi_startproc
 565              		@ args = 0, pretend = 0, frame = 0
 566              		@ frame_needed = 0, uses_anonymous_args = 0
 567 0000 08B5     		push	{r3, lr}
 568              	.LCFI6:
 569              		.cfi_def_cfa_offset 8
 570              		.cfi_offset 3, -8
 571              		.cfi_offset 14, -4
  20:Core/Src/robo_init.c ****         motorInit();
 572              		.loc 1 20 0
 573 0002 FFF7FEFF 		bl	pidInit
 574              	.LVL31:
  21:Core/Src/robo_init.c ****         encoderInit(); // Initialized after HOME_POSITION
 575              		.loc 1 21 0
 576 0006 FFF7FEFF 		bl	motorInit
 577              	.LVL32:
  22:Core/Src/robo_init.c ****         interruptInit();
ARM GAS  C:\Users\Prashant\AppData\Local\Temp\ccs16mly.s 			page 14


 578              		.loc 1 22 0
 579 000a FFF7FEFF 		bl	encoderInit
 580              	.LVL33:
  23:Core/Src/robo_init.c ****         pneumaticInit();
 581              		.loc 1 23 0
 582 000e FFF7FEFF 		bl	interruptInit
 583              	.LVL34:
  24:Core/Src/robo_init.c ****         feedForwardInit();
 584              		.loc 1 24 0
 585 0012 FFF7FEFF 		bl	pneumaticInit
 586              	.LVL35:
  25:Core/Src/robo_init.c **** }
 587              		.loc 1 25 0
 588 0016 FFF7FEFF 		bl	feedForwardInit
 589              	.LVL36:
  26:Core/Src/robo_init.c **** 
 590              		.loc 1 26 0
 591 001a 08BD     		pop	{r3, pc}
 592              		.cfi_endproc
 593              	.LFE126:
 595              		.section	.text.fsmInit,"ax",%progbits
 596              		.align	1
 597              		.global	fsmInit
 598              		.syntax unified
 599              		.thumb
 600              		.thumb_func
 601              		.fpu fpv4-sp-d16
 603              	fsmInit:
 604              	.LFB133:
 164:Core/Src/robo_init.c **** void fsmInit(void)
 165:Core/Src/robo_init.c **** {
 605              		.loc 1 165 0
 606              		.cfi_startproc
 607              		@ args = 0, pretend = 0, frame = 0
 608              		@ frame_needed = 0, uses_anonymous_args = 0
 609              		@ link register save eliminated.
 166:Core/Src/robo_init.c ****         fsm.loop_cnt = 0;
 610              		.loc 1 166 0
 611 0000 014B     		ldr	r3, .L40
 612 0002 0022     		movs	r2, #0
 613 0004 1A70     		strb	r2, [r3]
 167:Core/Src/robo_init.c **** }
 614              		.loc 1 167 0
 615 0006 7047     		bx	lr
 616              	.L41:
 617              		.align	2
 618              	.L40:
 619 0008 00000000 		.word	fsm
 620              		.cfi_endproc
 621              	.LFE133:
 623              		.comm	balance_motor,52,4
 624              		.comm	fsm,1,4
 625              		.comm	ff_arr,240,4
 626              		.comm	pid_arr,224,8
 627              		.comm	int_arr,48,4
 628              		.comm	pneu_arr,32,4
 629              		.comm	motor_arr,208,4
ARM GAS  C:\Users\Prashant\AppData\Local\Temp\ccs16mly.s 			page 15


 630              		.comm	encoder_arr,48,4
 631              		.comm	blnc_int_arr,48,4
 632              		.text
 633              	.Letext0:
 634              		.file 2 "c:\\program files (x86)\\gnu tools arm embedded\\7 2017-q4-major\\arm-none-eabi\\include\
 635              		.file 3 "c:\\program files (x86)\\gnu tools arm embedded\\7 2017-q4-major\\arm-none-eabi\\include\
 636              		.file 4 "C:/Users/Prashant/STM32Cube/Repository/STM32Cube_FW_F4_V1.21.0/Drivers/CMSIS/Include/core
 637              		.file 5 "C:/Users/Prashant/STM32Cube/Repository/STM32Cube_FW_F4_V1.21.0/Drivers/CMSIS/Device/ST/ST
 638              		.file 6 "C:/Users/Prashant/STM32Cube/Repository/STM32Cube_FW_F4_V1.21.0/Drivers/CMSIS/Device/ST/ST
 639              		.file 7 "c:\\program files (x86)\\gnu tools arm embedded\\7 2017-q4-major\\arm-none-eabi\\include\
 640              		.file 8 "c:\\program files (x86)\\gnu tools arm embedded\\7 2017-q4-major\\arm-none-eabi\\include\
 641              		.file 9 "c:\\program files (x86)\\gnu tools arm embedded\\7 2017-q4-major\\lib\\gcc\\arm-none-eabi
 642              		.file 10 "c:\\program files (x86)\\gnu tools arm embedded\\7 2017-q4-major\\arm-none-eabi\\include
 643              		.file 11 "C:/Users/Prashant/STM32Cube/Repository/STM32Cube_FW_F4_V1.21.0/Drivers/STM32F4xx_HAL_Dri
 644              		.file 12 "C:/Users/Prashant/STM32Cube/Repository/STM32Cube_FW_F4_V1.21.0/Drivers/STM32F4xx_HAL_Dri
 645              		.file 13 "C:/Users/Prashant/STM32Cube/Repository/STM32Cube_FW_F4_V1.21.0/Drivers/STM32F4xx_HAL_Dri
 646              		.file 14 "Core/Inc\\periphs/tim.h"
 647              		.file 15 "Core/Inc/feed_forward.h"
 648              		.file 16 "Core/Inc/pneumatic.h"
 649              		.file 17 "Core/Inc/interrupt.h"
 650              		.file 18 "Core/Inc/encoder.h"
 651              		.file 19 "Core/Inc/motor.h"
 652              		.file 20 "Core/Inc/pid.h"
 653              		.file 21 "Core/Inc/fsm.h"
 654              		.file 22 "Core/Inc/robo_init.h"
ARM GAS  C:\Users\Prashant\AppData\Local\Temp\ccs16mly.s 			page 16


DEFINED SYMBOLS
                            *ABS*:00000000 robo_init.c
C:\Users\Prashant\AppData\Local\Temp\ccs16mly.s:18     .text.feedForwardInit:00000000 $t
C:\Users\Prashant\AppData\Local\Temp\ccs16mly.s:25     .text.feedForwardInit:00000000 feedForwardInit
C:\Users\Prashant\AppData\Local\Temp\ccs16mly.s:70     .text.feedForwardInit:0000002c $d
                            *COM*:000000f0 ff_arr
C:\Users\Prashant\AppData\Local\Temp\ccs16mly.s:76     .text.interruptInit:00000000 $t
C:\Users\Prashant\AppData\Local\Temp\ccs16mly.s:83     .text.interruptInit:00000000 interruptInit
C:\Users\Prashant\AppData\Local\Temp\ccs16mly.s:171    .text.interruptInit:00000064 $d
                            *COM*:00000030 int_arr
                            *COM*:00000030 blnc_int_arr
C:\Users\Prashant\AppData\Local\Temp\ccs16mly.s:177    .text.pidInit:00000000 $t
C:\Users\Prashant\AppData\Local\Temp\ccs16mly.s:184    .text.pidInit:00000000 pidInit
C:\Users\Prashant\AppData\Local\Temp\ccs16mly.s:254    .text.pidInit:00000048 $d
                            *COM*:000000e0 pid_arr
C:\Users\Prashant\AppData\Local\Temp\ccs16mly.s:265    .text.encoderInit:00000000 $t
C:\Users\Prashant\AppData\Local\Temp\ccs16mly.s:272    .text.encoderInit:00000000 encoderInit
C:\Users\Prashant\AppData\Local\Temp\ccs16mly.s:339    .text.encoderInit:00000040 $d
                            *COM*:00000030 encoder_arr
C:\Users\Prashant\AppData\Local\Temp\ccs16mly.s:348    .text.pneumaticInit:00000000 $t
C:\Users\Prashant\AppData\Local\Temp\ccs16mly.s:355    .text.pneumaticInit:00000000 pneumaticInit
C:\Users\Prashant\AppData\Local\Temp\ccs16mly.s:391    .text.pneumaticInit:00000024 $d
                            *COM*:00000020 pneu_arr
C:\Users\Prashant\AppData\Local\Temp\ccs16mly.s:399    .text.motorInit:00000000 $t
C:\Users\Prashant\AppData\Local\Temp\ccs16mly.s:406    .text.motorInit:00000000 motorInit
C:\Users\Prashant\AppData\Local\Temp\ccs16mly.s:541    .text.motorInit:000000b8 $d
                            *COM*:00000034 balance_motor
                            *COM*:000000d0 motor_arr
C:\Users\Prashant\AppData\Local\Temp\ccs16mly.s:554    .text.roboInit:00000000 $t
C:\Users\Prashant\AppData\Local\Temp\ccs16mly.s:561    .text.roboInit:00000000 roboInit
C:\Users\Prashant\AppData\Local\Temp\ccs16mly.s:596    .text.fsmInit:00000000 $t
C:\Users\Prashant\AppData\Local\Temp\ccs16mly.s:603    .text.fsmInit:00000000 fsmInit
C:\Users\Prashant\AppData\Local\Temp\ccs16mly.s:619    .text.fsmInit:00000008 $d
                            *COM*:00000001 fsm

UNDEFINED SYMBOLS
ffInit
PID_Init
HAL_TIM_Encoder_Start
htim3
htim4
htim1
htim2
HAL_TIM_Base_Start
HAL_TIM_PWM_Start
htim5
htim8
