ARM GAS  C:\Users\Prashant\AppData\Local\Temp\cctUeyfl.s 			page 1


   1              		.cpu cortex-m4
   2              		.eabi_attribute 27, 1
   3              		.eabi_attribute 28, 1
   4              		.eabi_attribute 20, 1
   5              		.eabi_attribute 21, 1
   6              		.eabi_attribute 23, 3
   7              		.eabi_attribute 24, 1
   8              		.eabi_attribute 25, 1
   9              		.eabi_attribute 26, 1
  10              		.eabi_attribute 30, 1
  11              		.eabi_attribute 34, 1
  12              		.eabi_attribute 18, 4
  13              		.file	"stm32f4xx_it.c"
  14              		.text
  15              	.Ltext0:
  16              		.cfi_sections	.debug_frame
  17              		.section	.text.NMI_Handler,"ax",%progbits
  18              		.align	1
  19              		.global	NMI_Handler
  20              		.syntax unified
  21              		.thumb
  22              		.thumb_func
  23              		.fpu fpv4-sp-d16
  25              	NMI_Handler:
  26              	.LFB131:
  27              		.file 1 "Core/Src/sys/stm32f4xx_it.c"
   1:Core/Src/sys/stm32f4xx_it.c **** /* USER CODE BEGIN Header */
   2:Core/Src/sys/stm32f4xx_it.c **** /**
   3:Core/Src/sys/stm32f4xx_it.c ****   ******************************************************************************
   4:Core/Src/sys/stm32f4xx_it.c ****   * @file    stm32f4xx_it.c
   5:Core/Src/sys/stm32f4xx_it.c ****   * @brief   Interrupt Service Routines.
   6:Core/Src/sys/stm32f4xx_it.c ****   ******************************************************************************
   7:Core/Src/sys/stm32f4xx_it.c ****   *
   8:Core/Src/sys/stm32f4xx_it.c ****   * COPYRIGHT(c) 2019 STMicroelectronics
   9:Core/Src/sys/stm32f4xx_it.c ****   *
  10:Core/Src/sys/stm32f4xx_it.c ****   * Redistribution and use in source and binary forms, with or without modification,
  11:Core/Src/sys/stm32f4xx_it.c ****   * are permitted provided that the following conditions are met:
  12:Core/Src/sys/stm32f4xx_it.c ****   *   1. Redistributions of source code must retain the above copyright notice,
  13:Core/Src/sys/stm32f4xx_it.c ****   *      this list of conditions and the following disclaimer.
  14:Core/Src/sys/stm32f4xx_it.c ****   *   2. Redistributions in binary form must reproduce the above copyright notice,
  15:Core/Src/sys/stm32f4xx_it.c ****   *      this list of conditions and the following disclaimer in the documentation
  16:Core/Src/sys/stm32f4xx_it.c ****   *      and/or other materials provided with the distribution.
  17:Core/Src/sys/stm32f4xx_it.c ****   *   3. Neither the name of STMicroelectronics nor the names of its contributors
  18:Core/Src/sys/stm32f4xx_it.c ****   *      may be used to endorse or promote products derived from this software
  19:Core/Src/sys/stm32f4xx_it.c ****   *      without specific prior written permission.
  20:Core/Src/sys/stm32f4xx_it.c ****   *
  21:Core/Src/sys/stm32f4xx_it.c ****   * THIS SOFTWARE IS PROVIDED BY THE COPYRIGHT HOLDERS AND CONTRIBUTORS "AS IS"
  22:Core/Src/sys/stm32f4xx_it.c ****   * AND ANY EXPRESS OR IMPLIED WARRANTIES, INCLUDING, BUT NOT LIMITED TO, THE
  23:Core/Src/sys/stm32f4xx_it.c ****   * IMPLIED WARRANTIES OF MERCHANTABILITY AND FITNESS FOR A PARTICULAR PURPOSE ARE
  24:Core/Src/sys/stm32f4xx_it.c ****   * DISCLAIMED. IN NO EVENT SHALL THE COPYRIGHT HOLDER OR CONTRIBUTORS BE LIABLE
  25:Core/Src/sys/stm32f4xx_it.c ****   * FOR ANY DIRECT, INDIRECT, INCIDENTAL, SPECIAL, EXEMPLARY, OR CONSEQUENTIAL
  26:Core/Src/sys/stm32f4xx_it.c ****   * DAMAGES (INCLUDING, BUT NOT LIMITED TO, PROCUREMENT OF SUBSTITUTE GOODS OR
  27:Core/Src/sys/stm32f4xx_it.c ****   * SERVICES; LOSS OF USE, DATA, OR PROFITS; OR BUSINESS INTERRUPTION) HOWEVER
  28:Core/Src/sys/stm32f4xx_it.c ****   * CAUSED AND ON ANY THEORY OF LIABILITY, WHETHER IN CONTRACT, STRICT LIABILITY,
  29:Core/Src/sys/stm32f4xx_it.c ****   * OR TORT (INCLUDING NEGLIGENCE OR OTHERWISE) ARISING IN ANY WAY OUT OF THE USE
  30:Core/Src/sys/stm32f4xx_it.c ****   * OF THIS SOFTWARE, EVEN IF ADVISED OF THE POSSIBILITY OF SUCH DAMAGE.
  31:Core/Src/sys/stm32f4xx_it.c ****   *
ARM GAS  C:\Users\Prashant\AppData\Local\Temp\cctUeyfl.s 			page 2


  32:Core/Src/sys/stm32f4xx_it.c ****   ******************************************************************************
  33:Core/Src/sys/stm32f4xx_it.c ****   */
  34:Core/Src/sys/stm32f4xx_it.c **** /* USER CODE END Header */
  35:Core/Src/sys/stm32f4xx_it.c **** 
  36:Core/Src/sys/stm32f4xx_it.c **** /* Includes ------------------------------------------------------------------*/
  37:Core/Src/sys/stm32f4xx_it.c **** #include "main.h"
  38:Core/Src/sys/stm32f4xx_it.c **** #include "stm32f4xx_it.h"
  39:Core/Src/sys/stm32f4xx_it.c **** #include "cmsis_os.h"
  40:Core/Src/sys/stm32f4xx_it.c **** /* Private includes ----------------------------------------------------------*/
  41:Core/Src/sys/stm32f4xx_it.c **** /* USER CODE BEGIN Includes */
  42:Core/Src/sys/stm32f4xx_it.c **** /* USER CODE END Includes */
  43:Core/Src/sys/stm32f4xx_it.c **** 
  44:Core/Src/sys/stm32f4xx_it.c **** /* Private typedef -----------------------------------------------------------*/
  45:Core/Src/sys/stm32f4xx_it.c **** /* USER CODE BEGIN TD */
  46:Core/Src/sys/stm32f4xx_it.c **** 
  47:Core/Src/sys/stm32f4xx_it.c **** /* USER CODE END TD */
  48:Core/Src/sys/stm32f4xx_it.c **** 
  49:Core/Src/sys/stm32f4xx_it.c **** /* Private define ------------------------------------------------------------*/
  50:Core/Src/sys/stm32f4xx_it.c **** /* USER CODE BEGIN PD */
  51:Core/Src/sys/stm32f4xx_it.c ****  
  52:Core/Src/sys/stm32f4xx_it.c **** /* USER CODE END PD */
  53:Core/Src/sys/stm32f4xx_it.c **** 
  54:Core/Src/sys/stm32f4xx_it.c **** /* Private macro -------------------------------------------------------------*/
  55:Core/Src/sys/stm32f4xx_it.c **** /* USER CODE BEGIN PM */
  56:Core/Src/sys/stm32f4xx_it.c **** 
  57:Core/Src/sys/stm32f4xx_it.c **** /* USER CODE END PM */
  58:Core/Src/sys/stm32f4xx_it.c **** 
  59:Core/Src/sys/stm32f4xx_it.c **** /* Private variables ---------------------------------------------------------*/
  60:Core/Src/sys/stm32f4xx_it.c **** /* USER CODE BEGIN PV */
  61:Core/Src/sys/stm32f4xx_it.c **** 
  62:Core/Src/sys/stm32f4xx_it.c **** /* USER CODE END PV */
  63:Core/Src/sys/stm32f4xx_it.c **** 
  64:Core/Src/sys/stm32f4xx_it.c **** /* Private function prototypes -----------------------------------------------*/
  65:Core/Src/sys/stm32f4xx_it.c **** /* USER CODE BEGIN PFP */
  66:Core/Src/sys/stm32f4xx_it.c **** 
  67:Core/Src/sys/stm32f4xx_it.c **** /* USER CODE END PFP */
  68:Core/Src/sys/stm32f4xx_it.c **** 
  69:Core/Src/sys/stm32f4xx_it.c **** /* Private user code ---------------------------------------------------------*/
  70:Core/Src/sys/stm32f4xx_it.c **** /* USER CODE BEGIN 0 */
  71:Core/Src/sys/stm32f4xx_it.c **** 
  72:Core/Src/sys/stm32f4xx_it.c **** /* USER CODE END 0 */
  73:Core/Src/sys/stm32f4xx_it.c **** 
  74:Core/Src/sys/stm32f4xx_it.c **** /* External variables --------------------------------------------------------*/
  75:Core/Src/sys/stm32f4xx_it.c **** extern TIM_HandleTypeDef htim8;
  76:Core/Src/sys/stm32f4xx_it.c **** extern TIM_HandleTypeDef htim14;
  77:Core/Src/sys/stm32f4xx_it.c **** 
  78:Core/Src/sys/stm32f4xx_it.c **** /* USER CODE BEGIN EV */
  79:Core/Src/sys/stm32f4xx_it.c **** 
  80:Core/Src/sys/stm32f4xx_it.c **** /* USER CODE END EV */
  81:Core/Src/sys/stm32f4xx_it.c **** 
  82:Core/Src/sys/stm32f4xx_it.c **** /******************************************************************************/
  83:Core/Src/sys/stm32f4xx_it.c **** /*           Cortex-M4 Processor Interruption and Exception Handlers          */ 
  84:Core/Src/sys/stm32f4xx_it.c **** /******************************************************************************/
  85:Core/Src/sys/stm32f4xx_it.c **** /**
  86:Core/Src/sys/stm32f4xx_it.c ****   * @brief This function handles Non maskable interrupt.
  87:Core/Src/sys/stm32f4xx_it.c ****   */
  88:Core/Src/sys/stm32f4xx_it.c **** void NMI_Handler(void)
ARM GAS  C:\Users\Prashant\AppData\Local\Temp\cctUeyfl.s 			page 3


  89:Core/Src/sys/stm32f4xx_it.c **** {
  28              		.loc 1 89 0
  29              		.cfi_startproc
  30              		@ args = 0, pretend = 0, frame = 0
  31              		@ frame_needed = 0, uses_anonymous_args = 0
  32              		@ link register save eliminated.
  90:Core/Src/sys/stm32f4xx_it.c ****   /* USER CODE BEGIN NonMaskableInt_IRQn 0 */
  91:Core/Src/sys/stm32f4xx_it.c **** 
  92:Core/Src/sys/stm32f4xx_it.c ****   /* USER CODE END NonMaskableInt_IRQn 0 */
  93:Core/Src/sys/stm32f4xx_it.c ****   /* USER CODE BEGIN NonMaskableInt_IRQn 1 */
  94:Core/Src/sys/stm32f4xx_it.c **** 
  95:Core/Src/sys/stm32f4xx_it.c ****   /* USER CODE END NonMaskableInt_IRQn 1 */
  96:Core/Src/sys/stm32f4xx_it.c **** }
  33              		.loc 1 96 0
  34 0000 7047     		bx	lr
  35              		.cfi_endproc
  36              	.LFE131:
  38              		.section	.text.HardFault_Handler,"ax",%progbits
  39              		.align	1
  40              		.global	HardFault_Handler
  41              		.syntax unified
  42              		.thumb
  43              		.thumb_func
  44              		.fpu fpv4-sp-d16
  46              	HardFault_Handler:
  47              	.LFB132:
  97:Core/Src/sys/stm32f4xx_it.c **** 
  98:Core/Src/sys/stm32f4xx_it.c **** /**
  99:Core/Src/sys/stm32f4xx_it.c ****   * @brief This function handles Hard fault interrupt.
 100:Core/Src/sys/stm32f4xx_it.c ****   */
 101:Core/Src/sys/stm32f4xx_it.c **** void HardFault_Handler(void)
 102:Core/Src/sys/stm32f4xx_it.c **** {
  48              		.loc 1 102 0
  49              		.cfi_startproc
  50              		@ Volatile: function does not return.
  51              		@ args = 0, pretend = 0, frame = 0
  52              		@ frame_needed = 0, uses_anonymous_args = 0
  53              		@ link register save eliminated.
  54              	.L3:
  55 0000 FEE7     		b	.L3
  56              		.cfi_endproc
  57              	.LFE132:
  59              		.section	.text.MemManage_Handler,"ax",%progbits
  60              		.align	1
  61              		.global	MemManage_Handler
  62              		.syntax unified
  63              		.thumb
  64              		.thumb_func
  65              		.fpu fpv4-sp-d16
  67              	MemManage_Handler:
  68              	.LFB133:
 103:Core/Src/sys/stm32f4xx_it.c ****   /* USER CODE BEGIN HardFault_IRQn 0 */
 104:Core/Src/sys/stm32f4xx_it.c **** 
 105:Core/Src/sys/stm32f4xx_it.c ****   /* USER CODE END HardFault_IRQn 0 */
 106:Core/Src/sys/stm32f4xx_it.c ****   while (1)
 107:Core/Src/sys/stm32f4xx_it.c ****   {
 108:Core/Src/sys/stm32f4xx_it.c ****     /* USER CODE BEGIN W1_HardFault_IRQn 0 */
ARM GAS  C:\Users\Prashant\AppData\Local\Temp\cctUeyfl.s 			page 4


 109:Core/Src/sys/stm32f4xx_it.c ****     /* USER CODE END W1_HardFault_IRQn 0 */
 110:Core/Src/sys/stm32f4xx_it.c ****   }
 111:Core/Src/sys/stm32f4xx_it.c **** }
 112:Core/Src/sys/stm32f4xx_it.c **** 
 113:Core/Src/sys/stm32f4xx_it.c **** /**
 114:Core/Src/sys/stm32f4xx_it.c ****   * @brief This function handles Memory management fault.
 115:Core/Src/sys/stm32f4xx_it.c ****   */
 116:Core/Src/sys/stm32f4xx_it.c **** void MemManage_Handler(void)
 117:Core/Src/sys/stm32f4xx_it.c **** {
  69              		.loc 1 117 0
  70              		.cfi_startproc
  71              		@ Volatile: function does not return.
  72              		@ args = 0, pretend = 0, frame = 0
  73              		@ frame_needed = 0, uses_anonymous_args = 0
  74              		@ link register save eliminated.
  75              	.L5:
  76 0000 FEE7     		b	.L5
  77              		.cfi_endproc
  78              	.LFE133:
  80              		.section	.text.BusFault_Handler,"ax",%progbits
  81              		.align	1
  82              		.global	BusFault_Handler
  83              		.syntax unified
  84              		.thumb
  85              		.thumb_func
  86              		.fpu fpv4-sp-d16
  88              	BusFault_Handler:
  89              	.LFB134:
 118:Core/Src/sys/stm32f4xx_it.c ****   /* USER CODE BEGIN MemoryManagement_IRQn 0 */
 119:Core/Src/sys/stm32f4xx_it.c **** 
 120:Core/Src/sys/stm32f4xx_it.c ****   /* USER CODE END MemoryManagement_IRQn 0 */
 121:Core/Src/sys/stm32f4xx_it.c ****   while (1)
 122:Core/Src/sys/stm32f4xx_it.c ****   {
 123:Core/Src/sys/stm32f4xx_it.c ****     /* USER CODE BEGIN W1_MemoryManagement_IRQn 0 */
 124:Core/Src/sys/stm32f4xx_it.c ****     /* USER CODE END W1_MemoryManagement_IRQn 0 */
 125:Core/Src/sys/stm32f4xx_it.c ****   }
 126:Core/Src/sys/stm32f4xx_it.c **** }
 127:Core/Src/sys/stm32f4xx_it.c **** 
 128:Core/Src/sys/stm32f4xx_it.c **** /**
 129:Core/Src/sys/stm32f4xx_it.c ****   * @brief This function handles Pre-fetch fault, memory access fault.
 130:Core/Src/sys/stm32f4xx_it.c ****   */
 131:Core/Src/sys/stm32f4xx_it.c **** void BusFault_Handler(void)
 132:Core/Src/sys/stm32f4xx_it.c **** {
  90              		.loc 1 132 0
  91              		.cfi_startproc
  92              		@ Volatile: function does not return.
  93              		@ args = 0, pretend = 0, frame = 0
  94              		@ frame_needed = 0, uses_anonymous_args = 0
  95              		@ link register save eliminated.
  96              	.L7:
  97 0000 FEE7     		b	.L7
  98              		.cfi_endproc
  99              	.LFE134:
 101              		.section	.text.UsageFault_Handler,"ax",%progbits
 102              		.align	1
 103              		.global	UsageFault_Handler
 104              		.syntax unified
ARM GAS  C:\Users\Prashant\AppData\Local\Temp\cctUeyfl.s 			page 5


 105              		.thumb
 106              		.thumb_func
 107              		.fpu fpv4-sp-d16
 109              	UsageFault_Handler:
 110              	.LFB135:
 133:Core/Src/sys/stm32f4xx_it.c ****   /* USER CODE BEGIN BusFault_IRQn 0 */
 134:Core/Src/sys/stm32f4xx_it.c **** 
 135:Core/Src/sys/stm32f4xx_it.c ****   /* USER CODE END BusFault_IRQn 0 */
 136:Core/Src/sys/stm32f4xx_it.c ****   while (1)
 137:Core/Src/sys/stm32f4xx_it.c ****   {
 138:Core/Src/sys/stm32f4xx_it.c ****     /* USER CODE BEGIN W1_BusFault_IRQn 0 */
 139:Core/Src/sys/stm32f4xx_it.c ****     /* USER CODE END W1_BusFault_IRQn 0 */
 140:Core/Src/sys/stm32f4xx_it.c ****   }
 141:Core/Src/sys/stm32f4xx_it.c **** }
 142:Core/Src/sys/stm32f4xx_it.c **** 
 143:Core/Src/sys/stm32f4xx_it.c **** /**
 144:Core/Src/sys/stm32f4xx_it.c ****   * @brief This function handles Undefined instruction or illegal state.
 145:Core/Src/sys/stm32f4xx_it.c ****   */
 146:Core/Src/sys/stm32f4xx_it.c **** void UsageFault_Handler(void)
 147:Core/Src/sys/stm32f4xx_it.c **** {
 111              		.loc 1 147 0
 112              		.cfi_startproc
 113              		@ Volatile: function does not return.
 114              		@ args = 0, pretend = 0, frame = 0
 115              		@ frame_needed = 0, uses_anonymous_args = 0
 116              		@ link register save eliminated.
 117              	.L9:
 118 0000 FEE7     		b	.L9
 119              		.cfi_endproc
 120              	.LFE135:
 122              		.section	.text.DebugMon_Handler,"ax",%progbits
 123              		.align	1
 124              		.global	DebugMon_Handler
 125              		.syntax unified
 126              		.thumb
 127              		.thumb_func
 128              		.fpu fpv4-sp-d16
 130              	DebugMon_Handler:
 131              	.LFB136:
 148:Core/Src/sys/stm32f4xx_it.c ****   /* USER CODE BEGIN UsageFault_IRQn 0 */
 149:Core/Src/sys/stm32f4xx_it.c **** 
 150:Core/Src/sys/stm32f4xx_it.c ****   /* USER CODE END UsageFault_IRQn 0 */
 151:Core/Src/sys/stm32f4xx_it.c ****   while (1)
 152:Core/Src/sys/stm32f4xx_it.c ****   {
 153:Core/Src/sys/stm32f4xx_it.c ****     /* USER CODE BEGIN W1_UsageFault_IRQn 0 */
 154:Core/Src/sys/stm32f4xx_it.c ****     /* USER CODE END W1_UsageFault_IRQn 0 */
 155:Core/Src/sys/stm32f4xx_it.c ****   }
 156:Core/Src/sys/stm32f4xx_it.c **** }
 157:Core/Src/sys/stm32f4xx_it.c **** 
 158:Core/Src/sys/stm32f4xx_it.c **** /**
 159:Core/Src/sys/stm32f4xx_it.c ****   * @brief This function handles Debug monitor.
 160:Core/Src/sys/stm32f4xx_it.c ****   */
 161:Core/Src/sys/stm32f4xx_it.c **** void DebugMon_Handler(void)
 162:Core/Src/sys/stm32f4xx_it.c **** {
 132              		.loc 1 162 0
 133              		.cfi_startproc
 134              		@ args = 0, pretend = 0, frame = 0
ARM GAS  C:\Users\Prashant\AppData\Local\Temp\cctUeyfl.s 			page 6


 135              		@ frame_needed = 0, uses_anonymous_args = 0
 136              		@ link register save eliminated.
 163:Core/Src/sys/stm32f4xx_it.c ****   /* USER CODE BEGIN DebugMonitor_IRQn 0 */
 164:Core/Src/sys/stm32f4xx_it.c **** 
 165:Core/Src/sys/stm32f4xx_it.c ****   /* USER CODE END DebugMonitor_IRQn 0 */
 166:Core/Src/sys/stm32f4xx_it.c ****   /* USER CODE BEGIN DebugMonitor_IRQn 1 */
 167:Core/Src/sys/stm32f4xx_it.c **** 
 168:Core/Src/sys/stm32f4xx_it.c ****   /* USER CODE END DebugMonitor_IRQn 1 */
 169:Core/Src/sys/stm32f4xx_it.c **** }
 137              		.loc 1 169 0
 138 0000 7047     		bx	lr
 139              		.cfi_endproc
 140              	.LFE136:
 142              		.section	.text.EXTI0_IRQHandler,"ax",%progbits
 143              		.align	1
 144              		.global	EXTI0_IRQHandler
 145              		.syntax unified
 146              		.thumb
 147              		.thumb_func
 148              		.fpu fpv4-sp-d16
 150              	EXTI0_IRQHandler:
 151              	.LFB137:
 170:Core/Src/sys/stm32f4xx_it.c **** 
 171:Core/Src/sys/stm32f4xx_it.c **** /******************************************************************************/
 172:Core/Src/sys/stm32f4xx_it.c **** /* STM32F4xx Peripheral Interrupt Handlers                                    */
 173:Core/Src/sys/stm32f4xx_it.c **** /* Add here the Interrupt Handlers for the used peripherals.                  */
 174:Core/Src/sys/stm32f4xx_it.c **** /* For the available peripheral interrupt handler names,                      */
 175:Core/Src/sys/stm32f4xx_it.c **** /* please refer to the startup file (startup_stm32f4xx.s).                    */
 176:Core/Src/sys/stm32f4xx_it.c **** /******************************************************************************/
 177:Core/Src/sys/stm32f4xx_it.c **** 
 178:Core/Src/sys/stm32f4xx_it.c **** /**
 179:Core/Src/sys/stm32f4xx_it.c ****   * @brief This function handles EXTI line0 interrupt.
 180:Core/Src/sys/stm32f4xx_it.c ****   */
 181:Core/Src/sys/stm32f4xx_it.c **** void EXTI0_IRQHandler(void)
 182:Core/Src/sys/stm32f4xx_it.c **** {
 152              		.loc 1 182 0
 153              		.cfi_startproc
 154              		@ args = 0, pretend = 0, frame = 0
 155              		@ frame_needed = 0, uses_anonymous_args = 0
 156 0000 08B5     		push	{r3, lr}
 157              	.LCFI0:
 158              		.cfi_def_cfa_offset 8
 159              		.cfi_offset 3, -8
 160              		.cfi_offset 14, -4
 183:Core/Src/sys/stm32f4xx_it.c ****   /* USER CODE BEGIN EXTI0_IRQn 0 */
 184:Core/Src/sys/stm32f4xx_it.c **** 
 185:Core/Src/sys/stm32f4xx_it.c ****   /* USER CODE END EXTI0_IRQn 0 */
 186:Core/Src/sys/stm32f4xx_it.c ****   HAL_GPIO_EXTI_IRQHandler(GPIO_PIN_0);
 161              		.loc 1 186 0
 162 0002 0120     		movs	r0, #1
 163 0004 FFF7FEFF 		bl	HAL_GPIO_EXTI_IRQHandler
 164              	.LVL0:
 187:Core/Src/sys/stm32f4xx_it.c ****   /* USER CODE BEGIN EXTI0_IRQn 1 */
 188:Core/Src/sys/stm32f4xx_it.c **** 
 189:Core/Src/sys/stm32f4xx_it.c ****   /* USER CODE END EXTI0_IRQn 1 */
 190:Core/Src/sys/stm32f4xx_it.c **** }
 165              		.loc 1 190 0
ARM GAS  C:\Users\Prashant\AppData\Local\Temp\cctUeyfl.s 			page 7


 166 0008 08BD     		pop	{r3, pc}
 167              		.cfi_endproc
 168              	.LFE137:
 170              		.section	.text.EXTI1_IRQHandler,"ax",%progbits
 171              		.align	1
 172              		.global	EXTI1_IRQHandler
 173              		.syntax unified
 174              		.thumb
 175              		.thumb_func
 176              		.fpu fpv4-sp-d16
 178              	EXTI1_IRQHandler:
 179              	.LFB138:
 191:Core/Src/sys/stm32f4xx_it.c **** 
 192:Core/Src/sys/stm32f4xx_it.c **** /**
 193:Core/Src/sys/stm32f4xx_it.c ****   * @brief This function handles EXTI line1 interrupt.
 194:Core/Src/sys/stm32f4xx_it.c ****   */
 195:Core/Src/sys/stm32f4xx_it.c **** void EXTI1_IRQHandler(void)
 196:Core/Src/sys/stm32f4xx_it.c **** {
 180              		.loc 1 196 0
 181              		.cfi_startproc
 182              		@ args = 0, pretend = 0, frame = 0
 183              		@ frame_needed = 0, uses_anonymous_args = 0
 184 0000 08B5     		push	{r3, lr}
 185              	.LCFI1:
 186              		.cfi_def_cfa_offset 8
 187              		.cfi_offset 3, -8
 188              		.cfi_offset 14, -4
 197:Core/Src/sys/stm32f4xx_it.c ****   /* USER CODE BEGIN EXTI1_IRQn 0 */
 198:Core/Src/sys/stm32f4xx_it.c **** 
 199:Core/Src/sys/stm32f4xx_it.c ****   /* USER CODE END EXTI1_IRQn 0 */
 200:Core/Src/sys/stm32f4xx_it.c ****   HAL_GPIO_EXTI_IRQHandler(GPIO_PIN_1);
 189              		.loc 1 200 0
 190 0002 0220     		movs	r0, #2
 191 0004 FFF7FEFF 		bl	HAL_GPIO_EXTI_IRQHandler
 192              	.LVL1:
 201:Core/Src/sys/stm32f4xx_it.c ****   /* USER CODE BEGIN EXTI1_IRQn 1 */
 202:Core/Src/sys/stm32f4xx_it.c **** 
 203:Core/Src/sys/stm32f4xx_it.c ****   /* USER CODE END EXTI1_IRQn 1 */
 204:Core/Src/sys/stm32f4xx_it.c **** }
 193              		.loc 1 204 0
 194 0008 08BD     		pop	{r3, pc}
 195              		.cfi_endproc
 196              	.LFE138:
 198              		.section	.text.EXTI2_IRQHandler,"ax",%progbits
 199              		.align	1
 200              		.global	EXTI2_IRQHandler
 201              		.syntax unified
 202              		.thumb
 203              		.thumb_func
 204              		.fpu fpv4-sp-d16
 206              	EXTI2_IRQHandler:
 207              	.LFB139:
 205:Core/Src/sys/stm32f4xx_it.c **** 
 206:Core/Src/sys/stm32f4xx_it.c **** /**
 207:Core/Src/sys/stm32f4xx_it.c ****   * @brief This function handles EXTI line2 interrupt.
 208:Core/Src/sys/stm32f4xx_it.c ****   */
 209:Core/Src/sys/stm32f4xx_it.c **** void EXTI2_IRQHandler(void)
ARM GAS  C:\Users\Prashant\AppData\Local\Temp\cctUeyfl.s 			page 8


 210:Core/Src/sys/stm32f4xx_it.c **** {
 208              		.loc 1 210 0
 209              		.cfi_startproc
 210              		@ args = 0, pretend = 0, frame = 0
 211              		@ frame_needed = 0, uses_anonymous_args = 0
 212 0000 08B5     		push	{r3, lr}
 213              	.LCFI2:
 214              		.cfi_def_cfa_offset 8
 215              		.cfi_offset 3, -8
 216              		.cfi_offset 14, -4
 211:Core/Src/sys/stm32f4xx_it.c ****   /* USER CODE BEGIN EXTI2_IRQn 0 */
 212:Core/Src/sys/stm32f4xx_it.c **** 
 213:Core/Src/sys/stm32f4xx_it.c ****   /* USER CODE END EXTI2_IRQn 0 */
 214:Core/Src/sys/stm32f4xx_it.c ****   HAL_GPIO_EXTI_IRQHandler(GPIO_PIN_2);
 217              		.loc 1 214 0
 218 0002 0420     		movs	r0, #4
 219 0004 FFF7FEFF 		bl	HAL_GPIO_EXTI_IRQHandler
 220              	.LVL2:
 215:Core/Src/sys/stm32f4xx_it.c ****   /* USER CODE BEGIN EXTI2_IRQn 1 */
 216:Core/Src/sys/stm32f4xx_it.c **** 
 217:Core/Src/sys/stm32f4xx_it.c ****   /* USER CODE END EXTI2_IRQn 1 */
 218:Core/Src/sys/stm32f4xx_it.c **** }
 221              		.loc 1 218 0
 222 0008 08BD     		pop	{r3, pc}
 223              		.cfi_endproc
 224              	.LFE139:
 226              		.section	.text.EXTI3_IRQHandler,"ax",%progbits
 227              		.align	1
 228              		.global	EXTI3_IRQHandler
 229              		.syntax unified
 230              		.thumb
 231              		.thumb_func
 232              		.fpu fpv4-sp-d16
 234              	EXTI3_IRQHandler:
 235              	.LFB140:
 219:Core/Src/sys/stm32f4xx_it.c **** 
 220:Core/Src/sys/stm32f4xx_it.c **** /**
 221:Core/Src/sys/stm32f4xx_it.c ****   * @brief This function handles EXTI line3 interrupt.
 222:Core/Src/sys/stm32f4xx_it.c ****   */
 223:Core/Src/sys/stm32f4xx_it.c **** void EXTI3_IRQHandler(void)
 224:Core/Src/sys/stm32f4xx_it.c **** {
 236              		.loc 1 224 0
 237              		.cfi_startproc
 238              		@ args = 0, pretend = 0, frame = 0
 239              		@ frame_needed = 0, uses_anonymous_args = 0
 240 0000 08B5     		push	{r3, lr}
 241              	.LCFI3:
 242              		.cfi_def_cfa_offset 8
 243              		.cfi_offset 3, -8
 244              		.cfi_offset 14, -4
 225:Core/Src/sys/stm32f4xx_it.c ****   /* USER CODE BEGIN EXTI3_IRQn 0 */
 226:Core/Src/sys/stm32f4xx_it.c **** 
 227:Core/Src/sys/stm32f4xx_it.c ****   /* USER CODE END EXTI3_IRQn 0 */
 228:Core/Src/sys/stm32f4xx_it.c ****   HAL_GPIO_EXTI_IRQHandler(GPIO_PIN_3);
 245              		.loc 1 228 0
 246 0002 0820     		movs	r0, #8
 247 0004 FFF7FEFF 		bl	HAL_GPIO_EXTI_IRQHandler
ARM GAS  C:\Users\Prashant\AppData\Local\Temp\cctUeyfl.s 			page 9


 248              	.LVL3:
 229:Core/Src/sys/stm32f4xx_it.c ****   /* USER CODE BEGIN EXTI3_IRQn 1 */
 230:Core/Src/sys/stm32f4xx_it.c **** 
 231:Core/Src/sys/stm32f4xx_it.c ****   /* USER CODE END EXTI3_IRQn 1 */
 232:Core/Src/sys/stm32f4xx_it.c **** }
 249              		.loc 1 232 0
 250 0008 08BD     		pop	{r3, pc}
 251              		.cfi_endproc
 252              	.LFE140:
 254              		.section	.text.EXTI9_5_IRQHandler,"ax",%progbits
 255              		.align	1
 256              		.global	EXTI9_5_IRQHandler
 257              		.syntax unified
 258              		.thumb
 259              		.thumb_func
 260              		.fpu fpv4-sp-d16
 262              	EXTI9_5_IRQHandler:
 263              	.LFB141:
 233:Core/Src/sys/stm32f4xx_it.c **** 
 234:Core/Src/sys/stm32f4xx_it.c **** /**
 235:Core/Src/sys/stm32f4xx_it.c ****   * @brief This function handles EXTI line[9:5] interrupts.
 236:Core/Src/sys/stm32f4xx_it.c ****   */
 237:Core/Src/sys/stm32f4xx_it.c **** void EXTI9_5_IRQHandler(void)
 238:Core/Src/sys/stm32f4xx_it.c **** {
 264              		.loc 1 238 0
 265              		.cfi_startproc
 266              		@ args = 0, pretend = 0, frame = 0
 267              		@ frame_needed = 0, uses_anonymous_args = 0
 268 0000 08B5     		push	{r3, lr}
 269              	.LCFI4:
 270              		.cfi_def_cfa_offset 8
 271              		.cfi_offset 3, -8
 272              		.cfi_offset 14, -4
 239:Core/Src/sys/stm32f4xx_it.c ****   /* USER CODE BEGIN EXTI9_5_IRQn 0 */
 240:Core/Src/sys/stm32f4xx_it.c **** 
 241:Core/Src/sys/stm32f4xx_it.c ****   /* USER CODE END EXTI9_5_IRQn 0 */
 242:Core/Src/sys/stm32f4xx_it.c ****   HAL_GPIO_EXTI_IRQHandler(GPIO_PIN_5);
 273              		.loc 1 242 0
 274 0002 2020     		movs	r0, #32
 275 0004 FFF7FEFF 		bl	HAL_GPIO_EXTI_IRQHandler
 276              	.LVL4:
 243:Core/Src/sys/stm32f4xx_it.c ****   HAL_GPIO_EXTI_IRQHandler(GPIO_PIN_7);
 277              		.loc 1 243 0
 278 0008 8020     		movs	r0, #128
 279 000a FFF7FEFF 		bl	HAL_GPIO_EXTI_IRQHandler
 280              	.LVL5:
 244:Core/Src/sys/stm32f4xx_it.c ****   HAL_GPIO_EXTI_IRQHandler(GPIO_PIN_8);
 281              		.loc 1 244 0
 282 000e 4FF48070 		mov	r0, #256
 283 0012 FFF7FEFF 		bl	HAL_GPIO_EXTI_IRQHandler
 284              	.LVL6:
 245:Core/Src/sys/stm32f4xx_it.c ****   HAL_GPIO_EXTI_IRQHandler(GPIO_PIN_9);
 285              		.loc 1 245 0
 286 0016 4FF40070 		mov	r0, #512
 287 001a FFF7FEFF 		bl	HAL_GPIO_EXTI_IRQHandler
 288              	.LVL7:
 246:Core/Src/sys/stm32f4xx_it.c ****   /* USER CODE BEGIN EXTI9_5_IRQn 1 */
ARM GAS  C:\Users\Prashant\AppData\Local\Temp\cctUeyfl.s 			page 10


 247:Core/Src/sys/stm32f4xx_it.c **** 
 248:Core/Src/sys/stm32f4xx_it.c ****   /* USER CODE END EXTI9_5_IRQn 1 */
 249:Core/Src/sys/stm32f4xx_it.c **** }
 289              		.loc 1 249 0
 290 001e 08BD     		pop	{r3, pc}
 291              		.cfi_endproc
 292              	.LFE141:
 294              		.section	.text.EXTI15_10_IRQHandler,"ax",%progbits
 295              		.align	1
 296              		.global	EXTI15_10_IRQHandler
 297              		.syntax unified
 298              		.thumb
 299              		.thumb_func
 300              		.fpu fpv4-sp-d16
 302              	EXTI15_10_IRQHandler:
 303              	.LFB142:
 250:Core/Src/sys/stm32f4xx_it.c **** 
 251:Core/Src/sys/stm32f4xx_it.c **** /**
 252:Core/Src/sys/stm32f4xx_it.c ****   * @brief This function handles EXTI line[15:10] interrupts.
 253:Core/Src/sys/stm32f4xx_it.c ****   */
 254:Core/Src/sys/stm32f4xx_it.c **** void EXTI15_10_IRQHandler(void)
 255:Core/Src/sys/stm32f4xx_it.c **** {
 304              		.loc 1 255 0
 305              		.cfi_startproc
 306              		@ args = 0, pretend = 0, frame = 0
 307              		@ frame_needed = 0, uses_anonymous_args = 0
 308 0000 08B5     		push	{r3, lr}
 309              	.LCFI5:
 310              		.cfi_def_cfa_offset 8
 311              		.cfi_offset 3, -8
 312              		.cfi_offset 14, -4
 256:Core/Src/sys/stm32f4xx_it.c ****   /* USER CODE BEGIN EXTI15_10_IRQn 0 */
 257:Core/Src/sys/stm32f4xx_it.c **** 
 258:Core/Src/sys/stm32f4xx_it.c ****   /* USER CODE END EXTI15_10_IRQn 0 */
 259:Core/Src/sys/stm32f4xx_it.c ****   HAL_GPIO_EXTI_IRQHandler(GPIO_PIN_12);
 313              		.loc 1 259 0
 314 0002 4FF48050 		mov	r0, #4096
 315 0006 FFF7FEFF 		bl	HAL_GPIO_EXTI_IRQHandler
 316              	.LVL8:
 260:Core/Src/sys/stm32f4xx_it.c ****   HAL_GPIO_EXTI_IRQHandler(GPIO_PIN_13);
 317              		.loc 1 260 0
 318 000a 4FF40050 		mov	r0, #8192
 319 000e FFF7FEFF 		bl	HAL_GPIO_EXTI_IRQHandler
 320              	.LVL9:
 261:Core/Src/sys/stm32f4xx_it.c ****   HAL_GPIO_EXTI_IRQHandler(GPIO_PIN_14);
 321              		.loc 1 261 0
 322 0012 4FF48040 		mov	r0, #16384
 323 0016 FFF7FEFF 		bl	HAL_GPIO_EXTI_IRQHandler
 324              	.LVL10:
 262:Core/Src/sys/stm32f4xx_it.c ****   HAL_GPIO_EXTI_IRQHandler(GPIO_PIN_15);
 325              		.loc 1 262 0
 326 001a 4FF40040 		mov	r0, #32768
 327 001e FFF7FEFF 		bl	HAL_GPIO_EXTI_IRQHandler
 328              	.LVL11:
 263:Core/Src/sys/stm32f4xx_it.c ****   /* USER CODE BEGIN EXTI15_10_IRQn 1 */
 264:Core/Src/sys/stm32f4xx_it.c **** 
 265:Core/Src/sys/stm32f4xx_it.c ****   /* USER CODE END EXTI15_10_IRQn 1 */
ARM GAS  C:\Users\Prashant\AppData\Local\Temp\cctUeyfl.s 			page 11


 266:Core/Src/sys/stm32f4xx_it.c **** }
 329              		.loc 1 266 0
 330 0022 08BD     		pop	{r3, pc}
 331              		.cfi_endproc
 332              	.LFE142:
 334              		.section	.text.TIM8_TRG_COM_TIM14_IRQHandler,"ax",%progbits
 335              		.align	1
 336              		.global	TIM8_TRG_COM_TIM14_IRQHandler
 337              		.syntax unified
 338              		.thumb
 339              		.thumb_func
 340              		.fpu fpv4-sp-d16
 342              	TIM8_TRG_COM_TIM14_IRQHandler:
 343              	.LFB143:
 267:Core/Src/sys/stm32f4xx_it.c **** 
 268:Core/Src/sys/stm32f4xx_it.c **** /**
 269:Core/Src/sys/stm32f4xx_it.c ****   * @brief This function handles TIM8 trigger and commutation interrupts and TIM14 global interrupt
 270:Core/Src/sys/stm32f4xx_it.c ****   */
 271:Core/Src/sys/stm32f4xx_it.c **** void TIM8_TRG_COM_TIM14_IRQHandler(void)
 272:Core/Src/sys/stm32f4xx_it.c **** {
 344              		.loc 1 272 0
 345              		.cfi_startproc
 346              		@ args = 0, pretend = 0, frame = 0
 347              		@ frame_needed = 0, uses_anonymous_args = 0
 348 0000 08B5     		push	{r3, lr}
 349              	.LCFI6:
 350              		.cfi_def_cfa_offset 8
 351              		.cfi_offset 3, -8
 352              		.cfi_offset 14, -4
 273:Core/Src/sys/stm32f4xx_it.c ****   /* USER CODE BEGIN TIM8_TRG_COM_TIM14_IRQn 0 */
 274:Core/Src/sys/stm32f4xx_it.c **** 
 275:Core/Src/sys/stm32f4xx_it.c ****   /* USER CODE END TIM8_TRG_COM_TIM14_IRQn 0 */
 276:Core/Src/sys/stm32f4xx_it.c ****   HAL_TIM_IRQHandler(&htim8);
 353              		.loc 1 276 0
 354 0002 0348     		ldr	r0, .L25
 355 0004 FFF7FEFF 		bl	HAL_TIM_IRQHandler
 356              	.LVL12:
 277:Core/Src/sys/stm32f4xx_it.c ****   HAL_TIM_IRQHandler(&htim14);
 357              		.loc 1 277 0
 358 0008 0248     		ldr	r0, .L25+4
 359 000a FFF7FEFF 		bl	HAL_TIM_IRQHandler
 360              	.LVL13:
 278:Core/Src/sys/stm32f4xx_it.c ****   /* USER CODE BEGIN TIM8_TRG_COM_TIM14_IRQn 1 */
 279:Core/Src/sys/stm32f4xx_it.c **** 
 280:Core/Src/sys/stm32f4xx_it.c ****   /* USER CODE END TIM8_TRG_COM_TIM14_IRQn 1 */
 281:Core/Src/sys/stm32f4xx_it.c **** }
 361              		.loc 1 281 0
 362 000e 08BD     		pop	{r3, pc}
 363              	.L26:
 364              		.align	2
 365              	.L25:
 366 0010 00000000 		.word	htim8
 367 0014 00000000 		.word	htim14
 368              		.cfi_endproc
 369              	.LFE143:
 371              		.text
 372              	.Letext0:
ARM GAS  C:\Users\Prashant\AppData\Local\Temp\cctUeyfl.s 			page 12


 373              		.file 2 "c:\\program files (x86)\\gnu tools arm embedded\\7 2017-q4-major\\arm-none-eabi\\include\
 374              		.file 3 "c:\\program files (x86)\\gnu tools arm embedded\\7 2017-q4-major\\arm-none-eabi\\include\
 375              		.file 4 "C:/Users/Prashant/STM32Cube/Repository/STM32Cube_FW_F4_V1.23.0/Drivers/CMSIS/Include/core
 376              		.file 5 "C:/Users/Prashant/STM32Cube/Repository/STM32Cube_FW_F4_V1.23.0/Drivers/CMSIS/Device/ST/ST
 377              		.file 6 "C:/Users/Prashant/STM32Cube/Repository/STM32Cube_FW_F4_V1.23.0/Drivers/CMSIS/Device/ST/ST
 378              		.file 7 "c:\\program files (x86)\\gnu tools arm embedded\\7 2017-q4-major\\arm-none-eabi\\include\
 379              		.file 8 "c:\\program files (x86)\\gnu tools arm embedded\\7 2017-q4-major\\arm-none-eabi\\include\
 380              		.file 9 "c:\\program files (x86)\\gnu tools arm embedded\\7 2017-q4-major\\lib\\gcc\\arm-none-eabi
 381              		.file 10 "c:\\program files (x86)\\gnu tools arm embedded\\7 2017-q4-major\\arm-none-eabi\\include
 382              		.file 11 "C:/Users/Prashant/STM32Cube/Repository/STM32Cube_FW_F4_V1.23.0/Drivers/STM32F4xx_HAL_Dri
 383              		.file 12 "C:/Users/Prashant/STM32Cube/Repository/STM32Cube_FW_F4_V1.23.0/Drivers/STM32F4xx_HAL_Dri
 384              		.file 13 "C:/Users/Prashant/STM32Cube/Repository/STM32Cube_FW_F4_V1.23.0/Drivers/STM32F4xx_HAL_Dri
 385              		.file 14 "C:/Users/Prashant/STM32Cube/Repository/STM32Cube_FW_F4_V1.23.0/Drivers/STM32F4xx_HAL_Dri
ARM GAS  C:\Users\Prashant\AppData\Local\Temp\cctUeyfl.s 			page 13


DEFINED SYMBOLS
                            *ABS*:00000000 stm32f4xx_it.c
C:\Users\Prashant\AppData\Local\Temp\cctUeyfl.s:18     .text.NMI_Handler:00000000 $t
C:\Users\Prashant\AppData\Local\Temp\cctUeyfl.s:25     .text.NMI_Handler:00000000 NMI_Handler
C:\Users\Prashant\AppData\Local\Temp\cctUeyfl.s:39     .text.HardFault_Handler:00000000 $t
C:\Users\Prashant\AppData\Local\Temp\cctUeyfl.s:46     .text.HardFault_Handler:00000000 HardFault_Handler
C:\Users\Prashant\AppData\Local\Temp\cctUeyfl.s:60     .text.MemManage_Handler:00000000 $t
C:\Users\Prashant\AppData\Local\Temp\cctUeyfl.s:67     .text.MemManage_Handler:00000000 MemManage_Handler
C:\Users\Prashant\AppData\Local\Temp\cctUeyfl.s:81     .text.BusFault_Handler:00000000 $t
C:\Users\Prashant\AppData\Local\Temp\cctUeyfl.s:88     .text.BusFault_Handler:00000000 BusFault_Handler
C:\Users\Prashant\AppData\Local\Temp\cctUeyfl.s:102    .text.UsageFault_Handler:00000000 $t
C:\Users\Prashant\AppData\Local\Temp\cctUeyfl.s:109    .text.UsageFault_Handler:00000000 UsageFault_Handler
C:\Users\Prashant\AppData\Local\Temp\cctUeyfl.s:123    .text.DebugMon_Handler:00000000 $t
C:\Users\Prashant\AppData\Local\Temp\cctUeyfl.s:130    .text.DebugMon_Handler:00000000 DebugMon_Handler
C:\Users\Prashant\AppData\Local\Temp\cctUeyfl.s:143    .text.EXTI0_IRQHandler:00000000 $t
C:\Users\Prashant\AppData\Local\Temp\cctUeyfl.s:150    .text.EXTI0_IRQHandler:00000000 EXTI0_IRQHandler
C:\Users\Prashant\AppData\Local\Temp\cctUeyfl.s:171    .text.EXTI1_IRQHandler:00000000 $t
C:\Users\Prashant\AppData\Local\Temp\cctUeyfl.s:178    .text.EXTI1_IRQHandler:00000000 EXTI1_IRQHandler
C:\Users\Prashant\AppData\Local\Temp\cctUeyfl.s:199    .text.EXTI2_IRQHandler:00000000 $t
C:\Users\Prashant\AppData\Local\Temp\cctUeyfl.s:206    .text.EXTI2_IRQHandler:00000000 EXTI2_IRQHandler
C:\Users\Prashant\AppData\Local\Temp\cctUeyfl.s:227    .text.EXTI3_IRQHandler:00000000 $t
C:\Users\Prashant\AppData\Local\Temp\cctUeyfl.s:234    .text.EXTI3_IRQHandler:00000000 EXTI3_IRQHandler
C:\Users\Prashant\AppData\Local\Temp\cctUeyfl.s:255    .text.EXTI9_5_IRQHandler:00000000 $t
C:\Users\Prashant\AppData\Local\Temp\cctUeyfl.s:262    .text.EXTI9_5_IRQHandler:00000000 EXTI9_5_IRQHandler
C:\Users\Prashant\AppData\Local\Temp\cctUeyfl.s:295    .text.EXTI15_10_IRQHandler:00000000 $t
C:\Users\Prashant\AppData\Local\Temp\cctUeyfl.s:302    .text.EXTI15_10_IRQHandler:00000000 EXTI15_10_IRQHandler
C:\Users\Prashant\AppData\Local\Temp\cctUeyfl.s:335    .text.TIM8_TRG_COM_TIM14_IRQHandler:00000000 $t
C:\Users\Prashant\AppData\Local\Temp\cctUeyfl.s:342    .text.TIM8_TRG_COM_TIM14_IRQHandler:00000000 TIM8_TRG_COM_TIM14_IRQHandler
C:\Users\Prashant\AppData\Local\Temp\cctUeyfl.s:366    .text.TIM8_TRG_COM_TIM14_IRQHandler:00000010 $d

UNDEFINED SYMBOLS
HAL_GPIO_EXTI_IRQHandler
HAL_TIM_IRQHandler
htim8
htim14
