ARM GAS  C:\Users\Prashant\AppData\Local\Temp\ccjVYLaI.s 			page 1


   1              		.cpu cortex-m4
   2              		.eabi_attribute 27, 1
   3              		.eabi_attribute 28, 1
   4              		.eabi_attribute 20, 1
   5              		.eabi_attribute 21, 1
   6              		.eabi_attribute 23, 3
   7              		.eabi_attribute 24, 1
   8              		.eabi_attribute 25, 1
   9              		.eabi_attribute 26, 1
  10              		.eabi_attribute 30, 1
  11              		.eabi_attribute 34, 1
  12              		.eabi_attribute 18, 4
  13              		.file	"gpio.c"
  14              		.text
  15              	.Ltext0:
  16              		.cfi_sections	.debug_frame
  17              		.section	.text.MX_GPIO_Init,"ax",%progbits
  18              		.align	1
  19              		.global	MX_GPIO_Init
  20              		.syntax unified
  21              		.thumb
  22              		.thumb_func
  23              		.fpu fpv4-sp-d16
  25              	MX_GPIO_Init:
  26              	.LFB126:
  27              		.file 1 "Core/Src/periphs/gpio.c"
   1:Core/Src/periphs/gpio.c **** /**
   2:Core/Src/periphs/gpio.c ****   ******************************************************************************
   3:Core/Src/periphs/gpio.c ****   * File Name          : gpio.c
   4:Core/Src/periphs/gpio.c ****   * Description        : This file provides code for the configuration
   5:Core/Src/periphs/gpio.c ****   *                      of all used GPIO pins.
   6:Core/Src/periphs/gpio.c ****   ******************************************************************************
   7:Core/Src/periphs/gpio.c ****   * This notice applies to any and all portions of this file
   8:Core/Src/periphs/gpio.c ****   * that are not between comment pairs USER CODE BEGIN and
   9:Core/Src/periphs/gpio.c ****   * USER CODE END. Other portions of this file, whether 
  10:Core/Src/periphs/gpio.c ****   * inserted by the user or by software development tools
  11:Core/Src/periphs/gpio.c ****   * are owned by their respective copyright owners.
  12:Core/Src/periphs/gpio.c ****   *
  13:Core/Src/periphs/gpio.c ****   * Copyright (c) 2019 STMicroelectronics International N.V. 
  14:Core/Src/periphs/gpio.c ****   * All rights reserved.
  15:Core/Src/periphs/gpio.c ****   *
  16:Core/Src/periphs/gpio.c ****   * Redistribution and use in source and binary forms, with or without 
  17:Core/Src/periphs/gpio.c ****   * modification, are permitted, provided that the following conditions are met:
  18:Core/Src/periphs/gpio.c ****   *
  19:Core/Src/periphs/gpio.c ****   * 1. Redistribution of source code must retain the above copyright notice, 
  20:Core/Src/periphs/gpio.c ****   *    this list of conditions and the following disclaimer.
  21:Core/Src/periphs/gpio.c ****   * 2. Redistributions in binary form must reproduce the above copyright notice,
  22:Core/Src/periphs/gpio.c ****   *    this list of conditions and the following disclaimer in the documentation
  23:Core/Src/periphs/gpio.c ****   *    and/or other materials provided with the distribution.
  24:Core/Src/periphs/gpio.c ****   * 3. Neither the name of STMicroelectronics nor the names of other 
  25:Core/Src/periphs/gpio.c ****   *    contributors to this software may be used to endorse or promote products 
  26:Core/Src/periphs/gpio.c ****   *    derived from this software without specific written permission.
  27:Core/Src/periphs/gpio.c ****   * 4. This software, including modifications and/or derivative works of this 
  28:Core/Src/periphs/gpio.c ****   *    software, must execute solely and exclusively on microcontroller or
  29:Core/Src/periphs/gpio.c ****   *    microprocessor devices manufactured by or for STMicroelectronics.
  30:Core/Src/periphs/gpio.c ****   * 5. Redistribution and use of this software other than as permitted under 
  31:Core/Src/periphs/gpio.c ****   *    this license is void and will automatically terminate your rights under 
ARM GAS  C:\Users\Prashant\AppData\Local\Temp\ccjVYLaI.s 			page 2


  32:Core/Src/periphs/gpio.c ****   *    this license. 
  33:Core/Src/periphs/gpio.c ****   *
  34:Core/Src/periphs/gpio.c ****   * THIS SOFTWARE IS PROVIDED BY STMICROELECTRONICS AND CONTRIBUTORS "AS IS" 
  35:Core/Src/periphs/gpio.c ****   * AND ANY EXPRESS, IMPLIED OR STATUTORY WARRANTIES, INCLUDING, BUT NOT 
  36:Core/Src/periphs/gpio.c ****   * LIMITED TO, THE IMPLIED WARRANTIES OF MERCHANTABILITY, FITNESS FOR A 
  37:Core/Src/periphs/gpio.c ****   * PARTICULAR PURPOSE AND NON-INFRINGEMENT OF THIRD PARTY INTELLECTUAL PROPERTY
  38:Core/Src/periphs/gpio.c ****   * RIGHTS ARE DISCLAIMED TO THE FULLEST EXTENT PERMITTED BY LAW. IN NO EVENT 
  39:Core/Src/periphs/gpio.c ****   * SHALL STMICROELECTRONICS OR CONTRIBUTORS BE LIABLE FOR ANY DIRECT, INDIRECT,
  40:Core/Src/periphs/gpio.c ****   * INCIDENTAL, SPECIAL, EXEMPLARY, OR CONSEQUENTIAL DAMAGES (INCLUDING, BUT NOT
  41:Core/Src/periphs/gpio.c ****   * LIMITED TO, PROCUREMENT OF SUBSTITUTE GOODS OR SERVICES; LOSS OF USE, DATA, 
  42:Core/Src/periphs/gpio.c ****   * OR PROFITS; OR BUSINESS INTERRUPTION) HOWEVER CAUSED AND ON ANY THEORY OF 
  43:Core/Src/periphs/gpio.c ****   * LIABILITY, WHETHER IN CONTRACT, STRICT LIABILITY, OR TORT (INCLUDING 
  44:Core/Src/periphs/gpio.c ****   * NEGLIGENCE OR OTHERWISE) ARISING IN ANY WAY OUT OF THE USE OF THIS SOFTWARE,
  45:Core/Src/periphs/gpio.c ****   * EVEN IF ADVISED OF THE POSSIBILITY OF SUCH DAMAGE.
  46:Core/Src/periphs/gpio.c ****   *
  47:Core/Src/periphs/gpio.c ****   ******************************************************************************
  48:Core/Src/periphs/gpio.c ****   */
  49:Core/Src/periphs/gpio.c **** 
  50:Core/Src/periphs/gpio.c **** /* Includes ------------------------------------------------------------------*/
  51:Core/Src/periphs/gpio.c **** #include "gpio.h"
  52:Core/Src/periphs/gpio.c **** /* USER CODE BEGIN 0 */
  53:Core/Src/periphs/gpio.c **** 
  54:Core/Src/periphs/gpio.c **** /* USER CODE END 0 */
  55:Core/Src/periphs/gpio.c **** 
  56:Core/Src/periphs/gpio.c **** /*----------------------------------------------------------------------------*/
  57:Core/Src/periphs/gpio.c **** /* Configure GPIO                                                             */
  58:Core/Src/periphs/gpio.c **** /*----------------------------------------------------------------------------*/
  59:Core/Src/periphs/gpio.c **** /* USER CODE BEGIN 1 */
  60:Core/Src/periphs/gpio.c **** 
  61:Core/Src/periphs/gpio.c **** /* USER CODE END 1 */
  62:Core/Src/periphs/gpio.c **** 
  63:Core/Src/periphs/gpio.c **** /** Configure pins as 
  64:Core/Src/periphs/gpio.c ****         * Analog 
  65:Core/Src/periphs/gpio.c ****         * Input 
  66:Core/Src/periphs/gpio.c ****         * Output
  67:Core/Src/periphs/gpio.c ****         * EVENT_OUT
  68:Core/Src/periphs/gpio.c ****         * EXTI
  69:Core/Src/periphs/gpio.c **** */
  70:Core/Src/periphs/gpio.c **** void MX_GPIO_Init(void)
  71:Core/Src/periphs/gpio.c **** {
  28              		.loc 1 71 0
  29              		.cfi_startproc
  30              		@ args = 0, pretend = 0, frame = 48
  31              		@ frame_needed = 0, uses_anonymous_args = 0
  32 0000 2DE9F04F 		push	{r4, r5, r6, r7, r8, r9, r10, fp, lr}
  33              	.LCFI0:
  34              		.cfi_def_cfa_offset 36
  35              		.cfi_offset 4, -36
  36              		.cfi_offset 5, -32
  37              		.cfi_offset 6, -28
  38              		.cfi_offset 7, -24
  39              		.cfi_offset 8, -20
  40              		.cfi_offset 9, -16
  41              		.cfi_offset 10, -12
  42              		.cfi_offset 11, -8
  43              		.cfi_offset 14, -4
  44 0004 8DB0     		sub	sp, sp, #52
ARM GAS  C:\Users\Prashant\AppData\Local\Temp\ccjVYLaI.s 			page 3


  45              	.LCFI1:
  46              		.cfi_def_cfa_offset 88
  72:Core/Src/periphs/gpio.c **** 
  73:Core/Src/periphs/gpio.c ****   GPIO_InitTypeDef GPIO_InitStruct = {0};
  47              		.loc 1 73 0
  48 0006 0024     		movs	r4, #0
  49 0008 0794     		str	r4, [sp, #28]
  50 000a 0894     		str	r4, [sp, #32]
  51 000c 0994     		str	r4, [sp, #36]
  52 000e 0A94     		str	r4, [sp, #40]
  53 0010 0B94     		str	r4, [sp, #44]
  54              	.LBB2:
  74:Core/Src/periphs/gpio.c **** 
  75:Core/Src/periphs/gpio.c ****   /* GPIO Ports Clock Enable */
  76:Core/Src/periphs/gpio.c ****   __HAL_RCC_GPIOE_CLK_ENABLE();
  55              		.loc 1 76 0
  56 0012 0194     		str	r4, [sp, #4]
  57 0014 684B     		ldr	r3, .L3
  58 0016 1A6B     		ldr	r2, [r3, #48]
  59 0018 42F01002 		orr	r2, r2, #16
  60 001c 1A63     		str	r2, [r3, #48]
  61 001e 1A6B     		ldr	r2, [r3, #48]
  62 0020 02F01002 		and	r2, r2, #16
  63 0024 0192     		str	r2, [sp, #4]
  64 0026 019A     		ldr	r2, [sp, #4]
  65              	.LBE2:
  66              	.LBB3:
  77:Core/Src/periphs/gpio.c ****   __HAL_RCC_GPIOC_CLK_ENABLE();
  67              		.loc 1 77 0
  68 0028 0294     		str	r4, [sp, #8]
  69 002a 1A6B     		ldr	r2, [r3, #48]
  70 002c 42F00402 		orr	r2, r2, #4
  71 0030 1A63     		str	r2, [r3, #48]
  72 0032 1A6B     		ldr	r2, [r3, #48]
  73 0034 02F00402 		and	r2, r2, #4
  74 0038 0292     		str	r2, [sp, #8]
  75 003a 029A     		ldr	r2, [sp, #8]
  76              	.LBE3:
  77              	.LBB4:
  78:Core/Src/periphs/gpio.c ****   __HAL_RCC_GPIOH_CLK_ENABLE();
  78              		.loc 1 78 0
  79 003c 0394     		str	r4, [sp, #12]
  80 003e 1A6B     		ldr	r2, [r3, #48]
  81 0040 42F08002 		orr	r2, r2, #128
  82 0044 1A63     		str	r2, [r3, #48]
  83 0046 1A6B     		ldr	r2, [r3, #48]
  84 0048 02F08002 		and	r2, r2, #128
  85 004c 0392     		str	r2, [sp, #12]
  86 004e 039A     		ldr	r2, [sp, #12]
  87              	.LBE4:
  88              	.LBB5:
  79:Core/Src/periphs/gpio.c ****   __HAL_RCC_GPIOA_CLK_ENABLE();
  89              		.loc 1 79 0
  90 0050 0494     		str	r4, [sp, #16]
  91 0052 1A6B     		ldr	r2, [r3, #48]
  92 0054 42F00102 		orr	r2, r2, #1
  93 0058 1A63     		str	r2, [r3, #48]
ARM GAS  C:\Users\Prashant\AppData\Local\Temp\ccjVYLaI.s 			page 4


  94 005a 1A6B     		ldr	r2, [r3, #48]
  95 005c 02F00102 		and	r2, r2, #1
  96 0060 0492     		str	r2, [sp, #16]
  97 0062 049A     		ldr	r2, [sp, #16]
  98              	.LBE5:
  99              	.LBB6:
  80:Core/Src/periphs/gpio.c ****   __HAL_RCC_GPIOB_CLK_ENABLE();
 100              		.loc 1 80 0
 101 0064 0594     		str	r4, [sp, #20]
 102 0066 1A6B     		ldr	r2, [r3, #48]
 103 0068 42F00202 		orr	r2, r2, #2
 104 006c 1A63     		str	r2, [r3, #48]
 105 006e 1A6B     		ldr	r2, [r3, #48]
 106 0070 02F00202 		and	r2, r2, #2
 107 0074 0592     		str	r2, [sp, #20]
 108 0076 059A     		ldr	r2, [sp, #20]
 109              	.LBE6:
 110              	.LBB7:
  81:Core/Src/periphs/gpio.c ****   __HAL_RCC_GPIOD_CLK_ENABLE();
 111              		.loc 1 81 0
 112 0078 0694     		str	r4, [sp, #24]
 113 007a 1A6B     		ldr	r2, [r3, #48]
 114 007c 42F00802 		orr	r2, r2, #8
 115 0080 1A63     		str	r2, [r3, #48]
 116 0082 1B6B     		ldr	r3, [r3, #48]
 117 0084 03F00803 		and	r3, r3, #8
 118 0088 0693     		str	r3, [sp, #24]
 119 008a 069B     		ldr	r3, [sp, #24]
 120              	.LBE7:
  82:Core/Src/periphs/gpio.c **** 
  83:Core/Src/periphs/gpio.c ****   /*Configure GPIO pin Output Level */
  84:Core/Src/periphs/gpio.c ****   HAL_GPIO_WritePin(GPIOD, GreenLED_Pin|OrangeLED_Pin|RedLED_Pin|BlueLED_Pin 
 121              		.loc 1 84 0
 122 008c 4B4E     		ldr	r6, .L3+4
 123 008e 2246     		mov	r2, r4
 124 0090 4FF20501 		movw	r1, #61445
 125 0094 3046     		mov	r0, r6
 126 0096 FFF7FEFF 		bl	HAL_GPIO_WritePin
 127              	.LVL0:
  85:Core/Src/periphs/gpio.c ****                           |MOTOR2_IN2_Pin|MOTOR2_IN1_Pin, GPIO_PIN_RESET);
  86:Core/Src/periphs/gpio.c **** 
  87:Core/Src/periphs/gpio.c ****   /*Configure GPIO pin Output Level */
  88:Core/Src/periphs/gpio.c ****   HAL_GPIO_WritePin(GPIOA, MOTOR0_IN1_Pin|MOTOR0_IN2_Pin|MOTOR1_IN2_Pin, GPIO_PIN_RESET);
 128              		.loc 1 88 0
 129 009a 494F     		ldr	r7, .L3+8
 130 009c 2246     		mov	r2, r4
 131 009e 4FF40541 		mov	r1, #34048
 132 00a2 3846     		mov	r0, r7
 133 00a4 FFF7FEFF 		bl	HAL_GPIO_WritePin
 134              	.LVL1:
  89:Core/Src/periphs/gpio.c **** 
  90:Core/Src/periphs/gpio.c ****   /*Configure GPIO pin Output Level */
  91:Core/Src/periphs/gpio.c ****   HAL_GPIO_WritePin(MOTOR1_IN1_GPIO_Port, MOTOR1_IN1_Pin, GPIO_PIN_RESET);
 135              		.loc 1 91 0
 136 00a8 DFF81C81 		ldr	r8, .L3+16
 137 00ac 2246     		mov	r2, r4
 138 00ae 4FF40061 		mov	r1, #2048
ARM GAS  C:\Users\Prashant\AppData\Local\Temp\ccjVYLaI.s 			page 5


 139 00b2 4046     		mov	r0, r8
 140 00b4 FFF7FEFF 		bl	HAL_GPIO_WritePin
 141              	.LVL2:
  92:Core/Src/periphs/gpio.c **** 
  93:Core/Src/periphs/gpio.c ****   /*Configure GPIO pin : PtPin */
  94:Core/Src/periphs/gpio.c ****   GPIO_InitStruct.Pin = ZONE_BLUE_Pin;
 142              		.loc 1 94 0
 143 00b8 4FF0100B 		mov	fp, #16
 144 00bc CDF81CB0 		str	fp, [sp, #28]
  95:Core/Src/periphs/gpio.c ****   GPIO_InitStruct.Mode = GPIO_MODE_INPUT;
 145              		.loc 1 95 0
 146 00c0 0894     		str	r4, [sp, #32]
  96:Core/Src/periphs/gpio.c ****   GPIO_InitStruct.Pull = GPIO_NOPULL;
 147              		.loc 1 96 0
 148 00c2 0994     		str	r4, [sp, #36]
  97:Core/Src/periphs/gpio.c ****   HAL_GPIO_Init(ZONE_BLUE_GPIO_Port, &GPIO_InitStruct);
 149              		.loc 1 97 0
 150 00c4 DFF804A1 		ldr	r10, .L3+20
 151 00c8 07A9     		add	r1, sp, #28
 152 00ca 5046     		mov	r0, r10
 153 00cc FFF7FEFF 		bl	HAL_GPIO_Init
 154              	.LVL3:
  98:Core/Src/periphs/gpio.c **** 
  99:Core/Src/periphs/gpio.c ****   /*Configure GPIO pins : PCPin PCPin PCPin */
 100:Core/Src/periphs/gpio.c ****   GPIO_InitStruct.Pin = ZONE_INIT_Pin|ZONE_RED_Pin|ZONE_SAND_Pin;
 155              		.loc 1 100 0
 156 00d0 4FF4A843 		mov	r3, #21504
 157 00d4 0793     		str	r3, [sp, #28]
 101:Core/Src/periphs/gpio.c ****   GPIO_InitStruct.Mode = GPIO_MODE_INPUT;
 158              		.loc 1 101 0
 159 00d6 0894     		str	r4, [sp, #32]
 102:Core/Src/periphs/gpio.c ****   GPIO_InitStruct.Pull = GPIO_NOPULL;
 160              		.loc 1 102 0
 161 00d8 0994     		str	r4, [sp, #36]
 103:Core/Src/periphs/gpio.c ****   HAL_GPIO_Init(GPIOC, &GPIO_InitStruct);
 162              		.loc 1 103 0
 163 00da 07A9     		add	r1, sp, #28
 164 00dc 4046     		mov	r0, r8
 165 00de FFF7FEFF 		bl	HAL_GPIO_Init
 166              	.LVL4:
 104:Core/Src/periphs/gpio.c **** 
 105:Core/Src/periphs/gpio.c ****   /*Configure GPIO pin : PtPin */
 106:Core/Src/periphs/gpio.c ****   GPIO_InitStruct.Pin = USER_BUTTON_Pin;
 167              		.loc 1 106 0
 168 00e2 0125     		movs	r5, #1
 169 00e4 0795     		str	r5, [sp, #28]
 107:Core/Src/periphs/gpio.c ****   GPIO_InitStruct.Mode = GPIO_MODE_IT_RISING;
 170              		.loc 1 107 0
 171 00e6 DFF8E890 		ldr	r9, .L3+24
 172 00ea CDF82090 		str	r9, [sp, #32]
 108:Core/Src/periphs/gpio.c ****   GPIO_InitStruct.Pull = GPIO_PULLDOWN;
 173              		.loc 1 108 0
 174 00ee 0223     		movs	r3, #2
 175 00f0 0993     		str	r3, [sp, #36]
 109:Core/Src/periphs/gpio.c ****   HAL_GPIO_Init(USER_BUTTON_GPIO_Port, &GPIO_InitStruct);
 176              		.loc 1 109 0
 177 00f2 07A9     		add	r1, sp, #28
ARM GAS  C:\Users\Prashant\AppData\Local\Temp\ccjVYLaI.s 			page 6


 178 00f4 3846     		mov	r0, r7
 179 00f6 FFF7FEFF 		bl	HAL_GPIO_Init
 180              	.LVL5:
 110:Core/Src/periphs/gpio.c **** 
 111:Core/Src/periphs/gpio.c ****   /*Configure GPIO pin : PtPin */
 112:Core/Src/periphs/gpio.c ****   GPIO_InitStruct.Pin = ZONE_45_Pin;
 181              		.loc 1 112 0
 182 00fa CDF81CB0 		str	fp, [sp, #28]
 113:Core/Src/periphs/gpio.c ****   GPIO_InitStruct.Mode = GPIO_MODE_INPUT;
 183              		.loc 1 113 0
 184 00fe 0894     		str	r4, [sp, #32]
 114:Core/Src/periphs/gpio.c ****   GPIO_InitStruct.Pull = GPIO_PULLUP;
 185              		.loc 1 114 0
 186 0100 0995     		str	r5, [sp, #36]
 115:Core/Src/periphs/gpio.c ****   HAL_GPIO_Init(ZONE_45_GPIO_Port, &GPIO_InitStruct);
 187              		.loc 1 115 0
 188 0102 07A9     		add	r1, sp, #28
 189 0104 3846     		mov	r0, r7
 190 0106 FFF7FEFF 		bl	HAL_GPIO_Init
 191              	.LVL6:
 116:Core/Src/periphs/gpio.c **** 
 117:Core/Src/periphs/gpio.c ****   /*Configure GPIO pin : PtPin */
 118:Core/Src/periphs/gpio.c ****   GPIO_InitStruct.Pin = LEG1_IR_Pin;
 192              		.loc 1 118 0
 193 010a 4FF48043 		mov	r3, #16384
 194 010e 0793     		str	r3, [sp, #28]
 119:Core/Src/periphs/gpio.c ****   GPIO_InitStruct.Mode = GPIO_MODE_IT_RISING;
 195              		.loc 1 119 0
 196 0110 CDF82090 		str	r9, [sp, #32]
 120:Core/Src/periphs/gpio.c ****   GPIO_InitStruct.Pull = GPIO_PULLUP;
 197              		.loc 1 120 0
 198 0114 0995     		str	r5, [sp, #36]
 121:Core/Src/periphs/gpio.c ****   HAL_GPIO_Init(LEG1_IR_GPIO_Port, &GPIO_InitStruct);
 199              		.loc 1 121 0
 200 0116 07A9     		add	r1, sp, #28
 201 0118 5046     		mov	r0, r10
 202 011a FFF7FEFF 		bl	HAL_GPIO_Init
 203              	.LVL7:
 122:Core/Src/periphs/gpio.c **** 
 123:Core/Src/periphs/gpio.c ****   /*Configure GPIO pins : PBPin PBPin */
 124:Core/Src/periphs/gpio.c ****   GPIO_InitStruct.Pin = STEERING_IR_Pin|LEG0_IR_Pin;
 204              		.loc 1 124 0
 205 011e 4FF42043 		mov	r3, #40960
 206 0122 0793     		str	r3, [sp, #28]
 125:Core/Src/periphs/gpio.c ****   GPIO_InitStruct.Mode = GPIO_MODE_IT_RISING;
 207              		.loc 1 125 0
 208 0124 CDF82090 		str	r9, [sp, #32]
 126:Core/Src/periphs/gpio.c ****   GPIO_InitStruct.Pull = GPIO_PULLUP;
 209              		.loc 1 126 0
 210 0128 0995     		str	r5, [sp, #36]
 127:Core/Src/periphs/gpio.c ****   HAL_GPIO_Init(GPIOB, &GPIO_InitStruct);
 211              		.loc 1 127 0
 212 012a 07A9     		add	r1, sp, #28
 213 012c 2548     		ldr	r0, .L3+12
 214 012e FFF7FEFF 		bl	HAL_GPIO_Init
 215              	.LVL8:
 128:Core/Src/periphs/gpio.c **** 
ARM GAS  C:\Users\Prashant\AppData\Local\Temp\ccjVYLaI.s 			page 7


 129:Core/Src/periphs/gpio.c ****   /*Configure GPIO pins : PDPin PDPin PDPin PDPin 
 130:Core/Src/periphs/gpio.c ****                            PDPin */
 131:Core/Src/periphs/gpio.c ****   GPIO_InitStruct.Pin = PROXIMITY_UP_Pin|GEREGE_SWITCH_Pin|PROXIMITY_FRONT_Pin|PROXIMITY_BACK_Pin 
 216              		.loc 1 131 0
 217 0132 40F60273 		movw	r3, #3842
 218 0136 0793     		str	r3, [sp, #28]
 132:Core/Src/periphs/gpio.c ****                           |ZONE_MOUNTAIN_Pin;
 133:Core/Src/periphs/gpio.c ****   GPIO_InitStruct.Mode = GPIO_MODE_INPUT;
 219              		.loc 1 133 0
 220 0138 0894     		str	r4, [sp, #32]
 134:Core/Src/periphs/gpio.c ****   GPIO_InitStruct.Pull = GPIO_NOPULL;
 221              		.loc 1 134 0
 222 013a 0994     		str	r4, [sp, #36]
 135:Core/Src/periphs/gpio.c ****   HAL_GPIO_Init(GPIOD, &GPIO_InitStruct);
 223              		.loc 1 135 0
 224 013c 07A9     		add	r1, sp, #28
 225 013e 3046     		mov	r0, r6
 226 0140 FFF7FEFF 		bl	HAL_GPIO_Init
 227              	.LVL9:
 136:Core/Src/periphs/gpio.c **** 
 137:Core/Src/periphs/gpio.c ****   /*Configure GPIO pins : PDPin PDPin PDPin PDPin */
 138:Core/Src/periphs/gpio.c ****   GPIO_InitStruct.Pin = GreenLED_Pin|OrangeLED_Pin|RedLED_Pin|BlueLED_Pin;
 228              		.loc 1 138 0
 229 0144 4FF47043 		mov	r3, #61440
 230 0148 0793     		str	r3, [sp, #28]
 139:Core/Src/periphs/gpio.c ****   GPIO_InitStruct.Mode = GPIO_MODE_OUTPUT_PP;
 231              		.loc 1 139 0
 232 014a 0895     		str	r5, [sp, #32]
 140:Core/Src/periphs/gpio.c ****   GPIO_InitStruct.Pull = GPIO_NOPULL;
 233              		.loc 1 140 0
 234 014c 0994     		str	r4, [sp, #36]
 141:Core/Src/periphs/gpio.c ****   GPIO_InitStruct.Speed = GPIO_SPEED_FREQ_LOW;
 235              		.loc 1 141 0
 236 014e 0A94     		str	r4, [sp, #40]
 142:Core/Src/periphs/gpio.c ****   HAL_GPIO_Init(GPIOD, &GPIO_InitStruct);
 237              		.loc 1 142 0
 238 0150 07A9     		add	r1, sp, #28
 239 0152 3046     		mov	r0, r6
 240 0154 FFF7FEFF 		bl	HAL_GPIO_Init
 241              	.LVL10:
 143:Core/Src/periphs/gpio.c **** 
 144:Core/Src/periphs/gpio.c ****   /*Configure GPIO pins : PAPin PAPin PAPin */
 145:Core/Src/periphs/gpio.c ****   GPIO_InitStruct.Pin = MOTOR0_IN1_Pin|MOTOR0_IN2_Pin|MOTOR1_IN2_Pin;
 242              		.loc 1 145 0
 243 0158 4FF40543 		mov	r3, #34048
 244 015c 0793     		str	r3, [sp, #28]
 146:Core/Src/periphs/gpio.c ****   GPIO_InitStruct.Mode = GPIO_MODE_OUTPUT_PP;
 245              		.loc 1 146 0
 246 015e 0895     		str	r5, [sp, #32]
 147:Core/Src/periphs/gpio.c ****   GPIO_InitStruct.Pull = GPIO_NOPULL;
 247              		.loc 1 147 0
 248 0160 0994     		str	r4, [sp, #36]
 148:Core/Src/periphs/gpio.c ****   GPIO_InitStruct.Speed = GPIO_SPEED_FREQ_MEDIUM;
 249              		.loc 1 148 0
 250 0162 0A95     		str	r5, [sp, #40]
 149:Core/Src/periphs/gpio.c ****   HAL_GPIO_Init(GPIOA, &GPIO_InitStruct);
 251              		.loc 1 149 0
ARM GAS  C:\Users\Prashant\AppData\Local\Temp\ccjVYLaI.s 			page 8


 252 0164 07A9     		add	r1, sp, #28
 253 0166 3846     		mov	r0, r7
 254 0168 FFF7FEFF 		bl	HAL_GPIO_Init
 255              	.LVL11:
 150:Core/Src/periphs/gpio.c **** 
 151:Core/Src/periphs/gpio.c ****   /*Configure GPIO pin : PtPin */
 152:Core/Src/periphs/gpio.c ****   GPIO_InitStruct.Pin = MOTOR1_IN1_Pin;
 256              		.loc 1 152 0
 257 016c 4FF40063 		mov	r3, #2048
 258 0170 0793     		str	r3, [sp, #28]
 153:Core/Src/periphs/gpio.c ****   GPIO_InitStruct.Mode = GPIO_MODE_OUTPUT_PP;
 259              		.loc 1 153 0
 260 0172 0895     		str	r5, [sp, #32]
 154:Core/Src/periphs/gpio.c ****   GPIO_InitStruct.Pull = GPIO_NOPULL;
 261              		.loc 1 154 0
 262 0174 0994     		str	r4, [sp, #36]
 155:Core/Src/periphs/gpio.c ****   GPIO_InitStruct.Speed = GPIO_SPEED_FREQ_MEDIUM;
 263              		.loc 1 155 0
 264 0176 0A95     		str	r5, [sp, #40]
 156:Core/Src/periphs/gpio.c ****   HAL_GPIO_Init(MOTOR1_IN1_GPIO_Port, &GPIO_InitStruct);
 265              		.loc 1 156 0
 266 0178 07A9     		add	r1, sp, #28
 267 017a 4046     		mov	r0, r8
 268 017c FFF7FEFF 		bl	HAL_GPIO_Init
 269              	.LVL12:
 157:Core/Src/periphs/gpio.c **** 
 158:Core/Src/periphs/gpio.c ****   /*Configure GPIO pins : PDPin PDPin */
 159:Core/Src/periphs/gpio.c ****   GPIO_InitStruct.Pin = MOTOR2_IN2_Pin|MOTOR2_IN1_Pin;
 270              		.loc 1 159 0
 271 0180 0527     		movs	r7, #5
 272 0182 0797     		str	r7, [sp, #28]
 160:Core/Src/periphs/gpio.c ****   GPIO_InitStruct.Mode = GPIO_MODE_OUTPUT_PP;
 273              		.loc 1 160 0
 274 0184 0895     		str	r5, [sp, #32]
 161:Core/Src/periphs/gpio.c ****   GPIO_InitStruct.Pull = GPIO_NOPULL;
 275              		.loc 1 161 0
 276 0186 0994     		str	r4, [sp, #36]
 162:Core/Src/periphs/gpio.c ****   GPIO_InitStruct.Speed = GPIO_SPEED_FREQ_MEDIUM;
 277              		.loc 1 162 0
 278 0188 0A95     		str	r5, [sp, #40]
 163:Core/Src/periphs/gpio.c ****   HAL_GPIO_Init(GPIOD, &GPIO_InitStruct);
 279              		.loc 1 163 0
 280 018a 07A9     		add	r1, sp, #28
 281 018c 3046     		mov	r0, r6
 282 018e FFF7FEFF 		bl	HAL_GPIO_Init
 283              	.LVL13:
 164:Core/Src/periphs/gpio.c **** 
 165:Core/Src/periphs/gpio.c ****   /* EXTI interrupt init*/
 166:Core/Src/periphs/gpio.c ****   HAL_NVIC_SetPriority(EXTI0_IRQn, 5, 0);
 284              		.loc 1 166 0
 285 0192 2246     		mov	r2, r4
 286 0194 3946     		mov	r1, r7
 287 0196 0620     		movs	r0, #6
 288 0198 FFF7FEFF 		bl	HAL_NVIC_SetPriority
 289              	.LVL14:
 167:Core/Src/periphs/gpio.c ****   HAL_NVIC_EnableIRQ(EXTI0_IRQn);
 290              		.loc 1 167 0
ARM GAS  C:\Users\Prashant\AppData\Local\Temp\ccjVYLaI.s 			page 9


 291 019c 0620     		movs	r0, #6
 292 019e FFF7FEFF 		bl	HAL_NVIC_EnableIRQ
 293              	.LVL15:
 168:Core/Src/periphs/gpio.c **** 
 169:Core/Src/periphs/gpio.c ****   HAL_NVIC_SetPriority(EXTI15_10_IRQn, 5, 0);
 294              		.loc 1 169 0
 295 01a2 2246     		mov	r2, r4
 296 01a4 3946     		mov	r1, r7
 297 01a6 2820     		movs	r0, #40
 298 01a8 FFF7FEFF 		bl	HAL_NVIC_SetPriority
 299              	.LVL16:
 170:Core/Src/periphs/gpio.c ****   HAL_NVIC_EnableIRQ(EXTI15_10_IRQn);
 300              		.loc 1 170 0
 301 01ac 2820     		movs	r0, #40
 302 01ae FFF7FEFF 		bl	HAL_NVIC_EnableIRQ
 303              	.LVL17:
 171:Core/Src/periphs/gpio.c **** 
 172:Core/Src/periphs/gpio.c **** }
 304              		.loc 1 172 0
 305 01b2 0DB0     		add	sp, sp, #52
 306              	.LCFI2:
 307              		.cfi_def_cfa_offset 36
 308              		@ sp needed
 309 01b4 BDE8F08F 		pop	{r4, r5, r6, r7, r8, r9, r10, fp, pc}
 310              	.L4:
 311              		.align	2
 312              	.L3:
 313 01b8 00380240 		.word	1073887232
 314 01bc 000C0240 		.word	1073875968
 315 01c0 00000240 		.word	1073872896
 316 01c4 00040240 		.word	1073873920
 317 01c8 00080240 		.word	1073874944
 318 01cc 00100240 		.word	1073876992
 319 01d0 00001110 		.word	269549568
 320              		.cfi_endproc
 321              	.LFE126:
 323              		.text
 324              	.Letext0:
 325              		.file 2 "c:\\program files (x86)\\gnu tools arm embedded\\7 2017-q4-major\\arm-none-eabi\\include\
 326              		.file 3 "c:\\program files (x86)\\gnu tools arm embedded\\7 2017-q4-major\\arm-none-eabi\\include\
 327              		.file 4 "Drivers/CMSIS/Include/core_cm4.h"
 328              		.file 5 "Drivers/CMSIS/Device/ST/STM32F4xx/Include/system_stm32f4xx.h"
 329              		.file 6 "Drivers/CMSIS/Device/ST/STM32F4xx/Include/stm32f407xx.h"
 330              		.file 7 "c:\\program files (x86)\\gnu tools arm embedded\\7 2017-q4-major\\arm-none-eabi\\include\
 331              		.file 8 "c:\\program files (x86)\\gnu tools arm embedded\\7 2017-q4-major\\arm-none-eabi\\include\
 332              		.file 9 "c:\\program files (x86)\\gnu tools arm embedded\\7 2017-q4-major\\lib\\gcc\\arm-none-eabi
 333              		.file 10 "c:\\program files (x86)\\gnu tools arm embedded\\7 2017-q4-major\\arm-none-eabi\\include
 334              		.file 11 "Drivers/STM32F4xx_HAL_Driver/Inc/stm32f4xx_hal_gpio.h"
 335              		.file 12 "Drivers/STM32F4xx_HAL_Driver/Inc/stm32f4xx_hal_cortex.h"
ARM GAS  C:\Users\Prashant\AppData\Local\Temp\ccjVYLaI.s 			page 10


DEFINED SYMBOLS
                            *ABS*:00000000 gpio.c
C:\Users\Prashant\AppData\Local\Temp\ccjVYLaI.s:18     .text.MX_GPIO_Init:00000000 $t
C:\Users\Prashant\AppData\Local\Temp\ccjVYLaI.s:25     .text.MX_GPIO_Init:00000000 MX_GPIO_Init
C:\Users\Prashant\AppData\Local\Temp\ccjVYLaI.s:313    .text.MX_GPIO_Init:000001b8 $d

UNDEFINED SYMBOLS
HAL_GPIO_WritePin
HAL_GPIO_Init
HAL_NVIC_SetPriority
HAL_NVIC_EnableIRQ
