ARM GAS  C:\Users\Prashant\AppData\Local\Temp\cc22WdPN.s 			page 1


   1              		.cpu cortex-m4
   2              		.eabi_attribute 27, 1
   3              		.eabi_attribute 28, 1
   4              		.eabi_attribute 20, 1
   5              		.eabi_attribute 21, 1
   6              		.eabi_attribute 23, 3
   7              		.eabi_attribute 24, 1
   8              		.eabi_attribute 25, 1
   9              		.eabi_attribute 26, 1
  10              		.eabi_attribute 30, 1
  11              		.eabi_attribute 34, 1
  12              		.eabi_attribute 18, 4
  13              		.file	"stm32f4xx_it.c"
  14              		.text
  15              	.Ltext0:
  16              		.cfi_sections	.debug_frame
  17              		.section	.text.NMI_Handler,"ax",%progbits
  18              		.align	1
  19              		.global	NMI_Handler
  20              		.syntax unified
  21              		.thumb
  22              		.thumb_func
  23              		.fpu fpv4-sp-d16
  25              	NMI_Handler:
  26              	.LFB131:
  27              		.file 1 "Core/Src/sys/stm32f4xx_it.c"
   1:Core/Src/sys/stm32f4xx_it.c **** /* USER CODE BEGIN Header */
   2:Core/Src/sys/stm32f4xx_it.c **** /**
   3:Core/Src/sys/stm32f4xx_it.c ****   ******************************************************************************
   4:Core/Src/sys/stm32f4xx_it.c ****   * @file    stm32f4xx_it.c
   5:Core/Src/sys/stm32f4xx_it.c ****   * @brief   Interrupt Service Routines.
   6:Core/Src/sys/stm32f4xx_it.c ****   ******************************************************************************
   7:Core/Src/sys/stm32f4xx_it.c ****   *
   8:Core/Src/sys/stm32f4xx_it.c ****   * COPYRIGHT(c) 2019 STMicroelectronics
   9:Core/Src/sys/stm32f4xx_it.c ****   *
  10:Core/Src/sys/stm32f4xx_it.c ****   * Redistribution and use in source and binary forms, with or without modification,
  11:Core/Src/sys/stm32f4xx_it.c ****   * are permitted provided that the following conditions are met:
  12:Core/Src/sys/stm32f4xx_it.c ****   *   1. Redistributions of source code must retain the above copyright notice,
  13:Core/Src/sys/stm32f4xx_it.c ****   *      this list of conditions and the following disclaimer.
  14:Core/Src/sys/stm32f4xx_it.c ****   *   2. Redistributions in binary form must reproduce the above copyright notice,
  15:Core/Src/sys/stm32f4xx_it.c ****   *      this list of conditions and the following disclaimer in the documentation
  16:Core/Src/sys/stm32f4xx_it.c ****   *      and/or other materials provided with the distribution.
  17:Core/Src/sys/stm32f4xx_it.c ****   *   3. Neither the name of STMicroelectronics nor the names of its contributors
  18:Core/Src/sys/stm32f4xx_it.c ****   *      may be used to endorse or promote products derived from this software
  19:Core/Src/sys/stm32f4xx_it.c ****   *      without specific prior written permission.
  20:Core/Src/sys/stm32f4xx_it.c ****   *
  21:Core/Src/sys/stm32f4xx_it.c ****   * THIS SOFTWARE IS PROVIDED BY THE COPYRIGHT HOLDERS AND CONTRIBUTORS "AS IS"
  22:Core/Src/sys/stm32f4xx_it.c ****   * AND ANY EXPRESS OR IMPLIED WARRANTIES, INCLUDING, BUT NOT LIMITED TO, THE
  23:Core/Src/sys/stm32f4xx_it.c ****   * IMPLIED WARRANTIES OF MERCHANTABILITY AND FITNESS FOR A PARTICULAR PURPOSE ARE
  24:Core/Src/sys/stm32f4xx_it.c ****   * DISCLAIMED. IN NO EVENT SHALL THE COPYRIGHT HOLDER OR CONTRIBUTORS BE LIABLE
  25:Core/Src/sys/stm32f4xx_it.c ****   * FOR ANY DIRECT, INDIRECT, INCIDENTAL, SPECIAL, EXEMPLARY, OR CONSEQUENTIAL
  26:Core/Src/sys/stm32f4xx_it.c ****   * DAMAGES (INCLUDING, BUT NOT LIMITED TO, PROCUREMENT OF SUBSTITUTE GOODS OR
  27:Core/Src/sys/stm32f4xx_it.c ****   * SERVICES; LOSS OF USE, DATA, OR PROFITS; OR BUSINESS INTERRUPTION) HOWEVER
  28:Core/Src/sys/stm32f4xx_it.c ****   * CAUSED AND ON ANY THEORY OF LIABILITY, WHETHER IN CONTRACT, STRICT LIABILITY,
  29:Core/Src/sys/stm32f4xx_it.c ****   * OR TORT (INCLUDING NEGLIGENCE OR OTHERWISE) ARISING IN ANY WAY OUT OF THE USE
  30:Core/Src/sys/stm32f4xx_it.c ****   * OF THIS SOFTWARE, EVEN IF ADVISED OF THE POSSIBILITY OF SUCH DAMAGE.
  31:Core/Src/sys/stm32f4xx_it.c ****   *
ARM GAS  C:\Users\Prashant\AppData\Local\Temp\cc22WdPN.s 			page 2


  32:Core/Src/sys/stm32f4xx_it.c ****   ******************************************************************************
  33:Core/Src/sys/stm32f4xx_it.c ****   */
  34:Core/Src/sys/stm32f4xx_it.c **** /* USER CODE END Header */
  35:Core/Src/sys/stm32f4xx_it.c **** 
  36:Core/Src/sys/stm32f4xx_it.c **** /* Includes ------------------------------------------------------------------*/
  37:Core/Src/sys/stm32f4xx_it.c **** #include "main.h"
  38:Core/Src/sys/stm32f4xx_it.c **** #include "stm32f4xx_it.h"
  39:Core/Src/sys/stm32f4xx_it.c **** #include "cmsis_os.h"
  40:Core/Src/sys/stm32f4xx_it.c **** /* Private includes ----------------------------------------------------------*/
  41:Core/Src/sys/stm32f4xx_it.c **** /* USER CODE BEGIN Includes */
  42:Core/Src/sys/stm32f4xx_it.c **** /* USER CODE END Includes */
  43:Core/Src/sys/stm32f4xx_it.c **** 
  44:Core/Src/sys/stm32f4xx_it.c **** /* Private typedef -----------------------------------------------------------*/
  45:Core/Src/sys/stm32f4xx_it.c **** /* USER CODE BEGIN TD */
  46:Core/Src/sys/stm32f4xx_it.c **** 
  47:Core/Src/sys/stm32f4xx_it.c **** /* USER CODE END TD */
  48:Core/Src/sys/stm32f4xx_it.c **** 
  49:Core/Src/sys/stm32f4xx_it.c **** /* Private define ------------------------------------------------------------*/
  50:Core/Src/sys/stm32f4xx_it.c **** /* USER CODE BEGIN PD */
  51:Core/Src/sys/stm32f4xx_it.c ****  
  52:Core/Src/sys/stm32f4xx_it.c **** /* USER CODE END PD */
  53:Core/Src/sys/stm32f4xx_it.c **** 
  54:Core/Src/sys/stm32f4xx_it.c **** /* Private macro -------------------------------------------------------------*/
  55:Core/Src/sys/stm32f4xx_it.c **** /* USER CODE BEGIN PM */
  56:Core/Src/sys/stm32f4xx_it.c **** 
  57:Core/Src/sys/stm32f4xx_it.c **** /* USER CODE END PM */
  58:Core/Src/sys/stm32f4xx_it.c **** 
  59:Core/Src/sys/stm32f4xx_it.c **** /* Private variables ---------------------------------------------------------*/
  60:Core/Src/sys/stm32f4xx_it.c **** /* USER CODE BEGIN PV */
  61:Core/Src/sys/stm32f4xx_it.c **** 
  62:Core/Src/sys/stm32f4xx_it.c **** /* USER CODE END PV */
  63:Core/Src/sys/stm32f4xx_it.c **** 
  64:Core/Src/sys/stm32f4xx_it.c **** /* Private function prototypes -----------------------------------------------*/
  65:Core/Src/sys/stm32f4xx_it.c **** /* USER CODE BEGIN PFP */
  66:Core/Src/sys/stm32f4xx_it.c **** 
  67:Core/Src/sys/stm32f4xx_it.c **** /* USER CODE END PFP */
  68:Core/Src/sys/stm32f4xx_it.c **** 
  69:Core/Src/sys/stm32f4xx_it.c **** /* Private user code ---------------------------------------------------------*/
  70:Core/Src/sys/stm32f4xx_it.c **** /* USER CODE BEGIN 0 */
  71:Core/Src/sys/stm32f4xx_it.c **** 
  72:Core/Src/sys/stm32f4xx_it.c **** /* USER CODE END 0 */
  73:Core/Src/sys/stm32f4xx_it.c **** 
  74:Core/Src/sys/stm32f4xx_it.c **** /* External variables --------------------------------------------------------*/
  75:Core/Src/sys/stm32f4xx_it.c **** extern TIM_HandleTypeDef htim8;
  76:Core/Src/sys/stm32f4xx_it.c **** extern TIM_HandleTypeDef htim5;
  77:Core/Src/sys/stm32f4xx_it.c **** 
  78:Core/Src/sys/stm32f4xx_it.c **** /* USER CODE BEGIN EV */
  79:Core/Src/sys/stm32f4xx_it.c **** 
  80:Core/Src/sys/stm32f4xx_it.c **** /* USER CODE END EV */
  81:Core/Src/sys/stm32f4xx_it.c **** 
  82:Core/Src/sys/stm32f4xx_it.c **** /******************************************************************************/
  83:Core/Src/sys/stm32f4xx_it.c **** /*           Cortex-M4 Processor Interruption and Exception Handlers          */ 
  84:Core/Src/sys/stm32f4xx_it.c **** /******************************************************************************/
  85:Core/Src/sys/stm32f4xx_it.c **** /**
  86:Core/Src/sys/stm32f4xx_it.c ****   * @brief This function handles Non maskable interrupt.
  87:Core/Src/sys/stm32f4xx_it.c ****   */
  88:Core/Src/sys/stm32f4xx_it.c **** void NMI_Handler(void)
ARM GAS  C:\Users\Prashant\AppData\Local\Temp\cc22WdPN.s 			page 3


  89:Core/Src/sys/stm32f4xx_it.c **** {
  28              		.loc 1 89 0
  29              		.cfi_startproc
  30              		@ args = 0, pretend = 0, frame = 0
  31              		@ frame_needed = 0, uses_anonymous_args = 0
  32              		@ link register save eliminated.
  90:Core/Src/sys/stm32f4xx_it.c ****   /* USER CODE BEGIN NonMaskableInt_IRQn 0 */
  91:Core/Src/sys/stm32f4xx_it.c **** 
  92:Core/Src/sys/stm32f4xx_it.c ****   /* USER CODE END NonMaskableInt_IRQn 0 */
  93:Core/Src/sys/stm32f4xx_it.c ****   /* USER CODE BEGIN NonMaskableInt_IRQn 1 */
  94:Core/Src/sys/stm32f4xx_it.c **** 
  95:Core/Src/sys/stm32f4xx_it.c ****   /* USER CODE END NonMaskableInt_IRQn 1 */
  96:Core/Src/sys/stm32f4xx_it.c **** }
  33              		.loc 1 96 0
  34 0000 7047     		bx	lr
  35              		.cfi_endproc
  36              	.LFE131:
  38              		.section	.text.HardFault_Handler,"ax",%progbits
  39              		.align	1
  40              		.global	HardFault_Handler
  41              		.syntax unified
  42              		.thumb
  43              		.thumb_func
  44              		.fpu fpv4-sp-d16
  46              	HardFault_Handler:
  47              	.LFB132:
  97:Core/Src/sys/stm32f4xx_it.c **** 
  98:Core/Src/sys/stm32f4xx_it.c **** /**
  99:Core/Src/sys/stm32f4xx_it.c ****   * @brief This function handles Hard fault interrupt.
 100:Core/Src/sys/stm32f4xx_it.c ****   */
 101:Core/Src/sys/stm32f4xx_it.c **** void HardFault_Handler(void)
 102:Core/Src/sys/stm32f4xx_it.c **** {
  48              		.loc 1 102 0
  49              		.cfi_startproc
  50              		@ Volatile: function does not return.
  51              		@ args = 0, pretend = 0, frame = 0
  52              		@ frame_needed = 0, uses_anonymous_args = 0
  53              		@ link register save eliminated.
  54              	.L3:
  55 0000 FEE7     		b	.L3
  56              		.cfi_endproc
  57              	.LFE132:
  59              		.section	.text.MemManage_Handler,"ax",%progbits
  60              		.align	1
  61              		.global	MemManage_Handler
  62              		.syntax unified
  63              		.thumb
  64              		.thumb_func
  65              		.fpu fpv4-sp-d16
  67              	MemManage_Handler:
  68              	.LFB133:
 103:Core/Src/sys/stm32f4xx_it.c ****   /* USER CODE BEGIN HardFault_IRQn 0 */
 104:Core/Src/sys/stm32f4xx_it.c **** 
 105:Core/Src/sys/stm32f4xx_it.c ****   /* USER CODE END HardFault_IRQn 0 */
 106:Core/Src/sys/stm32f4xx_it.c ****   while (1)
 107:Core/Src/sys/stm32f4xx_it.c ****   {
 108:Core/Src/sys/stm32f4xx_it.c ****     /* USER CODE BEGIN W1_HardFault_IRQn 0 */
ARM GAS  C:\Users\Prashant\AppData\Local\Temp\cc22WdPN.s 			page 4


 109:Core/Src/sys/stm32f4xx_it.c ****     /* USER CODE END W1_HardFault_IRQn 0 */
 110:Core/Src/sys/stm32f4xx_it.c ****   }
 111:Core/Src/sys/stm32f4xx_it.c **** }
 112:Core/Src/sys/stm32f4xx_it.c **** 
 113:Core/Src/sys/stm32f4xx_it.c **** /**
 114:Core/Src/sys/stm32f4xx_it.c ****   * @brief This function handles Memory management fault.
 115:Core/Src/sys/stm32f4xx_it.c ****   */
 116:Core/Src/sys/stm32f4xx_it.c **** void MemManage_Handler(void)
 117:Core/Src/sys/stm32f4xx_it.c **** {
  69              		.loc 1 117 0
  70              		.cfi_startproc
  71              		@ Volatile: function does not return.
  72              		@ args = 0, pretend = 0, frame = 0
  73              		@ frame_needed = 0, uses_anonymous_args = 0
  74              		@ link register save eliminated.
  75              	.L5:
  76 0000 FEE7     		b	.L5
  77              		.cfi_endproc
  78              	.LFE133:
  80              		.section	.text.BusFault_Handler,"ax",%progbits
  81              		.align	1
  82              		.global	BusFault_Handler
  83              		.syntax unified
  84              		.thumb
  85              		.thumb_func
  86              		.fpu fpv4-sp-d16
  88              	BusFault_Handler:
  89              	.LFB134:
 118:Core/Src/sys/stm32f4xx_it.c ****   /* USER CODE BEGIN MemoryManagement_IRQn 0 */
 119:Core/Src/sys/stm32f4xx_it.c **** 
 120:Core/Src/sys/stm32f4xx_it.c ****   /* USER CODE END MemoryManagement_IRQn 0 */
 121:Core/Src/sys/stm32f4xx_it.c ****   while (1)
 122:Core/Src/sys/stm32f4xx_it.c ****   {
 123:Core/Src/sys/stm32f4xx_it.c ****     /* USER CODE BEGIN W1_MemoryManagement_IRQn 0 */
 124:Core/Src/sys/stm32f4xx_it.c ****     /* USER CODE END W1_MemoryManagement_IRQn 0 */
 125:Core/Src/sys/stm32f4xx_it.c ****   }
 126:Core/Src/sys/stm32f4xx_it.c **** }
 127:Core/Src/sys/stm32f4xx_it.c **** 
 128:Core/Src/sys/stm32f4xx_it.c **** /**
 129:Core/Src/sys/stm32f4xx_it.c ****   * @brief This function handles Pre-fetch fault, memory access fault.
 130:Core/Src/sys/stm32f4xx_it.c ****   */
 131:Core/Src/sys/stm32f4xx_it.c **** void BusFault_Handler(void)
 132:Core/Src/sys/stm32f4xx_it.c **** {
  90              		.loc 1 132 0
  91              		.cfi_startproc
  92              		@ Volatile: function does not return.
  93              		@ args = 0, pretend = 0, frame = 0
  94              		@ frame_needed = 0, uses_anonymous_args = 0
  95              		@ link register save eliminated.
  96              	.L7:
  97 0000 FEE7     		b	.L7
  98              		.cfi_endproc
  99              	.LFE134:
 101              		.section	.text.UsageFault_Handler,"ax",%progbits
 102              		.align	1
 103              		.global	UsageFault_Handler
 104              		.syntax unified
ARM GAS  C:\Users\Prashant\AppData\Local\Temp\cc22WdPN.s 			page 5


 105              		.thumb
 106              		.thumb_func
 107              		.fpu fpv4-sp-d16
 109              	UsageFault_Handler:
 110              	.LFB135:
 133:Core/Src/sys/stm32f4xx_it.c ****   /* USER CODE BEGIN BusFault_IRQn 0 */
 134:Core/Src/sys/stm32f4xx_it.c **** 
 135:Core/Src/sys/stm32f4xx_it.c ****   /* USER CODE END BusFault_IRQn 0 */
 136:Core/Src/sys/stm32f4xx_it.c ****   while (1)
 137:Core/Src/sys/stm32f4xx_it.c ****   {
 138:Core/Src/sys/stm32f4xx_it.c ****     /* USER CODE BEGIN W1_BusFault_IRQn 0 */
 139:Core/Src/sys/stm32f4xx_it.c ****     /* USER CODE END W1_BusFault_IRQn 0 */
 140:Core/Src/sys/stm32f4xx_it.c ****   }
 141:Core/Src/sys/stm32f4xx_it.c **** }
 142:Core/Src/sys/stm32f4xx_it.c **** 
 143:Core/Src/sys/stm32f4xx_it.c **** /**
 144:Core/Src/sys/stm32f4xx_it.c ****   * @brief This function handles Undefined instruction or illegal state.
 145:Core/Src/sys/stm32f4xx_it.c ****   */
 146:Core/Src/sys/stm32f4xx_it.c **** void UsageFault_Handler(void)
 147:Core/Src/sys/stm32f4xx_it.c **** {
 111              		.loc 1 147 0
 112              		.cfi_startproc
 113              		@ Volatile: function does not return.
 114              		@ args = 0, pretend = 0, frame = 0
 115              		@ frame_needed = 0, uses_anonymous_args = 0
 116              		@ link register save eliminated.
 117              	.L9:
 118 0000 FEE7     		b	.L9
 119              		.cfi_endproc
 120              	.LFE135:
 122              		.section	.text.DebugMon_Handler,"ax",%progbits
 123              		.align	1
 124              		.global	DebugMon_Handler
 125              		.syntax unified
 126              		.thumb
 127              		.thumb_func
 128              		.fpu fpv4-sp-d16
 130              	DebugMon_Handler:
 131              	.LFB136:
 148:Core/Src/sys/stm32f4xx_it.c ****   /* USER CODE BEGIN UsageFault_IRQn 0 */
 149:Core/Src/sys/stm32f4xx_it.c **** 
 150:Core/Src/sys/stm32f4xx_it.c ****   /* USER CODE END UsageFault_IRQn 0 */
 151:Core/Src/sys/stm32f4xx_it.c ****   while (1)
 152:Core/Src/sys/stm32f4xx_it.c ****   {
 153:Core/Src/sys/stm32f4xx_it.c ****     /* USER CODE BEGIN W1_UsageFault_IRQn 0 */
 154:Core/Src/sys/stm32f4xx_it.c ****     /* USER CODE END W1_UsageFault_IRQn 0 */
 155:Core/Src/sys/stm32f4xx_it.c ****   }
 156:Core/Src/sys/stm32f4xx_it.c **** }
 157:Core/Src/sys/stm32f4xx_it.c **** 
 158:Core/Src/sys/stm32f4xx_it.c **** /**
 159:Core/Src/sys/stm32f4xx_it.c ****   * @brief This function handles Debug monitor.
 160:Core/Src/sys/stm32f4xx_it.c ****   */
 161:Core/Src/sys/stm32f4xx_it.c **** void DebugMon_Handler(void)
 162:Core/Src/sys/stm32f4xx_it.c **** {
 132              		.loc 1 162 0
 133              		.cfi_startproc
 134              		@ args = 0, pretend = 0, frame = 0
ARM GAS  C:\Users\Prashant\AppData\Local\Temp\cc22WdPN.s 			page 6


 135              		@ frame_needed = 0, uses_anonymous_args = 0
 136              		@ link register save eliminated.
 163:Core/Src/sys/stm32f4xx_it.c ****   /* USER CODE BEGIN DebugMonitor_IRQn 0 */
 164:Core/Src/sys/stm32f4xx_it.c **** 
 165:Core/Src/sys/stm32f4xx_it.c ****   /* USER CODE END DebugMonitor_IRQn 0 */
 166:Core/Src/sys/stm32f4xx_it.c ****   /* USER CODE BEGIN DebugMonitor_IRQn 1 */
 167:Core/Src/sys/stm32f4xx_it.c **** 
 168:Core/Src/sys/stm32f4xx_it.c ****   /* USER CODE END DebugMonitor_IRQn 1 */
 169:Core/Src/sys/stm32f4xx_it.c **** }
 137              		.loc 1 169 0
 138 0000 7047     		bx	lr
 139              		.cfi_endproc
 140              	.LFE136:
 142              		.section	.text.RCC_IRQHandler,"ax",%progbits
 143              		.align	1
 144              		.global	RCC_IRQHandler
 145              		.syntax unified
 146              		.thumb
 147              		.thumb_func
 148              		.fpu fpv4-sp-d16
 150              	RCC_IRQHandler:
 151              	.LFB137:
 170:Core/Src/sys/stm32f4xx_it.c **** 
 171:Core/Src/sys/stm32f4xx_it.c **** /******************************************************************************/
 172:Core/Src/sys/stm32f4xx_it.c **** /* STM32F4xx Peripheral Interrupt Handlers                                    */
 173:Core/Src/sys/stm32f4xx_it.c **** /* Add here the Interrupt Handlers for the used peripherals.                  */
 174:Core/Src/sys/stm32f4xx_it.c **** /* For the available peripheral interrupt handler names,                      */
 175:Core/Src/sys/stm32f4xx_it.c **** /* please refer to the startup file (startup_stm32f4xx.s).                    */
 176:Core/Src/sys/stm32f4xx_it.c **** /******************************************************************************/
 177:Core/Src/sys/stm32f4xx_it.c **** 
 178:Core/Src/sys/stm32f4xx_it.c **** /**
 179:Core/Src/sys/stm32f4xx_it.c ****   * @brief This function handles RCC global interrupt.
 180:Core/Src/sys/stm32f4xx_it.c ****   */
 181:Core/Src/sys/stm32f4xx_it.c **** void RCC_IRQHandler(void)
 182:Core/Src/sys/stm32f4xx_it.c **** {
 152              		.loc 1 182 0
 153              		.cfi_startproc
 154              		@ args = 0, pretend = 0, frame = 0
 155              		@ frame_needed = 0, uses_anonymous_args = 0
 156              		@ link register save eliminated.
 183:Core/Src/sys/stm32f4xx_it.c ****   /* USER CODE BEGIN RCC_IRQn 0 */
 184:Core/Src/sys/stm32f4xx_it.c **** 
 185:Core/Src/sys/stm32f4xx_it.c ****   /* USER CODE END RCC_IRQn 0 */
 186:Core/Src/sys/stm32f4xx_it.c ****   /* USER CODE BEGIN RCC_IRQn 1 */
 187:Core/Src/sys/stm32f4xx_it.c **** 
 188:Core/Src/sys/stm32f4xx_it.c ****   /* USER CODE END RCC_IRQn 1 */
 189:Core/Src/sys/stm32f4xx_it.c **** }
 157              		.loc 1 189 0
 158 0000 7047     		bx	lr
 159              		.cfi_endproc
 160              	.LFE137:
 162              		.section	.text.EXTI0_IRQHandler,"ax",%progbits
 163              		.align	1
 164              		.global	EXTI0_IRQHandler
 165              		.syntax unified
 166              		.thumb
 167              		.thumb_func
ARM GAS  C:\Users\Prashant\AppData\Local\Temp\cc22WdPN.s 			page 7


 168              		.fpu fpv4-sp-d16
 170              	EXTI0_IRQHandler:
 171              	.LFB138:
 190:Core/Src/sys/stm32f4xx_it.c **** 
 191:Core/Src/sys/stm32f4xx_it.c **** /**
 192:Core/Src/sys/stm32f4xx_it.c ****   * @brief This function handles EXTI line0 interrupt.
 193:Core/Src/sys/stm32f4xx_it.c ****   */
 194:Core/Src/sys/stm32f4xx_it.c **** void EXTI0_IRQHandler(void)
 195:Core/Src/sys/stm32f4xx_it.c **** {
 172              		.loc 1 195 0
 173              		.cfi_startproc
 174              		@ args = 0, pretend = 0, frame = 0
 175              		@ frame_needed = 0, uses_anonymous_args = 0
 176 0000 08B5     		push	{r3, lr}
 177              	.LCFI0:
 178              		.cfi_def_cfa_offset 8
 179              		.cfi_offset 3, -8
 180              		.cfi_offset 14, -4
 196:Core/Src/sys/stm32f4xx_it.c ****   /* USER CODE BEGIN EXTI0_IRQn 0 */
 197:Core/Src/sys/stm32f4xx_it.c **** 
 198:Core/Src/sys/stm32f4xx_it.c ****   /* USER CODE END EXTI0_IRQn 0 */
 199:Core/Src/sys/stm32f4xx_it.c ****   HAL_GPIO_EXTI_IRQHandler(GPIO_PIN_0);
 181              		.loc 1 199 0
 182 0002 0120     		movs	r0, #1
 183 0004 FFF7FEFF 		bl	HAL_GPIO_EXTI_IRQHandler
 184              	.LVL0:
 200:Core/Src/sys/stm32f4xx_it.c ****   /* USER CODE BEGIN EXTI0_IRQn 1 */
 201:Core/Src/sys/stm32f4xx_it.c **** 
 202:Core/Src/sys/stm32f4xx_it.c ****   /* USER CODE END EXTI0_IRQn 1 */
 203:Core/Src/sys/stm32f4xx_it.c **** }
 185              		.loc 1 203 0
 186 0008 08BD     		pop	{r3, pc}
 187              		.cfi_endproc
 188              	.LFE138:
 190              		.section	.text.EXTI15_10_IRQHandler,"ax",%progbits
 191              		.align	1
 192              		.global	EXTI15_10_IRQHandler
 193              		.syntax unified
 194              		.thumb
 195              		.thumb_func
 196              		.fpu fpv4-sp-d16
 198              	EXTI15_10_IRQHandler:
 199              	.LFB139:
 204:Core/Src/sys/stm32f4xx_it.c **** 
 205:Core/Src/sys/stm32f4xx_it.c **** /**
 206:Core/Src/sys/stm32f4xx_it.c ****   * @brief This function handles EXTI line[15:10] interrupts.
 207:Core/Src/sys/stm32f4xx_it.c ****   */
 208:Core/Src/sys/stm32f4xx_it.c **** void EXTI15_10_IRQHandler(void)
 209:Core/Src/sys/stm32f4xx_it.c **** {
 200              		.loc 1 209 0
 201              		.cfi_startproc
 202              		@ args = 0, pretend = 0, frame = 0
 203              		@ frame_needed = 0, uses_anonymous_args = 0
 204 0000 08B5     		push	{r3, lr}
 205              	.LCFI1:
 206              		.cfi_def_cfa_offset 8
 207              		.cfi_offset 3, -8
ARM GAS  C:\Users\Prashant\AppData\Local\Temp\cc22WdPN.s 			page 8


 208              		.cfi_offset 14, -4
 210:Core/Src/sys/stm32f4xx_it.c ****   /* USER CODE BEGIN EXTI15_10_IRQn 0 */
 211:Core/Src/sys/stm32f4xx_it.c **** 
 212:Core/Src/sys/stm32f4xx_it.c ****   /* USER CODE END EXTI15_10_IRQn 0 */
 213:Core/Src/sys/stm32f4xx_it.c ****   HAL_GPIO_EXTI_IRQHandler(GPIO_PIN_13);
 209              		.loc 1 213 0
 210 0002 4FF40050 		mov	r0, #8192
 211 0006 FFF7FEFF 		bl	HAL_GPIO_EXTI_IRQHandler
 212              	.LVL1:
 214:Core/Src/sys/stm32f4xx_it.c ****   HAL_GPIO_EXTI_IRQHandler(GPIO_PIN_14);
 213              		.loc 1 214 0
 214 000a 4FF48040 		mov	r0, #16384
 215 000e FFF7FEFF 		bl	HAL_GPIO_EXTI_IRQHandler
 216              	.LVL2:
 215:Core/Src/sys/stm32f4xx_it.c ****   HAL_GPIO_EXTI_IRQHandler(GPIO_PIN_15);
 217              		.loc 1 215 0
 218 0012 4FF40040 		mov	r0, #32768
 219 0016 FFF7FEFF 		bl	HAL_GPIO_EXTI_IRQHandler
 220              	.LVL3:
 216:Core/Src/sys/stm32f4xx_it.c ****   /* USER CODE BEGIN EXTI15_10_IRQn 1 */
 217:Core/Src/sys/stm32f4xx_it.c **** 
 218:Core/Src/sys/stm32f4xx_it.c ****   /* USER CODE END EXTI15_10_IRQn 1 */
 219:Core/Src/sys/stm32f4xx_it.c **** }
 221              		.loc 1 219 0
 222 001a 08BD     		pop	{r3, pc}
 223              		.cfi_endproc
 224              	.LFE139:
 226              		.section	.text.TIM8_BRK_TIM12_IRQHandler,"ax",%progbits
 227              		.align	1
 228              		.global	TIM8_BRK_TIM12_IRQHandler
 229              		.syntax unified
 230              		.thumb
 231              		.thumb_func
 232              		.fpu fpv4-sp-d16
 234              	TIM8_BRK_TIM12_IRQHandler:
 235              	.LFB140:
 220:Core/Src/sys/stm32f4xx_it.c **** 
 221:Core/Src/sys/stm32f4xx_it.c **** /**
 222:Core/Src/sys/stm32f4xx_it.c ****   * @brief This function handles TIM8 break interrupt and TIM12 global interrupt.
 223:Core/Src/sys/stm32f4xx_it.c ****   */
 224:Core/Src/sys/stm32f4xx_it.c **** void TIM8_BRK_TIM12_IRQHandler(void)
 225:Core/Src/sys/stm32f4xx_it.c **** {
 236              		.loc 1 225 0
 237              		.cfi_startproc
 238              		@ args = 0, pretend = 0, frame = 0
 239              		@ frame_needed = 0, uses_anonymous_args = 0
 240 0000 08B5     		push	{r3, lr}
 241              	.LCFI2:
 242              		.cfi_def_cfa_offset 8
 243              		.cfi_offset 3, -8
 244              		.cfi_offset 14, -4
 226:Core/Src/sys/stm32f4xx_it.c ****   /* USER CODE BEGIN TIM8_BRK_TIM12_IRQn 0 */
 227:Core/Src/sys/stm32f4xx_it.c **** 
 228:Core/Src/sys/stm32f4xx_it.c ****   /* USER CODE END TIM8_BRK_TIM12_IRQn 0 */
 229:Core/Src/sys/stm32f4xx_it.c ****   HAL_TIM_IRQHandler(&htim8);
 245              		.loc 1 229 0
 246 0002 0248     		ldr	r0, .L18
ARM GAS  C:\Users\Prashant\AppData\Local\Temp\cc22WdPN.s 			page 9


 247 0004 FFF7FEFF 		bl	HAL_TIM_IRQHandler
 248              	.LVL4:
 230:Core/Src/sys/stm32f4xx_it.c ****   /* USER CODE BEGIN TIM8_BRK_TIM12_IRQn 1 */
 231:Core/Src/sys/stm32f4xx_it.c **** 
 232:Core/Src/sys/stm32f4xx_it.c ****   /* USER CODE END TIM8_BRK_TIM12_IRQn 1 */
 233:Core/Src/sys/stm32f4xx_it.c **** }
 249              		.loc 1 233 0
 250 0008 08BD     		pop	{r3, pc}
 251              	.L19:
 252 000a 00BF     		.align	2
 253              	.L18:
 254 000c 00000000 		.word	htim8
 255              		.cfi_endproc
 256              	.LFE140:
 258              		.section	.text.TIM8_UP_TIM13_IRQHandler,"ax",%progbits
 259              		.align	1
 260              		.global	TIM8_UP_TIM13_IRQHandler
 261              		.syntax unified
 262              		.thumb
 263              		.thumb_func
 264              		.fpu fpv4-sp-d16
 266              	TIM8_UP_TIM13_IRQHandler:
 267              	.LFB141:
 234:Core/Src/sys/stm32f4xx_it.c **** 
 235:Core/Src/sys/stm32f4xx_it.c **** /**
 236:Core/Src/sys/stm32f4xx_it.c ****   * @brief This function handles TIM8 update interrupt and TIM13 global interrupt.
 237:Core/Src/sys/stm32f4xx_it.c ****   */
 238:Core/Src/sys/stm32f4xx_it.c **** void TIM8_UP_TIM13_IRQHandler(void)
 239:Core/Src/sys/stm32f4xx_it.c **** {
 268              		.loc 1 239 0
 269              		.cfi_startproc
 270              		@ args = 0, pretend = 0, frame = 0
 271              		@ frame_needed = 0, uses_anonymous_args = 0
 272 0000 08B5     		push	{r3, lr}
 273              	.LCFI3:
 274              		.cfi_def_cfa_offset 8
 275              		.cfi_offset 3, -8
 276              		.cfi_offset 14, -4
 240:Core/Src/sys/stm32f4xx_it.c ****   /* USER CODE BEGIN TIM8_UP_TIM13_IRQn 0 */
 241:Core/Src/sys/stm32f4xx_it.c **** 
 242:Core/Src/sys/stm32f4xx_it.c ****   /* USER CODE END TIM8_UP_TIM13_IRQn 0 */
 243:Core/Src/sys/stm32f4xx_it.c ****   HAL_TIM_IRQHandler(&htim8);
 277              		.loc 1 243 0
 278 0002 0248     		ldr	r0, .L22
 279 0004 FFF7FEFF 		bl	HAL_TIM_IRQHandler
 280              	.LVL5:
 244:Core/Src/sys/stm32f4xx_it.c ****   /* USER CODE BEGIN TIM8_UP_TIM13_IRQn 1 */
 245:Core/Src/sys/stm32f4xx_it.c **** 
 246:Core/Src/sys/stm32f4xx_it.c ****   /* USER CODE END TIM8_UP_TIM13_IRQn 1 */
 247:Core/Src/sys/stm32f4xx_it.c **** }
 281              		.loc 1 247 0
 282 0008 08BD     		pop	{r3, pc}
 283              	.L23:
 284 000a 00BF     		.align	2
 285              	.L22:
 286 000c 00000000 		.word	htim8
 287              		.cfi_endproc
ARM GAS  C:\Users\Prashant\AppData\Local\Temp\cc22WdPN.s 			page 10


 288              	.LFE141:
 290              		.section	.text.TIM8_TRG_COM_TIM14_IRQHandler,"ax",%progbits
 291              		.align	1
 292              		.global	TIM8_TRG_COM_TIM14_IRQHandler
 293              		.syntax unified
 294              		.thumb
 295              		.thumb_func
 296              		.fpu fpv4-sp-d16
 298              	TIM8_TRG_COM_TIM14_IRQHandler:
 299              	.LFB142:
 248:Core/Src/sys/stm32f4xx_it.c **** 
 249:Core/Src/sys/stm32f4xx_it.c **** /**
 250:Core/Src/sys/stm32f4xx_it.c ****   * @brief This function handles TIM8 trigger and commutation interrupts and TIM14 global interrupt
 251:Core/Src/sys/stm32f4xx_it.c ****   */
 252:Core/Src/sys/stm32f4xx_it.c **** void TIM8_TRG_COM_TIM14_IRQHandler(void)
 253:Core/Src/sys/stm32f4xx_it.c **** {
 300              		.loc 1 253 0
 301              		.cfi_startproc
 302              		@ args = 0, pretend = 0, frame = 0
 303              		@ frame_needed = 0, uses_anonymous_args = 0
 304 0000 08B5     		push	{r3, lr}
 305              	.LCFI4:
 306              		.cfi_def_cfa_offset 8
 307              		.cfi_offset 3, -8
 308              		.cfi_offset 14, -4
 254:Core/Src/sys/stm32f4xx_it.c ****   /* USER CODE BEGIN TIM8_TRG_COM_TIM14_IRQn 0 */
 255:Core/Src/sys/stm32f4xx_it.c **** 
 256:Core/Src/sys/stm32f4xx_it.c ****   /* USER CODE END TIM8_TRG_COM_TIM14_IRQn 0 */
 257:Core/Src/sys/stm32f4xx_it.c ****   HAL_TIM_IRQHandler(&htim8);
 309              		.loc 1 257 0
 310 0002 0248     		ldr	r0, .L26
 311 0004 FFF7FEFF 		bl	HAL_TIM_IRQHandler
 312              	.LVL6:
 258:Core/Src/sys/stm32f4xx_it.c ****   /* USER CODE BEGIN TIM8_TRG_COM_TIM14_IRQn 1 */
 259:Core/Src/sys/stm32f4xx_it.c **** 
 260:Core/Src/sys/stm32f4xx_it.c ****   /* USER CODE END TIM8_TRG_COM_TIM14_IRQn 1 */
 261:Core/Src/sys/stm32f4xx_it.c **** }
 313              		.loc 1 261 0
 314 0008 08BD     		pop	{r3, pc}
 315              	.L27:
 316 000a 00BF     		.align	2
 317              	.L26:
 318 000c 00000000 		.word	htim8
 319              		.cfi_endproc
 320              	.LFE142:
 322              		.section	.text.TIM5_IRQHandler,"ax",%progbits
 323              		.align	1
 324              		.global	TIM5_IRQHandler
 325              		.syntax unified
 326              		.thumb
 327              		.thumb_func
 328              		.fpu fpv4-sp-d16
 330              	TIM5_IRQHandler:
 331              	.LFB143:
 262:Core/Src/sys/stm32f4xx_it.c **** 
 263:Core/Src/sys/stm32f4xx_it.c **** /**
 264:Core/Src/sys/stm32f4xx_it.c ****   * @brief This function handles TIM5 global interrupt.
ARM GAS  C:\Users\Prashant\AppData\Local\Temp\cc22WdPN.s 			page 11


 265:Core/Src/sys/stm32f4xx_it.c ****   */
 266:Core/Src/sys/stm32f4xx_it.c **** void TIM5_IRQHandler(void)
 267:Core/Src/sys/stm32f4xx_it.c **** {
 332              		.loc 1 267 0
 333              		.cfi_startproc
 334              		@ args = 0, pretend = 0, frame = 0
 335              		@ frame_needed = 0, uses_anonymous_args = 0
 336 0000 08B5     		push	{r3, lr}
 337              	.LCFI5:
 338              		.cfi_def_cfa_offset 8
 339              		.cfi_offset 3, -8
 340              		.cfi_offset 14, -4
 268:Core/Src/sys/stm32f4xx_it.c ****   /* USER CODE BEGIN TIM5_IRQn 0 */
 269:Core/Src/sys/stm32f4xx_it.c **** 
 270:Core/Src/sys/stm32f4xx_it.c ****   /* USER CODE END TIM5_IRQn 0 */
 271:Core/Src/sys/stm32f4xx_it.c ****   HAL_TIM_IRQHandler(&htim5);
 341              		.loc 1 271 0
 342 0002 0248     		ldr	r0, .L30
 343 0004 FFF7FEFF 		bl	HAL_TIM_IRQHandler
 344              	.LVL7:
 272:Core/Src/sys/stm32f4xx_it.c ****   /* USER CODE BEGIN TIM5_IRQn 1 */
 273:Core/Src/sys/stm32f4xx_it.c **** 
 274:Core/Src/sys/stm32f4xx_it.c ****   /* USER CODE END TIM5_IRQn 1 */
 275:Core/Src/sys/stm32f4xx_it.c **** }
 345              		.loc 1 275 0
 346 0008 08BD     		pop	{r3, pc}
 347              	.L31:
 348 000a 00BF     		.align	2
 349              	.L30:
 350 000c 00000000 		.word	htim5
 351              		.cfi_endproc
 352              	.LFE143:
 354              		.text
 355              	.Letext0:
 356              		.file 2 "c:\\program files (x86)\\gnu tools arm embedded\\7 2017-q4-major\\arm-none-eabi\\include\
 357              		.file 3 "c:\\program files (x86)\\gnu tools arm embedded\\7 2017-q4-major\\arm-none-eabi\\include\
 358              		.file 4 "Drivers/CMSIS/Include/core_cm4.h"
 359              		.file 5 "Drivers/CMSIS/Device/ST/STM32F4xx/Include/system_stm32f4xx.h"
 360              		.file 6 "Drivers/CMSIS/Device/ST/STM32F4xx/Include/stm32f407xx.h"
 361              		.file 7 "c:\\program files (x86)\\gnu tools arm embedded\\7 2017-q4-major\\arm-none-eabi\\include\
 362              		.file 8 "c:\\program files (x86)\\gnu tools arm embedded\\7 2017-q4-major\\arm-none-eabi\\include\
 363              		.file 9 "c:\\program files (x86)\\gnu tools arm embedded\\7 2017-q4-major\\lib\\gcc\\arm-none-eabi
 364              		.file 10 "c:\\program files (x86)\\gnu tools arm embedded\\7 2017-q4-major\\arm-none-eabi\\include
 365              		.file 11 "Drivers/STM32F4xx_HAL_Driver/Inc/stm32f4xx_hal_def.h"
 366              		.file 12 "Drivers/STM32F4xx_HAL_Driver/Inc/stm32f4xx_hal_dma.h"
 367              		.file 13 "Drivers/STM32F4xx_HAL_Driver/Inc/stm32f4xx_hal_tim.h"
 368              		.file 14 "Drivers/STM32F4xx_HAL_Driver/Inc/stm32f4xx_hal_gpio.h"
ARM GAS  C:\Users\Prashant\AppData\Local\Temp\cc22WdPN.s 			page 12


DEFINED SYMBOLS
                            *ABS*:00000000 stm32f4xx_it.c
C:\Users\Prashant\AppData\Local\Temp\cc22WdPN.s:18     .text.NMI_Handler:00000000 $t
C:\Users\Prashant\AppData\Local\Temp\cc22WdPN.s:25     .text.NMI_Handler:00000000 NMI_Handler
C:\Users\Prashant\AppData\Local\Temp\cc22WdPN.s:39     .text.HardFault_Handler:00000000 $t
C:\Users\Prashant\AppData\Local\Temp\cc22WdPN.s:46     .text.HardFault_Handler:00000000 HardFault_Handler
C:\Users\Prashant\AppData\Local\Temp\cc22WdPN.s:60     .text.MemManage_Handler:00000000 $t
C:\Users\Prashant\AppData\Local\Temp\cc22WdPN.s:67     .text.MemManage_Handler:00000000 MemManage_Handler
C:\Users\Prashant\AppData\Local\Temp\cc22WdPN.s:81     .text.BusFault_Handler:00000000 $t
C:\Users\Prashant\AppData\Local\Temp\cc22WdPN.s:88     .text.BusFault_Handler:00000000 BusFault_Handler
C:\Users\Prashant\AppData\Local\Temp\cc22WdPN.s:102    .text.UsageFault_Handler:00000000 $t
C:\Users\Prashant\AppData\Local\Temp\cc22WdPN.s:109    .text.UsageFault_Handler:00000000 UsageFault_Handler
C:\Users\Prashant\AppData\Local\Temp\cc22WdPN.s:123    .text.DebugMon_Handler:00000000 $t
C:\Users\Prashant\AppData\Local\Temp\cc22WdPN.s:130    .text.DebugMon_Handler:00000000 DebugMon_Handler
C:\Users\Prashant\AppData\Local\Temp\cc22WdPN.s:143    .text.RCC_IRQHandler:00000000 $t
C:\Users\Prashant\AppData\Local\Temp\cc22WdPN.s:150    .text.RCC_IRQHandler:00000000 RCC_IRQHandler
C:\Users\Prashant\AppData\Local\Temp\cc22WdPN.s:163    .text.EXTI0_IRQHandler:00000000 $t
C:\Users\Prashant\AppData\Local\Temp\cc22WdPN.s:170    .text.EXTI0_IRQHandler:00000000 EXTI0_IRQHandler
C:\Users\Prashant\AppData\Local\Temp\cc22WdPN.s:191    .text.EXTI15_10_IRQHandler:00000000 $t
C:\Users\Prashant\AppData\Local\Temp\cc22WdPN.s:198    .text.EXTI15_10_IRQHandler:00000000 EXTI15_10_IRQHandler
C:\Users\Prashant\AppData\Local\Temp\cc22WdPN.s:227    .text.TIM8_BRK_TIM12_IRQHandler:00000000 $t
C:\Users\Prashant\AppData\Local\Temp\cc22WdPN.s:234    .text.TIM8_BRK_TIM12_IRQHandler:00000000 TIM8_BRK_TIM12_IRQHandler
C:\Users\Prashant\AppData\Local\Temp\cc22WdPN.s:254    .text.TIM8_BRK_TIM12_IRQHandler:0000000c $d
C:\Users\Prashant\AppData\Local\Temp\cc22WdPN.s:259    .text.TIM8_UP_TIM13_IRQHandler:00000000 $t
C:\Users\Prashant\AppData\Local\Temp\cc22WdPN.s:266    .text.TIM8_UP_TIM13_IRQHandler:00000000 TIM8_UP_TIM13_IRQHandler
C:\Users\Prashant\AppData\Local\Temp\cc22WdPN.s:286    .text.TIM8_UP_TIM13_IRQHandler:0000000c $d
C:\Users\Prashant\AppData\Local\Temp\cc22WdPN.s:291    .text.TIM8_TRG_COM_TIM14_IRQHandler:00000000 $t
C:\Users\Prashant\AppData\Local\Temp\cc22WdPN.s:298    .text.TIM8_TRG_COM_TIM14_IRQHandler:00000000 TIM8_TRG_COM_TIM14_IRQHandler
C:\Users\Prashant\AppData\Local\Temp\cc22WdPN.s:318    .text.TIM8_TRG_COM_TIM14_IRQHandler:0000000c $d
C:\Users\Prashant\AppData\Local\Temp\cc22WdPN.s:323    .text.TIM5_IRQHandler:00000000 $t
C:\Users\Prashant\AppData\Local\Temp\cc22WdPN.s:330    .text.TIM5_IRQHandler:00000000 TIM5_IRQHandler
C:\Users\Prashant\AppData\Local\Temp\cc22WdPN.s:350    .text.TIM5_IRQHandler:0000000c $d

UNDEFINED SYMBOLS
HAL_GPIO_EXTI_IRQHandler
HAL_TIM_IRQHandler
htim8
htim5
