ARM GAS  C:\Users\Prashant\AppData\Local\Temp\ccTd6q4c.s 			page 1


   1              		.cpu cortex-m4
   2              		.eabi_attribute 27, 1
   3              		.eabi_attribute 28, 1
   4              		.eabi_attribute 20, 1
   5              		.eabi_attribute 21, 1
   6              		.eabi_attribute 23, 3
   7              		.eabi_attribute 24, 1
   8              		.eabi_attribute 25, 1
   9              		.eabi_attribute 26, 1
  10              		.eabi_attribute 30, 1
  11              		.eabi_attribute 34, 1
  12              		.eabi_attribute 18, 4
  13              		.file	"tim.c"
  14              		.text
  15              	.Ltext0:
  16              		.cfi_sections	.debug_frame
  17              		.section	.text.MX_TIM1_Init,"ax",%progbits
  18              		.align	1
  19              		.global	MX_TIM1_Init
  20              		.syntax unified
  21              		.thumb
  22              		.thumb_func
  23              		.fpu fpv4-sp-d16
  25              	MX_TIM1_Init:
  26              	.LFB126:
  27              		.file 1 "Core/Src/periphs/tim.c"
   1:Core/Src/periphs/tim.c **** /**
   2:Core/Src/periphs/tim.c ****   ******************************************************************************
   3:Core/Src/periphs/tim.c ****   * File Name          : TIM.c
   4:Core/Src/periphs/tim.c ****   * Description        : This file provides code for the configuration
   5:Core/Src/periphs/tim.c ****   *                      of the TIM instances.
   6:Core/Src/periphs/tim.c ****   ******************************************************************************
   7:Core/Src/periphs/tim.c ****   * This notice applies to any and all portions of this file
   8:Core/Src/periphs/tim.c ****   * that are not between comment pairs USER CODE BEGIN and
   9:Core/Src/periphs/tim.c ****   * USER CODE END. Other portions of this file, whether 
  10:Core/Src/periphs/tim.c ****   * inserted by the user or by software development tools
  11:Core/Src/periphs/tim.c ****   * are owned by their respective copyright owners.
  12:Core/Src/periphs/tim.c ****   *
  13:Core/Src/periphs/tim.c ****   * Copyright (c) 2019 STMicroelectronics International N.V. 
  14:Core/Src/periphs/tim.c ****   * All rights reserved.
  15:Core/Src/periphs/tim.c ****   *
  16:Core/Src/periphs/tim.c ****   * Redistribution and use in source and binary forms, with or without 
  17:Core/Src/periphs/tim.c ****   * modification, are permitted, provided that the following conditions are met:
  18:Core/Src/periphs/tim.c ****   *
  19:Core/Src/periphs/tim.c ****   * 1. Redistribution of source code must retain the above copyright notice, 
  20:Core/Src/periphs/tim.c ****   *    this list of conditions and the following disclaimer.
  21:Core/Src/periphs/tim.c ****   * 2. Redistributions in binary form must reproduce the above copyright notice,
  22:Core/Src/periphs/tim.c ****   *    this list of conditions and the following disclaimer in the documentation
  23:Core/Src/periphs/tim.c ****   *    and/or other materials provided with the distribution.
  24:Core/Src/periphs/tim.c ****   * 3. Neither the name of STMicroelectronics nor the names of other 
  25:Core/Src/periphs/tim.c ****   *    contributors to this software may be used to endorse or promote products 
  26:Core/Src/periphs/tim.c ****   *    derived from this software without specific written permission.
  27:Core/Src/periphs/tim.c ****   * 4. This software, including modifications and/or derivative works of this 
  28:Core/Src/periphs/tim.c ****   *    software, must execute solely and exclusively on microcontroller or
  29:Core/Src/periphs/tim.c ****   *    microprocessor devices manufactured by or for STMicroelectronics.
  30:Core/Src/periphs/tim.c ****   * 5. Redistribution and use of this software other than as permitted under 
  31:Core/Src/periphs/tim.c ****   *    this license is void and will automatically terminate your rights under 
ARM GAS  C:\Users\Prashant\AppData\Local\Temp\ccTd6q4c.s 			page 2


  32:Core/Src/periphs/tim.c ****   *    this license. 
  33:Core/Src/periphs/tim.c ****   *
  34:Core/Src/periphs/tim.c ****   * THIS SOFTWARE IS PROVIDED BY STMICROELECTRONICS AND CONTRIBUTORS "AS IS" 
  35:Core/Src/periphs/tim.c ****   * AND ANY EXPRESS, IMPLIED OR STATUTORY WARRANTIES, INCLUDING, BUT NOT 
  36:Core/Src/periphs/tim.c ****   * LIMITED TO, THE IMPLIED WARRANTIES OF MERCHANTABILITY, FITNESS FOR A 
  37:Core/Src/periphs/tim.c ****   * PARTICULAR PURPOSE AND NON-INFRINGEMENT OF THIRD PARTY INTELLECTUAL PROPERTY
  38:Core/Src/periphs/tim.c ****   * RIGHTS ARE DISCLAIMED TO THE FULLEST EXTENT PERMITTED BY LAW. IN NO EVENT 
  39:Core/Src/periphs/tim.c ****   * SHALL STMICROELECTRONICS OR CONTRIBUTORS BE LIABLE FOR ANY DIRECT, INDIRECT,
  40:Core/Src/periphs/tim.c ****   * INCIDENTAL, SPECIAL, EXEMPLARY, OR CONSEQUENTIAL DAMAGES (INCLUDING, BUT NOT
  41:Core/Src/periphs/tim.c ****   * LIMITED TO, PROCUREMENT OF SUBSTITUTE GOODS OR SERVICES; LOSS OF USE, DATA, 
  42:Core/Src/periphs/tim.c ****   * OR PROFITS; OR BUSINESS INTERRUPTION) HOWEVER CAUSED AND ON ANY THEORY OF 
  43:Core/Src/periphs/tim.c ****   * LIABILITY, WHETHER IN CONTRACT, STRICT LIABILITY, OR TORT (INCLUDING 
  44:Core/Src/periphs/tim.c ****   * NEGLIGENCE OR OTHERWISE) ARISING IN ANY WAY OUT OF THE USE OF THIS SOFTWARE,
  45:Core/Src/periphs/tim.c ****   * EVEN IF ADVISED OF THE POSSIBILITY OF SUCH DAMAGE.
  46:Core/Src/periphs/tim.c ****   *
  47:Core/Src/periphs/tim.c ****   ******************************************************************************
  48:Core/Src/periphs/tim.c ****   */
  49:Core/Src/periphs/tim.c **** 
  50:Core/Src/periphs/tim.c **** /* Includes ------------------------------------------------------------------*/
  51:Core/Src/periphs/tim.c **** #include "tim.h"
  52:Core/Src/periphs/tim.c **** 
  53:Core/Src/periphs/tim.c **** /* USER CODE BEGIN 0 */
  54:Core/Src/periphs/tim.c **** 
  55:Core/Src/periphs/tim.c **** /* USER CODE END 0 */
  56:Core/Src/periphs/tim.c **** 
  57:Core/Src/periphs/tim.c **** TIM_HandleTypeDef htim1;
  58:Core/Src/periphs/tim.c **** TIM_HandleTypeDef htim2;
  59:Core/Src/periphs/tim.c **** TIM_HandleTypeDef htim3;
  60:Core/Src/periphs/tim.c **** TIM_HandleTypeDef htim8;
  61:Core/Src/periphs/tim.c **** 
  62:Core/Src/periphs/tim.c **** /* TIM1 init function */
  63:Core/Src/periphs/tim.c **** void MX_TIM1_Init(void)
  64:Core/Src/periphs/tim.c **** {
  28              		.loc 1 64 0
  29              		.cfi_startproc
  30              		@ args = 0, pretend = 0, frame = 48
  31              		@ frame_needed = 0, uses_anonymous_args = 0
  32 0000 00B5     		push	{lr}
  33              	.LCFI0:
  34              		.cfi_def_cfa_offset 4
  35              		.cfi_offset 14, -4
  36 0002 8DB0     		sub	sp, sp, #52
  37              	.LCFI1:
  38              		.cfi_def_cfa_offset 56
  65:Core/Src/periphs/tim.c ****   TIM_Encoder_InitTypeDef sConfig = {0};
  39              		.loc 1 65 0
  40 0004 2022     		movs	r2, #32
  41 0006 0021     		movs	r1, #0
  42 0008 04A8     		add	r0, sp, #16
  43 000a FFF7FEFF 		bl	memset
  44              	.LVL0:
  66:Core/Src/periphs/tim.c ****   TIM_MasterConfigTypeDef sMasterConfig = {0};
  45              		.loc 1 66 0
  46 000e 0023     		movs	r3, #0
  47 0010 0193     		str	r3, [sp, #4]
  48 0012 0293     		str	r3, [sp, #8]
  67:Core/Src/periphs/tim.c **** 
ARM GAS  C:\Users\Prashant\AppData\Local\Temp\ccTd6q4c.s 			page 3


  68:Core/Src/periphs/tim.c ****   htim1.Instance = TIM1;
  49              		.loc 1 68 0
  50 0014 1148     		ldr	r0, .L7
  51 0016 124A     		ldr	r2, .L7+4
  52 0018 0260     		str	r2, [r0]
  69:Core/Src/periphs/tim.c ****   htim1.Init.Prescaler = 0;
  53              		.loc 1 69 0
  54 001a 4360     		str	r3, [r0, #4]
  70:Core/Src/periphs/tim.c ****   htim1.Init.CounterMode = TIM_COUNTERMODE_UP;
  55              		.loc 1 70 0
  56 001c 8360     		str	r3, [r0, #8]
  71:Core/Src/periphs/tim.c ****   htim1.Init.Period = 65535;
  57              		.loc 1 71 0
  58 001e 4FF6FF72 		movw	r2, #65535
  59 0022 C260     		str	r2, [r0, #12]
  72:Core/Src/periphs/tim.c ****   htim1.Init.ClockDivision = TIM_CLOCKDIVISION_DIV1;
  60              		.loc 1 72 0
  61 0024 0361     		str	r3, [r0, #16]
  73:Core/Src/periphs/tim.c ****   htim1.Init.RepetitionCounter = 0;
  62              		.loc 1 73 0
  63 0026 4361     		str	r3, [r0, #20]
  74:Core/Src/periphs/tim.c ****   sConfig.EncoderMode = TIM_ENCODERMODE_TI12;
  64              		.loc 1 74 0
  65 0028 0323     		movs	r3, #3
  66 002a 0393     		str	r3, [sp, #12]
  75:Core/Src/periphs/tim.c ****   sConfig.IC1Polarity = TIM_ICPOLARITY_RISING;
  76:Core/Src/periphs/tim.c ****   sConfig.IC1Selection = TIM_ICSELECTION_DIRECTTI;
  67              		.loc 1 76 0
  68 002c 0123     		movs	r3, #1
  69 002e 0593     		str	r3, [sp, #20]
  77:Core/Src/periphs/tim.c ****   sConfig.IC1Prescaler = TIM_ICPSC_DIV1;
  78:Core/Src/periphs/tim.c ****   sConfig.IC1Filter = 0;
  79:Core/Src/periphs/tim.c ****   sConfig.IC2Polarity = TIM_ICPOLARITY_RISING;
  80:Core/Src/periphs/tim.c ****   sConfig.IC2Selection = TIM_ICSELECTION_DIRECTTI;
  70              		.loc 1 80 0
  71 0030 0993     		str	r3, [sp, #36]
  81:Core/Src/periphs/tim.c ****   sConfig.IC2Prescaler = TIM_ICPSC_DIV1;
  82:Core/Src/periphs/tim.c ****   sConfig.IC2Filter = 0;
  83:Core/Src/periphs/tim.c ****   if (HAL_TIM_Encoder_Init(&htim1, &sConfig) != HAL_OK)
  72              		.loc 1 83 0
  73 0032 03A9     		add	r1, sp, #12
  74 0034 FFF7FEFF 		bl	HAL_TIM_Encoder_Init
  75              	.LVL1:
  76 0038 50B9     		cbnz	r0, .L5
  77              	.L2:
  84:Core/Src/periphs/tim.c ****   {
  85:Core/Src/periphs/tim.c ****     Error_Handler();
  86:Core/Src/periphs/tim.c ****   }
  87:Core/Src/periphs/tim.c ****   sMasterConfig.MasterOutputTrigger = TIM_TRGO_RESET;
  78              		.loc 1 87 0
  79 003a 0023     		movs	r3, #0
  80 003c 0193     		str	r3, [sp, #4]
  88:Core/Src/periphs/tim.c ****   sMasterConfig.MasterSlaveMode = TIM_MASTERSLAVEMODE_DISABLE;
  81              		.loc 1 88 0
  82 003e 0293     		str	r3, [sp, #8]
  89:Core/Src/periphs/tim.c ****   if (HAL_TIMEx_MasterConfigSynchronization(&htim1, &sMasterConfig) != HAL_OK)
  83              		.loc 1 89 0
ARM GAS  C:\Users\Prashant\AppData\Local\Temp\ccTd6q4c.s 			page 4


  84 0040 01A9     		add	r1, sp, #4
  85 0042 0648     		ldr	r0, .L7
  86 0044 FFF7FEFF 		bl	HAL_TIMEx_MasterConfigSynchronization
  87              	.LVL2:
  88 0048 28B9     		cbnz	r0, .L6
  89              	.L1:
  90:Core/Src/periphs/tim.c ****   {
  91:Core/Src/periphs/tim.c ****     Error_Handler();
  92:Core/Src/periphs/tim.c ****   }
  93:Core/Src/periphs/tim.c **** 
  94:Core/Src/periphs/tim.c **** }
  90              		.loc 1 94 0
  91 004a 0DB0     		add	sp, sp, #52
  92              	.LCFI2:
  93              		.cfi_remember_state
  94              		.cfi_def_cfa_offset 4
  95              		@ sp needed
  96 004c 5DF804FB 		ldr	pc, [sp], #4
  97              	.L5:
  98              	.LCFI3:
  99              		.cfi_restore_state
  85:Core/Src/periphs/tim.c ****   }
 100              		.loc 1 85 0
 101 0050 FFF7FEFF 		bl	Error_Handler
 102              	.LVL3:
 103 0054 F1E7     		b	.L2
 104              	.L6:
  91:Core/Src/periphs/tim.c ****   }
 105              		.loc 1 91 0
 106 0056 FFF7FEFF 		bl	Error_Handler
 107              	.LVL4:
 108              		.loc 1 94 0
 109 005a F6E7     		b	.L1
 110              	.L8:
 111              		.align	2
 112              	.L7:
 113 005c 00000000 		.word	htim1
 114 0060 00000140 		.word	1073807360
 115              		.cfi_endproc
 116              	.LFE126:
 118              		.section	.text.MX_TIM2_Init,"ax",%progbits
 119              		.align	1
 120              		.global	MX_TIM2_Init
 121              		.syntax unified
 122              		.thumb
 123              		.thumb_func
 124              		.fpu fpv4-sp-d16
 126              	MX_TIM2_Init:
 127              	.LFB127:
  95:Core/Src/periphs/tim.c **** /* TIM2 init function */
  96:Core/Src/periphs/tim.c **** void MX_TIM2_Init(void)
  97:Core/Src/periphs/tim.c **** {
 128              		.loc 1 97 0
 129              		.cfi_startproc
 130              		@ args = 0, pretend = 0, frame = 48
 131              		@ frame_needed = 0, uses_anonymous_args = 0
 132 0000 00B5     		push	{lr}
ARM GAS  C:\Users\Prashant\AppData\Local\Temp\ccTd6q4c.s 			page 5


 133              	.LCFI4:
 134              		.cfi_def_cfa_offset 4
 135              		.cfi_offset 14, -4
 136 0002 8DB0     		sub	sp, sp, #52
 137              	.LCFI5:
 138              		.cfi_def_cfa_offset 56
  98:Core/Src/periphs/tim.c ****   TIM_Encoder_InitTypeDef sConfig = {0};
 139              		.loc 1 98 0
 140 0004 2022     		movs	r2, #32
 141 0006 0021     		movs	r1, #0
 142 0008 04A8     		add	r0, sp, #16
 143 000a FFF7FEFF 		bl	memset
 144              	.LVL5:
  99:Core/Src/periphs/tim.c ****   TIM_MasterConfigTypeDef sMasterConfig = {0};
 145              		.loc 1 99 0
 146 000e 0023     		movs	r3, #0
 147 0010 0193     		str	r3, [sp, #4]
 148 0012 0293     		str	r3, [sp, #8]
 100:Core/Src/periphs/tim.c **** 
 101:Core/Src/periphs/tim.c ****   htim2.Instance = TIM2;
 149              		.loc 1 101 0
 150 0014 1148     		ldr	r0, .L15
 151 0016 4FF08042 		mov	r2, #1073741824
 152 001a 0260     		str	r2, [r0]
 102:Core/Src/periphs/tim.c ****   htim2.Init.Prescaler = 0;
 153              		.loc 1 102 0
 154 001c 4360     		str	r3, [r0, #4]
 103:Core/Src/periphs/tim.c ****   htim2.Init.CounterMode = TIM_COUNTERMODE_UP;
 155              		.loc 1 103 0
 156 001e 8360     		str	r3, [r0, #8]
 104:Core/Src/periphs/tim.c ****   htim2.Init.Period = 65535;
 157              		.loc 1 104 0
 158 0020 4FF6FF72 		movw	r2, #65535
 159 0024 C260     		str	r2, [r0, #12]
 105:Core/Src/periphs/tim.c ****   htim2.Init.ClockDivision = TIM_CLOCKDIVISION_DIV1;
 160              		.loc 1 105 0
 161 0026 0361     		str	r3, [r0, #16]
 106:Core/Src/periphs/tim.c ****   sConfig.EncoderMode = TIM_ENCODERMODE_TI12;
 162              		.loc 1 106 0
 163 0028 0323     		movs	r3, #3
 164 002a 0393     		str	r3, [sp, #12]
 107:Core/Src/periphs/tim.c ****   sConfig.IC1Polarity = TIM_ICPOLARITY_RISING;
 108:Core/Src/periphs/tim.c ****   sConfig.IC1Selection = TIM_ICSELECTION_DIRECTTI;
 165              		.loc 1 108 0
 166 002c 0123     		movs	r3, #1
 167 002e 0593     		str	r3, [sp, #20]
 109:Core/Src/periphs/tim.c ****   sConfig.IC1Prescaler = TIM_ICPSC_DIV1;
 110:Core/Src/periphs/tim.c ****   sConfig.IC1Filter = 0;
 111:Core/Src/periphs/tim.c ****   sConfig.IC2Polarity = TIM_ICPOLARITY_RISING;
 112:Core/Src/periphs/tim.c ****   sConfig.IC2Selection = TIM_ICSELECTION_DIRECTTI;
 168              		.loc 1 112 0
 169 0030 0993     		str	r3, [sp, #36]
 113:Core/Src/periphs/tim.c ****   sConfig.IC2Prescaler = TIM_ICPSC_DIV1;
 114:Core/Src/periphs/tim.c ****   sConfig.IC2Filter = 0;
 115:Core/Src/periphs/tim.c ****   if (HAL_TIM_Encoder_Init(&htim2, &sConfig) != HAL_OK)
 170              		.loc 1 115 0
 171 0032 03A9     		add	r1, sp, #12
ARM GAS  C:\Users\Prashant\AppData\Local\Temp\ccTd6q4c.s 			page 6


 172 0034 FFF7FEFF 		bl	HAL_TIM_Encoder_Init
 173              	.LVL6:
 174 0038 50B9     		cbnz	r0, .L13
 175              	.L10:
 116:Core/Src/periphs/tim.c ****   {
 117:Core/Src/periphs/tim.c ****     Error_Handler();
 118:Core/Src/periphs/tim.c ****   }
 119:Core/Src/periphs/tim.c ****   sMasterConfig.MasterOutputTrigger = TIM_TRGO_RESET;
 176              		.loc 1 119 0
 177 003a 0023     		movs	r3, #0
 178 003c 0193     		str	r3, [sp, #4]
 120:Core/Src/periphs/tim.c ****   sMasterConfig.MasterSlaveMode = TIM_MASTERSLAVEMODE_DISABLE;
 179              		.loc 1 120 0
 180 003e 0293     		str	r3, [sp, #8]
 121:Core/Src/periphs/tim.c ****   if (HAL_TIMEx_MasterConfigSynchronization(&htim2, &sMasterConfig) != HAL_OK)
 181              		.loc 1 121 0
 182 0040 01A9     		add	r1, sp, #4
 183 0042 0648     		ldr	r0, .L15
 184 0044 FFF7FEFF 		bl	HAL_TIMEx_MasterConfigSynchronization
 185              	.LVL7:
 186 0048 28B9     		cbnz	r0, .L14
 187              	.L9:
 122:Core/Src/periphs/tim.c ****   {
 123:Core/Src/periphs/tim.c ****     Error_Handler();
 124:Core/Src/periphs/tim.c ****   }
 125:Core/Src/periphs/tim.c **** 
 126:Core/Src/periphs/tim.c **** }
 188              		.loc 1 126 0
 189 004a 0DB0     		add	sp, sp, #52
 190              	.LCFI6:
 191              		.cfi_remember_state
 192              		.cfi_def_cfa_offset 4
 193              		@ sp needed
 194 004c 5DF804FB 		ldr	pc, [sp], #4
 195              	.L13:
 196              	.LCFI7:
 197              		.cfi_restore_state
 117:Core/Src/periphs/tim.c ****   }
 198              		.loc 1 117 0
 199 0050 FFF7FEFF 		bl	Error_Handler
 200              	.LVL8:
 201 0054 F1E7     		b	.L10
 202              	.L14:
 123:Core/Src/periphs/tim.c ****   }
 203              		.loc 1 123 0
 204 0056 FFF7FEFF 		bl	Error_Handler
 205              	.LVL9:
 206              		.loc 1 126 0
 207 005a F6E7     		b	.L9
 208              	.L16:
 209              		.align	2
 210              	.L15:
 211 005c 00000000 		.word	htim2
 212              		.cfi_endproc
 213              	.LFE127:
 215              		.section	.text.MX_TIM3_Init,"ax",%progbits
 216              		.align	1
ARM GAS  C:\Users\Prashant\AppData\Local\Temp\ccTd6q4c.s 			page 7


 217              		.global	MX_TIM3_Init
 218              		.syntax unified
 219              		.thumb
 220              		.thumb_func
 221              		.fpu fpv4-sp-d16
 223              	MX_TIM3_Init:
 224              	.LFB128:
 127:Core/Src/periphs/tim.c **** /* TIM3 init function */
 128:Core/Src/periphs/tim.c **** void MX_TIM3_Init(void)
 129:Core/Src/periphs/tim.c **** {
 225              		.loc 1 129 0
 226              		.cfi_startproc
 227              		@ args = 0, pretend = 0, frame = 48
 228              		@ frame_needed = 0, uses_anonymous_args = 0
 229 0000 00B5     		push	{lr}
 230              	.LCFI8:
 231              		.cfi_def_cfa_offset 4
 232              		.cfi_offset 14, -4
 233 0002 8DB0     		sub	sp, sp, #52
 234              	.LCFI9:
 235              		.cfi_def_cfa_offset 56
 130:Core/Src/periphs/tim.c ****   TIM_Encoder_InitTypeDef sConfig = {0};
 236              		.loc 1 130 0
 237 0004 2022     		movs	r2, #32
 238 0006 0021     		movs	r1, #0
 239 0008 04A8     		add	r0, sp, #16
 240 000a FFF7FEFF 		bl	memset
 241              	.LVL10:
 131:Core/Src/periphs/tim.c ****   TIM_MasterConfigTypeDef sMasterConfig = {0};
 242              		.loc 1 131 0
 243 000e 0023     		movs	r3, #0
 244 0010 0193     		str	r3, [sp, #4]
 245 0012 0293     		str	r3, [sp, #8]
 132:Core/Src/periphs/tim.c **** 
 133:Core/Src/periphs/tim.c ****   htim3.Instance = TIM3;
 246              		.loc 1 133 0
 247 0014 1148     		ldr	r0, .L23
 248 0016 124A     		ldr	r2, .L23+4
 249 0018 0260     		str	r2, [r0]
 134:Core/Src/periphs/tim.c ****   htim3.Init.Prescaler = 0;
 250              		.loc 1 134 0
 251 001a 4360     		str	r3, [r0, #4]
 135:Core/Src/periphs/tim.c ****   htim3.Init.CounterMode = TIM_COUNTERMODE_UP;
 252              		.loc 1 135 0
 253 001c 8360     		str	r3, [r0, #8]
 136:Core/Src/periphs/tim.c ****   htim3.Init.Period = 65535;
 254              		.loc 1 136 0
 255 001e 4FF6FF72 		movw	r2, #65535
 256 0022 C260     		str	r2, [r0, #12]
 137:Core/Src/periphs/tim.c ****   htim3.Init.ClockDivision = TIM_CLOCKDIVISION_DIV1;
 257              		.loc 1 137 0
 258 0024 0361     		str	r3, [r0, #16]
 138:Core/Src/periphs/tim.c ****   sConfig.EncoderMode = TIM_ENCODERMODE_TI12;
 259              		.loc 1 138 0
 260 0026 0323     		movs	r3, #3
 261 0028 0393     		str	r3, [sp, #12]
 139:Core/Src/periphs/tim.c ****   sConfig.IC1Polarity = TIM_ICPOLARITY_RISING;
ARM GAS  C:\Users\Prashant\AppData\Local\Temp\ccTd6q4c.s 			page 8


 140:Core/Src/periphs/tim.c ****   sConfig.IC1Selection = TIM_ICSELECTION_DIRECTTI;
 262              		.loc 1 140 0
 263 002a 0123     		movs	r3, #1
 264 002c 0593     		str	r3, [sp, #20]
 141:Core/Src/periphs/tim.c ****   sConfig.IC1Prescaler = TIM_ICPSC_DIV1;
 142:Core/Src/periphs/tim.c ****   sConfig.IC1Filter = 0;
 143:Core/Src/periphs/tim.c ****   sConfig.IC2Polarity = TIM_ICPOLARITY_RISING;
 144:Core/Src/periphs/tim.c ****   sConfig.IC2Selection = TIM_ICSELECTION_DIRECTTI;
 265              		.loc 1 144 0
 266 002e 0993     		str	r3, [sp, #36]
 145:Core/Src/periphs/tim.c ****   sConfig.IC2Prescaler = TIM_ICPSC_DIV1;
 146:Core/Src/periphs/tim.c ****   sConfig.IC2Filter = 0;
 147:Core/Src/periphs/tim.c ****   if (HAL_TIM_Encoder_Init(&htim3, &sConfig) != HAL_OK)
 267              		.loc 1 147 0
 268 0030 03A9     		add	r1, sp, #12
 269 0032 FFF7FEFF 		bl	HAL_TIM_Encoder_Init
 270              	.LVL11:
 271 0036 50B9     		cbnz	r0, .L21
 272              	.L18:
 148:Core/Src/periphs/tim.c ****   {
 149:Core/Src/periphs/tim.c ****     Error_Handler();
 150:Core/Src/periphs/tim.c ****   }
 151:Core/Src/periphs/tim.c ****   sMasterConfig.MasterOutputTrigger = TIM_TRGO_RESET;
 273              		.loc 1 151 0
 274 0038 0023     		movs	r3, #0
 275 003a 0193     		str	r3, [sp, #4]
 152:Core/Src/periphs/tim.c ****   sMasterConfig.MasterSlaveMode = TIM_MASTERSLAVEMODE_DISABLE;
 276              		.loc 1 152 0
 277 003c 0293     		str	r3, [sp, #8]
 153:Core/Src/periphs/tim.c ****   if (HAL_TIMEx_MasterConfigSynchronization(&htim3, &sMasterConfig) != HAL_OK)
 278              		.loc 1 153 0
 279 003e 01A9     		add	r1, sp, #4
 280 0040 0648     		ldr	r0, .L23
 281 0042 FFF7FEFF 		bl	HAL_TIMEx_MasterConfigSynchronization
 282              	.LVL12:
 283 0046 28B9     		cbnz	r0, .L22
 284              	.L17:
 154:Core/Src/periphs/tim.c ****   {
 155:Core/Src/periphs/tim.c ****     Error_Handler();
 156:Core/Src/periphs/tim.c ****   }
 157:Core/Src/periphs/tim.c **** 
 158:Core/Src/periphs/tim.c **** }
 285              		.loc 1 158 0
 286 0048 0DB0     		add	sp, sp, #52
 287              	.LCFI10:
 288              		.cfi_remember_state
 289              		.cfi_def_cfa_offset 4
 290              		@ sp needed
 291 004a 5DF804FB 		ldr	pc, [sp], #4
 292              	.L21:
 293              	.LCFI11:
 294              		.cfi_restore_state
 149:Core/Src/periphs/tim.c ****   }
 295              		.loc 1 149 0
 296 004e FFF7FEFF 		bl	Error_Handler
 297              	.LVL13:
 298 0052 F1E7     		b	.L18
ARM GAS  C:\Users\Prashant\AppData\Local\Temp\ccTd6q4c.s 			page 9


 299              	.L22:
 155:Core/Src/periphs/tim.c ****   }
 300              		.loc 1 155 0
 301 0054 FFF7FEFF 		bl	Error_Handler
 302              	.LVL14:
 303              		.loc 1 158 0
 304 0058 F6E7     		b	.L17
 305              	.L24:
 306 005a 00BF     		.align	2
 307              	.L23:
 308 005c 00000000 		.word	htim3
 309 0060 00040040 		.word	1073742848
 310              		.cfi_endproc
 311              	.LFE128:
 313              		.section	.text.HAL_TIM_Encoder_MspInit,"ax",%progbits
 314              		.align	1
 315              		.global	HAL_TIM_Encoder_MspInit
 316              		.syntax unified
 317              		.thumb
 318              		.thumb_func
 319              		.fpu fpv4-sp-d16
 321              	HAL_TIM_Encoder_MspInit:
 322              	.LFB130:
 159:Core/Src/periphs/tim.c **** /* TIM8 init function */
 160:Core/Src/periphs/tim.c **** void MX_TIM8_Init(void)
 161:Core/Src/periphs/tim.c **** {
 162:Core/Src/periphs/tim.c ****   TIM_MasterConfigTypeDef sMasterConfig = {0};
 163:Core/Src/periphs/tim.c ****   TIM_OC_InitTypeDef sConfigOC = {0};
 164:Core/Src/periphs/tim.c ****   TIM_BreakDeadTimeConfigTypeDef sBreakDeadTimeConfig = {0};
 165:Core/Src/periphs/tim.c **** 
 166:Core/Src/periphs/tim.c ****   htim8.Instance = TIM8;
 167:Core/Src/periphs/tim.c ****   htim8.Init.Prescaler = 0;
 168:Core/Src/periphs/tim.c ****   htim8.Init.CounterMode = TIM_COUNTERMODE_CENTERALIGNED1;
 169:Core/Src/periphs/tim.c ****   htim8.Init.Period = 10499;
 170:Core/Src/periphs/tim.c ****   htim8.Init.ClockDivision = TIM_CLOCKDIVISION_DIV1;
 171:Core/Src/periphs/tim.c ****   htim8.Init.RepetitionCounter = 0;
 172:Core/Src/periphs/tim.c ****   if (HAL_TIM_PWM_Init(&htim8) != HAL_OK)
 173:Core/Src/periphs/tim.c ****   {
 174:Core/Src/periphs/tim.c ****     Error_Handler();
 175:Core/Src/periphs/tim.c ****   }
 176:Core/Src/periphs/tim.c ****   sMasterConfig.MasterOutputTrigger = TIM_TRGO_RESET;
 177:Core/Src/periphs/tim.c ****   sMasterConfig.MasterSlaveMode = TIM_MASTERSLAVEMODE_DISABLE;
 178:Core/Src/periphs/tim.c ****   if (HAL_TIMEx_MasterConfigSynchronization(&htim8, &sMasterConfig) != HAL_OK)
 179:Core/Src/periphs/tim.c ****   {
 180:Core/Src/periphs/tim.c ****     Error_Handler();
 181:Core/Src/periphs/tim.c ****   }
 182:Core/Src/periphs/tim.c ****   sConfigOC.OCMode = TIM_OCMODE_PWM1;
 183:Core/Src/periphs/tim.c ****   sConfigOC.Pulse = 0;
 184:Core/Src/periphs/tim.c ****   sConfigOC.OCPolarity = TIM_OCPOLARITY_HIGH;
 185:Core/Src/periphs/tim.c ****   sConfigOC.OCNPolarity = TIM_OCNPOLARITY_HIGH;
 186:Core/Src/periphs/tim.c ****   sConfigOC.OCFastMode = TIM_OCFAST_DISABLE;
 187:Core/Src/periphs/tim.c ****   sConfigOC.OCIdleState = TIM_OCIDLESTATE_RESET;
 188:Core/Src/periphs/tim.c ****   sConfigOC.OCNIdleState = TIM_OCNIDLESTATE_RESET;
 189:Core/Src/periphs/tim.c ****   if (HAL_TIM_PWM_ConfigChannel(&htim8, &sConfigOC, TIM_CHANNEL_2) != HAL_OK)
 190:Core/Src/periphs/tim.c ****   {
 191:Core/Src/periphs/tim.c ****     Error_Handler();
 192:Core/Src/periphs/tim.c ****   }
ARM GAS  C:\Users\Prashant\AppData\Local\Temp\ccTd6q4c.s 			page 10


 193:Core/Src/periphs/tim.c ****   if (HAL_TIM_PWM_ConfigChannel(&htim8, &sConfigOC, TIM_CHANNEL_3) != HAL_OK)
 194:Core/Src/periphs/tim.c ****   {
 195:Core/Src/periphs/tim.c ****     Error_Handler();
 196:Core/Src/periphs/tim.c ****   }
 197:Core/Src/periphs/tim.c ****   if (HAL_TIM_PWM_ConfigChannel(&htim8, &sConfigOC, TIM_CHANNEL_4) != HAL_OK)
 198:Core/Src/periphs/tim.c ****   {
 199:Core/Src/periphs/tim.c ****     Error_Handler();
 200:Core/Src/periphs/tim.c ****   }
 201:Core/Src/periphs/tim.c ****   sBreakDeadTimeConfig.OffStateRunMode = TIM_OSSR_DISABLE;
 202:Core/Src/periphs/tim.c ****   sBreakDeadTimeConfig.OffStateIDLEMode = TIM_OSSI_DISABLE;
 203:Core/Src/periphs/tim.c ****   sBreakDeadTimeConfig.LockLevel = TIM_LOCKLEVEL_OFF;
 204:Core/Src/periphs/tim.c ****   sBreakDeadTimeConfig.DeadTime = 0;
 205:Core/Src/periphs/tim.c ****   sBreakDeadTimeConfig.BreakState = TIM_BREAK_DISABLE;
 206:Core/Src/periphs/tim.c ****   sBreakDeadTimeConfig.BreakPolarity = TIM_BREAKPOLARITY_HIGH;
 207:Core/Src/periphs/tim.c ****   sBreakDeadTimeConfig.AutomaticOutput = TIM_AUTOMATICOUTPUT_DISABLE;
 208:Core/Src/periphs/tim.c ****   if (HAL_TIMEx_ConfigBreakDeadTime(&htim8, &sBreakDeadTimeConfig) != HAL_OK)
 209:Core/Src/periphs/tim.c ****   {
 210:Core/Src/periphs/tim.c ****     Error_Handler();
 211:Core/Src/periphs/tim.c ****   }
 212:Core/Src/periphs/tim.c ****   HAL_TIM_MspPostInit(&htim8);
 213:Core/Src/periphs/tim.c **** 
 214:Core/Src/periphs/tim.c **** }
 215:Core/Src/periphs/tim.c **** 
 216:Core/Src/periphs/tim.c **** void HAL_TIM_Encoder_MspInit(TIM_HandleTypeDef* tim_encoderHandle)
 217:Core/Src/periphs/tim.c **** {
 323              		.loc 1 217 0
 324              		.cfi_startproc
 325              		@ args = 0, pretend = 0, frame = 48
 326              		@ frame_needed = 0, uses_anonymous_args = 0
 327              	.LVL15:
 328 0000 F0B5     		push	{r4, r5, r6, r7, lr}
 329              	.LCFI12:
 330              		.cfi_def_cfa_offset 20
 331              		.cfi_offset 4, -20
 332              		.cfi_offset 5, -16
 333              		.cfi_offset 6, -12
 334              		.cfi_offset 7, -8
 335              		.cfi_offset 14, -4
 336 0002 8DB0     		sub	sp, sp, #52
 337              	.LCFI13:
 338              		.cfi_def_cfa_offset 72
 218:Core/Src/periphs/tim.c **** 
 219:Core/Src/periphs/tim.c ****   GPIO_InitTypeDef GPIO_InitStruct = {0};
 339              		.loc 1 219 0
 340 0004 0023     		movs	r3, #0
 341 0006 0793     		str	r3, [sp, #28]
 342 0008 0893     		str	r3, [sp, #32]
 343 000a 0993     		str	r3, [sp, #36]
 344 000c 0A93     		str	r3, [sp, #40]
 345 000e 0B93     		str	r3, [sp, #44]
 220:Core/Src/periphs/tim.c ****   if(tim_encoderHandle->Instance==TIM1)
 346              		.loc 1 220 0
 347 0010 0368     		ldr	r3, [r0]
 348 0012 4C4A     		ldr	r2, .L33
 349 0014 9342     		cmp	r3, r2
 350 0016 07D0     		beq	.L30
 221:Core/Src/periphs/tim.c ****   {
ARM GAS  C:\Users\Prashant\AppData\Local\Temp\ccTd6q4c.s 			page 11


 222:Core/Src/periphs/tim.c ****   /* USER CODE BEGIN TIM1_MspInit 0 */
 223:Core/Src/periphs/tim.c **** 
 224:Core/Src/periphs/tim.c ****   /* USER CODE END TIM1_MspInit 0 */
 225:Core/Src/periphs/tim.c ****     /* TIM1 clock enable */
 226:Core/Src/periphs/tim.c ****     __HAL_RCC_TIM1_CLK_ENABLE();
 227:Core/Src/periphs/tim.c ****   
 228:Core/Src/periphs/tim.c ****     __HAL_RCC_GPIOE_CLK_ENABLE();
 229:Core/Src/periphs/tim.c ****     /**TIM1 GPIO Configuration    
 230:Core/Src/periphs/tim.c ****     PE9     ------> TIM1_CH1
 231:Core/Src/periphs/tim.c ****     PE11     ------> TIM1_CH2 
 232:Core/Src/periphs/tim.c ****     */
 233:Core/Src/periphs/tim.c ****     GPIO_InitStruct.Pin = GPIO_PIN_9;
 234:Core/Src/periphs/tim.c ****     GPIO_InitStruct.Mode = GPIO_MODE_AF_PP;
 235:Core/Src/periphs/tim.c ****     GPIO_InitStruct.Pull = GPIO_PULLUP;
 236:Core/Src/periphs/tim.c ****     GPIO_InitStruct.Speed = GPIO_SPEED_FREQ_VERY_HIGH;
 237:Core/Src/periphs/tim.c ****     GPIO_InitStruct.Alternate = GPIO_AF1_TIM1;
 238:Core/Src/periphs/tim.c ****     HAL_GPIO_Init(GPIOE, &GPIO_InitStruct);
 239:Core/Src/periphs/tim.c **** 
 240:Core/Src/periphs/tim.c ****     GPIO_InitStruct.Pin = GPIO_PIN_11;
 241:Core/Src/periphs/tim.c ****     GPIO_InitStruct.Mode = GPIO_MODE_AF_PP;
 242:Core/Src/periphs/tim.c ****     GPIO_InitStruct.Pull = GPIO_PULLUP;
 243:Core/Src/periphs/tim.c ****     GPIO_InitStruct.Speed = GPIO_SPEED_FREQ_LOW;
 244:Core/Src/periphs/tim.c ****     GPIO_InitStruct.Alternate = GPIO_AF1_TIM1;
 245:Core/Src/periphs/tim.c ****     HAL_GPIO_Init(GPIOE, &GPIO_InitStruct);
 246:Core/Src/periphs/tim.c **** 
 247:Core/Src/periphs/tim.c ****   /* USER CODE BEGIN TIM1_MspInit 1 */
 248:Core/Src/periphs/tim.c **** 
 249:Core/Src/periphs/tim.c ****   /* USER CODE END TIM1_MspInit 1 */
 250:Core/Src/periphs/tim.c ****   }
 251:Core/Src/periphs/tim.c ****   else if(tim_encoderHandle->Instance==TIM2)
 351              		.loc 1 251 0
 352 0018 B3F1804F 		cmp	r3, #1073741824
 353 001c 35D0     		beq	.L31
 252:Core/Src/periphs/tim.c ****   {
 253:Core/Src/periphs/tim.c ****   /* USER CODE BEGIN TIM2_MspInit 0 */
 254:Core/Src/periphs/tim.c **** 
 255:Core/Src/periphs/tim.c ****   /* USER CODE END TIM2_MspInit 0 */
 256:Core/Src/periphs/tim.c ****     /* TIM2 clock enable */
 257:Core/Src/periphs/tim.c ****     __HAL_RCC_TIM2_CLK_ENABLE();
 258:Core/Src/periphs/tim.c ****   
 259:Core/Src/periphs/tim.c ****     __HAL_RCC_GPIOA_CLK_ENABLE();
 260:Core/Src/periphs/tim.c ****     /**TIM2 GPIO Configuration    
 261:Core/Src/periphs/tim.c ****     PA1     ------> TIM2_CH2
 262:Core/Src/periphs/tim.c ****     PA5     ------> TIM2_CH1 
 263:Core/Src/periphs/tim.c ****     */
 264:Core/Src/periphs/tim.c ****     GPIO_InitStruct.Pin = GPIO_PIN_1|GPIO_PIN_5;
 265:Core/Src/periphs/tim.c ****     GPIO_InitStruct.Mode = GPIO_MODE_AF_PP;
 266:Core/Src/periphs/tim.c ****     GPIO_InitStruct.Pull = GPIO_PULLUP;
 267:Core/Src/periphs/tim.c ****     GPIO_InitStruct.Speed = GPIO_SPEED_FREQ_VERY_HIGH;
 268:Core/Src/periphs/tim.c ****     GPIO_InitStruct.Alternate = GPIO_AF1_TIM2;
 269:Core/Src/periphs/tim.c ****     HAL_GPIO_Init(GPIOA, &GPIO_InitStruct);
 270:Core/Src/periphs/tim.c **** 
 271:Core/Src/periphs/tim.c ****   /* USER CODE BEGIN TIM2_MspInit 1 */
 272:Core/Src/periphs/tim.c **** 
 273:Core/Src/periphs/tim.c ****   /* USER CODE END TIM2_MspInit 1 */
 274:Core/Src/periphs/tim.c ****   }
 275:Core/Src/periphs/tim.c ****   else if(tim_encoderHandle->Instance==TIM3)
ARM GAS  C:\Users\Prashant\AppData\Local\Temp\ccTd6q4c.s 			page 12


 354              		.loc 1 275 0
 355 001e 4A4A     		ldr	r2, .L33+4
 356 0020 9342     		cmp	r3, r2
 357 0022 57D0     		beq	.L32
 358              	.LVL16:
 359              	.L25:
 276:Core/Src/periphs/tim.c ****   {
 277:Core/Src/periphs/tim.c ****   /* USER CODE BEGIN TIM3_MspInit 0 */
 278:Core/Src/periphs/tim.c **** 
 279:Core/Src/periphs/tim.c ****   /* USER CODE END TIM3_MspInit 0 */
 280:Core/Src/periphs/tim.c ****     /* TIM3 clock enable */
 281:Core/Src/periphs/tim.c ****     __HAL_RCC_TIM3_CLK_ENABLE();
 282:Core/Src/periphs/tim.c ****   
 283:Core/Src/periphs/tim.c ****     __HAL_RCC_GPIOA_CLK_ENABLE();
 284:Core/Src/periphs/tim.c ****     __HAL_RCC_GPIOC_CLK_ENABLE();
 285:Core/Src/periphs/tim.c ****     /**TIM3 GPIO Configuration    
 286:Core/Src/periphs/tim.c ****     PA7     ------> TIM3_CH2
 287:Core/Src/periphs/tim.c ****     PC6     ------> TIM3_CH1 
 288:Core/Src/periphs/tim.c ****     */
 289:Core/Src/periphs/tim.c ****     GPIO_InitStruct.Pin = GPIO_PIN_7;
 290:Core/Src/periphs/tim.c ****     GPIO_InitStruct.Mode = GPIO_MODE_AF_PP;
 291:Core/Src/periphs/tim.c ****     GPIO_InitStruct.Pull = GPIO_PULLUP;
 292:Core/Src/periphs/tim.c ****     GPIO_InitStruct.Speed = GPIO_SPEED_FREQ_VERY_HIGH;
 293:Core/Src/periphs/tim.c ****     GPIO_InitStruct.Alternate = GPIO_AF2_TIM3;
 294:Core/Src/periphs/tim.c ****     HAL_GPIO_Init(GPIOA, &GPIO_InitStruct);
 295:Core/Src/periphs/tim.c **** 
 296:Core/Src/periphs/tim.c ****     GPIO_InitStruct.Pin = GPIO_PIN_6;
 297:Core/Src/periphs/tim.c ****     GPIO_InitStruct.Mode = GPIO_MODE_AF_PP;
 298:Core/Src/periphs/tim.c ****     GPIO_InitStruct.Pull = GPIO_PULLUP;
 299:Core/Src/periphs/tim.c ****     GPIO_InitStruct.Speed = GPIO_SPEED_FREQ_VERY_HIGH;
 300:Core/Src/periphs/tim.c ****     GPIO_InitStruct.Alternate = GPIO_AF2_TIM3;
 301:Core/Src/periphs/tim.c ****     HAL_GPIO_Init(GPIOC, &GPIO_InitStruct);
 302:Core/Src/periphs/tim.c **** 
 303:Core/Src/periphs/tim.c ****   /* USER CODE BEGIN TIM3_MspInit 1 */
 304:Core/Src/periphs/tim.c **** 
 305:Core/Src/periphs/tim.c ****   /* USER CODE END TIM3_MspInit 1 */
 306:Core/Src/periphs/tim.c ****   }
 307:Core/Src/periphs/tim.c **** }
 360              		.loc 1 307 0
 361 0024 0DB0     		add	sp, sp, #52
 362              	.LCFI14:
 363              		.cfi_remember_state
 364              		.cfi_def_cfa_offset 20
 365              		@ sp needed
 366 0026 F0BD     		pop	{r4, r5, r6, r7, pc}
 367              	.LVL17:
 368              	.L30:
 369              	.LCFI15:
 370              		.cfi_restore_state
 371              	.LBB2:
 226:Core/Src/periphs/tim.c ****   
 372              		.loc 1 226 0
 373 0028 0025     		movs	r5, #0
 374 002a 0095     		str	r5, [sp]
 375 002c 474B     		ldr	r3, .L33+8
 376 002e 5A6C     		ldr	r2, [r3, #68]
 377 0030 42F00102 		orr	r2, r2, #1
ARM GAS  C:\Users\Prashant\AppData\Local\Temp\ccTd6q4c.s 			page 13


 378 0034 5A64     		str	r2, [r3, #68]
 379 0036 5A6C     		ldr	r2, [r3, #68]
 380 0038 02F00102 		and	r2, r2, #1
 381 003c 0092     		str	r2, [sp]
 382 003e 009A     		ldr	r2, [sp]
 383              	.LBE2:
 384              	.LBB3:
 228:Core/Src/periphs/tim.c ****     /**TIM1 GPIO Configuration    
 385              		.loc 1 228 0
 386 0040 0195     		str	r5, [sp, #4]
 387 0042 1A6B     		ldr	r2, [r3, #48]
 388 0044 42F01002 		orr	r2, r2, #16
 389 0048 1A63     		str	r2, [r3, #48]
 390 004a 1B6B     		ldr	r3, [r3, #48]
 391 004c 03F01003 		and	r3, r3, #16
 392 0050 0193     		str	r3, [sp, #4]
 393 0052 019B     		ldr	r3, [sp, #4]
 394              	.LBE3:
 233:Core/Src/periphs/tim.c ****     GPIO_InitStruct.Mode = GPIO_MODE_AF_PP;
 395              		.loc 1 233 0
 396 0054 4FF40073 		mov	r3, #512
 397 0058 0793     		str	r3, [sp, #28]
 234:Core/Src/periphs/tim.c ****     GPIO_InitStruct.Pull = GPIO_PULLUP;
 398              		.loc 1 234 0
 399 005a 0227     		movs	r7, #2
 400 005c 0897     		str	r7, [sp, #32]
 235:Core/Src/periphs/tim.c ****     GPIO_InitStruct.Speed = GPIO_SPEED_FREQ_VERY_HIGH;
 401              		.loc 1 235 0
 402 005e 0124     		movs	r4, #1
 403 0060 0994     		str	r4, [sp, #36]
 236:Core/Src/periphs/tim.c ****     GPIO_InitStruct.Alternate = GPIO_AF1_TIM1;
 404              		.loc 1 236 0
 405 0062 0323     		movs	r3, #3
 406 0064 0A93     		str	r3, [sp, #40]
 237:Core/Src/periphs/tim.c ****     HAL_GPIO_Init(GPIOE, &GPIO_InitStruct);
 407              		.loc 1 237 0
 408 0066 0B94     		str	r4, [sp, #44]
 238:Core/Src/periphs/tim.c **** 
 409              		.loc 1 238 0
 410 0068 394E     		ldr	r6, .L33+12
 411 006a 07A9     		add	r1, sp, #28
 412 006c 3046     		mov	r0, r6
 413              	.LVL18:
 414 006e FFF7FEFF 		bl	HAL_GPIO_Init
 415              	.LVL19:
 240:Core/Src/periphs/tim.c ****     GPIO_InitStruct.Mode = GPIO_MODE_AF_PP;
 416              		.loc 1 240 0
 417 0072 4FF40063 		mov	r3, #2048
 418 0076 0793     		str	r3, [sp, #28]
 241:Core/Src/periphs/tim.c ****     GPIO_InitStruct.Pull = GPIO_PULLUP;
 419              		.loc 1 241 0
 420 0078 0897     		str	r7, [sp, #32]
 242:Core/Src/periphs/tim.c ****     GPIO_InitStruct.Speed = GPIO_SPEED_FREQ_LOW;
 421              		.loc 1 242 0
 422 007a 0994     		str	r4, [sp, #36]
 243:Core/Src/periphs/tim.c ****     GPIO_InitStruct.Alternate = GPIO_AF1_TIM1;
 423              		.loc 1 243 0
ARM GAS  C:\Users\Prashant\AppData\Local\Temp\ccTd6q4c.s 			page 14


 424 007c 0A95     		str	r5, [sp, #40]
 244:Core/Src/periphs/tim.c ****     HAL_GPIO_Init(GPIOE, &GPIO_InitStruct);
 425              		.loc 1 244 0
 426 007e 0B94     		str	r4, [sp, #44]
 245:Core/Src/periphs/tim.c **** 
 427              		.loc 1 245 0
 428 0080 07A9     		add	r1, sp, #28
 429 0082 3046     		mov	r0, r6
 430 0084 FFF7FEFF 		bl	HAL_GPIO_Init
 431              	.LVL20:
 432 0088 CCE7     		b	.L25
 433              	.LVL21:
 434              	.L31:
 435              	.LBB4:
 257:Core/Src/periphs/tim.c ****   
 436              		.loc 1 257 0
 437 008a 0021     		movs	r1, #0
 438 008c 0291     		str	r1, [sp, #8]
 439 008e 03F50E33 		add	r3, r3, #145408
 440 0092 1A6C     		ldr	r2, [r3, #64]
 441 0094 42F00102 		orr	r2, r2, #1
 442 0098 1A64     		str	r2, [r3, #64]
 443 009a 1A6C     		ldr	r2, [r3, #64]
 444 009c 02F00102 		and	r2, r2, #1
 445 00a0 0292     		str	r2, [sp, #8]
 446 00a2 029A     		ldr	r2, [sp, #8]
 447              	.LBE4:
 448              	.LBB5:
 259:Core/Src/periphs/tim.c ****     /**TIM2 GPIO Configuration    
 449              		.loc 1 259 0
 450 00a4 0391     		str	r1, [sp, #12]
 451 00a6 1A6B     		ldr	r2, [r3, #48]
 452 00a8 42F00102 		orr	r2, r2, #1
 453 00ac 1A63     		str	r2, [r3, #48]
 454 00ae 1B6B     		ldr	r3, [r3, #48]
 455 00b0 03F00103 		and	r3, r3, #1
 456 00b4 0393     		str	r3, [sp, #12]
 457 00b6 039B     		ldr	r3, [sp, #12]
 458              	.LBE5:
 264:Core/Src/periphs/tim.c ****     GPIO_InitStruct.Mode = GPIO_MODE_AF_PP;
 459              		.loc 1 264 0
 460 00b8 2223     		movs	r3, #34
 461 00ba 0793     		str	r3, [sp, #28]
 265:Core/Src/periphs/tim.c ****     GPIO_InitStruct.Pull = GPIO_PULLUP;
 462              		.loc 1 265 0
 463 00bc 0223     		movs	r3, #2
 464 00be 0893     		str	r3, [sp, #32]
 266:Core/Src/periphs/tim.c ****     GPIO_InitStruct.Speed = GPIO_SPEED_FREQ_VERY_HIGH;
 465              		.loc 1 266 0
 466 00c0 0123     		movs	r3, #1
 467 00c2 0993     		str	r3, [sp, #36]
 267:Core/Src/periphs/tim.c ****     GPIO_InitStruct.Alternate = GPIO_AF1_TIM2;
 468              		.loc 1 267 0
 469 00c4 0322     		movs	r2, #3
 470 00c6 0A92     		str	r2, [sp, #40]
 268:Core/Src/periphs/tim.c ****     HAL_GPIO_Init(GPIOA, &GPIO_InitStruct);
 471              		.loc 1 268 0
ARM GAS  C:\Users\Prashant\AppData\Local\Temp\ccTd6q4c.s 			page 15


 472 00c8 0B93     		str	r3, [sp, #44]
 269:Core/Src/periphs/tim.c **** 
 473              		.loc 1 269 0
 474 00ca 07A9     		add	r1, sp, #28
 475 00cc 2148     		ldr	r0, .L33+16
 476              	.LVL22:
 477 00ce FFF7FEFF 		bl	HAL_GPIO_Init
 478              	.LVL23:
 479 00d2 A7E7     		b	.L25
 480              	.LVL24:
 481              	.L32:
 482              	.LBB6:
 281:Core/Src/periphs/tim.c ****   
 483              		.loc 1 281 0
 484 00d4 0022     		movs	r2, #0
 485 00d6 0492     		str	r2, [sp, #16]
 486 00d8 1C4B     		ldr	r3, .L33+8
 487 00da 196C     		ldr	r1, [r3, #64]
 488 00dc 41F00201 		orr	r1, r1, #2
 489 00e0 1964     		str	r1, [r3, #64]
 490 00e2 196C     		ldr	r1, [r3, #64]
 491 00e4 01F00201 		and	r1, r1, #2
 492 00e8 0491     		str	r1, [sp, #16]
 493 00ea 0499     		ldr	r1, [sp, #16]
 494              	.LBE6:
 495              	.LBB7:
 283:Core/Src/periphs/tim.c ****     __HAL_RCC_GPIOC_CLK_ENABLE();
 496              		.loc 1 283 0
 497 00ec 0592     		str	r2, [sp, #20]
 498 00ee 196B     		ldr	r1, [r3, #48]
 499 00f0 41F00101 		orr	r1, r1, #1
 500 00f4 1963     		str	r1, [r3, #48]
 501 00f6 196B     		ldr	r1, [r3, #48]
 502 00f8 01F00101 		and	r1, r1, #1
 503 00fc 0591     		str	r1, [sp, #20]
 504 00fe 0599     		ldr	r1, [sp, #20]
 505              	.LBE7:
 506              	.LBB8:
 284:Core/Src/periphs/tim.c ****     /**TIM3 GPIO Configuration    
 507              		.loc 1 284 0
 508 0100 0692     		str	r2, [sp, #24]
 509 0102 1A6B     		ldr	r2, [r3, #48]
 510 0104 42F00402 		orr	r2, r2, #4
 511 0108 1A63     		str	r2, [r3, #48]
 512 010a 1B6B     		ldr	r3, [r3, #48]
 513 010c 03F00403 		and	r3, r3, #4
 514 0110 0693     		str	r3, [sp, #24]
 515 0112 069B     		ldr	r3, [sp, #24]
 516              	.LBE8:
 289:Core/Src/periphs/tim.c ****     GPIO_InitStruct.Mode = GPIO_MODE_AF_PP;
 517              		.loc 1 289 0
 518 0114 8023     		movs	r3, #128
 519 0116 0793     		str	r3, [sp, #28]
 290:Core/Src/periphs/tim.c ****     GPIO_InitStruct.Pull = GPIO_PULLUP;
 520              		.loc 1 290 0
 521 0118 0224     		movs	r4, #2
 522 011a 0894     		str	r4, [sp, #32]
ARM GAS  C:\Users\Prashant\AppData\Local\Temp\ccTd6q4c.s 			page 16


 291:Core/Src/periphs/tim.c ****     GPIO_InitStruct.Speed = GPIO_SPEED_FREQ_VERY_HIGH;
 523              		.loc 1 291 0
 524 011c 0126     		movs	r6, #1
 525 011e 0996     		str	r6, [sp, #36]
 292:Core/Src/periphs/tim.c ****     GPIO_InitStruct.Alternate = GPIO_AF2_TIM3;
 526              		.loc 1 292 0
 527 0120 0325     		movs	r5, #3
 528 0122 0A95     		str	r5, [sp, #40]
 293:Core/Src/periphs/tim.c ****     HAL_GPIO_Init(GPIOA, &GPIO_InitStruct);
 529              		.loc 1 293 0
 530 0124 0B94     		str	r4, [sp, #44]
 294:Core/Src/periphs/tim.c **** 
 531              		.loc 1 294 0
 532 0126 07A9     		add	r1, sp, #28
 533 0128 0A48     		ldr	r0, .L33+16
 534              	.LVL25:
 535 012a FFF7FEFF 		bl	HAL_GPIO_Init
 536              	.LVL26:
 296:Core/Src/periphs/tim.c ****     GPIO_InitStruct.Mode = GPIO_MODE_AF_PP;
 537              		.loc 1 296 0
 538 012e 4023     		movs	r3, #64
 539 0130 0793     		str	r3, [sp, #28]
 297:Core/Src/periphs/tim.c ****     GPIO_InitStruct.Pull = GPIO_PULLUP;
 540              		.loc 1 297 0
 541 0132 0894     		str	r4, [sp, #32]
 298:Core/Src/periphs/tim.c ****     GPIO_InitStruct.Speed = GPIO_SPEED_FREQ_VERY_HIGH;
 542              		.loc 1 298 0
 543 0134 0996     		str	r6, [sp, #36]
 299:Core/Src/periphs/tim.c ****     GPIO_InitStruct.Alternate = GPIO_AF2_TIM3;
 544              		.loc 1 299 0
 545 0136 0A95     		str	r5, [sp, #40]
 300:Core/Src/periphs/tim.c ****     HAL_GPIO_Init(GPIOC, &GPIO_InitStruct);
 546              		.loc 1 300 0
 547 0138 0B94     		str	r4, [sp, #44]
 301:Core/Src/periphs/tim.c **** 
 548              		.loc 1 301 0
 549 013a 07A9     		add	r1, sp, #28
 550 013c 0648     		ldr	r0, .L33+20
 551 013e FFF7FEFF 		bl	HAL_GPIO_Init
 552              	.LVL27:
 553              		.loc 1 307 0
 554 0142 6FE7     		b	.L25
 555              	.L34:
 556              		.align	2
 557              	.L33:
 558 0144 00000140 		.word	1073807360
 559 0148 00040040 		.word	1073742848
 560 014c 00380240 		.word	1073887232
 561 0150 00100240 		.word	1073876992
 562 0154 00000240 		.word	1073872896
 563 0158 00080240 		.word	1073874944
 564              		.cfi_endproc
 565              	.LFE130:
 567              		.section	.text.HAL_TIM_PWM_MspInit,"ax",%progbits
 568              		.align	1
 569              		.global	HAL_TIM_PWM_MspInit
 570              		.syntax unified
ARM GAS  C:\Users\Prashant\AppData\Local\Temp\ccTd6q4c.s 			page 17


 571              		.thumb
 572              		.thumb_func
 573              		.fpu fpv4-sp-d16
 575              	HAL_TIM_PWM_MspInit:
 576              	.LFB131:
 308:Core/Src/periphs/tim.c **** 
 309:Core/Src/periphs/tim.c **** void HAL_TIM_PWM_MspInit(TIM_HandleTypeDef* tim_pwmHandle)
 310:Core/Src/periphs/tim.c **** {
 577              		.loc 1 310 0
 578              		.cfi_startproc
 579              		@ args = 0, pretend = 0, frame = 8
 580              		@ frame_needed = 0, uses_anonymous_args = 0
 581              	.LVL28:
 311:Core/Src/periphs/tim.c **** 
 312:Core/Src/periphs/tim.c ****   if(tim_pwmHandle->Instance==TIM8)
 582              		.loc 1 312 0
 583 0000 0268     		ldr	r2, [r0]
 584 0002 164B     		ldr	r3, .L42
 585 0004 9A42     		cmp	r2, r3
 586 0006 00D0     		beq	.L41
 587 0008 7047     		bx	lr
 588              	.L41:
 310:Core/Src/periphs/tim.c **** 
 589              		.loc 1 310 0
 590 000a 10B5     		push	{r4, lr}
 591              	.LCFI16:
 592              		.cfi_def_cfa_offset 8
 593              		.cfi_offset 4, -8
 594              		.cfi_offset 14, -4
 595 000c 82B0     		sub	sp, sp, #8
 596              	.LCFI17:
 597              		.cfi_def_cfa_offset 16
 598              	.LBB9:
 313:Core/Src/periphs/tim.c ****   {
 314:Core/Src/periphs/tim.c ****   /* USER CODE BEGIN TIM8_MspInit 0 */
 315:Core/Src/periphs/tim.c **** 
 316:Core/Src/periphs/tim.c ****   /* USER CODE END TIM8_MspInit 0 */
 317:Core/Src/periphs/tim.c ****     /* TIM8 clock enable */
 318:Core/Src/periphs/tim.c ****     __HAL_RCC_TIM8_CLK_ENABLE();
 599              		.loc 1 318 0
 600 000e 0024     		movs	r4, #0
 601 0010 0194     		str	r4, [sp, #4]
 602 0012 03F59A33 		add	r3, r3, #78848
 603 0016 5A6C     		ldr	r2, [r3, #68]
 604 0018 42F00202 		orr	r2, r2, #2
 605 001c 5A64     		str	r2, [r3, #68]
 606 001e 5B6C     		ldr	r3, [r3, #68]
 607 0020 03F00203 		and	r3, r3, #2
 608 0024 0193     		str	r3, [sp, #4]
 609 0026 019B     		ldr	r3, [sp, #4]
 610              	.LBE9:
 319:Core/Src/periphs/tim.c **** 
 320:Core/Src/periphs/tim.c ****     /* TIM8 interrupt Init */
 321:Core/Src/periphs/tim.c ****     HAL_NVIC_SetPriority(TIM8_BRK_TIM12_IRQn, 5, 0);
 611              		.loc 1 321 0
 612 0028 2246     		mov	r2, r4
 613 002a 0521     		movs	r1, #5
ARM GAS  C:\Users\Prashant\AppData\Local\Temp\ccTd6q4c.s 			page 18


 614 002c 2B20     		movs	r0, #43
 615              	.LVL29:
 616 002e FFF7FEFF 		bl	HAL_NVIC_SetPriority
 617              	.LVL30:
 322:Core/Src/periphs/tim.c ****     HAL_NVIC_EnableIRQ(TIM8_BRK_TIM12_IRQn);
 618              		.loc 1 322 0
 619 0032 2B20     		movs	r0, #43
 620 0034 FFF7FEFF 		bl	HAL_NVIC_EnableIRQ
 621              	.LVL31:
 323:Core/Src/periphs/tim.c ****     HAL_NVIC_SetPriority(TIM8_UP_TIM13_IRQn, 5, 0);
 622              		.loc 1 323 0
 623 0038 2246     		mov	r2, r4
 624 003a 0521     		movs	r1, #5
 625 003c 2C20     		movs	r0, #44
 626 003e FFF7FEFF 		bl	HAL_NVIC_SetPriority
 627              	.LVL32:
 324:Core/Src/periphs/tim.c ****     HAL_NVIC_EnableIRQ(TIM8_UP_TIM13_IRQn);
 628              		.loc 1 324 0
 629 0042 2C20     		movs	r0, #44
 630 0044 FFF7FEFF 		bl	HAL_NVIC_EnableIRQ
 631              	.LVL33:
 325:Core/Src/periphs/tim.c ****     HAL_NVIC_SetPriority(TIM8_TRG_COM_TIM14_IRQn, 5, 0);
 632              		.loc 1 325 0
 633 0048 2246     		mov	r2, r4
 634 004a 0521     		movs	r1, #5
 635 004c 2D20     		movs	r0, #45
 636 004e FFF7FEFF 		bl	HAL_NVIC_SetPriority
 637              	.LVL34:
 326:Core/Src/periphs/tim.c ****     HAL_NVIC_EnableIRQ(TIM8_TRG_COM_TIM14_IRQn);
 638              		.loc 1 326 0
 639 0052 2D20     		movs	r0, #45
 640 0054 FFF7FEFF 		bl	HAL_NVIC_EnableIRQ
 641              	.LVL35:
 327:Core/Src/periphs/tim.c ****   /* USER CODE BEGIN TIM8_MspInit 1 */
 328:Core/Src/periphs/tim.c **** 
 329:Core/Src/periphs/tim.c ****   /* USER CODE END TIM8_MspInit 1 */
 330:Core/Src/periphs/tim.c ****   }
 331:Core/Src/periphs/tim.c **** }
 642              		.loc 1 331 0
 643 0058 02B0     		add	sp, sp, #8
 644              	.LCFI18:
 645              		.cfi_def_cfa_offset 8
 646              		@ sp needed
 647 005a 10BD     		pop	{r4, pc}
 648              	.L43:
 649              		.align	2
 650              	.L42:
 651 005c 00040140 		.word	1073808384
 652              		.cfi_endproc
 653              	.LFE131:
 655              		.section	.text.HAL_TIM_MspPostInit,"ax",%progbits
 656              		.align	1
 657              		.global	HAL_TIM_MspPostInit
 658              		.syntax unified
 659              		.thumb
 660              		.thumb_func
 661              		.fpu fpv4-sp-d16
ARM GAS  C:\Users\Prashant\AppData\Local\Temp\ccTd6q4c.s 			page 19


 663              	HAL_TIM_MspPostInit:
 664              	.LFB132:
 332:Core/Src/periphs/tim.c **** void HAL_TIM_MspPostInit(TIM_HandleTypeDef* timHandle)
 333:Core/Src/periphs/tim.c **** {
 665              		.loc 1 333 0
 666              		.cfi_startproc
 667              		@ args = 0, pretend = 0, frame = 24
 668              		@ frame_needed = 0, uses_anonymous_args = 0
 669              	.LVL36:
 670 0000 00B5     		push	{lr}
 671              	.LCFI19:
 672              		.cfi_def_cfa_offset 4
 673              		.cfi_offset 14, -4
 674 0002 87B0     		sub	sp, sp, #28
 675              	.LCFI20:
 676              		.cfi_def_cfa_offset 32
 334:Core/Src/periphs/tim.c **** 
 335:Core/Src/periphs/tim.c ****   GPIO_InitTypeDef GPIO_InitStruct = {0};
 677              		.loc 1 335 0
 678 0004 0023     		movs	r3, #0
 679 0006 0193     		str	r3, [sp, #4]
 680 0008 0293     		str	r3, [sp, #8]
 681 000a 0393     		str	r3, [sp, #12]
 682 000c 0493     		str	r3, [sp, #16]
 683 000e 0593     		str	r3, [sp, #20]
 336:Core/Src/periphs/tim.c ****   if(timHandle->Instance==TIM8)
 684              		.loc 1 336 0
 685 0010 0268     		ldr	r2, [r0]
 686 0012 03F18043 		add	r3, r3, #1073741824
 687 0016 03F58233 		add	r3, r3, #66560
 688 001a 9A42     		cmp	r2, r3
 689 001c 02D0     		beq	.L47
 690              	.LVL37:
 691              	.L44:
 337:Core/Src/periphs/tim.c ****   {
 338:Core/Src/periphs/tim.c ****   /* USER CODE BEGIN TIM8_MspPostInit 0 */
 339:Core/Src/periphs/tim.c **** 
 340:Core/Src/periphs/tim.c ****   /* USER CODE END TIM8_MspPostInit 0 */
 341:Core/Src/periphs/tim.c ****   
 342:Core/Src/periphs/tim.c ****     __HAL_RCC_GPIOC_CLK_ENABLE();
 343:Core/Src/periphs/tim.c ****     /**TIM8 GPIO Configuration    
 344:Core/Src/periphs/tim.c ****     PC7     ------> TIM8_CH2
 345:Core/Src/periphs/tim.c ****     PC8     ------> TIM8_CH3
 346:Core/Src/periphs/tim.c ****     PC9     ------> TIM8_CH4 
 347:Core/Src/periphs/tim.c ****     */
 348:Core/Src/periphs/tim.c ****     GPIO_InitStruct.Pin = GPIO_PIN_7|GPIO_PIN_8|GPIO_PIN_9;
 349:Core/Src/periphs/tim.c ****     GPIO_InitStruct.Mode = GPIO_MODE_AF_PP;
 350:Core/Src/periphs/tim.c ****     GPIO_InitStruct.Pull = GPIO_NOPULL;
 351:Core/Src/periphs/tim.c ****     GPIO_InitStruct.Speed = GPIO_SPEED_FREQ_LOW;
 352:Core/Src/periphs/tim.c ****     GPIO_InitStruct.Alternate = GPIO_AF3_TIM8;
 353:Core/Src/periphs/tim.c ****     HAL_GPIO_Init(GPIOC, &GPIO_InitStruct);
 354:Core/Src/periphs/tim.c **** 
 355:Core/Src/periphs/tim.c ****   /* USER CODE BEGIN TIM8_MspPostInit 1 */
 356:Core/Src/periphs/tim.c **** 
 357:Core/Src/periphs/tim.c ****   /* USER CODE END TIM8_MspPostInit 1 */
 358:Core/Src/periphs/tim.c ****   }
 359:Core/Src/periphs/tim.c **** 
ARM GAS  C:\Users\Prashant\AppData\Local\Temp\ccTd6q4c.s 			page 20


 360:Core/Src/periphs/tim.c **** }
 692              		.loc 1 360 0
 693 001e 07B0     		add	sp, sp, #28
 694              	.LCFI21:
 695              		.cfi_remember_state
 696              		.cfi_def_cfa_offset 4
 697              		@ sp needed
 698 0020 5DF804FB 		ldr	pc, [sp], #4
 699              	.LVL38:
 700              	.L47:
 701              	.LCFI22:
 702              		.cfi_restore_state
 703              	.LBB10:
 342:Core/Src/periphs/tim.c ****     /**TIM8 GPIO Configuration    
 704              		.loc 1 342 0
 705 0024 0023     		movs	r3, #0
 706 0026 0093     		str	r3, [sp]
 707 0028 0A4B     		ldr	r3, .L48
 708 002a 1A6B     		ldr	r2, [r3, #48]
 709 002c 42F00402 		orr	r2, r2, #4
 710 0030 1A63     		str	r2, [r3, #48]
 711 0032 1B6B     		ldr	r3, [r3, #48]
 712 0034 03F00403 		and	r3, r3, #4
 713 0038 0093     		str	r3, [sp]
 714 003a 009B     		ldr	r3, [sp]
 715              	.LBE10:
 348:Core/Src/periphs/tim.c ****     GPIO_InitStruct.Mode = GPIO_MODE_AF_PP;
 716              		.loc 1 348 0
 717 003c 4FF46073 		mov	r3, #896
 718 0040 0193     		str	r3, [sp, #4]
 349:Core/Src/periphs/tim.c ****     GPIO_InitStruct.Pull = GPIO_NOPULL;
 719              		.loc 1 349 0
 720 0042 0223     		movs	r3, #2
 721 0044 0293     		str	r3, [sp, #8]
 352:Core/Src/periphs/tim.c ****     HAL_GPIO_Init(GPIOC, &GPIO_InitStruct);
 722              		.loc 1 352 0
 723 0046 0323     		movs	r3, #3
 724 0048 0593     		str	r3, [sp, #20]
 353:Core/Src/periphs/tim.c **** 
 725              		.loc 1 353 0
 726 004a 01A9     		add	r1, sp, #4
 727 004c 0248     		ldr	r0, .L48+4
 728              	.LVL39:
 729 004e FFF7FEFF 		bl	HAL_GPIO_Init
 730              	.LVL40:
 731              		.loc 1 360 0
 732 0052 E4E7     		b	.L44
 733              	.L49:
 734              		.align	2
 735              	.L48:
 736 0054 00380240 		.word	1073887232
 737 0058 00080240 		.word	1073874944
 738              		.cfi_endproc
 739              	.LFE132:
 741              		.section	.text.MX_TIM8_Init,"ax",%progbits
 742              		.align	1
 743              		.global	MX_TIM8_Init
ARM GAS  C:\Users\Prashant\AppData\Local\Temp\ccTd6q4c.s 			page 21


 744              		.syntax unified
 745              		.thumb
 746              		.thumb_func
 747              		.fpu fpv4-sp-d16
 749              	MX_TIM8_Init:
 750              	.LFB129:
 161:Core/Src/periphs/tim.c ****   TIM_MasterConfigTypeDef sMasterConfig = {0};
 751              		.loc 1 161 0
 752              		.cfi_startproc
 753              		@ args = 0, pretend = 0, frame = 64
 754              		@ frame_needed = 0, uses_anonymous_args = 0
 755 0000 00B5     		push	{lr}
 756              	.LCFI23:
 757              		.cfi_def_cfa_offset 4
 758              		.cfi_offset 14, -4
 759 0002 91B0     		sub	sp, sp, #68
 760              	.LCFI24:
 761              		.cfi_def_cfa_offset 72
 162:Core/Src/periphs/tim.c ****   TIM_OC_InitTypeDef sConfigOC = {0};
 762              		.loc 1 162 0
 763 0004 0023     		movs	r3, #0
 764 0006 0E93     		str	r3, [sp, #56]
 765 0008 0F93     		str	r3, [sp, #60]
 163:Core/Src/periphs/tim.c ****   TIM_BreakDeadTimeConfigTypeDef sBreakDeadTimeConfig = {0};
 766              		.loc 1 163 0
 767 000a 0793     		str	r3, [sp, #28]
 768 000c 0893     		str	r3, [sp, #32]
 769 000e 0993     		str	r3, [sp, #36]
 770 0010 0A93     		str	r3, [sp, #40]
 771 0012 0B93     		str	r3, [sp, #44]
 772 0014 0C93     		str	r3, [sp, #48]
 773 0016 0D93     		str	r3, [sp, #52]
 164:Core/Src/periphs/tim.c **** 
 774              		.loc 1 164 0
 775 0018 0093     		str	r3, [sp]
 776 001a 0193     		str	r3, [sp, #4]
 777 001c 0293     		str	r3, [sp, #8]
 778 001e 0393     		str	r3, [sp, #12]
 779 0020 0493     		str	r3, [sp, #16]
 780 0022 0593     		str	r3, [sp, #20]
 781 0024 0693     		str	r3, [sp, #24]
 166:Core/Src/periphs/tim.c ****   htim8.Init.Prescaler = 0;
 782              		.loc 1 166 0
 783 0026 2D48     		ldr	r0, .L64
 784 0028 2D4A     		ldr	r2, .L64+4
 785 002a 0260     		str	r2, [r0]
 167:Core/Src/periphs/tim.c ****   htim8.Init.CounterMode = TIM_COUNTERMODE_CENTERALIGNED1;
 786              		.loc 1 167 0
 787 002c 4360     		str	r3, [r0, #4]
 168:Core/Src/periphs/tim.c ****   htim8.Init.Period = 10499;
 788              		.loc 1 168 0
 789 002e 2022     		movs	r2, #32
 790 0030 8260     		str	r2, [r0, #8]
 169:Core/Src/periphs/tim.c ****   htim8.Init.ClockDivision = TIM_CLOCKDIVISION_DIV1;
 791              		.loc 1 169 0
 792 0032 42F60312 		movw	r2, #10499
 793 0036 C260     		str	r2, [r0, #12]
ARM GAS  C:\Users\Prashant\AppData\Local\Temp\ccTd6q4c.s 			page 22


 170:Core/Src/periphs/tim.c ****   htim8.Init.RepetitionCounter = 0;
 794              		.loc 1 170 0
 795 0038 0361     		str	r3, [r0, #16]
 171:Core/Src/periphs/tim.c ****   if (HAL_TIM_PWM_Init(&htim8) != HAL_OK)
 796              		.loc 1 171 0
 797 003a 4361     		str	r3, [r0, #20]
 172:Core/Src/periphs/tim.c ****   {
 798              		.loc 1 172 0
 799 003c FFF7FEFF 		bl	HAL_TIM_PWM_Init
 800              	.LVL41:
 801 0040 0028     		cmp	r0, #0
 802 0042 38D1     		bne	.L58
 803              	.L51:
 176:Core/Src/periphs/tim.c ****   sMasterConfig.MasterSlaveMode = TIM_MASTERSLAVEMODE_DISABLE;
 804              		.loc 1 176 0
 805 0044 0023     		movs	r3, #0
 806 0046 0E93     		str	r3, [sp, #56]
 177:Core/Src/periphs/tim.c ****   if (HAL_TIMEx_MasterConfigSynchronization(&htim8, &sMasterConfig) != HAL_OK)
 807              		.loc 1 177 0
 808 0048 0F93     		str	r3, [sp, #60]
 178:Core/Src/periphs/tim.c ****   {
 809              		.loc 1 178 0
 810 004a 0EA9     		add	r1, sp, #56
 811 004c 2348     		ldr	r0, .L64
 812 004e FFF7FEFF 		bl	HAL_TIMEx_MasterConfigSynchronization
 813              	.LVL42:
 814 0052 0028     		cmp	r0, #0
 815 0054 32D1     		bne	.L59
 816              	.L52:
 182:Core/Src/periphs/tim.c ****   sConfigOC.Pulse = 0;
 817              		.loc 1 182 0
 818 0056 6023     		movs	r3, #96
 819 0058 0793     		str	r3, [sp, #28]
 183:Core/Src/periphs/tim.c ****   sConfigOC.OCPolarity = TIM_OCPOLARITY_HIGH;
 820              		.loc 1 183 0
 821 005a 0023     		movs	r3, #0
 822 005c 0893     		str	r3, [sp, #32]
 184:Core/Src/periphs/tim.c ****   sConfigOC.OCNPolarity = TIM_OCNPOLARITY_HIGH;
 823              		.loc 1 184 0
 824 005e 0993     		str	r3, [sp, #36]
 185:Core/Src/periphs/tim.c ****   sConfigOC.OCFastMode = TIM_OCFAST_DISABLE;
 825              		.loc 1 185 0
 826 0060 0A93     		str	r3, [sp, #40]
 186:Core/Src/periphs/tim.c ****   sConfigOC.OCIdleState = TIM_OCIDLESTATE_RESET;
 827              		.loc 1 186 0
 828 0062 0B93     		str	r3, [sp, #44]
 187:Core/Src/periphs/tim.c ****   sConfigOC.OCNIdleState = TIM_OCNIDLESTATE_RESET;
 829              		.loc 1 187 0
 830 0064 0C93     		str	r3, [sp, #48]
 188:Core/Src/periphs/tim.c ****   if (HAL_TIM_PWM_ConfigChannel(&htim8, &sConfigOC, TIM_CHANNEL_2) != HAL_OK)
 831              		.loc 1 188 0
 832 0066 0D93     		str	r3, [sp, #52]
 189:Core/Src/periphs/tim.c ****   {
 833              		.loc 1 189 0
 834 0068 0422     		movs	r2, #4
 835 006a 07A9     		add	r1, sp, #28
 836 006c 1B48     		ldr	r0, .L64
ARM GAS  C:\Users\Prashant\AppData\Local\Temp\ccTd6q4c.s 			page 23


 837 006e FFF7FEFF 		bl	HAL_TIM_PWM_ConfigChannel
 838              	.LVL43:
 839 0072 30BB     		cbnz	r0, .L60
 840              	.L53:
 193:Core/Src/periphs/tim.c ****   {
 841              		.loc 1 193 0
 842 0074 0822     		movs	r2, #8
 843 0076 07A9     		add	r1, sp, #28
 844 0078 1848     		ldr	r0, .L64
 845 007a FFF7FEFF 		bl	HAL_TIM_PWM_ConfigChannel
 846              	.LVL44:
 847 007e 18BB     		cbnz	r0, .L61
 848              	.L54:
 197:Core/Src/periphs/tim.c ****   {
 849              		.loc 1 197 0
 850 0080 0C22     		movs	r2, #12
 851 0082 07A9     		add	r1, sp, #28
 852 0084 1548     		ldr	r0, .L64
 853 0086 FFF7FEFF 		bl	HAL_TIM_PWM_ConfigChannel
 854              	.LVL45:
 855 008a 00BB     		cbnz	r0, .L62
 856              	.L55:
 201:Core/Src/periphs/tim.c ****   sBreakDeadTimeConfig.OffStateIDLEMode = TIM_OSSI_DISABLE;
 857              		.loc 1 201 0
 858 008c 0023     		movs	r3, #0
 859 008e 0093     		str	r3, [sp]
 202:Core/Src/periphs/tim.c ****   sBreakDeadTimeConfig.LockLevel = TIM_LOCKLEVEL_OFF;
 860              		.loc 1 202 0
 861 0090 0193     		str	r3, [sp, #4]
 203:Core/Src/periphs/tim.c ****   sBreakDeadTimeConfig.DeadTime = 0;
 862              		.loc 1 203 0
 863 0092 0293     		str	r3, [sp, #8]
 204:Core/Src/periphs/tim.c ****   sBreakDeadTimeConfig.BreakState = TIM_BREAK_DISABLE;
 864              		.loc 1 204 0
 865 0094 0393     		str	r3, [sp, #12]
 205:Core/Src/periphs/tim.c ****   sBreakDeadTimeConfig.BreakPolarity = TIM_BREAKPOLARITY_HIGH;
 866              		.loc 1 205 0
 867 0096 0493     		str	r3, [sp, #16]
 206:Core/Src/periphs/tim.c ****   sBreakDeadTimeConfig.AutomaticOutput = TIM_AUTOMATICOUTPUT_DISABLE;
 868              		.loc 1 206 0
 869 0098 4FF40052 		mov	r2, #8192
 870 009c 0592     		str	r2, [sp, #20]
 207:Core/Src/periphs/tim.c ****   if (HAL_TIMEx_ConfigBreakDeadTime(&htim8, &sBreakDeadTimeConfig) != HAL_OK)
 871              		.loc 1 207 0
 872 009e 0693     		str	r3, [sp, #24]
 208:Core/Src/periphs/tim.c ****   {
 873              		.loc 1 208 0
 874 00a0 6946     		mov	r1, sp
 875 00a2 0E48     		ldr	r0, .L64
 876 00a4 FFF7FEFF 		bl	HAL_TIMEx_ConfigBreakDeadTime
 877              	.LVL46:
 878 00a8 A0B9     		cbnz	r0, .L63
 879              	.L56:
 212:Core/Src/periphs/tim.c **** 
 880              		.loc 1 212 0
 881 00aa 0C48     		ldr	r0, .L64
 882 00ac FFF7FEFF 		bl	HAL_TIM_MspPostInit
ARM GAS  C:\Users\Prashant\AppData\Local\Temp\ccTd6q4c.s 			page 24


 883              	.LVL47:
 214:Core/Src/periphs/tim.c **** 
 884              		.loc 1 214 0
 885 00b0 11B0     		add	sp, sp, #68
 886              	.LCFI25:
 887              		.cfi_remember_state
 888              		.cfi_def_cfa_offset 4
 889              		@ sp needed
 890 00b2 5DF804FB 		ldr	pc, [sp], #4
 891              	.L58:
 892              	.LCFI26:
 893              		.cfi_restore_state
 174:Core/Src/periphs/tim.c ****   }
 894              		.loc 1 174 0
 895 00b6 FFF7FEFF 		bl	Error_Handler
 896              	.LVL48:
 897 00ba C3E7     		b	.L51
 898              	.L59:
 180:Core/Src/periphs/tim.c ****   }
 899              		.loc 1 180 0
 900 00bc FFF7FEFF 		bl	Error_Handler
 901              	.LVL49:
 902 00c0 C9E7     		b	.L52
 903              	.L60:
 191:Core/Src/periphs/tim.c ****   }
 904              		.loc 1 191 0
 905 00c2 FFF7FEFF 		bl	Error_Handler
 906              	.LVL50:
 907 00c6 D5E7     		b	.L53
 908              	.L61:
 195:Core/Src/periphs/tim.c ****   }
 909              		.loc 1 195 0
 910 00c8 FFF7FEFF 		bl	Error_Handler
 911              	.LVL51:
 912 00cc D8E7     		b	.L54
 913              	.L62:
 199:Core/Src/periphs/tim.c ****   }
 914              		.loc 1 199 0
 915 00ce FFF7FEFF 		bl	Error_Handler
 916              	.LVL52:
 917 00d2 DBE7     		b	.L55
 918              	.L63:
 210:Core/Src/periphs/tim.c ****   }
 919              		.loc 1 210 0
 920 00d4 FFF7FEFF 		bl	Error_Handler
 921              	.LVL53:
 922 00d8 E7E7     		b	.L56
 923              	.L65:
 924 00da 00BF     		.align	2
 925              	.L64:
 926 00dc 00000000 		.word	htim8
 927 00e0 00040140 		.word	1073808384
 928              		.cfi_endproc
 929              	.LFE129:
 931              		.section	.text.HAL_TIM_Encoder_MspDeInit,"ax",%progbits
 932              		.align	1
 933              		.global	HAL_TIM_Encoder_MspDeInit
ARM GAS  C:\Users\Prashant\AppData\Local\Temp\ccTd6q4c.s 			page 25


 934              		.syntax unified
 935              		.thumb
 936              		.thumb_func
 937              		.fpu fpv4-sp-d16
 939              	HAL_TIM_Encoder_MspDeInit:
 940              	.LFB133:
 361:Core/Src/periphs/tim.c **** 
 362:Core/Src/periphs/tim.c **** void HAL_TIM_Encoder_MspDeInit(TIM_HandleTypeDef* tim_encoderHandle)
 363:Core/Src/periphs/tim.c **** {
 941              		.loc 1 363 0
 942              		.cfi_startproc
 943              		@ args = 0, pretend = 0, frame = 0
 944              		@ frame_needed = 0, uses_anonymous_args = 0
 945              	.LVL54:
 946 0000 08B5     		push	{r3, lr}
 947              	.LCFI27:
 948              		.cfi_def_cfa_offset 8
 949              		.cfi_offset 3, -8
 950              		.cfi_offset 14, -4
 364:Core/Src/periphs/tim.c **** 
 365:Core/Src/periphs/tim.c ****   if(tim_encoderHandle->Instance==TIM1)
 951              		.loc 1 365 0
 952 0002 0368     		ldr	r3, [r0]
 953 0004 174A     		ldr	r2, .L74
 954 0006 9342     		cmp	r3, r2
 955 0008 06D0     		beq	.L71
 366:Core/Src/periphs/tim.c ****   {
 367:Core/Src/periphs/tim.c ****   /* USER CODE BEGIN TIM1_MspDeInit 0 */
 368:Core/Src/periphs/tim.c **** 
 369:Core/Src/periphs/tim.c ****   /* USER CODE END TIM1_MspDeInit 0 */
 370:Core/Src/periphs/tim.c ****     /* Peripheral clock disable */
 371:Core/Src/periphs/tim.c ****     __HAL_RCC_TIM1_CLK_DISABLE();
 372:Core/Src/periphs/tim.c ****   
 373:Core/Src/periphs/tim.c ****     /**TIM1 GPIO Configuration    
 374:Core/Src/periphs/tim.c ****     PE9     ------> TIM1_CH1
 375:Core/Src/periphs/tim.c ****     PE11     ------> TIM1_CH2 
 376:Core/Src/periphs/tim.c ****     */
 377:Core/Src/periphs/tim.c ****     HAL_GPIO_DeInit(GPIOE, GPIO_PIN_9|GPIO_PIN_11);
 378:Core/Src/periphs/tim.c **** 
 379:Core/Src/periphs/tim.c ****   /* USER CODE BEGIN TIM1_MspDeInit 1 */
 380:Core/Src/periphs/tim.c **** 
 381:Core/Src/periphs/tim.c ****   /* USER CODE END TIM1_MspDeInit 1 */
 382:Core/Src/periphs/tim.c ****   }
 383:Core/Src/periphs/tim.c ****   else if(tim_encoderHandle->Instance==TIM2)
 956              		.loc 1 383 0
 957 000a B3F1804F 		cmp	r3, #1073741824
 958 000e 0FD0     		beq	.L72
 384:Core/Src/periphs/tim.c ****   {
 385:Core/Src/periphs/tim.c ****   /* USER CODE BEGIN TIM2_MspDeInit 0 */
 386:Core/Src/periphs/tim.c **** 
 387:Core/Src/periphs/tim.c ****   /* USER CODE END TIM2_MspDeInit 0 */
 388:Core/Src/periphs/tim.c ****     /* Peripheral clock disable */
 389:Core/Src/periphs/tim.c ****     __HAL_RCC_TIM2_CLK_DISABLE();
 390:Core/Src/periphs/tim.c ****   
 391:Core/Src/periphs/tim.c ****     /**TIM2 GPIO Configuration    
 392:Core/Src/periphs/tim.c ****     PA1     ------> TIM2_CH2
 393:Core/Src/periphs/tim.c ****     PA5     ------> TIM2_CH1 
ARM GAS  C:\Users\Prashant\AppData\Local\Temp\ccTd6q4c.s 			page 26


 394:Core/Src/periphs/tim.c ****     */
 395:Core/Src/periphs/tim.c ****     HAL_GPIO_DeInit(GPIOA, GPIO_PIN_1|GPIO_PIN_5);
 396:Core/Src/periphs/tim.c **** 
 397:Core/Src/periphs/tim.c ****   /* USER CODE BEGIN TIM2_MspDeInit 1 */
 398:Core/Src/periphs/tim.c **** 
 399:Core/Src/periphs/tim.c ****   /* USER CODE END TIM2_MspDeInit 1 */
 400:Core/Src/periphs/tim.c ****   }
 401:Core/Src/periphs/tim.c ****   else if(tim_encoderHandle->Instance==TIM3)
 959              		.loc 1 401 0
 960 0010 154A     		ldr	r2, .L74+4
 961 0012 9342     		cmp	r3, r2
 962 0014 16D0     		beq	.L73
 963              	.LVL55:
 964              	.L66:
 402:Core/Src/periphs/tim.c ****   {
 403:Core/Src/periphs/tim.c ****   /* USER CODE BEGIN TIM3_MspDeInit 0 */
 404:Core/Src/periphs/tim.c **** 
 405:Core/Src/periphs/tim.c ****   /* USER CODE END TIM3_MspDeInit 0 */
 406:Core/Src/periphs/tim.c ****     /* Peripheral clock disable */
 407:Core/Src/periphs/tim.c ****     __HAL_RCC_TIM3_CLK_DISABLE();
 408:Core/Src/periphs/tim.c ****   
 409:Core/Src/periphs/tim.c ****     /**TIM3 GPIO Configuration    
 410:Core/Src/periphs/tim.c ****     PA7     ------> TIM3_CH2
 411:Core/Src/periphs/tim.c ****     PC6     ------> TIM3_CH1 
 412:Core/Src/periphs/tim.c ****     */
 413:Core/Src/periphs/tim.c ****     HAL_GPIO_DeInit(GPIOA, GPIO_PIN_7);
 414:Core/Src/periphs/tim.c **** 
 415:Core/Src/periphs/tim.c ****     HAL_GPIO_DeInit(GPIOC, GPIO_PIN_6);
 416:Core/Src/periphs/tim.c **** 
 417:Core/Src/periphs/tim.c ****   /* USER CODE BEGIN TIM3_MspDeInit 1 */
 418:Core/Src/periphs/tim.c **** 
 419:Core/Src/periphs/tim.c ****   /* USER CODE END TIM3_MspDeInit 1 */
 420:Core/Src/periphs/tim.c ****   }
 421:Core/Src/periphs/tim.c **** }
 965              		.loc 1 421 0
 966 0016 08BD     		pop	{r3, pc}
 967              	.LVL56:
 968              	.L71:
 371:Core/Src/periphs/tim.c ****   
 969              		.loc 1 371 0
 970 0018 02F59C32 		add	r2, r2, #79872
 971 001c 536C     		ldr	r3, [r2, #68]
 972 001e 23F00103 		bic	r3, r3, #1
 973 0022 5364     		str	r3, [r2, #68]
 377:Core/Src/periphs/tim.c **** 
 974              		.loc 1 377 0
 975 0024 4FF42061 		mov	r1, #2560
 976 0028 1048     		ldr	r0, .L74+8
 977              	.LVL57:
 978 002a FFF7FEFF 		bl	HAL_GPIO_DeInit
 979              	.LVL58:
 980 002e F2E7     		b	.L66
 981              	.LVL59:
 982              	.L72:
 389:Core/Src/periphs/tim.c ****   
 983              		.loc 1 389 0
 984 0030 0F4A     		ldr	r2, .L74+12
ARM GAS  C:\Users\Prashant\AppData\Local\Temp\ccTd6q4c.s 			page 27


 985 0032 136C     		ldr	r3, [r2, #64]
 986 0034 23F00103 		bic	r3, r3, #1
 987 0038 1364     		str	r3, [r2, #64]
 395:Core/Src/periphs/tim.c **** 
 988              		.loc 1 395 0
 989 003a 2221     		movs	r1, #34
 990 003c 0D48     		ldr	r0, .L74+16
 991              	.LVL60:
 992 003e FFF7FEFF 		bl	HAL_GPIO_DeInit
 993              	.LVL61:
 994 0042 E8E7     		b	.L66
 995              	.LVL62:
 996              	.L73:
 407:Core/Src/periphs/tim.c ****   
 997              		.loc 1 407 0
 998 0044 02F50D32 		add	r2, r2, #144384
 999 0048 136C     		ldr	r3, [r2, #64]
 1000 004a 23F00203 		bic	r3, r3, #2
 1001 004e 1364     		str	r3, [r2, #64]
 413:Core/Src/periphs/tim.c **** 
 1002              		.loc 1 413 0
 1003 0050 8021     		movs	r1, #128
 1004 0052 0848     		ldr	r0, .L74+16
 1005              	.LVL63:
 1006 0054 FFF7FEFF 		bl	HAL_GPIO_DeInit
 1007              	.LVL64:
 415:Core/Src/periphs/tim.c **** 
 1008              		.loc 1 415 0
 1009 0058 4021     		movs	r1, #64
 1010 005a 0748     		ldr	r0, .L74+20
 1011 005c FFF7FEFF 		bl	HAL_GPIO_DeInit
 1012              	.LVL65:
 1013              		.loc 1 421 0
 1014 0060 D9E7     		b	.L66
 1015              	.L75:
 1016 0062 00BF     		.align	2
 1017              	.L74:
 1018 0064 00000140 		.word	1073807360
 1019 0068 00040040 		.word	1073742848
 1020 006c 00100240 		.word	1073876992
 1021 0070 00380240 		.word	1073887232
 1022 0074 00000240 		.word	1073872896
 1023 0078 00080240 		.word	1073874944
 1024              		.cfi_endproc
 1025              	.LFE133:
 1027              		.section	.text.HAL_TIM_PWM_MspDeInit,"ax",%progbits
 1028              		.align	1
 1029              		.global	HAL_TIM_PWM_MspDeInit
 1030              		.syntax unified
 1031              		.thumb
 1032              		.thumb_func
 1033              		.fpu fpv4-sp-d16
 1035              	HAL_TIM_PWM_MspDeInit:
 1036              	.LFB134:
 422:Core/Src/periphs/tim.c **** 
 423:Core/Src/periphs/tim.c **** void HAL_TIM_PWM_MspDeInit(TIM_HandleTypeDef* tim_pwmHandle)
 424:Core/Src/periphs/tim.c **** {
ARM GAS  C:\Users\Prashant\AppData\Local\Temp\ccTd6q4c.s 			page 28


 1037              		.loc 1 424 0
 1038              		.cfi_startproc
 1039              		@ args = 0, pretend = 0, frame = 0
 1040              		@ frame_needed = 0, uses_anonymous_args = 0
 1041              	.LVL66:
 1042 0000 08B5     		push	{r3, lr}
 1043              	.LCFI28:
 1044              		.cfi_def_cfa_offset 8
 1045              		.cfi_offset 3, -8
 1046              		.cfi_offset 14, -4
 425:Core/Src/periphs/tim.c **** 
 426:Core/Src/periphs/tim.c ****   if(tim_pwmHandle->Instance==TIM8)
 1047              		.loc 1 426 0
 1048 0002 0268     		ldr	r2, [r0]
 1049 0004 094B     		ldr	r3, .L80
 1050 0006 9A42     		cmp	r2, r3
 1051 0008 00D0     		beq	.L79
 1052              	.LVL67:
 1053              	.L76:
 427:Core/Src/periphs/tim.c ****   {
 428:Core/Src/periphs/tim.c ****   /* USER CODE BEGIN TIM8_MspDeInit 0 */
 429:Core/Src/periphs/tim.c **** 
 430:Core/Src/periphs/tim.c ****   /* USER CODE END TIM8_MspDeInit 0 */
 431:Core/Src/periphs/tim.c ****     /* Peripheral clock disable */
 432:Core/Src/periphs/tim.c ****     __HAL_RCC_TIM8_CLK_DISABLE();
 433:Core/Src/periphs/tim.c **** 
 434:Core/Src/periphs/tim.c ****     /* TIM8 interrupt Deinit */
 435:Core/Src/periphs/tim.c ****     HAL_NVIC_DisableIRQ(TIM8_BRK_TIM12_IRQn);
 436:Core/Src/periphs/tim.c ****     HAL_NVIC_DisableIRQ(TIM8_UP_TIM13_IRQn);
 437:Core/Src/periphs/tim.c ****     HAL_NVIC_DisableIRQ(TIM8_TRG_COM_TIM14_IRQn);
 438:Core/Src/periphs/tim.c ****   /* USER CODE BEGIN TIM8_MspDeInit 1 */
 439:Core/Src/periphs/tim.c **** 
 440:Core/Src/periphs/tim.c ****   /* USER CODE END TIM8_MspDeInit 1 */
 441:Core/Src/periphs/tim.c ****   }
 442:Core/Src/periphs/tim.c **** } 
 1054              		.loc 1 442 0
 1055 000a 08BD     		pop	{r3, pc}
 1056              	.LVL68:
 1057              	.L79:
 432:Core/Src/periphs/tim.c **** 
 1058              		.loc 1 432 0
 1059 000c 084A     		ldr	r2, .L80+4
 1060 000e 536C     		ldr	r3, [r2, #68]
 1061 0010 23F00203 		bic	r3, r3, #2
 1062 0014 5364     		str	r3, [r2, #68]
 435:Core/Src/periphs/tim.c ****     HAL_NVIC_DisableIRQ(TIM8_UP_TIM13_IRQn);
 1063              		.loc 1 435 0
 1064 0016 2B20     		movs	r0, #43
 1065              	.LVL69:
 1066 0018 FFF7FEFF 		bl	HAL_NVIC_DisableIRQ
 1067              	.LVL70:
 436:Core/Src/periphs/tim.c ****     HAL_NVIC_DisableIRQ(TIM8_TRG_COM_TIM14_IRQn);
 1068              		.loc 1 436 0
 1069 001c 2C20     		movs	r0, #44
 1070 001e FFF7FEFF 		bl	HAL_NVIC_DisableIRQ
 1071              	.LVL71:
 437:Core/Src/periphs/tim.c ****   /* USER CODE BEGIN TIM8_MspDeInit 1 */
ARM GAS  C:\Users\Prashant\AppData\Local\Temp\ccTd6q4c.s 			page 29


 1072              		.loc 1 437 0
 1073 0022 2D20     		movs	r0, #45
 1074 0024 FFF7FEFF 		bl	HAL_NVIC_DisableIRQ
 1075              	.LVL72:
 1076              		.loc 1 442 0
 1077 0028 EFE7     		b	.L76
 1078              	.L81:
 1079 002a 00BF     		.align	2
 1080              	.L80:
 1081 002c 00040140 		.word	1073808384
 1082 0030 00380240 		.word	1073887232
 1083              		.cfi_endproc
 1084              	.LFE134:
 1086              		.comm	htim8,60,4
 1087              		.comm	htim3,60,4
 1088              		.comm	htim2,60,4
 1089              		.comm	htim1,60,4
 1090              		.text
 1091              	.Letext0:
 1092              		.file 2 "c:\\program files (x86)\\gnu tools arm embedded\\7 2017-q4-major\\arm-none-eabi\\include\
 1093              		.file 3 "c:\\program files (x86)\\gnu tools arm embedded\\7 2017-q4-major\\arm-none-eabi\\include\
 1094              		.file 4 "Drivers/CMSIS/Include/core_cm4.h"
 1095              		.file 5 "Drivers/CMSIS/Device/ST/STM32F4xx/Include/system_stm32f4xx.h"
 1096              		.file 6 "Drivers/CMSIS/Device/ST/STM32F4xx/Include/stm32f407xx.h"
 1097              		.file 7 "c:\\program files (x86)\\gnu tools arm embedded\\7 2017-q4-major\\arm-none-eabi\\include\
 1098              		.file 8 "c:\\program files (x86)\\gnu tools arm embedded\\7 2017-q4-major\\arm-none-eabi\\include\
 1099              		.file 9 "c:\\program files (x86)\\gnu tools arm embedded\\7 2017-q4-major\\lib\\gcc\\arm-none-eabi
 1100              		.file 10 "c:\\program files (x86)\\gnu tools arm embedded\\7 2017-q4-major\\arm-none-eabi\\include
 1101              		.file 11 "Drivers/STM32F4xx_HAL_Driver/Inc/stm32f4xx_hal_def.h"
 1102              		.file 12 "Drivers/STM32F4xx_HAL_Driver/Inc/stm32f4xx_hal_gpio.h"
 1103              		.file 13 "Drivers/STM32F4xx_HAL_Driver/Inc/stm32f4xx_hal_dma.h"
 1104              		.file 14 "Drivers/STM32F4xx_HAL_Driver/Inc/stm32f4xx_hal_tim.h"
 1105              		.file 15 "Drivers/STM32F4xx_HAL_Driver/Inc/stm32f4xx_hal_tim_ex.h"
 1106              		.file 16 "Core/Inc/periphs/tim.h"
 1107              		.file 17 "Drivers/STM32F4xx_HAL_Driver/Inc/stm32f4xx_hal_cortex.h"
 1108              		.file 18 "Core/Inc/main.h"
 1109              		.file 19 "<built-in>"
ARM GAS  C:\Users\Prashant\AppData\Local\Temp\ccTd6q4c.s 			page 30


DEFINED SYMBOLS
                            *ABS*:00000000 tim.c
C:\Users\Prashant\AppData\Local\Temp\ccTd6q4c.s:18     .text.MX_TIM1_Init:00000000 $t
C:\Users\Prashant\AppData\Local\Temp\ccTd6q4c.s:25     .text.MX_TIM1_Init:00000000 MX_TIM1_Init
C:\Users\Prashant\AppData\Local\Temp\ccTd6q4c.s:113    .text.MX_TIM1_Init:0000005c $d
                            *COM*:0000003c htim1
C:\Users\Prashant\AppData\Local\Temp\ccTd6q4c.s:119    .text.MX_TIM2_Init:00000000 $t
C:\Users\Prashant\AppData\Local\Temp\ccTd6q4c.s:126    .text.MX_TIM2_Init:00000000 MX_TIM2_Init
C:\Users\Prashant\AppData\Local\Temp\ccTd6q4c.s:211    .text.MX_TIM2_Init:0000005c $d
                            *COM*:0000003c htim2
C:\Users\Prashant\AppData\Local\Temp\ccTd6q4c.s:216    .text.MX_TIM3_Init:00000000 $t
C:\Users\Prashant\AppData\Local\Temp\ccTd6q4c.s:223    .text.MX_TIM3_Init:00000000 MX_TIM3_Init
C:\Users\Prashant\AppData\Local\Temp\ccTd6q4c.s:308    .text.MX_TIM3_Init:0000005c $d
                            *COM*:0000003c htim3
C:\Users\Prashant\AppData\Local\Temp\ccTd6q4c.s:314    .text.HAL_TIM_Encoder_MspInit:00000000 $t
C:\Users\Prashant\AppData\Local\Temp\ccTd6q4c.s:321    .text.HAL_TIM_Encoder_MspInit:00000000 HAL_TIM_Encoder_MspInit
C:\Users\Prashant\AppData\Local\Temp\ccTd6q4c.s:558    .text.HAL_TIM_Encoder_MspInit:00000144 $d
C:\Users\Prashant\AppData\Local\Temp\ccTd6q4c.s:568    .text.HAL_TIM_PWM_MspInit:00000000 $t
C:\Users\Prashant\AppData\Local\Temp\ccTd6q4c.s:575    .text.HAL_TIM_PWM_MspInit:00000000 HAL_TIM_PWM_MspInit
C:\Users\Prashant\AppData\Local\Temp\ccTd6q4c.s:651    .text.HAL_TIM_PWM_MspInit:0000005c $d
C:\Users\Prashant\AppData\Local\Temp\ccTd6q4c.s:656    .text.HAL_TIM_MspPostInit:00000000 $t
C:\Users\Prashant\AppData\Local\Temp\ccTd6q4c.s:663    .text.HAL_TIM_MspPostInit:00000000 HAL_TIM_MspPostInit
C:\Users\Prashant\AppData\Local\Temp\ccTd6q4c.s:736    .text.HAL_TIM_MspPostInit:00000054 $d
C:\Users\Prashant\AppData\Local\Temp\ccTd6q4c.s:742    .text.MX_TIM8_Init:00000000 $t
C:\Users\Prashant\AppData\Local\Temp\ccTd6q4c.s:749    .text.MX_TIM8_Init:00000000 MX_TIM8_Init
C:\Users\Prashant\AppData\Local\Temp\ccTd6q4c.s:926    .text.MX_TIM8_Init:000000dc $d
                            *COM*:0000003c htim8
C:\Users\Prashant\AppData\Local\Temp\ccTd6q4c.s:932    .text.HAL_TIM_Encoder_MspDeInit:00000000 $t
C:\Users\Prashant\AppData\Local\Temp\ccTd6q4c.s:939    .text.HAL_TIM_Encoder_MspDeInit:00000000 HAL_TIM_Encoder_MspDeInit
C:\Users\Prashant\AppData\Local\Temp\ccTd6q4c.s:1018   .text.HAL_TIM_Encoder_MspDeInit:00000064 $d
C:\Users\Prashant\AppData\Local\Temp\ccTd6q4c.s:1028   .text.HAL_TIM_PWM_MspDeInit:00000000 $t
C:\Users\Prashant\AppData\Local\Temp\ccTd6q4c.s:1035   .text.HAL_TIM_PWM_MspDeInit:00000000 HAL_TIM_PWM_MspDeInit
C:\Users\Prashant\AppData\Local\Temp\ccTd6q4c.s:1081   .text.HAL_TIM_PWM_MspDeInit:0000002c $d

UNDEFINED SYMBOLS
memset
HAL_TIM_Encoder_Init
HAL_TIMEx_MasterConfigSynchronization
Error_Handler
HAL_GPIO_Init
HAL_NVIC_SetPriority
HAL_NVIC_EnableIRQ
HAL_TIM_PWM_Init
HAL_TIM_PWM_ConfigChannel
HAL_TIMEx_ConfigBreakDeadTime
HAL_GPIO_DeInit
HAL_NVIC_DisableIRQ
