ARM GAS  C:\Users\Prashant\AppData\Local\Temp\cctXe7NU.s 			page 1


   1              		.cpu cortex-m4
   2              		.eabi_attribute 27, 1
   3              		.eabi_attribute 28, 1
   4              		.eabi_attribute 20, 1
   5              		.eabi_attribute 21, 1
   6              		.eabi_attribute 23, 3
   7              		.eabi_attribute 24, 1
   8              		.eabi_attribute 25, 1
   9              		.eabi_attribute 26, 1
  10              		.eabi_attribute 30, 1
  11              		.eabi_attribute 34, 1
  12              		.eabi_attribute 18, 4
  13              		.file	"play.cpp"
  14              		.text
  15              	.Ltext0:
  16              		.cfi_sections	.debug_frame
  17              		.section	.text._ZN7EncoderD2Ev,"axG",%progbits,_ZN7EncoderD5Ev,comdat
  18              		.align	1
  19              		.weak	_ZN7EncoderD2Ev
  20              		.syntax unified
  21              		.thumb
  22              		.thumb_func
  23              		.fpu fpv4-sp-d16
  25              	_ZN7EncoderD2Ev:
  26              	.LFB460:
  27              		.file 1 "Core/Inc/devs/encoder.h"
   1:Core/Inc/devs/encoder.h **** /*
   2:Core/Inc/devs/encoder.h ****  * encoder.h
   3:Core/Inc/devs/encoder.h ****  * 
   4:Core/Inc/devs/encoder.h ****  * Created : 11/16/2018
   5:Core/Inc/devs/encoder.h ****  *  Author : n-is
   6:Core/Inc/devs/encoder.h ****  *   email : 073bex422.nischal@pcampus.edu.np
   7:Core/Inc/devs/encoder.h ****  */
   8:Core/Inc/devs/encoder.h **** 
   9:Core/Inc/devs/encoder.h **** #ifndef _ENCODER_H_
  10:Core/Inc/devs/encoder.h **** #define _ENCODER_H_
  11:Core/Inc/devs/encoder.h **** 
  12:Core/Inc/devs/encoder.h **** #include "periphs/gpio.h"
  13:Core/Inc/devs/encoder.h **** #include "sensor.h"
  14:Core/Inc/devs/encoder.h **** 
  15:Core/Inc/devs/encoder.h **** struct Enc
  16:Core/Inc/devs/encoder.h **** {
  17:Core/Inc/devs/encoder.h ****         GPIO_TypeDef *chB_port;
  18:Core/Inc/devs/encoder.h ****         uint16_t chB_pin;
  19:Core/Inc/devs/encoder.h ****         int32_t count;
  20:Core/Inc/devs/encoder.h ****         float radius;
  21:Core/Inc/devs/encoder.h **** };
  22:Core/Inc/devs/encoder.h **** 
  23:Core/Inc/devs/encoder.h **** void Enc_HandleCount(struct Enc *enc);
  24:Core/Inc/devs/encoder.h **** 
  25:Core/Inc/devs/encoder.h **** 
  26:Core/Inc/devs/encoder.h **** class Encoder : public Sensor
  27:Core/Inc/devs/encoder.h **** {
  28:Core/Inc/devs/encoder.h **** public:
  29:Core/Inc/devs/encoder.h ****         Encoder() = default;
  30:Core/Inc/devs/encoder.h ****         Encoder(Encoder &&) = default;
  31:Core/Inc/devs/encoder.h ****         Encoder(const Encoder &) = default;
ARM GAS  C:\Users\Prashant\AppData\Local\Temp\cctXe7NU.s 			page 2


  32:Core/Inc/devs/encoder.h ****         Encoder &operator=(Encoder &&) = default;
  33:Core/Inc/devs/encoder.h ****         Encoder &operator=(const Encoder &) = default;
  34:Core/Inc/devs/encoder.h ****         ~Encoder() { }
  28              		.loc 1 34 0
  29              		.cfi_startproc
  30              		@ args = 0, pretend = 0, frame = 0
  31              		@ frame_needed = 0, uses_anonymous_args = 0
  32              		@ link register save eliminated.
  33              	.LVL0:
  34              		.loc 1 34 0
  35 0000 7047     		bx	lr
  36              		.cfi_endproc
  37              	.LFE460:
  39              		.weak	_ZN7EncoderD1Ev
  40              		.thumb_set _ZN7EncoderD1Ev,_ZN7EncoderD2Ev
  41              		.section	.text._ZN5LidarD2Ev,"axG",%progbits,_ZN5LidarD5Ev,comdat
  42              		.align	1
  43              		.weak	_ZN5LidarD2Ev
  44              		.syntax unified
  45              		.thumb
  46              		.thumb_func
  47              		.fpu fpv4-sp-d16
  49              	_ZN5LidarD2Ev:
  50              	.LFB470:
  51              		.file 2 "Core/Inc/devs/lidar.h"
   1:Core/Inc/devs/lidar.h **** /*
   2:Core/Inc/devs/lidar.h ****  * lidar.h
   3:Core/Inc/devs/lidar.h ****  * 
   4:Core/Inc/devs/lidar.h ****  * Created : 11/9/2018
   5:Core/Inc/devs/lidar.h ****  *  Author : n-is
   6:Core/Inc/devs/lidar.h ****  *   email : 073bex422.nischal@pcampus.edu.np
   7:Core/Inc/devs/lidar.h ****  */
   8:Core/Inc/devs/lidar.h **** 
   9:Core/Inc/devs/lidar.h **** #ifndef _LIDAR_H_
  10:Core/Inc/devs/lidar.h **** #define _LIDAR_H_
  11:Core/Inc/devs/lidar.h **** 
  12:Core/Inc/devs/lidar.h **** #include "sensor.h"
  13:Core/Inc/devs/lidar.h **** 
  14:Core/Inc/devs/lidar.h **** void LIDAR_Init();
  15:Core/Inc/devs/lidar.h **** uint16_t LIDAR_Read();
  16:Core/Inc/devs/lidar.h **** void LIDAR_UART3_RxCpltCallback();
  17:Core/Inc/devs/lidar.h **** bool LIDAR_IsEmpty();
  18:Core/Inc/devs/lidar.h **** 
  19:Core/Inc/devs/lidar.h **** class Lidar : public Sensor
  20:Core/Inc/devs/lidar.h **** {
  21:Core/Inc/devs/lidar.h **** public:
  22:Core/Inc/devs/lidar.h ****         Lidar() = default;
  23:Core/Inc/devs/lidar.h ****         Lidar(Lidar &&) = default;
  24:Core/Inc/devs/lidar.h ****         Lidar(const Lidar &) = default;
  25:Core/Inc/devs/lidar.h ****         Lidar &operator=(Lidar &&) = default;
  26:Core/Inc/devs/lidar.h ****         Lidar &operator=(const Lidar &) = default;
  27:Core/Inc/devs/lidar.h ****         ~Lidar() { }
  52              		.loc 2 27 0
  53              		.cfi_startproc
  54              		@ args = 0, pretend = 0, frame = 0
  55              		@ frame_needed = 0, uses_anonymous_args = 0
  56              		@ link register save eliminated.
ARM GAS  C:\Users\Prashant\AppData\Local\Temp\cctXe7NU.s 			page 3


  57              	.LVL1:
  58              		.loc 2 27 0
  59 0000 7047     		bx	lr
  60              		.cfi_endproc
  61              	.LFE470:
  63              		.weak	_ZN5LidarD1Ev
  64              		.thumb_set _ZN5LidarD1Ev,_ZN5LidarD2Ev
  65              		.section	.text._ZN14PositionSensorD2Ev,"axG",%progbits,_ZN14PositionSensorD5Ev,comdat
  66              		.align	1
  67              		.weak	_ZN14PositionSensorD2Ev
  68              		.syntax unified
  69              		.thumb
  70              		.thumb_func
  71              		.fpu fpv4-sp-d16
  73              	_ZN14PositionSensorD2Ev:
  74              	.LFB485:
  75              		.file 3 "Core/Inc/devs/position_sensor.h"
   1:Core/Inc/devs/position_sensor.h **** /*
   2:Core/Inc/devs/position_sensor.h ****  * position_sensor.h
   3:Core/Inc/devs/position_sensor.h ****  * 
   4:Core/Inc/devs/position_sensor.h ****  * Created : 11/29/2018
   5:Core/Inc/devs/position_sensor.h ****  *  Author : n-is
   6:Core/Inc/devs/position_sensor.h ****  *   email : 073bex422.nischal@pcampus.edu.np
   7:Core/Inc/devs/position_sensor.h ****  */
   8:Core/Inc/devs/position_sensor.h **** 
   9:Core/Inc/devs/position_sensor.h **** #ifndef _POSITION_SENSOR_H_
  10:Core/Inc/devs/position_sensor.h **** #define _POSITION_SENSOR_H_
  11:Core/Inc/devs/position_sensor.h **** 
  12:Core/Inc/devs/position_sensor.h **** #include "utils/vec3.h"
  13:Core/Inc/devs/position_sensor.h **** #include "sensor.h"
  14:Core/Inc/devs/position_sensor.h **** 
  15:Core/Inc/devs/position_sensor.h **** #define MAX_POSITION_SENSORS    (4)
  16:Core/Inc/devs/position_sensor.h **** 
  17:Core/Inc/devs/position_sensor.h **** class PositionSensor
  18:Core/Inc/devs/position_sensor.h **** {
  19:Core/Inc/devs/position_sensor.h **** public:
  20:Core/Inc/devs/position_sensor.h ****         PositionSensor() {
  21:Core/Inc/devs/position_sensor.h ****                 sensor_count = 0;
  22:Core/Inc/devs/position_sensor.h ****         }
  23:Core/Inc/devs/position_sensor.h ****         PositionSensor(PositionSensor &&) = default;
  24:Core/Inc/devs/position_sensor.h ****         PositionSensor(const PositionSensor &) = default;
  25:Core/Inc/devs/position_sensor.h ****         PositionSensor &operator=(PositionSensor &&) = default;
  26:Core/Inc/devs/position_sensor.h ****         PositionSensor &operator=(const PositionSensor &) = default;
  27:Core/Inc/devs/position_sensor.h ****         ~PositionSensor() { }
  76              		.loc 3 27 0
  77              		.cfi_startproc
  78              		@ args = 0, pretend = 0, frame = 0
  79              		@ frame_needed = 0, uses_anonymous_args = 0
  80              		@ link register save eliminated.
  81              	.LVL2:
  82              		.loc 3 27 0
  83 0000 7047     		bx	lr
  84              		.cfi_endproc
  85              	.LFE485:
  87              		.weak	_ZN14PositionSensorD1Ev
  88              		.thumb_set _ZN14PositionSensorD1Ev,_ZN14PositionSensorD2Ev
  89              		.section	.text._ZN5RobotD2Ev,"axG",%progbits,_ZN5RobotD5Ev,comdat
ARM GAS  C:\Users\Prashant\AppData\Local\Temp\cctXe7NU.s 			page 4


  90              		.align	1
  91              		.weak	_ZN5RobotD2Ev
  92              		.syntax unified
  93              		.thumb
  94              		.thumb_func
  95              		.fpu fpv4-sp-d16
  97              	_ZN5RobotD2Ev:
  98              	.LFB599:
  99              		.file 4 "Core/Inc/robot/robot.h"
   1:Core/Inc/robot/robot.h **** #ifndef _ROBOT_H_
   2:Core/Inc/robot/robot.h **** #define _ROBOT_H_
   3:Core/Inc/robot/robot.h **** 
   4:Core/Inc/robot/robot.h **** #include "robo_states.h"
   5:Core/Inc/robot/robot.h **** #include "devs/wheeler.h"
   6:Core/Inc/robot/robot.h **** #include "devs/position_sensor.h"
   7:Core/Inc/robot/robot.h **** 
   8:Core/Inc/robot/robot.h **** extern ForestA gPointA;
   9:Core/Inc/robot/robot.h **** extern ForestH gPointH;
  10:Core/Inc/robot/robot.h **** 
  11:Core/Inc/robot/robot.h **** class Robot
  12:Core/Inc/robot/robot.h **** {
  13:Core/Inc/robot/robot.h **** public:
  14:Core/Inc/robot/robot.h ****         Robot() {
  15:Core/Inc/robot/robot.h ****                 state_ = &gPointA;
  16:Core/Inc/robot/robot.h ****                 // state_ = &gPointH;
  17:Core/Inc/robot/robot.h ****                 pos_ = 0;
  18:Core/Inc/robot/robot.h ****                 is_first_reading_ = true;
  19:Core/Inc/robot/robot.h ****                 first_heading_ = 0;
  20:Core/Inc/robot/robot.h ****         }
  21:Core/Inc/robot/robot.h ****         Robot(Robot &&) = default;
  22:Core/Inc/robot/robot.h ****         Robot(const Robot &) = default;
  23:Core/Inc/robot/robot.h ****         Robot &operator=(Robot &&) = default;
  24:Core/Inc/robot/robot.h ****         Robot &operator=(const Robot &) = default;
  25:Core/Inc/robot/robot.h ****         ~Robot() { }
 100              		.loc 4 25 0
 101              		.cfi_startproc
 102              		@ args = 0, pretend = 0, frame = 0
 103              		@ frame_needed = 0, uses_anonymous_args = 0
 104              		@ link register save eliminated.
 105              	.LVL3:
 106              		.loc 4 25 0
 107 0000 7047     		bx	lr
 108              		.cfi_endproc
 109              	.LFE599:
 111              		.weak	_ZN5RobotD1Ev
 112              		.thumb_set _ZN5RobotD1Ev,_ZN5RobotD2Ev
 113              		.section	.text._Z41__static_initialization_and_destruction_0ii,"ax",%progbits
 114              		.align	1
 115              		.syntax unified
 116              		.thumb
 117              		.thumb_func
 118              		.fpu fpv4-sp-d16
 120              	_Z41__static_initialization_and_destruction_0ii:
 121              	.LFB611:
 122              		.file 5 "Core/Src/robot/play.cpp"
   1:Core/Src/robot/play.cpp **** /*
   2:Core/Src/robot/play.cpp ****  * play.cpp
ARM GAS  C:\Users\Prashant\AppData\Local\Temp\cctXe7NU.s 			page 5


   3:Core/Src/robot/play.cpp ****  * 
   4:Core/Src/robot/play.cpp ****  * Created : 11/9/2018
   5:Core/Src/robot/play.cpp ****  *  Author : n-is
   6:Core/Src/robot/play.cpp ****  *   email : 073bex422.nischal@pcampus.edu.np
   7:Core/Src/robot/play.cpp ****  */
   8:Core/Src/robot/play.cpp **** 
   9:Core/Src/robot/play.cpp **** #include <math.h>
  10:Core/Src/robot/play.cpp **** #include "robot/play.h"
  11:Core/Src/robot/play.cpp **** #include "devs/sensor.h"
  12:Core/Src/robot/play.cpp **** #include "devs/position_sensor.h"
  13:Core/Src/robot/play.cpp **** 
  14:Core/Src/robot/play.cpp **** #include "robot/robot.h"
  15:Core/Src/robot/play.cpp **** 
  16:Core/Src/robot/play.cpp **** 
  17:Core/Src/robot/play.cpp **** #define MAX_POSSIBLE_OMEGA      (40)
  18:Core/Src/robot/play.cpp **** 
  19:Core/Src/robot/play.cpp **** float gFirst_Heading = 0;
  20:Core/Src/robot/play.cpp **** bool gIs_First_Heading = true;
  21:Core/Src/robot/play.cpp **** 
  22:Core/Src/robot/play.cpp **** 
  23:Core/Src/robot/play.cpp **** Encoder gXEncoder(&gXEnc, SensorName::XEncoder);
  24:Core/Src/robot/play.cpp **** Encoder gYEncoder(&gYEnc, SensorName::YEncoder);
  25:Core/Src/robot/play.cpp **** Lidar gXLidar(SensorName::XLidar);
  26:Core/Src/robot/play.cpp **** PositionSensor gPSensor;
  27:Core/Src/robot/play.cpp **** 
  28:Core/Src/robot/play.cpp **** Robot gKhangaiRobot;
  29:Core/Src/robot/play.cpp **** 
  30:Core/Src/robot/play.cpp **** void setup(uint32_t dt_millis)
  31:Core/Src/robot/play.cpp **** {
  32:Core/Src/robot/play.cpp ****         gPSensor.add_Sensor(&gXEncoder);
  33:Core/Src/robot/play.cpp ****         gPSensor.add_Sensor(&gYEncoder);
  34:Core/Src/robot/play.cpp ****         gPSensor.add_Sensor(&gXLidar);
  35:Core/Src/robot/play.cpp **** 
  36:Core/Src/robot/play.cpp ****         gKhangaiRobot.set_PositionSensor(&gPSensor);
  37:Core/Src/robot/play.cpp **** }
  38:Core/Src/robot/play.cpp **** 
  39:Core/Src/robot/play.cpp **** /*
  40:Core/Src/robot/play.cpp ****  * Tasks to be performed by this part of robot
  41:Core/Src/robot/play.cpp ****  TODO 1:  Read Orientation of Robot
  42:Core/Src/robot/play.cpp ****  TODO 2:  Smooth the Orientation Reading and Filter It Using CF or KF
  43:Core/Src/robot/play.cpp ****  TODO  :    -> Inclination : Gyroscope and Accelerometer
  44:Core/Src/robot/play.cpp ****  TODO  :    -> Heading : Gyroscope and Magnetometer
  45:Core/Src/robot/play.cpp ****  TODO 3:  Correct LIDAR Servo/Dynamixel if Used
  46:Core/Src/robot/play.cpp ****  TODO 4:  Read Distaces from Fences Using LIDAR
  47:Core/Src/robot/play.cpp ****  TODO 5:  Smooth the Distance Reading and Filter It using KF
  48:Core/Src/robot/play.cpp ****  TODO  :    -> should probably use enncoder for second data
  49:Core/Src/robot/play.cpp ****  TODO 6:  Calculate Four Corners of Robot using Distance and Orientation Data
  50:Core/Src/robot/play.cpp ****  TODO 7:  Transfer the Calulated values
  51:Core/Src/robot/play.cpp ****  TODO 8:  Repeat from step 1.
  52:Core/Src/robot/play.cpp ****  */
  53:Core/Src/robot/play.cpp **** 
  54:Core/Src/robot/play.cpp **** void play(uint32_t dt_millis)
  55:Core/Src/robot/play.cpp **** {
  56:Core/Src/robot/play.cpp ****         gKhangaiRobot.run(dt_millis);
  57:Core/Src/robot/play.cpp **** }
 123              		.loc 5 57 0
 124              		.cfi_startproc
ARM GAS  C:\Users\Prashant\AppData\Local\Temp\cctXe7NU.s 			page 6


 125              		@ args = 0, pretend = 0, frame = 0
 126              		@ frame_needed = 0, uses_anonymous_args = 0
 127              	.LVL4:
 128 0000 0128     		cmp	r0, #1
 129 0002 00D0     		beq	.L11
 130              	.L8:
 131 0004 7047     		bx	lr
 132              	.L11:
 133              		.loc 5 57 0 is_stmt 0 discriminator 1
 134 0006 4FF6FF73 		movw	r3, #65535
 135 000a 9942     		cmp	r1, r3
 136 000c FAD1     		bne	.L8
 137              		.loc 5 57 0
 138 000e 70B5     		push	{r4, r5, r6, lr}
 139              	.LCFI0:
 140              		.cfi_def_cfa_offset 16
 141              		.cfi_offset 4, -16
 142              		.cfi_offset 5, -12
 143              		.cfi_offset 6, -8
 144              		.cfi_offset 14, -4
 145              	.LVL5:
 146              	.LBB67:
 147              	.LBB68:
 148              	.LBB69:
  35:Core/Inc/devs/encoder.h ****         
  36:Core/Inc/devs/encoder.h ****         Encoder(struct Enc *enc, SensorName name) {
 149              		.loc 1 36 0 is_stmt 1
 150 0010 1A48     		ldr	r0, .L12
 151              	.LVL6:
 152 0012 1B4E     		ldr	r6, .L12+4
 153 0014 0660     		str	r6, [r0]
  37:Core/Inc/devs/encoder.h ****                 enc_ = enc;
 154              		.loc 1 37 0
 155 0016 1B4B     		ldr	r3, .L12+8
 156 0018 8360     		str	r3, [r0, #8]
  38:Core/Inc/devs/encoder.h ****                 name_ = name;
 157              		.loc 1 38 0
 158 001a 0223     		movs	r3, #2
 159 001c 4360     		str	r3, [r0, #4]
 160              	.LVL7:
 161              	.LBE69:
 162              	.LBE68:
 163              	.LBE67:
  23:Core/Src/robot/play.cpp **** Encoder gYEncoder(&gYEnc, SensorName::YEncoder);
 164              		.loc 5 23 0
 165 001e 1A4C     		ldr	r4, .L12+12
 166 0020 1A4D     		ldr	r5, .L12+16
 167 0022 2246     		mov	r2, r4
 168 0024 2946     		mov	r1, r5
 169              	.LVL8:
 170 0026 FFF7FEFF 		bl	__aeabi_atexit
 171              	.LVL9:
 172              	.LBB70:
 173              	.LBB71:
 174              	.LBB72:
  36:Core/Inc/devs/encoder.h ****                 enc_ = enc;
 175              		.loc 1 36 0
ARM GAS  C:\Users\Prashant\AppData\Local\Temp\cctXe7NU.s 			page 7


 176 002a 1948     		ldr	r0, .L12+20
 177 002c 0660     		str	r6, [r0]
  37:Core/Inc/devs/encoder.h ****                 name_ = name;
 178              		.loc 1 37 0
 179 002e 194B     		ldr	r3, .L12+24
 180 0030 8360     		str	r3, [r0, #8]
 181              		.loc 1 38 0
 182 0032 0323     		movs	r3, #3
 183 0034 4360     		str	r3, [r0, #4]
 184              	.LVL10:
 185              	.LBE72:
 186              	.LBE71:
 187              	.LBE70:
  24:Core/Src/robot/play.cpp **** Lidar gXLidar(SensorName::XLidar);
 188              		.loc 5 24 0
 189 0036 2246     		mov	r2, r4
 190 0038 2946     		mov	r1, r5
 191 003a FFF7FEFF 		bl	__aeabi_atexit
 192              	.LVL11:
 193              	.LBB73:
 194              	.LBB74:
 195              	.LBB75:
  28:Core/Inc/devs/lidar.h **** 
  29:Core/Inc/devs/lidar.h ****         Lidar(SensorName name) { name_ = name; }
 196              		.loc 2 29 0
 197 003e 1648     		ldr	r0, .L12+28
 198 0040 164B     		ldr	r3, .L12+32
 199 0042 0360     		str	r3, [r0]
 200 0044 0423     		movs	r3, #4
 201 0046 4360     		str	r3, [r0, #4]
 202              	.LVL12:
 203              	.LBE75:
 204              	.LBE74:
 205              	.LBE73:
  25:Core/Src/robot/play.cpp **** PositionSensor gPSensor;
 206              		.loc 5 25 0
 207 0048 2246     		mov	r2, r4
 208 004a 1549     		ldr	r1, .L12+36
 209 004c FFF7FEFF 		bl	__aeabi_atexit
 210              	.LVL13:
 211              	.LBB76:
 212              	.LBB77:
 213              	.LBB78:
  21:Core/Inc/devs/position_sensor.h ****         }
 214              		.loc 3 21 0
 215 0050 1448     		ldr	r0, .L12+40
 216 0052 0025     		movs	r5, #0
 217 0054 0574     		strb	r5, [r0, #16]
 218              	.LVL14:
 219              	.LBE78:
 220              	.LBE77:
 221              	.LBE76:
  26:Core/Src/robot/play.cpp **** 
 222              		.loc 5 26 0
 223 0056 2246     		mov	r2, r4
 224 0058 1349     		ldr	r1, .L12+44
 225 005a FFF7FEFF 		bl	__aeabi_atexit
ARM GAS  C:\Users\Prashant\AppData\Local\Temp\cctXe7NU.s 			page 8


 226              	.LVL15:
 227              	.LBB79:
 228              	.LBB80:
 229              	.LBB81:
  15:Core/Inc/robot/robot.h ****                 // state_ = &gPointH;
 230              		.loc 4 15 0
 231 005e 1348     		ldr	r0, .L12+48
 232 0060 134B     		ldr	r3, .L12+52
 233 0062 0360     		str	r3, [r0]
  17:Core/Inc/robot/robot.h ****                 is_first_reading_ = true;
 234              		.loc 4 17 0
 235 0064 4560     		str	r5, [r0, #4]
  18:Core/Inc/robot/robot.h ****                 first_heading_ = 0;
 236              		.loc 4 18 0
 237 0066 0123     		movs	r3, #1
 238 0068 80F82030 		strb	r3, [r0, #32]
  19:Core/Inc/robot/robot.h ****         }
 239              		.loc 4 19 0
 240 006c 0023     		movs	r3, #0
 241 006e 4362     		str	r3, [r0, #36]	@ float
 242              	.LVL16:
 243              	.LBE81:
 244              	.LBE80:
 245              	.LBE79:
  28:Core/Src/robot/play.cpp **** 
 246              		.loc 5 28 0
 247 0070 2246     		mov	r2, r4
 248 0072 1049     		ldr	r1, .L12+56
 249 0074 FFF7FEFF 		bl	__aeabi_atexit
 250              	.LVL17:
 251              		.loc 5 57 0
 252 0078 70BD     		pop	{r4, r5, r6, pc}
 253              	.L13:
 254 007a 00BF     		.align	2
 255              	.L12:
 256 007c 00000000 		.word	.LANCHOR0
 257 0080 08000000 		.word	_ZTV7Encoder+8
 258 0084 00000000 		.word	gXEnc
 259 0088 00000000 		.word	__dso_handle
 260 008c 00000000 		.word	_ZN7EncoderD1Ev
 261 0090 00000000 		.word	.LANCHOR1
 262 0094 00000000 		.word	gYEnc
 263 0098 00000000 		.word	.LANCHOR2
 264 009c 08000000 		.word	_ZTV5Lidar+8
 265 00a0 00000000 		.word	_ZN5LidarD1Ev
 266 00a4 00000000 		.word	.LANCHOR3
 267 00a8 00000000 		.word	_ZN14PositionSensorD1Ev
 268 00ac 00000000 		.word	.LANCHOR4
 269 00b0 00000000 		.word	gPointA
 270 00b4 00000000 		.word	_ZN5RobotD1Ev
 271              		.cfi_endproc
 272              	.LFE611:
 274              		.section	.text._ZN7EncoderD0Ev,"axG",%progbits,_ZN7EncoderD5Ev,comdat
 275              		.align	1
 276              		.weak	_ZN7EncoderD0Ev
 277              		.syntax unified
 278              		.thumb
ARM GAS  C:\Users\Prashant\AppData\Local\Temp\cctXe7NU.s 			page 9


 279              		.thumb_func
 280              		.fpu fpv4-sp-d16
 282              	_ZN7EncoderD0Ev:
 283              	.LFB462:
  34:Core/Inc/devs/encoder.h ****         
 284              		.loc 1 34 0
 285              		.cfi_startproc
 286              		@ args = 0, pretend = 0, frame = 0
 287              		@ frame_needed = 0, uses_anonymous_args = 0
 288              	.LVL18:
 289 0000 10B5     		push	{r4, lr}
 290              	.LCFI1:
 291              		.cfi_def_cfa_offset 8
 292              		.cfi_offset 4, -8
 293              		.cfi_offset 14, -4
 294 0002 0446     		mov	r4, r0
  34:Core/Inc/devs/encoder.h ****         
 295              		.loc 1 34 0
 296 0004 0C21     		movs	r1, #12
 297 0006 FFF7FEFF 		bl	_ZdlPvj
 298              	.LVL19:
 299 000a 2046     		mov	r0, r4
 300 000c 10BD     		pop	{r4, pc}
 301              		.cfi_endproc
 302              	.LFE462:
 304              		.section	.text._ZN5LidarD0Ev,"axG",%progbits,_ZN5LidarD5Ev,comdat
 305              		.align	1
 306              		.weak	_ZN5LidarD0Ev
 307              		.syntax unified
 308              		.thumb
 309              		.thumb_func
 310              		.fpu fpv4-sp-d16
 312              	_ZN5LidarD0Ev:
 313              	.LFB472:
  27:Core/Inc/devs/lidar.h **** 
 314              		.loc 2 27 0
 315              		.cfi_startproc
 316              		@ args = 0, pretend = 0, frame = 0
 317              		@ frame_needed = 0, uses_anonymous_args = 0
 318              	.LVL20:
 319 0000 10B5     		push	{r4, lr}
 320              	.LCFI2:
 321              		.cfi_def_cfa_offset 8
 322              		.cfi_offset 4, -8
 323              		.cfi_offset 14, -4
 324 0002 0446     		mov	r4, r0
  27:Core/Inc/devs/lidar.h **** 
 325              		.loc 2 27 0
 326 0004 0821     		movs	r1, #8
 327 0006 FFF7FEFF 		bl	_ZdlPvj
 328              	.LVL21:
 329 000a 2046     		mov	r0, r4
 330 000c 10BD     		pop	{r4, pc}
 331              		.cfi_endproc
 332              	.LFE472:
 334              		.section	.text._Z5setupm,"ax",%progbits
 335              		.align	1
ARM GAS  C:\Users\Prashant\AppData\Local\Temp\cctXe7NU.s 			page 10


 336              		.global	_Z5setupm
 337              		.syntax unified
 338              		.thumb
 339              		.thumb_func
 340              		.fpu fpv4-sp-d16
 342              	_Z5setupm:
 343              	.LFB605:
  31:Core/Src/robot/play.cpp ****         gPSensor.add_Sensor(&gXEncoder);
 344              		.loc 5 31 0
 345              		.cfi_startproc
 346              		@ args = 0, pretend = 0, frame = 0
 347              		@ frame_needed = 0, uses_anonymous_args = 0
 348              		@ link register save eliminated.
 349              	.LVL22:
 350              	.LBB82:
 351              	.LBB83:
 352              	.LBB84:
  28:Core/Inc/devs/position_sensor.h **** 
  29:Core/Inc/devs/position_sensor.h ****         // Add sensor so that it can be used for calculating position
  30:Core/Inc/devs/position_sensor.h ****         void add_Sensor(Sensor *sen) {
  31:Core/Inc/devs/position_sensor.h ****                 for (uint8_t i = 0; i < sensor_count; ++i) {
 353              		.loc 3 31 0
 354 0000 0023     		movs	r3, #0
 355              	.LVL23:
 356              	.L21:
 357 0002 224A     		ldr	r2, .L28
 358 0004 127C     		ldrb	r2, [r2, #16]	@ zero_extendqisi2
 359 0006 9A42     		cmp	r2, r3
 360 0008 0AD9     		bls	.L19
  32:Core/Inc/devs/position_sensor.h ****                         if (*p_sensors_[i] == *sen) {
 361              		.loc 3 32 0
 362 000a 204A     		ldr	r2, .L28
 363 000c 52F82320 		ldr	r2, [r2, r3, lsl #2]
 364              	.LVL24:
 365              	.LBB85:
 366              	.LBB86:
 367              		.file 6 "Core/Inc/devs/sensor.h"
   1:Core/Inc/devs/sensor.h **** /*
   2:Core/Inc/devs/sensor.h ****  * sensor.h
   3:Core/Inc/devs/sensor.h ****  * 
   4:Core/Inc/devs/sensor.h ****  * Created : 11/29/2018
   5:Core/Inc/devs/sensor.h ****  *  Author : n-is
   6:Core/Inc/devs/sensor.h ****  *   email : 073bex422.nischal@pcampus.edu.np
   7:Core/Inc/devs/sensor.h ****  */
   8:Core/Inc/devs/sensor.h **** 
   9:Core/Inc/devs/sensor.h **** #ifndef _SENSOR_H_
  10:Core/Inc/devs/sensor.h **** #define _SENSOR_H_
  11:Core/Inc/devs/sensor.h **** 
  12:Core/Inc/devs/sensor.h **** enum class SensorName
  13:Core/Inc/devs/sensor.h **** {
  14:Core/Inc/devs/sensor.h ****         Gyro,
  15:Core/Inc/devs/sensor.h ****         Compass,
  16:Core/Inc/devs/sensor.h ****         XEncoder,
  17:Core/Inc/devs/sensor.h ****         YEncoder,
  18:Core/Inc/devs/sensor.h ****         XLidar,
  19:Core/Inc/devs/sensor.h ****         YLidar
  20:Core/Inc/devs/sensor.h **** };
ARM GAS  C:\Users\Prashant\AppData\Local\Temp\cctXe7NU.s 			page 11


  21:Core/Inc/devs/sensor.h **** 
  22:Core/Inc/devs/sensor.h **** class Sensor
  23:Core/Inc/devs/sensor.h **** {
  24:Core/Inc/devs/sensor.h **** public:
  25:Core/Inc/devs/sensor.h ****         Sensor() = default;
  26:Core/Inc/devs/sensor.h ****         Sensor(Sensor &&) = default;
  27:Core/Inc/devs/sensor.h ****         Sensor(const Sensor &) = default;
  28:Core/Inc/devs/sensor.h ****         Sensor &operator=(Sensor &&) = default;
  29:Core/Inc/devs/sensor.h ****         Sensor &operator=(const Sensor &) = default;
  30:Core/Inc/devs/sensor.h ****         virtual ~Sensor() { }
  31:Core/Inc/devs/sensor.h **** 
  32:Core/Inc/devs/sensor.h ****         virtual int init() = 0;
  33:Core/Inc/devs/sensor.h ****         SensorName get_Name() { return name_; }
  34:Core/Inc/devs/sensor.h ****         virtual float read() = 0;
  35:Core/Inc/devs/sensor.h ****         virtual bool available() = 0;
  36:Core/Inc/devs/sensor.h ****         virtual void denit() = 0;
  37:Core/Inc/devs/sensor.h **** 
  38:Core/Inc/devs/sensor.h ****         friend bool operator==(Sensor &sen1, Sensor &sen2) { return (sen1.name_ == sen2.name_); }
 368              		.loc 6 38 0
 369 0010 5168     		ldr	r1, [r2, #4]
 370 0012 1F4A     		ldr	r2, .L28+4
 371              	.LVL25:
 372 0014 5268     		ldr	r2, [r2, #4]
 373              	.LVL26:
 374              	.LBE86:
 375              	.LBE85:
 376              		.loc 3 32 0
 377 0016 9142     		cmp	r1, r2
 378 0018 08D0     		beq	.L20
  31:Core/Inc/devs/position_sensor.h ****                         if (*p_sensors_[i] == *sen) {
 379              		.loc 3 31 0
 380 001a 0133     		adds	r3, r3, #1
 381              	.LVL27:
 382 001c DBB2     		uxtb	r3, r3
 383              	.LVL28:
 384 001e F0E7     		b	.L21
 385              	.L19:
 386              	.LBE84:
  33:Core/Inc/devs/position_sensor.h ****                                 return;
  34:Core/Inc/devs/position_sensor.h ****                         }
  35:Core/Inc/devs/position_sensor.h ****                 }
  36:Core/Inc/devs/position_sensor.h ****                 p_sensors_[sensor_count++] = sen;
 387              		.loc 3 36 0
 388 0020 1A4B     		ldr	r3, .L28
 389              	.LVL29:
 390 0022 511C     		adds	r1, r2, #1
 391 0024 1974     		strb	r1, [r3, #16]
 392 0026 1A49     		ldr	r1, .L28+4
 393 0028 43F82210 		str	r1, [r3, r2, lsl #2]
 394              	.L20:
 395              	.LBB87:
  31:Core/Inc/devs/position_sensor.h ****                         if (*p_sensors_[i] == *sen) {
 396              		.loc 3 31 0
 397 002c 0023     		movs	r3, #0
 398              	.L24:
 399              	.LVL30:
 400              	.LBE87:
ARM GAS  C:\Users\Prashant\AppData\Local\Temp\cctXe7NU.s 			page 12


 401              	.LBE83:
 402              	.LBE82:
 403              	.LBB90:
 404              	.LBB91:
 405              	.LBB92:
 406 002e 174A     		ldr	r2, .L28
 407 0030 127C     		ldrb	r2, [r2, #16]	@ zero_extendqisi2
 408 0032 9A42     		cmp	r2, r3
 409 0034 0AD9     		bls	.L22
  32:Core/Inc/devs/position_sensor.h ****                                 return;
 410              		.loc 3 32 0
 411 0036 154A     		ldr	r2, .L28
 412 0038 52F82320 		ldr	r2, [r2, r3, lsl #2]
 413              	.LVL31:
 414              	.LBB93:
 415              	.LBB94:
 416              		.loc 6 38 0
 417 003c 5168     		ldr	r1, [r2, #4]
 418 003e 154A     		ldr	r2, .L28+8
 419              	.LVL32:
 420 0040 5268     		ldr	r2, [r2, #4]
 421              	.LVL33:
 422              	.LBE94:
 423              	.LBE93:
  32:Core/Inc/devs/position_sensor.h ****                                 return;
 424              		.loc 3 32 0
 425 0042 9142     		cmp	r1, r2
 426 0044 08D0     		beq	.L23
  31:Core/Inc/devs/position_sensor.h ****                         if (*p_sensors_[i] == *sen) {
 427              		.loc 3 31 0
 428 0046 0133     		adds	r3, r3, #1
 429              	.LVL34:
 430 0048 DBB2     		uxtb	r3, r3
 431              	.LVL35:
 432 004a F0E7     		b	.L24
 433              	.L22:
 434              	.LBE92:
 435              		.loc 3 36 0
 436 004c 0F4B     		ldr	r3, .L28
 437              	.LVL36:
 438 004e 511C     		adds	r1, r2, #1
 439 0050 1974     		strb	r1, [r3, #16]
 440 0052 1049     		ldr	r1, .L28+8
 441 0054 43F82210 		str	r1, [r3, r2, lsl #2]
 442              	.L23:
 443              	.LBE91:
 444              	.LBE90:
 445              	.LBB95:
 446              	.LBB89:
 447              	.LBB88:
  31:Core/Inc/devs/position_sensor.h ****                         if (*p_sensors_[i] == *sen) {
 448              		.loc 3 31 0
 449 0058 0023     		movs	r3, #0
 450              	.L27:
 451              	.LVL37:
 452              	.LBE88:
 453              	.LBE89:
ARM GAS  C:\Users\Prashant\AppData\Local\Temp\cctXe7NU.s 			page 13


 454              	.LBE95:
 455              	.LBB96:
 456              	.LBB97:
 457              	.LBB98:
 458 005a 0C4A     		ldr	r2, .L28
 459 005c 127C     		ldrb	r2, [r2, #16]	@ zero_extendqisi2
 460 005e 9A42     		cmp	r2, r3
 461 0060 0AD9     		bls	.L25
  32:Core/Inc/devs/position_sensor.h ****                                 return;
 462              		.loc 3 32 0
 463 0062 0A4A     		ldr	r2, .L28
 464 0064 52F82320 		ldr	r2, [r2, r3, lsl #2]
 465              	.LVL38:
 466              	.LBB99:
 467              	.LBB100:
 468              		.loc 6 38 0
 469 0068 5168     		ldr	r1, [r2, #4]
 470 006a 0B4A     		ldr	r2, .L28+12
 471              	.LVL39:
 472 006c 5268     		ldr	r2, [r2, #4]
 473              	.LVL40:
 474              	.LBE100:
 475              	.LBE99:
  32:Core/Inc/devs/position_sensor.h ****                                 return;
 476              		.loc 3 32 0
 477 006e 9142     		cmp	r1, r2
 478 0070 08D0     		beq	.L26
  31:Core/Inc/devs/position_sensor.h ****                         if (*p_sensors_[i] == *sen) {
 479              		.loc 3 31 0
 480 0072 0133     		adds	r3, r3, #1
 481              	.LVL41:
 482 0074 DBB2     		uxtb	r3, r3
 483              	.LVL42:
 484 0076 F0E7     		b	.L27
 485              	.L25:
 486              	.LBE98:
 487              		.loc 3 36 0
 488 0078 044B     		ldr	r3, .L28
 489              	.LVL43:
 490 007a 511C     		adds	r1, r2, #1
 491 007c 1974     		strb	r1, [r3, #16]
 492 007e 0649     		ldr	r1, .L28+12
 493 0080 43F82210 		str	r1, [r3, r2, lsl #2]
 494              	.L26:
 495              	.LVL44:
 496              	.LBE97:
 497              	.LBE96:
 498              	.LBB101:
 499              	.LBB102:
  26:Core/Inc/robot/robot.h **** 
  27:Core/Inc/robot/robot.h ****         void set_State(Robo_States *state) { state_ = state; }
  28:Core/Inc/robot/robot.h ****         Robo_States *get_State() { return state_; }    
  29:Core/Inc/robot/robot.h ****         void set_PositionSensor(PositionSensor *pos) { pos_ = pos; }
 500              		.loc 4 29 0
 501 0084 054B     		ldr	r3, .L28+16
 502 0086 014A     		ldr	r2, .L28
 503 0088 5A60     		str	r2, [r3, #4]
ARM GAS  C:\Users\Prashant\AppData\Local\Temp\cctXe7NU.s 			page 14


 504              	.LVL45:
 505              	.LBE102:
 506              	.LBE101:
  37:Core/Src/robot/play.cpp **** 
 507              		.loc 5 37 0
 508 008a 7047     		bx	lr
 509              	.L29:
 510              		.align	2
 511              	.L28:
 512 008c 00000000 		.word	.LANCHOR3
 513 0090 00000000 		.word	.LANCHOR0
 514 0094 00000000 		.word	.LANCHOR1
 515 0098 00000000 		.word	.LANCHOR2
 516 009c 00000000 		.word	.LANCHOR4
 517              		.cfi_endproc
 518              	.LFE605:
 520              		.section	.text._Z4playm,"ax",%progbits
 521              		.align	1
 522              		.global	_Z4playm
 523              		.syntax unified
 524              		.thumb
 525              		.thumb_func
 526              		.fpu fpv4-sp-d16
 528              	_Z4playm:
 529              	.LFB606:
  55:Core/Src/robot/play.cpp ****         gKhangaiRobot.run(dt_millis);
 530              		.loc 5 55 0
 531              		.cfi_startproc
 532              		@ args = 0, pretend = 0, frame = 0
 533              		@ frame_needed = 0, uses_anonymous_args = 0
 534              	.LVL46:
 535 0000 08B5     		push	{r3, lr}
 536              	.LCFI3:
 537              		.cfi_def_cfa_offset 8
 538              		.cfi_offset 3, -8
 539              		.cfi_offset 14, -4
  56:Core/Src/robot/play.cpp **** }
 540              		.loc 5 56 0
 541 0002 0146     		mov	r1, r0
 542 0004 0148     		ldr	r0, .L32
 543              	.LVL47:
 544 0006 FFF7FEFF 		bl	_ZN5Robot3runEm
 545              	.LVL48:
 546              		.loc 5 57 0
 547 000a 08BD     		pop	{r3, pc}
 548              	.L33:
 549              		.align	2
 550              	.L32:
 551 000c 00000000 		.word	.LANCHOR4
 552              		.cfi_endproc
 553              	.LFE606:
 555              		.section	.text._GLOBAL__sub_I_gFirst_Heading,"ax",%progbits
 556              		.align	1
 557              		.syntax unified
 558              		.thumb
 559              		.thumb_func
 560              		.fpu fpv4-sp-d16
ARM GAS  C:\Users\Prashant\AppData\Local\Temp\cctXe7NU.s 			page 15


 562              	_GLOBAL__sub_I_gFirst_Heading:
 563              	.LFB612:
 564              		.loc 5 57 0
 565              		.cfi_startproc
 566              		@ args = 0, pretend = 0, frame = 0
 567              		@ frame_needed = 0, uses_anonymous_args = 0
 568 0000 08B5     		push	{r3, lr}
 569              	.LCFI4:
 570              		.cfi_def_cfa_offset 8
 571              		.cfi_offset 3, -8
 572              		.cfi_offset 14, -4
 573              		.loc 5 57 0
 574 0002 4FF6FF71 		movw	r1, #65535
 575 0006 0120     		movs	r0, #1
 576 0008 FFF7FEFF 		bl	_Z41__static_initialization_and_destruction_0ii
 577              	.LVL49:
 578 000c 08BD     		pop	{r3, pc}
 579              		.cfi_endproc
 580              	.LFE612:
 582              		.section	.init_array,"aw",%init_array
 583              		.align	2
 584 0000 00000000 		.word	_GLOBAL__sub_I_gFirst_Heading(target1)
 585              		.global	gKhangaiRobot
 586              		.global	gPSensor
 587              		.global	gXLidar
 588              		.global	gYEncoder
 589              		.global	gXEncoder
 590              		.global	gIs_First_Heading
 591              		.global	gFirst_Heading
 592              		.section	.bss.gFirst_Heading,"aw",%nobits
 593              		.align	2
 596              	gFirst_Heading:
 597 0000 00000000 		.space	4
 598              		.section	.bss.gKhangaiRobot,"aw",%nobits
 599              		.align	2
 600              		.set	.LANCHOR4,. + 0
 603              	gKhangaiRobot:
 604 0000 00000000 		.space	40
 604      00000000 
 604      00000000 
 604      00000000 
 604      00000000 
 605              		.section	.bss.gPSensor,"aw",%nobits
 606              		.align	2
 607              		.set	.LANCHOR3,. + 0
 610              	gPSensor:
 611 0000 00000000 		.space	20
 611      00000000 
 611      00000000 
 611      00000000 
 611      00000000 
 612              		.section	.bss.gXEncoder,"aw",%nobits
 613              		.align	2
 614              		.set	.LANCHOR0,. + 0
 617              	gXEncoder:
 618 0000 00000000 		.space	12
 618      00000000 
ARM GAS  C:\Users\Prashant\AppData\Local\Temp\cctXe7NU.s 			page 16


 618      00000000 
 619              		.section	.bss.gXLidar,"aw",%nobits
 620              		.align	2
 621              		.set	.LANCHOR2,. + 0
 624              	gXLidar:
 625 0000 00000000 		.space	8
 625      00000000 
 626              		.section	.bss.gYEncoder,"aw",%nobits
 627              		.align	2
 628              		.set	.LANCHOR1,. + 0
 631              	gYEncoder:
 632 0000 00000000 		.space	12
 632      00000000 
 632      00000000 
 633              		.section	.data.gIs_First_Heading,"aw",%progbits
 636              	gIs_First_Heading:
 637 0000 01       		.byte	1
 638              		.text
 639              	.Letext0:
 640              		.file 7 "c:\\program files (x86)\\gnu tools arm embedded\\7 2017-q4-major\\arm-none-eabi\\include\
 641              		.file 8 "c:\\program files (x86)\\gnu tools arm embedded\\7 2017-q4-major\\arm-none-eabi\\include\
 642              		.file 9 "c:\\program files (x86)\\gnu tools arm embedded\\7 2017-q4-major\\arm-none-eabi\\include\
 643              		.file 10 "c:\\program files (x86)\\gnu tools arm embedded\\7 2017-q4-major\\arm-none-eabi\\include
 644              		.file 11 "c:\\program files (x86)\\gnu tools arm embedded\\7 2017-q4-major\\arm-none-eabi\\include
 645              		.file 12 "c:\\program files (x86)\\gnu tools arm embedded\\7 2017-q4-major\\lib\\gcc\\arm-none-eab
 646              		.file 13 "c:\\program files (x86)\\gnu tools arm embedded\\7 2017-q4-major\\arm-none-eabi\\include
 647              		.file 14 "c:\\program files (x86)\\gnu tools arm embedded\\7 2017-q4-major\\arm-none-eabi\\include
 648              		.file 15 "c:\\program files (x86)\\gnu tools arm embedded\\7 2017-q4-major\\arm-none-eabi\\include
 649              		.file 16 "c:\\program files (x86)\\gnu tools arm embedded\\7 2017-q4-major\\arm-none-eabi\\include
 650              		.file 17 "c:\\program files (x86)\\gnu tools arm embedded\\7 2017-q4-major\\arm-none-eabi\\include
 651              		.file 18 "C:/Users/Prashant/STM32Cube/Repository/STM32Cube_FW_F4_V1.21.0/Drivers/CMSIS/Include/cor
 652              		.file 19 "C:/Users/Prashant/STM32Cube/Repository/STM32Cube_FW_F4_V1.21.0/Drivers/CMSIS/Device/ST/S
 653              		.file 20 "C:/Users/Prashant/STM32Cube/Repository/STM32Cube_FW_F4_V1.21.0/Drivers/CMSIS/Device/ST/S
 654              		.file 21 "C:/Users/Prashant/STM32Cube/Repository/STM32Cube_FW_F4_V1.21.0/Drivers/STM32F4xx_HAL_Dri
 655              		.file 22 "C:/Users/Prashant/STM32Cube/Repository/STM32Cube_FW_F4_V1.21.0/Drivers/STM32F4xx_HAL_Dri
 656              		.file 23 "C:/Users/Prashant/STM32Cube/Repository/STM32Cube_FW_F4_V1.21.0/Drivers/STM32F4xx_HAL_Dri
 657              		.file 24 "C:/Users/Prashant/STM32Cube/Repository/STM32Cube_FW_F4_V1.21.0/Drivers/STM32F4xx_HAL_Dri
 658              		.file 25 "C:/Users/Prashant/STM32Cube/Repository/STM32Cube_FW_F4_V1.21.0/Drivers/STM32F4xx_HAL_Dri
 659              		.file 26 "Core/Inc/periphs/i2c.h"
 660              		.file 27 "Core/Inc/periphs/tim.h"
 661              		.file 28 "Core/Inc/devs/mpu6050.h"
 662              		.file 29 "Core/Inc/utils/vec3.h"
 663              		.file 30 "Core/Inc/devs/a4988.h"
 664              		.file 31 "Core/Inc/devs/hmc5883.h"
 665              		.file 32 "Core/Inc/periphs/usart.h"
 666              		.file 33 "Core/Inc\\devs/wheeler.h"
 667              		.file 34 "Core/Inc/robot/devs_config.h"
 668              		.file 35 "Core/Inc/robot/robo_states.h"
 669              		.file 36 "<built-in>"
ARM GAS  C:\Users\Prashant\AppData\Local\Temp\cctXe7NU.s 			page 17


DEFINED SYMBOLS
                            *ABS*:00000000 play.cpp
C:\Users\Prashant\AppData\Local\Temp\cctXe7NU.s:18     .text._ZN7EncoderD2Ev:00000000 $t
C:\Users\Prashant\AppData\Local\Temp\cctXe7NU.s:25     .text._ZN7EncoderD2Ev:00000000 _ZN7EncoderD2Ev
C:\Users\Prashant\AppData\Local\Temp\cctXe7NU.s:25     .text._ZN7EncoderD2Ev:00000000 _ZN7EncoderD1Ev
C:\Users\Prashant\AppData\Local\Temp\cctXe7NU.s:42     .text._ZN5LidarD2Ev:00000000 $t
C:\Users\Prashant\AppData\Local\Temp\cctXe7NU.s:49     .text._ZN5LidarD2Ev:00000000 _ZN5LidarD2Ev
C:\Users\Prashant\AppData\Local\Temp\cctXe7NU.s:49     .text._ZN5LidarD2Ev:00000000 _ZN5LidarD1Ev
C:\Users\Prashant\AppData\Local\Temp\cctXe7NU.s:66     .text._ZN14PositionSensorD2Ev:00000000 $t
C:\Users\Prashant\AppData\Local\Temp\cctXe7NU.s:73     .text._ZN14PositionSensorD2Ev:00000000 _ZN14PositionSensorD2Ev
C:\Users\Prashant\AppData\Local\Temp\cctXe7NU.s:73     .text._ZN14PositionSensorD2Ev:00000000 _ZN14PositionSensorD1Ev
C:\Users\Prashant\AppData\Local\Temp\cctXe7NU.s:90     .text._ZN5RobotD2Ev:00000000 $t
C:\Users\Prashant\AppData\Local\Temp\cctXe7NU.s:97     .text._ZN5RobotD2Ev:00000000 _ZN5RobotD2Ev
C:\Users\Prashant\AppData\Local\Temp\cctXe7NU.s:97     .text._ZN5RobotD2Ev:00000000 _ZN5RobotD1Ev
C:\Users\Prashant\AppData\Local\Temp\cctXe7NU.s:114    .text._Z41__static_initialization_and_destruction_0ii:00000000 $t
C:\Users\Prashant\AppData\Local\Temp\cctXe7NU.s:120    .text._Z41__static_initialization_and_destruction_0ii:00000000 _Z41__static_initialization_and_destruction_0ii
C:\Users\Prashant\AppData\Local\Temp\cctXe7NU.s:256    .text._Z41__static_initialization_and_destruction_0ii:0000007c $d
C:\Users\Prashant\AppData\Local\Temp\cctXe7NU.s:275    .text._ZN7EncoderD0Ev:00000000 $t
C:\Users\Prashant\AppData\Local\Temp\cctXe7NU.s:282    .text._ZN7EncoderD0Ev:00000000 _ZN7EncoderD0Ev
C:\Users\Prashant\AppData\Local\Temp\cctXe7NU.s:305    .text._ZN5LidarD0Ev:00000000 $t
C:\Users\Prashant\AppData\Local\Temp\cctXe7NU.s:312    .text._ZN5LidarD0Ev:00000000 _ZN5LidarD0Ev
C:\Users\Prashant\AppData\Local\Temp\cctXe7NU.s:335    .text._Z5setupm:00000000 $t
C:\Users\Prashant\AppData\Local\Temp\cctXe7NU.s:342    .text._Z5setupm:00000000 _Z5setupm
C:\Users\Prashant\AppData\Local\Temp\cctXe7NU.s:512    .text._Z5setupm:0000008c $d
C:\Users\Prashant\AppData\Local\Temp\cctXe7NU.s:521    .text._Z4playm:00000000 $t
C:\Users\Prashant\AppData\Local\Temp\cctXe7NU.s:528    .text._Z4playm:00000000 _Z4playm
C:\Users\Prashant\AppData\Local\Temp\cctXe7NU.s:551    .text._Z4playm:0000000c $d
C:\Users\Prashant\AppData\Local\Temp\cctXe7NU.s:556    .text._GLOBAL__sub_I_gFirst_Heading:00000000 $t
C:\Users\Prashant\AppData\Local\Temp\cctXe7NU.s:562    .text._GLOBAL__sub_I_gFirst_Heading:00000000 _GLOBAL__sub_I_gFirst_Heading
C:\Users\Prashant\AppData\Local\Temp\cctXe7NU.s:583    .init_array:00000000 $d
C:\Users\Prashant\AppData\Local\Temp\cctXe7NU.s:603    .bss.gKhangaiRobot:00000000 gKhangaiRobot
C:\Users\Prashant\AppData\Local\Temp\cctXe7NU.s:610    .bss.gPSensor:00000000 gPSensor
C:\Users\Prashant\AppData\Local\Temp\cctXe7NU.s:624    .bss.gXLidar:00000000 gXLidar
C:\Users\Prashant\AppData\Local\Temp\cctXe7NU.s:631    .bss.gYEncoder:00000000 gYEncoder
C:\Users\Prashant\AppData\Local\Temp\cctXe7NU.s:617    .bss.gXEncoder:00000000 gXEncoder
C:\Users\Prashant\AppData\Local\Temp\cctXe7NU.s:636    .data.gIs_First_Heading:00000000 gIs_First_Heading
C:\Users\Prashant\AppData\Local\Temp\cctXe7NU.s:596    .bss.gFirst_Heading:00000000 gFirst_Heading
C:\Users\Prashant\AppData\Local\Temp\cctXe7NU.s:593    .bss.gFirst_Heading:00000000 $d
C:\Users\Prashant\AppData\Local\Temp\cctXe7NU.s:599    .bss.gKhangaiRobot:00000000 $d
C:\Users\Prashant\AppData\Local\Temp\cctXe7NU.s:606    .bss.gPSensor:00000000 $d
C:\Users\Prashant\AppData\Local\Temp\cctXe7NU.s:613    .bss.gXEncoder:00000000 $d
C:\Users\Prashant\AppData\Local\Temp\cctXe7NU.s:620    .bss.gXLidar:00000000 $d
C:\Users\Prashant\AppData\Local\Temp\cctXe7NU.s:627    .bss.gYEncoder:00000000 $d
                           .group:00000000 _ZN7EncoderD5Ev
                           .group:00000000 _ZN5LidarD5Ev
                           .group:00000000 _ZN14PositionSensorD5Ev
                           .group:00000000 _ZN5RobotD5Ev

UNDEFINED SYMBOLS
__aeabi_atexit
_ZTV7Encoder
gXEnc
__dso_handle
gYEnc
_ZTV5Lidar
gPointA
_ZdlPvj
ARM GAS  C:\Users\Prashant\AppData\Local\Temp\cctXe7NU.s 			page 18


_ZN5Robot3runEm
