ARM GAS  C:\Users\Prashant\AppData\Local\Temp\ccPs20zH.s 			page 1


   1              		.cpu cortex-m4
   2              		.eabi_attribute 27, 1
   3              		.eabi_attribute 28, 1
   4              		.eabi_attribute 20, 1
   5              		.eabi_attribute 21, 1
   6              		.eabi_attribute 23, 3
   7              		.eabi_attribute 24, 1
   8              		.eabi_attribute 25, 1
   9              		.eabi_attribute 26, 1
  10              		.eabi_attribute 30, 1
  11              		.eabi_attribute 34, 1
  12              		.eabi_attribute 18, 4
  13              		.file	"gpio.c"
  14              		.text
  15              	.Ltext0:
  16              		.cfi_sections	.debug_frame
  17              		.section	.text.MX_GPIO_Init,"ax",%progbits
  18              		.align	1
  19              		.global	MX_GPIO_Init
  20              		.syntax unified
  21              		.thumb
  22              		.thumb_func
  23              		.fpu fpv4-sp-d16
  25              	MX_GPIO_Init:
  26              	.LFB126:
  27              		.file 1 "Core/Src/periphs/gpio.c"
   1:Core/Src/periphs/gpio.c **** /**
   2:Core/Src/periphs/gpio.c ****   ******************************************************************************
   3:Core/Src/periphs/gpio.c ****   * File Name          : gpio.c
   4:Core/Src/periphs/gpio.c ****   * Description        : This file provides code for the configuration
   5:Core/Src/periphs/gpio.c ****   *                      of all used GPIO pins.
   6:Core/Src/periphs/gpio.c ****   ******************************************************************************
   7:Core/Src/periphs/gpio.c ****   ** This notice applies to any and all portions of this file
   8:Core/Src/periphs/gpio.c ****   * that are not between comment pairs USER CODE BEGIN and
   9:Core/Src/periphs/gpio.c ****   * USER CODE END. Other portions of this file, whether 
  10:Core/Src/periphs/gpio.c ****   * inserted by the user or by software development tools
  11:Core/Src/periphs/gpio.c ****   * are owned by their respective copyright owners.
  12:Core/Src/periphs/gpio.c ****   *
  13:Core/Src/periphs/gpio.c ****   * COPYRIGHT(c) 2018 STMicroelectronics
  14:Core/Src/periphs/gpio.c ****   *
  15:Core/Src/periphs/gpio.c ****   * Redistribution and use in source and binary forms, with or without modification,
  16:Core/Src/periphs/gpio.c ****   * are permitted provided that the following conditions are met:
  17:Core/Src/periphs/gpio.c ****   *   1. Redistributions of source code must retain the above copyright notice,
  18:Core/Src/periphs/gpio.c ****   *      this list of conditions and the following disclaimer.
  19:Core/Src/periphs/gpio.c ****   *   2. Redistributions in binary form must reproduce the above copyright notice,
  20:Core/Src/periphs/gpio.c ****   *      this list of conditions and the following disclaimer in the documentation
  21:Core/Src/periphs/gpio.c ****   *      and/or other materials provided with the distribution.
  22:Core/Src/periphs/gpio.c ****   *   3. Neither the name of STMicroelectronics nor the names of its contributors
  23:Core/Src/periphs/gpio.c ****   *      may be used to endorse or promote products derived from this software
  24:Core/Src/periphs/gpio.c ****   *      without specific prior written permission.
  25:Core/Src/periphs/gpio.c ****   *
  26:Core/Src/periphs/gpio.c ****   * THIS SOFTWARE IS PROVIDED BY THE COPYRIGHT HOLDERS AND CONTRIBUTORS "AS IS"
  27:Core/Src/periphs/gpio.c ****   * AND ANY EXPRESS OR IMPLIED WARRANTIES, INCLUDING, BUT NOT LIMITED TO, THE
  28:Core/Src/periphs/gpio.c ****   * IMPLIED WARRANTIES OF MERCHANTABILITY AND FITNESS FOR A PARTICULAR PURPOSE ARE
  29:Core/Src/periphs/gpio.c ****   * DISCLAIMED. IN NO EVENT SHALL THE COPYRIGHT HOLDER OR CONTRIBUTORS BE LIABLE
  30:Core/Src/periphs/gpio.c ****   * FOR ANY DIRECT, INDIRECT, INCIDENTAL, SPECIAL, EXEMPLARY, OR CONSEQUENTIAL
  31:Core/Src/periphs/gpio.c ****   * DAMAGES (INCLUDING, BUT NOT LIMITED TO, PROCUREMENT OF SUBSTITUTE GOODS OR
ARM GAS  C:\Users\Prashant\AppData\Local\Temp\ccPs20zH.s 			page 2


  32:Core/Src/periphs/gpio.c ****   * SERVICES; LOSS OF USE, DATA, OR PROFITS; OR BUSINESS INTERRUPTION) HOWEVER
  33:Core/Src/periphs/gpio.c ****   * CAUSED AND ON ANY THEORY OF LIABILITY, WHETHER IN CONTRACT, STRICT LIABILITY,
  34:Core/Src/periphs/gpio.c ****   * OR TORT (INCLUDING NEGLIGENCE OR OTHERWISE) ARISING IN ANY WAY OUT OF THE USE
  35:Core/Src/periphs/gpio.c ****   * OF THIS SOFTWARE, EVEN IF ADVISED OF THE POSSIBILITY OF SUCH DAMAGE.
  36:Core/Src/periphs/gpio.c ****   *
  37:Core/Src/periphs/gpio.c ****   ******************************************************************************
  38:Core/Src/periphs/gpio.c ****   */
  39:Core/Src/periphs/gpio.c **** 
  40:Core/Src/periphs/gpio.c **** /* Includes ------------------------------------------------------------------*/
  41:Core/Src/periphs/gpio.c **** #include "gpio.h"
  42:Core/Src/periphs/gpio.c **** /* USER CODE BEGIN 0 */
  43:Core/Src/periphs/gpio.c **** 
  44:Core/Src/periphs/gpio.c **** /* USER CODE END 0 */
  45:Core/Src/periphs/gpio.c **** 
  46:Core/Src/periphs/gpio.c **** /*----------------------------------------------------------------------------*/
  47:Core/Src/periphs/gpio.c **** /* Configure GPIO                                                             */
  48:Core/Src/periphs/gpio.c **** /*----------------------------------------------------------------------------*/
  49:Core/Src/periphs/gpio.c **** /* USER CODE BEGIN 1 */
  50:Core/Src/periphs/gpio.c **** 
  51:Core/Src/periphs/gpio.c **** /* USER CODE END 1 */
  52:Core/Src/periphs/gpio.c **** 
  53:Core/Src/periphs/gpio.c **** /** Configure pins as 
  54:Core/Src/periphs/gpio.c ****         * Analog 
  55:Core/Src/periphs/gpio.c ****         * Input 
  56:Core/Src/periphs/gpio.c ****         * Output
  57:Core/Src/periphs/gpio.c ****         * EVENT_OUT
  58:Core/Src/periphs/gpio.c ****         * EXTI
  59:Core/Src/periphs/gpio.c ****         * Free pins are configured automatically as Analog (this feature is enabled through 
  60:Core/Src/periphs/gpio.c ****         * the Code Generation settings)
  61:Core/Src/periphs/gpio.c **** */
  62:Core/Src/periphs/gpio.c **** void MX_GPIO_Init(void)
  63:Core/Src/periphs/gpio.c **** {
  28              		.loc 1 63 0
  29              		.cfi_startproc
  30              		@ args = 0, pretend = 0, frame = 48
  31              		@ frame_needed = 0, uses_anonymous_args = 0
  32 0000 2DE9F04F 		push	{r4, r5, r6, r7, r8, r9, r10, fp, lr}
  33              	.LCFI0:
  34              		.cfi_def_cfa_offset 36
  35              		.cfi_offset 4, -36
  36              		.cfi_offset 5, -32
  37              		.cfi_offset 6, -28
  38              		.cfi_offset 7, -24
  39              		.cfi_offset 8, -20
  40              		.cfi_offset 9, -16
  41              		.cfi_offset 10, -12
  42              		.cfi_offset 11, -8
  43              		.cfi_offset 14, -4
  44 0004 8DB0     		sub	sp, sp, #52
  45              	.LCFI1:
  46              		.cfi_def_cfa_offset 88
  47              	.LBB2:
  64:Core/Src/periphs/gpio.c **** 
  65:Core/Src/periphs/gpio.c ****   GPIO_InitTypeDef GPIO_InitStruct;
  66:Core/Src/periphs/gpio.c **** 
  67:Core/Src/periphs/gpio.c ****   /* GPIO Ports Clock Enable */
  68:Core/Src/periphs/gpio.c ****   __HAL_RCC_GPIOE_CLK_ENABLE();
ARM GAS  C:\Users\Prashant\AppData\Local\Temp\ccPs20zH.s 			page 3


  48              		.loc 1 68 0
  49 0006 0024     		movs	r4, #0
  50 0008 0194     		str	r4, [sp, #4]
  51 000a 7B4B     		ldr	r3, .L3
  52 000c 1A6B     		ldr	r2, [r3, #48]
  53 000e 42F01002 		orr	r2, r2, #16
  54 0012 1A63     		str	r2, [r3, #48]
  55 0014 1A6B     		ldr	r2, [r3, #48]
  56 0016 02F01002 		and	r2, r2, #16
  57 001a 0192     		str	r2, [sp, #4]
  58 001c 019A     		ldr	r2, [sp, #4]
  59              	.LBE2:
  60              	.LBB3:
  69:Core/Src/periphs/gpio.c ****   __HAL_RCC_GPIOC_CLK_ENABLE();
  61              		.loc 1 69 0
  62 001e 0294     		str	r4, [sp, #8]
  63 0020 1A6B     		ldr	r2, [r3, #48]
  64 0022 42F00402 		orr	r2, r2, #4
  65 0026 1A63     		str	r2, [r3, #48]
  66 0028 1A6B     		ldr	r2, [r3, #48]
  67 002a 02F00402 		and	r2, r2, #4
  68 002e 0292     		str	r2, [sp, #8]
  69 0030 029A     		ldr	r2, [sp, #8]
  70              	.LBE3:
  71              	.LBB4:
  70:Core/Src/periphs/gpio.c ****   __HAL_RCC_GPIOH_CLK_ENABLE();
  72              		.loc 1 70 0
  73 0032 0394     		str	r4, [sp, #12]
  74 0034 1A6B     		ldr	r2, [r3, #48]
  75 0036 42F08002 		orr	r2, r2, #128
  76 003a 1A63     		str	r2, [r3, #48]
  77 003c 1A6B     		ldr	r2, [r3, #48]
  78 003e 02F08002 		and	r2, r2, #128
  79 0042 0392     		str	r2, [sp, #12]
  80 0044 039A     		ldr	r2, [sp, #12]
  81              	.LBE4:
  82              	.LBB5:
  71:Core/Src/periphs/gpio.c ****   __HAL_RCC_GPIOA_CLK_ENABLE();
  83              		.loc 1 71 0
  84 0046 0494     		str	r4, [sp, #16]
  85 0048 1A6B     		ldr	r2, [r3, #48]
  86 004a 42F00102 		orr	r2, r2, #1
  87 004e 1A63     		str	r2, [r3, #48]
  88 0050 1A6B     		ldr	r2, [r3, #48]
  89 0052 02F00102 		and	r2, r2, #1
  90 0056 0492     		str	r2, [sp, #16]
  91 0058 049A     		ldr	r2, [sp, #16]
  92              	.LBE5:
  93              	.LBB6:
  72:Core/Src/periphs/gpio.c ****   __HAL_RCC_GPIOB_CLK_ENABLE();
  94              		.loc 1 72 0
  95 005a 0594     		str	r4, [sp, #20]
  96 005c 1A6B     		ldr	r2, [r3, #48]
  97 005e 42F00202 		orr	r2, r2, #2
  98 0062 1A63     		str	r2, [r3, #48]
  99 0064 1A6B     		ldr	r2, [r3, #48]
 100 0066 02F00202 		and	r2, r2, #2
ARM GAS  C:\Users\Prashant\AppData\Local\Temp\ccPs20zH.s 			page 4


 101 006a 0592     		str	r2, [sp, #20]
 102 006c 059A     		ldr	r2, [sp, #20]
 103              	.LBE6:
 104              	.LBB7:
  73:Core/Src/periphs/gpio.c ****   __HAL_RCC_GPIOD_CLK_ENABLE();
 105              		.loc 1 73 0
 106 006e 0694     		str	r4, [sp, #24]
 107 0070 1A6B     		ldr	r2, [r3, #48]
 108 0072 42F00802 		orr	r2, r2, #8
 109 0076 1A63     		str	r2, [r3, #48]
 110 0078 1B6B     		ldr	r3, [r3, #48]
 111 007a 03F00803 		and	r3, r3, #8
 112 007e 0693     		str	r3, [sp, #24]
 113 0080 069B     		ldr	r3, [sp, #24]
 114              	.LBE7:
  74:Core/Src/periphs/gpio.c **** 
  75:Core/Src/periphs/gpio.c ****   /*Configure GPIO pin Output Level */
  76:Core/Src/periphs/gpio.c ****   HAL_GPIO_WritePin(GPIOC, GPIO_PIN_0, GPIO_PIN_RESET);
 115              		.loc 1 76 0
 116 0082 DFF880A1 		ldr	r10, .L3+12
 117 0086 2246     		mov	r2, r4
 118 0088 0121     		movs	r1, #1
 119 008a 5046     		mov	r0, r10
 120 008c FFF7FEFF 		bl	HAL_GPIO_WritePin
 121              	.LVL0:
  77:Core/Src/periphs/gpio.c **** 
  78:Core/Src/periphs/gpio.c ****   /*Configure GPIO pin Output Level */
  79:Core/Src/periphs/gpio.c ****   HAL_GPIO_WritePin(GPIOA, GPIO_PIN_2, GPIO_PIN_RESET);
 122              		.loc 1 79 0
 123 0090 DFF87491 		ldr	r9, .L3+16
 124 0094 2246     		mov	r2, r4
 125 0096 0421     		movs	r1, #4
 126 0098 4846     		mov	r0, r9
 127 009a FFF7FEFF 		bl	HAL_GPIO_WritePin
 128              	.LVL1:
  80:Core/Src/periphs/gpio.c **** 
  81:Core/Src/periphs/gpio.c ****   /*Configure GPIO pin Output Level */
  82:Core/Src/periphs/gpio.c ****   HAL_GPIO_WritePin(GPIOE, SPI1_CS_Pin|SPI3_CS_Pin, GPIO_PIN_SET);
 129              		.loc 1 82 0
 130 009e 574F     		ldr	r7, .L3+4
 131 00a0 0122     		movs	r2, #1
 132 00a2 4FF40251 		mov	r1, #8320
 133 00a6 3846     		mov	r0, r7
 134 00a8 FFF7FEFF 		bl	HAL_GPIO_WritePin
 135              	.LVL2:
  83:Core/Src/periphs/gpio.c **** 
  84:Core/Src/periphs/gpio.c ****   /*Configure GPIO pin Output Level */
  85:Core/Src/periphs/gpio.c ****   HAL_GPIO_WritePin(GPIOE, GPIO_PIN_9, GPIO_PIN_RESET);
 136              		.loc 1 85 0
 137 00ac 2246     		mov	r2, r4
 138 00ae 4FF40071 		mov	r1, #512
 139 00b2 3846     		mov	r0, r7
 140 00b4 FFF7FEFF 		bl	HAL_GPIO_WritePin
 141              	.LVL3:
  86:Core/Src/periphs/gpio.c **** 
  87:Core/Src/periphs/gpio.c ****   /*Configure GPIO pin Output Level */
  88:Core/Src/periphs/gpio.c ****   HAL_GPIO_WritePin(GPIOD, GPIO_PIN_12|GPIO_PIN_14|GPIO_PIN_15, GPIO_PIN_RESET);
ARM GAS  C:\Users\Prashant\AppData\Local\Temp\ccPs20zH.s 			page 5


 142              		.loc 1 88 0
 143 00b8 DFF85081 		ldr	r8, .L3+20
 144 00bc 2246     		mov	r2, r4
 145 00be 4FF45041 		mov	r1, #53248
 146 00c2 4046     		mov	r0, r8
 147 00c4 FFF7FEFF 		bl	HAL_GPIO_WritePin
 148              	.LVL4:
  89:Core/Src/periphs/gpio.c **** 
  90:Core/Src/periphs/gpio.c ****   /*Configure GPIO pins : PE2 PE3 PE4 PE5 
  91:Core/Src/periphs/gpio.c ****                            PE6 PE8 PE10 PE12 
  92:Core/Src/periphs/gpio.c ****                            PE14 PE15 PE0 PE1 */
  93:Core/Src/periphs/gpio.c ****   GPIO_InitStruct.Pin = GPIO_PIN_2|GPIO_PIN_3|GPIO_PIN_4|GPIO_PIN_5 
 149              		.loc 1 93 0
 150 00c8 4DF27F53 		movw	r3, #54655
 151 00cc 0793     		str	r3, [sp, #28]
  94:Core/Src/periphs/gpio.c ****                           |GPIO_PIN_6|GPIO_PIN_8|GPIO_PIN_10|GPIO_PIN_12 
  95:Core/Src/periphs/gpio.c ****                           |GPIO_PIN_14|GPIO_PIN_15|GPIO_PIN_0|GPIO_PIN_1;
  96:Core/Src/periphs/gpio.c ****   GPIO_InitStruct.Mode = GPIO_MODE_ANALOG;
 152              		.loc 1 96 0
 153 00ce 0326     		movs	r6, #3
 154 00d0 0896     		str	r6, [sp, #32]
  97:Core/Src/periphs/gpio.c ****   GPIO_InitStruct.Pull = GPIO_NOPULL;
 155              		.loc 1 97 0
 156 00d2 0994     		str	r4, [sp, #36]
  98:Core/Src/periphs/gpio.c ****   HAL_GPIO_Init(GPIOE, &GPIO_InitStruct);
 157              		.loc 1 98 0
 158 00d4 07A9     		add	r1, sp, #28
 159 00d6 3846     		mov	r0, r7
 160 00d8 FFF7FEFF 		bl	HAL_GPIO_Init
 161              	.LVL5:
  99:Core/Src/periphs/gpio.c **** 
 100:Core/Src/periphs/gpio.c ****   /*Configure GPIO pins : PC13 PC14 PC15 PC1 
 101:Core/Src/periphs/gpio.c ****                            PC2 PC3 PC4 PC5 
 102:Core/Src/periphs/gpio.c ****                            PC8 */
 103:Core/Src/periphs/gpio.c ****   GPIO_InitStruct.Pin = GPIO_PIN_13|GPIO_PIN_14|GPIO_PIN_15|GPIO_PIN_1 
 162              		.loc 1 103 0
 163 00dc 4EF23E13 		movw	r3, #57662
 164 00e0 0793     		str	r3, [sp, #28]
 104:Core/Src/periphs/gpio.c ****                           |GPIO_PIN_2|GPIO_PIN_3|GPIO_PIN_4|GPIO_PIN_5 
 105:Core/Src/periphs/gpio.c ****                           |GPIO_PIN_8;
 106:Core/Src/periphs/gpio.c ****   GPIO_InitStruct.Mode = GPIO_MODE_ANALOG;
 165              		.loc 1 106 0
 166 00e2 0896     		str	r6, [sp, #32]
 107:Core/Src/periphs/gpio.c ****   GPIO_InitStruct.Pull = GPIO_NOPULL;
 167              		.loc 1 107 0
 168 00e4 0994     		str	r4, [sp, #36]
 108:Core/Src/periphs/gpio.c ****   HAL_GPIO_Init(GPIOC, &GPIO_InitStruct);
 169              		.loc 1 108 0
 170 00e6 07A9     		add	r1, sp, #28
 171 00e8 5046     		mov	r0, r10
 172 00ea FFF7FEFF 		bl	HAL_GPIO_Init
 173              	.LVL6:
 109:Core/Src/periphs/gpio.c **** 
 110:Core/Src/periphs/gpio.c ****   /*Configure GPIO pin : PC0 */
 111:Core/Src/periphs/gpio.c ****   GPIO_InitStruct.Pin = GPIO_PIN_0;
 174              		.loc 1 111 0
 175 00ee 0125     		movs	r5, #1
ARM GAS  C:\Users\Prashant\AppData\Local\Temp\ccPs20zH.s 			page 6


 176 00f0 0795     		str	r5, [sp, #28]
 112:Core/Src/periphs/gpio.c ****   GPIO_InitStruct.Mode = GPIO_MODE_OUTPUT_PP;
 177              		.loc 1 112 0
 178 00f2 0895     		str	r5, [sp, #32]
 113:Core/Src/periphs/gpio.c ****   GPIO_InitStruct.Pull = GPIO_NOPULL;
 179              		.loc 1 113 0
 180 00f4 0994     		str	r4, [sp, #36]
 114:Core/Src/periphs/gpio.c ****   GPIO_InitStruct.Speed = GPIO_SPEED_FREQ_LOW;
 181              		.loc 1 114 0
 182 00f6 0A94     		str	r4, [sp, #40]
 115:Core/Src/periphs/gpio.c ****   HAL_GPIO_Init(GPIOC, &GPIO_InitStruct);
 183              		.loc 1 115 0
 184 00f8 07A9     		add	r1, sp, #28
 185 00fa 5046     		mov	r0, r10
 186 00fc FFF7FEFF 		bl	HAL_GPIO_Init
 187              	.LVL7:
 116:Core/Src/periphs/gpio.c **** 
 117:Core/Src/periphs/gpio.c ****   /*Configure GPIO pin : PA2 */
 118:Core/Src/periphs/gpio.c ****   GPIO_InitStruct.Pin = GPIO_PIN_2;
 188              		.loc 1 118 0
 189 0100 0423     		movs	r3, #4
 190 0102 0793     		str	r3, [sp, #28]
 119:Core/Src/periphs/gpio.c ****   GPIO_InitStruct.Mode = GPIO_MODE_OUTPUT_PP;
 191              		.loc 1 119 0
 192 0104 0895     		str	r5, [sp, #32]
 120:Core/Src/periphs/gpio.c ****   GPIO_InitStruct.Pull = GPIO_NOPULL;
 193              		.loc 1 120 0
 194 0106 0994     		str	r4, [sp, #36]
 121:Core/Src/periphs/gpio.c ****   GPIO_InitStruct.Speed = GPIO_SPEED_FREQ_LOW;
 195              		.loc 1 121 0
 196 0108 0A94     		str	r4, [sp, #40]
 122:Core/Src/periphs/gpio.c ****   HAL_GPIO_Init(GPIOA, &GPIO_InitStruct);
 197              		.loc 1 122 0
 198 010a 07A9     		add	r1, sp, #28
 199 010c 4846     		mov	r0, r9
 200 010e FFF7FEFF 		bl	HAL_GPIO_Init
 201              	.LVL8:
 123:Core/Src/periphs/gpio.c **** 
 124:Core/Src/periphs/gpio.c ****   /*Configure GPIO pin : PA4 */
 125:Core/Src/periphs/gpio.c ****   GPIO_InitStruct.Pin = GPIO_PIN_4;
 202              		.loc 1 125 0
 203 0112 1023     		movs	r3, #16
 204 0114 0793     		str	r3, [sp, #28]
 126:Core/Src/periphs/gpio.c ****   GPIO_InitStruct.Mode = GPIO_MODE_IT_RISING;
 205              		.loc 1 126 0
 206 0116 DFF8F8A0 		ldr	r10, .L3+24
 207 011a CDF820A0 		str	r10, [sp, #32]
 127:Core/Src/periphs/gpio.c ****   GPIO_InitStruct.Pull = GPIO_PULLUP;
 208              		.loc 1 127 0
 209 011e 0995     		str	r5, [sp, #36]
 128:Core/Src/periphs/gpio.c ****   HAL_GPIO_Init(GPIOA, &GPIO_InitStruct);
 210              		.loc 1 128 0
 211 0120 07A9     		add	r1, sp, #28
 212 0122 4846     		mov	r0, r9
 213 0124 FFF7FEFF 		bl	HAL_GPIO_Init
 214              	.LVL9:
 129:Core/Src/periphs/gpio.c **** 
ARM GAS  C:\Users\Prashant\AppData\Local\Temp\ccPs20zH.s 			page 7


 130:Core/Src/periphs/gpio.c ****   /*Configure GPIO pins : PB0 PB1 PB2 PB12 
 131:Core/Src/periphs/gpio.c ****                            PB13 PB14 PB15 PB4 
 132:Core/Src/periphs/gpio.c ****                            PB5 PB8 PB9 */
 133:Core/Src/periphs/gpio.c ****   GPIO_InitStruct.Pin = GPIO_PIN_0|GPIO_PIN_1|GPIO_PIN_2|GPIO_PIN_12 
 215              		.loc 1 133 0
 216 0128 4FF23733 		movw	r3, #62263
 217 012c 0793     		str	r3, [sp, #28]
 134:Core/Src/periphs/gpio.c ****                           |GPIO_PIN_13|GPIO_PIN_14|GPIO_PIN_15|GPIO_PIN_4 
 135:Core/Src/periphs/gpio.c ****                           |GPIO_PIN_5|GPIO_PIN_8|GPIO_PIN_9;
 136:Core/Src/periphs/gpio.c ****   GPIO_InitStruct.Mode = GPIO_MODE_ANALOG;
 218              		.loc 1 136 0
 219 012e 0896     		str	r6, [sp, #32]
 137:Core/Src/periphs/gpio.c ****   GPIO_InitStruct.Pull = GPIO_NOPULL;
 220              		.loc 1 137 0
 221 0130 0994     		str	r4, [sp, #36]
 138:Core/Src/periphs/gpio.c ****   HAL_GPIO_Init(GPIOB, &GPIO_InitStruct);
 222              		.loc 1 138 0
 223 0132 07A9     		add	r1, sp, #28
 224 0134 3248     		ldr	r0, .L3+8
 225 0136 FFF7FEFF 		bl	HAL_GPIO_Init
 226              	.LVL10:
 139:Core/Src/periphs/gpio.c **** 
 140:Core/Src/periphs/gpio.c ****   /*Configure GPIO pins : PEPin PEPin */
 141:Core/Src/periphs/gpio.c ****   GPIO_InitStruct.Pin = SPI1_CS_Pin|SPI3_CS_Pin;
 227              		.loc 1 141 0
 228 013a 4FF40253 		mov	r3, #8320
 229 013e 0793     		str	r3, [sp, #28]
 142:Core/Src/periphs/gpio.c ****   GPIO_InitStruct.Mode = GPIO_MODE_OUTPUT_PP;
 230              		.loc 1 142 0
 231 0140 0895     		str	r5, [sp, #32]
 143:Core/Src/periphs/gpio.c ****   GPIO_InitStruct.Pull = GPIO_NOPULL;
 232              		.loc 1 143 0
 233 0142 0994     		str	r4, [sp, #36]
 144:Core/Src/periphs/gpio.c ****   GPIO_InitStruct.Speed = GPIO_SPEED_FREQ_VERY_HIGH;
 234              		.loc 1 144 0
 235 0144 0A96     		str	r6, [sp, #40]
 145:Core/Src/periphs/gpio.c ****   HAL_GPIO_Init(GPIOE, &GPIO_InitStruct);
 236              		.loc 1 145 0
 237 0146 07A9     		add	r1, sp, #28
 238 0148 3846     		mov	r0, r7
 239 014a FFF7FEFF 		bl	HAL_GPIO_Init
 240              	.LVL11:
 146:Core/Src/periphs/gpio.c **** 
 147:Core/Src/periphs/gpio.c ****   /*Configure GPIO pin : PE9 */
 148:Core/Src/periphs/gpio.c ****   GPIO_InitStruct.Pin = GPIO_PIN_9;
 241              		.loc 1 148 0
 242 014e 4FF40073 		mov	r3, #512
 243 0152 0793     		str	r3, [sp, #28]
 149:Core/Src/periphs/gpio.c ****   GPIO_InitStruct.Mode = GPIO_MODE_OUTPUT_PP;
 244              		.loc 1 149 0
 245 0154 0895     		str	r5, [sp, #32]
 150:Core/Src/periphs/gpio.c ****   GPIO_InitStruct.Pull = GPIO_NOPULL;
 246              		.loc 1 150 0
 247 0156 0994     		str	r4, [sp, #36]
 151:Core/Src/periphs/gpio.c ****   GPIO_InitStruct.Speed = GPIO_SPEED_FREQ_LOW;
 248              		.loc 1 151 0
 249 0158 0A94     		str	r4, [sp, #40]
ARM GAS  C:\Users\Prashant\AppData\Local\Temp\ccPs20zH.s 			page 8


 152:Core/Src/periphs/gpio.c ****   HAL_GPIO_Init(GPIOE, &GPIO_InitStruct);
 250              		.loc 1 152 0
 251 015a 07A9     		add	r1, sp, #28
 252 015c 3846     		mov	r0, r7
 253 015e FFF7FEFF 		bl	HAL_GPIO_Init
 254              	.LVL12:
 153:Core/Src/periphs/gpio.c **** 
 154:Core/Src/periphs/gpio.c ****   /*Configure GPIO pin : PE11 */
 155:Core/Src/periphs/gpio.c ****   GPIO_InitStruct.Pin = GPIO_PIN_11;
 255              		.loc 1 155 0
 256 0162 4FF4006B 		mov	fp, #2048
 257 0166 CDF81CB0 		str	fp, [sp, #28]
 156:Core/Src/periphs/gpio.c ****   GPIO_InitStruct.Mode = GPIO_MODE_INPUT;
 258              		.loc 1 156 0
 259 016a 0894     		str	r4, [sp, #32]
 157:Core/Src/periphs/gpio.c ****   GPIO_InitStruct.Pull = GPIO_PULLUP;
 260              		.loc 1 157 0
 261 016c 0995     		str	r5, [sp, #36]
 158:Core/Src/periphs/gpio.c ****   HAL_GPIO_Init(GPIOE, &GPIO_InitStruct);
 262              		.loc 1 158 0
 263 016e 07A9     		add	r1, sp, #28
 264 0170 3846     		mov	r0, r7
 265 0172 FFF7FEFF 		bl	HAL_GPIO_Init
 266              	.LVL13:
 159:Core/Src/periphs/gpio.c **** 
 160:Core/Src/periphs/gpio.c ****   /*Configure GPIO pins : PD10 PD0 PD1 PD2 
 161:Core/Src/periphs/gpio.c ****                            PD3 PD4 PD7 */
 162:Core/Src/periphs/gpio.c ****   GPIO_InitStruct.Pin = GPIO_PIN_10|GPIO_PIN_0|GPIO_PIN_1|GPIO_PIN_2 
 267              		.loc 1 162 0
 268 0176 40F29F43 		movw	r3, #1183
 269 017a 0793     		str	r3, [sp, #28]
 163:Core/Src/periphs/gpio.c ****                           |GPIO_PIN_3|GPIO_PIN_4|GPIO_PIN_7;
 164:Core/Src/periphs/gpio.c ****   GPIO_InitStruct.Mode = GPIO_MODE_ANALOG;
 270              		.loc 1 164 0
 271 017c 0896     		str	r6, [sp, #32]
 165:Core/Src/periphs/gpio.c ****   GPIO_InitStruct.Pull = GPIO_NOPULL;
 272              		.loc 1 165 0
 273 017e 0994     		str	r4, [sp, #36]
 166:Core/Src/periphs/gpio.c ****   HAL_GPIO_Init(GPIOD, &GPIO_InitStruct);
 274              		.loc 1 166 0
 275 0180 07A9     		add	r1, sp, #28
 276 0182 4046     		mov	r0, r8
 277 0184 FFF7FEFF 		bl	HAL_GPIO_Init
 278              	.LVL14:
 167:Core/Src/periphs/gpio.c **** 
 168:Core/Src/periphs/gpio.c ****   /*Configure GPIO pin : PD11 */
 169:Core/Src/periphs/gpio.c ****   GPIO_InitStruct.Pin = GPIO_PIN_11;
 279              		.loc 1 169 0
 280 0188 CDF81CB0 		str	fp, [sp, #28]
 170:Core/Src/periphs/gpio.c ****   GPIO_InitStruct.Mode = GPIO_MODE_INPUT;
 281              		.loc 1 170 0
 282 018c 0894     		str	r4, [sp, #32]
 171:Core/Src/periphs/gpio.c ****   GPIO_InitStruct.Pull = GPIO_PULLUP;
 283              		.loc 1 171 0
 284 018e 0995     		str	r5, [sp, #36]
 172:Core/Src/periphs/gpio.c ****   HAL_GPIO_Init(GPIOD, &GPIO_InitStruct);
 285              		.loc 1 172 0
ARM GAS  C:\Users\Prashant\AppData\Local\Temp\ccPs20zH.s 			page 9


 286 0190 07A9     		add	r1, sp, #28
 287 0192 4046     		mov	r0, r8
 288 0194 FFF7FEFF 		bl	HAL_GPIO_Init
 289              	.LVL15:
 173:Core/Src/periphs/gpio.c **** 
 174:Core/Src/periphs/gpio.c ****   /*Configure GPIO pins : PD12 PD14 PD15 */
 175:Core/Src/periphs/gpio.c ****   GPIO_InitStruct.Pin = GPIO_PIN_12|GPIO_PIN_14|GPIO_PIN_15;
 290              		.loc 1 175 0
 291 0198 4FF45043 		mov	r3, #53248
 292 019c 0793     		str	r3, [sp, #28]
 176:Core/Src/periphs/gpio.c ****   GPIO_InitStruct.Mode = GPIO_MODE_OUTPUT_PP;
 293              		.loc 1 176 0
 294 019e 0895     		str	r5, [sp, #32]
 177:Core/Src/periphs/gpio.c ****   GPIO_InitStruct.Pull = GPIO_NOPULL;
 295              		.loc 1 177 0
 296 01a0 0994     		str	r4, [sp, #36]
 178:Core/Src/periphs/gpio.c ****   GPIO_InitStruct.Speed = GPIO_SPEED_FREQ_LOW;
 297              		.loc 1 178 0
 298 01a2 0A94     		str	r4, [sp, #40]
 179:Core/Src/periphs/gpio.c ****   HAL_GPIO_Init(GPIOD, &GPIO_InitStruct);
 299              		.loc 1 179 0
 300 01a4 07A9     		add	r1, sp, #28
 301 01a6 4046     		mov	r0, r8
 302 01a8 FFF7FEFF 		bl	HAL_GPIO_Init
 303              	.LVL16:
 180:Core/Src/periphs/gpio.c **** 
 181:Core/Src/periphs/gpio.c ****   /*Configure GPIO pin : PD13 */
 182:Core/Src/periphs/gpio.c ****   GPIO_InitStruct.Pin = GPIO_PIN_13;
 304              		.loc 1 182 0
 305 01ac 4FF40053 		mov	r3, #8192
 306 01b0 0793     		str	r3, [sp, #28]
 183:Core/Src/periphs/gpio.c ****   GPIO_InitStruct.Mode = GPIO_MODE_IT_RISING;
 307              		.loc 1 183 0
 308 01b2 CDF820A0 		str	r10, [sp, #32]
 184:Core/Src/periphs/gpio.c ****   GPIO_InitStruct.Pull = GPIO_PULLUP;
 309              		.loc 1 184 0
 310 01b6 0995     		str	r5, [sp, #36]
 185:Core/Src/periphs/gpio.c ****   HAL_GPIO_Init(GPIOD, &GPIO_InitStruct);
 311              		.loc 1 185 0
 312 01b8 07A9     		add	r1, sp, #28
 313 01ba 4046     		mov	r0, r8
 314 01bc FFF7FEFF 		bl	HAL_GPIO_Init
 315              	.LVL17:
 186:Core/Src/periphs/gpio.c **** 
 187:Core/Src/periphs/gpio.c ****   /*Configure GPIO pins : PA9 PA10 PA11 PA12 
 188:Core/Src/periphs/gpio.c ****                            PA15 */
 189:Core/Src/periphs/gpio.c ****   GPIO_InitStruct.Pin = GPIO_PIN_9|GPIO_PIN_10|GPIO_PIN_11|GPIO_PIN_12 
 316              		.loc 1 189 0
 317 01c0 4FF41E43 		mov	r3, #40448
 318 01c4 0793     		str	r3, [sp, #28]
 190:Core/Src/periphs/gpio.c ****                           |GPIO_PIN_15;
 191:Core/Src/periphs/gpio.c ****   GPIO_InitStruct.Mode = GPIO_MODE_ANALOG;
 319              		.loc 1 191 0
 320 01c6 0896     		str	r6, [sp, #32]
 192:Core/Src/periphs/gpio.c ****   GPIO_InitStruct.Pull = GPIO_NOPULL;
 321              		.loc 1 192 0
 322 01c8 0994     		str	r4, [sp, #36]
ARM GAS  C:\Users\Prashant\AppData\Local\Temp\ccPs20zH.s 			page 10


 193:Core/Src/periphs/gpio.c ****   HAL_GPIO_Init(GPIOA, &GPIO_InitStruct);
 323              		.loc 1 193 0
 324 01ca 07A9     		add	r1, sp, #28
 325 01cc 4846     		mov	r0, r9
 326 01ce FFF7FEFF 		bl	HAL_GPIO_Init
 327              	.LVL18:
 194:Core/Src/periphs/gpio.c **** 
 195:Core/Src/periphs/gpio.c ****   /* EXTI interrupt init*/
 196:Core/Src/periphs/gpio.c ****   HAL_NVIC_SetPriority(EXTI4_IRQn, 0, 0);
 328              		.loc 1 196 0
 329 01d2 2246     		mov	r2, r4
 330 01d4 2146     		mov	r1, r4
 331 01d6 0A20     		movs	r0, #10
 332 01d8 FFF7FEFF 		bl	HAL_NVIC_SetPriority
 333              	.LVL19:
 197:Core/Src/periphs/gpio.c ****   HAL_NVIC_EnableIRQ(EXTI4_IRQn);
 334              		.loc 1 197 0
 335 01dc 0A20     		movs	r0, #10
 336 01de FFF7FEFF 		bl	HAL_NVIC_EnableIRQ
 337              	.LVL20:
 198:Core/Src/periphs/gpio.c **** 
 199:Core/Src/periphs/gpio.c ****   HAL_NVIC_SetPriority(EXTI15_10_IRQn, 0, 0);
 338              		.loc 1 199 0
 339 01e2 2246     		mov	r2, r4
 340 01e4 2146     		mov	r1, r4
 341 01e6 2820     		movs	r0, #40
 342 01e8 FFF7FEFF 		bl	HAL_NVIC_SetPriority
 343              	.LVL21:
 200:Core/Src/periphs/gpio.c ****   HAL_NVIC_EnableIRQ(EXTI15_10_IRQn);
 344              		.loc 1 200 0
 345 01ec 2820     		movs	r0, #40
 346 01ee FFF7FEFF 		bl	HAL_NVIC_EnableIRQ
 347              	.LVL22:
 201:Core/Src/periphs/gpio.c **** 
 202:Core/Src/periphs/gpio.c **** }
 348              		.loc 1 202 0
 349 01f2 0DB0     		add	sp, sp, #52
 350              	.LCFI2:
 351              		.cfi_def_cfa_offset 36
 352              		@ sp needed
 353 01f4 BDE8F08F 		pop	{r4, r5, r6, r7, r8, r9, r10, fp, pc}
 354              	.L4:
 355              		.align	2
 356              	.L3:
 357 01f8 00380240 		.word	1073887232
 358 01fc 00100240 		.word	1073876992
 359 0200 00040240 		.word	1073873920
 360 0204 00080240 		.word	1073874944
 361 0208 00000240 		.word	1073872896
 362 020c 000C0240 		.word	1073875968
 363 0210 00001110 		.word	269549568
 364              		.cfi_endproc
 365              	.LFE126:
 367              		.text
 368              	.Letext0:
 369              		.file 2 "c:\\program files (x86)\\gnu tools arm embedded\\7 2017-q4-major\\arm-none-eabi\\include\
 370              		.file 3 "c:\\program files (x86)\\gnu tools arm embedded\\7 2017-q4-major\\arm-none-eabi\\include\
ARM GAS  C:\Users\Prashant\AppData\Local\Temp\ccPs20zH.s 			page 11


 371              		.file 4 "C:/Users/Prashant/STM32Cube/Repository/STM32Cube_FW_F4_V1.21.0/Drivers/CMSIS/Include/core
 372              		.file 5 "C:/Users/Prashant/STM32Cube/Repository/STM32Cube_FW_F4_V1.21.0/Drivers/CMSIS/Device/ST/ST
 373              		.file 6 "C:/Users/Prashant/STM32Cube/Repository/STM32Cube_FW_F4_V1.21.0/Drivers/CMSIS/Device/ST/ST
 374              		.file 7 "c:\\program files (x86)\\gnu tools arm embedded\\7 2017-q4-major\\arm-none-eabi\\include\
 375              		.file 8 "c:\\program files (x86)\\gnu tools arm embedded\\7 2017-q4-major\\arm-none-eabi\\include\
 376              		.file 9 "c:\\program files (x86)\\gnu tools arm embedded\\7 2017-q4-major\\lib\\gcc\\arm-none-eabi
 377              		.file 10 "c:\\program files (x86)\\gnu tools arm embedded\\7 2017-q4-major\\arm-none-eabi\\include
 378              		.file 11 "C:/Users/Prashant/STM32Cube/Repository/STM32Cube_FW_F4_V1.21.0/Drivers/STM32F4xx_HAL_Dri
 379              		.file 12 "C:/Users/Prashant/STM32Cube/Repository/STM32Cube_FW_F4_V1.21.0/Drivers/STM32F4xx_HAL_Dri
ARM GAS  C:\Users\Prashant\AppData\Local\Temp\ccPs20zH.s 			page 12


DEFINED SYMBOLS
                            *ABS*:00000000 gpio.c
C:\Users\Prashant\AppData\Local\Temp\ccPs20zH.s:18     .text.MX_GPIO_Init:00000000 $t
C:\Users\Prashant\AppData\Local\Temp\ccPs20zH.s:25     .text.MX_GPIO_Init:00000000 MX_GPIO_Init
C:\Users\Prashant\AppData\Local\Temp\ccPs20zH.s:357    .text.MX_GPIO_Init:000001f8 $d

UNDEFINED SYMBOLS
HAL_GPIO_WritePin
HAL_GPIO_Init
HAL_NVIC_SetPriority
HAL_NVIC_EnableIRQ
