ARM GAS  C:\Users\Prashant\AppData\Local\Temp\cczwxeuc.s 			page 1


   1              		.cpu cortex-m4
   2              		.eabi_attribute 27, 1
   3              		.eabi_attribute 28, 1
   4              		.eabi_attribute 20, 1
   5              		.eabi_attribute 21, 1
   6              		.eabi_attribute 23, 3
   7              		.eabi_attribute 24, 1
   8              		.eabi_attribute 25, 1
   9              		.eabi_attribute 26, 1
  10              		.eabi_attribute 30, 1
  11              		.eabi_attribute 34, 1
  12              		.eabi_attribute 18, 4
  13              		.file	"i2c_utils.cpp"
  14              		.text
  15              	.Ltext0:
  16              		.cfi_sections	.debug_frame
  17              		.section	.text._Z19print_I2C_AddressesP17I2C_HandleTypeDef,"ax",%progbits
  18              		.align	1
  19              		.global	_Z19print_I2C_AddressesP17I2C_HandleTypeDef
  20              		.syntax unified
  21              		.thumb
  22              		.thumb_func
  23              		.fpu fpv4-sp-d16
  25              	_Z19print_I2C_AddressesP17I2C_HandleTypeDef:
  26              	.LFB124:
  27              		.file 1 "Core/Src/utils/i2c_utils.cpp"
   1:Core/Src/utils/i2c_utils.cpp **** /*
   2:Core/Src/utils/i2c_utils.cpp ****  * i2c_utils.cpp
   3:Core/Src/utils/i2c_utils.cpp ****  * 
   4:Core/Src/utils/i2c_utils.cpp ****  * Created : 11/10/2018
   5:Core/Src/utils/i2c_utils.cpp ****  *  Author : n-is
   6:Core/Src/utils/i2c_utils.cpp ****  *   email : 073bex422.nischal@pcampus.edu.np
   7:Core/Src/utils/i2c_utils.cpp ****  */
   8:Core/Src/utils/i2c_utils.cpp **** 
   9:Core/Src/utils/i2c_utils.cpp **** #include "utils/i2c_utils.h"
  10:Core/Src/utils/i2c_utils.cpp **** 
  11:Core/Src/utils/i2c_utils.cpp **** //* This function prints all the available addresses in the specified I2C Bus.
  12:Core/Src/utils/i2c_utils.cpp **** void print_I2C_Addresses(I2C_HandleTypeDef * hi2c)
  13:Core/Src/utils/i2c_utils.cpp **** {
  28              		.loc 1 13 0
  29              		.cfi_startproc
  30              		@ args = 0, pretend = 0, frame = 0
  31              		@ frame_needed = 0, uses_anonymous_args = 0
  32              	.LVL0:
  33 0000 70B5     		push	{r4, r5, r6, lr}
  34              	.LCFI0:
  35              		.cfi_def_cfa_offset 16
  36              		.cfi_offset 4, -16
  37              		.cfi_offset 5, -12
  38              		.cfi_offset 6, -8
  39              		.cfi_offset 14, -4
  40 0002 0646     		mov	r6, r0
  41              	.LVL1:
  14:Core/Src/utils/i2c_utils.cpp ****         uint8_t devs_found = 0;
  15:Core/Src/utils/i2c_utils.cpp ****         printf("Scanning...\n");
  42              		.loc 1 15 0
  43 0004 1548     		ldr	r0, .L9
ARM GAS  C:\Users\Prashant\AppData\Local\Temp\cczwxeuc.s 			page 2


  44              	.LVL2:
  45 0006 FFF7FEFF 		bl	puts
  46              	.LVL3:
  47              	.LBB2:
  16:Core/Src/utils/i2c_utils.cpp ****         for (uint8_t i = 0; i < 255; ++i) {
  48              		.loc 1 16 0
  49 000a 0024     		movs	r4, #0
  50              	.LBE2:
  14:Core/Src/utils/i2c_utils.cpp ****         uint8_t devs_found = 0;
  51              		.loc 1 14 0
  52 000c 2546     		mov	r5, r4
  53 000e 04E0     		b	.L4
  54              	.LVL4:
  55              	.L3:
  56              	.LBB3:
  17:Core/Src/utils/i2c_utils.cpp ****                 if (HAL_I2C_IsDeviceReady(hi2c, i, 2, 10) == HAL_OK) {
  18:Core/Src/utils/i2c_utils.cpp ****                         ++devs_found;
  19:Core/Src/utils/i2c_utils.cpp ****                         printf("Address : 0x%X\n", i);
  20:Core/Src/utils/i2c_utils.cpp ****                         ++i;
  21:Core/Src/utils/i2c_utils.cpp ****                 }
  22:Core/Src/utils/i2c_utils.cpp ****                 HAL_Delay(10);
  57              		.loc 1 22 0 discriminator 2
  58 0010 0A20     		movs	r0, #10
  59 0012 FFF7FEFF 		bl	HAL_Delay
  60              	.LVL5:
  16:Core/Src/utils/i2c_utils.cpp ****         for (uint8_t i = 0; i < 255; ++i) {
  61              		.loc 1 16 0 discriminator 2
  62 0016 0134     		adds	r4, r4, #1
  63              	.LVL6:
  64 0018 E4B2     		uxtb	r4, r4
  65              	.LVL7:
  66              	.L4:
  16:Core/Src/utils/i2c_utils.cpp ****         for (uint8_t i = 0; i < 255; ++i) {
  67              		.loc 1 16 0 is_stmt 0 discriminator 1
  68 001a FF2C     		cmp	r4, #255
  69 001c 10D0     		beq	.L2
  17:Core/Src/utils/i2c_utils.cpp ****                 if (HAL_I2C_IsDeviceReady(hi2c, i, 2, 10) == HAL_OK) {
  70              		.loc 1 17 0 is_stmt 1
  71 001e 0A23     		movs	r3, #10
  72 0020 0222     		movs	r2, #2
  73 0022 2146     		mov	r1, r4
  74 0024 3046     		mov	r0, r6
  75 0026 FFF7FEFF 		bl	HAL_I2C_IsDeviceReady
  76              	.LVL8:
  77 002a 0028     		cmp	r0, #0
  78 002c F0D1     		bne	.L3
  18:Core/Src/utils/i2c_utils.cpp ****                         printf("Address : 0x%X\n", i);
  79              		.loc 1 18 0
  80 002e 0135     		adds	r5, r5, #1
  81              	.LVL9:
  82 0030 EDB2     		uxtb	r5, r5
  83              	.LVL10:
  19:Core/Src/utils/i2c_utils.cpp ****                         ++i;
  84              		.loc 1 19 0
  85 0032 2146     		mov	r1, r4
  86 0034 0A48     		ldr	r0, .L9+4
  87 0036 FFF7FEFF 		bl	printf
ARM GAS  C:\Users\Prashant\AppData\Local\Temp\cczwxeuc.s 			page 3


  88              	.LVL11:
  20:Core/Src/utils/i2c_utils.cpp ****                 }
  89              		.loc 1 20 0
  90 003a 0134     		adds	r4, r4, #1
  91              	.LVL12:
  92 003c E4B2     		uxtb	r4, r4
  93              	.LVL13:
  94 003e E7E7     		b	.L3
  95              	.L2:
  96              	.LBE3:
  23:Core/Src/utils/i2c_utils.cpp ****         }
  24:Core/Src/utils/i2c_utils.cpp ****         if (devs_found) {
  97              		.loc 1 24 0
  98 0040 35B9     		cbnz	r5, .L8
  25:Core/Src/utils/i2c_utils.cpp ****                 printf("%d devices detected", devs_found);
  26:Core/Src/utils/i2c_utils.cpp ****         }
  27:Core/Src/utils/i2c_utils.cpp ****         else {
  28:Core/Src/utils/i2c_utils.cpp ****                 printf("No devices found");
  99              		.loc 1 28 0
 100 0042 0848     		ldr	r0, .L9+8
 101 0044 FFF7FEFF 		bl	printf
 102              	.LVL14:
 103              	.L6:
  29:Core/Src/utils/i2c_utils.cpp ****         }
  30:Core/Src/utils/i2c_utils.cpp ****         printf(" on given I2C Bus\n");
 104              		.loc 1 30 0
 105 0048 0748     		ldr	r0, .L9+12
 106 004a FFF7FEFF 		bl	puts
 107              	.LVL15:
  31:Core/Src/utils/i2c_utils.cpp **** }
 108              		.loc 1 31 0
 109 004e 70BD     		pop	{r4, r5, r6, pc}
 110              	.LVL16:
 111              	.L8:
  25:Core/Src/utils/i2c_utils.cpp ****                 printf("%d devices detected", devs_found);
 112              		.loc 1 25 0
 113 0050 2946     		mov	r1, r5
 114 0052 0648     		ldr	r0, .L9+16
 115 0054 FFF7FEFF 		bl	printf
 116              	.LVL17:
 117 0058 F6E7     		b	.L6
 118              	.L10:
 119 005a 00BF     		.align	2
 120              	.L9:
 121 005c 00000000 		.word	.LC0
 122 0060 0C000000 		.word	.LC1
 123 0064 30000000 		.word	.LC3
 124 0068 44000000 		.word	.LC4
 125 006c 1C000000 		.word	.LC2
 126              		.cfi_endproc
 127              	.LFE124:
 129              		.section	.rodata._Z19print_I2C_AddressesP17I2C_HandleTypeDef.str1.4,"aMS",%progbits,1
 130              		.align	2
 131              	.LC0:
 132 0000 5363616E 		.ascii	"Scanning...\000"
 132      6E696E67 
 132      2E2E2E00 
ARM GAS  C:\Users\Prashant\AppData\Local\Temp\cczwxeuc.s 			page 4


 133              	.LC1:
 134 000c 41646472 		.ascii	"Address : 0x%X\012\000"
 134      65737320 
 134      3A203078 
 134      25580A00 
 135              	.LC2:
 136 001c 25642064 		.ascii	"%d devices detected\000"
 136      65766963 
 136      65732064 
 136      65746563 
 136      74656400 
 137              	.LC3:
 138 0030 4E6F2064 		.ascii	"No devices found\000"
 138      65766963 
 138      65732066 
 138      6F756E64 
 138      00
 139 0041 000000   		.space	3
 140              	.LC4:
 141 0044 206F6E20 		.ascii	" on given I2C Bus\000"
 141      67697665 
 141      6E204932 
 141      43204275 
 141      7300
 142              		.text
 143              	.Letext0:
 144              		.file 2 "c:\\program files (x86)\\gnu tools arm embedded\\7 2017-q4-major\\arm-none-eabi\\include\
 145              		.file 3 "c:\\program files (x86)\\gnu tools arm embedded\\7 2017-q4-major\\arm-none-eabi\\include\
 146              		.file 4 "C:/Users/Prashant/STM32Cube/Repository/STM32Cube_FW_F4_V1.21.0/Drivers/CMSIS/Include/core
 147              		.file 5 "C:/Users/Prashant/STM32Cube/Repository/STM32Cube_FW_F4_V1.21.0/Drivers/CMSIS/Device/ST/ST
 148              		.file 6 "C:/Users/Prashant/STM32Cube/Repository/STM32Cube_FW_F4_V1.21.0/Drivers/CMSIS/Device/ST/ST
 149              		.file 7 "c:\\program files (x86)\\gnu tools arm embedded\\7 2017-q4-major\\arm-none-eabi\\include\
 150              		.file 8 "c:\\program files (x86)\\gnu tools arm embedded\\7 2017-q4-major\\arm-none-eabi\\include\
 151              		.file 9 "c:\\program files (x86)\\gnu tools arm embedded\\7 2017-q4-major\\lib\\gcc\\arm-none-eabi
 152              		.file 10 "c:\\program files (x86)\\gnu tools arm embedded\\7 2017-q4-major\\arm-none-eabi\\include
 153              		.file 11 "C:/Users/Prashant/STM32Cube/Repository/STM32Cube_FW_F4_V1.21.0/Drivers/STM32F4xx_HAL_Dri
 154              		.file 12 "C:/Users/Prashant/STM32Cube/Repository/STM32Cube_FW_F4_V1.21.0/Drivers/STM32F4xx_HAL_Dri
 155              		.file 13 "C:/Users/Prashant/STM32Cube/Repository/STM32Cube_FW_F4_V1.21.0/Drivers/STM32F4xx_HAL_Dri
 156              		.file 14 "Core/Inc/periphs/i2c.h"
 157              		.file 15 "C:/Users/Prashant/STM32Cube/Repository/STM32Cube_FW_F4_V1.21.0/Drivers/STM32F4xx_HAL_Dri
 158              		.file 16 "c:\\program files (x86)\\gnu tools arm embedded\\7 2017-q4-major\\arm-none-eabi\\include
ARM GAS  C:\Users\Prashant\AppData\Local\Temp\cczwxeuc.s 			page 5


DEFINED SYMBOLS
                            *ABS*:00000000 i2c_utils.cpp
C:\Users\Prashant\AppData\Local\Temp\cczwxeuc.s:18     .text._Z19print_I2C_AddressesP17I2C_HandleTypeDef:00000000 $t
C:\Users\Prashant\AppData\Local\Temp\cczwxeuc.s:25     .text._Z19print_I2C_AddressesP17I2C_HandleTypeDef:00000000 _Z19print_I2C_AddressesP17I2C_HandleTypeDef
C:\Users\Prashant\AppData\Local\Temp\cczwxeuc.s:121    .text._Z19print_I2C_AddressesP17I2C_HandleTypeDef:0000005c $d
C:\Users\Prashant\AppData\Local\Temp\cczwxeuc.s:130    .rodata._Z19print_I2C_AddressesP17I2C_HandleTypeDef.str1.4:00000000 $d

UNDEFINED SYMBOLS
puts
HAL_Delay
HAL_I2C_IsDeviceReady
printf
