ARM GAS  C:\Users\073be\AppData\Local\Temp\cc2Z0Exq.s 			page 1


   1              		.cpu cortex-m4
   2              		.eabi_attribute 27, 1
   3              		.eabi_attribute 28, 1
   4              		.eabi_attribute 20, 1
   5              		.eabi_attribute 21, 1
   6              		.eabi_attribute 23, 3
   7              		.eabi_attribute 24, 1
   8              		.eabi_attribute 25, 1
   9              		.eabi_attribute 26, 1
  10              		.eabi_attribute 30, 1
  11              		.eabi_attribute 34, 1
  12              		.eabi_attribute 18, 4
  13              		.file	"tim.c"
  14              		.text
  15              	.Ltext0:
  16              		.cfi_sections	.debug_frame
  17              		.section	.text.MX_TIM1_Init,"ax",%progbits
  18              		.align	1
  19              		.global	MX_TIM1_Init
  20              		.syntax unified
  21              		.thumb
  22              		.thumb_func
  23              		.fpu fpv4-sp-d16
  25              	MX_TIM1_Init:
  26              	.LFB126:
  27              		.file 1 "Core/Src/periphs/tim.c"
   1:Core/Src/periphs/tim.c **** /**
   2:Core/Src/periphs/tim.c ****   ******************************************************************************
   3:Core/Src/periphs/tim.c ****   * File Name          : TIM.c
   4:Core/Src/periphs/tim.c ****   * Description        : This file provides code for the configuration
   5:Core/Src/periphs/tim.c ****   *                      of the TIM instances.
   6:Core/Src/periphs/tim.c ****   ******************************************************************************
   7:Core/Src/periphs/tim.c ****   * This notice applies to any and all portions of this file
   8:Core/Src/periphs/tim.c ****   * that are not between comment pairs USER CODE BEGIN and
   9:Core/Src/periphs/tim.c ****   * USER CODE END. Other portions of this file, whether 
  10:Core/Src/periphs/tim.c ****   * inserted by the user or by software development tools
  11:Core/Src/periphs/tim.c ****   * are owned by their respective copyright owners.
  12:Core/Src/periphs/tim.c ****   *
  13:Core/Src/periphs/tim.c ****   * Copyright (c) 2019 STMicroelectronics International N.V. 
  14:Core/Src/periphs/tim.c ****   * All rights reserved.
  15:Core/Src/periphs/tim.c ****   *
  16:Core/Src/periphs/tim.c ****   * Redistribution and use in source and binary forms, with or without 
  17:Core/Src/periphs/tim.c ****   * modification, are permitted, provided that the following conditions are met:
  18:Core/Src/periphs/tim.c ****   *
  19:Core/Src/periphs/tim.c ****   * 1. Redistribution of source code must retain the above copyright notice, 
  20:Core/Src/periphs/tim.c ****   *    this list of conditions and the following disclaimer.
  21:Core/Src/periphs/tim.c ****   * 2. Redistributions in binary form must reproduce the above copyright notice,
  22:Core/Src/periphs/tim.c ****   *    this list of conditions and the following disclaimer in the documentation
  23:Core/Src/periphs/tim.c ****   *    and/or other materials provided with the distribution.
  24:Core/Src/periphs/tim.c ****   * 3. Neither the name of STMicroelectronics nor the names of other 
  25:Core/Src/periphs/tim.c ****   *    contributors to this software may be used to endorse or promote products 
  26:Core/Src/periphs/tim.c ****   *    derived from this software without specific written permission.
  27:Core/Src/periphs/tim.c ****   * 4. This software, including modifications and/or derivative works of this 
  28:Core/Src/periphs/tim.c ****   *    software, must execute solely and exclusively on microcontroller or
  29:Core/Src/periphs/tim.c ****   *    microprocessor devices manufactured by or for STMicroelectronics.
  30:Core/Src/periphs/tim.c ****   * 5. Redistribution and use of this software other than as permitted under 
  31:Core/Src/periphs/tim.c ****   *    this license is void and will automatically terminate your rights under 
ARM GAS  C:\Users\073be\AppData\Local\Temp\cc2Z0Exq.s 			page 2


  32:Core/Src/periphs/tim.c ****   *    this license. 
  33:Core/Src/periphs/tim.c ****   *
  34:Core/Src/periphs/tim.c ****   * THIS SOFTWARE IS PROVIDED BY STMICROELECTRONICS AND CONTRIBUTORS "AS IS" 
  35:Core/Src/periphs/tim.c ****   * AND ANY EXPRESS, IMPLIED OR STATUTORY WARRANTIES, INCLUDING, BUT NOT 
  36:Core/Src/periphs/tim.c ****   * LIMITED TO, THE IMPLIED WARRANTIES OF MERCHANTABILITY, FITNESS FOR A 
  37:Core/Src/periphs/tim.c ****   * PARTICULAR PURPOSE AND NON-INFRINGEMENT OF THIRD PARTY INTELLECTUAL PROPERTY
  38:Core/Src/periphs/tim.c ****   * RIGHTS ARE DISCLAIMED TO THE FULLEST EXTENT PERMITTED BY LAW. IN NO EVENT 
  39:Core/Src/periphs/tim.c ****   * SHALL STMICROELECTRONICS OR CONTRIBUTORS BE LIABLE FOR ANY DIRECT, INDIRECT,
  40:Core/Src/periphs/tim.c ****   * INCIDENTAL, SPECIAL, EXEMPLARY, OR CONSEQUENTIAL DAMAGES (INCLUDING, BUT NOT
  41:Core/Src/periphs/tim.c ****   * LIMITED TO, PROCUREMENT OF SUBSTITUTE GOODS OR SERVICES; LOSS OF USE, DATA, 
  42:Core/Src/periphs/tim.c ****   * OR PROFITS; OR BUSINESS INTERRUPTION) HOWEVER CAUSED AND ON ANY THEORY OF 
  43:Core/Src/periphs/tim.c ****   * LIABILITY, WHETHER IN CONTRACT, STRICT LIABILITY, OR TORT (INCLUDING 
  44:Core/Src/periphs/tim.c ****   * NEGLIGENCE OR OTHERWISE) ARISING IN ANY WAY OUT OF THE USE OF THIS SOFTWARE,
  45:Core/Src/periphs/tim.c ****   * EVEN IF ADVISED OF THE POSSIBILITY OF SUCH DAMAGE.
  46:Core/Src/periphs/tim.c ****   *
  47:Core/Src/periphs/tim.c ****   ******************************************************************************
  48:Core/Src/periphs/tim.c ****   */
  49:Core/Src/periphs/tim.c **** 
  50:Core/Src/periphs/tim.c **** /* Includes ------------------------------------------------------------------*/
  51:Core/Src/periphs/tim.c **** #include "tim.h"
  52:Core/Src/periphs/tim.c **** 
  53:Core/Src/periphs/tim.c **** /* USER CODE BEGIN 0 */
  54:Core/Src/periphs/tim.c **** 
  55:Core/Src/periphs/tim.c **** /* USER CODE END 0 */
  56:Core/Src/periphs/tim.c **** 
  57:Core/Src/periphs/tim.c **** TIM_HandleTypeDef htim1;
  58:Core/Src/periphs/tim.c **** TIM_HandleTypeDef htim2;
  59:Core/Src/periphs/tim.c **** TIM_HandleTypeDef htim3;
  60:Core/Src/periphs/tim.c **** TIM_HandleTypeDef htim4;
  61:Core/Src/periphs/tim.c **** TIM_HandleTypeDef htim8;
  62:Core/Src/periphs/tim.c **** TIM_HandleTypeDef htim9;
  63:Core/Src/periphs/tim.c **** 
  64:Core/Src/periphs/tim.c **** /* TIM1 init function */
  65:Core/Src/periphs/tim.c **** void MX_TIM1_Init(void)
  66:Core/Src/periphs/tim.c **** {
  28              		.loc 1 66 0
  29              		.cfi_startproc
  30              		@ args = 0, pretend = 0, frame = 48
  31              		@ frame_needed = 0, uses_anonymous_args = 0
  32 0000 00B5     		push	{lr}
  33              	.LCFI0:
  34              		.cfi_def_cfa_offset 4
  35              		.cfi_offset 14, -4
  36 0002 8DB0     		sub	sp, sp, #52
  37              	.LCFI1:
  38              		.cfi_def_cfa_offset 56
  67:Core/Src/periphs/tim.c ****   TIM_Encoder_InitTypeDef sConfig = {0};
  39              		.loc 1 67 0
  40 0004 2022     		movs	r2, #32
  41 0006 0021     		movs	r1, #0
  42 0008 04A8     		add	r0, sp, #16
  43 000a FFF7FEFF 		bl	memset
  44              	.LVL0:
  68:Core/Src/periphs/tim.c ****   TIM_MasterConfigTypeDef sMasterConfig = {0};
  45              		.loc 1 68 0
  46 000e 0023     		movs	r3, #0
  47 0010 0193     		str	r3, [sp, #4]
ARM GAS  C:\Users\073be\AppData\Local\Temp\cc2Z0Exq.s 			page 3


  48 0012 0293     		str	r3, [sp, #8]
  69:Core/Src/periphs/tim.c **** 
  70:Core/Src/periphs/tim.c ****   htim1.Instance = TIM1;
  49              		.loc 1 70 0
  50 0014 1148     		ldr	r0, .L7
  51 0016 124A     		ldr	r2, .L7+4
  52 0018 0260     		str	r2, [r0]
  71:Core/Src/periphs/tim.c ****   htim1.Init.Prescaler = 0;
  53              		.loc 1 71 0
  54 001a 4360     		str	r3, [r0, #4]
  72:Core/Src/periphs/tim.c ****   htim1.Init.CounterMode = TIM_COUNTERMODE_UP;
  55              		.loc 1 72 0
  56 001c 8360     		str	r3, [r0, #8]
  73:Core/Src/periphs/tim.c ****   htim1.Init.Period = 65535;
  57              		.loc 1 73 0
  58 001e 4FF6FF72 		movw	r2, #65535
  59 0022 C260     		str	r2, [r0, #12]
  74:Core/Src/periphs/tim.c ****   htim1.Init.ClockDivision = TIM_CLOCKDIVISION_DIV1;
  60              		.loc 1 74 0
  61 0024 0361     		str	r3, [r0, #16]
  75:Core/Src/periphs/tim.c ****   htim1.Init.RepetitionCounter = 0;
  62              		.loc 1 75 0
  63 0026 4361     		str	r3, [r0, #20]
  76:Core/Src/periphs/tim.c ****   sConfig.EncoderMode = TIM_ENCODERMODE_TI12;
  64              		.loc 1 76 0
  65 0028 0323     		movs	r3, #3
  66 002a 0393     		str	r3, [sp, #12]
  77:Core/Src/periphs/tim.c ****   sConfig.IC1Polarity = TIM_ICPOLARITY_RISING;
  78:Core/Src/periphs/tim.c ****   sConfig.IC1Selection = TIM_ICSELECTION_DIRECTTI;
  67              		.loc 1 78 0
  68 002c 0123     		movs	r3, #1
  69 002e 0593     		str	r3, [sp, #20]
  79:Core/Src/periphs/tim.c ****   sConfig.IC1Prescaler = TIM_ICPSC_DIV1;
  80:Core/Src/periphs/tim.c ****   sConfig.IC1Filter = 0;
  81:Core/Src/periphs/tim.c ****   sConfig.IC2Polarity = TIM_ICPOLARITY_RISING;
  82:Core/Src/periphs/tim.c ****   sConfig.IC2Selection = TIM_ICSELECTION_DIRECTTI;
  70              		.loc 1 82 0
  71 0030 0993     		str	r3, [sp, #36]
  83:Core/Src/periphs/tim.c ****   sConfig.IC2Prescaler = TIM_ICPSC_DIV1;
  84:Core/Src/periphs/tim.c ****   sConfig.IC2Filter = 0;
  85:Core/Src/periphs/tim.c ****   if (HAL_TIM_Encoder_Init(&htim1, &sConfig) != HAL_OK)
  72              		.loc 1 85 0
  73 0032 03A9     		add	r1, sp, #12
  74 0034 FFF7FEFF 		bl	HAL_TIM_Encoder_Init
  75              	.LVL1:
  76 0038 50B9     		cbnz	r0, .L5
  77              	.L2:
  86:Core/Src/periphs/tim.c ****   {
  87:Core/Src/periphs/tim.c ****     Error_Handler();
  88:Core/Src/periphs/tim.c ****   }
  89:Core/Src/periphs/tim.c ****   sMasterConfig.MasterOutputTrigger = TIM_TRGO_RESET;
  78              		.loc 1 89 0
  79 003a 0023     		movs	r3, #0
  80 003c 0193     		str	r3, [sp, #4]
  90:Core/Src/periphs/tim.c ****   sMasterConfig.MasterSlaveMode = TIM_MASTERSLAVEMODE_DISABLE;
  81              		.loc 1 90 0
  82 003e 0293     		str	r3, [sp, #8]
ARM GAS  C:\Users\073be\AppData\Local\Temp\cc2Z0Exq.s 			page 4


  91:Core/Src/periphs/tim.c ****   if (HAL_TIMEx_MasterConfigSynchronization(&htim1, &sMasterConfig) != HAL_OK)
  83              		.loc 1 91 0
  84 0040 01A9     		add	r1, sp, #4
  85 0042 0648     		ldr	r0, .L7
  86 0044 FFF7FEFF 		bl	HAL_TIMEx_MasterConfigSynchronization
  87              	.LVL2:
  88 0048 28B9     		cbnz	r0, .L6
  89              	.L1:
  92:Core/Src/periphs/tim.c ****   {
  93:Core/Src/periphs/tim.c ****     Error_Handler();
  94:Core/Src/periphs/tim.c ****   }
  95:Core/Src/periphs/tim.c **** 
  96:Core/Src/periphs/tim.c **** }
  90              		.loc 1 96 0
  91 004a 0DB0     		add	sp, sp, #52
  92              	.LCFI2:
  93              		.cfi_remember_state
  94              		.cfi_def_cfa_offset 4
  95              		@ sp needed
  96 004c 5DF804FB 		ldr	pc, [sp], #4
  97              	.L5:
  98              	.LCFI3:
  99              		.cfi_restore_state
  87:Core/Src/periphs/tim.c ****   }
 100              		.loc 1 87 0
 101 0050 FFF7FEFF 		bl	Error_Handler
 102              	.LVL3:
 103 0054 F1E7     		b	.L2
 104              	.L6:
  93:Core/Src/periphs/tim.c ****   }
 105              		.loc 1 93 0
 106 0056 FFF7FEFF 		bl	Error_Handler
 107              	.LVL4:
 108              		.loc 1 96 0
 109 005a F6E7     		b	.L1
 110              	.L8:
 111              		.align	2
 112              	.L7:
 113 005c 00000000 		.word	htim1
 114 0060 00000140 		.word	1073807360
 115              		.cfi_endproc
 116              	.LFE126:
 118              		.section	.text.MX_TIM2_Init,"ax",%progbits
 119              		.align	1
 120              		.global	MX_TIM2_Init
 121              		.syntax unified
 122              		.thumb
 123              		.thumb_func
 124              		.fpu fpv4-sp-d16
 126              	MX_TIM2_Init:
 127              	.LFB127:
  97:Core/Src/periphs/tim.c **** /* TIM2 init function */
  98:Core/Src/periphs/tim.c **** void MX_TIM2_Init(void)
  99:Core/Src/periphs/tim.c **** {
 128              		.loc 1 99 0
 129              		.cfi_startproc
 130              		@ args = 0, pretend = 0, frame = 48
ARM GAS  C:\Users\073be\AppData\Local\Temp\cc2Z0Exq.s 			page 5


 131              		@ frame_needed = 0, uses_anonymous_args = 0
 132 0000 00B5     		push	{lr}
 133              	.LCFI4:
 134              		.cfi_def_cfa_offset 4
 135              		.cfi_offset 14, -4
 136 0002 8DB0     		sub	sp, sp, #52
 137              	.LCFI5:
 138              		.cfi_def_cfa_offset 56
 100:Core/Src/periphs/tim.c ****   TIM_Encoder_InitTypeDef sConfig = {0};
 139              		.loc 1 100 0
 140 0004 2022     		movs	r2, #32
 141 0006 0021     		movs	r1, #0
 142 0008 04A8     		add	r0, sp, #16
 143 000a FFF7FEFF 		bl	memset
 144              	.LVL5:
 101:Core/Src/periphs/tim.c ****   TIM_MasterConfigTypeDef sMasterConfig = {0};
 145              		.loc 1 101 0
 146 000e 0023     		movs	r3, #0
 147 0010 0193     		str	r3, [sp, #4]
 148 0012 0293     		str	r3, [sp, #8]
 102:Core/Src/periphs/tim.c **** 
 103:Core/Src/periphs/tim.c ****   htim2.Instance = TIM2;
 149              		.loc 1 103 0
 150 0014 1148     		ldr	r0, .L15
 151 0016 4FF08042 		mov	r2, #1073741824
 152 001a 0260     		str	r2, [r0]
 104:Core/Src/periphs/tim.c ****   htim2.Init.Prescaler = 0;
 153              		.loc 1 104 0
 154 001c 4360     		str	r3, [r0, #4]
 105:Core/Src/periphs/tim.c ****   htim2.Init.CounterMode = TIM_COUNTERMODE_UP;
 155              		.loc 1 105 0
 156 001e 8360     		str	r3, [r0, #8]
 106:Core/Src/periphs/tim.c ****   htim2.Init.Period = 65535;
 157              		.loc 1 106 0
 158 0020 4FF6FF72 		movw	r2, #65535
 159 0024 C260     		str	r2, [r0, #12]
 107:Core/Src/periphs/tim.c ****   htim2.Init.ClockDivision = TIM_CLOCKDIVISION_DIV1;
 160              		.loc 1 107 0
 161 0026 0361     		str	r3, [r0, #16]
 108:Core/Src/periphs/tim.c ****   sConfig.EncoderMode = TIM_ENCODERMODE_TI12;
 162              		.loc 1 108 0
 163 0028 0323     		movs	r3, #3
 164 002a 0393     		str	r3, [sp, #12]
 109:Core/Src/periphs/tim.c ****   sConfig.IC1Polarity = TIM_ICPOLARITY_RISING;
 110:Core/Src/periphs/tim.c ****   sConfig.IC1Selection = TIM_ICSELECTION_DIRECTTI;
 165              		.loc 1 110 0
 166 002c 0123     		movs	r3, #1
 167 002e 0593     		str	r3, [sp, #20]
 111:Core/Src/periphs/tim.c ****   sConfig.IC1Prescaler = TIM_ICPSC_DIV1;
 112:Core/Src/periphs/tim.c ****   sConfig.IC1Filter = 0;
 113:Core/Src/periphs/tim.c ****   sConfig.IC2Polarity = TIM_ICPOLARITY_RISING;
 114:Core/Src/periphs/tim.c ****   sConfig.IC2Selection = TIM_ICSELECTION_DIRECTTI;
 168              		.loc 1 114 0
 169 0030 0993     		str	r3, [sp, #36]
 115:Core/Src/periphs/tim.c ****   sConfig.IC2Prescaler = TIM_ICPSC_DIV1;
 116:Core/Src/periphs/tim.c ****   sConfig.IC2Filter = 0;
 117:Core/Src/periphs/tim.c ****   if (HAL_TIM_Encoder_Init(&htim2, &sConfig) != HAL_OK)
ARM GAS  C:\Users\073be\AppData\Local\Temp\cc2Z0Exq.s 			page 6


 170              		.loc 1 117 0
 171 0032 03A9     		add	r1, sp, #12
 172 0034 FFF7FEFF 		bl	HAL_TIM_Encoder_Init
 173              	.LVL6:
 174 0038 50B9     		cbnz	r0, .L13
 175              	.L10:
 118:Core/Src/periphs/tim.c ****   {
 119:Core/Src/periphs/tim.c ****     Error_Handler();
 120:Core/Src/periphs/tim.c ****   }
 121:Core/Src/periphs/tim.c ****   sMasterConfig.MasterOutputTrigger = TIM_TRGO_RESET;
 176              		.loc 1 121 0
 177 003a 0023     		movs	r3, #0
 178 003c 0193     		str	r3, [sp, #4]
 122:Core/Src/periphs/tim.c ****   sMasterConfig.MasterSlaveMode = TIM_MASTERSLAVEMODE_DISABLE;
 179              		.loc 1 122 0
 180 003e 0293     		str	r3, [sp, #8]
 123:Core/Src/periphs/tim.c ****   if (HAL_TIMEx_MasterConfigSynchronization(&htim2, &sMasterConfig) != HAL_OK)
 181              		.loc 1 123 0
 182 0040 01A9     		add	r1, sp, #4
 183 0042 0648     		ldr	r0, .L15
 184 0044 FFF7FEFF 		bl	HAL_TIMEx_MasterConfigSynchronization
 185              	.LVL7:
 186 0048 28B9     		cbnz	r0, .L14
 187              	.L9:
 124:Core/Src/periphs/tim.c ****   {
 125:Core/Src/periphs/tim.c ****     Error_Handler();
 126:Core/Src/periphs/tim.c ****   }
 127:Core/Src/periphs/tim.c **** 
 128:Core/Src/periphs/tim.c **** }
 188              		.loc 1 128 0
 189 004a 0DB0     		add	sp, sp, #52
 190              	.LCFI6:
 191              		.cfi_remember_state
 192              		.cfi_def_cfa_offset 4
 193              		@ sp needed
 194 004c 5DF804FB 		ldr	pc, [sp], #4
 195              	.L13:
 196              	.LCFI7:
 197              		.cfi_restore_state
 119:Core/Src/periphs/tim.c ****   }
 198              		.loc 1 119 0
 199 0050 FFF7FEFF 		bl	Error_Handler
 200              	.LVL8:
 201 0054 F1E7     		b	.L10
 202              	.L14:
 125:Core/Src/periphs/tim.c ****   }
 203              		.loc 1 125 0
 204 0056 FFF7FEFF 		bl	Error_Handler
 205              	.LVL9:
 206              		.loc 1 128 0
 207 005a F6E7     		b	.L9
 208              	.L16:
 209              		.align	2
 210              	.L15:
 211 005c 00000000 		.word	htim2
 212              		.cfi_endproc
 213              	.LFE127:
ARM GAS  C:\Users\073be\AppData\Local\Temp\cc2Z0Exq.s 			page 7


 215              		.section	.text.MX_TIM3_Init,"ax",%progbits
 216              		.align	1
 217              		.global	MX_TIM3_Init
 218              		.syntax unified
 219              		.thumb
 220              		.thumb_func
 221              		.fpu fpv4-sp-d16
 223              	MX_TIM3_Init:
 224              	.LFB128:
 129:Core/Src/periphs/tim.c **** /* TIM3 init function */
 130:Core/Src/periphs/tim.c **** void MX_TIM3_Init(void)
 131:Core/Src/periphs/tim.c **** {
 225              		.loc 1 131 0
 226              		.cfi_startproc
 227              		@ args = 0, pretend = 0, frame = 48
 228              		@ frame_needed = 0, uses_anonymous_args = 0
 229 0000 00B5     		push	{lr}
 230              	.LCFI8:
 231              		.cfi_def_cfa_offset 4
 232              		.cfi_offset 14, -4
 233 0002 8DB0     		sub	sp, sp, #52
 234              	.LCFI9:
 235              		.cfi_def_cfa_offset 56
 132:Core/Src/periphs/tim.c ****   TIM_Encoder_InitTypeDef sConfig = {0};
 236              		.loc 1 132 0
 237 0004 2022     		movs	r2, #32
 238 0006 0021     		movs	r1, #0
 239 0008 04A8     		add	r0, sp, #16
 240 000a FFF7FEFF 		bl	memset
 241              	.LVL10:
 133:Core/Src/periphs/tim.c ****   TIM_MasterConfigTypeDef sMasterConfig = {0};
 242              		.loc 1 133 0
 243 000e 0023     		movs	r3, #0
 244 0010 0193     		str	r3, [sp, #4]
 245 0012 0293     		str	r3, [sp, #8]
 134:Core/Src/periphs/tim.c **** 
 135:Core/Src/periphs/tim.c ****   htim3.Instance = TIM3;
 246              		.loc 1 135 0
 247 0014 1148     		ldr	r0, .L23
 248 0016 124A     		ldr	r2, .L23+4
 249 0018 0260     		str	r2, [r0]
 136:Core/Src/periphs/tim.c ****   htim3.Init.Prescaler = 0;
 250              		.loc 1 136 0
 251 001a 4360     		str	r3, [r0, #4]
 137:Core/Src/periphs/tim.c ****   htim3.Init.CounterMode = TIM_COUNTERMODE_UP;
 252              		.loc 1 137 0
 253 001c 8360     		str	r3, [r0, #8]
 138:Core/Src/periphs/tim.c ****   htim3.Init.Period = 65535;
 254              		.loc 1 138 0
 255 001e 4FF6FF72 		movw	r2, #65535
 256 0022 C260     		str	r2, [r0, #12]
 139:Core/Src/periphs/tim.c ****   htim3.Init.ClockDivision = TIM_CLOCKDIVISION_DIV1;
 257              		.loc 1 139 0
 258 0024 0361     		str	r3, [r0, #16]
 140:Core/Src/periphs/tim.c ****   sConfig.EncoderMode = TIM_ENCODERMODE_TI12;
 259              		.loc 1 140 0
 260 0026 0323     		movs	r3, #3
ARM GAS  C:\Users\073be\AppData\Local\Temp\cc2Z0Exq.s 			page 8


 261 0028 0393     		str	r3, [sp, #12]
 141:Core/Src/periphs/tim.c ****   sConfig.IC1Polarity = TIM_ICPOLARITY_RISING;
 142:Core/Src/periphs/tim.c ****   sConfig.IC1Selection = TIM_ICSELECTION_DIRECTTI;
 262              		.loc 1 142 0
 263 002a 0123     		movs	r3, #1
 264 002c 0593     		str	r3, [sp, #20]
 143:Core/Src/periphs/tim.c ****   sConfig.IC1Prescaler = TIM_ICPSC_DIV1;
 144:Core/Src/periphs/tim.c ****   sConfig.IC1Filter = 0;
 145:Core/Src/periphs/tim.c ****   sConfig.IC2Polarity = TIM_ICPOLARITY_RISING;
 146:Core/Src/periphs/tim.c ****   sConfig.IC2Selection = TIM_ICSELECTION_DIRECTTI;
 265              		.loc 1 146 0
 266 002e 0993     		str	r3, [sp, #36]
 147:Core/Src/periphs/tim.c ****   sConfig.IC2Prescaler = TIM_ICPSC_DIV1;
 148:Core/Src/periphs/tim.c ****   sConfig.IC2Filter = 0;
 149:Core/Src/periphs/tim.c ****   if (HAL_TIM_Encoder_Init(&htim3, &sConfig) != HAL_OK)
 267              		.loc 1 149 0
 268 0030 03A9     		add	r1, sp, #12
 269 0032 FFF7FEFF 		bl	HAL_TIM_Encoder_Init
 270              	.LVL11:
 271 0036 50B9     		cbnz	r0, .L21
 272              	.L18:
 150:Core/Src/periphs/tim.c ****   {
 151:Core/Src/periphs/tim.c ****     Error_Handler();
 152:Core/Src/periphs/tim.c ****   }
 153:Core/Src/periphs/tim.c ****   sMasterConfig.MasterOutputTrigger = TIM_TRGO_RESET;
 273              		.loc 1 153 0
 274 0038 0023     		movs	r3, #0
 275 003a 0193     		str	r3, [sp, #4]
 154:Core/Src/periphs/tim.c ****   sMasterConfig.MasterSlaveMode = TIM_MASTERSLAVEMODE_DISABLE;
 276              		.loc 1 154 0
 277 003c 0293     		str	r3, [sp, #8]
 155:Core/Src/periphs/tim.c ****   if (HAL_TIMEx_MasterConfigSynchronization(&htim3, &sMasterConfig) != HAL_OK)
 278              		.loc 1 155 0
 279 003e 01A9     		add	r1, sp, #4
 280 0040 0648     		ldr	r0, .L23
 281 0042 FFF7FEFF 		bl	HAL_TIMEx_MasterConfigSynchronization
 282              	.LVL12:
 283 0046 28B9     		cbnz	r0, .L22
 284              	.L17:
 156:Core/Src/periphs/tim.c ****   {
 157:Core/Src/periphs/tim.c ****     Error_Handler();
 158:Core/Src/periphs/tim.c ****   }
 159:Core/Src/periphs/tim.c **** 
 160:Core/Src/periphs/tim.c **** }
 285              		.loc 1 160 0
 286 0048 0DB0     		add	sp, sp, #52
 287              	.LCFI10:
 288              		.cfi_remember_state
 289              		.cfi_def_cfa_offset 4
 290              		@ sp needed
 291 004a 5DF804FB 		ldr	pc, [sp], #4
 292              	.L21:
 293              	.LCFI11:
 294              		.cfi_restore_state
 151:Core/Src/periphs/tim.c ****   }
 295              		.loc 1 151 0
 296 004e FFF7FEFF 		bl	Error_Handler
ARM GAS  C:\Users\073be\AppData\Local\Temp\cc2Z0Exq.s 			page 9


 297              	.LVL13:
 298 0052 F1E7     		b	.L18
 299              	.L22:
 157:Core/Src/periphs/tim.c ****   }
 300              		.loc 1 157 0
 301 0054 FFF7FEFF 		bl	Error_Handler
 302              	.LVL14:
 303              		.loc 1 160 0
 304 0058 F6E7     		b	.L17
 305              	.L24:
 306 005a 00BF     		.align	2
 307              	.L23:
 308 005c 00000000 		.word	htim3
 309 0060 00040040 		.word	1073742848
 310              		.cfi_endproc
 311              	.LFE128:
 313              		.section	.text.MX_TIM4_Init,"ax",%progbits
 314              		.align	1
 315              		.global	MX_TIM4_Init
 316              		.syntax unified
 317              		.thumb
 318              		.thumb_func
 319              		.fpu fpv4-sp-d16
 321              	MX_TIM4_Init:
 322              	.LFB129:
 161:Core/Src/periphs/tim.c **** /* TIM4 init function */
 162:Core/Src/periphs/tim.c **** void MX_TIM4_Init(void)
 163:Core/Src/periphs/tim.c **** {
 323              		.loc 1 163 0
 324              		.cfi_startproc
 325              		@ args = 0, pretend = 0, frame = 48
 326              		@ frame_needed = 0, uses_anonymous_args = 0
 327 0000 00B5     		push	{lr}
 328              	.LCFI12:
 329              		.cfi_def_cfa_offset 4
 330              		.cfi_offset 14, -4
 331 0002 8DB0     		sub	sp, sp, #52
 332              	.LCFI13:
 333              		.cfi_def_cfa_offset 56
 164:Core/Src/periphs/tim.c ****   TIM_Encoder_InitTypeDef sConfig = {0};
 334              		.loc 1 164 0
 335 0004 2022     		movs	r2, #32
 336 0006 0021     		movs	r1, #0
 337 0008 04A8     		add	r0, sp, #16
 338 000a FFF7FEFF 		bl	memset
 339              	.LVL15:
 165:Core/Src/periphs/tim.c ****   TIM_MasterConfigTypeDef sMasterConfig = {0};
 340              		.loc 1 165 0
 341 000e 0023     		movs	r3, #0
 342 0010 0193     		str	r3, [sp, #4]
 343 0012 0293     		str	r3, [sp, #8]
 166:Core/Src/periphs/tim.c **** 
 167:Core/Src/periphs/tim.c ****   htim4.Instance = TIM4;
 344              		.loc 1 167 0
 345 0014 1148     		ldr	r0, .L31
 346 0016 124A     		ldr	r2, .L31+4
 347 0018 0260     		str	r2, [r0]
ARM GAS  C:\Users\073be\AppData\Local\Temp\cc2Z0Exq.s 			page 10


 168:Core/Src/periphs/tim.c ****   htim4.Init.Prescaler = 0;
 348              		.loc 1 168 0
 349 001a 4360     		str	r3, [r0, #4]
 169:Core/Src/periphs/tim.c ****   htim4.Init.CounterMode = TIM_COUNTERMODE_UP;
 350              		.loc 1 169 0
 351 001c 8360     		str	r3, [r0, #8]
 170:Core/Src/periphs/tim.c ****   htim4.Init.Period = 65535;
 352              		.loc 1 170 0
 353 001e 4FF6FF72 		movw	r2, #65535
 354 0022 C260     		str	r2, [r0, #12]
 171:Core/Src/periphs/tim.c ****   htim4.Init.ClockDivision = TIM_CLOCKDIVISION_DIV1;
 355              		.loc 1 171 0
 356 0024 0361     		str	r3, [r0, #16]
 172:Core/Src/periphs/tim.c ****   sConfig.EncoderMode = TIM_ENCODERMODE_TI12;
 357              		.loc 1 172 0
 358 0026 0323     		movs	r3, #3
 359 0028 0393     		str	r3, [sp, #12]
 173:Core/Src/periphs/tim.c ****   sConfig.IC1Polarity = TIM_ICPOLARITY_RISING;
 174:Core/Src/periphs/tim.c ****   sConfig.IC1Selection = TIM_ICSELECTION_DIRECTTI;
 360              		.loc 1 174 0
 361 002a 0123     		movs	r3, #1
 362 002c 0593     		str	r3, [sp, #20]
 175:Core/Src/periphs/tim.c ****   sConfig.IC1Prescaler = TIM_ICPSC_DIV1;
 176:Core/Src/periphs/tim.c ****   sConfig.IC1Filter = 0;
 177:Core/Src/periphs/tim.c ****   sConfig.IC2Polarity = TIM_ICPOLARITY_RISING;
 178:Core/Src/periphs/tim.c ****   sConfig.IC2Selection = TIM_ICSELECTION_DIRECTTI;
 363              		.loc 1 178 0
 364 002e 0993     		str	r3, [sp, #36]
 179:Core/Src/periphs/tim.c ****   sConfig.IC2Prescaler = TIM_ICPSC_DIV1;
 180:Core/Src/periphs/tim.c ****   sConfig.IC2Filter = 0;
 181:Core/Src/periphs/tim.c ****   if (HAL_TIM_Encoder_Init(&htim4, &sConfig) != HAL_OK)
 365              		.loc 1 181 0
 366 0030 03A9     		add	r1, sp, #12
 367 0032 FFF7FEFF 		bl	HAL_TIM_Encoder_Init
 368              	.LVL16:
 369 0036 50B9     		cbnz	r0, .L29
 370              	.L26:
 182:Core/Src/periphs/tim.c ****   {
 183:Core/Src/periphs/tim.c ****     Error_Handler();
 184:Core/Src/periphs/tim.c ****   }
 185:Core/Src/periphs/tim.c ****   sMasterConfig.MasterOutputTrigger = TIM_TRGO_RESET;
 371              		.loc 1 185 0
 372 0038 0023     		movs	r3, #0
 373 003a 0193     		str	r3, [sp, #4]
 186:Core/Src/periphs/tim.c ****   sMasterConfig.MasterSlaveMode = TIM_MASTERSLAVEMODE_DISABLE;
 374              		.loc 1 186 0
 375 003c 0293     		str	r3, [sp, #8]
 187:Core/Src/periphs/tim.c ****   if (HAL_TIMEx_MasterConfigSynchronization(&htim4, &sMasterConfig) != HAL_OK)
 376              		.loc 1 187 0
 377 003e 01A9     		add	r1, sp, #4
 378 0040 0648     		ldr	r0, .L31
 379 0042 FFF7FEFF 		bl	HAL_TIMEx_MasterConfigSynchronization
 380              	.LVL17:
 381 0046 28B9     		cbnz	r0, .L30
 382              	.L25:
 188:Core/Src/periphs/tim.c ****   {
 189:Core/Src/periphs/tim.c ****     Error_Handler();
ARM GAS  C:\Users\073be\AppData\Local\Temp\cc2Z0Exq.s 			page 11


 190:Core/Src/periphs/tim.c ****   }
 191:Core/Src/periphs/tim.c **** 
 192:Core/Src/periphs/tim.c **** }
 383              		.loc 1 192 0
 384 0048 0DB0     		add	sp, sp, #52
 385              	.LCFI14:
 386              		.cfi_remember_state
 387              		.cfi_def_cfa_offset 4
 388              		@ sp needed
 389 004a 5DF804FB 		ldr	pc, [sp], #4
 390              	.L29:
 391              	.LCFI15:
 392              		.cfi_restore_state
 183:Core/Src/periphs/tim.c ****   }
 393              		.loc 1 183 0
 394 004e FFF7FEFF 		bl	Error_Handler
 395              	.LVL18:
 396 0052 F1E7     		b	.L26
 397              	.L30:
 189:Core/Src/periphs/tim.c ****   }
 398              		.loc 1 189 0
 399 0054 FFF7FEFF 		bl	Error_Handler
 400              	.LVL19:
 401              		.loc 1 192 0
 402 0058 F6E7     		b	.L25
 403              	.L32:
 404 005a 00BF     		.align	2
 405              	.L31:
 406 005c 00000000 		.word	htim4
 407 0060 00080040 		.word	1073743872
 408              		.cfi_endproc
 409              	.LFE129:
 411              		.section	.text.HAL_TIM_Encoder_MspInit,"ax",%progbits
 412              		.align	1
 413              		.global	HAL_TIM_Encoder_MspInit
 414              		.syntax unified
 415              		.thumb
 416              		.thumb_func
 417              		.fpu fpv4-sp-d16
 419              	HAL_TIM_Encoder_MspInit:
 420              	.LFB132:
 193:Core/Src/periphs/tim.c **** /* TIM8 init function */
 194:Core/Src/periphs/tim.c **** void MX_TIM8_Init(void)
 195:Core/Src/periphs/tim.c **** {
 196:Core/Src/periphs/tim.c ****   TIM_MasterConfigTypeDef sMasterConfig = {0};
 197:Core/Src/periphs/tim.c ****   TIM_OC_InitTypeDef sConfigOC = {0};
 198:Core/Src/periphs/tim.c ****   TIM_BreakDeadTimeConfigTypeDef sBreakDeadTimeConfig = {0};
 199:Core/Src/periphs/tim.c **** 
 200:Core/Src/periphs/tim.c ****   htim8.Instance = TIM8;
 201:Core/Src/periphs/tim.c ****   htim8.Init.Prescaler = 0;
 202:Core/Src/periphs/tim.c ****   htim8.Init.CounterMode = TIM_COUNTERMODE_CENTERALIGNED1;
 203:Core/Src/periphs/tim.c ****   htim8.Init.Period = 10499;
 204:Core/Src/periphs/tim.c ****   htim8.Init.ClockDivision = TIM_CLOCKDIVISION_DIV1;
 205:Core/Src/periphs/tim.c ****   htim8.Init.RepetitionCounter = 0;
 206:Core/Src/periphs/tim.c ****   if (HAL_TIM_PWM_Init(&htim8) != HAL_OK)
 207:Core/Src/periphs/tim.c ****   {
 208:Core/Src/periphs/tim.c ****     Error_Handler();
ARM GAS  C:\Users\073be\AppData\Local\Temp\cc2Z0Exq.s 			page 12


 209:Core/Src/periphs/tim.c ****   }
 210:Core/Src/periphs/tim.c ****   sMasterConfig.MasterOutputTrigger = TIM_TRGO_RESET;
 211:Core/Src/periphs/tim.c ****   sMasterConfig.MasterSlaveMode = TIM_MASTERSLAVEMODE_DISABLE;
 212:Core/Src/periphs/tim.c ****   if (HAL_TIMEx_MasterConfigSynchronization(&htim8, &sMasterConfig) != HAL_OK)
 213:Core/Src/periphs/tim.c ****   {
 214:Core/Src/periphs/tim.c ****     Error_Handler();
 215:Core/Src/periphs/tim.c ****   }
 216:Core/Src/periphs/tim.c ****   sConfigOC.OCMode = TIM_OCMODE_PWM1;
 217:Core/Src/periphs/tim.c ****   sConfigOC.Pulse = 0;
 218:Core/Src/periphs/tim.c ****   sConfigOC.OCPolarity = TIM_OCPOLARITY_HIGH;
 219:Core/Src/periphs/tim.c ****   sConfigOC.OCNPolarity = TIM_OCNPOLARITY_HIGH;
 220:Core/Src/periphs/tim.c ****   sConfigOC.OCFastMode = TIM_OCFAST_DISABLE;
 221:Core/Src/periphs/tim.c ****   sConfigOC.OCIdleState = TIM_OCIDLESTATE_RESET;
 222:Core/Src/periphs/tim.c ****   sConfigOC.OCNIdleState = TIM_OCNIDLESTATE_RESET;
 223:Core/Src/periphs/tim.c ****   if (HAL_TIM_PWM_ConfigChannel(&htim8, &sConfigOC, TIM_CHANNEL_1) != HAL_OK)
 224:Core/Src/periphs/tim.c ****   {
 225:Core/Src/periphs/tim.c ****     Error_Handler();
 226:Core/Src/periphs/tim.c ****   }
 227:Core/Src/periphs/tim.c ****   if (HAL_TIM_PWM_ConfigChannel(&htim8, &sConfigOC, TIM_CHANNEL_2) != HAL_OK)
 228:Core/Src/periphs/tim.c ****   {
 229:Core/Src/periphs/tim.c ****     Error_Handler();
 230:Core/Src/periphs/tim.c ****   }
 231:Core/Src/periphs/tim.c ****   if (HAL_TIM_PWM_ConfigChannel(&htim8, &sConfigOC, TIM_CHANNEL_3) != HAL_OK)
 232:Core/Src/periphs/tim.c ****   {
 233:Core/Src/periphs/tim.c ****     Error_Handler();
 234:Core/Src/periphs/tim.c ****   }
 235:Core/Src/periphs/tim.c ****   if (HAL_TIM_PWM_ConfigChannel(&htim8, &sConfigOC, TIM_CHANNEL_4) != HAL_OK)
 236:Core/Src/periphs/tim.c ****   {
 237:Core/Src/periphs/tim.c ****     Error_Handler();
 238:Core/Src/periphs/tim.c ****   }
 239:Core/Src/periphs/tim.c ****   sBreakDeadTimeConfig.OffStateRunMode = TIM_OSSR_DISABLE;
 240:Core/Src/periphs/tim.c ****   sBreakDeadTimeConfig.OffStateIDLEMode = TIM_OSSI_DISABLE;
 241:Core/Src/periphs/tim.c ****   sBreakDeadTimeConfig.LockLevel = TIM_LOCKLEVEL_OFF;
 242:Core/Src/periphs/tim.c ****   sBreakDeadTimeConfig.DeadTime = 0;
 243:Core/Src/periphs/tim.c ****   sBreakDeadTimeConfig.BreakState = TIM_BREAK_DISABLE;
 244:Core/Src/periphs/tim.c ****   sBreakDeadTimeConfig.BreakPolarity = TIM_BREAKPOLARITY_HIGH;
 245:Core/Src/periphs/tim.c ****   sBreakDeadTimeConfig.AutomaticOutput = TIM_AUTOMATICOUTPUT_DISABLE;
 246:Core/Src/periphs/tim.c ****   if (HAL_TIMEx_ConfigBreakDeadTime(&htim8, &sBreakDeadTimeConfig) != HAL_OK)
 247:Core/Src/periphs/tim.c ****   {
 248:Core/Src/periphs/tim.c ****     Error_Handler();
 249:Core/Src/periphs/tim.c ****   }
 250:Core/Src/periphs/tim.c ****   HAL_TIM_MspPostInit(&htim8);
 251:Core/Src/periphs/tim.c **** 
 252:Core/Src/periphs/tim.c **** }
 253:Core/Src/periphs/tim.c **** /* TIM9 init function */
 254:Core/Src/periphs/tim.c **** void MX_TIM9_Init(void)
 255:Core/Src/periphs/tim.c **** {
 256:Core/Src/periphs/tim.c ****   TIM_OC_InitTypeDef sConfigOC = {0};
 257:Core/Src/periphs/tim.c **** 
 258:Core/Src/periphs/tim.c ****   htim9.Instance = TIM9;
 259:Core/Src/periphs/tim.c ****   htim9.Init.Prescaler = 0;
 260:Core/Src/periphs/tim.c ****   htim9.Init.CounterMode = TIM_COUNTERMODE_UP;
 261:Core/Src/periphs/tim.c ****   htim9.Init.Period = 0;
 262:Core/Src/periphs/tim.c ****   htim9.Init.ClockDivision = TIM_CLOCKDIVISION_DIV1;
 263:Core/Src/periphs/tim.c ****   if (HAL_TIM_PWM_Init(&htim9) != HAL_OK)
 264:Core/Src/periphs/tim.c ****   {
 265:Core/Src/periphs/tim.c ****     Error_Handler();
ARM GAS  C:\Users\073be\AppData\Local\Temp\cc2Z0Exq.s 			page 13


 266:Core/Src/periphs/tim.c ****   }
 267:Core/Src/periphs/tim.c ****   sConfigOC.OCMode = TIM_OCMODE_PWM1;
 268:Core/Src/periphs/tim.c ****   sConfigOC.Pulse = 0;
 269:Core/Src/periphs/tim.c ****   sConfigOC.OCPolarity = TIM_OCPOLARITY_HIGH;
 270:Core/Src/periphs/tim.c ****   sConfigOC.OCFastMode = TIM_OCFAST_DISABLE;
 271:Core/Src/periphs/tim.c ****   if (HAL_TIM_PWM_ConfigChannel(&htim9, &sConfigOC, TIM_CHANNEL_2) != HAL_OK)
 272:Core/Src/periphs/tim.c ****   {
 273:Core/Src/periphs/tim.c ****     Error_Handler();
 274:Core/Src/periphs/tim.c ****   }
 275:Core/Src/periphs/tim.c ****   HAL_TIM_MspPostInit(&htim9);
 276:Core/Src/periphs/tim.c **** 
 277:Core/Src/periphs/tim.c **** }
 278:Core/Src/periphs/tim.c **** 
 279:Core/Src/periphs/tim.c **** void HAL_TIM_Encoder_MspInit(TIM_HandleTypeDef* tim_encoderHandle)
 280:Core/Src/periphs/tim.c **** {
 421              		.loc 1 280 0
 422              		.cfi_startproc
 423              		@ args = 0, pretend = 0, frame = 56
 424              		@ frame_needed = 0, uses_anonymous_args = 0
 425              	.LVL20:
 426 0000 70B5     		push	{r4, r5, r6, lr}
 427              	.LCFI16:
 428              		.cfi_def_cfa_offset 16
 429              		.cfi_offset 4, -16
 430              		.cfi_offset 5, -12
 431              		.cfi_offset 6, -8
 432              		.cfi_offset 14, -4
 433 0002 8EB0     		sub	sp, sp, #56
 434              	.LCFI17:
 435              		.cfi_def_cfa_offset 72
 281:Core/Src/periphs/tim.c **** 
 282:Core/Src/periphs/tim.c ****   GPIO_InitTypeDef GPIO_InitStruct = {0};
 436              		.loc 1 282 0
 437 0004 0023     		movs	r3, #0
 438 0006 0993     		str	r3, [sp, #36]
 439 0008 0A93     		str	r3, [sp, #40]
 440 000a 0B93     		str	r3, [sp, #44]
 441 000c 0C93     		str	r3, [sp, #48]
 442 000e 0D93     		str	r3, [sp, #52]
 283:Core/Src/periphs/tim.c ****   if(tim_encoderHandle->Instance==TIM1)
 443              		.loc 1 283 0
 444 0010 0368     		ldr	r3, [r0]
 445 0012 544A     		ldr	r2, .L43
 446 0014 9342     		cmp	r3, r2
 447 0016 0AD0     		beq	.L39
 284:Core/Src/periphs/tim.c ****   {
 285:Core/Src/periphs/tim.c ****   /* USER CODE BEGIN TIM1_MspInit 0 */
 286:Core/Src/periphs/tim.c **** 
 287:Core/Src/periphs/tim.c ****   /* USER CODE END TIM1_MspInit 0 */
 288:Core/Src/periphs/tim.c ****     /* TIM1 clock enable */
 289:Core/Src/periphs/tim.c ****     __HAL_RCC_TIM1_CLK_ENABLE();
 290:Core/Src/periphs/tim.c ****   
 291:Core/Src/periphs/tim.c ****     __HAL_RCC_GPIOE_CLK_ENABLE();
 292:Core/Src/periphs/tim.c ****     __HAL_RCC_GPIOA_CLK_ENABLE();
 293:Core/Src/periphs/tim.c ****     /**TIM1 GPIO Configuration    
 294:Core/Src/periphs/tim.c ****     PE11     ------> TIM1_CH2
 295:Core/Src/periphs/tim.c ****     PA8     ------> TIM1_CH1 
ARM GAS  C:\Users\073be\AppData\Local\Temp\cc2Z0Exq.s 			page 14


 296:Core/Src/periphs/tim.c ****     */
 297:Core/Src/periphs/tim.c ****     GPIO_InitStruct.Pin = GPIO_PIN_11;
 298:Core/Src/periphs/tim.c ****     GPIO_InitStruct.Mode = GPIO_MODE_AF_PP;
 299:Core/Src/periphs/tim.c ****     GPIO_InitStruct.Pull = GPIO_NOPULL;
 300:Core/Src/periphs/tim.c ****     GPIO_InitStruct.Speed = GPIO_SPEED_FREQ_LOW;
 301:Core/Src/periphs/tim.c ****     GPIO_InitStruct.Alternate = GPIO_AF1_TIM1;
 302:Core/Src/periphs/tim.c ****     HAL_GPIO_Init(GPIOE, &GPIO_InitStruct);
 303:Core/Src/periphs/tim.c **** 
 304:Core/Src/periphs/tim.c ****     GPIO_InitStruct.Pin = GPIO_PIN_8;
 305:Core/Src/periphs/tim.c ****     GPIO_InitStruct.Mode = GPIO_MODE_AF_PP;
 306:Core/Src/periphs/tim.c ****     GPIO_InitStruct.Pull = GPIO_NOPULL;
 307:Core/Src/periphs/tim.c ****     GPIO_InitStruct.Speed = GPIO_SPEED_FREQ_LOW;
 308:Core/Src/periphs/tim.c ****     GPIO_InitStruct.Alternate = GPIO_AF1_TIM1;
 309:Core/Src/periphs/tim.c ****     HAL_GPIO_Init(GPIOA, &GPIO_InitStruct);
 310:Core/Src/periphs/tim.c **** 
 311:Core/Src/periphs/tim.c ****   /* USER CODE BEGIN TIM1_MspInit 1 */
 312:Core/Src/periphs/tim.c **** 
 313:Core/Src/periphs/tim.c ****   /* USER CODE END TIM1_MspInit 1 */
 314:Core/Src/periphs/tim.c ****   }
 315:Core/Src/periphs/tim.c ****   else if(tim_encoderHandle->Instance==TIM2)
 448              		.loc 1 315 0
 449 0018 B3F1804F 		cmp	r3, #1073741824
 450 001c 3ED0     		beq	.L40
 316:Core/Src/periphs/tim.c ****   {
 317:Core/Src/periphs/tim.c ****   /* USER CODE BEGIN TIM2_MspInit 0 */
 318:Core/Src/periphs/tim.c **** 
 319:Core/Src/periphs/tim.c ****   /* USER CODE END TIM2_MspInit 0 */
 320:Core/Src/periphs/tim.c ****     /* TIM2 clock enable */
 321:Core/Src/periphs/tim.c ****     __HAL_RCC_TIM2_CLK_ENABLE();
 322:Core/Src/periphs/tim.c ****   
 323:Core/Src/periphs/tim.c ****     __HAL_RCC_GPIOA_CLK_ENABLE();
 324:Core/Src/periphs/tim.c ****     /**TIM2 GPIO Configuration    
 325:Core/Src/periphs/tim.c ****     PA1     ------> TIM2_CH2
 326:Core/Src/periphs/tim.c ****     PA15     ------> TIM2_CH1 
 327:Core/Src/periphs/tim.c ****     */
 328:Core/Src/periphs/tim.c ****     GPIO_InitStruct.Pin = GPIO_PIN_1|GPIO_PIN_15;
 329:Core/Src/periphs/tim.c ****     GPIO_InitStruct.Mode = GPIO_MODE_AF_PP;
 330:Core/Src/periphs/tim.c ****     GPIO_InitStruct.Pull = GPIO_NOPULL;
 331:Core/Src/periphs/tim.c ****     GPIO_InitStruct.Speed = GPIO_SPEED_FREQ_LOW;
 332:Core/Src/periphs/tim.c ****     GPIO_InitStruct.Alternate = GPIO_AF1_TIM2;
 333:Core/Src/periphs/tim.c ****     HAL_GPIO_Init(GPIOA, &GPIO_InitStruct);
 334:Core/Src/periphs/tim.c **** 
 335:Core/Src/periphs/tim.c ****   /* USER CODE BEGIN TIM2_MspInit 1 */
 336:Core/Src/periphs/tim.c **** 
 337:Core/Src/periphs/tim.c ****   /* USER CODE END TIM2_MspInit 1 */
 338:Core/Src/periphs/tim.c ****   }
 339:Core/Src/periphs/tim.c ****   else if(tim_encoderHandle->Instance==TIM3)
 451              		.loc 1 339 0
 452 001e 524A     		ldr	r2, .L43+4
 453 0020 9342     		cmp	r3, r2
 454 0022 5ED0     		beq	.L41
 340:Core/Src/periphs/tim.c ****   {
 341:Core/Src/periphs/tim.c ****   /* USER CODE BEGIN TIM3_MspInit 0 */
 342:Core/Src/periphs/tim.c **** 
 343:Core/Src/periphs/tim.c ****   /* USER CODE END TIM3_MspInit 0 */
 344:Core/Src/periphs/tim.c ****     /* TIM3 clock enable */
 345:Core/Src/periphs/tim.c ****     __HAL_RCC_TIM3_CLK_ENABLE();
ARM GAS  C:\Users\073be\AppData\Local\Temp\cc2Z0Exq.s 			page 15


 346:Core/Src/periphs/tim.c ****   
 347:Core/Src/periphs/tim.c ****     __HAL_RCC_GPIOA_CLK_ENABLE();
 348:Core/Src/periphs/tim.c ****     /**TIM3 GPIO Configuration    
 349:Core/Src/periphs/tim.c ****     PA6     ------> TIM3_CH1
 350:Core/Src/periphs/tim.c ****     PA7     ------> TIM3_CH2 
 351:Core/Src/periphs/tim.c ****     */
 352:Core/Src/periphs/tim.c ****     GPIO_InitStruct.Pin = GPIO_PIN_6|GPIO_PIN_7;
 353:Core/Src/periphs/tim.c ****     GPIO_InitStruct.Mode = GPIO_MODE_AF_PP;
 354:Core/Src/periphs/tim.c ****     GPIO_InitStruct.Pull = GPIO_NOPULL;
 355:Core/Src/periphs/tim.c ****     GPIO_InitStruct.Speed = GPIO_SPEED_FREQ_LOW;
 356:Core/Src/periphs/tim.c ****     GPIO_InitStruct.Alternate = GPIO_AF2_TIM3;
 357:Core/Src/periphs/tim.c ****     HAL_GPIO_Init(GPIOA, &GPIO_InitStruct);
 358:Core/Src/periphs/tim.c **** 
 359:Core/Src/periphs/tim.c ****   /* USER CODE BEGIN TIM3_MspInit 1 */
 360:Core/Src/periphs/tim.c **** 
 361:Core/Src/periphs/tim.c ****   /* USER CODE END TIM3_MspInit 1 */
 362:Core/Src/periphs/tim.c ****   }
 363:Core/Src/periphs/tim.c ****   else if(tim_encoderHandle->Instance==TIM4)
 455              		.loc 1 363 0
 456 0024 514A     		ldr	r2, .L43+8
 457 0026 9342     		cmp	r3, r2
 458 0028 7BD0     		beq	.L42
 459              	.LVL21:
 460              	.L33:
 364:Core/Src/periphs/tim.c ****   {
 365:Core/Src/periphs/tim.c ****   /* USER CODE BEGIN TIM4_MspInit 0 */
 366:Core/Src/periphs/tim.c **** 
 367:Core/Src/periphs/tim.c ****   /* USER CODE END TIM4_MspInit 0 */
 368:Core/Src/periphs/tim.c ****     /* TIM4 clock enable */
 369:Core/Src/periphs/tim.c ****     __HAL_RCC_TIM4_CLK_ENABLE();
 370:Core/Src/periphs/tim.c ****   
 371:Core/Src/periphs/tim.c ****     __HAL_RCC_GPIOB_CLK_ENABLE();
 372:Core/Src/periphs/tim.c ****     /**TIM4 GPIO Configuration    
 373:Core/Src/periphs/tim.c ****     PB6     ------> TIM4_CH1
 374:Core/Src/periphs/tim.c ****     PB7     ------> TIM4_CH2 
 375:Core/Src/periphs/tim.c ****     */
 376:Core/Src/periphs/tim.c ****     GPIO_InitStruct.Pin = GPIO_PIN_6|GPIO_PIN_7;
 377:Core/Src/periphs/tim.c ****     GPIO_InitStruct.Mode = GPIO_MODE_AF_PP;
 378:Core/Src/periphs/tim.c ****     GPIO_InitStruct.Pull = GPIO_NOPULL;
 379:Core/Src/periphs/tim.c ****     GPIO_InitStruct.Speed = GPIO_SPEED_FREQ_LOW;
 380:Core/Src/periphs/tim.c ****     GPIO_InitStruct.Alternate = GPIO_AF2_TIM4;
 381:Core/Src/periphs/tim.c ****     HAL_GPIO_Init(GPIOB, &GPIO_InitStruct);
 382:Core/Src/periphs/tim.c **** 
 383:Core/Src/periphs/tim.c ****   /* USER CODE BEGIN TIM4_MspInit 1 */
 384:Core/Src/periphs/tim.c **** 
 385:Core/Src/periphs/tim.c ****   /* USER CODE END TIM4_MspInit 1 */
 386:Core/Src/periphs/tim.c ****   }
 387:Core/Src/periphs/tim.c **** }
 461              		.loc 1 387 0
 462 002a 0EB0     		add	sp, sp, #56
 463              	.LCFI18:
 464              		.cfi_remember_state
 465              		.cfi_def_cfa_offset 16
 466              		@ sp needed
 467 002c 70BD     		pop	{r4, r5, r6, pc}
 468              	.LVL22:
 469              	.L39:
ARM GAS  C:\Users\073be\AppData\Local\Temp\cc2Z0Exq.s 			page 16


 470              	.LCFI19:
 471              		.cfi_restore_state
 472              	.LBB2:
 289:Core/Src/periphs/tim.c ****   
 473              		.loc 1 289 0
 474 002e 0024     		movs	r4, #0
 475 0030 0094     		str	r4, [sp]
 476 0032 4F4B     		ldr	r3, .L43+12
 477 0034 5A6C     		ldr	r2, [r3, #68]
 478 0036 42F00102 		orr	r2, r2, #1
 479 003a 5A64     		str	r2, [r3, #68]
 480 003c 5A6C     		ldr	r2, [r3, #68]
 481 003e 02F00102 		and	r2, r2, #1
 482 0042 0092     		str	r2, [sp]
 483 0044 009A     		ldr	r2, [sp]
 484              	.LBE2:
 485              	.LBB3:
 291:Core/Src/periphs/tim.c ****     __HAL_RCC_GPIOA_CLK_ENABLE();
 486              		.loc 1 291 0
 487 0046 0194     		str	r4, [sp, #4]
 488 0048 1A6B     		ldr	r2, [r3, #48]
 489 004a 42F01002 		orr	r2, r2, #16
 490 004e 1A63     		str	r2, [r3, #48]
 491 0050 1A6B     		ldr	r2, [r3, #48]
 492 0052 02F01002 		and	r2, r2, #16
 493 0056 0192     		str	r2, [sp, #4]
 494 0058 019A     		ldr	r2, [sp, #4]
 495              	.LBE3:
 496              	.LBB4:
 292:Core/Src/periphs/tim.c ****     /**TIM1 GPIO Configuration    
 497              		.loc 1 292 0
 498 005a 0294     		str	r4, [sp, #8]
 499 005c 1A6B     		ldr	r2, [r3, #48]
 500 005e 42F00102 		orr	r2, r2, #1
 501 0062 1A63     		str	r2, [r3, #48]
 502 0064 1B6B     		ldr	r3, [r3, #48]
 503 0066 03F00103 		and	r3, r3, #1
 504 006a 0293     		str	r3, [sp, #8]
 505 006c 029B     		ldr	r3, [sp, #8]
 506              	.LBE4:
 297:Core/Src/periphs/tim.c ****     GPIO_InitStruct.Mode = GPIO_MODE_AF_PP;
 507              		.loc 1 297 0
 508 006e 4FF40063 		mov	r3, #2048
 509 0072 0993     		str	r3, [sp, #36]
 298:Core/Src/periphs/tim.c ****     GPIO_InitStruct.Pull = GPIO_NOPULL;
 510              		.loc 1 298 0
 511 0074 0226     		movs	r6, #2
 512 0076 0A96     		str	r6, [sp, #40]
 301:Core/Src/periphs/tim.c ****     HAL_GPIO_Init(GPIOE, &GPIO_InitStruct);
 513              		.loc 1 301 0
 514 0078 0125     		movs	r5, #1
 515 007a 0D95     		str	r5, [sp, #52]
 302:Core/Src/periphs/tim.c **** 
 516              		.loc 1 302 0
 517 007c 09A9     		add	r1, sp, #36
 518 007e 3D48     		ldr	r0, .L43+16
 519              	.LVL23:
ARM GAS  C:\Users\073be\AppData\Local\Temp\cc2Z0Exq.s 			page 17


 520 0080 FFF7FEFF 		bl	HAL_GPIO_Init
 521              	.LVL24:
 304:Core/Src/periphs/tim.c ****     GPIO_InitStruct.Mode = GPIO_MODE_AF_PP;
 522              		.loc 1 304 0
 523 0084 4FF48073 		mov	r3, #256
 524 0088 0993     		str	r3, [sp, #36]
 305:Core/Src/periphs/tim.c ****     GPIO_InitStruct.Pull = GPIO_NOPULL;
 525              		.loc 1 305 0
 526 008a 0A96     		str	r6, [sp, #40]
 306:Core/Src/periphs/tim.c ****     GPIO_InitStruct.Speed = GPIO_SPEED_FREQ_LOW;
 527              		.loc 1 306 0
 528 008c 0B94     		str	r4, [sp, #44]
 307:Core/Src/periphs/tim.c ****     GPIO_InitStruct.Alternate = GPIO_AF1_TIM1;
 529              		.loc 1 307 0
 530 008e 0C94     		str	r4, [sp, #48]
 308:Core/Src/periphs/tim.c ****     HAL_GPIO_Init(GPIOA, &GPIO_InitStruct);
 531              		.loc 1 308 0
 532 0090 0D95     		str	r5, [sp, #52]
 309:Core/Src/periphs/tim.c **** 
 533              		.loc 1 309 0
 534 0092 09A9     		add	r1, sp, #36
 535 0094 3848     		ldr	r0, .L43+20
 536 0096 FFF7FEFF 		bl	HAL_GPIO_Init
 537              	.LVL25:
 538 009a C6E7     		b	.L33
 539              	.LVL26:
 540              	.L40:
 541              	.LBB5:
 321:Core/Src/periphs/tim.c ****   
 542              		.loc 1 321 0
 543 009c 0021     		movs	r1, #0
 544 009e 0391     		str	r1, [sp, #12]
 545 00a0 03F50E33 		add	r3, r3, #145408
 546 00a4 1A6C     		ldr	r2, [r3, #64]
 547 00a6 42F00102 		orr	r2, r2, #1
 548 00aa 1A64     		str	r2, [r3, #64]
 549 00ac 1A6C     		ldr	r2, [r3, #64]
 550 00ae 02F00102 		and	r2, r2, #1
 551 00b2 0392     		str	r2, [sp, #12]
 552 00b4 039A     		ldr	r2, [sp, #12]
 553              	.LBE5:
 554              	.LBB6:
 323:Core/Src/periphs/tim.c ****     /**TIM2 GPIO Configuration    
 555              		.loc 1 323 0
 556 00b6 0491     		str	r1, [sp, #16]
 557 00b8 1A6B     		ldr	r2, [r3, #48]
 558 00ba 42F00102 		orr	r2, r2, #1
 559 00be 1A63     		str	r2, [r3, #48]
 560 00c0 1B6B     		ldr	r3, [r3, #48]
 561 00c2 03F00103 		and	r3, r3, #1
 562 00c6 0493     		str	r3, [sp, #16]
 563 00c8 049B     		ldr	r3, [sp, #16]
 564              	.LBE6:
 328:Core/Src/periphs/tim.c ****     GPIO_InitStruct.Mode = GPIO_MODE_AF_PP;
 565              		.loc 1 328 0
 566 00ca 48F20203 		movw	r3, #32770
 567 00ce 0993     		str	r3, [sp, #36]
ARM GAS  C:\Users\073be\AppData\Local\Temp\cc2Z0Exq.s 			page 18


 329:Core/Src/periphs/tim.c ****     GPIO_InitStruct.Pull = GPIO_NOPULL;
 568              		.loc 1 329 0
 569 00d0 0223     		movs	r3, #2
 570 00d2 0A93     		str	r3, [sp, #40]
 332:Core/Src/periphs/tim.c ****     HAL_GPIO_Init(GPIOA, &GPIO_InitStruct);
 571              		.loc 1 332 0
 572 00d4 0123     		movs	r3, #1
 573 00d6 0D93     		str	r3, [sp, #52]
 333:Core/Src/periphs/tim.c **** 
 574              		.loc 1 333 0
 575 00d8 09A9     		add	r1, sp, #36
 576 00da 2748     		ldr	r0, .L43+20
 577              	.LVL27:
 578 00dc FFF7FEFF 		bl	HAL_GPIO_Init
 579              	.LVL28:
 580 00e0 A3E7     		b	.L33
 581              	.LVL29:
 582              	.L41:
 583              	.LBB7:
 345:Core/Src/periphs/tim.c ****   
 584              		.loc 1 345 0
 585 00e2 0021     		movs	r1, #0
 586 00e4 0591     		str	r1, [sp, #20]
 587 00e6 224B     		ldr	r3, .L43+12
 588 00e8 1A6C     		ldr	r2, [r3, #64]
 589 00ea 42F00202 		orr	r2, r2, #2
 590 00ee 1A64     		str	r2, [r3, #64]
 591 00f0 1A6C     		ldr	r2, [r3, #64]
 592 00f2 02F00202 		and	r2, r2, #2
 593 00f6 0592     		str	r2, [sp, #20]
 594 00f8 059A     		ldr	r2, [sp, #20]
 595              	.LBE7:
 596              	.LBB8:
 347:Core/Src/periphs/tim.c ****     /**TIM3 GPIO Configuration    
 597              		.loc 1 347 0
 598 00fa 0691     		str	r1, [sp, #24]
 599 00fc 1A6B     		ldr	r2, [r3, #48]
 600 00fe 42F00102 		orr	r2, r2, #1
 601 0102 1A63     		str	r2, [r3, #48]
 602 0104 1B6B     		ldr	r3, [r3, #48]
 603 0106 03F00103 		and	r3, r3, #1
 604 010a 0693     		str	r3, [sp, #24]
 605 010c 069B     		ldr	r3, [sp, #24]
 606              	.LBE8:
 352:Core/Src/periphs/tim.c ****     GPIO_InitStruct.Mode = GPIO_MODE_AF_PP;
 607              		.loc 1 352 0
 608 010e C023     		movs	r3, #192
 609 0110 0993     		str	r3, [sp, #36]
 353:Core/Src/periphs/tim.c ****     GPIO_InitStruct.Pull = GPIO_NOPULL;
 610              		.loc 1 353 0
 611 0112 0223     		movs	r3, #2
 612 0114 0A93     		str	r3, [sp, #40]
 356:Core/Src/periphs/tim.c ****     HAL_GPIO_Init(GPIOA, &GPIO_InitStruct);
 613              		.loc 1 356 0
 614 0116 0D93     		str	r3, [sp, #52]
 357:Core/Src/periphs/tim.c **** 
 615              		.loc 1 357 0
ARM GAS  C:\Users\073be\AppData\Local\Temp\cc2Z0Exq.s 			page 19


 616 0118 09A9     		add	r1, sp, #36
 617 011a 1748     		ldr	r0, .L43+20
 618              	.LVL30:
 619 011c FFF7FEFF 		bl	HAL_GPIO_Init
 620              	.LVL31:
 621 0120 83E7     		b	.L33
 622              	.LVL32:
 623              	.L42:
 624              	.LBB9:
 369:Core/Src/periphs/tim.c ****   
 625              		.loc 1 369 0
 626 0122 0021     		movs	r1, #0
 627 0124 0791     		str	r1, [sp, #28]
 628 0126 124B     		ldr	r3, .L43+12
 629 0128 1A6C     		ldr	r2, [r3, #64]
 630 012a 42F00402 		orr	r2, r2, #4
 631 012e 1A64     		str	r2, [r3, #64]
 632 0130 1A6C     		ldr	r2, [r3, #64]
 633 0132 02F00402 		and	r2, r2, #4
 634 0136 0792     		str	r2, [sp, #28]
 635 0138 079A     		ldr	r2, [sp, #28]
 636              	.LBE9:
 637              	.LBB10:
 371:Core/Src/periphs/tim.c ****     /**TIM4 GPIO Configuration    
 638              		.loc 1 371 0
 639 013a 0891     		str	r1, [sp, #32]
 640 013c 1A6B     		ldr	r2, [r3, #48]
 641 013e 42F00202 		orr	r2, r2, #2
 642 0142 1A63     		str	r2, [r3, #48]
 643 0144 1B6B     		ldr	r3, [r3, #48]
 644 0146 03F00203 		and	r3, r3, #2
 645 014a 0893     		str	r3, [sp, #32]
 646 014c 089B     		ldr	r3, [sp, #32]
 647              	.LBE10:
 376:Core/Src/periphs/tim.c ****     GPIO_InitStruct.Mode = GPIO_MODE_AF_PP;
 648              		.loc 1 376 0
 649 014e C023     		movs	r3, #192
 650 0150 0993     		str	r3, [sp, #36]
 377:Core/Src/periphs/tim.c ****     GPIO_InitStruct.Pull = GPIO_NOPULL;
 651              		.loc 1 377 0
 652 0152 0223     		movs	r3, #2
 653 0154 0A93     		str	r3, [sp, #40]
 380:Core/Src/periphs/tim.c ****     HAL_GPIO_Init(GPIOB, &GPIO_InitStruct);
 654              		.loc 1 380 0
 655 0156 0D93     		str	r3, [sp, #52]
 381:Core/Src/periphs/tim.c **** 
 656              		.loc 1 381 0
 657 0158 09A9     		add	r1, sp, #36
 658 015a 0848     		ldr	r0, .L43+24
 659              	.LVL33:
 660 015c FFF7FEFF 		bl	HAL_GPIO_Init
 661              	.LVL34:
 662              		.loc 1 387 0
 663 0160 63E7     		b	.L33
 664              	.L44:
 665 0162 00BF     		.align	2
 666              	.L43:
ARM GAS  C:\Users\073be\AppData\Local\Temp\cc2Z0Exq.s 			page 20


 667 0164 00000140 		.word	1073807360
 668 0168 00040040 		.word	1073742848
 669 016c 00080040 		.word	1073743872
 670 0170 00380240 		.word	1073887232
 671 0174 00100240 		.word	1073876992
 672 0178 00000240 		.word	1073872896
 673 017c 00040240 		.word	1073873920
 674              		.cfi_endproc
 675              	.LFE132:
 677              		.section	.text.HAL_TIM_PWM_MspInit,"ax",%progbits
 678              		.align	1
 679              		.global	HAL_TIM_PWM_MspInit
 680              		.syntax unified
 681              		.thumb
 682              		.thumb_func
 683              		.fpu fpv4-sp-d16
 685              	HAL_TIM_PWM_MspInit:
 686              	.LFB133:
 388:Core/Src/periphs/tim.c **** 
 389:Core/Src/periphs/tim.c **** void HAL_TIM_PWM_MspInit(TIM_HandleTypeDef* tim_pwmHandle)
 390:Core/Src/periphs/tim.c **** {
 687              		.loc 1 390 0
 688              		.cfi_startproc
 689              		@ args = 0, pretend = 0, frame = 8
 690              		@ frame_needed = 0, uses_anonymous_args = 0
 691              		@ link register save eliminated.
 692              	.LVL35:
 693 0000 82B0     		sub	sp, sp, #8
 694              	.LCFI20:
 695              		.cfi_def_cfa_offset 8
 391:Core/Src/periphs/tim.c **** 
 392:Core/Src/periphs/tim.c ****   if(tim_pwmHandle->Instance==TIM8)
 696              		.loc 1 392 0
 697 0002 0368     		ldr	r3, [r0]
 698 0004 104A     		ldr	r2, .L51
 699 0006 9342     		cmp	r3, r2
 700 0008 04D0     		beq	.L49
 393:Core/Src/periphs/tim.c ****   {
 394:Core/Src/periphs/tim.c ****   /* USER CODE BEGIN TIM8_MspInit 0 */
 395:Core/Src/periphs/tim.c **** 
 396:Core/Src/periphs/tim.c ****   /* USER CODE END TIM8_MspInit 0 */
 397:Core/Src/periphs/tim.c ****     /* TIM8 clock enable */
 398:Core/Src/periphs/tim.c ****     __HAL_RCC_TIM8_CLK_ENABLE();
 399:Core/Src/periphs/tim.c ****   /* USER CODE BEGIN TIM8_MspInit 1 */
 400:Core/Src/periphs/tim.c **** 
 401:Core/Src/periphs/tim.c ****   /* USER CODE END TIM8_MspInit 1 */
 402:Core/Src/periphs/tim.c ****   }
 403:Core/Src/periphs/tim.c ****   else if(tim_pwmHandle->Instance==TIM9)
 701              		.loc 1 403 0
 702 000a 104A     		ldr	r2, .L51+4
 703 000c 9342     		cmp	r3, r2
 704 000e 0ED0     		beq	.L50
 705              	.L45:
 404:Core/Src/periphs/tim.c ****   {
 405:Core/Src/periphs/tim.c ****   /* USER CODE BEGIN TIM9_MspInit 0 */
 406:Core/Src/periphs/tim.c **** 
 407:Core/Src/periphs/tim.c ****   /* USER CODE END TIM9_MspInit 0 */
ARM GAS  C:\Users\073be\AppData\Local\Temp\cc2Z0Exq.s 			page 21


 408:Core/Src/periphs/tim.c ****     /* TIM9 clock enable */
 409:Core/Src/periphs/tim.c ****     __HAL_RCC_TIM9_CLK_ENABLE();
 410:Core/Src/periphs/tim.c ****   /* USER CODE BEGIN TIM9_MspInit 1 */
 411:Core/Src/periphs/tim.c **** 
 412:Core/Src/periphs/tim.c ****   /* USER CODE END TIM9_MspInit 1 */
 413:Core/Src/periphs/tim.c ****   }
 414:Core/Src/periphs/tim.c **** }
 706              		.loc 1 414 0
 707 0010 02B0     		add	sp, sp, #8
 708              	.LCFI21:
 709              		.cfi_remember_state
 710              		.cfi_def_cfa_offset 0
 711              		@ sp needed
 712 0012 7047     		bx	lr
 713              	.L49:
 714              	.LCFI22:
 715              		.cfi_restore_state
 716              	.LBB11:
 398:Core/Src/periphs/tim.c ****   /* USER CODE BEGIN TIM8_MspInit 1 */
 717              		.loc 1 398 0
 718 0014 0023     		movs	r3, #0
 719 0016 0093     		str	r3, [sp]
 720 0018 0D4B     		ldr	r3, .L51+8
 721 001a 5A6C     		ldr	r2, [r3, #68]
 722 001c 42F00202 		orr	r2, r2, #2
 723 0020 5A64     		str	r2, [r3, #68]
 724 0022 5B6C     		ldr	r3, [r3, #68]
 725 0024 03F00203 		and	r3, r3, #2
 726 0028 0093     		str	r3, [sp]
 727 002a 009B     		ldr	r3, [sp]
 728              	.LBE11:
 729 002c F0E7     		b	.L45
 730              	.L50:
 731              	.LBB12:
 409:Core/Src/periphs/tim.c ****   /* USER CODE BEGIN TIM9_MspInit 1 */
 732              		.loc 1 409 0
 733 002e 0023     		movs	r3, #0
 734 0030 0193     		str	r3, [sp, #4]
 735 0032 074B     		ldr	r3, .L51+8
 736 0034 5A6C     		ldr	r2, [r3, #68]
 737 0036 42F48032 		orr	r2, r2, #65536
 738 003a 5A64     		str	r2, [r3, #68]
 739 003c 5B6C     		ldr	r3, [r3, #68]
 740 003e 03F48033 		and	r3, r3, #65536
 741 0042 0193     		str	r3, [sp, #4]
 742 0044 019B     		ldr	r3, [sp, #4]
 743              	.LBE12:
 744              		.loc 1 414 0
 745 0046 E3E7     		b	.L45
 746              	.L52:
 747              		.align	2
 748              	.L51:
 749 0048 00040140 		.word	1073808384
 750 004c 00400140 		.word	1073823744
 751 0050 00380240 		.word	1073887232
 752              		.cfi_endproc
 753              	.LFE133:
ARM GAS  C:\Users\073be\AppData\Local\Temp\cc2Z0Exq.s 			page 22


 755              		.section	.text.HAL_TIM_MspPostInit,"ax",%progbits
 756              		.align	1
 757              		.global	HAL_TIM_MspPostInit
 758              		.syntax unified
 759              		.thumb
 760              		.thumb_func
 761              		.fpu fpv4-sp-d16
 763              	HAL_TIM_MspPostInit:
 764              	.LFB134:
 415:Core/Src/periphs/tim.c **** void HAL_TIM_MspPostInit(TIM_HandleTypeDef* timHandle)
 416:Core/Src/periphs/tim.c **** {
 765              		.loc 1 416 0
 766              		.cfi_startproc
 767              		@ args = 0, pretend = 0, frame = 32
 768              		@ frame_needed = 0, uses_anonymous_args = 0
 769              	.LVL36:
 770 0000 00B5     		push	{lr}
 771              	.LCFI23:
 772              		.cfi_def_cfa_offset 4
 773              		.cfi_offset 14, -4
 774 0002 89B0     		sub	sp, sp, #36
 775              	.LCFI24:
 776              		.cfi_def_cfa_offset 40
 417:Core/Src/periphs/tim.c **** 
 418:Core/Src/periphs/tim.c ****   GPIO_InitTypeDef GPIO_InitStruct = {0};
 777              		.loc 1 418 0
 778 0004 0023     		movs	r3, #0
 779 0006 0393     		str	r3, [sp, #12]
 780 0008 0493     		str	r3, [sp, #16]
 781 000a 0593     		str	r3, [sp, #20]
 782 000c 0693     		str	r3, [sp, #24]
 783 000e 0793     		str	r3, [sp, #28]
 419:Core/Src/periphs/tim.c ****   if(timHandle->Instance==TIM8)
 784              		.loc 1 419 0
 785 0010 0368     		ldr	r3, [r0]
 786 0012 1C4A     		ldr	r2, .L59
 787 0014 9342     		cmp	r3, r2
 788 0016 05D0     		beq	.L57
 420:Core/Src/periphs/tim.c ****   {
 421:Core/Src/periphs/tim.c ****   /* USER CODE BEGIN TIM8_MspPostInit 0 */
 422:Core/Src/periphs/tim.c **** 
 423:Core/Src/periphs/tim.c ****   /* USER CODE END TIM8_MspPostInit 0 */
 424:Core/Src/periphs/tim.c ****     __HAL_RCC_GPIOC_CLK_ENABLE();
 425:Core/Src/periphs/tim.c ****     /**TIM8 GPIO Configuration    
 426:Core/Src/periphs/tim.c ****     PC6     ------> TIM8_CH1
 427:Core/Src/periphs/tim.c ****     PC7     ------> TIM8_CH2
 428:Core/Src/periphs/tim.c ****     PC8     ------> TIM8_CH3
 429:Core/Src/periphs/tim.c ****     PC9     ------> TIM8_CH4 
 430:Core/Src/periphs/tim.c ****     */
 431:Core/Src/periphs/tim.c ****     GPIO_InitStruct.Pin = GPIO_PIN_6|GPIO_PIN_7|GPIO_PIN_8|GPIO_PIN_9;
 432:Core/Src/periphs/tim.c ****     GPIO_InitStruct.Mode = GPIO_MODE_AF_PP;
 433:Core/Src/periphs/tim.c ****     GPIO_InitStruct.Pull = GPIO_NOPULL;
 434:Core/Src/periphs/tim.c ****     GPIO_InitStruct.Speed = GPIO_SPEED_FREQ_VERY_HIGH;
 435:Core/Src/periphs/tim.c ****     GPIO_InitStruct.Alternate = GPIO_AF3_TIM8;
 436:Core/Src/periphs/tim.c ****     HAL_GPIO_Init(GPIOC, &GPIO_InitStruct);
 437:Core/Src/periphs/tim.c **** 
 438:Core/Src/periphs/tim.c ****   /* USER CODE BEGIN TIM8_MspPostInit 1 */
ARM GAS  C:\Users\073be\AppData\Local\Temp\cc2Z0Exq.s 			page 23


 439:Core/Src/periphs/tim.c **** 
 440:Core/Src/periphs/tim.c ****   /* USER CODE END TIM8_MspPostInit 1 */
 441:Core/Src/periphs/tim.c ****   }
 442:Core/Src/periphs/tim.c ****   else if(timHandle->Instance==TIM9)
 789              		.loc 1 442 0
 790 0018 1B4A     		ldr	r2, .L59+4
 791 001a 9342     		cmp	r3, r2
 792 001c 1BD0     		beq	.L58
 793              	.LVL37:
 794              	.L53:
 443:Core/Src/periphs/tim.c ****   {
 444:Core/Src/periphs/tim.c ****   /* USER CODE BEGIN TIM9_MspPostInit 0 */
 445:Core/Src/periphs/tim.c **** 
 446:Core/Src/periphs/tim.c ****   /* USER CODE END TIM9_MspPostInit 0 */
 447:Core/Src/periphs/tim.c ****   
 448:Core/Src/periphs/tim.c ****     __HAL_RCC_GPIOA_CLK_ENABLE();
 449:Core/Src/periphs/tim.c ****     /**TIM9 GPIO Configuration    
 450:Core/Src/periphs/tim.c ****     PA3     ------> TIM9_CH2 
 451:Core/Src/periphs/tim.c ****     */
 452:Core/Src/periphs/tim.c ****     GPIO_InitStruct.Pin = GPIO_PIN_3;
 453:Core/Src/periphs/tim.c ****     GPIO_InitStruct.Mode = GPIO_MODE_AF_PP;
 454:Core/Src/periphs/tim.c ****     GPIO_InitStruct.Pull = GPIO_NOPULL;
 455:Core/Src/periphs/tim.c ****     GPIO_InitStruct.Speed = GPIO_SPEED_FREQ_LOW;
 456:Core/Src/periphs/tim.c ****     GPIO_InitStruct.Alternate = GPIO_AF3_TIM9;
 457:Core/Src/periphs/tim.c ****     HAL_GPIO_Init(GPIOA, &GPIO_InitStruct);
 458:Core/Src/periphs/tim.c **** 
 459:Core/Src/periphs/tim.c ****   /* USER CODE BEGIN TIM9_MspPostInit 1 */
 460:Core/Src/periphs/tim.c **** 
 461:Core/Src/periphs/tim.c ****   /* USER CODE END TIM9_MspPostInit 1 */
 462:Core/Src/periphs/tim.c ****   }
 463:Core/Src/periphs/tim.c **** 
 464:Core/Src/periphs/tim.c **** }
 795              		.loc 1 464 0
 796 001e 09B0     		add	sp, sp, #36
 797              	.LCFI25:
 798              		.cfi_remember_state
 799              		.cfi_def_cfa_offset 4
 800              		@ sp needed
 801 0020 5DF804FB 		ldr	pc, [sp], #4
 802              	.LVL38:
 803              	.L57:
 804              	.LCFI26:
 805              		.cfi_restore_state
 806              	.LBB13:
 424:Core/Src/periphs/tim.c ****     /**TIM8 GPIO Configuration    
 807              		.loc 1 424 0
 808 0024 0023     		movs	r3, #0
 809 0026 0193     		str	r3, [sp, #4]
 810 0028 184B     		ldr	r3, .L59+8
 811 002a 1A6B     		ldr	r2, [r3, #48]
 812 002c 42F00402 		orr	r2, r2, #4
 813 0030 1A63     		str	r2, [r3, #48]
 814 0032 1B6B     		ldr	r3, [r3, #48]
 815 0034 03F00403 		and	r3, r3, #4
 816 0038 0193     		str	r3, [sp, #4]
 817 003a 019B     		ldr	r3, [sp, #4]
 818              	.LBE13:
ARM GAS  C:\Users\073be\AppData\Local\Temp\cc2Z0Exq.s 			page 24


 431:Core/Src/periphs/tim.c ****     GPIO_InitStruct.Mode = GPIO_MODE_AF_PP;
 819              		.loc 1 431 0
 820 003c 4FF47073 		mov	r3, #960
 821 0040 0393     		str	r3, [sp, #12]
 432:Core/Src/periphs/tim.c ****     GPIO_InitStruct.Pull = GPIO_NOPULL;
 822              		.loc 1 432 0
 823 0042 0223     		movs	r3, #2
 824 0044 0493     		str	r3, [sp, #16]
 434:Core/Src/periphs/tim.c ****     GPIO_InitStruct.Alternate = GPIO_AF3_TIM8;
 825              		.loc 1 434 0
 826 0046 0323     		movs	r3, #3
 827 0048 0693     		str	r3, [sp, #24]
 435:Core/Src/periphs/tim.c ****     HAL_GPIO_Init(GPIOC, &GPIO_InitStruct);
 828              		.loc 1 435 0
 829 004a 0793     		str	r3, [sp, #28]
 436:Core/Src/periphs/tim.c **** 
 830              		.loc 1 436 0
 831 004c 03A9     		add	r1, sp, #12
 832 004e 1048     		ldr	r0, .L59+12
 833              	.LVL39:
 834 0050 FFF7FEFF 		bl	HAL_GPIO_Init
 835              	.LVL40:
 836 0054 E3E7     		b	.L53
 837              	.LVL41:
 838              	.L58:
 839              	.LBB14:
 448:Core/Src/periphs/tim.c ****     /**TIM9 GPIO Configuration    
 840              		.loc 1 448 0
 841 0056 0023     		movs	r3, #0
 842 0058 0293     		str	r3, [sp, #8]
 843 005a 0C4B     		ldr	r3, .L59+8
 844 005c 1A6B     		ldr	r2, [r3, #48]
 845 005e 42F00102 		orr	r2, r2, #1
 846 0062 1A63     		str	r2, [r3, #48]
 847 0064 1B6B     		ldr	r3, [r3, #48]
 848 0066 03F00103 		and	r3, r3, #1
 849 006a 0293     		str	r3, [sp, #8]
 850 006c 029B     		ldr	r3, [sp, #8]
 851              	.LBE14:
 452:Core/Src/periphs/tim.c ****     GPIO_InitStruct.Mode = GPIO_MODE_AF_PP;
 852              		.loc 1 452 0
 853 006e 0823     		movs	r3, #8
 854 0070 0393     		str	r3, [sp, #12]
 453:Core/Src/periphs/tim.c ****     GPIO_InitStruct.Pull = GPIO_NOPULL;
 855              		.loc 1 453 0
 856 0072 0223     		movs	r3, #2
 857 0074 0493     		str	r3, [sp, #16]
 456:Core/Src/periphs/tim.c ****     HAL_GPIO_Init(GPIOA, &GPIO_InitStruct);
 858              		.loc 1 456 0
 859 0076 0323     		movs	r3, #3
 860 0078 0793     		str	r3, [sp, #28]
 457:Core/Src/periphs/tim.c **** 
 861              		.loc 1 457 0
 862 007a 03A9     		add	r1, sp, #12
 863 007c 0548     		ldr	r0, .L59+16
 864              	.LVL42:
 865 007e FFF7FEFF 		bl	HAL_GPIO_Init
ARM GAS  C:\Users\073be\AppData\Local\Temp\cc2Z0Exq.s 			page 25


 866              	.LVL43:
 867              		.loc 1 464 0
 868 0082 CCE7     		b	.L53
 869              	.L60:
 870              		.align	2
 871              	.L59:
 872 0084 00040140 		.word	1073808384
 873 0088 00400140 		.word	1073823744
 874 008c 00380240 		.word	1073887232
 875 0090 00080240 		.word	1073874944
 876 0094 00000240 		.word	1073872896
 877              		.cfi_endproc
 878              	.LFE134:
 880              		.section	.text.MX_TIM8_Init,"ax",%progbits
 881              		.align	1
 882              		.global	MX_TIM8_Init
 883              		.syntax unified
 884              		.thumb
 885              		.thumb_func
 886              		.fpu fpv4-sp-d16
 888              	MX_TIM8_Init:
 889              	.LFB130:
 195:Core/Src/periphs/tim.c ****   TIM_MasterConfigTypeDef sMasterConfig = {0};
 890              		.loc 1 195 0
 891              		.cfi_startproc
 892              		@ args = 0, pretend = 0, frame = 64
 893              		@ frame_needed = 0, uses_anonymous_args = 0
 894 0000 00B5     		push	{lr}
 895              	.LCFI27:
 896              		.cfi_def_cfa_offset 4
 897              		.cfi_offset 14, -4
 898 0002 91B0     		sub	sp, sp, #68
 899              	.LCFI28:
 900              		.cfi_def_cfa_offset 72
 196:Core/Src/periphs/tim.c ****   TIM_OC_InitTypeDef sConfigOC = {0};
 901              		.loc 1 196 0
 902 0004 0023     		movs	r3, #0
 903 0006 0E93     		str	r3, [sp, #56]
 904 0008 0F93     		str	r3, [sp, #60]
 197:Core/Src/periphs/tim.c ****   TIM_BreakDeadTimeConfigTypeDef sBreakDeadTimeConfig = {0};
 905              		.loc 1 197 0
 906 000a 0793     		str	r3, [sp, #28]
 907 000c 0893     		str	r3, [sp, #32]
 908 000e 0993     		str	r3, [sp, #36]
 909 0010 0A93     		str	r3, [sp, #40]
 910 0012 0B93     		str	r3, [sp, #44]
 911 0014 0C93     		str	r3, [sp, #48]
 912 0016 0D93     		str	r3, [sp, #52]
 198:Core/Src/periphs/tim.c **** 
 913              		.loc 1 198 0
 914 0018 0093     		str	r3, [sp]
 915 001a 0193     		str	r3, [sp, #4]
 916 001c 0293     		str	r3, [sp, #8]
 917 001e 0393     		str	r3, [sp, #12]
 918 0020 0493     		str	r3, [sp, #16]
 919 0022 0593     		str	r3, [sp, #20]
 920 0024 0693     		str	r3, [sp, #24]
ARM GAS  C:\Users\073be\AppData\Local\Temp\cc2Z0Exq.s 			page 26


 200:Core/Src/periphs/tim.c ****   htim8.Init.Prescaler = 0;
 921              		.loc 1 200 0
 922 0026 3148     		ldr	r0, .L77
 923 0028 314A     		ldr	r2, .L77+4
 924 002a 0260     		str	r2, [r0]
 201:Core/Src/periphs/tim.c ****   htim8.Init.CounterMode = TIM_COUNTERMODE_CENTERALIGNED1;
 925              		.loc 1 201 0
 926 002c 4360     		str	r3, [r0, #4]
 202:Core/Src/periphs/tim.c ****   htim8.Init.Period = 10499;
 927              		.loc 1 202 0
 928 002e 2022     		movs	r2, #32
 929 0030 8260     		str	r2, [r0, #8]
 203:Core/Src/periphs/tim.c ****   htim8.Init.ClockDivision = TIM_CLOCKDIVISION_DIV1;
 930              		.loc 1 203 0
 931 0032 42F60312 		movw	r2, #10499
 932 0036 C260     		str	r2, [r0, #12]
 204:Core/Src/periphs/tim.c ****   htim8.Init.RepetitionCounter = 0;
 933              		.loc 1 204 0
 934 0038 0361     		str	r3, [r0, #16]
 205:Core/Src/periphs/tim.c ****   if (HAL_TIM_PWM_Init(&htim8) != HAL_OK)
 935              		.loc 1 205 0
 936 003a 4361     		str	r3, [r0, #20]
 206:Core/Src/periphs/tim.c ****   {
 937              		.loc 1 206 0
 938 003c FFF7FEFF 		bl	HAL_TIM_PWM_Init
 939              	.LVL44:
 940 0040 0028     		cmp	r0, #0
 941 0042 3DD1     		bne	.L70
 942              	.L62:
 210:Core/Src/periphs/tim.c ****   sMasterConfig.MasterSlaveMode = TIM_MASTERSLAVEMODE_DISABLE;
 943              		.loc 1 210 0
 944 0044 0023     		movs	r3, #0
 945 0046 0E93     		str	r3, [sp, #56]
 211:Core/Src/periphs/tim.c ****   if (HAL_TIMEx_MasterConfigSynchronization(&htim8, &sMasterConfig) != HAL_OK)
 946              		.loc 1 211 0
 947 0048 0F93     		str	r3, [sp, #60]
 212:Core/Src/periphs/tim.c ****   {
 948              		.loc 1 212 0
 949 004a 0EA9     		add	r1, sp, #56
 950 004c 2748     		ldr	r0, .L77
 951 004e FFF7FEFF 		bl	HAL_TIMEx_MasterConfigSynchronization
 952              	.LVL45:
 953 0052 0028     		cmp	r0, #0
 954 0054 37D1     		bne	.L71
 955              	.L63:
 216:Core/Src/periphs/tim.c ****   sConfigOC.Pulse = 0;
 956              		.loc 1 216 0
 957 0056 6023     		movs	r3, #96
 958 0058 0793     		str	r3, [sp, #28]
 217:Core/Src/periphs/tim.c ****   sConfigOC.OCPolarity = TIM_OCPOLARITY_HIGH;
 959              		.loc 1 217 0
 960 005a 0022     		movs	r2, #0
 961 005c 0892     		str	r2, [sp, #32]
 218:Core/Src/periphs/tim.c ****   sConfigOC.OCNPolarity = TIM_OCNPOLARITY_HIGH;
 962              		.loc 1 218 0
 963 005e 0992     		str	r2, [sp, #36]
 219:Core/Src/periphs/tim.c ****   sConfigOC.OCFastMode = TIM_OCFAST_DISABLE;
ARM GAS  C:\Users\073be\AppData\Local\Temp\cc2Z0Exq.s 			page 27


 964              		.loc 1 219 0
 965 0060 0A92     		str	r2, [sp, #40]
 220:Core/Src/periphs/tim.c ****   sConfigOC.OCIdleState = TIM_OCIDLESTATE_RESET;
 966              		.loc 1 220 0
 967 0062 0B92     		str	r2, [sp, #44]
 221:Core/Src/periphs/tim.c ****   sConfigOC.OCNIdleState = TIM_OCNIDLESTATE_RESET;
 968              		.loc 1 221 0
 969 0064 0C92     		str	r2, [sp, #48]
 222:Core/Src/periphs/tim.c ****   if (HAL_TIM_PWM_ConfigChannel(&htim8, &sConfigOC, TIM_CHANNEL_1) != HAL_OK)
 970              		.loc 1 222 0
 971 0066 0D92     		str	r2, [sp, #52]
 223:Core/Src/periphs/tim.c ****   {
 972              		.loc 1 223 0
 973 0068 07A9     		add	r1, sp, #28
 974 006a 2048     		ldr	r0, .L77
 975 006c FFF7FEFF 		bl	HAL_TIM_PWM_ConfigChannel
 976              	.LVL46:
 977 0070 60BB     		cbnz	r0, .L72
 978              	.L64:
 227:Core/Src/periphs/tim.c ****   {
 979              		.loc 1 227 0
 980 0072 0422     		movs	r2, #4
 981 0074 07A9     		add	r1, sp, #28
 982 0076 1D48     		ldr	r0, .L77
 983 0078 FFF7FEFF 		bl	HAL_TIM_PWM_ConfigChannel
 984              	.LVL47:
 985 007c 48BB     		cbnz	r0, .L73
 986              	.L65:
 231:Core/Src/periphs/tim.c ****   {
 987              		.loc 1 231 0
 988 007e 0822     		movs	r2, #8
 989 0080 07A9     		add	r1, sp, #28
 990 0082 1A48     		ldr	r0, .L77
 991 0084 FFF7FEFF 		bl	HAL_TIM_PWM_ConfigChannel
 992              	.LVL48:
 993 0088 30BB     		cbnz	r0, .L74
 994              	.L66:
 235:Core/Src/periphs/tim.c ****   {
 995              		.loc 1 235 0
 996 008a 0C22     		movs	r2, #12
 997 008c 07A9     		add	r1, sp, #28
 998 008e 1748     		ldr	r0, .L77
 999 0090 FFF7FEFF 		bl	HAL_TIM_PWM_ConfigChannel
 1000              	.LVL49:
 1001 0094 18BB     		cbnz	r0, .L75
 1002              	.L67:
 239:Core/Src/periphs/tim.c ****   sBreakDeadTimeConfig.OffStateIDLEMode = TIM_OSSI_DISABLE;
 1003              		.loc 1 239 0
 1004 0096 0023     		movs	r3, #0
 1005 0098 0093     		str	r3, [sp]
 240:Core/Src/periphs/tim.c ****   sBreakDeadTimeConfig.LockLevel = TIM_LOCKLEVEL_OFF;
 1006              		.loc 1 240 0
 1007 009a 0193     		str	r3, [sp, #4]
 241:Core/Src/periphs/tim.c ****   sBreakDeadTimeConfig.DeadTime = 0;
 1008              		.loc 1 241 0
 1009 009c 0293     		str	r3, [sp, #8]
 242:Core/Src/periphs/tim.c ****   sBreakDeadTimeConfig.BreakState = TIM_BREAK_DISABLE;
ARM GAS  C:\Users\073be\AppData\Local\Temp\cc2Z0Exq.s 			page 28


 1010              		.loc 1 242 0
 1011 009e 0393     		str	r3, [sp, #12]
 243:Core/Src/periphs/tim.c ****   sBreakDeadTimeConfig.BreakPolarity = TIM_BREAKPOLARITY_HIGH;
 1012              		.loc 1 243 0
 1013 00a0 0493     		str	r3, [sp, #16]
 244:Core/Src/periphs/tim.c ****   sBreakDeadTimeConfig.AutomaticOutput = TIM_AUTOMATICOUTPUT_DISABLE;
 1014              		.loc 1 244 0
 1015 00a2 4FF40052 		mov	r2, #8192
 1016 00a6 0592     		str	r2, [sp, #20]
 245:Core/Src/periphs/tim.c ****   if (HAL_TIMEx_ConfigBreakDeadTime(&htim8, &sBreakDeadTimeConfig) != HAL_OK)
 1017              		.loc 1 245 0
 1018 00a8 0693     		str	r3, [sp, #24]
 246:Core/Src/periphs/tim.c ****   {
 1019              		.loc 1 246 0
 1020 00aa 6946     		mov	r1, sp
 1021 00ac 0F48     		ldr	r0, .L77
 1022 00ae FFF7FEFF 		bl	HAL_TIMEx_ConfigBreakDeadTime
 1023              	.LVL50:
 1024 00b2 B8B9     		cbnz	r0, .L76
 1025              	.L68:
 250:Core/Src/periphs/tim.c **** 
 1026              		.loc 1 250 0
 1027 00b4 0D48     		ldr	r0, .L77
 1028 00b6 FFF7FEFF 		bl	HAL_TIM_MspPostInit
 1029              	.LVL51:
 252:Core/Src/periphs/tim.c **** /* TIM9 init function */
 1030              		.loc 1 252 0
 1031 00ba 11B0     		add	sp, sp, #68
 1032              	.LCFI29:
 1033              		.cfi_remember_state
 1034              		.cfi_def_cfa_offset 4
 1035              		@ sp needed
 1036 00bc 5DF804FB 		ldr	pc, [sp], #4
 1037              	.L70:
 1038              	.LCFI30:
 1039              		.cfi_restore_state
 208:Core/Src/periphs/tim.c ****   }
 1040              		.loc 1 208 0
 1041 00c0 FFF7FEFF 		bl	Error_Handler
 1042              	.LVL52:
 1043 00c4 BEE7     		b	.L62
 1044              	.L71:
 214:Core/Src/periphs/tim.c ****   }
 1045              		.loc 1 214 0
 1046 00c6 FFF7FEFF 		bl	Error_Handler
 1047              	.LVL53:
 1048 00ca C4E7     		b	.L63
 1049              	.L72:
 225:Core/Src/periphs/tim.c ****   }
 1050              		.loc 1 225 0
 1051 00cc FFF7FEFF 		bl	Error_Handler
 1052              	.LVL54:
 1053 00d0 CFE7     		b	.L64
 1054              	.L73:
 229:Core/Src/periphs/tim.c ****   }
 1055              		.loc 1 229 0
 1056 00d2 FFF7FEFF 		bl	Error_Handler
ARM GAS  C:\Users\073be\AppData\Local\Temp\cc2Z0Exq.s 			page 29


 1057              	.LVL55:
 1058 00d6 D2E7     		b	.L65
 1059              	.L74:
 233:Core/Src/periphs/tim.c ****   }
 1060              		.loc 1 233 0
 1061 00d8 FFF7FEFF 		bl	Error_Handler
 1062              	.LVL56:
 1063 00dc D5E7     		b	.L66
 1064              	.L75:
 237:Core/Src/periphs/tim.c ****   }
 1065              		.loc 1 237 0
 1066 00de FFF7FEFF 		bl	Error_Handler
 1067              	.LVL57:
 1068 00e2 D8E7     		b	.L67
 1069              	.L76:
 248:Core/Src/periphs/tim.c ****   }
 1070              		.loc 1 248 0
 1071 00e4 FFF7FEFF 		bl	Error_Handler
 1072              	.LVL58:
 1073 00e8 E4E7     		b	.L68
 1074              	.L78:
 1075 00ea 00BF     		.align	2
 1076              	.L77:
 1077 00ec 00000000 		.word	htim8
 1078 00f0 00040140 		.word	1073808384
 1079              		.cfi_endproc
 1080              	.LFE130:
 1082              		.section	.text.MX_TIM9_Init,"ax",%progbits
 1083              		.align	1
 1084              		.global	MX_TIM9_Init
 1085              		.syntax unified
 1086              		.thumb
 1087              		.thumb_func
 1088              		.fpu fpv4-sp-d16
 1090              	MX_TIM9_Init:
 1091              	.LFB131:
 255:Core/Src/periphs/tim.c ****   TIM_OC_InitTypeDef sConfigOC = {0};
 1092              		.loc 1 255 0
 1093              		.cfi_startproc
 1094              		@ args = 0, pretend = 0, frame = 32
 1095              		@ frame_needed = 0, uses_anonymous_args = 0
 1096 0000 00B5     		push	{lr}
 1097              	.LCFI31:
 1098              		.cfi_def_cfa_offset 4
 1099              		.cfi_offset 14, -4
 1100 0002 89B0     		sub	sp, sp, #36
 1101              	.LCFI32:
 1102              		.cfi_def_cfa_offset 40
 256:Core/Src/periphs/tim.c **** 
 1103              		.loc 1 256 0
 1104 0004 0023     		movs	r3, #0
 1105 0006 0193     		str	r3, [sp, #4]
 1106 0008 0293     		str	r3, [sp, #8]
 1107 000a 0393     		str	r3, [sp, #12]
 1108 000c 0493     		str	r3, [sp, #16]
 1109 000e 0593     		str	r3, [sp, #20]
 1110 0010 0693     		str	r3, [sp, #24]
ARM GAS  C:\Users\073be\AppData\Local\Temp\cc2Z0Exq.s 			page 30


 1111 0012 0793     		str	r3, [sp, #28]
 258:Core/Src/periphs/tim.c ****   htim9.Init.Prescaler = 0;
 1112              		.loc 1 258 0
 1113 0014 1148     		ldr	r0, .L85
 1114 0016 124A     		ldr	r2, .L85+4
 1115 0018 0260     		str	r2, [r0]
 259:Core/Src/periphs/tim.c ****   htim9.Init.CounterMode = TIM_COUNTERMODE_UP;
 1116              		.loc 1 259 0
 1117 001a 4360     		str	r3, [r0, #4]
 260:Core/Src/periphs/tim.c ****   htim9.Init.Period = 0;
 1118              		.loc 1 260 0
 1119 001c 8360     		str	r3, [r0, #8]
 261:Core/Src/periphs/tim.c ****   htim9.Init.ClockDivision = TIM_CLOCKDIVISION_DIV1;
 1120              		.loc 1 261 0
 1121 001e C360     		str	r3, [r0, #12]
 262:Core/Src/periphs/tim.c ****   if (HAL_TIM_PWM_Init(&htim9) != HAL_OK)
 1122              		.loc 1 262 0
 1123 0020 0361     		str	r3, [r0, #16]
 263:Core/Src/periphs/tim.c ****   {
 1124              		.loc 1 263 0
 1125 0022 FFF7FEFF 		bl	HAL_TIM_PWM_Init
 1126              	.LVL59:
 1127 0026 90B9     		cbnz	r0, .L83
 1128              	.L80:
 267:Core/Src/periphs/tim.c ****   sConfigOC.Pulse = 0;
 1129              		.loc 1 267 0
 1130 0028 6023     		movs	r3, #96
 1131 002a 0193     		str	r3, [sp, #4]
 268:Core/Src/periphs/tim.c ****   sConfigOC.OCPolarity = TIM_OCPOLARITY_HIGH;
 1132              		.loc 1 268 0
 1133 002c 0023     		movs	r3, #0
 1134 002e 0293     		str	r3, [sp, #8]
 269:Core/Src/periphs/tim.c ****   sConfigOC.OCFastMode = TIM_OCFAST_DISABLE;
 1135              		.loc 1 269 0
 1136 0030 0393     		str	r3, [sp, #12]
 270:Core/Src/periphs/tim.c ****   if (HAL_TIM_PWM_ConfigChannel(&htim9, &sConfigOC, TIM_CHANNEL_2) != HAL_OK)
 1137              		.loc 1 270 0
 1138 0032 0593     		str	r3, [sp, #20]
 271:Core/Src/periphs/tim.c ****   {
 1139              		.loc 1 271 0
 1140 0034 0422     		movs	r2, #4
 1141 0036 0DEB0201 		add	r1, sp, r2
 1142 003a 0848     		ldr	r0, .L85
 1143 003c FFF7FEFF 		bl	HAL_TIM_PWM_ConfigChannel
 1144              	.LVL60:
 1145 0040 40B9     		cbnz	r0, .L84
 1146              	.L81:
 275:Core/Src/periphs/tim.c **** 
 1147              		.loc 1 275 0
 1148 0042 0648     		ldr	r0, .L85
 1149 0044 FFF7FEFF 		bl	HAL_TIM_MspPostInit
 1150              	.LVL61:
 277:Core/Src/periphs/tim.c **** 
 1151              		.loc 1 277 0
 1152 0048 09B0     		add	sp, sp, #36
 1153              	.LCFI33:
 1154              		.cfi_remember_state
ARM GAS  C:\Users\073be\AppData\Local\Temp\cc2Z0Exq.s 			page 31


 1155              		.cfi_def_cfa_offset 4
 1156              		@ sp needed
 1157 004a 5DF804FB 		ldr	pc, [sp], #4
 1158              	.L83:
 1159              	.LCFI34:
 1160              		.cfi_restore_state
 265:Core/Src/periphs/tim.c ****   }
 1161              		.loc 1 265 0
 1162 004e FFF7FEFF 		bl	Error_Handler
 1163              	.LVL62:
 1164 0052 E9E7     		b	.L80
 1165              	.L84:
 273:Core/Src/periphs/tim.c ****   }
 1166              		.loc 1 273 0
 1167 0054 FFF7FEFF 		bl	Error_Handler
 1168              	.LVL63:
 1169 0058 F3E7     		b	.L81
 1170              	.L86:
 1171 005a 00BF     		.align	2
 1172              	.L85:
 1173 005c 00000000 		.word	htim9
 1174 0060 00400140 		.word	1073823744
 1175              		.cfi_endproc
 1176              	.LFE131:
 1178              		.section	.text.HAL_TIM_Encoder_MspDeInit,"ax",%progbits
 1179              		.align	1
 1180              		.global	HAL_TIM_Encoder_MspDeInit
 1181              		.syntax unified
 1182              		.thumb
 1183              		.thumb_func
 1184              		.fpu fpv4-sp-d16
 1186              	HAL_TIM_Encoder_MspDeInit:
 1187              	.LFB135:
 465:Core/Src/periphs/tim.c **** 
 466:Core/Src/periphs/tim.c **** void HAL_TIM_Encoder_MspDeInit(TIM_HandleTypeDef* tim_encoderHandle)
 467:Core/Src/periphs/tim.c **** {
 1188              		.loc 1 467 0
 1189              		.cfi_startproc
 1190              		@ args = 0, pretend = 0, frame = 0
 1191              		@ frame_needed = 0, uses_anonymous_args = 0
 1192              	.LVL64:
 1193 0000 08B5     		push	{r3, lr}
 1194              	.LCFI35:
 1195              		.cfi_def_cfa_offset 8
 1196              		.cfi_offset 3, -8
 1197              		.cfi_offset 14, -4
 468:Core/Src/periphs/tim.c **** 
 469:Core/Src/periphs/tim.c ****   if(tim_encoderHandle->Instance==TIM1)
 1198              		.loc 1 469 0
 1199 0002 0368     		ldr	r3, [r0]
 1200 0004 1F4A     		ldr	r2, .L97
 1201 0006 9342     		cmp	r3, r2
 1202 0008 09D0     		beq	.L93
 470:Core/Src/periphs/tim.c ****   {
 471:Core/Src/periphs/tim.c ****   /* USER CODE BEGIN TIM1_MspDeInit 0 */
 472:Core/Src/periphs/tim.c **** 
 473:Core/Src/periphs/tim.c ****   /* USER CODE END TIM1_MspDeInit 0 */
ARM GAS  C:\Users\073be\AppData\Local\Temp\cc2Z0Exq.s 			page 32


 474:Core/Src/periphs/tim.c ****     /* Peripheral clock disable */
 475:Core/Src/periphs/tim.c ****     __HAL_RCC_TIM1_CLK_DISABLE();
 476:Core/Src/periphs/tim.c ****   
 477:Core/Src/periphs/tim.c ****     /**TIM1 GPIO Configuration    
 478:Core/Src/periphs/tim.c ****     PE11     ------> TIM1_CH2
 479:Core/Src/periphs/tim.c ****     PA8     ------> TIM1_CH1 
 480:Core/Src/periphs/tim.c ****     */
 481:Core/Src/periphs/tim.c ****     HAL_GPIO_DeInit(GPIOE, GPIO_PIN_11);
 482:Core/Src/periphs/tim.c **** 
 483:Core/Src/periphs/tim.c ****     HAL_GPIO_DeInit(GPIOA, GPIO_PIN_8);
 484:Core/Src/periphs/tim.c **** 
 485:Core/Src/periphs/tim.c ****   /* USER CODE BEGIN TIM1_MspDeInit 1 */
 486:Core/Src/periphs/tim.c **** 
 487:Core/Src/periphs/tim.c ****   /* USER CODE END TIM1_MspDeInit 1 */
 488:Core/Src/periphs/tim.c ****   }
 489:Core/Src/periphs/tim.c ****   else if(tim_encoderHandle->Instance==TIM2)
 1203              		.loc 1 489 0
 1204 000a B3F1804F 		cmp	r3, #1073741824
 1205 000e 17D0     		beq	.L94
 490:Core/Src/periphs/tim.c ****   {
 491:Core/Src/periphs/tim.c ****   /* USER CODE BEGIN TIM2_MspDeInit 0 */
 492:Core/Src/periphs/tim.c **** 
 493:Core/Src/periphs/tim.c ****   /* USER CODE END TIM2_MspDeInit 0 */
 494:Core/Src/periphs/tim.c ****     /* Peripheral clock disable */
 495:Core/Src/periphs/tim.c ****     __HAL_RCC_TIM2_CLK_DISABLE();
 496:Core/Src/periphs/tim.c ****   
 497:Core/Src/periphs/tim.c ****     /**TIM2 GPIO Configuration    
 498:Core/Src/periphs/tim.c ****     PA1     ------> TIM2_CH2
 499:Core/Src/periphs/tim.c ****     PA15     ------> TIM2_CH1 
 500:Core/Src/periphs/tim.c ****     */
 501:Core/Src/periphs/tim.c ****     HAL_GPIO_DeInit(GPIOA, GPIO_PIN_1|GPIO_PIN_15);
 502:Core/Src/periphs/tim.c **** 
 503:Core/Src/periphs/tim.c ****   /* USER CODE BEGIN TIM2_MspDeInit 1 */
 504:Core/Src/periphs/tim.c **** 
 505:Core/Src/periphs/tim.c ****   /* USER CODE END TIM2_MspDeInit 1 */
 506:Core/Src/periphs/tim.c ****   }
 507:Core/Src/periphs/tim.c ****   else if(tim_encoderHandle->Instance==TIM3)
 1206              		.loc 1 507 0
 1207 0010 1D4A     		ldr	r2, .L97+4
 1208 0012 9342     		cmp	r3, r2
 1209 0014 1FD0     		beq	.L95
 508:Core/Src/periphs/tim.c ****   {
 509:Core/Src/periphs/tim.c ****   /* USER CODE BEGIN TIM3_MspDeInit 0 */
 510:Core/Src/periphs/tim.c **** 
 511:Core/Src/periphs/tim.c ****   /* USER CODE END TIM3_MspDeInit 0 */
 512:Core/Src/periphs/tim.c ****     /* Peripheral clock disable */
 513:Core/Src/periphs/tim.c ****     __HAL_RCC_TIM3_CLK_DISABLE();
 514:Core/Src/periphs/tim.c ****   
 515:Core/Src/periphs/tim.c ****     /**TIM3 GPIO Configuration    
 516:Core/Src/periphs/tim.c ****     PA6     ------> TIM3_CH1
 517:Core/Src/periphs/tim.c ****     PA7     ------> TIM3_CH2 
 518:Core/Src/periphs/tim.c ****     */
 519:Core/Src/periphs/tim.c ****     HAL_GPIO_DeInit(GPIOA, GPIO_PIN_6|GPIO_PIN_7);
 520:Core/Src/periphs/tim.c **** 
 521:Core/Src/periphs/tim.c ****   /* USER CODE BEGIN TIM3_MspDeInit 1 */
 522:Core/Src/periphs/tim.c **** 
 523:Core/Src/periphs/tim.c ****   /* USER CODE END TIM3_MspDeInit 1 */
ARM GAS  C:\Users\073be\AppData\Local\Temp\cc2Z0Exq.s 			page 33


 524:Core/Src/periphs/tim.c ****   }
 525:Core/Src/periphs/tim.c ****   else if(tim_encoderHandle->Instance==TIM4)
 1210              		.loc 1 525 0
 1211 0016 1D4A     		ldr	r2, .L97+8
 1212 0018 9342     		cmp	r3, r2
 1213 001a 27D0     		beq	.L96
 1214              	.LVL65:
 1215              	.L87:
 526:Core/Src/periphs/tim.c ****   {
 527:Core/Src/periphs/tim.c ****   /* USER CODE BEGIN TIM4_MspDeInit 0 */
 528:Core/Src/periphs/tim.c **** 
 529:Core/Src/periphs/tim.c ****   /* USER CODE END TIM4_MspDeInit 0 */
 530:Core/Src/periphs/tim.c ****     /* Peripheral clock disable */
 531:Core/Src/periphs/tim.c ****     __HAL_RCC_TIM4_CLK_DISABLE();
 532:Core/Src/periphs/tim.c ****   
 533:Core/Src/periphs/tim.c ****     /**TIM4 GPIO Configuration    
 534:Core/Src/periphs/tim.c ****     PB6     ------> TIM4_CH1
 535:Core/Src/periphs/tim.c ****     PB7     ------> TIM4_CH2 
 536:Core/Src/periphs/tim.c ****     */
 537:Core/Src/periphs/tim.c ****     HAL_GPIO_DeInit(GPIOB, GPIO_PIN_6|GPIO_PIN_7);
 538:Core/Src/periphs/tim.c **** 
 539:Core/Src/periphs/tim.c ****   /* USER CODE BEGIN TIM4_MspDeInit 1 */
 540:Core/Src/periphs/tim.c **** 
 541:Core/Src/periphs/tim.c ****   /* USER CODE END TIM4_MspDeInit 1 */
 542:Core/Src/periphs/tim.c ****   }
 543:Core/Src/periphs/tim.c **** }
 1216              		.loc 1 543 0
 1217 001c 08BD     		pop	{r3, pc}
 1218              	.LVL66:
 1219              	.L93:
 475:Core/Src/periphs/tim.c ****   
 1220              		.loc 1 475 0
 1221 001e 02F59C32 		add	r2, r2, #79872
 1222 0022 536C     		ldr	r3, [r2, #68]
 1223 0024 23F00103 		bic	r3, r3, #1
 1224 0028 5364     		str	r3, [r2, #68]
 481:Core/Src/periphs/tim.c **** 
 1225              		.loc 1 481 0
 1226 002a 4FF40061 		mov	r1, #2048
 1227 002e 1848     		ldr	r0, .L97+12
 1228              	.LVL67:
 1229 0030 FFF7FEFF 		bl	HAL_GPIO_DeInit
 1230              	.LVL68:
 483:Core/Src/periphs/tim.c **** 
 1231              		.loc 1 483 0
 1232 0034 4FF48071 		mov	r1, #256
 1233 0038 1648     		ldr	r0, .L97+16
 1234 003a FFF7FEFF 		bl	HAL_GPIO_DeInit
 1235              	.LVL69:
 1236 003e EDE7     		b	.L87
 1237              	.LVL70:
 1238              	.L94:
 495:Core/Src/periphs/tim.c ****   
 1239              		.loc 1 495 0
 1240 0040 154A     		ldr	r2, .L97+20
 1241 0042 136C     		ldr	r3, [r2, #64]
 1242 0044 23F00103 		bic	r3, r3, #1
ARM GAS  C:\Users\073be\AppData\Local\Temp\cc2Z0Exq.s 			page 34


 1243 0048 1364     		str	r3, [r2, #64]
 501:Core/Src/periphs/tim.c **** 
 1244              		.loc 1 501 0
 1245 004a 48F20201 		movw	r1, #32770
 1246 004e 1148     		ldr	r0, .L97+16
 1247              	.LVL71:
 1248 0050 FFF7FEFF 		bl	HAL_GPIO_DeInit
 1249              	.LVL72:
 1250 0054 E2E7     		b	.L87
 1251              	.LVL73:
 1252              	.L95:
 513:Core/Src/periphs/tim.c ****   
 1253              		.loc 1 513 0
 1254 0056 02F50D32 		add	r2, r2, #144384
 1255 005a 136C     		ldr	r3, [r2, #64]
 1256 005c 23F00203 		bic	r3, r3, #2
 1257 0060 1364     		str	r3, [r2, #64]
 519:Core/Src/periphs/tim.c **** 
 1258              		.loc 1 519 0
 1259 0062 C021     		movs	r1, #192
 1260 0064 0B48     		ldr	r0, .L97+16
 1261              	.LVL74:
 1262 0066 FFF7FEFF 		bl	HAL_GPIO_DeInit
 1263              	.LVL75:
 1264 006a D7E7     		b	.L87
 1265              	.LVL76:
 1266              	.L96:
 531:Core/Src/periphs/tim.c ****   
 1267              		.loc 1 531 0
 1268 006c 02F50C32 		add	r2, r2, #143360
 1269 0070 136C     		ldr	r3, [r2, #64]
 1270 0072 23F00403 		bic	r3, r3, #4
 1271 0076 1364     		str	r3, [r2, #64]
 537:Core/Src/periphs/tim.c **** 
 1272              		.loc 1 537 0
 1273 0078 C021     		movs	r1, #192
 1274 007a 0848     		ldr	r0, .L97+24
 1275              	.LVL77:
 1276 007c FFF7FEFF 		bl	HAL_GPIO_DeInit
 1277              	.LVL78:
 1278              		.loc 1 543 0
 1279 0080 CCE7     		b	.L87
 1280              	.L98:
 1281 0082 00BF     		.align	2
 1282              	.L97:
 1283 0084 00000140 		.word	1073807360
 1284 0088 00040040 		.word	1073742848
 1285 008c 00080040 		.word	1073743872
 1286 0090 00100240 		.word	1073876992
 1287 0094 00000240 		.word	1073872896
 1288 0098 00380240 		.word	1073887232
 1289 009c 00040240 		.word	1073873920
 1290              		.cfi_endproc
 1291              	.LFE135:
 1293              		.section	.text.HAL_TIM_PWM_MspDeInit,"ax",%progbits
 1294              		.align	1
 1295              		.global	HAL_TIM_PWM_MspDeInit
ARM GAS  C:\Users\073be\AppData\Local\Temp\cc2Z0Exq.s 			page 35


 1296              		.syntax unified
 1297              		.thumb
 1298              		.thumb_func
 1299              		.fpu fpv4-sp-d16
 1301              	HAL_TIM_PWM_MspDeInit:
 1302              	.LFB136:
 544:Core/Src/periphs/tim.c **** 
 545:Core/Src/periphs/tim.c **** void HAL_TIM_PWM_MspDeInit(TIM_HandleTypeDef* tim_pwmHandle)
 546:Core/Src/periphs/tim.c **** {
 1303              		.loc 1 546 0
 1304              		.cfi_startproc
 1305              		@ args = 0, pretend = 0, frame = 0
 1306              		@ frame_needed = 0, uses_anonymous_args = 0
 1307              		@ link register save eliminated.
 1308              	.LVL79:
 547:Core/Src/periphs/tim.c **** 
 548:Core/Src/periphs/tim.c ****   if(tim_pwmHandle->Instance==TIM8)
 1309              		.loc 1 548 0
 1310 0000 0368     		ldr	r3, [r0]
 1311 0002 0A4A     		ldr	r2, .L104
 1312 0004 9342     		cmp	r3, r2
 1313 0006 03D0     		beq	.L102
 549:Core/Src/periphs/tim.c ****   {
 550:Core/Src/periphs/tim.c ****   /* USER CODE BEGIN TIM8_MspDeInit 0 */
 551:Core/Src/periphs/tim.c **** 
 552:Core/Src/periphs/tim.c ****   /* USER CODE END TIM8_MspDeInit 0 */
 553:Core/Src/periphs/tim.c ****     /* Peripheral clock disable */
 554:Core/Src/periphs/tim.c ****     __HAL_RCC_TIM8_CLK_DISABLE();
 555:Core/Src/periphs/tim.c ****   /* USER CODE BEGIN TIM8_MspDeInit 1 */
 556:Core/Src/periphs/tim.c **** 
 557:Core/Src/periphs/tim.c ****   /* USER CODE END TIM8_MspDeInit 1 */
 558:Core/Src/periphs/tim.c ****   }
 559:Core/Src/periphs/tim.c ****   else if(tim_pwmHandle->Instance==TIM9)
 1314              		.loc 1 559 0
 1315 0008 094A     		ldr	r2, .L104+4
 1316 000a 9342     		cmp	r3, r2
 1317 000c 07D0     		beq	.L103
 1318              	.L99:
 560:Core/Src/periphs/tim.c ****   {
 561:Core/Src/periphs/tim.c ****   /* USER CODE BEGIN TIM9_MspDeInit 0 */
 562:Core/Src/periphs/tim.c **** 
 563:Core/Src/periphs/tim.c ****   /* USER CODE END TIM9_MspDeInit 0 */
 564:Core/Src/periphs/tim.c ****     /* Peripheral clock disable */
 565:Core/Src/periphs/tim.c ****     __HAL_RCC_TIM9_CLK_DISABLE();
 566:Core/Src/periphs/tim.c ****   /* USER CODE BEGIN TIM9_MspDeInit 1 */
 567:Core/Src/periphs/tim.c **** 
 568:Core/Src/periphs/tim.c ****   /* USER CODE END TIM9_MspDeInit 1 */
 569:Core/Src/periphs/tim.c ****   }
 570:Core/Src/periphs/tim.c **** } 
 1319              		.loc 1 570 0
 1320 000e 7047     		bx	lr
 1321              	.L102:
 554:Core/Src/periphs/tim.c ****   /* USER CODE BEGIN TIM8_MspDeInit 1 */
 1322              		.loc 1 554 0
 1323 0010 02F59A32 		add	r2, r2, #78848
 1324 0014 536C     		ldr	r3, [r2, #68]
 1325 0016 23F00203 		bic	r3, r3, #2
ARM GAS  C:\Users\073be\AppData\Local\Temp\cc2Z0Exq.s 			page 36


 1326 001a 5364     		str	r3, [r2, #68]
 1327 001c 7047     		bx	lr
 1328              	.L103:
 565:Core/Src/periphs/tim.c ****   /* USER CODE BEGIN TIM9_MspDeInit 1 */
 1329              		.loc 1 565 0
 1330 001e 02F57842 		add	r2, r2, #63488
 1331 0022 536C     		ldr	r3, [r2, #68]
 1332 0024 23F48033 		bic	r3, r3, #65536
 1333 0028 5364     		str	r3, [r2, #68]
 1334              		.loc 1 570 0
 1335 002a F0E7     		b	.L99
 1336              	.L105:
 1337              		.align	2
 1338              	.L104:
 1339 002c 00040140 		.word	1073808384
 1340 0030 00400140 		.word	1073823744
 1341              		.cfi_endproc
 1342              	.LFE136:
 1344              		.comm	htim9,60,4
 1345              		.comm	htim8,60,4
 1346              		.comm	htim4,60,4
 1347              		.comm	htim3,60,4
 1348              		.comm	htim2,60,4
 1349              		.comm	htim1,60,4
 1350              		.text
 1351              	.Letext0:
 1352              		.file 2 "c:\\program files (x86)\\gnu tools arm embedded\\7 2017-q4-major\\arm-none-eabi\\include\
 1353              		.file 3 "c:\\program files (x86)\\gnu tools arm embedded\\7 2017-q4-major\\arm-none-eabi\\include\
 1354              		.file 4 "C:/Users/n-is/STM32Cube/Repository/STM32Cube_FW_F4_V1.23.0/Drivers/CMSIS/Include/core_cm4
 1355              		.file 5 "C:/Users/n-is/STM32Cube/Repository/STM32Cube_FW_F4_V1.23.0/Drivers/CMSIS/Device/ST/STM32F
 1356              		.file 6 "C:/Users/n-is/STM32Cube/Repository/STM32Cube_FW_F4_V1.23.0/Drivers/CMSIS/Device/ST/STM32F
 1357              		.file 7 "c:\\program files (x86)\\gnu tools arm embedded\\7 2017-q4-major\\arm-none-eabi\\include\
 1358              		.file 8 "c:\\program files (x86)\\gnu tools arm embedded\\7 2017-q4-major\\arm-none-eabi\\include\
 1359              		.file 9 "c:\\program files (x86)\\gnu tools arm embedded\\7 2017-q4-major\\lib\\gcc\\arm-none-eabi
 1360              		.file 10 "c:\\program files (x86)\\gnu tools arm embedded\\7 2017-q4-major\\arm-none-eabi\\include
 1361              		.file 11 "C:/Users/n-is/STM32Cube/Repository/STM32Cube_FW_F4_V1.23.0/Drivers/STM32F4xx_HAL_Driver/
 1362              		.file 12 "C:/Users/n-is/STM32Cube/Repository/STM32Cube_FW_F4_V1.23.0/Drivers/STM32F4xx_HAL_Driver/
 1363              		.file 13 "C:/Users/n-is/STM32Cube/Repository/STM32Cube_FW_F4_V1.23.0/Drivers/STM32F4xx_HAL_Driver/
 1364              		.file 14 "C:/Users/n-is/STM32Cube/Repository/STM32Cube_FW_F4_V1.23.0/Drivers/STM32F4xx_HAL_Driver/
 1365              		.file 15 "C:/Users/n-is/STM32Cube/Repository/STM32Cube_FW_F4_V1.23.0/Drivers/STM32F4xx_HAL_Driver/
 1366              		.file 16 "Core/Inc/periphs/tim.h"
 1367              		.file 17 "Core/Inc/main.h"
 1368              		.file 18 "<built-in>"
ARM GAS  C:\Users\073be\AppData\Local\Temp\cc2Z0Exq.s 			page 37


DEFINED SYMBOLS
                            *ABS*:00000000 tim.c
C:\Users\073be\AppData\Local\Temp\cc2Z0Exq.s:18     .text.MX_TIM1_Init:00000000 $t
C:\Users\073be\AppData\Local\Temp\cc2Z0Exq.s:25     .text.MX_TIM1_Init:00000000 MX_TIM1_Init
C:\Users\073be\AppData\Local\Temp\cc2Z0Exq.s:113    .text.MX_TIM1_Init:0000005c $d
                            *COM*:0000003c htim1
C:\Users\073be\AppData\Local\Temp\cc2Z0Exq.s:119    .text.MX_TIM2_Init:00000000 $t
C:\Users\073be\AppData\Local\Temp\cc2Z0Exq.s:126    .text.MX_TIM2_Init:00000000 MX_TIM2_Init
C:\Users\073be\AppData\Local\Temp\cc2Z0Exq.s:211    .text.MX_TIM2_Init:0000005c $d
                            *COM*:0000003c htim2
C:\Users\073be\AppData\Local\Temp\cc2Z0Exq.s:216    .text.MX_TIM3_Init:00000000 $t
C:\Users\073be\AppData\Local\Temp\cc2Z0Exq.s:223    .text.MX_TIM3_Init:00000000 MX_TIM3_Init
C:\Users\073be\AppData\Local\Temp\cc2Z0Exq.s:308    .text.MX_TIM3_Init:0000005c $d
                            *COM*:0000003c htim3
C:\Users\073be\AppData\Local\Temp\cc2Z0Exq.s:314    .text.MX_TIM4_Init:00000000 $t
C:\Users\073be\AppData\Local\Temp\cc2Z0Exq.s:321    .text.MX_TIM4_Init:00000000 MX_TIM4_Init
C:\Users\073be\AppData\Local\Temp\cc2Z0Exq.s:406    .text.MX_TIM4_Init:0000005c $d
                            *COM*:0000003c htim4
C:\Users\073be\AppData\Local\Temp\cc2Z0Exq.s:412    .text.HAL_TIM_Encoder_MspInit:00000000 $t
C:\Users\073be\AppData\Local\Temp\cc2Z0Exq.s:419    .text.HAL_TIM_Encoder_MspInit:00000000 HAL_TIM_Encoder_MspInit
C:\Users\073be\AppData\Local\Temp\cc2Z0Exq.s:667    .text.HAL_TIM_Encoder_MspInit:00000164 $d
C:\Users\073be\AppData\Local\Temp\cc2Z0Exq.s:678    .text.HAL_TIM_PWM_MspInit:00000000 $t
C:\Users\073be\AppData\Local\Temp\cc2Z0Exq.s:685    .text.HAL_TIM_PWM_MspInit:00000000 HAL_TIM_PWM_MspInit
C:\Users\073be\AppData\Local\Temp\cc2Z0Exq.s:749    .text.HAL_TIM_PWM_MspInit:00000048 $d
C:\Users\073be\AppData\Local\Temp\cc2Z0Exq.s:756    .text.HAL_TIM_MspPostInit:00000000 $t
C:\Users\073be\AppData\Local\Temp\cc2Z0Exq.s:763    .text.HAL_TIM_MspPostInit:00000000 HAL_TIM_MspPostInit
C:\Users\073be\AppData\Local\Temp\cc2Z0Exq.s:872    .text.HAL_TIM_MspPostInit:00000084 $d
C:\Users\073be\AppData\Local\Temp\cc2Z0Exq.s:881    .text.MX_TIM8_Init:00000000 $t
C:\Users\073be\AppData\Local\Temp\cc2Z0Exq.s:888    .text.MX_TIM8_Init:00000000 MX_TIM8_Init
C:\Users\073be\AppData\Local\Temp\cc2Z0Exq.s:1077   .text.MX_TIM8_Init:000000ec $d
                            *COM*:0000003c htim8
C:\Users\073be\AppData\Local\Temp\cc2Z0Exq.s:1083   .text.MX_TIM9_Init:00000000 $t
C:\Users\073be\AppData\Local\Temp\cc2Z0Exq.s:1090   .text.MX_TIM9_Init:00000000 MX_TIM9_Init
C:\Users\073be\AppData\Local\Temp\cc2Z0Exq.s:1173   .text.MX_TIM9_Init:0000005c $d
                            *COM*:0000003c htim9
C:\Users\073be\AppData\Local\Temp\cc2Z0Exq.s:1179   .text.HAL_TIM_Encoder_MspDeInit:00000000 $t
C:\Users\073be\AppData\Local\Temp\cc2Z0Exq.s:1186   .text.HAL_TIM_Encoder_MspDeInit:00000000 HAL_TIM_Encoder_MspDeInit
C:\Users\073be\AppData\Local\Temp\cc2Z0Exq.s:1283   .text.HAL_TIM_Encoder_MspDeInit:00000084 $d
C:\Users\073be\AppData\Local\Temp\cc2Z0Exq.s:1294   .text.HAL_TIM_PWM_MspDeInit:00000000 $t
C:\Users\073be\AppData\Local\Temp\cc2Z0Exq.s:1301   .text.HAL_TIM_PWM_MspDeInit:00000000 HAL_TIM_PWM_MspDeInit
C:\Users\073be\AppData\Local\Temp\cc2Z0Exq.s:1339   .text.HAL_TIM_PWM_MspDeInit:0000002c $d

UNDEFINED SYMBOLS
memset
HAL_TIM_Encoder_Init
HAL_TIMEx_MasterConfigSynchronization
Error_Handler
HAL_GPIO_Init
HAL_TIM_PWM_Init
HAL_TIM_PWM_ConfigChannel
HAL_TIMEx_ConfigBreakDeadTime
HAL_GPIO_DeInit
