ARM GAS  C:\Users\Prashant\AppData\Local\Temp\ccbmwCnY.s 			page 1


   1              		.cpu cortex-m4
   2              		.eabi_attribute 27, 1
   3              		.eabi_attribute 28, 1
   4              		.eabi_attribute 20, 1
   5              		.eabi_attribute 21, 1
   6              		.eabi_attribute 23, 3
   7              		.eabi_attribute 24, 1
   8              		.eabi_attribute 25, 1
   9              		.eabi_attribute 26, 1
  10              		.eabi_attribute 30, 1
  11              		.eabi_attribute 34, 1
  12              		.eabi_attribute 18, 4
  13              		.file	"gpio.c"
  14              		.text
  15              	.Ltext0:
  16              		.cfi_sections	.debug_frame
  17              		.section	.text.MX_GPIO_Init,"ax",%progbits
  18              		.align	1
  19              		.global	MX_GPIO_Init
  20              		.syntax unified
  21              		.thumb
  22              		.thumb_func
  23              		.fpu fpv4-sp-d16
  25              	MX_GPIO_Init:
  26              	.LFB126:
  27              		.file 1 "Core/Src/periphs/gpio.c"
   1:Core/Src/periphs/gpio.c **** /**
   2:Core/Src/periphs/gpio.c ****   ******************************************************************************
   3:Core/Src/periphs/gpio.c ****   * File Name          : gpio.c
   4:Core/Src/periphs/gpio.c ****   * Description        : This file provides code for the configuration
   5:Core/Src/periphs/gpio.c ****   *                      of all used GPIO pins.
   6:Core/Src/periphs/gpio.c ****   ******************************************************************************
   7:Core/Src/periphs/gpio.c ****   * This notice applies to any and all portions of this file
   8:Core/Src/periphs/gpio.c ****   * that are not between comment pairs USER CODE BEGIN and
   9:Core/Src/periphs/gpio.c ****   * USER CODE END. Other portions of this file, whether 
  10:Core/Src/periphs/gpio.c ****   * inserted by the user or by software development tools
  11:Core/Src/periphs/gpio.c ****   * are owned by their respective copyright owners.
  12:Core/Src/periphs/gpio.c ****   *
  13:Core/Src/periphs/gpio.c ****   * Copyright (c) 2019 STMicroelectronics International N.V. 
  14:Core/Src/periphs/gpio.c ****   * All rights reserved.
  15:Core/Src/periphs/gpio.c ****   *
  16:Core/Src/periphs/gpio.c ****   * Redistribution and use in source and binary forms, with or without 
  17:Core/Src/periphs/gpio.c ****   * modification, are permitted, provided that the following conditions are met:
  18:Core/Src/periphs/gpio.c ****   *
  19:Core/Src/periphs/gpio.c ****   * 1. Redistribution of source code must retain the above copyright notice, 
  20:Core/Src/periphs/gpio.c ****   *    this list of conditions and the following disclaimer.
  21:Core/Src/periphs/gpio.c ****   * 2. Redistributions in binary form must reproduce the above copyright notice,
  22:Core/Src/periphs/gpio.c ****   *    this list of conditions and the following disclaimer in the documentation
  23:Core/Src/periphs/gpio.c ****   *    and/or other materials provided with the distribution.
  24:Core/Src/periphs/gpio.c ****   * 3. Neither the name of STMicroelectronics nor the names of other 
  25:Core/Src/periphs/gpio.c ****   *    contributors to this software may be used to endorse or promote products 
  26:Core/Src/periphs/gpio.c ****   *    derived from this software without specific written permission.
  27:Core/Src/periphs/gpio.c ****   * 4. This software, including modifications and/or derivative works of this 
  28:Core/Src/periphs/gpio.c ****   *    software, must execute solely and exclusively on microcontroller or
  29:Core/Src/periphs/gpio.c ****   *    microprocessor devices manufactured by or for STMicroelectronics.
  30:Core/Src/periphs/gpio.c ****   * 5. Redistribution and use of this software other than as permitted under 
  31:Core/Src/periphs/gpio.c ****   *    this license is void and will automatically terminate your rights under 
ARM GAS  C:\Users\Prashant\AppData\Local\Temp\ccbmwCnY.s 			page 2


  32:Core/Src/periphs/gpio.c ****   *    this license. 
  33:Core/Src/periphs/gpio.c ****   *
  34:Core/Src/periphs/gpio.c ****   * THIS SOFTWARE IS PROVIDED BY STMICROELECTRONICS AND CONTRIBUTORS "AS IS" 
  35:Core/Src/periphs/gpio.c ****   * AND ANY EXPRESS, IMPLIED OR STATUTORY WARRANTIES, INCLUDING, BUT NOT 
  36:Core/Src/periphs/gpio.c ****   * LIMITED TO, THE IMPLIED WARRANTIES OF MERCHANTABILITY, FITNESS FOR A 
  37:Core/Src/periphs/gpio.c ****   * PARTICULAR PURPOSE AND NON-INFRINGEMENT OF THIRD PARTY INTELLECTUAL PROPERTY
  38:Core/Src/periphs/gpio.c ****   * RIGHTS ARE DISCLAIMED TO THE FULLEST EXTENT PERMITTED BY LAW. IN NO EVENT 
  39:Core/Src/periphs/gpio.c ****   * SHALL STMICROELECTRONICS OR CONTRIBUTORS BE LIABLE FOR ANY DIRECT, INDIRECT,
  40:Core/Src/periphs/gpio.c ****   * INCIDENTAL, SPECIAL, EXEMPLARY, OR CONSEQUENTIAL DAMAGES (INCLUDING, BUT NOT
  41:Core/Src/periphs/gpio.c ****   * LIMITED TO, PROCUREMENT OF SUBSTITUTE GOODS OR SERVICES; LOSS OF USE, DATA, 
  42:Core/Src/periphs/gpio.c ****   * OR PROFITS; OR BUSINESS INTERRUPTION) HOWEVER CAUSED AND ON ANY THEORY OF 
  43:Core/Src/periphs/gpio.c ****   * LIABILITY, WHETHER IN CONTRACT, STRICT LIABILITY, OR TORT (INCLUDING 
  44:Core/Src/periphs/gpio.c ****   * NEGLIGENCE OR OTHERWISE) ARISING IN ANY WAY OUT OF THE USE OF THIS SOFTWARE,
  45:Core/Src/periphs/gpio.c ****   * EVEN IF ADVISED OF THE POSSIBILITY OF SUCH DAMAGE.
  46:Core/Src/periphs/gpio.c ****   *
  47:Core/Src/periphs/gpio.c ****   ******************************************************************************
  48:Core/Src/periphs/gpio.c ****   */
  49:Core/Src/periphs/gpio.c **** 
  50:Core/Src/periphs/gpio.c **** /* Includes ------------------------------------------------------------------*/
  51:Core/Src/periphs/gpio.c **** #include "gpio.h"
  52:Core/Src/periphs/gpio.c **** /* USER CODE BEGIN 0 */
  53:Core/Src/periphs/gpio.c **** 
  54:Core/Src/periphs/gpio.c **** /* USER CODE END 0 */
  55:Core/Src/periphs/gpio.c **** 
  56:Core/Src/periphs/gpio.c **** /*----------------------------------------------------------------------------*/
  57:Core/Src/periphs/gpio.c **** /* Configure GPIO                                                             */
  58:Core/Src/periphs/gpio.c **** /*----------------------------------------------------------------------------*/
  59:Core/Src/periphs/gpio.c **** /* USER CODE BEGIN 1 */
  60:Core/Src/periphs/gpio.c **** 
  61:Core/Src/periphs/gpio.c **** /* USER CODE END 1 */
  62:Core/Src/periphs/gpio.c **** 
  63:Core/Src/periphs/gpio.c **** /** Configure pins as 
  64:Core/Src/periphs/gpio.c ****         * Analog 
  65:Core/Src/periphs/gpio.c ****         * Input 
  66:Core/Src/periphs/gpio.c ****         * Output
  67:Core/Src/periphs/gpio.c ****         * EVENT_OUT
  68:Core/Src/periphs/gpio.c ****         * EXTI
  69:Core/Src/periphs/gpio.c **** */
  70:Core/Src/periphs/gpio.c **** void MX_GPIO_Init(void)
  71:Core/Src/periphs/gpio.c **** {
  28              		.loc 1 71 0
  29              		.cfi_startproc
  30              		@ args = 0, pretend = 0, frame = 48
  31              		@ frame_needed = 0, uses_anonymous_args = 0
  32 0000 2DE9F04F 		push	{r4, r5, r6, r7, r8, r9, r10, fp, lr}
  33              	.LCFI0:
  34              		.cfi_def_cfa_offset 36
  35              		.cfi_offset 4, -36
  36              		.cfi_offset 5, -32
  37              		.cfi_offset 6, -28
  38              		.cfi_offset 7, -24
  39              		.cfi_offset 8, -20
  40              		.cfi_offset 9, -16
  41              		.cfi_offset 10, -12
  42              		.cfi_offset 11, -8
  43              		.cfi_offset 14, -4
  44 0004 8DB0     		sub	sp, sp, #52
ARM GAS  C:\Users\Prashant\AppData\Local\Temp\ccbmwCnY.s 			page 3


  45              	.LCFI1:
  46              		.cfi_def_cfa_offset 88
  72:Core/Src/periphs/gpio.c **** 
  73:Core/Src/periphs/gpio.c ****   GPIO_InitTypeDef GPIO_InitStruct = {0};
  47              		.loc 1 73 0
  48 0006 0024     		movs	r4, #0
  49 0008 0794     		str	r4, [sp, #28]
  50 000a 0894     		str	r4, [sp, #32]
  51 000c 0994     		str	r4, [sp, #36]
  52 000e 0A94     		str	r4, [sp, #40]
  53 0010 0B94     		str	r4, [sp, #44]
  54              	.LBB2:
  74:Core/Src/periphs/gpio.c **** 
  75:Core/Src/periphs/gpio.c ****   /* GPIO Ports Clock Enable */
  76:Core/Src/periphs/gpio.c ****   __HAL_RCC_GPIOE_CLK_ENABLE();
  55              		.loc 1 76 0
  56 0012 0194     		str	r4, [sp, #4]
  57 0014 7C4B     		ldr	r3, .L3
  58 0016 1A6B     		ldr	r2, [r3, #48]
  59 0018 42F01002 		orr	r2, r2, #16
  60 001c 1A63     		str	r2, [r3, #48]
  61 001e 1A6B     		ldr	r2, [r3, #48]
  62 0020 02F01002 		and	r2, r2, #16
  63 0024 0192     		str	r2, [sp, #4]
  64 0026 019A     		ldr	r2, [sp, #4]
  65              	.LBE2:
  66              	.LBB3:
  77:Core/Src/periphs/gpio.c ****   __HAL_RCC_GPIOH_CLK_ENABLE();
  67              		.loc 1 77 0
  68 0028 0294     		str	r4, [sp, #8]
  69 002a 1A6B     		ldr	r2, [r3, #48]
  70 002c 42F08002 		orr	r2, r2, #128
  71 0030 1A63     		str	r2, [r3, #48]
  72 0032 1A6B     		ldr	r2, [r3, #48]
  73 0034 02F08002 		and	r2, r2, #128
  74 0038 0292     		str	r2, [sp, #8]
  75 003a 029A     		ldr	r2, [sp, #8]
  76              	.LBE3:
  77              	.LBB4:
  78:Core/Src/periphs/gpio.c ****   __HAL_RCC_GPIOC_CLK_ENABLE();
  78              		.loc 1 78 0
  79 003c 0394     		str	r4, [sp, #12]
  80 003e 1A6B     		ldr	r2, [r3, #48]
  81 0040 42F00402 		orr	r2, r2, #4
  82 0044 1A63     		str	r2, [r3, #48]
  83 0046 1A6B     		ldr	r2, [r3, #48]
  84 0048 02F00402 		and	r2, r2, #4
  85 004c 0392     		str	r2, [sp, #12]
  86 004e 039A     		ldr	r2, [sp, #12]
  87              	.LBE4:
  88              	.LBB5:
  79:Core/Src/periphs/gpio.c ****   __HAL_RCC_GPIOA_CLK_ENABLE();
  89              		.loc 1 79 0
  90 0050 0494     		str	r4, [sp, #16]
  91 0052 1A6B     		ldr	r2, [r3, #48]
  92 0054 42F00102 		orr	r2, r2, #1
  93 0058 1A63     		str	r2, [r3, #48]
ARM GAS  C:\Users\Prashant\AppData\Local\Temp\ccbmwCnY.s 			page 4


  94 005a 1A6B     		ldr	r2, [r3, #48]
  95 005c 02F00102 		and	r2, r2, #1
  96 0060 0492     		str	r2, [sp, #16]
  97 0062 049A     		ldr	r2, [sp, #16]
  98              	.LBE5:
  99              	.LBB6:
  80:Core/Src/periphs/gpio.c ****   __HAL_RCC_GPIOB_CLK_ENABLE();
 100              		.loc 1 80 0
 101 0064 0594     		str	r4, [sp, #20]
 102 0066 1A6B     		ldr	r2, [r3, #48]
 103 0068 42F00202 		orr	r2, r2, #2
 104 006c 1A63     		str	r2, [r3, #48]
 105 006e 1A6B     		ldr	r2, [r3, #48]
 106 0070 02F00202 		and	r2, r2, #2
 107 0074 0592     		str	r2, [sp, #20]
 108 0076 059A     		ldr	r2, [sp, #20]
 109              	.LBE6:
 110              	.LBB7:
  81:Core/Src/periphs/gpio.c ****   __HAL_RCC_GPIOD_CLK_ENABLE();
 111              		.loc 1 81 0
 112 0078 0694     		str	r4, [sp, #24]
 113 007a 1A6B     		ldr	r2, [r3, #48]
 114 007c 42F00802 		orr	r2, r2, #8
 115 0080 1A63     		str	r2, [r3, #48]
 116 0082 1B6B     		ldr	r3, [r3, #48]
 117 0084 03F00803 		and	r3, r3, #8
 118 0088 0693     		str	r3, [sp, #24]
 119 008a 069B     		ldr	r3, [sp, #24]
 120              	.LBE7:
  82:Core/Src/periphs/gpio.c **** 
  83:Core/Src/periphs/gpio.c ****   /*Configure GPIO pin Output Level */
  84:Core/Src/periphs/gpio.c ****   HAL_GPIO_WritePin(GPIOC, Grip_Pneumatic_Pin|Extra_Pneumatic_Pin|MOTOR1_IN1_Pin, GPIO_PIN_RESET);
 121              		.loc 1 84 0
 122 008c 5F4F     		ldr	r7, .L3+4
 123 008e 2246     		mov	r2, r4
 124 0090 40F60601 		movw	r1, #2054
 125 0094 3846     		mov	r0, r7
 126 0096 FFF7FEFF 		bl	HAL_GPIO_WritePin
 127              	.LVL0:
  85:Core/Src/periphs/gpio.c **** 
  86:Core/Src/periphs/gpio.c ****   /*Configure GPIO pin Output Level */
  87:Core/Src/periphs/gpio.c ****   HAL_GPIO_WritePin(GPIOA, Hand_Pneumatic_Pin|MOTOR0_IN1_Pin|MOTOR0_IN2_Pin|MOTOR1_IN2_Pin, GPIO_PI
 128              		.loc 1 87 0
 129 009a DFF88081 		ldr	r8, .L3+20
 130 009e 2246     		mov	r2, r4
 131 00a0 48F20451 		movw	r1, #34052
 132 00a4 4046     		mov	r0, r8
 133 00a6 FFF7FEFF 		bl	HAL_GPIO_WritePin
 134              	.LVL1:
  88:Core/Src/periphs/gpio.c **** 
  89:Core/Src/periphs/gpio.c ****   /*Configure GPIO pin Output Level */
  90:Core/Src/periphs/gpio.c ****   HAL_GPIO_WritePin(GPIOD, GreenLED_Pin|OrangeLED_Pin|RedLED_Pin|BlueLED_Pin 
 135              		.loc 1 90 0
 136 00aa 594E     		ldr	r6, .L3+8
 137 00ac 2246     		mov	r2, r4
 138 00ae 4FF20501 		movw	r1, #61445
 139 00b2 3046     		mov	r0, r6
ARM GAS  C:\Users\Prashant\AppData\Local\Temp\ccbmwCnY.s 			page 5


 140 00b4 FFF7FEFF 		bl	HAL_GPIO_WritePin
 141              	.LVL2:
  91:Core/Src/periphs/gpio.c ****                           |MOTOR2_IN2_Pin|MOTOR2_IN1_Pin, GPIO_PIN_RESET);
  92:Core/Src/periphs/gpio.c **** 
  93:Core/Src/periphs/gpio.c ****   /*Configure GPIO pin Output Level */
  94:Core/Src/periphs/gpio.c ****   HAL_GPIO_WritePin(GPIOB, LED_Red_Pin|LED_Green_Pin|LED_Blue_Pin, GPIO_PIN_RESET);
 142              		.loc 1 94 0
 143 00b8 2246     		mov	r2, r4
 144 00ba E021     		movs	r1, #224
 145 00bc 5548     		ldr	r0, .L3+12
 146 00be FFF7FEFF 		bl	HAL_GPIO_WritePin
 147              	.LVL3:
  95:Core/Src/periphs/gpio.c **** 
  96:Core/Src/periphs/gpio.c ****   /*Configure GPIO pin : PtPin */
  97:Core/Src/periphs/gpio.c ****   GPIO_InitStruct.Pin = ZONE_45_Pin;
 148              		.loc 1 97 0
 149 00c2 4FF0040B 		mov	fp, #4
 150 00c6 CDF81CB0 		str	fp, [sp, #28]
  98:Core/Src/periphs/gpio.c ****   GPIO_InitStruct.Mode = GPIO_MODE_INPUT;
 151              		.loc 1 98 0
 152 00ca 0894     		str	r4, [sp, #32]
  99:Core/Src/periphs/gpio.c ****   GPIO_InitStruct.Pull = GPIO_NOPULL;
 153              		.loc 1 99 0
 154 00cc 0994     		str	r4, [sp, #36]
 100:Core/Src/periphs/gpio.c ****   HAL_GPIO_Init(ZONE_45_GPIO_Port, &GPIO_InitStruct);
 155              		.loc 1 100 0
 156 00ce 07A9     		add	r1, sp, #28
 157 00d0 5148     		ldr	r0, .L3+16
 158 00d2 FFF7FEFF 		bl	HAL_GPIO_Init
 159              	.LVL4:
 101:Core/Src/periphs/gpio.c **** 
 102:Core/Src/periphs/gpio.c ****   /*Configure GPIO pin : PtPin */
 103:Core/Src/periphs/gpio.c ****   GPIO_InitStruct.Pin = IMU_Detect_Pin;
 160              		.loc 1 103 0
 161 00d6 4023     		movs	r3, #64
 162 00d8 0793     		str	r3, [sp, #28]
 104:Core/Src/periphs/gpio.c ****   GPIO_InitStruct.Mode = GPIO_MODE_INPUT;
 163              		.loc 1 104 0
 164 00da 0894     		str	r4, [sp, #32]
 105:Core/Src/periphs/gpio.c ****   GPIO_InitStruct.Pull = GPIO_PULLUP;
 165              		.loc 1 105 0
 166 00dc 0125     		movs	r5, #1
 167 00de 0995     		str	r5, [sp, #36]
 106:Core/Src/periphs/gpio.c ****   HAL_GPIO_Init(IMU_Detect_GPIO_Port, &GPIO_InitStruct);
 168              		.loc 1 106 0
 169 00e0 07A9     		add	r1, sp, #28
 170 00e2 4D48     		ldr	r0, .L3+16
 171 00e4 FFF7FEFF 		bl	HAL_GPIO_Init
 172              	.LVL5:
 107:Core/Src/periphs/gpio.c **** 
 108:Core/Src/periphs/gpio.c ****   /*Configure GPIO pins : PCPin PCPin */
 109:Core/Src/periphs/gpio.c ****   GPIO_InitStruct.Pin = Grip_Pneumatic_Pin|Extra_Pneumatic_Pin;
 173              		.loc 1 109 0
 174 00e8 4FF00609 		mov	r9, #6
 175 00ec CDF81C90 		str	r9, [sp, #28]
 110:Core/Src/periphs/gpio.c ****   GPIO_InitStruct.Mode = GPIO_MODE_OUTPUT_PP;
 176              		.loc 1 110 0
ARM GAS  C:\Users\Prashant\AppData\Local\Temp\ccbmwCnY.s 			page 6


 177 00f0 0895     		str	r5, [sp, #32]
 111:Core/Src/periphs/gpio.c ****   GPIO_InitStruct.Pull = GPIO_NOPULL;
 178              		.loc 1 111 0
 179 00f2 0994     		str	r4, [sp, #36]
 112:Core/Src/periphs/gpio.c ****   GPIO_InitStruct.Speed = GPIO_SPEED_FREQ_LOW;
 180              		.loc 1 112 0
 181 00f4 0A94     		str	r4, [sp, #40]
 113:Core/Src/periphs/gpio.c ****   HAL_GPIO_Init(GPIOC, &GPIO_InitStruct);
 182              		.loc 1 113 0
 183 00f6 07A9     		add	r1, sp, #28
 184 00f8 3846     		mov	r0, r7
 185 00fa FFF7FEFF 		bl	HAL_GPIO_Init
 186              	.LVL6:
 114:Core/Src/periphs/gpio.c **** 
 115:Core/Src/periphs/gpio.c ****   /*Configure GPIO pin : PtPin */
 116:Core/Src/periphs/gpio.c ****   GPIO_InitStruct.Pin = USER_BUTTON_Pin;
 187              		.loc 1 116 0
 188 00fe 0795     		str	r5, [sp, #28]
 117:Core/Src/periphs/gpio.c ****   GPIO_InitStruct.Mode = GPIO_MODE_IT_RISING;
 189              		.loc 1 117 0
 190 0100 DFF81CA1 		ldr	r10, .L3+24
 191 0104 CDF820A0 		str	r10, [sp, #32]
 118:Core/Src/periphs/gpio.c ****   GPIO_InitStruct.Pull = GPIO_PULLDOWN;
 192              		.loc 1 118 0
 193 0108 0223     		movs	r3, #2
 194 010a 0993     		str	r3, [sp, #36]
 119:Core/Src/periphs/gpio.c ****   HAL_GPIO_Init(USER_BUTTON_GPIO_Port, &GPIO_InitStruct);
 195              		.loc 1 119 0
 196 010c 07A9     		add	r1, sp, #28
 197 010e 4046     		mov	r0, r8
 198 0110 FFF7FEFF 		bl	HAL_GPIO_Init
 199              	.LVL7:
 120:Core/Src/periphs/gpio.c **** 
 121:Core/Src/periphs/gpio.c ****   /*Configure GPIO pin : PtPin */
 122:Core/Src/periphs/gpio.c ****   GPIO_InitStruct.Pin = Hand_Pneumatic_Pin;
 200              		.loc 1 122 0
 201 0114 CDF81CB0 		str	fp, [sp, #28]
 123:Core/Src/periphs/gpio.c ****   GPIO_InitStruct.Mode = GPIO_MODE_OUTPUT_PP;
 202              		.loc 1 123 0
 203 0118 0895     		str	r5, [sp, #32]
 124:Core/Src/periphs/gpio.c ****   GPIO_InitStruct.Pull = GPIO_NOPULL;
 204              		.loc 1 124 0
 205 011a 0994     		str	r4, [sp, #36]
 125:Core/Src/periphs/gpio.c ****   GPIO_InitStruct.Speed = GPIO_SPEED_FREQ_LOW;
 206              		.loc 1 125 0
 207 011c 0A94     		str	r4, [sp, #40]
 126:Core/Src/periphs/gpio.c ****   HAL_GPIO_Init(Hand_Pneumatic_GPIO_Port, &GPIO_InitStruct);
 208              		.loc 1 126 0
 209 011e 07A9     		add	r1, sp, #28
 210 0120 4046     		mov	r0, r8
 211 0122 FFF7FEFF 		bl	HAL_GPIO_Init
 212              	.LVL8:
 127:Core/Src/periphs/gpio.c **** 
 128:Core/Src/periphs/gpio.c ****   /*Configure GPIO pin : PtPin */
 129:Core/Src/periphs/gpio.c ****   GPIO_InitStruct.Pin = LEG1_IR_Pin;
 213              		.loc 1 129 0
 214 0126 4FF48043 		mov	r3, #16384
ARM GAS  C:\Users\Prashant\AppData\Local\Temp\ccbmwCnY.s 			page 7


 215 012a 0793     		str	r3, [sp, #28]
 130:Core/Src/periphs/gpio.c ****   GPIO_InitStruct.Mode = GPIO_MODE_IT_RISING;
 216              		.loc 1 130 0
 217 012c CDF820A0 		str	r10, [sp, #32]
 131:Core/Src/periphs/gpio.c ****   GPIO_InitStruct.Pull = GPIO_PULLUP;
 218              		.loc 1 131 0
 219 0130 0995     		str	r5, [sp, #36]
 132:Core/Src/periphs/gpio.c ****   HAL_GPIO_Init(LEG1_IR_GPIO_Port, &GPIO_InitStruct);
 220              		.loc 1 132 0
 221 0132 07A9     		add	r1, sp, #28
 222 0134 3848     		ldr	r0, .L3+16
 223 0136 FFF7FEFF 		bl	HAL_GPIO_Init
 224              	.LVL9:
 133:Core/Src/periphs/gpio.c **** 
 134:Core/Src/periphs/gpio.c ****   /*Configure GPIO pins : PBPin PBPin */
 135:Core/Src/periphs/gpio.c ****   GPIO_InitStruct.Pin = STEERING_IR_Pin|LEG0_IR_Pin;
 225              		.loc 1 135 0
 226 013a 4FF42043 		mov	r3, #40960
 227 013e 0793     		str	r3, [sp, #28]
 136:Core/Src/periphs/gpio.c ****   GPIO_InitStruct.Mode = GPIO_MODE_IT_RISING;
 228              		.loc 1 136 0
 229 0140 CDF820A0 		str	r10, [sp, #32]
 137:Core/Src/periphs/gpio.c ****   GPIO_InitStruct.Pull = GPIO_PULLUP;
 230              		.loc 1 137 0
 231 0144 0995     		str	r5, [sp, #36]
 138:Core/Src/periphs/gpio.c ****   HAL_GPIO_Init(GPIOB, &GPIO_InitStruct);
 232              		.loc 1 138 0
 233 0146 07A9     		add	r1, sp, #28
 234 0148 3248     		ldr	r0, .L3+12
 235 014a FFF7FEFF 		bl	HAL_GPIO_Init
 236              	.LVL10:
 139:Core/Src/periphs/gpio.c **** 
 140:Core/Src/periphs/gpio.c ****   /*Configure GPIO pins : PDPin PDPin PDPin PDPin 
 141:Core/Src/periphs/gpio.c ****                            PDPin PDPin PDPin */
 142:Core/Src/periphs/gpio.c ****   GPIO_InitStruct.Pin = Proximity_Back_Pin|GEREGE_SWITCH_Pin|Proximity_Up_Pin|Proximity_Front_Pin 
 237              		.loc 1 142 0
 238 014e 40F62A73 		movw	r3, #3882
 239 0152 0793     		str	r3, [sp, #28]
 143:Core/Src/periphs/gpio.c ****                           |ZONE_SAND_Pin|ZONE_MOUNTAIN_Pin|ZONE_BLUE_Pin;
 144:Core/Src/periphs/gpio.c ****   GPIO_InitStruct.Mode = GPIO_MODE_INPUT;
 240              		.loc 1 144 0
 241 0154 0894     		str	r4, [sp, #32]
 145:Core/Src/periphs/gpio.c ****   GPIO_InitStruct.Pull = GPIO_NOPULL;
 242              		.loc 1 145 0
 243 0156 0994     		str	r4, [sp, #36]
 146:Core/Src/periphs/gpio.c ****   HAL_GPIO_Init(GPIOD, &GPIO_InitStruct);
 244              		.loc 1 146 0
 245 0158 07A9     		add	r1, sp, #28
 246 015a 3046     		mov	r0, r6
 247 015c FFF7FEFF 		bl	HAL_GPIO_Init
 248              	.LVL11:
 147:Core/Src/periphs/gpio.c **** 
 148:Core/Src/periphs/gpio.c ****   /*Configure GPIO pins : PDPin PDPin PDPin PDPin */
 149:Core/Src/periphs/gpio.c ****   GPIO_InitStruct.Pin = GreenLED_Pin|OrangeLED_Pin|RedLED_Pin|BlueLED_Pin;
 249              		.loc 1 149 0
 250 0160 4FF47043 		mov	r3, #61440
 251 0164 0793     		str	r3, [sp, #28]
ARM GAS  C:\Users\Prashant\AppData\Local\Temp\ccbmwCnY.s 			page 8


 150:Core/Src/periphs/gpio.c ****   GPIO_InitStruct.Mode = GPIO_MODE_OUTPUT_PP;
 252              		.loc 1 150 0
 253 0166 0895     		str	r5, [sp, #32]
 151:Core/Src/periphs/gpio.c ****   GPIO_InitStruct.Pull = GPIO_NOPULL;
 254              		.loc 1 151 0
 255 0168 0994     		str	r4, [sp, #36]
 152:Core/Src/periphs/gpio.c ****   GPIO_InitStruct.Speed = GPIO_SPEED_FREQ_LOW;
 256              		.loc 1 152 0
 257 016a 0A94     		str	r4, [sp, #40]
 153:Core/Src/periphs/gpio.c ****   HAL_GPIO_Init(GPIOD, &GPIO_InitStruct);
 258              		.loc 1 153 0
 259 016c 07A9     		add	r1, sp, #28
 260 016e 3046     		mov	r0, r6
 261 0170 FFF7FEFF 		bl	HAL_GPIO_Init
 262              	.LVL12:
 154:Core/Src/periphs/gpio.c **** 
 155:Core/Src/periphs/gpio.c ****   /*Configure GPIO pins : PAPin PAPin PAPin */
 156:Core/Src/periphs/gpio.c ****   GPIO_InitStruct.Pin = MOTOR0_IN1_Pin|MOTOR0_IN2_Pin|MOTOR1_IN2_Pin;
 263              		.loc 1 156 0
 264 0174 4FF40543 		mov	r3, #34048
 265 0178 0793     		str	r3, [sp, #28]
 157:Core/Src/periphs/gpio.c ****   GPIO_InitStruct.Mode = GPIO_MODE_OUTPUT_PP;
 266              		.loc 1 157 0
 267 017a 0895     		str	r5, [sp, #32]
 158:Core/Src/periphs/gpio.c ****   GPIO_InitStruct.Pull = GPIO_NOPULL;
 268              		.loc 1 158 0
 269 017c 0994     		str	r4, [sp, #36]
 159:Core/Src/periphs/gpio.c ****   GPIO_InitStruct.Speed = GPIO_SPEED_FREQ_MEDIUM;
 270              		.loc 1 159 0
 271 017e 0A95     		str	r5, [sp, #40]
 160:Core/Src/periphs/gpio.c ****   HAL_GPIO_Init(GPIOA, &GPIO_InitStruct);
 272              		.loc 1 160 0
 273 0180 07A9     		add	r1, sp, #28
 274 0182 4046     		mov	r0, r8
 275 0184 FFF7FEFF 		bl	HAL_GPIO_Init
 276              	.LVL13:
 161:Core/Src/periphs/gpio.c **** 
 162:Core/Src/periphs/gpio.c ****   /*Configure GPIO pins : PCPin PCPin */
 163:Core/Src/periphs/gpio.c ****   GPIO_InitStruct.Pin = EXTRA_Pin|ZONE_RED_Pin;
 277              		.loc 1 163 0
 278 0188 4FF4A053 		mov	r3, #5120
 279 018c 0793     		str	r3, [sp, #28]
 164:Core/Src/periphs/gpio.c ****   GPIO_InitStruct.Mode = GPIO_MODE_INPUT;
 280              		.loc 1 164 0
 281 018e 0894     		str	r4, [sp, #32]
 165:Core/Src/periphs/gpio.c ****   GPIO_InitStruct.Pull = GPIO_NOPULL;
 282              		.loc 1 165 0
 283 0190 0994     		str	r4, [sp, #36]
 166:Core/Src/periphs/gpio.c ****   HAL_GPIO_Init(GPIOC, &GPIO_InitStruct);
 284              		.loc 1 166 0
 285 0192 07A9     		add	r1, sp, #28
 286 0194 3846     		mov	r0, r7
 287 0196 FFF7FEFF 		bl	HAL_GPIO_Init
 288              	.LVL14:
 167:Core/Src/periphs/gpio.c **** 
 168:Core/Src/periphs/gpio.c ****   /*Configure GPIO pin : PtPin */
 169:Core/Src/periphs/gpio.c ****   GPIO_InitStruct.Pin = MOTOR1_IN1_Pin;
ARM GAS  C:\Users\Prashant\AppData\Local\Temp\ccbmwCnY.s 			page 9


 289              		.loc 1 169 0
 290 019a 4FF40063 		mov	r3, #2048
 291 019e 0793     		str	r3, [sp, #28]
 170:Core/Src/periphs/gpio.c ****   GPIO_InitStruct.Mode = GPIO_MODE_OUTPUT_PP;
 292              		.loc 1 170 0
 293 01a0 0895     		str	r5, [sp, #32]
 171:Core/Src/periphs/gpio.c ****   GPIO_InitStruct.Pull = GPIO_NOPULL;
 294              		.loc 1 171 0
 295 01a2 0994     		str	r4, [sp, #36]
 172:Core/Src/periphs/gpio.c ****   GPIO_InitStruct.Speed = GPIO_SPEED_FREQ_MEDIUM;
 296              		.loc 1 172 0
 297 01a4 0A95     		str	r5, [sp, #40]
 173:Core/Src/periphs/gpio.c ****   HAL_GPIO_Init(MOTOR1_IN1_GPIO_Port, &GPIO_InitStruct);
 298              		.loc 1 173 0
 299 01a6 07A9     		add	r1, sp, #28
 300 01a8 3846     		mov	r0, r7
 301 01aa FFF7FEFF 		bl	HAL_GPIO_Init
 302              	.LVL15:
 174:Core/Src/periphs/gpio.c **** 
 175:Core/Src/periphs/gpio.c ****   /*Configure GPIO pins : PDPin PDPin */
 176:Core/Src/periphs/gpio.c ****   GPIO_InitStruct.Pin = MOTOR2_IN2_Pin|MOTOR2_IN1_Pin;
 303              		.loc 1 176 0
 304 01ae 0527     		movs	r7, #5
 305 01b0 0797     		str	r7, [sp, #28]
 177:Core/Src/periphs/gpio.c ****   GPIO_InitStruct.Mode = GPIO_MODE_OUTPUT_PP;
 306              		.loc 1 177 0
 307 01b2 0895     		str	r5, [sp, #32]
 178:Core/Src/periphs/gpio.c ****   GPIO_InitStruct.Pull = GPIO_NOPULL;
 308              		.loc 1 178 0
 309 01b4 0994     		str	r4, [sp, #36]
 179:Core/Src/periphs/gpio.c ****   GPIO_InitStruct.Speed = GPIO_SPEED_FREQ_MEDIUM;
 310              		.loc 1 179 0
 311 01b6 0A95     		str	r5, [sp, #40]
 180:Core/Src/periphs/gpio.c ****   HAL_GPIO_Init(GPIOD, &GPIO_InitStruct);
 312              		.loc 1 180 0
 313 01b8 07A9     		add	r1, sp, #28
 314 01ba 3046     		mov	r0, r6
 315 01bc FFF7FEFF 		bl	HAL_GPIO_Init
 316              	.LVL16:
 181:Core/Src/periphs/gpio.c **** 
 182:Core/Src/periphs/gpio.c ****   /*Configure GPIO pin : PtPin */
 183:Core/Src/periphs/gpio.c ****   GPIO_InitStruct.Pin = ZONE_INIT_Pin;
 317              		.loc 1 183 0
 318 01c0 1023     		movs	r3, #16
 319 01c2 0793     		str	r3, [sp, #28]
 184:Core/Src/periphs/gpio.c ****   GPIO_InitStruct.Mode = GPIO_MODE_INPUT;
 320              		.loc 1 184 0
 321 01c4 0894     		str	r4, [sp, #32]
 185:Core/Src/periphs/gpio.c ****   GPIO_InitStruct.Pull = GPIO_NOPULL;
 322              		.loc 1 185 0
 323 01c6 0994     		str	r4, [sp, #36]
 186:Core/Src/periphs/gpio.c ****   HAL_GPIO_Init(ZONE_INIT_GPIO_Port, &GPIO_InitStruct);
 324              		.loc 1 186 0
 325 01c8 07A9     		add	r1, sp, #28
 326 01ca 1248     		ldr	r0, .L3+12
 327 01cc FFF7FEFF 		bl	HAL_GPIO_Init
 328              	.LVL17:
ARM GAS  C:\Users\Prashant\AppData\Local\Temp\ccbmwCnY.s 			page 10


 187:Core/Src/periphs/gpio.c **** 
 188:Core/Src/periphs/gpio.c ****   /*Configure GPIO pins : PBPin PBPin PBPin */
 189:Core/Src/periphs/gpio.c ****   GPIO_InitStruct.Pin = LED_Red_Pin|LED_Green_Pin|LED_Blue_Pin;
 329              		.loc 1 189 0
 330 01d0 E023     		movs	r3, #224
 331 01d2 0793     		str	r3, [sp, #28]
 190:Core/Src/periphs/gpio.c ****   GPIO_InitStruct.Mode = GPIO_MODE_OUTPUT_PP;
 332              		.loc 1 190 0
 333 01d4 0895     		str	r5, [sp, #32]
 191:Core/Src/periphs/gpio.c ****   GPIO_InitStruct.Pull = GPIO_NOPULL;
 334              		.loc 1 191 0
 335 01d6 0994     		str	r4, [sp, #36]
 192:Core/Src/periphs/gpio.c ****   GPIO_InitStruct.Speed = GPIO_SPEED_FREQ_LOW;
 336              		.loc 1 192 0
 337 01d8 0A94     		str	r4, [sp, #40]
 193:Core/Src/periphs/gpio.c ****   HAL_GPIO_Init(GPIOB, &GPIO_InitStruct);
 338              		.loc 1 193 0
 339 01da 07A9     		add	r1, sp, #28
 340 01dc 0D48     		ldr	r0, .L3+12
 341 01de FFF7FEFF 		bl	HAL_GPIO_Init
 342              	.LVL18:
 194:Core/Src/periphs/gpio.c **** 
 195:Core/Src/periphs/gpio.c ****   /* EXTI interrupt init*/
 196:Core/Src/periphs/gpio.c ****   HAL_NVIC_SetPriority(EXTI0_IRQn, 5, 0);
 343              		.loc 1 196 0
 344 01e2 2246     		mov	r2, r4
 345 01e4 3946     		mov	r1, r7
 346 01e6 4846     		mov	r0, r9
 347 01e8 FFF7FEFF 		bl	HAL_NVIC_SetPriority
 348              	.LVL19:
 197:Core/Src/periphs/gpio.c ****   HAL_NVIC_EnableIRQ(EXTI0_IRQn);
 349              		.loc 1 197 0
 350 01ec 4846     		mov	r0, r9
 351 01ee FFF7FEFF 		bl	HAL_NVIC_EnableIRQ
 352              	.LVL20:
 198:Core/Src/periphs/gpio.c **** 
 199:Core/Src/periphs/gpio.c ****   HAL_NVIC_SetPriority(EXTI15_10_IRQn, 5, 0);
 353              		.loc 1 199 0
 354 01f2 2246     		mov	r2, r4
 355 01f4 3946     		mov	r1, r7
 356 01f6 2820     		movs	r0, #40
 357 01f8 FFF7FEFF 		bl	HAL_NVIC_SetPriority
 358              	.LVL21:
 200:Core/Src/periphs/gpio.c ****   HAL_NVIC_EnableIRQ(EXTI15_10_IRQn);
 359              		.loc 1 200 0
 360 01fc 2820     		movs	r0, #40
 361 01fe FFF7FEFF 		bl	HAL_NVIC_EnableIRQ
 362              	.LVL22:
 201:Core/Src/periphs/gpio.c **** 
 202:Core/Src/periphs/gpio.c **** }
 363              		.loc 1 202 0
 364 0202 0DB0     		add	sp, sp, #52
 365              	.LCFI2:
 366              		.cfi_def_cfa_offset 36
 367              		@ sp needed
 368 0204 BDE8F08F 		pop	{r4, r5, r6, r7, r8, r9, r10, fp, pc}
 369              	.L4:
ARM GAS  C:\Users\Prashant\AppData\Local\Temp\ccbmwCnY.s 			page 11


 370              		.align	2
 371              	.L3:
 372 0208 00380240 		.word	1073887232
 373 020c 00080240 		.word	1073874944
 374 0210 000C0240 		.word	1073875968
 375 0214 00040240 		.word	1073873920
 376 0218 00100240 		.word	1073876992
 377 021c 00000240 		.word	1073872896
 378 0220 00001110 		.word	269549568
 379              		.cfi_endproc
 380              	.LFE126:
 382              		.text
 383              	.Letext0:
 384              		.file 2 "c:\\program files (x86)\\gnu tools arm embedded\\7 2017-q4-major\\arm-none-eabi\\include\
 385              		.file 3 "c:\\program files (x86)\\gnu tools arm embedded\\7 2017-q4-major\\arm-none-eabi\\include\
 386              		.file 4 "Drivers/CMSIS/Include/core_cm4.h"
 387              		.file 5 "Drivers/CMSIS/Device/ST/STM32F4xx/Include/system_stm32f4xx.h"
 388              		.file 6 "Drivers/CMSIS/Device/ST/STM32F4xx/Include/stm32f407xx.h"
 389              		.file 7 "c:\\program files (x86)\\gnu tools arm embedded\\7 2017-q4-major\\arm-none-eabi\\include\
 390              		.file 8 "c:\\program files (x86)\\gnu tools arm embedded\\7 2017-q4-major\\arm-none-eabi\\include\
 391              		.file 9 "c:\\program files (x86)\\gnu tools arm embedded\\7 2017-q4-major\\lib\\gcc\\arm-none-eabi
 392              		.file 10 "c:\\program files (x86)\\gnu tools arm embedded\\7 2017-q4-major\\arm-none-eabi\\include
 393              		.file 11 "Drivers/STM32F4xx_HAL_Driver/Inc/stm32f4xx_hal_gpio.h"
 394              		.file 12 "Drivers/STM32F4xx_HAL_Driver/Inc/stm32f4xx_hal_cortex.h"
ARM GAS  C:\Users\Prashant\AppData\Local\Temp\ccbmwCnY.s 			page 12


DEFINED SYMBOLS
                            *ABS*:00000000 gpio.c
C:\Users\Prashant\AppData\Local\Temp\ccbmwCnY.s:18     .text.MX_GPIO_Init:00000000 $t
C:\Users\Prashant\AppData\Local\Temp\ccbmwCnY.s:25     .text.MX_GPIO_Init:00000000 MX_GPIO_Init
C:\Users\Prashant\AppData\Local\Temp\ccbmwCnY.s:372    .text.MX_GPIO_Init:00000208 $d

UNDEFINED SYMBOLS
HAL_GPIO_WritePin
HAL_GPIO_Init
HAL_NVIC_SetPriority
HAL_NVIC_EnableIRQ
