ARM GAS  C:\Users\Prashant\AppData\Local\Temp\ccZqOKKE.s 			page 1


   1              		.cpu cortex-m4
   2              		.eabi_attribute 27, 1
   3              		.eabi_attribute 28, 1
   4              		.eabi_attribute 20, 1
   5              		.eabi_attribute 21, 1
   6              		.eabi_attribute 23, 3
   7              		.eabi_attribute 24, 1
   8              		.eabi_attribute 25, 1
   9              		.eabi_attribute 26, 1
  10              		.eabi_attribute 30, 1
  11              		.eabi_attribute 34, 1
  12              		.eabi_attribute 18, 4
  13              		.file	"gpio.c"
  14              		.text
  15              	.Ltext0:
  16              		.cfi_sections	.debug_frame
  17              		.section	.text.MX_GPIO_Init,"ax",%progbits
  18              		.align	1
  19              		.global	MX_GPIO_Init
  20              		.syntax unified
  21              		.thumb
  22              		.thumb_func
  23              		.fpu fpv4-sp-d16
  25              	MX_GPIO_Init:
  26              	.LFB126:
  27              		.file 1 "Core/Src/periphs/gpio.c"
   1:Core/Src/periphs/gpio.c **** /**
   2:Core/Src/periphs/gpio.c ****   ******************************************************************************
   3:Core/Src/periphs/gpio.c ****   * File Name          : gpio.c
   4:Core/Src/periphs/gpio.c ****   * Description        : This file provides code for the configuration
   5:Core/Src/periphs/gpio.c ****   *                      of all used GPIO pins.
   6:Core/Src/periphs/gpio.c ****   ******************************************************************************
   7:Core/Src/periphs/gpio.c ****   ** This notice applies to any and all portions of this file
   8:Core/Src/periphs/gpio.c ****   * that are not between comment pairs USER CODE BEGIN and
   9:Core/Src/periphs/gpio.c ****   * USER CODE END. Other portions of this file, whether 
  10:Core/Src/periphs/gpio.c ****   * inserted by the user or by software development tools
  11:Core/Src/periphs/gpio.c ****   * are owned by their respective copyright owners.
  12:Core/Src/periphs/gpio.c ****   *
  13:Core/Src/periphs/gpio.c ****   * COPYRIGHT(c) 2019 STMicroelectronics
  14:Core/Src/periphs/gpio.c ****   *
  15:Core/Src/periphs/gpio.c ****   * Redistribution and use in source and binary forms, with or without modification,
  16:Core/Src/periphs/gpio.c ****   * are permitted provided that the following conditions are met:
  17:Core/Src/periphs/gpio.c ****   *   1. Redistributions of source code must retain the above copyright notice,
  18:Core/Src/periphs/gpio.c ****   *      this list of conditions and the following disclaimer.
  19:Core/Src/periphs/gpio.c ****   *   2. Redistributions in binary form must reproduce the above copyright notice,
  20:Core/Src/periphs/gpio.c ****   *      this list of conditions and the following disclaimer in the documentation
  21:Core/Src/periphs/gpio.c ****   *      and/or other materials provided with the distribution.
  22:Core/Src/periphs/gpio.c ****   *   3. Neither the name of STMicroelectronics nor the names of its contributors
  23:Core/Src/periphs/gpio.c ****   *      may be used to endorse or promote products derived from this software
  24:Core/Src/periphs/gpio.c ****   *      without specific prior written permission.
  25:Core/Src/periphs/gpio.c ****   *
  26:Core/Src/periphs/gpio.c ****   * THIS SOFTWARE IS PROVIDED BY THE COPYRIGHT HOLDERS AND CONTRIBUTORS "AS IS"
  27:Core/Src/periphs/gpio.c ****   * AND ANY EXPRESS OR IMPLIED WARRANTIES, INCLUDING, BUT NOT LIMITED TO, THE
  28:Core/Src/periphs/gpio.c ****   * IMPLIED WARRANTIES OF MERCHANTABILITY AND FITNESS FOR A PARTICULAR PURPOSE ARE
  29:Core/Src/periphs/gpio.c ****   * DISCLAIMED. IN NO EVENT SHALL THE COPYRIGHT HOLDER OR CONTRIBUTORS BE LIABLE
  30:Core/Src/periphs/gpio.c ****   * FOR ANY DIRECT, INDIRECT, INCIDENTAL, SPECIAL, EXEMPLARY, OR CONSEQUENTIAL
  31:Core/Src/periphs/gpio.c ****   * DAMAGES (INCLUDING, BUT NOT LIMITED TO, PROCUREMENT OF SUBSTITUTE GOODS OR
ARM GAS  C:\Users\Prashant\AppData\Local\Temp\ccZqOKKE.s 			page 2


  32:Core/Src/periphs/gpio.c ****   * SERVICES; LOSS OF USE, DATA, OR PROFITS; OR BUSINESS INTERRUPTION) HOWEVER
  33:Core/Src/periphs/gpio.c ****   * CAUSED AND ON ANY THEORY OF LIABILITY, WHETHER IN CONTRACT, STRICT LIABILITY,
  34:Core/Src/periphs/gpio.c ****   * OR TORT (INCLUDING NEGLIGENCE OR OTHERWISE) ARISING IN ANY WAY OUT OF THE USE
  35:Core/Src/periphs/gpio.c ****   * OF THIS SOFTWARE, EVEN IF ADVISED OF THE POSSIBILITY OF SUCH DAMAGE.
  36:Core/Src/periphs/gpio.c ****   *
  37:Core/Src/periphs/gpio.c ****   ******************************************************************************
  38:Core/Src/periphs/gpio.c ****   */
  39:Core/Src/periphs/gpio.c **** 
  40:Core/Src/periphs/gpio.c **** /* Includes ------------------------------------------------------------------*/
  41:Core/Src/periphs/gpio.c **** #include "gpio.h"
  42:Core/Src/periphs/gpio.c **** /* USER CODE BEGIN 0 */
  43:Core/Src/periphs/gpio.c **** 
  44:Core/Src/periphs/gpio.c **** /* USER CODE END 0 */
  45:Core/Src/periphs/gpio.c **** 
  46:Core/Src/periphs/gpio.c **** /*----------------------------------------------------------------------------*/
  47:Core/Src/periphs/gpio.c **** /* Configure GPIO                                                             */
  48:Core/Src/periphs/gpio.c **** /*----------------------------------------------------------------------------*/
  49:Core/Src/periphs/gpio.c **** /* USER CODE BEGIN 1 */
  50:Core/Src/periphs/gpio.c **** 
  51:Core/Src/periphs/gpio.c **** /* USER CODE END 1 */
  52:Core/Src/periphs/gpio.c **** 
  53:Core/Src/periphs/gpio.c **** /** Configure pins as 
  54:Core/Src/periphs/gpio.c ****         * Analog 
  55:Core/Src/periphs/gpio.c ****         * Input 
  56:Core/Src/periphs/gpio.c ****         * Output
  57:Core/Src/periphs/gpio.c ****         * EVENT_OUT
  58:Core/Src/periphs/gpio.c ****         * EXTI
  59:Core/Src/periphs/gpio.c **** */
  60:Core/Src/periphs/gpio.c **** void MX_GPIO_Init(void)
  61:Core/Src/periphs/gpio.c **** {
  28              		.loc 1 61 0
  29              		.cfi_startproc
  30              		@ args = 0, pretend = 0, frame = 48
  31              		@ frame_needed = 0, uses_anonymous_args = 0
  32 0000 2DE9F047 		push	{r4, r5, r6, r7, r8, r9, r10, lr}
  33              	.LCFI0:
  34              		.cfi_def_cfa_offset 32
  35              		.cfi_offset 4, -32
  36              		.cfi_offset 5, -28
  37              		.cfi_offset 6, -24
  38              		.cfi_offset 7, -20
  39              		.cfi_offset 8, -16
  40              		.cfi_offset 9, -12
  41              		.cfi_offset 10, -8
  42              		.cfi_offset 14, -4
  43 0004 8CB0     		sub	sp, sp, #48
  44              	.LCFI1:
  45              		.cfi_def_cfa_offset 80
  62:Core/Src/periphs/gpio.c **** 
  63:Core/Src/periphs/gpio.c ****   GPIO_InitTypeDef GPIO_InitStruct = {0};
  46              		.loc 1 63 0
  47 0006 0024     		movs	r4, #0
  48 0008 0794     		str	r4, [sp, #28]
  49 000a 0894     		str	r4, [sp, #32]
  50 000c 0994     		str	r4, [sp, #36]
  51 000e 0A94     		str	r4, [sp, #40]
  52 0010 0B94     		str	r4, [sp, #44]
ARM GAS  C:\Users\Prashant\AppData\Local\Temp\ccZqOKKE.s 			page 3


  53              	.LBB2:
  64:Core/Src/periphs/gpio.c **** 
  65:Core/Src/periphs/gpio.c ****   /* GPIO Ports Clock Enable */
  66:Core/Src/periphs/gpio.c ****   __HAL_RCC_GPIOH_CLK_ENABLE();
  54              		.loc 1 66 0
  55 0012 0194     		str	r4, [sp, #4]
  56 0014 854B     		ldr	r3, .L3
  57 0016 1A6B     		ldr	r2, [r3, #48]
  58 0018 42F08002 		orr	r2, r2, #128
  59 001c 1A63     		str	r2, [r3, #48]
  60 001e 1A6B     		ldr	r2, [r3, #48]
  61 0020 02F08002 		and	r2, r2, #128
  62 0024 0192     		str	r2, [sp, #4]
  63 0026 019A     		ldr	r2, [sp, #4]
  64              	.LBE2:
  65              	.LBB3:
  67:Core/Src/periphs/gpio.c ****   __HAL_RCC_GPIOC_CLK_ENABLE();
  66              		.loc 1 67 0
  67 0028 0294     		str	r4, [sp, #8]
  68 002a 1A6B     		ldr	r2, [r3, #48]
  69 002c 42F00402 		orr	r2, r2, #4
  70 0030 1A63     		str	r2, [r3, #48]
  71 0032 1A6B     		ldr	r2, [r3, #48]
  72 0034 02F00402 		and	r2, r2, #4
  73 0038 0292     		str	r2, [sp, #8]
  74 003a 029A     		ldr	r2, [sp, #8]
  75              	.LBE3:
  76              	.LBB4:
  68:Core/Src/periphs/gpio.c ****   __HAL_RCC_GPIOA_CLK_ENABLE();
  77              		.loc 1 68 0
  78 003c 0394     		str	r4, [sp, #12]
  79 003e 1A6B     		ldr	r2, [r3, #48]
  80 0040 42F00102 		orr	r2, r2, #1
  81 0044 1A63     		str	r2, [r3, #48]
  82 0046 1A6B     		ldr	r2, [r3, #48]
  83 0048 02F00102 		and	r2, r2, #1
  84 004c 0392     		str	r2, [sp, #12]
  85 004e 039A     		ldr	r2, [sp, #12]
  86              	.LBE4:
  87              	.LBB5:
  69:Core/Src/periphs/gpio.c ****   __HAL_RCC_GPIOE_CLK_ENABLE();
  88              		.loc 1 69 0
  89 0050 0494     		str	r4, [sp, #16]
  90 0052 1A6B     		ldr	r2, [r3, #48]
  91 0054 42F01002 		orr	r2, r2, #16
  92 0058 1A63     		str	r2, [r3, #48]
  93 005a 1A6B     		ldr	r2, [r3, #48]
  94 005c 02F01002 		and	r2, r2, #16
  95 0060 0492     		str	r2, [sp, #16]
  96 0062 049A     		ldr	r2, [sp, #16]
  97              	.LBE5:
  98              	.LBB6:
  70:Core/Src/periphs/gpio.c ****   __HAL_RCC_GPIOB_CLK_ENABLE();
  99              		.loc 1 70 0
 100 0064 0594     		str	r4, [sp, #20]
 101 0066 1A6B     		ldr	r2, [r3, #48]
 102 0068 42F00202 		orr	r2, r2, #2
ARM GAS  C:\Users\Prashant\AppData\Local\Temp\ccZqOKKE.s 			page 4


 103 006c 1A63     		str	r2, [r3, #48]
 104 006e 1A6B     		ldr	r2, [r3, #48]
 105 0070 02F00202 		and	r2, r2, #2
 106 0074 0592     		str	r2, [sp, #20]
 107 0076 059A     		ldr	r2, [sp, #20]
 108              	.LBE6:
 109              	.LBB7:
  71:Core/Src/periphs/gpio.c ****   __HAL_RCC_GPIOD_CLK_ENABLE();
 110              		.loc 1 71 0
 111 0078 0694     		str	r4, [sp, #24]
 112 007a 1A6B     		ldr	r2, [r3, #48]
 113 007c 42F00802 		orr	r2, r2, #8
 114 0080 1A63     		str	r2, [r3, #48]
 115 0082 1B6B     		ldr	r3, [r3, #48]
 116 0084 03F00803 		and	r3, r3, #8
 117 0088 0693     		str	r3, [sp, #24]
 118 008a 069B     		ldr	r3, [sp, #24]
 119              	.LBE7:
  72:Core/Src/periphs/gpio.c **** 
  73:Core/Src/periphs/gpio.c ****   /*Configure GPIO pin Output Level */
  74:Core/Src/periphs/gpio.c ****   HAL_GPIO_WritePin(GPIOD, GPIO_PIN_12|GPIO_PIN_13|GPIO_PIN_14|GPIO_PIN_15 
 120              		.loc 1 74 0
 121 008c 684F     		ldr	r7, .L3+4
 122 008e 2246     		mov	r2, r4
 123 0090 4FF20501 		movw	r1, #61445
 124 0094 3846     		mov	r0, r7
 125 0096 FFF7FEFF 		bl	HAL_GPIO_WritePin
 126              	.LVL0:
  75:Core/Src/periphs/gpio.c ****                           |GPIO_PIN_0|MOTOR2_OUT_Pin, GPIO_PIN_RESET);
  76:Core/Src/periphs/gpio.c **** 
  77:Core/Src/periphs/gpio.c ****   /*Configure GPIO pin Output Level */
  78:Core/Src/periphs/gpio.c ****   HAL_GPIO_WritePin(GPIOA, GPIO_PIN_8|MOTOR3_OUT_Pin|MOTOR1_OUT_Pin, GPIO_PIN_RESET);
 127              		.loc 1 78 0
 128 009a DFF8A481 		ldr	r8, .L3+20
 129 009e 2246     		mov	r2, r4
 130 00a0 4FF40541 		mov	r1, #34048
 131 00a4 4046     		mov	r0, r8
 132 00a6 FFF7FEFF 		bl	HAL_GPIO_WritePin
 133              	.LVL1:
  79:Core/Src/periphs/gpio.c **** 
  80:Core/Src/periphs/gpio.c ****   /*Configure GPIO pin Output Level */
  81:Core/Src/periphs/gpio.c ****   HAL_GPIO_WritePin(GPIOC, GPIO_PIN_10|MOTOR1_OUTC11_Pin|GPIO_PIN_12, GPIO_PIN_RESET);
 134              		.loc 1 81 0
 135 00aa DFF89891 		ldr	r9, .L3+24
 136 00ae 2246     		mov	r2, r4
 137 00b0 4FF4E051 		mov	r1, #7168
 138 00b4 4846     		mov	r0, r9
 139 00b6 FFF7FEFF 		bl	HAL_GPIO_WritePin
 140              	.LVL2:
  82:Core/Src/periphs/gpio.c **** 
  83:Core/Src/periphs/gpio.c ****   /*Configure GPIO pins : PC2 PC3 */
  84:Core/Src/periphs/gpio.c ****   GPIO_InitStruct.Pin = GPIO_PIN_2|GPIO_PIN_3;
 141              		.loc 1 84 0
 142 00ba 0C23     		movs	r3, #12
 143 00bc 0793     		str	r3, [sp, #28]
  85:Core/Src/periphs/gpio.c ****   GPIO_InitStruct.Mode = GPIO_MODE_IT_RISING;
 144              		.loc 1 85 0
ARM GAS  C:\Users\Prashant\AppData\Local\Temp\ccZqOKKE.s 			page 5


 145 00be 5D4E     		ldr	r6, .L3+8
 146 00c0 0896     		str	r6, [sp, #32]
  86:Core/Src/periphs/gpio.c ****   GPIO_InitStruct.Pull = GPIO_PULLUP;
 147              		.loc 1 86 0
 148 00c2 0125     		movs	r5, #1
 149 00c4 0995     		str	r5, [sp, #36]
  87:Core/Src/periphs/gpio.c ****   HAL_GPIO_Init(GPIOC, &GPIO_InitStruct);
 150              		.loc 1 87 0
 151 00c6 07A9     		add	r1, sp, #28
 152 00c8 4846     		mov	r0, r9
 153 00ca FFF7FEFF 		bl	HAL_GPIO_Init
 154              	.LVL3:
  88:Core/Src/periphs/gpio.c **** 
  89:Core/Src/periphs/gpio.c ****   /*Configure GPIO pin : PA0 */
  90:Core/Src/periphs/gpio.c ****   GPIO_InitStruct.Pin = GPIO_PIN_0;
 155              		.loc 1 90 0
 156 00ce 0795     		str	r5, [sp, #28]
  91:Core/Src/periphs/gpio.c ****   GPIO_InitStruct.Mode = GPIO_MODE_IT_RISING;
 157              		.loc 1 91 0
 158 00d0 0896     		str	r6, [sp, #32]
  92:Core/Src/periphs/gpio.c ****   GPIO_InitStruct.Pull = GPIO_PULLDOWN;
 159              		.loc 1 92 0
 160 00d2 0223     		movs	r3, #2
 161 00d4 0993     		str	r3, [sp, #36]
  93:Core/Src/periphs/gpio.c ****   HAL_GPIO_Init(GPIOA, &GPIO_InitStruct);
 162              		.loc 1 93 0
 163 00d6 07A9     		add	r1, sp, #28
 164 00d8 4046     		mov	r0, r8
 165 00da FFF7FEFF 		bl	HAL_GPIO_Init
 166              	.LVL4:
  94:Core/Src/periphs/gpio.c **** 
  95:Core/Src/periphs/gpio.c ****   /*Configure GPIO pin : PA4 */
  96:Core/Src/periphs/gpio.c ****   GPIO_InitStruct.Pin = GPIO_PIN_4;
 167              		.loc 1 96 0
 168 00de 1023     		movs	r3, #16
 169 00e0 0793     		str	r3, [sp, #28]
  97:Core/Src/periphs/gpio.c ****   GPIO_InitStruct.Mode = GPIO_MODE_IT_RISING;
 170              		.loc 1 97 0
 171 00e2 0896     		str	r6, [sp, #32]
  98:Core/Src/periphs/gpio.c ****   GPIO_InitStruct.Pull = GPIO_PULLUP;
 172              		.loc 1 98 0
 173 00e4 0995     		str	r5, [sp, #36]
  99:Core/Src/periphs/gpio.c ****   HAL_GPIO_Init(GPIOA, &GPIO_InitStruct);
 174              		.loc 1 99 0
 175 00e6 07A9     		add	r1, sp, #28
 176 00e8 4046     		mov	r0, r8
 177 00ea FFF7FEFF 		bl	HAL_GPIO_Init
 178              	.LVL5:
 100:Core/Src/periphs/gpio.c **** 
 101:Core/Src/periphs/gpio.c ****   /*Configure GPIO pins : PE12 PE14 */
 102:Core/Src/periphs/gpio.c ****   GPIO_InitStruct.Pin = GPIO_PIN_12|GPIO_PIN_14;
 179              		.loc 1 102 0
 180 00ee 4FF4A043 		mov	r3, #20480
 181 00f2 0793     		str	r3, [sp, #28]
 103:Core/Src/periphs/gpio.c ****   GPIO_InitStruct.Mode = GPIO_MODE_IT_RISING;
 182              		.loc 1 103 0
 183 00f4 0896     		str	r6, [sp, #32]
ARM GAS  C:\Users\Prashant\AppData\Local\Temp\ccZqOKKE.s 			page 6


 104:Core/Src/periphs/gpio.c ****   GPIO_InitStruct.Pull = GPIO_PULLUP;
 184              		.loc 1 104 0
 185 00f6 0995     		str	r5, [sp, #36]
 105:Core/Src/periphs/gpio.c ****   HAL_GPIO_Init(GPIOE, &GPIO_InitStruct);
 186              		.loc 1 105 0
 187 00f8 07A9     		add	r1, sp, #28
 188 00fa 4F48     		ldr	r0, .L3+12
 189 00fc FFF7FEFF 		bl	HAL_GPIO_Init
 190              	.LVL6:
 106:Core/Src/periphs/gpio.c **** 
 107:Core/Src/periphs/gpio.c ****   /*Configure GPIO pin : PB13 */
 108:Core/Src/periphs/gpio.c ****   GPIO_InitStruct.Pin = GPIO_PIN_13;
 191              		.loc 1 108 0
 192 0100 4FF40053 		mov	r3, #8192
 193 0104 0793     		str	r3, [sp, #28]
 109:Core/Src/periphs/gpio.c ****   GPIO_InitStruct.Mode = GPIO_MODE_IT_RISING;
 194              		.loc 1 109 0
 195 0106 0896     		str	r6, [sp, #32]
 110:Core/Src/periphs/gpio.c ****   GPIO_InitStruct.Pull = GPIO_PULLUP;
 196              		.loc 1 110 0
 197 0108 0995     		str	r5, [sp, #36]
 111:Core/Src/periphs/gpio.c ****   HAL_GPIO_Init(GPIOB, &GPIO_InitStruct);
 198              		.loc 1 111 0
 199 010a DFF83CA1 		ldr	r10, .L3+28
 200 010e 07A9     		add	r1, sp, #28
 201 0110 5046     		mov	r0, r10
 202 0112 FFF7FEFF 		bl	HAL_GPIO_Init
 203              	.LVL7:
 112:Core/Src/periphs/gpio.c **** 
 113:Core/Src/periphs/gpio.c ****   /*Configure GPIO pin : PB15 */
 114:Core/Src/periphs/gpio.c ****   GPIO_InitStruct.Pin = GPIO_PIN_15;
 204              		.loc 1 114 0
 205 0116 4FF40043 		mov	r3, #32768
 206 011a 0793     		str	r3, [sp, #28]
 115:Core/Src/periphs/gpio.c ****   GPIO_InitStruct.Mode = GPIO_MODE_IT_RISING;
 207              		.loc 1 115 0
 208 011c 0896     		str	r6, [sp, #32]
 116:Core/Src/periphs/gpio.c ****   GPIO_InitStruct.Pull = GPIO_NOPULL;
 209              		.loc 1 116 0
 210 011e 0994     		str	r4, [sp, #36]
 117:Core/Src/periphs/gpio.c ****   HAL_GPIO_Init(GPIOB, &GPIO_InitStruct);
 211              		.loc 1 117 0
 212 0120 07A9     		add	r1, sp, #28
 213 0122 5046     		mov	r0, r10
 214 0124 FFF7FEFF 		bl	HAL_GPIO_Init
 215              	.LVL8:
 118:Core/Src/periphs/gpio.c **** 
 119:Core/Src/periphs/gpio.c ****   /*Configure GPIO pins : PD8 PD10 */
 120:Core/Src/periphs/gpio.c ****   GPIO_InitStruct.Pin = GPIO_PIN_8|GPIO_PIN_10;
 216              		.loc 1 120 0
 217 0128 4FF4A063 		mov	r3, #1280
 218 012c 0793     		str	r3, [sp, #28]
 121:Core/Src/periphs/gpio.c ****   GPIO_InitStruct.Mode = GPIO_MODE_IT_FALLING;
 219              		.loc 1 121 0
 220 012e 434B     		ldr	r3, .L3+16
 221 0130 0893     		str	r3, [sp, #32]
 122:Core/Src/periphs/gpio.c ****   GPIO_InitStruct.Pull = GPIO_PULLUP;
ARM GAS  C:\Users\Prashant\AppData\Local\Temp\ccZqOKKE.s 			page 7


 222              		.loc 1 122 0
 223 0132 0995     		str	r5, [sp, #36]
 123:Core/Src/periphs/gpio.c ****   HAL_GPIO_Init(GPIOD, &GPIO_InitStruct);
 224              		.loc 1 123 0
 225 0134 07A9     		add	r1, sp, #28
 226 0136 3846     		mov	r0, r7
 227 0138 FFF7FEFF 		bl	HAL_GPIO_Init
 228              	.LVL9:
 124:Core/Src/periphs/gpio.c **** 
 125:Core/Src/periphs/gpio.c ****   /*Configure GPIO pins : PD9 PD11 */
 126:Core/Src/periphs/gpio.c ****   GPIO_InitStruct.Pin = GPIO_PIN_9|GPIO_PIN_11;
 229              		.loc 1 126 0
 230 013c 4FF42063 		mov	r3, #2560
 231 0140 0793     		str	r3, [sp, #28]
 127:Core/Src/periphs/gpio.c ****   GPIO_InitStruct.Mode = GPIO_MODE_IT_RISING;
 232              		.loc 1 127 0
 233 0142 0896     		str	r6, [sp, #32]
 128:Core/Src/periphs/gpio.c ****   GPIO_InitStruct.Pull = GPIO_PULLUP;
 234              		.loc 1 128 0
 235 0144 0995     		str	r5, [sp, #36]
 129:Core/Src/periphs/gpio.c ****   HAL_GPIO_Init(GPIOD, &GPIO_InitStruct);
 236              		.loc 1 129 0
 237 0146 07A9     		add	r1, sp, #28
 238 0148 3846     		mov	r0, r7
 239 014a FFF7FEFF 		bl	HAL_GPIO_Init
 240              	.LVL10:
 130:Core/Src/periphs/gpio.c **** 
 131:Core/Src/periphs/gpio.c ****   /*Configure GPIO pins : PD12 PD13 PD14 PD15 
 132:Core/Src/periphs/gpio.c ****                            PD0 */
 133:Core/Src/periphs/gpio.c ****   GPIO_InitStruct.Pin = GPIO_PIN_12|GPIO_PIN_13|GPIO_PIN_14|GPIO_PIN_15 
 241              		.loc 1 133 0
 242 014e 4FF20103 		movw	r3, #61441
 243 0152 0793     		str	r3, [sp, #28]
 134:Core/Src/periphs/gpio.c ****                           |GPIO_PIN_0;
 135:Core/Src/periphs/gpio.c ****   GPIO_InitStruct.Mode = GPIO_MODE_OUTPUT_PP;
 244              		.loc 1 135 0
 245 0154 0895     		str	r5, [sp, #32]
 136:Core/Src/periphs/gpio.c ****   GPIO_InitStruct.Pull = GPIO_NOPULL;
 246              		.loc 1 136 0
 247 0156 0994     		str	r4, [sp, #36]
 137:Core/Src/periphs/gpio.c ****   GPIO_InitStruct.Speed = GPIO_SPEED_FREQ_LOW;
 248              		.loc 1 137 0
 249 0158 0A94     		str	r4, [sp, #40]
 138:Core/Src/periphs/gpio.c ****   HAL_GPIO_Init(GPIOD, &GPIO_InitStruct);
 250              		.loc 1 138 0
 251 015a 07A9     		add	r1, sp, #28
 252 015c 3846     		mov	r0, r7
 253 015e FFF7FEFF 		bl	HAL_GPIO_Init
 254              	.LVL11:
 139:Core/Src/periphs/gpio.c **** 
 140:Core/Src/periphs/gpio.c ****   /*Configure GPIO pin : PA8 */
 141:Core/Src/periphs/gpio.c ****   GPIO_InitStruct.Pin = GPIO_PIN_8;
 255              		.loc 1 141 0
 256 0162 4FF48073 		mov	r3, #256
 257 0166 0793     		str	r3, [sp, #28]
 142:Core/Src/periphs/gpio.c ****   GPIO_InitStruct.Mode = GPIO_MODE_OUTPUT_PP;
 258              		.loc 1 142 0
ARM GAS  C:\Users\Prashant\AppData\Local\Temp\ccZqOKKE.s 			page 8


 259 0168 0895     		str	r5, [sp, #32]
 143:Core/Src/periphs/gpio.c ****   GPIO_InitStruct.Pull = GPIO_NOPULL;
 260              		.loc 1 143 0
 261 016a 0994     		str	r4, [sp, #36]
 144:Core/Src/periphs/gpio.c ****   GPIO_InitStruct.Speed = GPIO_SPEED_FREQ_LOW;
 262              		.loc 1 144 0
 263 016c 0A94     		str	r4, [sp, #40]
 145:Core/Src/periphs/gpio.c ****   HAL_GPIO_Init(GPIOA, &GPIO_InitStruct);
 264              		.loc 1 145 0
 265 016e 07A9     		add	r1, sp, #28
 266 0170 4046     		mov	r0, r8
 267 0172 FFF7FEFF 		bl	HAL_GPIO_Init
 268              	.LVL12:
 146:Core/Src/periphs/gpio.c **** 
 147:Core/Src/periphs/gpio.c ****   /*Configure GPIO pins : PAPin PAPin */
 148:Core/Src/periphs/gpio.c ****   GPIO_InitStruct.Pin = MOTOR3_OUT_Pin|MOTOR1_OUT_Pin;
 269              		.loc 1 148 0
 270 0176 4FF40443 		mov	r3, #33792
 271 017a 0793     		str	r3, [sp, #28]
 149:Core/Src/periphs/gpio.c ****   GPIO_InitStruct.Mode = GPIO_MODE_OUTPUT_PP;
 272              		.loc 1 149 0
 273 017c 0895     		str	r5, [sp, #32]
 150:Core/Src/periphs/gpio.c ****   GPIO_InitStruct.Pull = GPIO_NOPULL;
 274              		.loc 1 150 0
 275 017e 0994     		str	r4, [sp, #36]
 151:Core/Src/periphs/gpio.c ****   GPIO_InitStruct.Speed = GPIO_SPEED_FREQ_VERY_HIGH;
 276              		.loc 1 151 0
 277 0180 0326     		movs	r6, #3
 278 0182 0A96     		str	r6, [sp, #40]
 152:Core/Src/periphs/gpio.c ****   HAL_GPIO_Init(GPIOA, &GPIO_InitStruct);
 279              		.loc 1 152 0
 280 0184 07A9     		add	r1, sp, #28
 281 0186 4046     		mov	r0, r8
 282 0188 FFF7FEFF 		bl	HAL_GPIO_Init
 283              	.LVL13:
 153:Core/Src/periphs/gpio.c **** 
 154:Core/Src/periphs/gpio.c ****   /*Configure GPIO pins : PC10 PC12 */
 155:Core/Src/periphs/gpio.c ****   GPIO_InitStruct.Pin = GPIO_PIN_10|GPIO_PIN_12;
 284              		.loc 1 155 0
 285 018c 4FF4A053 		mov	r3, #5120
 286 0190 0793     		str	r3, [sp, #28]
 156:Core/Src/periphs/gpio.c ****   GPIO_InitStruct.Mode = GPIO_MODE_OUTPUT_PP;
 287              		.loc 1 156 0
 288 0192 0895     		str	r5, [sp, #32]
 157:Core/Src/periphs/gpio.c ****   GPIO_InitStruct.Pull = GPIO_NOPULL;
 289              		.loc 1 157 0
 290 0194 0994     		str	r4, [sp, #36]
 158:Core/Src/periphs/gpio.c ****   GPIO_InitStruct.Speed = GPIO_SPEED_FREQ_LOW;
 291              		.loc 1 158 0
 292 0196 0A94     		str	r4, [sp, #40]
 159:Core/Src/periphs/gpio.c ****   HAL_GPIO_Init(GPIOC, &GPIO_InitStruct);
 293              		.loc 1 159 0
 294 0198 07A9     		add	r1, sp, #28
 295 019a 4846     		mov	r0, r9
 296 019c FFF7FEFF 		bl	HAL_GPIO_Init
 297              	.LVL14:
 160:Core/Src/periphs/gpio.c **** 
ARM GAS  C:\Users\Prashant\AppData\Local\Temp\ccZqOKKE.s 			page 9


 161:Core/Src/periphs/gpio.c ****   /*Configure GPIO pin : PtPin */
 162:Core/Src/periphs/gpio.c ****   GPIO_InitStruct.Pin = MOTOR1_OUTC11_Pin;
 298              		.loc 1 162 0
 299 01a0 4FF40063 		mov	r3, #2048
 300 01a4 0793     		str	r3, [sp, #28]
 163:Core/Src/periphs/gpio.c ****   GPIO_InitStruct.Mode = GPIO_MODE_OUTPUT_PP;
 301              		.loc 1 163 0
 302 01a6 0895     		str	r5, [sp, #32]
 164:Core/Src/periphs/gpio.c ****   GPIO_InitStruct.Pull = GPIO_NOPULL;
 303              		.loc 1 164 0
 304 01a8 0994     		str	r4, [sp, #36]
 165:Core/Src/periphs/gpio.c ****   GPIO_InitStruct.Speed = GPIO_SPEED_FREQ_VERY_HIGH;
 305              		.loc 1 165 0
 306 01aa 0A96     		str	r6, [sp, #40]
 166:Core/Src/periphs/gpio.c ****   HAL_GPIO_Init(MOTOR1_OUTC11_GPIO_Port, &GPIO_InitStruct);
 307              		.loc 1 166 0
 308 01ac 07A9     		add	r1, sp, #28
 309 01ae 4846     		mov	r0, r9
 310 01b0 FFF7FEFF 		bl	HAL_GPIO_Init
 311              	.LVL15:
 167:Core/Src/periphs/gpio.c **** 
 168:Core/Src/periphs/gpio.c ****   /*Configure GPIO pin : PtPin */
 169:Core/Src/periphs/gpio.c ****   GPIO_InitStruct.Pin = MOTOR2_OUT_Pin;
 312              		.loc 1 169 0
 313 01b4 0423     		movs	r3, #4
 314 01b6 0793     		str	r3, [sp, #28]
 170:Core/Src/periphs/gpio.c ****   GPIO_InitStruct.Mode = GPIO_MODE_OUTPUT_PP;
 315              		.loc 1 170 0
 316 01b8 0895     		str	r5, [sp, #32]
 171:Core/Src/periphs/gpio.c ****   GPIO_InitStruct.Pull = GPIO_NOPULL;
 317              		.loc 1 171 0
 318 01ba 0994     		str	r4, [sp, #36]
 172:Core/Src/periphs/gpio.c ****   GPIO_InitStruct.Speed = GPIO_SPEED_FREQ_VERY_HIGH;
 319              		.loc 1 172 0
 320 01bc 0A96     		str	r6, [sp, #40]
 173:Core/Src/periphs/gpio.c ****   HAL_GPIO_Init(MOTOR2_OUT_GPIO_Port, &GPIO_InitStruct);
 321              		.loc 1 173 0
 322 01be 07A9     		add	r1, sp, #28
 323 01c0 3846     		mov	r0, r7
 324 01c2 FFF7FEFF 		bl	HAL_GPIO_Init
 325              	.LVL16:
 174:Core/Src/periphs/gpio.c **** 
 175:Core/Src/periphs/gpio.c ****   /* EXTI interrupt init*/
 176:Core/Src/periphs/gpio.c ****   HAL_NVIC_SetPriority(EXTI0_IRQn, 0, 0);
 326              		.loc 1 176 0
 327 01c6 2246     		mov	r2, r4
 328 01c8 2146     		mov	r1, r4
 329 01ca 0620     		movs	r0, #6
 330 01cc FFF7FEFF 		bl	HAL_NVIC_SetPriority
 331              	.LVL17:
 177:Core/Src/periphs/gpio.c ****   HAL_NVIC_EnableIRQ(EXTI0_IRQn);
 332              		.loc 1 177 0
 333 01d0 0620     		movs	r0, #6
 334 01d2 FFF7FEFF 		bl	HAL_NVIC_EnableIRQ
 335              	.LVL18:
 178:Core/Src/periphs/gpio.c **** 
 179:Core/Src/periphs/gpio.c ****   HAL_NVIC_SetPriority(EXTI2_IRQn, 0, 0);
ARM GAS  C:\Users\Prashant\AppData\Local\Temp\ccZqOKKE.s 			page 10


 336              		.loc 1 179 0
 337 01d6 2246     		mov	r2, r4
 338 01d8 2146     		mov	r1, r4
 339 01da 0820     		movs	r0, #8
 340 01dc FFF7FEFF 		bl	HAL_NVIC_SetPriority
 341              	.LVL19:
 180:Core/Src/periphs/gpio.c ****   HAL_NVIC_EnableIRQ(EXTI2_IRQn);
 342              		.loc 1 180 0
 343 01e0 0820     		movs	r0, #8
 344 01e2 FFF7FEFF 		bl	HAL_NVIC_EnableIRQ
 345              	.LVL20:
 181:Core/Src/periphs/gpio.c **** 
 182:Core/Src/periphs/gpio.c ****   HAL_NVIC_SetPriority(EXTI3_IRQn, 0, 0);
 346              		.loc 1 182 0
 347 01e6 2246     		mov	r2, r4
 348 01e8 2146     		mov	r1, r4
 349 01ea 0920     		movs	r0, #9
 350 01ec FFF7FEFF 		bl	HAL_NVIC_SetPriority
 351              	.LVL21:
 183:Core/Src/periphs/gpio.c ****   HAL_NVIC_EnableIRQ(EXTI3_IRQn);
 352              		.loc 1 183 0
 353 01f0 0920     		movs	r0, #9
 354 01f2 FFF7FEFF 		bl	HAL_NVIC_EnableIRQ
 355              	.LVL22:
 184:Core/Src/periphs/gpio.c **** 
 185:Core/Src/periphs/gpio.c ****   HAL_NVIC_SetPriority(EXTI4_IRQn, 0, 0);
 356              		.loc 1 185 0
 357 01f6 2246     		mov	r2, r4
 358 01f8 2146     		mov	r1, r4
 359 01fa 0A20     		movs	r0, #10
 360 01fc FFF7FEFF 		bl	HAL_NVIC_SetPriority
 361              	.LVL23:
 186:Core/Src/periphs/gpio.c ****   HAL_NVIC_EnableIRQ(EXTI4_IRQn);
 362              		.loc 1 186 0
 363 0200 0A20     		movs	r0, #10
 364 0202 FFF7FEFF 		bl	HAL_NVIC_EnableIRQ
 365              	.LVL24:
 187:Core/Src/periphs/gpio.c **** 
 188:Core/Src/periphs/gpio.c ****   HAL_NVIC_SetPriority(EXTI9_5_IRQn, 0, 0);
 366              		.loc 1 188 0
 367 0206 2246     		mov	r2, r4
 368 0208 2146     		mov	r1, r4
 369 020a 1720     		movs	r0, #23
 370 020c FFF7FEFF 		bl	HAL_NVIC_SetPriority
 371              	.LVL25:
 189:Core/Src/periphs/gpio.c ****   HAL_NVIC_EnableIRQ(EXTI9_5_IRQn);
 372              		.loc 1 189 0
 373 0210 1720     		movs	r0, #23
 374 0212 FFF7FEFF 		bl	HAL_NVIC_EnableIRQ
 375              	.LVL26:
 190:Core/Src/periphs/gpio.c **** 
 191:Core/Src/periphs/gpio.c ****   HAL_NVIC_SetPriority(EXTI15_10_IRQn, 0, 0);
 376              		.loc 1 191 0
 377 0216 2246     		mov	r2, r4
 378 0218 2146     		mov	r1, r4
 379 021a 2820     		movs	r0, #40
 380 021c FFF7FEFF 		bl	HAL_NVIC_SetPriority
ARM GAS  C:\Users\Prashant\AppData\Local\Temp\ccZqOKKE.s 			page 11


 381              	.LVL27:
 192:Core/Src/periphs/gpio.c ****   HAL_NVIC_EnableIRQ(EXTI15_10_IRQn);
 382              		.loc 1 192 0
 383 0220 2820     		movs	r0, #40
 384 0222 FFF7FEFF 		bl	HAL_NVIC_EnableIRQ
 385              	.LVL28:
 193:Core/Src/periphs/gpio.c **** 
 194:Core/Src/periphs/gpio.c **** }
 386              		.loc 1 194 0
 387 0226 0CB0     		add	sp, sp, #48
 388              	.LCFI2:
 389              		.cfi_def_cfa_offset 32
 390              		@ sp needed
 391 0228 BDE8F087 		pop	{r4, r5, r6, r7, r8, r9, r10, pc}
 392              	.L4:
 393              		.align	2
 394              	.L3:
 395 022c 00380240 		.word	1073887232
 396 0230 000C0240 		.word	1073875968
 397 0234 00001110 		.word	269549568
 398 0238 00100240 		.word	1073876992
 399 023c 00002110 		.word	270598144
 400 0240 00000240 		.word	1073872896
 401 0244 00080240 		.word	1073874944
 402 0248 00040240 		.word	1073873920
 403              		.cfi_endproc
 404              	.LFE126:
 406              		.text
 407              	.Letext0:
 408              		.file 2 "c:\\program files (x86)\\gnu tools arm embedded\\7 2017-q4-major\\arm-none-eabi\\include\
 409              		.file 3 "c:\\program files (x86)\\gnu tools arm embedded\\7 2017-q4-major\\arm-none-eabi\\include\
 410              		.file 4 "Drivers/CMSIS/Include/core_cm4.h"
 411              		.file 5 "Drivers/CMSIS/Device/ST/STM32F4xx/Include/system_stm32f4xx.h"
 412              		.file 6 "Drivers/CMSIS/Device/ST/STM32F4xx/Include/stm32f407xx.h"
 413              		.file 7 "c:\\program files (x86)\\gnu tools arm embedded\\7 2017-q4-major\\arm-none-eabi\\include\
 414              		.file 8 "c:\\program files (x86)\\gnu tools arm embedded\\7 2017-q4-major\\arm-none-eabi\\include\
 415              		.file 9 "c:\\program files (x86)\\gnu tools arm embedded\\7 2017-q4-major\\lib\\gcc\\arm-none-eabi
 416              		.file 10 "c:\\program files (x86)\\gnu tools arm embedded\\7 2017-q4-major\\arm-none-eabi\\include
 417              		.file 11 "Drivers/STM32F4xx_HAL_Driver/Inc/stm32f4xx_hal_gpio.h"
 418              		.file 12 "Drivers/STM32F4xx_HAL_Driver/Inc/stm32f4xx_hal_cortex.h"
ARM GAS  C:\Users\Prashant\AppData\Local\Temp\ccZqOKKE.s 			page 12


DEFINED SYMBOLS
                            *ABS*:00000000 gpio.c
C:\Users\Prashant\AppData\Local\Temp\ccZqOKKE.s:18     .text.MX_GPIO_Init:00000000 $t
C:\Users\Prashant\AppData\Local\Temp\ccZqOKKE.s:25     .text.MX_GPIO_Init:00000000 MX_GPIO_Init
C:\Users\Prashant\AppData\Local\Temp\ccZqOKKE.s:395    .text.MX_GPIO_Init:0000022c $d

UNDEFINED SYMBOLS
HAL_GPIO_WritePin
HAL_GPIO_Init
HAL_NVIC_SetPriority
HAL_NVIC_EnableIRQ
