ARM GAS  C:\Users\Prashant\AppData\Local\Temp\cc7SakwD.s 			page 1


   1              		.cpu cortex-m4
   2              		.eabi_attribute 27, 1
   3              		.eabi_attribute 28, 1
   4              		.eabi_attribute 20, 1
   5              		.eabi_attribute 21, 1
   6              		.eabi_attribute 23, 3
   7              		.eabi_attribute 24, 1
   8              		.eabi_attribute 25, 1
   9              		.eabi_attribute 26, 1
  10              		.eabi_attribute 30, 1
  11              		.eabi_attribute 34, 1
  12              		.eabi_attribute 18, 4
  13              		.file	"main.cpp"
  14              		.text
  15              	.Ltext0:
  16              		.cfi_sections	.debug_frame
  17              		.section	.text._Error_Handler,"ax",%progbits
  18              		.align	1
  19              		.global	_Error_Handler
  20              		.syntax unified
  21              		.thumb
  22              		.thumb_func
  23              		.fpu fpv4-sp-d16
  25              	_Error_Handler:
  26              	.LFB494:
  27              		.file 1 "Core/Src/main.cpp"
   1:Core/Src/main.cpp **** /* USER CODE BEGIN Header */
   2:Core/Src/main.cpp **** /**
   3:Core/Src/main.cpp ****   ******************************************************************************
   4:Core/Src/main.cpp ****   * @file           : main.c
   5:Core/Src/main.cpp ****   * @brief          : Main program body
   6:Core/Src/main.cpp ****   ******************************************************************************
   7:Core/Src/main.cpp ****   ** This notice applies to any and all portions of this file
   8:Core/Src/main.cpp ****   * that are not between comment pairs USER CODE BEGIN and
   9:Core/Src/main.cpp ****   * USER CODE END. Other portions of this file, whether 
  10:Core/Src/main.cpp ****   * inserted by the user or by software development tools
  11:Core/Src/main.cpp ****   * are owned by their respective copyright owners.
  12:Core/Src/main.cpp ****   *
  13:Core/Src/main.cpp ****   * COPYRIGHT(c) 2019 STMicroelectronics
  14:Core/Src/main.cpp ****   *
  15:Core/Src/main.cpp ****   * Redistribution and use in source and binary forms, with or without modification,
  16:Core/Src/main.cpp ****   * are permitted provided that the following conditions are met:
  17:Core/Src/main.cpp ****   *   1. Redistributions of source code must retain the above copyright notice,
  18:Core/Src/main.cpp ****   *      this list of conditions and the following disclaimer.
  19:Core/Src/main.cpp ****   *   2. Redistributions in binary form must reproduce the above copyright notice,
  20:Core/Src/main.cpp ****   *      this list of conditions and the following disclaimer in the documentation
  21:Core/Src/main.cpp ****   *      and/or other materials provided with the distribution.
  22:Core/Src/main.cpp ****   *   3. Neither the name of STMicroelectronics nor the names of its contributors
  23:Core/Src/main.cpp ****   *      may be used to endorse or promote products derived from this software
  24:Core/Src/main.cpp ****   *      without specific prior written permission.
  25:Core/Src/main.cpp ****   *
  26:Core/Src/main.cpp ****   * THIS SOFTWARE IS PROVIDED BY THE COPYRIGHT HOLDERS AND CONTRIBUTORS "AS IS"
  27:Core/Src/main.cpp ****   * AND ANY EXPRESS OR IMPLIED WARRANTIES, INCLUDING, BUT NOT LIMITED TO, THE
  28:Core/Src/main.cpp ****   * IMPLIED WARRANTIES OF MERCHANTABILITY AND FITNESS FOR A PARTICULAR PURPOSE ARE
  29:Core/Src/main.cpp ****   * DISCLAIMED. IN NO EVENT SHALL THE COPYRIGHT HOLDER OR CONTRIBUTORS BE LIABLE
  30:Core/Src/main.cpp ****   * FOR ANY DIRECT, INDIRECT, INCIDENTAL, SPECIAL, EXEMPLARY, OR CONSEQUENTIAL
  31:Core/Src/main.cpp ****   * DAMAGES (INCLUDING, BUT NOT LIMITED TO, PROCUREMENT OF SUBSTITUTE GOODS OR
ARM GAS  C:\Users\Prashant\AppData\Local\Temp\cc7SakwD.s 			page 2


  32:Core/Src/main.cpp ****   * SERVICES; LOSS OF USE, DATA, OR PROFITS; OR BUSINESS INTERRUPTION) HOWEVER
  33:Core/Src/main.cpp ****   * CAUSED AND ON ANY THEORY OF LIABILITY, WHETHER IN CONTRACT, STRICT LIABILITY,
  34:Core/Src/main.cpp ****   * OR TORT (INCLUDING NEGLIGENCE OR OTHERWISE) ARISING IN ANY WAY OUT OF THE USE
  35:Core/Src/main.cpp ****   * OF THIS SOFTWARE, EVEN IF ADVISED OF THE POSSIBILITY OF SUCH DAMAGE.
  36:Core/Src/main.cpp ****   *
  37:Core/Src/main.cpp ****   ******************************************************************************
  38:Core/Src/main.cpp ****   */
  39:Core/Src/main.cpp **** /* USER CODE END Header */
  40:Core/Src/main.cpp **** 
  41:Core/Src/main.cpp **** /* Includes ------------------------------------------------------------------*/
  42:Core/Src/main.cpp **** #include "main.h"
  43:Core/Src/main.cpp **** #include "i2c.h"
  44:Core/Src/main.cpp **** #include "tim.h"
  45:Core/Src/main.cpp **** #include "usart.h"
  46:Core/Src/main.cpp **** #include "gpio.h"
  47:Core/Src/main.cpp **** 
  48:Core/Src/main.cpp **** /* Private includes ----------------------------------------------------------*/
  49:Core/Src/main.cpp **** /* USER CODE BEGIN Includes */
  50:Core/Src/main.cpp **** #include "robot.h"
  51:Core/Src/main.cpp **** #include "vec3.h"
  52:Core/Src/main.cpp **** /* USER CODE END Includes */
  53:Core/Src/main.cpp **** 
  54:Core/Src/main.cpp **** /* Private typedef -----------------------------------------------------------*/
  55:Core/Src/main.cpp **** /* USER CODE BEGIN PTD */
  56:Core/Src/main.cpp **** 
  57:Core/Src/main.cpp **** /* USER CODE END PTD */
  58:Core/Src/main.cpp **** 
  59:Core/Src/main.cpp **** /* Private define ------------------------------------------------------------*/
  60:Core/Src/main.cpp **** /* USER CODE BEGIN PD */
  61:Core/Src/main.cpp **** 
  62:Core/Src/main.cpp **** /* USER CODE END PD */
  63:Core/Src/main.cpp **** 
  64:Core/Src/main.cpp **** /* Private macro -------------------------------------------------------------*/
  65:Core/Src/main.cpp **** /* USER CODE BEGIN PM */
  66:Core/Src/main.cpp **** 
  67:Core/Src/main.cpp **** /* USER CODE END PM */
  68:Core/Src/main.cpp **** 
  69:Core/Src/main.cpp **** /* Private variables ---------------------------------------------------------*/
  70:Core/Src/main.cpp **** 
  71:Core/Src/main.cpp **** /* USER CODE BEGIN PV */
  72:Core/Src/main.cpp **** 
  73:Core/Src/main.cpp **** extern leg leg[2];
  74:Core/Src/main.cpp **** extern steering steering;
  75:Core/Src/main.cpp **** 
  76:Core/Src/main.cpp **** /* USER CODE END PV */
  77:Core/Src/main.cpp **** 
  78:Core/Src/main.cpp **** /* Private function prototypes -----------------------------------------------*/
  79:Core/Src/main.cpp **** void SystemClock_Config(void);
  80:Core/Src/main.cpp **** /* USER CODE BEGIN PFP */
  81:Core/Src/main.cpp **** 
  82:Core/Src/main.cpp **** int Angle_Init();
  83:Core/Src/main.cpp **** Vec3<float> read_Orientation(uint32_t dt_millis);
  84:Core/Src/main.cpp **** /* USER CODE END PFP */
  85:Core/Src/main.cpp **** 
  86:Core/Src/main.cpp **** /* Private user code ---------------------------------------------------------*/
  87:Core/Src/main.cpp **** /* USER CODE BEGIN 0 */
  88:Core/Src/main.cpp **** 
ARM GAS  C:\Users\Prashant\AppData\Local\Temp\cc7SakwD.s 			page 3


  89:Core/Src/main.cpp **** /* USER CODE END 0 */
  90:Core/Src/main.cpp **** 
  91:Core/Src/main.cpp **** /**
  92:Core/Src/main.cpp ****   * @brief  The application entry point.
  93:Core/Src/main.cpp ****   * @retval int
  94:Core/Src/main.cpp ****   */
  95:Core/Src/main.cpp **** int main(void)
  96:Core/Src/main.cpp **** {
  97:Core/Src/main.cpp **** 	/* USER CODE BEGIN 1 */
  98:Core/Src/main.cpp **** 
  99:Core/Src/main.cpp **** 	/* USER CODE END 1 */
 100:Core/Src/main.cpp **** 
 101:Core/Src/main.cpp **** 	/* MCU Configuration--------------------------------------------------------*/
 102:Core/Src/main.cpp **** 
 103:Core/Src/main.cpp **** 	/* Reset of all peripherals, Initializes the Flash interface and the Systick. */
 104:Core/Src/main.cpp **** 	HAL_Init();
 105:Core/Src/main.cpp **** 
 106:Core/Src/main.cpp **** 	/* USER CODE BEGIN Init */
 107:Core/Src/main.cpp **** 
 108:Core/Src/main.cpp **** 	/* USER CODE END Init */
 109:Core/Src/main.cpp **** 
 110:Core/Src/main.cpp **** 	/* Configure the system clock */
 111:Core/Src/main.cpp **** 	SystemClock_Config();
 112:Core/Src/main.cpp **** 
 113:Core/Src/main.cpp **** 	/* USER CODE BEGIN SysInit */
 114:Core/Src/main.cpp **** 
 115:Core/Src/main.cpp **** 	/* USER CODE END SysInit */
 116:Core/Src/main.cpp **** 
 117:Core/Src/main.cpp **** 	/* Initialize all configured peripherals */
 118:Core/Src/main.cpp **** 	MX_GPIO_Init();
 119:Core/Src/main.cpp **** 	MX_I2C1_Init();
 120:Core/Src/main.cpp **** 	MX_TIM1_Init();
 121:Core/Src/main.cpp **** 	MX_TIM2_Init();
 122:Core/Src/main.cpp **** 	MX_TIM3_Init();
 123:Core/Src/main.cpp **** 	MX_TIM8_Init();
 124:Core/Src/main.cpp **** 	MX_USART1_UART_Init();
 125:Core/Src/main.cpp **** 	MX_USART2_UART_Init();
 126:Core/Src/main.cpp **** 	MX_I2C2_Init();
 127:Core/Src/main.cpp **** 	/* USER CODE BEGIN 2 */
 128:Core/Src/main.cpp **** 
 129:Core/Src/main.cpp **** 	robo_init();
 130:Core/Src/main.cpp **** 	Angle_Init();
 131:Core/Src/main.cpp **** 
 132:Core/Src/main.cpp **** 	/* USER CODE END 2 */
 133:Core/Src/main.cpp **** 
 134:Core/Src/main.cpp **** 	/* Infinite loop */
 135:Core/Src/main.cpp **** 	/* USER CODE BEGIN WHILE */
 136:Core/Src/main.cpp **** 	printf("\n\nAll initialized\n\n");
 137:Core/Src/main.cpp **** 
 138:Core/Src/main.cpp **** 	uint32_t sample_time = HAL_GetTick();
 139:Core/Src/main.cpp **** 
 140:Core/Src/main.cpp **** 	//play();
 141:Core/Src/main.cpp **** 	while (1)
 142:Core/Src/main.cpp **** 	{
 143:Core/Src/main.cpp **** 		
 144:Core/Src/main.cpp **** 		printf("\nEND\n");
 145:Core/Src/main.cpp **** 		HAL_GPIO_TogglePin(GPIOD, GPIO_PIN_12);
ARM GAS  C:\Users\Prashant\AppData\Local\Temp\cc7SakwD.s 			page 4


 146:Core/Src/main.cpp **** 		HAL_GPIO_TogglePin(GPIOD, GPIO_PIN_13);
 147:Core/Src/main.cpp **** 		HAL_GPIO_TogglePin(GPIOD, GPIO_PIN_14);
 148:Core/Src/main.cpp **** 		HAL_GPIO_TogglePin(GPIOD, GPIO_PIN_15);
 149:Core/Src/main.cpp **** 		HAL_Delay(500);
 150:Core/Src/main.cpp **** 		/* USER CODE END WHILE */
 151:Core/Src/main.cpp **** 
 152:Core/Src/main.cpp **** 		// if (HAL_GetTick() - sample_time >= 10) {
 153:Core/Src/main.cpp **** 		// 	sample_time = HAL_GetTick();
 154:Core/Src/main.cpp **** 		// 	calculate_datas();
 155:Core/Src/main.cpp **** 		// 	leg[0].set_omega(0);
 156:Core/Src/main.cpp **** 		// 	leg[1].set_omega(0);
 157:Core/Src/main.cpp **** 		// 	steering.set_omega(0);
 158:Core/Src/main.cpp **** 		// 	Vec3<float> angle = read_Orientation(10);
 159:Core/Src/main.cpp **** 		// 	angle.print();
 160:Core/Src/main.cpp **** 		// 	printf("\n");
 161:Core/Src/main.cpp **** 		// }
 162:Core/Src/main.cpp **** 
 163:Core/Src/main.cpp **** 		/*  USER CODE BEGIN 3 */
 164:Core/Src/main.cpp **** 	}
 165:Core/Src/main.cpp **** 	/* USER CODE END 3 */
 166:Core/Src/main.cpp **** }
 167:Core/Src/main.cpp **** 
 168:Core/Src/main.cpp **** /**
 169:Core/Src/main.cpp ****   * @brief System Clock Configuration
 170:Core/Src/main.cpp ****   * @retval None
 171:Core/Src/main.cpp ****   */
 172:Core/Src/main.cpp **** void SystemClock_Config(void)
 173:Core/Src/main.cpp **** {
 174:Core/Src/main.cpp **** 	RCC_OscInitTypeDef RCC_OscInitStruct = {0};
 175:Core/Src/main.cpp **** 	RCC_ClkInitTypeDef RCC_ClkInitStruct = {0};
 176:Core/Src/main.cpp **** 
 177:Core/Src/main.cpp **** 	/**Configure the main internal regulator output voltage 
 178:Core/Src/main.cpp ****   */
 179:Core/Src/main.cpp **** 	__HAL_RCC_PWR_CLK_ENABLE();
 180:Core/Src/main.cpp **** 	__HAL_PWR_VOLTAGESCALING_CONFIG(PWR_REGULATOR_VOLTAGE_SCALE1);
 181:Core/Src/main.cpp **** 	/**Initializes the CPU, AHB and APB busses clocks 
 182:Core/Src/main.cpp ****   */
 183:Core/Src/main.cpp **** 	RCC_OscInitStruct.OscillatorType = RCC_OSCILLATORTYPE_HSE;
 184:Core/Src/main.cpp **** 	RCC_OscInitStruct.HSEState = RCC_HSE_ON;
 185:Core/Src/main.cpp **** 	RCC_OscInitStruct.PLL.PLLState = RCC_PLL_ON;
 186:Core/Src/main.cpp **** 	RCC_OscInitStruct.PLL.PLLSource = RCC_PLLSOURCE_HSE;
 187:Core/Src/main.cpp **** 	RCC_OscInitStruct.PLL.PLLM = 4;
 188:Core/Src/main.cpp **** 	RCC_OscInitStruct.PLL.PLLN = 168;
 189:Core/Src/main.cpp **** 	RCC_OscInitStruct.PLL.PLLP = RCC_PLLP_DIV2;
 190:Core/Src/main.cpp **** 	RCC_OscInitStruct.PLL.PLLQ = 7;
 191:Core/Src/main.cpp **** 	if (HAL_RCC_OscConfig(&RCC_OscInitStruct) != HAL_OK)
 192:Core/Src/main.cpp **** 	{
 193:Core/Src/main.cpp **** 		Error_Handler();
 194:Core/Src/main.cpp **** 	}
 195:Core/Src/main.cpp **** 	/**Initializes the CPU, AHB and APB busses clocks 
 196:Core/Src/main.cpp ****   */
 197:Core/Src/main.cpp **** 	RCC_ClkInitStruct.ClockType = RCC_CLOCKTYPE_HCLK | RCC_CLOCKTYPE_SYSCLK | RCC_CLOCKTYPE_PCLK1 | RC
 198:Core/Src/main.cpp **** 	RCC_ClkInitStruct.SYSCLKSource = RCC_SYSCLKSOURCE_PLLCLK;
 199:Core/Src/main.cpp **** 	RCC_ClkInitStruct.AHBCLKDivider = RCC_SYSCLK_DIV1;
 200:Core/Src/main.cpp **** 	RCC_ClkInitStruct.APB1CLKDivider = RCC_HCLK_DIV4;
 201:Core/Src/main.cpp **** 	RCC_ClkInitStruct.APB2CLKDivider = RCC_HCLK_DIV2;
 202:Core/Src/main.cpp **** 
ARM GAS  C:\Users\Prashant\AppData\Local\Temp\cc7SakwD.s 			page 5


 203:Core/Src/main.cpp **** 	if (HAL_RCC_ClockConfig(&RCC_ClkInitStruct, FLASH_LATENCY_5) != HAL_OK)
 204:Core/Src/main.cpp **** 	{
 205:Core/Src/main.cpp **** 		Error_Handler();
 206:Core/Src/main.cpp **** 	}
 207:Core/Src/main.cpp **** }
 208:Core/Src/main.cpp **** 
 209:Core/Src/main.cpp **** /* USER CODE BEGIN 4 */
 210:Core/Src/main.cpp **** 
 211:Core/Src/main.cpp **** /* USER CODE END 4 */
 212:Core/Src/main.cpp **** 
 213:Core/Src/main.cpp **** /**
 214:Core/Src/main.cpp ****   * @brief  This function is executed in case of error occurrence.
 215:Core/Src/main.cpp ****   * @retval None
 216:Core/Src/main.cpp ****   */
 217:Core/Src/main.cpp **** void Error_Handler(void)
 218:Core/Src/main.cpp **** {
 219:Core/Src/main.cpp **** 	/* USER CODE BEGIN Error_Handler_Debug */
 220:Core/Src/main.cpp **** 	/* User can add his own implementation to report the HAL error return state */
 221:Core/Src/main.cpp **** 	_Error_Handler(__FILE__, __LINE__);
 222:Core/Src/main.cpp **** 	/* USER CODE END Error_Handler_Debug */
 223:Core/Src/main.cpp **** }
 224:Core/Src/main.cpp **** 
 225:Core/Src/main.cpp **** void _Error_Handler(const char *file, size_t line)
 226:Core/Src/main.cpp **** {
  28              		.loc 1 226 0
  29              		.cfi_startproc
  30              		@ Volatile: function does not return.
  31              		@ args = 0, pretend = 0, frame = 0
  32              		@ frame_needed = 0, uses_anonymous_args = 0
  33              		@ link register save eliminated.
  34              	.LVL0:
  35              	.L2:
  36 0000 FEE7     		b	.L2
  37              		.cfi_endproc
  38              	.LFE494:
  40              		.section	.text.Error_Handler,"ax",%progbits
  41              		.align	1
  42              		.global	Error_Handler
  43              		.syntax unified
  44              		.thumb
  45              		.thumb_func
  46              		.fpu fpv4-sp-d16
  48              	Error_Handler:
  49              	.LFB493:
 218:Core/Src/main.cpp **** 	/* USER CODE BEGIN Error_Handler_Debug */
  50              		.loc 1 218 0
  51              		.cfi_startproc
  52              		@ Volatile: function does not return.
  53              		@ args = 0, pretend = 0, frame = 0
  54              		@ frame_needed = 0, uses_anonymous_args = 0
 218:Core/Src/main.cpp **** 	/* USER CODE BEGIN Error_Handler_Debug */
  55              		.loc 1 218 0
  56 0000 08B5     		push	{r3, lr}
  57              	.LCFI0:
  58              		.cfi_def_cfa_offset 8
  59              		.cfi_offset 3, -8
  60              		.cfi_offset 14, -4
ARM GAS  C:\Users\Prashant\AppData\Local\Temp\cc7SakwD.s 			page 6


 221:Core/Src/main.cpp **** 	/* USER CODE END Error_Handler_Debug */
  61              		.loc 1 221 0
  62 0002 DD21     		movs	r1, #221
  63 0004 0148     		ldr	r0, .L5
  64 0006 FFF7FEFF 		bl	_Error_Handler
  65              	.LVL1:
  66              	.L6:
  67 000a 00BF     		.align	2
  68              	.L5:
  69 000c 00000000 		.word	.LC0
  70              		.cfi_endproc
  71              	.LFE493:
  73              		.section	.text._Z18SystemClock_Configv,"ax",%progbits
  74              		.align	1
  75              		.global	_Z18SystemClock_Configv
  76              		.syntax unified
  77              		.thumb
  78              		.thumb_func
  79              		.fpu fpv4-sp-d16
  81              	_Z18SystemClock_Configv:
  82              	.LFB492:
 173:Core/Src/main.cpp **** 	RCC_OscInitTypeDef RCC_OscInitStruct = {0};
  83              		.loc 1 173 0
  84              		.cfi_startproc
  85              		@ args = 0, pretend = 0, frame = 80
  86              		@ frame_needed = 0, uses_anonymous_args = 0
  87 0000 00B5     		push	{lr}
  88              	.LCFI1:
  89              		.cfi_def_cfa_offset 4
  90              		.cfi_offset 14, -4
  91 0002 95B0     		sub	sp, sp, #84
  92              	.LCFI2:
  93              		.cfi_def_cfa_offset 88
 174:Core/Src/main.cpp **** 	RCC_ClkInitTypeDef RCC_ClkInitStruct = {0};
  94              		.loc 1 174 0
  95 0004 3022     		movs	r2, #48
  96 0006 0021     		movs	r1, #0
  97 0008 08A8     		add	r0, sp, #32
  98 000a FFF7FEFF 		bl	memset
  99              	.LVL2:
 175:Core/Src/main.cpp **** 
 100              		.loc 1 175 0
 101 000e 0023     		movs	r3, #0
 102 0010 0393     		str	r3, [sp, #12]
 103 0012 0493     		str	r3, [sp, #16]
 104 0014 0593     		str	r3, [sp, #20]
 105 0016 0693     		str	r3, [sp, #24]
 106 0018 0793     		str	r3, [sp, #28]
 107              	.LBB2:
 179:Core/Src/main.cpp **** 	__HAL_PWR_VOLTAGESCALING_CONFIG(PWR_REGULATOR_VOLTAGE_SCALE1);
 108              		.loc 1 179 0
 109 001a 0193     		str	r3, [sp, #4]
 110 001c 204A     		ldr	r2, .L13
 111 001e 116C     		ldr	r1, [r2, #64]
 112 0020 41F08051 		orr	r1, r1, #268435456
 113 0024 1164     		str	r1, [r2, #64]
 114 0026 126C     		ldr	r2, [r2, #64]
ARM GAS  C:\Users\Prashant\AppData\Local\Temp\cc7SakwD.s 			page 7


 115 0028 02F08052 		and	r2, r2, #268435456
 116 002c 0192     		str	r2, [sp, #4]
 117 002e 019A     		ldr	r2, [sp, #4]
 118              	.LBE2:
 119              	.LBB3:
 180:Core/Src/main.cpp **** 	/**Initializes the CPU, AHB and APB busses clocks 
 120              		.loc 1 180 0
 121 0030 0293     		str	r3, [sp, #8]
 122 0032 1C4B     		ldr	r3, .L13+4
 123 0034 1A68     		ldr	r2, [r3]
 124 0036 42F48042 		orr	r2, r2, #16384
 125 003a 1A60     		str	r2, [r3]
 126 003c 1B68     		ldr	r3, [r3]
 127 003e 03F48043 		and	r3, r3, #16384
 128 0042 0293     		str	r3, [sp, #8]
 129 0044 029B     		ldr	r3, [sp, #8]
 130              	.LBE3:
 183:Core/Src/main.cpp **** 	RCC_OscInitStruct.HSEState = RCC_HSE_ON;
 131              		.loc 1 183 0
 132 0046 0123     		movs	r3, #1
 133 0048 0893     		str	r3, [sp, #32]
 184:Core/Src/main.cpp **** 	RCC_OscInitStruct.PLL.PLLState = RCC_PLL_ON;
 134              		.loc 1 184 0
 135 004a 4FF48033 		mov	r3, #65536
 136 004e 0993     		str	r3, [sp, #36]
 185:Core/Src/main.cpp **** 	RCC_OscInitStruct.PLL.PLLSource = RCC_PLLSOURCE_HSE;
 137              		.loc 1 185 0
 138 0050 0223     		movs	r3, #2
 139 0052 0E93     		str	r3, [sp, #56]
 186:Core/Src/main.cpp **** 	RCC_OscInitStruct.PLL.PLLM = 4;
 140              		.loc 1 186 0
 141 0054 4FF48002 		mov	r2, #4194304
 142 0058 0F92     		str	r2, [sp, #60]
 187:Core/Src/main.cpp **** 	RCC_OscInitStruct.PLL.PLLN = 168;
 143              		.loc 1 187 0
 144 005a 0422     		movs	r2, #4
 145 005c 1092     		str	r2, [sp, #64]
 188:Core/Src/main.cpp **** 	RCC_OscInitStruct.PLL.PLLP = RCC_PLLP_DIV2;
 146              		.loc 1 188 0
 147 005e A822     		movs	r2, #168
 148 0060 1192     		str	r2, [sp, #68]
 189:Core/Src/main.cpp **** 	RCC_OscInitStruct.PLL.PLLQ = 7;
 149              		.loc 1 189 0
 150 0062 1293     		str	r3, [sp, #72]
 190:Core/Src/main.cpp **** 	if (HAL_RCC_OscConfig(&RCC_OscInitStruct) != HAL_OK)
 151              		.loc 1 190 0
 152 0064 0723     		movs	r3, #7
 153 0066 1393     		str	r3, [sp, #76]
 191:Core/Src/main.cpp **** 	{
 154              		.loc 1 191 0
 155 0068 08A8     		add	r0, sp, #32
 156 006a FFF7FEFF 		bl	HAL_RCC_OscConfig
 157              	.LVL3:
 158 006e 98B9     		cbnz	r0, .L11
 197:Core/Src/main.cpp **** 	RCC_ClkInitStruct.SYSCLKSource = RCC_SYSCLKSOURCE_PLLCLK;
 159              		.loc 1 197 0
 160 0070 0F23     		movs	r3, #15
ARM GAS  C:\Users\Prashant\AppData\Local\Temp\cc7SakwD.s 			page 8


 161 0072 0393     		str	r3, [sp, #12]
 198:Core/Src/main.cpp **** 	RCC_ClkInitStruct.AHBCLKDivider = RCC_SYSCLK_DIV1;
 162              		.loc 1 198 0
 163 0074 0223     		movs	r3, #2
 164 0076 0493     		str	r3, [sp, #16]
 199:Core/Src/main.cpp **** 	RCC_ClkInitStruct.APB1CLKDivider = RCC_HCLK_DIV4;
 165              		.loc 1 199 0
 166 0078 0023     		movs	r3, #0
 167 007a 0593     		str	r3, [sp, #20]
 200:Core/Src/main.cpp **** 	RCC_ClkInitStruct.APB2CLKDivider = RCC_HCLK_DIV2;
 168              		.loc 1 200 0
 169 007c 4FF4A053 		mov	r3, #5120
 170 0080 0693     		str	r3, [sp, #24]
 201:Core/Src/main.cpp **** 
 171              		.loc 1 201 0
 172 0082 4FF48053 		mov	r3, #4096
 173 0086 0793     		str	r3, [sp, #28]
 203:Core/Src/main.cpp **** 	{
 174              		.loc 1 203 0
 175 0088 0521     		movs	r1, #5
 176 008a 03A8     		add	r0, sp, #12
 177 008c FFF7FEFF 		bl	HAL_RCC_ClockConfig
 178              	.LVL4:
 179 0090 20B9     		cbnz	r0, .L12
 207:Core/Src/main.cpp **** 
 180              		.loc 1 207 0
 181 0092 15B0     		add	sp, sp, #84
 182              	.LCFI3:
 183              		.cfi_remember_state
 184              		.cfi_def_cfa_offset 4
 185              		@ sp needed
 186 0094 5DF804FB 		ldr	pc, [sp], #4
 187              	.L11:
 188              	.LCFI4:
 189              		.cfi_restore_state
 193:Core/Src/main.cpp **** 	}
 190              		.loc 1 193 0
 191 0098 FFF7FEFF 		bl	Error_Handler
 192              	.LVL5:
 193              	.L12:
 205:Core/Src/main.cpp **** 	}
 194              		.loc 1 205 0
 195 009c FFF7FEFF 		bl	Error_Handler
 196              	.LVL6:
 197              	.L14:
 198              		.align	2
 199              	.L13:
 200 00a0 00380240 		.word	1073887232
 201 00a4 00700040 		.word	1073770496
 202              		.cfi_endproc
 203              	.LFE492:
 205              		.section	.text.main,"ax",%progbits
 206              		.align	1
 207              		.global	main
 208              		.syntax unified
 209              		.thumb
 210              		.thumb_func
ARM GAS  C:\Users\Prashant\AppData\Local\Temp\cc7SakwD.s 			page 9


 211              		.fpu fpv4-sp-d16
 213              	main:
 214              	.LFB491:
  96:Core/Src/main.cpp **** 	/* USER CODE BEGIN 1 */
 215              		.loc 1 96 0
 216              		.cfi_startproc
 217              		@ args = 0, pretend = 0, frame = 0
 218              		@ frame_needed = 0, uses_anonymous_args = 0
 219 0000 10B5     		push	{r4, lr}
 220              	.LCFI5:
 221              		.cfi_def_cfa_offset 8
 222              		.cfi_offset 4, -8
 223              		.cfi_offset 14, -4
 104:Core/Src/main.cpp **** 
 224              		.loc 1 104 0
 225 0002 FFF7FEFF 		bl	HAL_Init
 226              	.LVL7:
 111:Core/Src/main.cpp **** 
 227              		.loc 1 111 0
 228 0006 FFF7FEFF 		bl	_Z18SystemClock_Configv
 229              	.LVL8:
 118:Core/Src/main.cpp **** 	MX_I2C1_Init();
 230              		.loc 1 118 0
 231 000a FFF7FEFF 		bl	MX_GPIO_Init
 232              	.LVL9:
 119:Core/Src/main.cpp **** 	MX_TIM1_Init();
 233              		.loc 1 119 0
 234 000e FFF7FEFF 		bl	MX_I2C1_Init
 235              	.LVL10:
 120:Core/Src/main.cpp **** 	MX_TIM2_Init();
 236              		.loc 1 120 0
 237 0012 FFF7FEFF 		bl	MX_TIM1_Init
 238              	.LVL11:
 121:Core/Src/main.cpp **** 	MX_TIM3_Init();
 239              		.loc 1 121 0
 240 0016 FFF7FEFF 		bl	MX_TIM2_Init
 241              	.LVL12:
 122:Core/Src/main.cpp **** 	MX_TIM8_Init();
 242              		.loc 1 122 0
 243 001a FFF7FEFF 		bl	MX_TIM3_Init
 244              	.LVL13:
 123:Core/Src/main.cpp **** 	MX_USART1_UART_Init();
 245              		.loc 1 123 0
 246 001e FFF7FEFF 		bl	MX_TIM8_Init
 247              	.LVL14:
 124:Core/Src/main.cpp **** 	MX_USART2_UART_Init();
 248              		.loc 1 124 0
 249 0022 FFF7FEFF 		bl	MX_USART1_UART_Init
 250              	.LVL15:
 125:Core/Src/main.cpp **** 	MX_I2C2_Init();
 251              		.loc 1 125 0
 252 0026 FFF7FEFF 		bl	MX_USART2_UART_Init
 253              	.LVL16:
 126:Core/Src/main.cpp **** 	/* USER CODE BEGIN 2 */
 254              		.loc 1 126 0
 255 002a FFF7FEFF 		bl	MX_I2C2_Init
 256              	.LVL17:
ARM GAS  C:\Users\Prashant\AppData\Local\Temp\cc7SakwD.s 			page 10


 129:Core/Src/main.cpp **** 	Angle_Init();
 257              		.loc 1 129 0
 258 002e FFF7FEFF 		bl	_Z9robo_initv
 259              	.LVL18:
 130:Core/Src/main.cpp **** 
 260              		.loc 1 130 0
 261 0032 FFF7FEFF 		bl	_Z10Angle_Initv
 262              	.LVL19:
 136:Core/Src/main.cpp **** 
 263              		.loc 1 136 0
 264 0036 1148     		ldr	r0, .L18
 265 0038 FFF7FEFF 		bl	puts
 266              	.LVL20:
 138:Core/Src/main.cpp **** 
 267              		.loc 1 138 0
 268 003c FFF7FEFF 		bl	HAL_GetTick
 269              	.LVL21:
 270              	.L16:
 144:Core/Src/main.cpp **** 		HAL_GPIO_TogglePin(GPIOD, GPIO_PIN_12);
 271              		.loc 1 144 0 discriminator 1
 272 0040 0F48     		ldr	r0, .L18+4
 273 0042 FFF7FEFF 		bl	puts
 274              	.LVL22:
 145:Core/Src/main.cpp **** 		HAL_GPIO_TogglePin(GPIOD, GPIO_PIN_13);
 275              		.loc 1 145 0 discriminator 1
 276 0046 0F4C     		ldr	r4, .L18+8
 277 0048 4FF48051 		mov	r1, #4096
 278 004c 2046     		mov	r0, r4
 279 004e FFF7FEFF 		bl	HAL_GPIO_TogglePin
 280              	.LVL23:
 146:Core/Src/main.cpp **** 		HAL_GPIO_TogglePin(GPIOD, GPIO_PIN_14);
 281              		.loc 1 146 0 discriminator 1
 282 0052 4FF40051 		mov	r1, #8192
 283 0056 2046     		mov	r0, r4
 284 0058 FFF7FEFF 		bl	HAL_GPIO_TogglePin
 285              	.LVL24:
 147:Core/Src/main.cpp **** 		HAL_GPIO_TogglePin(GPIOD, GPIO_PIN_15);
 286              		.loc 1 147 0 discriminator 1
 287 005c 4FF48041 		mov	r1, #16384
 288 0060 2046     		mov	r0, r4
 289 0062 FFF7FEFF 		bl	HAL_GPIO_TogglePin
 290              	.LVL25:
 148:Core/Src/main.cpp **** 		HAL_Delay(500);
 291              		.loc 1 148 0 discriminator 1
 292 0066 4FF40041 		mov	r1, #32768
 293 006a 2046     		mov	r0, r4
 294 006c FFF7FEFF 		bl	HAL_GPIO_TogglePin
 295              	.LVL26:
 149:Core/Src/main.cpp **** 		/* USER CODE END WHILE */
 296              		.loc 1 149 0 discriminator 1
 297 0070 4FF4FA70 		mov	r0, #500
 298 0074 FFF7FEFF 		bl	HAL_Delay
 299              	.LVL27:
 300 0078 E2E7     		b	.L16
 301              	.L19:
 302 007a 00BF     		.align	2
 303              	.L18:
ARM GAS  C:\Users\Prashant\AppData\Local\Temp\cc7SakwD.s 			page 11


 304 007c 00000000 		.word	.LC1
 305 0080 14000000 		.word	.LC2
 306 0084 000C0240 		.word	1073875968
 307              		.cfi_endproc
 308              	.LFE491:
 310              		.section	.rodata.Error_Handler.str1.4,"aMS",%progbits,1
 311              		.align	2
 312              	.LC0:
 313 0000 436F7265 		.ascii	"Core/Src/main.cpp\000"
 313      2F537263 
 313      2F6D6169 
 313      6E2E6370 
 313      7000
 314              		.section	.rodata.main.str1.4,"aMS",%progbits,1
 315              		.align	2
 316              	.LC1:
 317 0000 0A0A416C 		.ascii	"\012\012All initialized\012\000"
 317      6C20696E 
 317      69746961 
 317      6C697A65 
 317      640A00
 318 0013 00       		.space	1
 319              	.LC2:
 320 0014 0A454E44 		.ascii	"\012END\000"
 320      00
 321              		.text
 322              	.Letext0:
 323              		.file 2 "c:\\program files (x86)\\gnu tools arm embedded\\7 2017-q4-major\\arm-none-eabi\\include\
 324              		.file 3 "c:\\program files (x86)\\gnu tools arm embedded\\7 2017-q4-major\\arm-none-eabi\\include\
 325              		.file 4 "Drivers/CMSIS/Include/core_cm4.h"
 326              		.file 5 "Drivers/CMSIS/Device/ST/STM32F4xx/Include/system_stm32f4xx.h"
 327              		.file 6 "Drivers/CMSIS/Device/ST/STM32F4xx/Include/stm32f407xx.h"
 328              		.file 7 "c:\\program files (x86)\\gnu tools arm embedded\\7 2017-q4-major\\lib\\gcc\\arm-none-eabi
 329              		.file 8 "c:\\program files (x86)\\gnu tools arm embedded\\7 2017-q4-major\\arm-none-eabi\\include\
 330              		.file 9 "c:\\program files (x86)\\gnu tools arm embedded\\7 2017-q4-major\\arm-none-eabi\\include\
 331              		.file 10 "c:\\program files (x86)\\gnu tools arm embedded\\7 2017-q4-major\\arm-none-eabi\\include
 332              		.file 11 "Drivers/STM32F4xx_HAL_Driver/Inc/stm32f4xx_hal_def.h"
 333              		.file 12 "Drivers/STM32F4xx_HAL_Driver/Inc/stm32f4xx_hal_rcc_ex.h"
 334              		.file 13 "Drivers/STM32F4xx_HAL_Driver/Inc/stm32f4xx_hal_rcc.h"
 335              		.file 14 "Drivers/STM32F4xx_HAL_Driver/Inc/stm32f4xx_hal_dma.h"
 336              		.file 15 "Drivers/STM32F4xx_HAL_Driver/Inc/stm32f4xx_hal_i2c.h"
 337              		.file 16 "Drivers/STM32F4xx_HAL_Driver/Inc/stm32f4xx_hal_tim.h"
 338              		.file 17 "Drivers/STM32F4xx_HAL_Driver/Inc/stm32f4xx_hal_uart.h"
 339              		.file 18 "Core/Inc/periphs/i2c.h"
 340              		.file 19 "Core/Inc/periphs/tim.h"
 341              		.file 20 "Core/Inc/periphs/usart.h"
 342              		.file 21 "c:\\program files (x86)\\gnu tools arm embedded\\7 2017-q4-major\\arm-none-eabi\\include
 343              		.file 22 "c:\\program files (x86)\\gnu tools arm embedded\\7 2017-q4-major\\arm-none-eabi\\include
 344              		.file 23 "c:\\program files (x86)\\gnu tools arm embedded\\7 2017-q4-major\\arm-none-eabi\\include
 345              		.file 24 "c:\\program files (x86)\\gnu tools arm embedded\\7 2017-q4-major\\arm-none-eabi\\include
 346              		.file 25 "c:\\program files (x86)\\gnu tools arm embedded\\7 2017-q4-major\\arm-none-eabi\\include
 347              		.file 26 "Core/Inc/devs/motor.h"
 348              		.file 27 "Core/Inc/devs/encoder.h"
 349              		.file 28 "Core/Inc/utils/pid_algorithms.h"
 350              		.file 29 "Core/Inc/devs/limit_switch.h"
 351              		.file 30 "Core/Inc/devs/leg.h"
 352              		.file 31 "Core/Inc/devs/steering.h"
ARM GAS  C:\Users\Prashant\AppData\Local\Temp\cc7SakwD.s 			page 12


 353              		.file 32 "Drivers/STM32F4xx_HAL_Driver/Inc/stm32f4xx_hal.h"
 354              		.file 33 "Core/Inc/periphs/gpio.h"
 355              		.file 34 "Core/Inc/robot/robo_init.h"
 356              		.file 35 "Drivers/STM32F4xx_HAL_Driver/Inc/stm32f4xx_hal_gpio.h"
 357              		.file 36 "<built-in>"
ARM GAS  C:\Users\Prashant\AppData\Local\Temp\cc7SakwD.s 			page 13


DEFINED SYMBOLS
                            *ABS*:00000000 main.cpp
C:\Users\Prashant\AppData\Local\Temp\cc7SakwD.s:18     .text._Error_Handler:00000000 $t
C:\Users\Prashant\AppData\Local\Temp\cc7SakwD.s:25     .text._Error_Handler:00000000 _Error_Handler
C:\Users\Prashant\AppData\Local\Temp\cc7SakwD.s:41     .text.Error_Handler:00000000 $t
C:\Users\Prashant\AppData\Local\Temp\cc7SakwD.s:48     .text.Error_Handler:00000000 Error_Handler
C:\Users\Prashant\AppData\Local\Temp\cc7SakwD.s:69     .text.Error_Handler:0000000c $d
C:\Users\Prashant\AppData\Local\Temp\cc7SakwD.s:74     .text._Z18SystemClock_Configv:00000000 $t
C:\Users\Prashant\AppData\Local\Temp\cc7SakwD.s:81     .text._Z18SystemClock_Configv:00000000 _Z18SystemClock_Configv
C:\Users\Prashant\AppData\Local\Temp\cc7SakwD.s:200    .text._Z18SystemClock_Configv:000000a0 $d
C:\Users\Prashant\AppData\Local\Temp\cc7SakwD.s:206    .text.main:00000000 $t
C:\Users\Prashant\AppData\Local\Temp\cc7SakwD.s:213    .text.main:00000000 main
C:\Users\Prashant\AppData\Local\Temp\cc7SakwD.s:304    .text.main:0000007c $d
C:\Users\Prashant\AppData\Local\Temp\cc7SakwD.s:311    .rodata.Error_Handler.str1.4:00000000 $d
C:\Users\Prashant\AppData\Local\Temp\cc7SakwD.s:315    .rodata.main.str1.4:00000000 $d

UNDEFINED SYMBOLS
memset
HAL_RCC_OscConfig
HAL_RCC_ClockConfig
HAL_Init
MX_GPIO_Init
MX_I2C1_Init
MX_TIM1_Init
MX_TIM2_Init
MX_TIM3_Init
MX_TIM8_Init
MX_USART1_UART_Init
MX_USART2_UART_Init
MX_I2C2_Init
_Z9robo_initv
_Z10Angle_Initv
puts
HAL_GetTick
HAL_GPIO_TogglePin
HAL_Delay
