ARM GAS  C:\Users\Prashant\AppData\Local\Temp\ccHYEkLm.s 			page 1


   1              		.cpu cortex-m4
   2              		.eabi_attribute 27, 1
   3              		.eabi_attribute 28, 1
   4              		.eabi_attribute 20, 1
   5              		.eabi_attribute 21, 1
   6              		.eabi_attribute 23, 3
   7              		.eabi_attribute 24, 1
   8              		.eabi_attribute 25, 1
   9              		.eabi_attribute 26, 1
  10              		.eabi_attribute 30, 1
  11              		.eabi_attribute 34, 1
  12              		.eabi_attribute 18, 4
  13              		.file	"motor.cpp"
  14              		.text
  15              	.Ltext0:
  16              		.cfi_sections	.debug_frame
  17              		.section	.text._ZL11time_periodt,"ax",%progbits
  18              		.align	1
  19              		.syntax unified
  20              		.thumb
  21              		.thumb_func
  22              		.fpu fpv4-sp-d16
  24              	_ZL11time_periodt:
  25              	.LFB359:
  26              		.file 1 "Core/Src/devs/motor.cpp"
   1:Core/Src/devs/motor.cpp **** #include"motor.h"
   2:Core/Src/devs/motor.cpp **** 
   3:Core/Src/devs/motor.cpp **** static uint16_t time_period(uint16_t PWM_frequency)
   4:Core/Src/devs/motor.cpp **** {
  27              		.loc 1 4 0
  28              		.cfi_startproc
  29              		@ args = 0, pretend = 0, frame = 0
  30              		@ frame_needed = 0, uses_anonymous_args = 0
  31              		@ link register save eliminated.
  32              	.LVL0:
   5:Core/Src/devs/motor.cpp ****         if (PWM_frequency < 2000) { //MIN PWM_FREQUENCY = 1281.738 for time period to be 16 bit
   6:Core/Src/devs/motor.cpp ****                 //_Error_Handler(__FILE__, __LINE__);
   7:Core/Src/devs/motor.cpp ****         }
   8:Core/Src/devs/motor.cpp ****         return ((168000000 / 2) / PWM_frequency) - 1; 		// In Center aligned mode period doubles he
  33              		.loc 1 8 0
  34 0000 034B     		ldr	r3, .L2
  35 0002 93FBF0F0 		sdiv	r0, r3, r0
  36              	.LVL1:
  37 0006 80B2     		uxth	r0, r0
  38 0008 0138     		subs	r0, r0, #1
   9:Core/Src/devs/motor.cpp **** }
  39              		.loc 1 9 0
  40 000a 80B2     		uxth	r0, r0
  41 000c 7047     		bx	lr
  42              	.L3:
  43 000e 00BF     		.align	2
  44              	.L2:
  45 0010 00BD0105 		.word	84000000
  46              		.cfi_endproc
  47              	.LFE359:
  49              		.section	.text._ZL21set_DutyCycle_PrimaryP17TIM_HandleTypeDefmt,"ax",%progbits
  50              		.align	1
ARM GAS  C:\Users\Prashant\AppData\Local\Temp\ccHYEkLm.s 			page 2


  51              		.syntax unified
  52              		.thumb
  53              		.thumb_func
  54              		.fpu fpv4-sp-d16
  56              	_ZL21set_DutyCycle_PrimaryP17TIM_HandleTypeDefmt:
  57              	.LFB360:
  10:Core/Src/devs/motor.cpp **** 
  11:Core/Src/devs/motor.cpp **** /* SET DUTYCYCLE primary function */
  12:Core/Src/devs/motor.cpp **** static void set_DutyCycle_Primary(TIM_HandleTypeDef *htim, uint32_t Channel, uint16_t dutyCycle)
  13:Core/Src/devs/motor.cpp **** {
  58              		.loc 1 13 0
  59              		.cfi_startproc
  60              		@ args = 0, pretend = 0, frame = 0
  61              		@ frame_needed = 0, uses_anonymous_args = 0
  62              	.LVL2:
  63 0000 70B5     		push	{r4, r5, r6, lr}
  64              	.LCFI0:
  65              		.cfi_def_cfa_offset 16
  66              		.cfi_offset 4, -16
  67              		.cfi_offset 5, -12
  68              		.cfi_offset 6, -8
  69              		.cfi_offset 14, -4
  70 0002 0646     		mov	r6, r0
  71 0004 0D46     		mov	r5, r1
  72 0006 1446     		mov	r4, r2
  14:Core/Src/devs/motor.cpp ****         uint16_t mapped_value;
  15:Core/Src/devs/motor.cpp ****         mapped_value = (time_period(8000) * dutyCycle) / 65535;	 
  73              		.loc 1 15 0
  74 0008 4FF4FA50 		mov	r0, #8000
  75              	.LVL3:
  76 000c FFF7FEFF 		bl	_ZL11time_periodt
  77              	.LVL4:
  78 0010 00FB04F0 		mul	r0, r0, r4
  79 0014 064B     		ldr	r3, .L6
  80 0016 83FB0023 		smull	r2, r3, r3, r0
  81 001a 0344     		add	r3, r3, r0
  82 001c C017     		asrs	r0, r0, #31
  83 001e C0EBE330 		rsb	r0, r0, r3, asr #15
  84              	.LVL5:
  16:Core/Src/devs/motor.cpp ****         __HAL_TIM_SET_COMPARE(htim, Channel, mapped_value);		
  85              		.loc 1 16 0
  86 0022 3368     		ldr	r3, [r6]
  87 0024 3433     		adds	r3, r3, #52
  88 0026 AD08     		lsrs	r5, r5, #2
  89              	.LVL6:
  90 0028 80B2     		uxth	r0, r0
  91 002a 43F82500 		str	r0, [r3, r5, lsl #2]
  92              	.LVL7:
  17:Core/Src/devs/motor.cpp **** }
  93              		.loc 1 17 0
  94 002e 70BD     		pop	{r4, r5, r6, pc}
  95              	.LVL8:
  96              	.L7:
  97              		.align	2
  98              	.L6:
  99 0030 01800080 		.word	-2147450879
 100              		.cfi_endproc
ARM GAS  C:\Users\Prashant\AppData\Local\Temp\ccHYEkLm.s 			page 3


 101              	.LFE360:
 103              		.section	.text._ZL13set_DutyCycleP12motor_configt,"ax",%progbits
 104              		.align	1
 105              		.syntax unified
 106              		.thumb
 107              		.thumb_func
 108              		.fpu fpv4-sp-d16
 110              	_ZL13set_DutyCycleP12motor_configt:
 111              	.LFB361:
  18:Core/Src/devs/motor.cpp **** 
  19:Core/Src/devs/motor.cpp **** static void set_DutyCycle(motor_config *m, uint16_t dutyCycle)
  20:Core/Src/devs/motor.cpp **** {
 112              		.loc 1 20 0
 113              		.cfi_startproc
 114              		@ args = 0, pretend = 0, frame = 0
 115              		@ frame_needed = 0, uses_anonymous_args = 0
 116              	.LVL9:
 117 0000 08B5     		push	{r3, lr}
 118              	.LCFI1:
 119              		.cfi_def_cfa_offset 8
 120              		.cfi_offset 3, -8
 121              		.cfi_offset 14, -4
  21:Core/Src/devs/motor.cpp ****         set_DutyCycle_Primary(m->htim, m->channel, dutyCycle);
 122              		.loc 1 21 0
 123 0002 0A46     		mov	r2, r1
 124 0004 C169     		ldr	r1, [r0, #28]
 125              	.LVL10:
 126 0006 8069     		ldr	r0, [r0, #24]
 127              	.LVL11:
 128 0008 FFF7FEFF 		bl	_ZL21set_DutyCycle_PrimaryP17TIM_HandleTypeDefmt
 129              	.LVL12:
  22:Core/Src/devs/motor.cpp **** }
 130              		.loc 1 22 0
 131 000c 08BD     		pop	{r3, pc}
 132              		.cfi_endproc
 133              	.LFE361:
 135              		.global	__aeabi_f2d
 136              		.global	__aeabi_ddiv
 137              		.global	__aeabi_dmul
 138              		.global	__aeabi_d2uiz
 139              		.section	.text._ZL14set_motorOmegaP12motor_configf,"ax",%progbits
 140              		.align	1
 141              		.syntax unified
 142              		.thumb
 143              		.thumb_func
 144              		.fpu fpv4-sp-d16
 146              	_ZL14set_motorOmegaP12motor_configf:
 147              	.LFB363:
  23:Core/Src/devs/motor.cpp **** 
  24:Core/Src/devs/motor.cpp **** static void set_motorDirection(motor_config *m, Direction d)
  25:Core/Src/devs/motor.cpp **** {
  26:Core/Src/devs/motor.cpp ****         if (d == Direction::CLOCKWISE)       
  27:Core/Src/devs/motor.cpp ****         {
  28:Core/Src/devs/motor.cpp ****                 HAL_GPIO_WritePin(m->in1_port, m->in1_pin, GPIO_PIN_SET);
  29:Core/Src/devs/motor.cpp ****                 HAL_GPIO_WritePin(m->in2_port, m->in2_pin, GPIO_PIN_RESET);
  30:Core/Src/devs/motor.cpp ****         }
  31:Core/Src/devs/motor.cpp ****         else if (d == Direction::ANTICLOCKWISE)  
ARM GAS  C:\Users\Prashant\AppData\Local\Temp\ccHYEkLm.s 			page 4


  32:Core/Src/devs/motor.cpp ****         {
  33:Core/Src/devs/motor.cpp ****                 HAL_GPIO_WritePin(m->in1_port, m->in1_pin, GPIO_PIN_RESET);
  34:Core/Src/devs/motor.cpp ****                 HAL_GPIO_WritePin(m->in2_port, m->in2_pin, GPIO_PIN_SET);
  35:Core/Src/devs/motor.cpp ****         }
  36:Core/Src/devs/motor.cpp ****         else
  37:Core/Src/devs/motor.cpp ****         {
  38:Core/Src/devs/motor.cpp ****                 HAL_GPIO_WritePin(m->in1_port, m->in1_pin, GPIO_PIN_RESET);
  39:Core/Src/devs/motor.cpp ****                 HAL_GPIO_WritePin(m->in2_port, m->in2_pin, GPIO_PIN_RESET);
  40:Core/Src/devs/motor.cpp ****         }
  41:Core/Src/devs/motor.cpp **** }
  42:Core/Src/devs/motor.cpp **** 
  43:Core/Src/devs/motor.cpp **** static void set_motorOmega(motor_config *m, float omega)
  44:Core/Src/devs/motor.cpp **** {
 148              		.loc 1 44 0
 149              		.cfi_startproc
 150              		@ args = 0, pretend = 0, frame = 0
 151              		@ frame_needed = 0, uses_anonymous_args = 0
 152              	.LVL13:
 153 0000 F8B5     		push	{r3, r4, r5, r6, r7, lr}
 154              	.LCFI2:
 155              		.cfi_def_cfa_offset 24
 156              		.cfi_offset 3, -24
 157              		.cfi_offset 4, -20
 158              		.cfi_offset 5, -16
 159              		.cfi_offset 6, -12
 160              		.cfi_offset 7, -8
 161              		.cfi_offset 14, -4
 162 0002 0446     		mov	r4, r0
 163 0004 10EE105A 		vmov	r5, s0
  45:Core/Src/devs/motor.cpp ****         uint16_t new_omega = (65535.0 / m->max_omega) * (omega);
 164              		.loc 1 45 0
 165 0008 0068     		ldr	r0, [r0]	@ float
 166              	.LVL14:
 167 000a FFF7FEFF 		bl	__aeabi_f2d
 168              	.LVL15:
 169 000e 0246     		mov	r2, r0
 170 0010 0B46     		mov	r3, r1
 171 0012 0BA1     		adr	r1, .L12
 172 0014 D1E90001 		ldrd	r0, [r1]
 173 0018 FFF7FEFF 		bl	__aeabi_ddiv
 174              	.LVL16:
 175 001c 0646     		mov	r6, r0
 176 001e 0F46     		mov	r7, r1
 177 0020 2846     		mov	r0, r5	@ float
 178 0022 FFF7FEFF 		bl	__aeabi_f2d
 179              	.LVL17:
 180 0026 0246     		mov	r2, r0
 181 0028 0B46     		mov	r3, r1
 182 002a 3046     		mov	r0, r6
 183 002c 3946     		mov	r1, r7
 184 002e FFF7FEFF 		bl	__aeabi_dmul
 185              	.LVL18:
 186 0032 FFF7FEFF 		bl	__aeabi_d2uiz
 187              	.LVL19:
  46:Core/Src/devs/motor.cpp ****         set_DutyCycle(m, new_omega);
 188              		.loc 1 46 0
 189 0036 81B2     		uxth	r1, r0
ARM GAS  C:\Users\Prashant\AppData\Local\Temp\ccHYEkLm.s 			page 5


 190 0038 2046     		mov	r0, r4
 191              	.LVL20:
 192 003a FFF7FEFF 		bl	_ZL13set_DutyCycleP12motor_configt
 193              	.LVL21:
  47:Core/Src/devs/motor.cpp **** 	//printf("omega = %d", (int)(omega*100));
  48:Core/Src/devs/motor.cpp **** 	// printf("\tOCR = %d", (int)new_omega);
  49:Core/Src/devs/motor.cpp **** }
 194              		.loc 1 49 0
 195 003e F8BD     		pop	{r3, r4, r5, r6, r7, pc}
 196              	.LVL22:
 197              	.L13:
 198              		.align	3
 199              	.L12:
 200 0040 00000000 		.word	0
 201 0044 E0FFEF40 		.word	1089470432
 202              		.cfi_endproc
 203              	.LFE363:
 205              		.section	.text._ZL18set_motorDirectionP12motor_config9Direction,"ax",%progbits
 206              		.align	1
 207              		.syntax unified
 208              		.thumb
 209              		.thumb_func
 210              		.fpu fpv4-sp-d16
 212              	_ZL18set_motorDirectionP12motor_config9Direction:
 213              	.LFB362:
  25:Core/Src/devs/motor.cpp ****         if (d == Direction::CLOCKWISE)       
 214              		.loc 1 25 0
 215              		.cfi_startproc
 216              		@ args = 0, pretend = 0, frame = 0
 217              		@ frame_needed = 0, uses_anonymous_args = 0
 218              	.LVL23:
 219 0000 10B5     		push	{r4, lr}
 220              	.LCFI3:
 221              		.cfi_def_cfa_offset 8
 222              		.cfi_offset 4, -8
 223              		.cfi_offset 14, -4
 224 0002 0446     		mov	r4, r0
  26:Core/Src/devs/motor.cpp ****         {
 225              		.loc 1 26 0
 226 0004 61B1     		cbz	r1, .L19
  31:Core/Src/devs/motor.cpp ****         {
 227              		.loc 1 31 0
 228 0006 0129     		cmp	r1, #1
 229 0008 15D0     		beq	.L20
  38:Core/Src/devs/motor.cpp ****                 HAL_GPIO_WritePin(m->in2_port, m->in2_pin, GPIO_PIN_RESET);
 230              		.loc 1 38 0
 231 000a 0022     		movs	r2, #0
 232 000c 8189     		ldrh	r1, [r0, #12]
 233              	.LVL24:
 234 000e 8068     		ldr	r0, [r0, #8]
 235              	.LVL25:
 236 0010 FFF7FEFF 		bl	HAL_GPIO_WritePin
 237              	.LVL26:
  39:Core/Src/devs/motor.cpp ****         }
 238              		.loc 1 39 0
 239 0014 0022     		movs	r2, #0
 240 0016 A18A     		ldrh	r1, [r4, #20]
ARM GAS  C:\Users\Prashant\AppData\Local\Temp\ccHYEkLm.s 			page 6


 241 0018 2069     		ldr	r0, [r4, #16]
 242 001a FFF7FEFF 		bl	HAL_GPIO_WritePin
 243              	.LVL27:
 244              	.L14:
  41:Core/Src/devs/motor.cpp **** 
 245              		.loc 1 41 0
 246 001e 10BD     		pop	{r4, pc}
 247              	.LVL28:
 248              	.L19:
  28:Core/Src/devs/motor.cpp ****                 HAL_GPIO_WritePin(m->in2_port, m->in2_pin, GPIO_PIN_RESET);
 249              		.loc 1 28 0
 250 0020 0122     		movs	r2, #1
 251 0022 8189     		ldrh	r1, [r0, #12]
 252              	.LVL29:
 253 0024 8068     		ldr	r0, [r0, #8]
 254              	.LVL30:
 255 0026 FFF7FEFF 		bl	HAL_GPIO_WritePin
 256              	.LVL31:
  29:Core/Src/devs/motor.cpp ****         }
 257              		.loc 1 29 0
 258 002a 0022     		movs	r2, #0
 259 002c A18A     		ldrh	r1, [r4, #20]
 260 002e 2069     		ldr	r0, [r4, #16]
 261 0030 FFF7FEFF 		bl	HAL_GPIO_WritePin
 262              	.LVL32:
 263 0034 F3E7     		b	.L14
 264              	.LVL33:
 265              	.L20:
  33:Core/Src/devs/motor.cpp ****                 HAL_GPIO_WritePin(m->in2_port, m->in2_pin, GPIO_PIN_SET);
 266              		.loc 1 33 0
 267 0036 0022     		movs	r2, #0
 268 0038 8189     		ldrh	r1, [r0, #12]
 269              	.LVL34:
 270 003a 8068     		ldr	r0, [r0, #8]
 271              	.LVL35:
 272 003c FFF7FEFF 		bl	HAL_GPIO_WritePin
 273              	.LVL36:
  34:Core/Src/devs/motor.cpp ****         }
 274              		.loc 1 34 0
 275 0040 0122     		movs	r2, #1
 276 0042 A18A     		ldrh	r1, [r4, #20]
 277 0044 2069     		ldr	r0, [r4, #16]
 278 0046 FFF7FEFF 		bl	HAL_GPIO_WritePin
 279              	.LVL37:
 280 004a E8E7     		b	.L14
 281              		.cfi_endproc
 282              	.LFE362:
 284              		.section	.text._ZN5motor9set_omegaEf,"ax",%progbits
 285              		.align	1
 286              		.global	_ZN5motor9set_omegaEf
 287              		.syntax unified
 288              		.thumb
 289              		.thumb_func
 290              		.fpu fpv4-sp-d16
 292              	_ZN5motor9set_omegaEf:
 293              	.LFB364:
  50:Core/Src/devs/motor.cpp **** 
ARM GAS  C:\Users\Prashant\AppData\Local\Temp\ccHYEkLm.s 			page 7


  51:Core/Src/devs/motor.cpp **** void motor::set_omega(float omega)
  52:Core/Src/devs/motor.cpp **** {
 294              		.loc 1 52 0
 295              		.cfi_startproc
 296              		@ args = 0, pretend = 0, frame = 0
 297              		@ frame_needed = 0, uses_anonymous_args = 0
 298              	.LVL38:
 299 0000 10B5     		push	{r4, lr}
 300              	.LCFI4:
 301              		.cfi_def_cfa_offset 8
 302              		.cfi_offset 4, -8
 303              		.cfi_offset 14, -4
 304 0002 2DED028B 		vpush.64	{d8}
 305              	.LCFI5:
 306              		.cfi_def_cfa_offset 16
 307              		.cfi_offset 80, -16
 308              		.cfi_offset 81, -12
 309 0006 0446     		mov	r4, r0
  53:Core/Src/devs/motor.cpp **** 	// printf("omega = %d", (int)(omega*100));
  54:Core/Src/devs/motor.cpp **** 	if (omega > motor_->max_omega){
 310              		.loc 1 54 0
 311 0008 0068     		ldr	r0, [r0]
 312              	.LVL39:
 313 000a 90ED008A 		vldr.32	s16, [r0]
 314 000e B4EEC08A 		vcmpe.f32	s16, s0
 315 0012 F1EE10FA 		vmrs	APSR_nzcv, FPSCR
 316 0016 08D4     		bmi	.L22
  55:Core/Src/devs/motor.cpp **** 		omega = motor_->max_omega;
  56:Core/Src/devs/motor.cpp **** 	}
  57:Core/Src/devs/motor.cpp **** 	else if(omega < -motor_->max_omega){
 317              		.loc 1 57 0
 318 0018 B1EE488A 		vneg.f32	s16, s16
 319 001c B4EEC08A 		vcmpe.f32	s16, s0
 320 0020 F1EE10FA 		vmrs	APSR_nzcv, FPSCR
 321 0024 01DC     		bgt	.L22
 322 0026 B0EE408A 		vmov.f32	s16, s0
 323              	.L22:
 324              	.LVL40:
  58:Core/Src/devs/motor.cpp **** 		omega = -motor_->max_omega;
  59:Core/Src/devs/motor.cpp **** 	}
  60:Core/Src/devs/motor.cpp ****         if (omega < -motor_->tolerance) {
 325              		.loc 1 60 0
 326 002a D0ED017A 		vldr.32	s15, [r0, #4]
 327 002e B1EE677A 		vneg.f32	s14, s15
 328 0032 B4EEC87A 		vcmpe.f32	s14, s16
 329 0036 F1EE10FA 		vmrs	APSR_nzcv, FPSCR
 330 003a 0FDC     		bgt	.L33
  61:Core/Src/devs/motor.cpp ****         	set_motorDirection(motor_, Direction::CLOCKWISE);
  62:Core/Src/devs/motor.cpp ****        		set_motorOmega(motor_, fabs(omega));
  63:Core/Src/devs/motor.cpp ****         }
  64:Core/Src/devs/motor.cpp ****         else if (omega > motor_->tolerance) {
 331              		.loc 1 64 0
 332 003c F4EEC87A 		vcmpe.f32	s15, s16
 333 0040 F1EE10FA 		vmrs	APSR_nzcv, FPSCR
 334 0044 13D4     		bmi	.L34
  65:Core/Src/devs/motor.cpp ****         	set_motorDirection(motor_, Direction::ANTICLOCKWISE);
  66:Core/Src/devs/motor.cpp ****        		set_motorOmega(motor_, fabs(omega));
ARM GAS  C:\Users\Prashant\AppData\Local\Temp\ccHYEkLm.s 			page 8


  67:Core/Src/devs/motor.cpp ****         }
  68:Core/Src/devs/motor.cpp ****         else {
  69:Core/Src/devs/motor.cpp ****         	set_motorDirection(motor_, Direction::STOP);
 335              		.loc 1 69 0
 336 0046 0221     		movs	r1, #2
 337 0048 FFF7FEFF 		bl	_ZL18set_motorDirectionP12motor_config9Direction
 338              	.LVL41:
  70:Core/Src/devs/motor.cpp ****        		set_motorOmega(motor_, 0);
 339              		.loc 1 70 0
 340 004c 9FED0C0A 		vldr.32	s0, .L35
 341 0050 2068     		ldr	r0, [r4]
 342 0052 FFF7FEFF 		bl	_ZL14set_motorOmegaP12motor_configf
 343              	.LVL42:
 344              	.L21:
  71:Core/Src/devs/motor.cpp ****         }
  72:Core/Src/devs/motor.cpp **** }...
 345              		.loc 1 72 0
 346 0056 BDEC028B 		vldm	sp!, {d8}
 347              	.LCFI6:
 348              		.cfi_remember_state
 349              		.cfi_restore 80
 350              		.cfi_restore 81
 351              		.cfi_def_cfa_offset 8
 352              	.LVL43:
 353 005a 10BD     		pop	{r4, pc}
 354              	.LVL44:
 355              	.L33:
 356              	.LCFI7:
 357              		.cfi_restore_state
  61:Core/Src/devs/motor.cpp ****         	set_motorDirection(motor_, Direction::CLOCKWISE);
 358              		.loc 1 61 0
 359 005c 0021     		movs	r1, #0
 360 005e FFF7FEFF 		bl	_ZL18set_motorDirectionP12motor_config9Direction
 361              	.LVL45:
  62:Core/Src/devs/motor.cpp ****        		set_motorOmega(motor_, fabs(omega));
 362              		.loc 1 62 0
 363 0062 B0EEC80A 		vabs.f32	s0, s16
 364 0066 2068     		ldr	r0, [r4]
 365 0068 FFF7FEFF 		bl	_ZL14set_motorOmegaP12motor_configf
 366              	.LVL46:
 367 006c F3E7     		b	.L21
 368              	.L34:
  65:Core/Src/devs/motor.cpp ****         	set_motorDirection(motor_, Direction::ANTICLOCKWISE);
 369              		.loc 1 65 0
 370 006e 0121     		movs	r1, #1
 371 0070 FFF7FEFF 		bl	_ZL18set_motorDirectionP12motor_config9Direction
 372              	.LVL47:
  66:Core/Src/devs/motor.cpp ****        		set_motorOmega(motor_, fabs(omega));
 373              		.loc 1 66 0
 374 0074 B0EEC80A 		vabs.f32	s0, s16
 375 0078 2068     		ldr	r0, [r4]
 376 007a FFF7FEFF 		bl	_ZL14set_motorOmegaP12motor_configf
 377              	.LVL48:
 378 007e EAE7     		b	.L21
 379              	.L36:
 380              		.align	2
 381              	.L35:
ARM GAS  C:\Users\Prashant\AppData\Local\Temp\ccHYEkLm.s 			page 9


 382 0080 00000000 		.word	0
 383              		.cfi_endproc
 384              	.LFE364:
 386              		.text
 387              	.Letext0:
 388              		.file 2 "c:\\program files (x86)\\gnu tools arm embedded\\7 2017-q4-major\\arm-none-eabi\\include\
 389              		.file 3 "c:\\program files (x86)\\gnu tools arm embedded\\7 2017-q4-major\\arm-none-eabi\\include\
 390              		.file 4 "Drivers/CMSIS/Include/core_cm4.h"
 391              		.file 5 "Drivers/CMSIS/Device/ST/STM32F4xx/Include/system_stm32f4xx.h"
 392              		.file 6 "Drivers/CMSIS/Device/ST/STM32F4xx/Include/stm32f407xx.h"
 393              		.file 7 "c:\\program files (x86)\\gnu tools arm embedded\\7 2017-q4-major\\arm-none-eabi\\include\
 394              		.file 8 "c:\\program files (x86)\\gnu tools arm embedded\\7 2017-q4-major\\arm-none-eabi\\include\
 395              		.file 9 "c:\\program files (x86)\\gnu tools arm embedded\\7 2017-q4-major\\lib\\gcc\\arm-none-eabi
 396              		.file 10 "c:\\program files (x86)\\gnu tools arm embedded\\7 2017-q4-major\\arm-none-eabi\\include
 397              		.file 11 "Drivers/STM32F4xx_HAL_Driver/Inc/stm32f4xx_hal_def.h"
 398              		.file 12 "Drivers/STM32F4xx_HAL_Driver/Inc/stm32f4xx_hal_gpio.h"
 399              		.file 13 "Drivers/STM32F4xx_HAL_Driver/Inc/stm32f4xx_hal_dma.h"
 400              		.file 14 "Drivers/STM32F4xx_HAL_Driver/Inc/stm32f4xx_hal_tim.h"
 401              		.file 15 "Core/Inc/periphs/tim.h"
 402              		.file 16 "c:\\program files (x86)\\gnu tools arm embedded\\7 2017-q4-major\\arm-none-eabi\\include
 403              		.file 17 "c:\\program files (x86)\\gnu tools arm embedded\\7 2017-q4-major\\arm-none-eabi\\include
 404              		.file 18 "c:\\program files (x86)\\gnu tools arm embedded\\7 2017-q4-major\\arm-none-eabi\\include
 405              		.file 19 "c:\\program files (x86)\\gnu tools arm embedded\\7 2017-q4-major\\arm-none-eabi\\include
 406              		.file 20 "c:\\program files (x86)\\gnu tools arm embedded\\7 2017-q4-major\\arm-none-eabi\\include
 407              		.file 21 "Core/Inc/devs/motor.h"
 408              		.file 22 "<built-in>"
ARM GAS  C:\Users\Prashant\AppData\Local\Temp\ccHYEkLm.s 			page 10


DEFINED SYMBOLS
                            *ABS*:00000000 motor.cpp
C:\Users\Prashant\AppData\Local\Temp\ccHYEkLm.s:18     .text._ZL11time_periodt:00000000 $t
C:\Users\Prashant\AppData\Local\Temp\ccHYEkLm.s:24     .text._ZL11time_periodt:00000000 _ZL11time_periodt
C:\Users\Prashant\AppData\Local\Temp\ccHYEkLm.s:45     .text._ZL11time_periodt:00000010 $d
C:\Users\Prashant\AppData\Local\Temp\ccHYEkLm.s:50     .text._ZL21set_DutyCycle_PrimaryP17TIM_HandleTypeDefmt:00000000 $t
C:\Users\Prashant\AppData\Local\Temp\ccHYEkLm.s:56     .text._ZL21set_DutyCycle_PrimaryP17TIM_HandleTypeDefmt:00000000 _ZL21set_DutyCycle_PrimaryP17TIM_HandleTypeDefmt
C:\Users\Prashant\AppData\Local\Temp\ccHYEkLm.s:99     .text._ZL21set_DutyCycle_PrimaryP17TIM_HandleTypeDefmt:00000030 $d
C:\Users\Prashant\AppData\Local\Temp\ccHYEkLm.s:104    .text._ZL13set_DutyCycleP12motor_configt:00000000 $t
C:\Users\Prashant\AppData\Local\Temp\ccHYEkLm.s:110    .text._ZL13set_DutyCycleP12motor_configt:00000000 _ZL13set_DutyCycleP12motor_configt
C:\Users\Prashant\AppData\Local\Temp\ccHYEkLm.s:140    .text._ZL14set_motorOmegaP12motor_configf:00000000 $t
C:\Users\Prashant\AppData\Local\Temp\ccHYEkLm.s:146    .text._ZL14set_motorOmegaP12motor_configf:00000000 _ZL14set_motorOmegaP12motor_configf
C:\Users\Prashant\AppData\Local\Temp\ccHYEkLm.s:200    .text._ZL14set_motorOmegaP12motor_configf:00000040 $d
C:\Users\Prashant\AppData\Local\Temp\ccHYEkLm.s:206    .text._ZL18set_motorDirectionP12motor_config9Direction:00000000 $t
C:\Users\Prashant\AppData\Local\Temp\ccHYEkLm.s:212    .text._ZL18set_motorDirectionP12motor_config9Direction:00000000 _ZL18set_motorDirectionP12motor_config9Direction
C:\Users\Prashant\AppData\Local\Temp\ccHYEkLm.s:285    .text._ZN5motor9set_omegaEf:00000000 $t
C:\Users\Prashant\AppData\Local\Temp\ccHYEkLm.s:292    .text._ZN5motor9set_omegaEf:00000000 _ZN5motor9set_omegaEf
C:\Users\Prashant\AppData\Local\Temp\ccHYEkLm.s:382    .text._ZN5motor9set_omegaEf:00000080 $d

UNDEFINED SYMBOLS
__aeabi_f2d
__aeabi_ddiv
__aeabi_dmul
__aeabi_d2uiz
HAL_GPIO_WritePin
