ARM GAS  C:\Users\Nischal Nepal\AppData\Local\Temp\cctVA3eL.s 			page 1


   1              		.cpu cortex-m4
   2              		.eabi_attribute 27, 1
   3              		.eabi_attribute 28, 1
   4              		.eabi_attribute 20, 1
   5              		.eabi_attribute 21, 1
   6              		.eabi_attribute 23, 3
   7              		.eabi_attribute 24, 1
   8              		.eabi_attribute 25, 1
   9              		.eabi_attribute 26, 1
  10              		.eabi_attribute 30, 1
  11              		.eabi_attribute 34, 1
  12              		.eabi_attribute 18, 4
  13              		.file	"dma.c"
  14              		.text
  15              	.Ltext0:
  16              		.cfi_sections	.debug_frame
  17              		.section	.text.MX_DMA_Init,"ax",%progbits
  18              		.align	1
  19              		.global	MX_DMA_Init
  20              		.syntax unified
  21              		.thumb
  22              		.thumb_func
  23              		.fpu fpv4-sp-d16
  25              	MX_DMA_Init:
  26              	.LFB126:
  27              		.file 1 "Core/Src/periphs/dma.c"
   1:Core/Src/periphs/dma.c **** /**
   2:Core/Src/periphs/dma.c ****   ******************************************************************************
   3:Core/Src/periphs/dma.c ****   * File Name          : dma.c
   4:Core/Src/periphs/dma.c ****   * Description        : This file provides code for the configuration
   5:Core/Src/periphs/dma.c ****   *                      of all the requested memory to memory DMA transfers.
   6:Core/Src/periphs/dma.c ****   ******************************************************************************
   7:Core/Src/periphs/dma.c ****   ** This notice applies to any and all portions of this file
   8:Core/Src/periphs/dma.c ****   * that are not between comment pairs USER CODE BEGIN and
   9:Core/Src/periphs/dma.c ****   * USER CODE END. Other portions of this file, whether 
  10:Core/Src/periphs/dma.c ****   * inserted by the user or by software development tools
  11:Core/Src/periphs/dma.c ****   * are owned by their respective copyright owners.
  12:Core/Src/periphs/dma.c ****   *
  13:Core/Src/periphs/dma.c ****   * COPYRIGHT(c) 2018 STMicroelectronics
  14:Core/Src/periphs/dma.c ****   *
  15:Core/Src/periphs/dma.c ****   * Redistribution and use in source and binary forms, with or without modification,
  16:Core/Src/periphs/dma.c ****   * are permitted provided that the following conditions are met:
  17:Core/Src/periphs/dma.c ****   *   1. Redistributions of source code must retain the above copyright notice,
  18:Core/Src/periphs/dma.c ****   *      this list of conditions and the following disclaimer.
  19:Core/Src/periphs/dma.c ****   *   2. Redistributions in binary form must reproduce the above copyright notice,
  20:Core/Src/periphs/dma.c ****   *      this list of conditions and the following disclaimer in the documentation
  21:Core/Src/periphs/dma.c ****   *      and/or other materials provided with the distribution.
  22:Core/Src/periphs/dma.c ****   *   3. Neither the name of STMicroelectronics nor the names of its contributors
  23:Core/Src/periphs/dma.c ****   *      may be used to endorse or promote products derived from this software
  24:Core/Src/periphs/dma.c ****   *      without specific prior written permission.
  25:Core/Src/periphs/dma.c ****   *
  26:Core/Src/periphs/dma.c ****   * THIS SOFTWARE IS PROVIDED BY THE COPYRIGHT HOLDERS AND CONTRIBUTORS "AS IS"
  27:Core/Src/periphs/dma.c ****   * AND ANY EXPRESS OR IMPLIED WARRANTIES, INCLUDING, BUT NOT LIMITED TO, THE
  28:Core/Src/periphs/dma.c ****   * IMPLIED WARRANTIES OF MERCHANTABILITY AND FITNESS FOR A PARTICULAR PURPOSE ARE
  29:Core/Src/periphs/dma.c ****   * DISCLAIMED. IN NO EVENT SHALL THE COPYRIGHT HOLDER OR CONTRIBUTORS BE LIABLE
  30:Core/Src/periphs/dma.c ****   * FOR ANY DIRECT, INDIRECT, INCIDENTAL, SPECIAL, EXEMPLARY, OR CONSEQUENTIAL
  31:Core/Src/periphs/dma.c ****   * DAMAGES (INCLUDING, BUT NOT LIMITED TO, PROCUREMENT OF SUBSTITUTE GOODS OR
ARM GAS  C:\Users\Nischal Nepal\AppData\Local\Temp\cctVA3eL.s 			page 2


  32:Core/Src/periphs/dma.c ****   * SERVICES; LOSS OF USE, DATA, OR PROFITS; OR BUSINESS INTERRUPTION) HOWEVER
  33:Core/Src/periphs/dma.c ****   * CAUSED AND ON ANY THEORY OF LIABILITY, WHETHER IN CONTRACT, STRICT LIABILITY,
  34:Core/Src/periphs/dma.c ****   * OR TORT (INCLUDING NEGLIGENCE OR OTHERWISE) ARISING IN ANY WAY OUT OF THE USE
  35:Core/Src/periphs/dma.c ****   * OF THIS SOFTWARE, EVEN IF ADVISED OF THE POSSIBILITY OF SUCH DAMAGE.
  36:Core/Src/periphs/dma.c ****   *
  37:Core/Src/periphs/dma.c ****   ******************************************************************************
  38:Core/Src/periphs/dma.c ****   */
  39:Core/Src/periphs/dma.c **** /* Includes ------------------------------------------------------------------*/
  40:Core/Src/periphs/dma.c **** #include "dma.h"
  41:Core/Src/periphs/dma.c **** 
  42:Core/Src/periphs/dma.c **** /* USER CODE BEGIN 0 */
  43:Core/Src/periphs/dma.c **** 
  44:Core/Src/periphs/dma.c **** /* USER CODE END 0 */
  45:Core/Src/periphs/dma.c **** 
  46:Core/Src/periphs/dma.c **** /*----------------------------------------------------------------------------*/
  47:Core/Src/periphs/dma.c **** /* Configure DMA                                                              */
  48:Core/Src/periphs/dma.c **** /*----------------------------------------------------------------------------*/
  49:Core/Src/periphs/dma.c **** 
  50:Core/Src/periphs/dma.c **** /* USER CODE BEGIN 1 */
  51:Core/Src/periphs/dma.c **** 
  52:Core/Src/periphs/dma.c **** /* USER CODE END 1 */
  53:Core/Src/periphs/dma.c **** 
  54:Core/Src/periphs/dma.c **** /** 
  55:Core/Src/periphs/dma.c ****   * Enable DMA controller clock
  56:Core/Src/periphs/dma.c ****   */
  57:Core/Src/periphs/dma.c **** void MX_DMA_Init(void) 
  58:Core/Src/periphs/dma.c **** {
  28              		.loc 1 58 0
  29              		.cfi_startproc
  30              		@ args = 0, pretend = 0, frame = 8
  31              		@ frame_needed = 0, uses_anonymous_args = 0
  32 0000 00B5     		push	{lr}
  33              	.LCFI0:
  34              		.cfi_def_cfa_offset 4
  35              		.cfi_offset 14, -4
  36 0002 83B0     		sub	sp, sp, #12
  37              	.LCFI1:
  38              		.cfi_def_cfa_offset 16
  39              	.LBB2:
  59:Core/Src/periphs/dma.c ****   /* DMA controller clock enable */
  60:Core/Src/periphs/dma.c ****   __HAL_RCC_DMA1_CLK_ENABLE();
  40              		.loc 1 60 0
  41 0004 0021     		movs	r1, #0
  42 0006 0191     		str	r1, [sp, #4]
  43 0008 094B     		ldr	r3, .L3
  44 000a 1A6B     		ldr	r2, [r3, #48]
  45 000c 42F40012 		orr	r2, r2, #2097152
  46 0010 1A63     		str	r2, [r3, #48]
  47 0012 1B6B     		ldr	r3, [r3, #48]
  48 0014 03F40013 		and	r3, r3, #2097152
  49 0018 0193     		str	r3, [sp, #4]
  50 001a 019B     		ldr	r3, [sp, #4]
  51              	.LBE2:
  61:Core/Src/periphs/dma.c **** 
  62:Core/Src/periphs/dma.c ****   /* DMA interrupt init */
  63:Core/Src/periphs/dma.c ****   /* DMA1_Stream1_IRQn interrupt configuration */
  64:Core/Src/periphs/dma.c ****   HAL_NVIC_SetPriority(DMA1_Stream1_IRQn, 0, 0);
ARM GAS  C:\Users\Nischal Nepal\AppData\Local\Temp\cctVA3eL.s 			page 3


  52              		.loc 1 64 0
  53 001c 0A46     		mov	r2, r1
  54 001e 0C20     		movs	r0, #12
  55 0020 FFF7FEFF 		bl	HAL_NVIC_SetPriority
  56              	.LVL0:
  65:Core/Src/periphs/dma.c ****   HAL_NVIC_EnableIRQ(DMA1_Stream1_IRQn);
  57              		.loc 1 65 0
  58 0024 0C20     		movs	r0, #12
  59 0026 FFF7FEFF 		bl	HAL_NVIC_EnableIRQ
  60              	.LVL1:
  66:Core/Src/periphs/dma.c **** 
  67:Core/Src/periphs/dma.c **** }
  61              		.loc 1 67 0
  62 002a 03B0     		add	sp, sp, #12
  63              	.LCFI2:
  64              		.cfi_def_cfa_offset 4
  65              		@ sp needed
  66 002c 5DF804FB 		ldr	pc, [sp], #4
  67              	.L4:
  68              		.align	2
  69              	.L3:
  70 0030 00380240 		.word	1073887232
  71              		.cfi_endproc
  72              	.LFE126:
  74              		.text
  75              	.Letext0:
  76              		.file 2 "c:\\program files (x86)\\gnu tools arm embedded\\7 2017-q4-major\\arm-none-eabi\\include\
  77              		.file 3 "c:\\program files (x86)\\gnu tools arm embedded\\7 2017-q4-major\\arm-none-eabi\\include\
  78              		.file 4 "C:/Users/n-is/STM32Cube/Repository/STM32Cube_FW_F4_V1.21.0/Drivers/CMSIS/Include/core_cm4
  79              		.file 5 "C:/Users/n-is/STM32Cube/Repository/STM32Cube_FW_F4_V1.21.0/Drivers/CMSIS/Device/ST/STM32F
  80              		.file 6 "C:/Users/n-is/STM32Cube/Repository/STM32Cube_FW_F4_V1.21.0/Drivers/CMSIS/Device/ST/STM32F
  81              		.file 7 "c:\\program files (x86)\\gnu tools arm embedded\\7 2017-q4-major\\arm-none-eabi\\include\
  82              		.file 8 "c:\\program files (x86)\\gnu tools arm embedded\\7 2017-q4-major\\arm-none-eabi\\include\
  83              		.file 9 "c:\\program files (x86)\\gnu tools arm embedded\\7 2017-q4-major\\lib\\gcc\\arm-none-eabi
  84              		.file 10 "c:\\program files (x86)\\gnu tools arm embedded\\7 2017-q4-major\\arm-none-eabi\\include
  85              		.file 11 "C:/Users/n-is/STM32Cube/Repository/STM32Cube_FW_F4_V1.21.0/Drivers/STM32F4xx_HAL_Driver/
ARM GAS  C:\Users\Nischal Nepal\AppData\Local\Temp\cctVA3eL.s 			page 4


DEFINED SYMBOLS
                            *ABS*:00000000 dma.c
C:\Users\Nischal Nepal\AppData\Local\Temp\cctVA3eL.s:18     .text.MX_DMA_Init:00000000 $t
C:\Users\Nischal Nepal\AppData\Local\Temp\cctVA3eL.s:25     .text.MX_DMA_Init:00000000 MX_DMA_Init
C:\Users\Nischal Nepal\AppData\Local\Temp\cctVA3eL.s:70     .text.MX_DMA_Init:00000030 $d

UNDEFINED SYMBOLS
HAL_NVIC_SetPriority
HAL_NVIC_EnableIRQ
