ARM GAS  C:\Users\Nischal Nepal\AppData\Local\Temp\cciI4Gt2.s 			page 1


   1              		.cpu cortex-m4
   2              		.eabi_attribute 27, 1
   3              		.eabi_attribute 28, 1
   4              		.eabi_attribute 20, 1
   5              		.eabi_attribute 21, 1
   6              		.eabi_attribute 23, 3
   7              		.eabi_attribute 24, 1
   8              		.eabi_attribute 25, 1
   9              		.eabi_attribute 26, 1
  10              		.eabi_attribute 30, 1
  11              		.eabi_attribute 34, 1
  12              		.eabi_attribute 18, 4
  13              		.file	"int_config.cpp"
  14              		.text
  15              	.Ltext0:
  16              		.cfi_sections	.debug_frame
  17              		.section	.text.HAL_GPIO_EXTI_Callback,"ax",%progbits
  18              		.align	1
  19              		.global	HAL_GPIO_EXTI_Callback
  20              		.syntax unified
  21              		.thumb
  22              		.thumb_func
  23              		.fpu fpv4-sp-d16
  25              	HAL_GPIO_EXTI_Callback:
  26              	.LFB124:
  27              		.file 1 "Core/Src/robot/int_config.cpp"
   1:Core/Src/robot/int_config.cpp **** #include "devs/thinker.h"
   2:Core/Src/robot/int_config.cpp **** 
   3:Core/Src/robot/int_config.cpp **** extern bool gSendDataFlagReceived;
   4:Core/Src/robot/int_config.cpp **** 
   5:Core/Src/robot/int_config.cpp **** void HAL_GPIO_EXTI_Callback(uint16_t GPIO_Pin)
   6:Core/Src/robot/int_config.cpp **** {
  28              		.loc 1 6 0
  29              		.cfi_startproc
  30              		@ args = 0, pretend = 0, frame = 0
  31              		@ frame_needed = 0, uses_anonymous_args = 0
  32              		@ link register save eliminated.
  33              	.LVL0:
   7:Core/Src/robot/int_config.cpp ****         switch (GPIO_Pin) {
  34              		.loc 1 7 0
  35 0000 B0F5804F 		cmp	r0, #16384
  36 0004 02D1     		bne	.L1
   8:Core/Src/robot/int_config.cpp ****                 case GPIO_PIN_14 : {    // PC14
   9:Core/Src/robot/int_config.cpp ****                         gSendDataFlagReceived = true;
  37              		.loc 1 9 0
  38 0006 024B     		ldr	r3, .L4
  39 0008 0122     		movs	r2, #1
  40 000a 1A70     		strb	r2, [r3]
  41              	.L1:
  10:Core/Src/robot/int_config.cpp ****                 } break;
  11:Core/Src/robot/int_config.cpp ****         }
  12:Core/Src/robot/int_config.cpp **** }
  42              		.loc 1 12 0
  43 000c 7047     		bx	lr
  44              	.L5:
  45 000e 00BF     		.align	2
  46              	.L4:
ARM GAS  C:\Users\Nischal Nepal\AppData\Local\Temp\cciI4Gt2.s 			page 2


  47 0010 00000000 		.word	gSendDataFlagReceived
  48              		.cfi_endproc
  49              	.LFE124:
  51              		.section	.text.HAL_UART_RxCpltCallback,"ax",%progbits
  52              		.align	1
  53              		.global	HAL_UART_RxCpltCallback
  54              		.syntax unified
  55              		.thumb
  56              		.thumb_func
  57              		.fpu fpv4-sp-d16
  59              	HAL_UART_RxCpltCallback:
  60              	.LFB125:
  13:Core/Src/robot/int_config.cpp **** 
  14:Core/Src/robot/int_config.cpp **** void HAL_UART_RxCpltCallback(UART_HandleTypeDef *huart)
  15:Core/Src/robot/int_config.cpp **** {
  61              		.loc 1 15 0
  62              		.cfi_startproc
  63              		@ args = 0, pretend = 0, frame = 0
  64              		@ frame_needed = 0, uses_anonymous_args = 0
  65              	.LVL1:
  66 0000 08B5     		push	{r3, lr}
  67              	.LCFI0:
  68              		.cfi_def_cfa_offset 8
  69              		.cfi_offset 3, -8
  70              		.cfi_offset 14, -4
  16:Core/Src/robot/int_config.cpp **** 	 if(huart->Instance == USART3)
  71              		.loc 1 16 0
  72 0002 0268     		ldr	r2, [r0]
  73 0004 034B     		ldr	r3, .L10
  74 0006 9A42     		cmp	r2, r3
  75 0008 00D0     		beq	.L9
  76              	.LVL2:
  77              	.L6:
  17:Core/Src/robot/int_config.cpp **** 	 {
  18:Core/Src/robot/int_config.cpp ****                  Thinker_UART_RxCpltCallback();
  19:Core/Src/robot/int_config.cpp **** 	 }
  20:Core/Src/robot/int_config.cpp **** }
  78              		.loc 1 20 0
  79 000a 08BD     		pop	{r3, pc}
  80              	.LVL3:
  81              	.L9:
  18:Core/Src/robot/int_config.cpp **** 	 }
  82              		.loc 1 18 0
  83 000c FFF7FEFF 		bl	_Z27Thinker_UART_RxCpltCallbackv
  84              	.LVL4:
  85              		.loc 1 20 0
  86 0010 FBE7     		b	.L6
  87              	.L11:
  88 0012 00BF     		.align	2
  89              	.L10:
  90 0014 00480040 		.word	1073760256
  91              		.cfi_endproc
  92              	.LFE125:
  94              		.text
  95              	.Letext0:
  96              		.file 2 "c:\\program files (x86)\\gnu tools arm embedded\\7 2017-q4-major\\arm-none-eabi\\include\
  97              		.file 3 "c:\\program files (x86)\\gnu tools arm embedded\\7 2017-q4-major\\arm-none-eabi\\include\
ARM GAS  C:\Users\Nischal Nepal\AppData\Local\Temp\cciI4Gt2.s 			page 3


  98              		.file 4 "C:/Users/n-is/STM32Cube/Repository/STM32Cube_FW_F4_V1.21.0/Drivers/CMSIS/Include/core_cm4
  99              		.file 5 "C:/Users/n-is/STM32Cube/Repository/STM32Cube_FW_F4_V1.21.0/Drivers/CMSIS/Device/ST/STM32F
 100              		.file 6 "C:/Users/n-is/STM32Cube/Repository/STM32Cube_FW_F4_V1.21.0/Drivers/CMSIS/Device/ST/STM32F
 101              		.file 7 "c:\\program files (x86)\\gnu tools arm embedded\\7 2017-q4-major\\arm-none-eabi\\include\
 102              		.file 8 "c:\\program files (x86)\\gnu tools arm embedded\\7 2017-q4-major\\arm-none-eabi\\include\
 103              		.file 9 "c:\\program files (x86)\\gnu tools arm embedded\\7 2017-q4-major\\lib\\gcc\\arm-none-eabi
 104              		.file 10 "c:\\program files (x86)\\gnu tools arm embedded\\7 2017-q4-major\\arm-none-eabi\\include
 105              		.file 11 "C:/Users/n-is/STM32Cube/Repository/STM32Cube_FW_F4_V1.21.0/Drivers/STM32F4xx_HAL_Driver/
 106              		.file 12 "C:/Users/n-is/STM32Cube/Repository/STM32Cube_FW_F4_V1.21.0/Drivers/STM32F4xx_HAL_Driver/
 107              		.file 13 "C:/Users/n-is/STM32Cube/Repository/STM32Cube_FW_F4_V1.21.0/Drivers/STM32F4xx_HAL_Driver/
 108              		.file 14 "Core/Inc/devs/thinker.h"
ARM GAS  C:\Users\Nischal Nepal\AppData\Local\Temp\cciI4Gt2.s 			page 4


DEFINED SYMBOLS
                            *ABS*:00000000 int_config.cpp
C:\Users\Nischal Nepal\AppData\Local\Temp\cciI4Gt2.s:18     .text.HAL_GPIO_EXTI_Callback:00000000 $t
C:\Users\Nischal Nepal\AppData\Local\Temp\cciI4Gt2.s:25     .text.HAL_GPIO_EXTI_Callback:00000000 HAL_GPIO_EXTI_Callback
C:\Users\Nischal Nepal\AppData\Local\Temp\cciI4Gt2.s:47     .text.HAL_GPIO_EXTI_Callback:00000010 $d
C:\Users\Nischal Nepal\AppData\Local\Temp\cciI4Gt2.s:52     .text.HAL_UART_RxCpltCallback:00000000 $t
C:\Users\Nischal Nepal\AppData\Local\Temp\cciI4Gt2.s:59     .text.HAL_UART_RxCpltCallback:00000000 HAL_UART_RxCpltCallback
C:\Users\Nischal Nepal\AppData\Local\Temp\cciI4Gt2.s:90     .text.HAL_UART_RxCpltCallback:00000014 $d

UNDEFINED SYMBOLS
gSendDataFlagReceived
_Z27Thinker_UART_RxCpltCallbackv
