ARM GAS  C:\Users\Prashant\AppData\Local\Temp\ccbchBr1.s 			page 1


   1              		.cpu cortex-m4
   2              		.eabi_attribute 27, 1
   3              		.eabi_attribute 28, 1
   4              		.eabi_attribute 20, 1
   5              		.eabi_attribute 21, 1
   6              		.eabi_attribute 23, 3
   7              		.eabi_attribute 24, 1
   8              		.eabi_attribute 25, 1
   9              		.eabi_attribute 26, 1
  10              		.eabi_attribute 30, 1
  11              		.eabi_attribute 34, 1
  12              		.eabi_attribute 18, 4
  13              		.file	"steering.cpp"
  14              		.text
  15              	.Ltext0:
  16              		.cfi_sections	.debug_frame
  17              		.section	.text._ZN8steering9set_omegaEf,"ax",%progbits
  18              		.align	1
  19              		.global	_ZN8steering9set_omegaEf
  20              		.syntax unified
  21              		.thumb
  22              		.thumb_func
  23              		.fpu fpv4-sp-d16
  25              	_ZN8steering9set_omegaEf:
  26              	.LFB375:
  27              		.file 1 "Core/Src/devs/steering.cpp"
   1:Core/Src/devs/steering.cpp **** #include "steering.h"
   2:Core/Src/devs/steering.cpp **** 
   3:Core/Src/devs/steering.cpp **** void steering::set_omega(float omega){
  28              		.loc 1 3 0
  29              		.cfi_startproc
  30              		@ args = 0, pretend = 0, frame = 0
  31              		@ frame_needed = 0, uses_anonymous_args = 0
  32              	.LVL0:
  33 0000 08B5     		push	{r3, lr}
  34              	.LCFI0:
  35              		.cfi_def_cfa_offset 8
  36              		.cfi_offset 3, -8
  37              		.cfi_offset 14, -4
   4:Core/Src/devs/steering.cpp **** 	motor__.set_omega(omega);
  38              		.loc 1 4 0
  39 0002 0830     		adds	r0, r0, #8
  40              	.LVL1:
  41 0004 FFF7FEFF 		bl	_ZN5motor9set_omegaEf
  42              	.LVL2:
   5:Core/Src/devs/steering.cpp **** }
  43              		.loc 1 5 0
  44 0008 08BD     		pop	{r3, pc}
  45              		.cfi_endproc
  46              	.LFE375:
  48              		.section	.text._ZN8steering9get_omegaEv,"ax",%progbits
  49              		.align	1
  50              		.global	_ZN8steering9get_omegaEv
  51              		.syntax unified
  52              		.thumb
  53              		.thumb_func
  54              		.fpu fpv4-sp-d16
ARM GAS  C:\Users\Prashant\AppData\Local\Temp\ccbchBr1.s 			page 2


  56              	_ZN8steering9get_omegaEv:
  57              	.LFB376:
   6:Core/Src/devs/steering.cpp **** 
   7:Core/Src/devs/steering.cpp **** float steering::get_omega(void){
  58              		.loc 1 7 0
  59              		.cfi_startproc
  60              		@ args = 0, pretend = 0, frame = 0
  61              		@ frame_needed = 0, uses_anonymous_args = 0
  62              	.LVL3:
  63 0000 08B5     		push	{r3, lr}
  64              	.LCFI1:
  65              		.cfi_def_cfa_offset 8
  66              		.cfi_offset 3, -8
  67              		.cfi_offset 14, -4
   8:Core/Src/devs/steering.cpp **** 	return encoder__.get_omega();
  68              		.loc 1 8 0
  69 0002 0C30     		adds	r0, r0, #12
  70              	.LVL4:
  71 0004 FFF7FEFF 		bl	_ZN7encoder9get_omegaEv
  72              	.LVL5:
   9:Core/Src/devs/steering.cpp **** }
  73              		.loc 1 9 0
  74 0008 08BD     		pop	{r3, pc}
  75              		.cfi_endproc
  76              	.LFE376:
  78              		.section	.text._ZN8steering11reset_angleEf,"ax",%progbits
  79              		.align	1
  80              		.global	_ZN8steering11reset_angleEf
  81              		.syntax unified
  82              		.thumb
  83              		.thumb_func
  84              		.fpu fpv4-sp-d16
  86              	_ZN8steering11reset_angleEf:
  87              	.LFB377:
  10:Core/Src/devs/steering.cpp **** 
  11:Core/Src/devs/steering.cpp **** void steering::reset_angle(float angle_in_radians){
  88              		.loc 1 11 0
  89              		.cfi_startproc
  90              		@ args = 0, pretend = 0, frame = 0
  91              		@ frame_needed = 0, uses_anonymous_args = 0
  92              	.LVL6:
  93 0000 08B5     		push	{r3, lr}
  94              	.LCFI2:
  95              		.cfi_def_cfa_offset 8
  96              		.cfi_offset 3, -8
  97              		.cfi_offset 14, -4
  12:Core/Src/devs/steering.cpp **** 	encoder__.reset_angle(angle_in_radians);
  98              		.loc 1 12 0
  99 0002 0C30     		adds	r0, r0, #12
 100              	.LVL7:
 101 0004 FFF7FEFF 		bl	_ZN7encoder11reset_angleEf
 102              	.LVL8:
  13:Core/Src/devs/steering.cpp **** }
 103              		.loc 1 13 0
 104 0008 08BD     		pop	{r3, pc}
 105              		.cfi_endproc
 106              	.LFE377:
ARM GAS  C:\Users\Prashant\AppData\Local\Temp\ccbchBr1.s 			page 3


 108              		.section	.text._ZN8steering9get_angleEv,"ax",%progbits
 109              		.align	1
 110              		.global	_ZN8steering9get_angleEv
 111              		.syntax unified
 112              		.thumb
 113              		.thumb_func
 114              		.fpu fpv4-sp-d16
 116              	_ZN8steering9get_angleEv:
 117              	.LFB378:
  14:Core/Src/devs/steering.cpp **** 
  15:Core/Src/devs/steering.cpp **** float steering::get_angle(void){
 118              		.loc 1 15 0
 119              		.cfi_startproc
 120              		@ args = 0, pretend = 0, frame = 0
 121              		@ frame_needed = 0, uses_anonymous_args = 0
 122              	.LVL9:
 123 0000 08B5     		push	{r3, lr}
 124              	.LCFI3:
 125              		.cfi_def_cfa_offset 8
 126              		.cfi_offset 3, -8
 127              		.cfi_offset 14, -4
  16:Core/Src/devs/steering.cpp **** 	return encoder__.get_angle();
 128              		.loc 1 16 0
 129 0002 0C30     		adds	r0, r0, #12
 130              	.LVL10:
 131 0004 FFF7FEFF 		bl	_ZN7encoder9get_angleEv
 132              	.LVL11:
  17:Core/Src/devs/steering.cpp **** }...
 133              		.loc 1 17 0
 134 0008 08BD     		pop	{r3, pc}
 135              		.cfi_endproc
 136              	.LFE378:
 138              		.text
 139              	.Letext0:
 140              		.file 2 "c:\\program files (x86)\\gnu tools arm embedded\\7 2017-q4-major\\arm-none-eabi\\include\
 141              		.file 3 "c:\\program files (x86)\\gnu tools arm embedded\\7 2017-q4-major\\arm-none-eabi\\include\
 142              		.file 4 "Drivers/CMSIS/Include/core_cm4.h"
 143              		.file 5 "Drivers/CMSIS/Device/ST/STM32F4xx/Include/system_stm32f4xx.h"
 144              		.file 6 "Drivers/CMSIS/Device/ST/STM32F4xx/Include/stm32f407xx.h"
 145              		.file 7 "c:\\program files (x86)\\gnu tools arm embedded\\7 2017-q4-major\\arm-none-eabi\\include\
 146              		.file 8 "c:\\program files (x86)\\gnu tools arm embedded\\7 2017-q4-major\\arm-none-eabi\\include\
 147              		.file 9 "c:\\program files (x86)\\gnu tools arm embedded\\7 2017-q4-major\\lib\\gcc\\arm-none-eabi
 148              		.file 10 "c:\\program files (x86)\\gnu tools arm embedded\\7 2017-q4-major\\arm-none-eabi\\include
 149              		.file 11 "Drivers/STM32F4xx_HAL_Driver/Inc/stm32f4xx_hal_def.h"
 150              		.file 12 "Drivers/STM32F4xx_HAL_Driver/Inc/stm32f4xx_hal_dma.h"
 151              		.file 13 "Drivers/STM32F4xx_HAL_Driver/Inc/stm32f4xx_hal_tim.h"
 152              		.file 14 "Core/Inc/periphs/tim.h"
 153              		.file 15 "c:\\program files (x86)\\gnu tools arm embedded\\7 2017-q4-major\\arm-none-eabi\\include
 154              		.file 16 "c:\\program files (x86)\\gnu tools arm embedded\\7 2017-q4-major\\arm-none-eabi\\include
 155              		.file 17 "c:\\program files (x86)\\gnu tools arm embedded\\7 2017-q4-major\\arm-none-eabi\\include
 156              		.file 18 "c:\\program files (x86)\\gnu tools arm embedded\\7 2017-q4-major\\arm-none-eabi\\include
 157              		.file 19 "c:\\program files (x86)\\gnu tools arm embedded\\7 2017-q4-major\\arm-none-eabi\\include
 158              		.file 20 "Core/Inc/devs/motor.h"
 159              		.file 21 "Core/Inc/devs/encoder.h"
 160              		.file 22 "Core/Inc/devs/limit_switch.h"
 161              		.file 23 "Core/Inc/devs/steering.h"
 162              		.file 24 "<built-in>"
ARM GAS  C:\Users\Prashant\AppData\Local\Temp\ccbchBr1.s 			page 4


ARM GAS  C:\Users\Prashant\AppData\Local\Temp\ccbchBr1.s 			page 5


DEFINED SYMBOLS
                            *ABS*:00000000 steering.cpp
C:\Users\Prashant\AppData\Local\Temp\ccbchBr1.s:18     .text._ZN8steering9set_omegaEf:00000000 $t
C:\Users\Prashant\AppData\Local\Temp\ccbchBr1.s:25     .text._ZN8steering9set_omegaEf:00000000 _ZN8steering9set_omegaEf
C:\Users\Prashant\AppData\Local\Temp\ccbchBr1.s:49     .text._ZN8steering9get_omegaEv:00000000 $t
C:\Users\Prashant\AppData\Local\Temp\ccbchBr1.s:56     .text._ZN8steering9get_omegaEv:00000000 _ZN8steering9get_omegaEv
C:\Users\Prashant\AppData\Local\Temp\ccbchBr1.s:79     .text._ZN8steering11reset_angleEf:00000000 $t
C:\Users\Prashant\AppData\Local\Temp\ccbchBr1.s:86     .text._ZN8steering11reset_angleEf:00000000 _ZN8steering11reset_angleEf
C:\Users\Prashant\AppData\Local\Temp\ccbchBr1.s:109    .text._ZN8steering9get_angleEv:00000000 $t
C:\Users\Prashant\AppData\Local\Temp\ccbchBr1.s:116    .text._ZN8steering9get_angleEv:00000000 _ZN8steering9get_angleEv

UNDEFINED SYMBOLS
_ZN5motor9set_omegaEf
_ZN7encoder9get_omegaEv
_ZN7encoder11reset_angleEf
_ZN7encoder9get_angleEv
