ARM GAS  C:\Users\Prashant\AppData\Local\Temp\ccIdE8Nd.s 			page 1


   1              		.cpu cortex-m4
   2              		.eabi_attribute 27, 1
   3              		.eabi_attribute 28, 1
   4              		.eabi_attribute 20, 1
   5              		.eabi_attribute 21, 1
   6              		.eabi_attribute 23, 3
   7              		.eabi_attribute 24, 1
   8              		.eabi_attribute 25, 1
   9              		.eabi_attribute 26, 1
  10              		.eabi_attribute 30, 1
  11              		.eabi_attribute 34, 1
  12              		.eabi_attribute 18, 4
  13              		.file	"usart.c"
  14              		.text
  15              	.Ltext0:
  16              		.cfi_sections	.debug_frame
  17              		.section	.text.MX_USART1_UART_Init,"ax",%progbits
  18              		.align	1
  19              		.global	MX_USART1_UART_Init
  20              		.syntax unified
  21              		.thumb
  22              		.thumb_func
  23              		.fpu fpv4-sp-d16
  25              	MX_USART1_UART_Init:
  26              	.LFB126:
  27              		.file 1 "Core/Src/periphs/usart.c"
   1:Core/Src/periphs/usart.c **** /**
   2:Core/Src/periphs/usart.c ****   ******************************************************************************
   3:Core/Src/periphs/usart.c ****   * File Name          : USART.c
   4:Core/Src/periphs/usart.c ****   * Description        : This file provides code for the configuration
   5:Core/Src/periphs/usart.c ****   *                      of the USART instances.
   6:Core/Src/periphs/usart.c ****   ******************************************************************************
   7:Core/Src/periphs/usart.c ****   ** This notice applies to any and all portions of this file
   8:Core/Src/periphs/usart.c ****   * that are not between comment pairs USER CODE BEGIN and
   9:Core/Src/periphs/usart.c ****   * USER CODE END. Other portions of this file, whether 
  10:Core/Src/periphs/usart.c ****   * inserted by the user or by software development tools
  11:Core/Src/periphs/usart.c ****   * are owned by their respective copyright owners.
  12:Core/Src/periphs/usart.c ****   *
  13:Core/Src/periphs/usart.c ****   * COPYRIGHT(c) 2019 STMicroelectronics
  14:Core/Src/periphs/usart.c ****   *
  15:Core/Src/periphs/usart.c ****   * Redistribution and use in source and binary forms, with or without modification,
  16:Core/Src/periphs/usart.c ****   * are permitted provided that the following conditions are met:
  17:Core/Src/periphs/usart.c ****   *   1. Redistributions of source code must retain the above copyright notice,
  18:Core/Src/periphs/usart.c ****   *      this list of conditions and the following disclaimer.
  19:Core/Src/periphs/usart.c ****   *   2. Redistributions in binary form must reproduce the above copyright notice,
  20:Core/Src/periphs/usart.c ****   *      this list of conditions and the following disclaimer in the documentation
  21:Core/Src/periphs/usart.c ****   *      and/or other materials provided with the distribution.
  22:Core/Src/periphs/usart.c ****   *   3. Neither the name of STMicroelectronics nor the names of its contributors
  23:Core/Src/periphs/usart.c ****   *      may be used to endorse or promote products derived from this software
  24:Core/Src/periphs/usart.c ****   *      without specific prior written permission.
  25:Core/Src/periphs/usart.c ****   *
  26:Core/Src/periphs/usart.c ****   * THIS SOFTWARE IS PROVIDED BY THE COPYRIGHT HOLDERS AND CONTRIBUTORS "AS IS"
  27:Core/Src/periphs/usart.c ****   * AND ANY EXPRESS OR IMPLIED WARRANTIES, INCLUDING, BUT NOT LIMITED TO, THE
  28:Core/Src/periphs/usart.c ****   * IMPLIED WARRANTIES OF MERCHANTABILITY AND FITNESS FOR A PARTICULAR PURPOSE ARE
  29:Core/Src/periphs/usart.c ****   * DISCLAIMED. IN NO EVENT SHALL THE COPYRIGHT HOLDER OR CONTRIBUTORS BE LIABLE
  30:Core/Src/periphs/usart.c ****   * FOR ANY DIRECT, INDIRECT, INCIDENTAL, SPECIAL, EXEMPLARY, OR CONSEQUENTIAL
  31:Core/Src/periphs/usart.c ****   * DAMAGES (INCLUDING, BUT NOT LIMITED TO, PROCUREMENT OF SUBSTITUTE GOODS OR
ARM GAS  C:\Users\Prashant\AppData\Local\Temp\ccIdE8Nd.s 			page 2


  32:Core/Src/periphs/usart.c ****   * SERVICES; LOSS OF USE, DATA, OR PROFITS; OR BUSINESS INTERRUPTION) HOWEVER
  33:Core/Src/periphs/usart.c ****   * CAUSED AND ON ANY THEORY OF LIABILITY, WHETHER IN CONTRACT, STRICT LIABILITY,
  34:Core/Src/periphs/usart.c ****   * OR TORT (INCLUDING NEGLIGENCE OR OTHERWISE) ARISING IN ANY WAY OUT OF THE USE
  35:Core/Src/periphs/usart.c ****   * OF THIS SOFTWARE, EVEN IF ADVISED OF THE POSSIBILITY OF SUCH DAMAGE.
  36:Core/Src/periphs/usart.c ****   *
  37:Core/Src/periphs/usart.c ****   ******************************************************************************
  38:Core/Src/periphs/usart.c ****   */
  39:Core/Src/periphs/usart.c **** 
  40:Core/Src/periphs/usart.c **** /* Includes ------------------------------------------------------------------*/
  41:Core/Src/periphs/usart.c **** #include "usart.h"
  42:Core/Src/periphs/usart.c **** 
  43:Core/Src/periphs/usart.c **** /* USER CODE BEGIN 0 */
  44:Core/Src/periphs/usart.c **** 
  45:Core/Src/periphs/usart.c **** /* USER CODE END 0 */
  46:Core/Src/periphs/usart.c **** 
  47:Core/Src/periphs/usart.c **** UART_HandleTypeDef huart1;
  48:Core/Src/periphs/usart.c **** UART_HandleTypeDef huart2;
  49:Core/Src/periphs/usart.c **** UART_HandleTypeDef huart3;
  50:Core/Src/periphs/usart.c **** 
  51:Core/Src/periphs/usart.c **** /* USART1 init function */
  52:Core/Src/periphs/usart.c **** 
  53:Core/Src/periphs/usart.c **** void MX_USART1_UART_Init(void)
  54:Core/Src/periphs/usart.c **** {
  28              		.loc 1 54 0
  29              		.cfi_startproc
  30              		@ args = 0, pretend = 0, frame = 0
  31              		@ frame_needed = 0, uses_anonymous_args = 0
  32 0000 08B5     		push	{r3, lr}
  33              	.LCFI0:
  34              		.cfi_def_cfa_offset 8
  35              		.cfi_offset 3, -8
  36              		.cfi_offset 14, -4
  55:Core/Src/periphs/usart.c **** 
  56:Core/Src/periphs/usart.c ****   huart1.Instance = USART1;
  37              		.loc 1 56 0
  38 0002 0A48     		ldr	r0, .L5
  39 0004 0A4B     		ldr	r3, .L5+4
  40 0006 0360     		str	r3, [r0]
  57:Core/Src/periphs/usart.c ****   huart1.Init.BaudRate = 115200;
  41              		.loc 1 57 0
  42 0008 4FF4E133 		mov	r3, #115200
  43 000c 4360     		str	r3, [r0, #4]
  58:Core/Src/periphs/usart.c ****   huart1.Init.WordLength = UART_WORDLENGTH_8B;
  44              		.loc 1 58 0
  45 000e 0023     		movs	r3, #0
  46 0010 8360     		str	r3, [r0, #8]
  59:Core/Src/periphs/usart.c ****   huart1.Init.StopBits = UART_STOPBITS_1;
  47              		.loc 1 59 0
  48 0012 C360     		str	r3, [r0, #12]
  60:Core/Src/periphs/usart.c ****   huart1.Init.Parity = UART_PARITY_NONE;
  49              		.loc 1 60 0
  50 0014 0361     		str	r3, [r0, #16]
  61:Core/Src/periphs/usart.c ****   huart1.Init.Mode = UART_MODE_TX_RX;
  51              		.loc 1 61 0
  52 0016 0C22     		movs	r2, #12
  53 0018 4261     		str	r2, [r0, #20]
  62:Core/Src/periphs/usart.c ****   huart1.Init.HwFlowCtl = UART_HWCONTROL_NONE;
ARM GAS  C:\Users\Prashant\AppData\Local\Temp\ccIdE8Nd.s 			page 3


  54              		.loc 1 62 0
  55 001a 8361     		str	r3, [r0, #24]
  63:Core/Src/periphs/usart.c ****   huart1.Init.OverSampling = UART_OVERSAMPLING_16;
  56              		.loc 1 63 0
  57 001c C361     		str	r3, [r0, #28]
  64:Core/Src/periphs/usart.c ****   if (HAL_UART_Init(&huart1) != HAL_OK)
  58              		.loc 1 64 0
  59 001e FFF7FEFF 		bl	HAL_UART_Init
  60              	.LVL0:
  61 0022 00B9     		cbnz	r0, .L4
  62              	.L1:
  65:Core/Src/periphs/usart.c ****   {
  66:Core/Src/periphs/usart.c ****     Error_Handler();
  67:Core/Src/periphs/usart.c ****   }
  68:Core/Src/periphs/usart.c **** 
  69:Core/Src/periphs/usart.c **** }
  63              		.loc 1 69 0
  64 0024 08BD     		pop	{r3, pc}
  65              	.L4:
  66:Core/Src/periphs/usart.c ****   }
  66              		.loc 1 66 0
  67 0026 FFF7FEFF 		bl	Error_Handler
  68              	.LVL1:
  69              		.loc 1 69 0
  70 002a FBE7     		b	.L1
  71              	.L6:
  72              		.align	2
  73              	.L5:
  74 002c 00000000 		.word	huart1
  75 0030 00100140 		.word	1073811456
  76              		.cfi_endproc
  77              	.LFE126:
  79              		.section	.text.MX_USART2_UART_Init,"ax",%progbits
  80              		.align	1
  81              		.global	MX_USART2_UART_Init
  82              		.syntax unified
  83              		.thumb
  84              		.thumb_func
  85              		.fpu fpv4-sp-d16
  87              	MX_USART2_UART_Init:
  88              	.LFB127:
  70:Core/Src/periphs/usart.c **** /* USART2 init function */
  71:Core/Src/periphs/usart.c **** 
  72:Core/Src/periphs/usart.c **** void MX_USART2_UART_Init(void)
  73:Core/Src/periphs/usart.c **** {
  89              		.loc 1 73 0
  90              		.cfi_startproc
  91              		@ args = 0, pretend = 0, frame = 0
  92              		@ frame_needed = 0, uses_anonymous_args = 0
  93 0000 08B5     		push	{r3, lr}
  94              	.LCFI1:
  95              		.cfi_def_cfa_offset 8
  96              		.cfi_offset 3, -8
  97              		.cfi_offset 14, -4
  74:Core/Src/periphs/usart.c **** 
  75:Core/Src/periphs/usart.c ****   huart2.Instance = USART2;
  98              		.loc 1 75 0
ARM GAS  C:\Users\Prashant\AppData\Local\Temp\ccIdE8Nd.s 			page 4


  99 0002 0A48     		ldr	r0, .L11
 100 0004 0A4B     		ldr	r3, .L11+4
 101 0006 0360     		str	r3, [r0]
  76:Core/Src/periphs/usart.c ****   huart2.Init.BaudRate = 115200;
 102              		.loc 1 76 0
 103 0008 4FF4E133 		mov	r3, #115200
 104 000c 4360     		str	r3, [r0, #4]
  77:Core/Src/periphs/usart.c ****   huart2.Init.WordLength = UART_WORDLENGTH_8B;
 105              		.loc 1 77 0
 106 000e 0023     		movs	r3, #0
 107 0010 8360     		str	r3, [r0, #8]
  78:Core/Src/periphs/usart.c ****   huart2.Init.StopBits = UART_STOPBITS_1;
 108              		.loc 1 78 0
 109 0012 C360     		str	r3, [r0, #12]
  79:Core/Src/periphs/usart.c ****   huart2.Init.Parity = UART_PARITY_NONE;
 110              		.loc 1 79 0
 111 0014 0361     		str	r3, [r0, #16]
  80:Core/Src/periphs/usart.c ****   huart2.Init.Mode = UART_MODE_TX_RX;
 112              		.loc 1 80 0
 113 0016 0C22     		movs	r2, #12
 114 0018 4261     		str	r2, [r0, #20]
  81:Core/Src/periphs/usart.c ****   huart2.Init.HwFlowCtl = UART_HWCONTROL_NONE;
 115              		.loc 1 81 0
 116 001a 8361     		str	r3, [r0, #24]
  82:Core/Src/periphs/usart.c ****   huart2.Init.OverSampling = UART_OVERSAMPLING_16;
 117              		.loc 1 82 0
 118 001c C361     		str	r3, [r0, #28]
  83:Core/Src/periphs/usart.c ****   if (HAL_UART_Init(&huart2) != HAL_OK)
 119              		.loc 1 83 0
 120 001e FFF7FEFF 		bl	HAL_UART_Init
 121              	.LVL2:
 122 0022 00B9     		cbnz	r0, .L10
 123              	.L7:
  84:Core/Src/periphs/usart.c ****   {
  85:Core/Src/periphs/usart.c ****     Error_Handler();
  86:Core/Src/periphs/usart.c ****   }
  87:Core/Src/periphs/usart.c **** 
  88:Core/Src/periphs/usart.c **** }
 124              		.loc 1 88 0
 125 0024 08BD     		pop	{r3, pc}
 126              	.L10:
  85:Core/Src/periphs/usart.c ****   }
 127              		.loc 1 85 0
 128 0026 FFF7FEFF 		bl	Error_Handler
 129              	.LVL3:
 130              		.loc 1 88 0
 131 002a FBE7     		b	.L7
 132              	.L12:
 133              		.align	2
 134              	.L11:
 135 002c 00000000 		.word	huart2
 136 0030 00440040 		.word	1073759232
 137              		.cfi_endproc
 138              	.LFE127:
 140              		.section	.text.MX_USART3_UART_Init,"ax",%progbits
 141              		.align	1
 142              		.global	MX_USART3_UART_Init
ARM GAS  C:\Users\Prashant\AppData\Local\Temp\ccIdE8Nd.s 			page 5


 143              		.syntax unified
 144              		.thumb
 145              		.thumb_func
 146              		.fpu fpv4-sp-d16
 148              	MX_USART3_UART_Init:
 149              	.LFB128:
  89:Core/Src/periphs/usart.c **** /* USART3 init function */
  90:Core/Src/periphs/usart.c **** 
  91:Core/Src/periphs/usart.c **** void MX_USART3_UART_Init(void)
  92:Core/Src/periphs/usart.c **** {
 150              		.loc 1 92 0
 151              		.cfi_startproc
 152              		@ args = 0, pretend = 0, frame = 0
 153              		@ frame_needed = 0, uses_anonymous_args = 0
 154 0000 08B5     		push	{r3, lr}
 155              	.LCFI2:
 156              		.cfi_def_cfa_offset 8
 157              		.cfi_offset 3, -8
 158              		.cfi_offset 14, -4
  93:Core/Src/periphs/usart.c **** 
  94:Core/Src/periphs/usart.c ****   huart3.Instance = USART3;
 159              		.loc 1 94 0
 160 0002 0A48     		ldr	r0, .L17
 161 0004 0A4B     		ldr	r3, .L17+4
 162 0006 0360     		str	r3, [r0]
  95:Core/Src/periphs/usart.c ****   huart3.Init.BaudRate = 9600;
 163              		.loc 1 95 0
 164 0008 4FF41653 		mov	r3, #9600
 165 000c 4360     		str	r3, [r0, #4]
  96:Core/Src/periphs/usart.c ****   huart3.Init.WordLength = UART_WORDLENGTH_8B;
 166              		.loc 1 96 0
 167 000e 0023     		movs	r3, #0
 168 0010 8360     		str	r3, [r0, #8]
  97:Core/Src/periphs/usart.c ****   huart3.Init.StopBits = UART_STOPBITS_1;
 169              		.loc 1 97 0
 170 0012 C360     		str	r3, [r0, #12]
  98:Core/Src/periphs/usart.c ****   huart3.Init.Parity = UART_PARITY_NONE;
 171              		.loc 1 98 0
 172 0014 0361     		str	r3, [r0, #16]
  99:Core/Src/periphs/usart.c ****   huart3.Init.Mode = UART_MODE_TX_RX;
 173              		.loc 1 99 0
 174 0016 0C22     		movs	r2, #12
 175 0018 4261     		str	r2, [r0, #20]
 100:Core/Src/periphs/usart.c ****   huart3.Init.HwFlowCtl = UART_HWCONTROL_NONE;
 176              		.loc 1 100 0
 177 001a 8361     		str	r3, [r0, #24]
 101:Core/Src/periphs/usart.c ****   huart3.Init.OverSampling = UART_OVERSAMPLING_16;
 178              		.loc 1 101 0
 179 001c C361     		str	r3, [r0, #28]
 102:Core/Src/periphs/usart.c ****   if (HAL_UART_Init(&huart3) != HAL_OK)
 180              		.loc 1 102 0
 181 001e FFF7FEFF 		bl	HAL_UART_Init
 182              	.LVL4:
 183 0022 00B9     		cbnz	r0, .L16
 184              	.L13:
 103:Core/Src/periphs/usart.c ****   {
 104:Core/Src/periphs/usart.c ****     Error_Handler();
ARM GAS  C:\Users\Prashant\AppData\Local\Temp\ccIdE8Nd.s 			page 6


 105:Core/Src/periphs/usart.c ****   }
 106:Core/Src/periphs/usart.c **** 
 107:Core/Src/periphs/usart.c **** }
 185              		.loc 1 107 0
 186 0024 08BD     		pop	{r3, pc}
 187              	.L16:
 104:Core/Src/periphs/usart.c ****   }
 188              		.loc 1 104 0
 189 0026 FFF7FEFF 		bl	Error_Handler
 190              	.LVL5:
 191              		.loc 1 107 0
 192 002a FBE7     		b	.L13
 193              	.L18:
 194              		.align	2
 195              	.L17:
 196 002c 00000000 		.word	huart3
 197 0030 00480040 		.word	1073760256
 198              		.cfi_endproc
 199              	.LFE128:
 201              		.section	.text.HAL_UART_MspInit,"ax",%progbits
 202              		.align	1
 203              		.global	HAL_UART_MspInit
 204              		.syntax unified
 205              		.thumb
 206              		.thumb_func
 207              		.fpu fpv4-sp-d16
 209              	HAL_UART_MspInit:
 210              	.LFB129:
 108:Core/Src/periphs/usart.c **** 
 109:Core/Src/periphs/usart.c **** void HAL_UART_MspInit(UART_HandleTypeDef* uartHandle)
 110:Core/Src/periphs/usart.c **** {
 211              		.loc 1 110 0
 212              		.cfi_startproc
 213              		@ args = 0, pretend = 0, frame = 48
 214              		@ frame_needed = 0, uses_anonymous_args = 0
 215              	.LVL6:
 216 0000 00B5     		push	{lr}
 217              	.LCFI3:
 218              		.cfi_def_cfa_offset 4
 219              		.cfi_offset 14, -4
 220 0002 8DB0     		sub	sp, sp, #52
 221              	.LCFI4:
 222              		.cfi_def_cfa_offset 56
 111:Core/Src/periphs/usart.c **** 
 112:Core/Src/periphs/usart.c ****   GPIO_InitTypeDef GPIO_InitStruct = {0};
 223              		.loc 1 112 0
 224 0004 0023     		movs	r3, #0
 225 0006 0793     		str	r3, [sp, #28]
 226 0008 0893     		str	r3, [sp, #32]
 227 000a 0993     		str	r3, [sp, #36]
 228 000c 0A93     		str	r3, [sp, #40]
 229 000e 0B93     		str	r3, [sp, #44]
 113:Core/Src/periphs/usart.c ****   if(uartHandle->Instance==USART1)
 230              		.loc 1 113 0
 231 0010 0368     		ldr	r3, [r0]
 232 0012 3E4A     		ldr	r2, .L27
 233 0014 9342     		cmp	r3, r2
ARM GAS  C:\Users\Prashant\AppData\Local\Temp\ccIdE8Nd.s 			page 7


 234 0016 08D0     		beq	.L24
 114:Core/Src/periphs/usart.c ****   {
 115:Core/Src/periphs/usart.c ****   /* USER CODE BEGIN USART1_MspInit 0 */
 116:Core/Src/periphs/usart.c **** 
 117:Core/Src/periphs/usart.c ****   /* USER CODE END USART1_MspInit 0 */
 118:Core/Src/periphs/usart.c ****     /* USART1 clock enable */
 119:Core/Src/periphs/usart.c ****     __HAL_RCC_USART1_CLK_ENABLE();
 120:Core/Src/periphs/usart.c ****   
 121:Core/Src/periphs/usart.c ****     __HAL_RCC_GPIOB_CLK_ENABLE();
 122:Core/Src/periphs/usart.c ****     /**USART1 GPIO Configuration    
 123:Core/Src/periphs/usart.c ****     PB6     ------> USART1_TX
 124:Core/Src/periphs/usart.c ****     PB7     ------> USART1_RX 
 125:Core/Src/periphs/usart.c ****     */
 126:Core/Src/periphs/usart.c ****     GPIO_InitStruct.Pin = GPIO_PIN_6|GPIO_PIN_7;
 127:Core/Src/periphs/usart.c ****     GPIO_InitStruct.Mode = GPIO_MODE_AF_PP;
 128:Core/Src/periphs/usart.c ****     GPIO_InitStruct.Pull = GPIO_PULLUP;
 129:Core/Src/periphs/usart.c ****     GPIO_InitStruct.Speed = GPIO_SPEED_FREQ_VERY_HIGH;
 130:Core/Src/periphs/usart.c ****     GPIO_InitStruct.Alternate = GPIO_AF7_USART1;
 131:Core/Src/periphs/usart.c ****     HAL_GPIO_Init(GPIOB, &GPIO_InitStruct);
 132:Core/Src/periphs/usart.c **** 
 133:Core/Src/periphs/usart.c ****   /* USER CODE BEGIN USART1_MspInit 1 */
 134:Core/Src/periphs/usart.c **** 
 135:Core/Src/periphs/usart.c ****   /* USER CODE END USART1_MspInit 1 */
 136:Core/Src/periphs/usart.c ****   }
 137:Core/Src/periphs/usart.c ****   else if(uartHandle->Instance==USART2)
 235              		.loc 1 137 0
 236 0018 3D4A     		ldr	r2, .L27+4
 237 001a 9342     		cmp	r3, r2
 238 001c 2AD0     		beq	.L25
 138:Core/Src/periphs/usart.c ****   {
 139:Core/Src/periphs/usart.c ****   /* USER CODE BEGIN USART2_MspInit 0 */
 140:Core/Src/periphs/usart.c **** 
 141:Core/Src/periphs/usart.c ****   /* USER CODE END USART2_MspInit 0 */
 142:Core/Src/periphs/usart.c ****     /* USART2 clock enable */
 143:Core/Src/periphs/usart.c ****     __HAL_RCC_USART2_CLK_ENABLE();
 144:Core/Src/periphs/usart.c ****   
 145:Core/Src/periphs/usart.c ****     __HAL_RCC_GPIOD_CLK_ENABLE();
 146:Core/Src/periphs/usart.c ****     /**USART2 GPIO Configuration    
 147:Core/Src/periphs/usart.c ****     PD5     ------> USART2_TX
 148:Core/Src/periphs/usart.c ****     PD6     ------> USART2_RX 
 149:Core/Src/periphs/usart.c ****     */
 150:Core/Src/periphs/usart.c ****     GPIO_InitStruct.Pin = GPIO_PIN_5|GPIO_PIN_6;
 151:Core/Src/periphs/usart.c ****     GPIO_InitStruct.Mode = GPIO_MODE_AF_PP;
 152:Core/Src/periphs/usart.c ****     GPIO_InitStruct.Pull = GPIO_PULLUP;
 153:Core/Src/periphs/usart.c ****     GPIO_InitStruct.Speed = GPIO_SPEED_FREQ_VERY_HIGH;
 154:Core/Src/periphs/usart.c ****     GPIO_InitStruct.Alternate = GPIO_AF7_USART2;
 155:Core/Src/periphs/usart.c ****     HAL_GPIO_Init(GPIOD, &GPIO_InitStruct);
 156:Core/Src/periphs/usart.c **** 
 157:Core/Src/periphs/usart.c ****   /* USER CODE BEGIN USART2_MspInit 1 */
 158:Core/Src/periphs/usart.c **** 
 159:Core/Src/periphs/usart.c ****   /* USER CODE END USART2_MspInit 1 */
 160:Core/Src/periphs/usart.c ****   }
 161:Core/Src/periphs/usart.c ****   else if(uartHandle->Instance==USART3)
 239              		.loc 1 161 0
 240 001e 3D4A     		ldr	r2, .L27+8
 241 0020 9342     		cmp	r3, r2
 242 0022 4CD0     		beq	.L26
ARM GAS  C:\Users\Prashant\AppData\Local\Temp\ccIdE8Nd.s 			page 8


 243              	.LVL7:
 244              	.L19:
 162:Core/Src/periphs/usart.c ****   {
 163:Core/Src/periphs/usart.c ****   /* USER CODE BEGIN USART3_MspInit 0 */
 164:Core/Src/periphs/usart.c **** 
 165:Core/Src/periphs/usart.c ****   /* USER CODE END USART3_MspInit 0 */
 166:Core/Src/periphs/usart.c ****     /* USART3 clock enable */
 167:Core/Src/periphs/usart.c ****     __HAL_RCC_USART3_CLK_ENABLE();
 168:Core/Src/periphs/usart.c ****   
 169:Core/Src/periphs/usart.c ****     __HAL_RCC_GPIOB_CLK_ENABLE();
 170:Core/Src/periphs/usart.c ****     /**USART3 GPIO Configuration    
 171:Core/Src/periphs/usart.c ****     PB10     ------> USART3_TX
 172:Core/Src/periphs/usart.c ****     PB11     ------> USART3_RX 
 173:Core/Src/periphs/usart.c ****     */
 174:Core/Src/periphs/usart.c ****     GPIO_InitStruct.Pin = GPIO_PIN_10|GPIO_PIN_11;
 175:Core/Src/periphs/usart.c ****     GPIO_InitStruct.Mode = GPIO_MODE_AF_PP;
 176:Core/Src/periphs/usart.c ****     GPIO_InitStruct.Pull = GPIO_PULLUP;
 177:Core/Src/periphs/usart.c ****     GPIO_InitStruct.Speed = GPIO_SPEED_FREQ_VERY_HIGH;
 178:Core/Src/periphs/usart.c ****     GPIO_InitStruct.Alternate = GPIO_AF7_USART3;
 179:Core/Src/periphs/usart.c ****     HAL_GPIO_Init(GPIOB, &GPIO_InitStruct);
 180:Core/Src/periphs/usart.c **** 
 181:Core/Src/periphs/usart.c ****   /* USER CODE BEGIN USART3_MspInit 1 */
 182:Core/Src/periphs/usart.c **** 
 183:Core/Src/periphs/usart.c ****   /* USER CODE END USART3_MspInit 1 */
 184:Core/Src/periphs/usart.c ****   }
 185:Core/Src/periphs/usart.c **** }
 245              		.loc 1 185 0
 246 0024 0DB0     		add	sp, sp, #52
 247              	.LCFI5:
 248              		.cfi_remember_state
 249              		.cfi_def_cfa_offset 4
 250              		@ sp needed
 251 0026 5DF804FB 		ldr	pc, [sp], #4
 252              	.LVL8:
 253              	.L24:
 254              	.LCFI6:
 255              		.cfi_restore_state
 256              	.LBB2:
 119:Core/Src/periphs/usart.c ****   
 257              		.loc 1 119 0
 258 002a 0021     		movs	r1, #0
 259 002c 0191     		str	r1, [sp, #4]
 260 002e 3A4B     		ldr	r3, .L27+12
 261 0030 5A6C     		ldr	r2, [r3, #68]
 262 0032 42F01002 		orr	r2, r2, #16
 263 0036 5A64     		str	r2, [r3, #68]
 264 0038 5A6C     		ldr	r2, [r3, #68]
 265 003a 02F01002 		and	r2, r2, #16
 266 003e 0192     		str	r2, [sp, #4]
 267 0040 019A     		ldr	r2, [sp, #4]
 268              	.LBE2:
 269              	.LBB3:
 121:Core/Src/periphs/usart.c ****     /**USART1 GPIO Configuration    
 270              		.loc 1 121 0
 271 0042 0291     		str	r1, [sp, #8]
 272 0044 1A6B     		ldr	r2, [r3, #48]
 273 0046 42F00202 		orr	r2, r2, #2
ARM GAS  C:\Users\Prashant\AppData\Local\Temp\ccIdE8Nd.s 			page 9


 274 004a 1A63     		str	r2, [r3, #48]
 275 004c 1B6B     		ldr	r3, [r3, #48]
 276 004e 03F00203 		and	r3, r3, #2
 277 0052 0293     		str	r3, [sp, #8]
 278 0054 029B     		ldr	r3, [sp, #8]
 279              	.LBE3:
 126:Core/Src/periphs/usart.c ****     GPIO_InitStruct.Mode = GPIO_MODE_AF_PP;
 280              		.loc 1 126 0
 281 0056 C023     		movs	r3, #192
 282 0058 0793     		str	r3, [sp, #28]
 127:Core/Src/periphs/usart.c ****     GPIO_InitStruct.Pull = GPIO_PULLUP;
 283              		.loc 1 127 0
 284 005a 0223     		movs	r3, #2
 285 005c 0893     		str	r3, [sp, #32]
 128:Core/Src/periphs/usart.c ****     GPIO_InitStruct.Speed = GPIO_SPEED_FREQ_VERY_HIGH;
 286              		.loc 1 128 0
 287 005e 0123     		movs	r3, #1
 288 0060 0993     		str	r3, [sp, #36]
 129:Core/Src/periphs/usart.c ****     GPIO_InitStruct.Alternate = GPIO_AF7_USART1;
 289              		.loc 1 129 0
 290 0062 0323     		movs	r3, #3
 291 0064 0A93     		str	r3, [sp, #40]
 130:Core/Src/periphs/usart.c ****     HAL_GPIO_Init(GPIOB, &GPIO_InitStruct);
 292              		.loc 1 130 0
 293 0066 0723     		movs	r3, #7
 294 0068 0B93     		str	r3, [sp, #44]
 131:Core/Src/periphs/usart.c **** 
 295              		.loc 1 131 0
 296 006a 07A9     		add	r1, sp, #28
 297 006c 2B48     		ldr	r0, .L27+16
 298              	.LVL9:
 299 006e FFF7FEFF 		bl	HAL_GPIO_Init
 300              	.LVL10:
 301 0072 D7E7     		b	.L19
 302              	.LVL11:
 303              	.L25:
 304              	.LBB4:
 143:Core/Src/periphs/usart.c ****   
 305              		.loc 1 143 0
 306 0074 0021     		movs	r1, #0
 307 0076 0391     		str	r1, [sp, #12]
 308 0078 274B     		ldr	r3, .L27+12
 309 007a 1A6C     		ldr	r2, [r3, #64]
 310 007c 42F40032 		orr	r2, r2, #131072
 311 0080 1A64     		str	r2, [r3, #64]
 312 0082 1A6C     		ldr	r2, [r3, #64]
 313 0084 02F40032 		and	r2, r2, #131072
 314 0088 0392     		str	r2, [sp, #12]
 315 008a 039A     		ldr	r2, [sp, #12]
 316              	.LBE4:
 317              	.LBB5:
 145:Core/Src/periphs/usart.c ****     /**USART2 GPIO Configuration    
 318              		.loc 1 145 0
 319 008c 0491     		str	r1, [sp, #16]
 320 008e 1A6B     		ldr	r2, [r3, #48]
 321 0090 42F00802 		orr	r2, r2, #8
 322 0094 1A63     		str	r2, [r3, #48]
ARM GAS  C:\Users\Prashant\AppData\Local\Temp\ccIdE8Nd.s 			page 10


 323 0096 1B6B     		ldr	r3, [r3, #48]
 324 0098 03F00803 		and	r3, r3, #8
 325 009c 0493     		str	r3, [sp, #16]
 326 009e 049B     		ldr	r3, [sp, #16]
 327              	.LBE5:
 150:Core/Src/periphs/usart.c ****     GPIO_InitStruct.Mode = GPIO_MODE_AF_PP;
 328              		.loc 1 150 0
 329 00a0 6023     		movs	r3, #96
 330 00a2 0793     		str	r3, [sp, #28]
 151:Core/Src/periphs/usart.c ****     GPIO_InitStruct.Pull = GPIO_PULLUP;
 331              		.loc 1 151 0
 332 00a4 0223     		movs	r3, #2
 333 00a6 0893     		str	r3, [sp, #32]
 152:Core/Src/periphs/usart.c ****     GPIO_InitStruct.Speed = GPIO_SPEED_FREQ_VERY_HIGH;
 334              		.loc 1 152 0
 335 00a8 0123     		movs	r3, #1
 336 00aa 0993     		str	r3, [sp, #36]
 153:Core/Src/periphs/usart.c ****     GPIO_InitStruct.Alternate = GPIO_AF7_USART2;
 337              		.loc 1 153 0
 338 00ac 0323     		movs	r3, #3
 339 00ae 0A93     		str	r3, [sp, #40]
 154:Core/Src/periphs/usart.c ****     HAL_GPIO_Init(GPIOD, &GPIO_InitStruct);
 340              		.loc 1 154 0
 341 00b0 0723     		movs	r3, #7
 342 00b2 0B93     		str	r3, [sp, #44]
 155:Core/Src/periphs/usart.c **** 
 343              		.loc 1 155 0
 344 00b4 07A9     		add	r1, sp, #28
 345 00b6 1A48     		ldr	r0, .L27+20
 346              	.LVL12:
 347 00b8 FFF7FEFF 		bl	HAL_GPIO_Init
 348              	.LVL13:
 349 00bc B2E7     		b	.L19
 350              	.LVL14:
 351              	.L26:
 352              	.LBB6:
 167:Core/Src/periphs/usart.c ****   
 353              		.loc 1 167 0
 354 00be 0021     		movs	r1, #0
 355 00c0 0591     		str	r1, [sp, #20]
 356 00c2 154B     		ldr	r3, .L27+12
 357 00c4 1A6C     		ldr	r2, [r3, #64]
 358 00c6 42F48022 		orr	r2, r2, #262144
 359 00ca 1A64     		str	r2, [r3, #64]
 360 00cc 1A6C     		ldr	r2, [r3, #64]
 361 00ce 02F48022 		and	r2, r2, #262144
 362 00d2 0592     		str	r2, [sp, #20]
 363 00d4 059A     		ldr	r2, [sp, #20]
 364              	.LBE6:
 365              	.LBB7:
 169:Core/Src/periphs/usart.c ****     /**USART3 GPIO Configuration    
 366              		.loc 1 169 0
 367 00d6 0691     		str	r1, [sp, #24]
 368 00d8 1A6B     		ldr	r2, [r3, #48]
 369 00da 42F00202 		orr	r2, r2, #2
 370 00de 1A63     		str	r2, [r3, #48]
 371 00e0 1B6B     		ldr	r3, [r3, #48]
ARM GAS  C:\Users\Prashant\AppData\Local\Temp\ccIdE8Nd.s 			page 11


 372 00e2 03F00203 		and	r3, r3, #2
 373 00e6 0693     		str	r3, [sp, #24]
 374 00e8 069B     		ldr	r3, [sp, #24]
 375              	.LBE7:
 174:Core/Src/periphs/usart.c ****     GPIO_InitStruct.Mode = GPIO_MODE_AF_PP;
 376              		.loc 1 174 0
 377 00ea 4FF44063 		mov	r3, #3072
 378 00ee 0793     		str	r3, [sp, #28]
 175:Core/Src/periphs/usart.c ****     GPIO_InitStruct.Pull = GPIO_PULLUP;
 379              		.loc 1 175 0
 380 00f0 0223     		movs	r3, #2
 381 00f2 0893     		str	r3, [sp, #32]
 176:Core/Src/periphs/usart.c ****     GPIO_InitStruct.Speed = GPIO_SPEED_FREQ_VERY_HIGH;
 382              		.loc 1 176 0
 383 00f4 0123     		movs	r3, #1
 384 00f6 0993     		str	r3, [sp, #36]
 177:Core/Src/periphs/usart.c ****     GPIO_InitStruct.Alternate = GPIO_AF7_USART3;
 385              		.loc 1 177 0
 386 00f8 0323     		movs	r3, #3
 387 00fa 0A93     		str	r3, [sp, #40]
 178:Core/Src/periphs/usart.c ****     HAL_GPIO_Init(GPIOB, &GPIO_InitStruct);
 388              		.loc 1 178 0
 389 00fc 0723     		movs	r3, #7
 390 00fe 0B93     		str	r3, [sp, #44]
 179:Core/Src/periphs/usart.c **** 
 391              		.loc 1 179 0
 392 0100 07A9     		add	r1, sp, #28
 393 0102 0648     		ldr	r0, .L27+16
 394              	.LVL15:
 395 0104 FFF7FEFF 		bl	HAL_GPIO_Init
 396              	.LVL16:
 397              		.loc 1 185 0
 398 0108 8CE7     		b	.L19
 399              	.L28:
 400 010a 00BF     		.align	2
 401              	.L27:
 402 010c 00100140 		.word	1073811456
 403 0110 00440040 		.word	1073759232
 404 0114 00480040 		.word	1073760256
 405 0118 00380240 		.word	1073887232
 406 011c 00040240 		.word	1073873920
 407 0120 000C0240 		.word	1073875968
 408              		.cfi_endproc
 409              	.LFE129:
 411              		.section	.text.HAL_UART_MspDeInit,"ax",%progbits
 412              		.align	1
 413              		.global	HAL_UART_MspDeInit
 414              		.syntax unified
 415              		.thumb
 416              		.thumb_func
 417              		.fpu fpv4-sp-d16
 419              	HAL_UART_MspDeInit:
 420              	.LFB130:
 186:Core/Src/periphs/usart.c **** 
 187:Core/Src/periphs/usart.c **** void HAL_UART_MspDeInit(UART_HandleTypeDef* uartHandle)
 188:Core/Src/periphs/usart.c **** {
 421              		.loc 1 188 0
ARM GAS  C:\Users\Prashant\AppData\Local\Temp\ccIdE8Nd.s 			page 12


 422              		.cfi_startproc
 423              		@ args = 0, pretend = 0, frame = 0
 424              		@ frame_needed = 0, uses_anonymous_args = 0
 425              	.LVL17:
 426 0000 08B5     		push	{r3, lr}
 427              	.LCFI7:
 428              		.cfi_def_cfa_offset 8
 429              		.cfi_offset 3, -8
 430              		.cfi_offset 14, -4
 189:Core/Src/periphs/usart.c **** 
 190:Core/Src/periphs/usart.c ****   if(uartHandle->Instance==USART1)
 431              		.loc 1 190 0
 432 0002 0368     		ldr	r3, [r0]
 433 0004 154A     		ldr	r2, .L37
 434 0006 9342     		cmp	r3, r2
 435 0008 06D0     		beq	.L34
 191:Core/Src/periphs/usart.c ****   {
 192:Core/Src/periphs/usart.c ****   /* USER CODE BEGIN USART1_MspDeInit 0 */
 193:Core/Src/periphs/usart.c **** 
 194:Core/Src/periphs/usart.c ****   /* USER CODE END USART1_MspDeInit 0 */
 195:Core/Src/periphs/usart.c ****     /* Peripheral clock disable */
 196:Core/Src/periphs/usart.c ****     __HAL_RCC_USART1_CLK_DISABLE();
 197:Core/Src/periphs/usart.c ****   
 198:Core/Src/periphs/usart.c ****     /**USART1 GPIO Configuration    
 199:Core/Src/periphs/usart.c ****     PB6     ------> USART1_TX
 200:Core/Src/periphs/usart.c ****     PB7     ------> USART1_RX 
 201:Core/Src/periphs/usart.c ****     */
 202:Core/Src/periphs/usart.c ****     HAL_GPIO_DeInit(GPIOB, GPIO_PIN_6|GPIO_PIN_7);
 203:Core/Src/periphs/usart.c **** 
 204:Core/Src/periphs/usart.c ****   /* USER CODE BEGIN USART1_MspDeInit 1 */
 205:Core/Src/periphs/usart.c **** 
 206:Core/Src/periphs/usart.c ****   /* USER CODE END USART1_MspDeInit 1 */
 207:Core/Src/periphs/usart.c ****   }
 208:Core/Src/periphs/usart.c ****   else if(uartHandle->Instance==USART2)
 436              		.loc 1 208 0
 437 000a 154A     		ldr	r2, .L37+4
 438 000c 9342     		cmp	r3, r2
 439 000e 0ED0     		beq	.L35
 209:Core/Src/periphs/usart.c ****   {
 210:Core/Src/periphs/usart.c ****   /* USER CODE BEGIN USART2_MspDeInit 0 */
 211:Core/Src/periphs/usart.c **** 
 212:Core/Src/periphs/usart.c ****   /* USER CODE END USART2_MspDeInit 0 */
 213:Core/Src/periphs/usart.c ****     /* Peripheral clock disable */
 214:Core/Src/periphs/usart.c ****     __HAL_RCC_USART2_CLK_DISABLE();
 215:Core/Src/periphs/usart.c ****   
 216:Core/Src/periphs/usart.c ****     /**USART2 GPIO Configuration    
 217:Core/Src/periphs/usart.c ****     PD5     ------> USART2_TX
 218:Core/Src/periphs/usart.c ****     PD6     ------> USART2_RX 
 219:Core/Src/periphs/usart.c ****     */
 220:Core/Src/periphs/usart.c ****     HAL_GPIO_DeInit(GPIOD, GPIO_PIN_5|GPIO_PIN_6);
 221:Core/Src/periphs/usart.c **** 
 222:Core/Src/periphs/usart.c ****   /* USER CODE BEGIN USART2_MspDeInit 1 */
 223:Core/Src/periphs/usart.c **** 
 224:Core/Src/periphs/usart.c ****   /* USER CODE END USART2_MspDeInit 1 */
 225:Core/Src/periphs/usart.c ****   }
 226:Core/Src/periphs/usart.c ****   else if(uartHandle->Instance==USART3)
 440              		.loc 1 226 0
ARM GAS  C:\Users\Prashant\AppData\Local\Temp\ccIdE8Nd.s 			page 13


 441 0010 144A     		ldr	r2, .L37+8
 442 0012 9342     		cmp	r3, r2
 443 0014 16D0     		beq	.L36
 444              	.LVL18:
 445              	.L29:
 227:Core/Src/periphs/usart.c ****   {
 228:Core/Src/periphs/usart.c ****   /* USER CODE BEGIN USART3_MspDeInit 0 */
 229:Core/Src/periphs/usart.c **** 
 230:Core/Src/periphs/usart.c ****   /* USER CODE END USART3_MspDeInit 0 */
 231:Core/Src/periphs/usart.c ****     /* Peripheral clock disable */
 232:Core/Src/periphs/usart.c ****     __HAL_RCC_USART3_CLK_DISABLE();
 233:Core/Src/periphs/usart.c ****   
 234:Core/Src/periphs/usart.c ****     /**USART3 GPIO Configuration    
 235:Core/Src/periphs/usart.c ****     PB10     ------> USART3_TX
 236:Core/Src/periphs/usart.c ****     PB11     ------> USART3_RX 
 237:Core/Src/periphs/usart.c ****     */
 238:Core/Src/periphs/usart.c ****     HAL_GPIO_DeInit(GPIOB, GPIO_PIN_10|GPIO_PIN_11);
 239:Core/Src/periphs/usart.c **** 
 240:Core/Src/periphs/usart.c ****   /* USER CODE BEGIN USART3_MspDeInit 1 */
 241:Core/Src/periphs/usart.c **** 
 242:Core/Src/periphs/usart.c ****   /* USER CODE END USART3_MspDeInit 1 */
 243:Core/Src/periphs/usart.c ****   }
 244:Core/Src/periphs/usart.c **** } 
 446              		.loc 1 244 0
 447 0016 08BD     		pop	{r3, pc}
 448              	.LVL19:
 449              	.L34:
 196:Core/Src/periphs/usart.c ****   
 450              		.loc 1 196 0
 451 0018 02F59432 		add	r2, r2, #75776
 452 001c 536C     		ldr	r3, [r2, #68]
 453 001e 23F01003 		bic	r3, r3, #16
 454 0022 5364     		str	r3, [r2, #68]
 202:Core/Src/periphs/usart.c **** 
 455              		.loc 1 202 0
 456 0024 C021     		movs	r1, #192
 457 0026 1048     		ldr	r0, .L37+12
 458              	.LVL20:
 459 0028 FFF7FEFF 		bl	HAL_GPIO_DeInit
 460              	.LVL21:
 461 002c F3E7     		b	.L29
 462              	.LVL22:
 463              	.L35:
 214:Core/Src/periphs/usart.c ****   
 464              		.loc 1 214 0
 465 002e 02F5FA32 		add	r2, r2, #128000
 466 0032 136C     		ldr	r3, [r2, #64]
 467 0034 23F40033 		bic	r3, r3, #131072
 468 0038 1364     		str	r3, [r2, #64]
 220:Core/Src/periphs/usart.c **** 
 469              		.loc 1 220 0
 470 003a 6021     		movs	r1, #96
 471 003c 0B48     		ldr	r0, .L37+16
 472              	.LVL23:
 473 003e FFF7FEFF 		bl	HAL_GPIO_DeInit
 474              	.LVL24:
 475 0042 E8E7     		b	.L29
ARM GAS  C:\Users\Prashant\AppData\Local\Temp\ccIdE8Nd.s 			page 14


 476              	.LVL25:
 477              	.L36:
 232:Core/Src/periphs/usart.c ****   
 478              		.loc 1 232 0
 479 0044 02F5F832 		add	r2, r2, #126976
 480 0048 136C     		ldr	r3, [r2, #64]
 481 004a 23F48023 		bic	r3, r3, #262144
 482 004e 1364     		str	r3, [r2, #64]
 238:Core/Src/periphs/usart.c **** 
 483              		.loc 1 238 0
 484 0050 4FF44061 		mov	r1, #3072
 485 0054 0448     		ldr	r0, .L37+12
 486              	.LVL26:
 487 0056 FFF7FEFF 		bl	HAL_GPIO_DeInit
 488              	.LVL27:
 489              		.loc 1 244 0
 490 005a DCE7     		b	.L29
 491              	.L38:
 492              		.align	2
 493              	.L37:
 494 005c 00100140 		.word	1073811456
 495 0060 00440040 		.word	1073759232
 496 0064 00480040 		.word	1073760256
 497 0068 00040240 		.word	1073873920
 498 006c 000C0240 		.word	1073875968
 499              		.cfi_endproc
 500              	.LFE130:
 502              		.comm	huart3,64,4
 503              		.comm	huart2,64,4
 504              		.comm	huart1,64,4
 505              		.text
 506              	.Letext0:
 507              		.file 2 "c:\\program files (x86)\\gnu tools arm embedded\\7 2017-q4-major\\arm-none-eabi\\include\
 508              		.file 3 "c:\\program files (x86)\\gnu tools arm embedded\\7 2017-q4-major\\arm-none-eabi\\include\
 509              		.file 4 "Drivers/CMSIS/Include/core_cm4.h"
 510              		.file 5 "Drivers/CMSIS/Device/ST/STM32F4xx/Include/system_stm32f4xx.h"
 511              		.file 6 "Drivers/CMSIS/Device/ST/STM32F4xx/Include/stm32f407xx.h"
 512              		.file 7 "c:\\program files (x86)\\gnu tools arm embedded\\7 2017-q4-major\\arm-none-eabi\\include\
 513              		.file 8 "c:\\program files (x86)\\gnu tools arm embedded\\7 2017-q4-major\\arm-none-eabi\\include\
 514              		.file 9 "c:\\program files (x86)\\gnu tools arm embedded\\7 2017-q4-major\\lib\\gcc\\arm-none-eabi
 515              		.file 10 "c:\\program files (x86)\\gnu tools arm embedded\\7 2017-q4-major\\arm-none-eabi\\include
 516              		.file 11 "Drivers/STM32F4xx_HAL_Driver/Inc/stm32f4xx_hal_def.h"
 517              		.file 12 "Drivers/STM32F4xx_HAL_Driver/Inc/stm32f4xx_hal_gpio.h"
 518              		.file 13 "Drivers/STM32F4xx_HAL_Driver/Inc/stm32f4xx_hal_dma.h"
 519              		.file 14 "Drivers/STM32F4xx_HAL_Driver/Inc/stm32f4xx_hal_uart.h"
 520              		.file 15 "Core/Inc/periphs/usart.h"
 521              		.file 16 "Core/Inc/main.h"
ARM GAS  C:\Users\Prashant\AppData\Local\Temp\ccIdE8Nd.s 			page 15


DEFINED SYMBOLS
                            *ABS*:00000000 usart.c
C:\Users\Prashant\AppData\Local\Temp\ccIdE8Nd.s:18     .text.MX_USART1_UART_Init:00000000 $t
C:\Users\Prashant\AppData\Local\Temp\ccIdE8Nd.s:25     .text.MX_USART1_UART_Init:00000000 MX_USART1_UART_Init
C:\Users\Prashant\AppData\Local\Temp\ccIdE8Nd.s:74     .text.MX_USART1_UART_Init:0000002c $d
                            *COM*:00000040 huart1
C:\Users\Prashant\AppData\Local\Temp\ccIdE8Nd.s:80     .text.MX_USART2_UART_Init:00000000 $t
C:\Users\Prashant\AppData\Local\Temp\ccIdE8Nd.s:87     .text.MX_USART2_UART_Init:00000000 MX_USART2_UART_Init
C:\Users\Prashant\AppData\Local\Temp\ccIdE8Nd.s:135    .text.MX_USART2_UART_Init:0000002c $d
                            *COM*:00000040 huart2
C:\Users\Prashant\AppData\Local\Temp\ccIdE8Nd.s:141    .text.MX_USART3_UART_Init:00000000 $t
C:\Users\Prashant\AppData\Local\Temp\ccIdE8Nd.s:148    .text.MX_USART3_UART_Init:00000000 MX_USART3_UART_Init
C:\Users\Prashant\AppData\Local\Temp\ccIdE8Nd.s:196    .text.MX_USART3_UART_Init:0000002c $d
                            *COM*:00000040 huart3
C:\Users\Prashant\AppData\Local\Temp\ccIdE8Nd.s:202    .text.HAL_UART_MspInit:00000000 $t
C:\Users\Prashant\AppData\Local\Temp\ccIdE8Nd.s:209    .text.HAL_UART_MspInit:00000000 HAL_UART_MspInit
C:\Users\Prashant\AppData\Local\Temp\ccIdE8Nd.s:402    .text.HAL_UART_MspInit:0000010c $d
C:\Users\Prashant\AppData\Local\Temp\ccIdE8Nd.s:412    .text.HAL_UART_MspDeInit:00000000 $t
C:\Users\Prashant\AppData\Local\Temp\ccIdE8Nd.s:419    .text.HAL_UART_MspDeInit:00000000 HAL_UART_MspDeInit
C:\Users\Prashant\AppData\Local\Temp\ccIdE8Nd.s:494    .text.HAL_UART_MspDeInit:0000005c $d

UNDEFINED SYMBOLS
HAL_UART_Init
Error_Handler
HAL_GPIO_Init
HAL_GPIO_DeInit
